2023-12-29 02:36:53.097 INFO: MACE version: 0.2.0
2023-12-29 02:36:53.097 INFO: Configuration: Namespace(name='ox_gs_rattled_50x6b', seed=2345, log_dir='logs', model_dir='.', checkpoints_dir='checkpoints', results_dir='results', downloads_dir='downloads', device='cuda', default_dtype='float64', log_level='INFO', error_table='EnergyDipoleRMSE', model='EnergyDipolesMACE', r_max=5.0, num_radial_basis=8, num_cutoff_basis=5, interaction='RealAgnosticResidualInteractionBlock', interaction_first='RealAgnosticResidualInteractionBlock', max_ell=3, correlation=3, num_interactions=2, MLP_irreps='16x0e', radial_MLP='[64, 64, 64]', hidden_irreps='32x0e + 32x1o + 32x2e', num_channels=None, max_L=None, gate='silu', scaling='rms_forces_scaling', avg_num_neighbors=1.0, compute_avg_num_neighbors=True, compute_stress=True, compute_forces=True, train_file='ox_gs_rattled_50x6b_train.xyz', valid_file=None, valid_fraction=0.05, test_file='ox_gs_rattled_50x6b_train.xyz', E0s='{6: -1034.7672562939947, 1: -13.74018495096079, 8: -2057.26969300199}', energy_key='energy', forces_key='forces', virials_key='virials', stress_key='stress', dipole_key='dipole', charges_key='charges', loss='energy_forces_dipole', forces_weight=100.0, swa_forces_weight=100.0, energy_weight=1.0, swa_energy_weight=1000.0, virials_weight=1.0, swa_virials_weight=10.0, stress_weight=1.0, swa_stress_weight=10.0, dipole_weight=1.0, swa_dipole_weight=1.0, config_type_weights='{"Default":1.0}', huber_delta=0.01, optimizer='adam', batch_size=16, valid_batch_size=16, lr=0.01, swa_lr=0.001, weight_decay=5e-07, amsgrad=True, scheduler='ReduceLROnPlateau', lr_factor=0.8, scheduler_patience=50, lr_scheduler_gamma=0.9993, swa=True, start_swa=800, ema=False, ema_decay=0.99, max_num_epochs=1000, patience=2048, eval_interval=2, keep_checkpoints=False, restart_latest=True, save_cpu=False, clip_grad=10.0, wandb=False, wandb_project='', wandb_entity='', wandb_name='', wandb_log_hypers=['num_channels', 'max_L', 'correlation', 'lr', 'swa_lr', 'weight_decay', 'batch_size', 'max_num_epochs', 'start_swa', 'energy_weight', 'forces_weight'])
2023-12-29 02:36:53.137 INFO: CUDA version: 11.7, CUDA device: 0
2023-12-29 02:36:53.172 INFO: Loaded 100 training configurations from 'ox_gs_rattled_50x6b_train.xyz'
2023-12-29 02:36:53.172 INFO: Using random 5.0% of training set for validation
2023-12-29 02:36:53.197 INFO: Loaded 100 test configurations from 'ox_gs_rattled_50x6b_train.xyz'
2023-12-29 02:36:53.197 INFO: Total number of configurations: train=95, valid=5, tests=[Default: 100]
2023-12-29 02:36:53.197 INFO: AtomicNumberTable: (1, 6, 8)
2023-12-29 02:36:53.197 INFO: Atomic Energies not in training file, using command line argument E0s
2023-12-29 02:36:53.198 INFO: Atomic energies: [-13.74018495096079, -1034.7672562939947, -2057.26969300199]
2023-12-29 02:36:53.269 INFO: WeightedEnergyForcesDipoleLoss(energy_weight=1.000, forces_weight=100.000, dipole_weight=1.000)
2023-12-29 02:36:53.277 INFO: Average number of neighbors: 6.0
2023-12-29 02:36:53.277 INFO: Selected the following outputs: {'energy': True, 'forces': True, 'virials': False, 'stress': False, 'dipoles': True}
2023-12-29 02:36:53.277 INFO: Building model
2023-12-29 02:36:53.278 INFO: Hidden irreps: 32x0e + 32x1o + 32x2e
2023-12-29 02:36:54.690 INFO: Using stochastic weight averaging (after 800 epochs) with energy weight : 1000.0, forces weight : 100.0, dipole weight : 1.0 and learning rate : 0.001
2023-12-29 02:36:54.752 WARNING: Cannot find checkpoint with tag 'ox_gs_rattled_50x6b_run-2345' in 'checkpoints'
2023-12-29 02:36:54.752 INFO: EnergyDipolesMACE(
  (node_embedding): LinearNodeEmbeddingBlock(
    (linear): Linear(3x0e -> 32x0e | 96 weights)
  )
  (radial_embedding): RadialEmbeddingBlock(
    (bessel_fn): BesselBasis(r_max=5.0, num_basis=8, trainable=False)
    (cutoff_fn): PolynomialCutoff(p=5.0, r_max=5.0)
  )
  (spherical_harmonics): SphericalHarmonics()
  (atomic_energies_fn): AtomicEnergiesBlock(energies=[-13.7402, -1034.7673, -2057.2697])
  (interactions): ModuleList(
    (0): RealAgnosticInteractionBlock(
      (linear_up): Linear(32x0e -> 32x0e | 1024 weights)
      (conv_tp): TensorProduct(32x0e x 1x0e+1x1o+1x2e+1x3o -> 32x0e+32x1o+32x2e+32x3o | 128 paths | 128 weights)
      (conv_tp_weights): FullyConnectedNet[8, 64, 64, 64, 128]
      (linear): Linear(32x0e+32x1o+32x2e+32x3o -> 32x0e+32x1o+32x2e+32x3o | 4096 weights)
      (skip_tp): FullyConnectedTensorProduct(32x0e+32x1o+32x2e+32x3o x 3x0e -> 32x0e+32x1o+32x2e+32x3o | 12288 paths | 12288 weights)
      (reshape): reshape_irreps()
    )
    (1): RealAgnosticResidualInteractionBlock(
      (linear_up): Linear(32x0e+32x1o+32x2e -> 32x0e+32x1o+32x2e | 3072 weights)
      (conv_tp): TensorProduct(32x0e+32x1o+32x2e x 1x0e+1x1o+1x2e+1x3o -> 96x0e+160x1o+160x2e+128x3o | 544 paths | 544 weights)
      (conv_tp_weights): FullyConnectedNet[8, 64, 64, 64, 544]
      (linear): Linear(96x0e+160x1o+160x2e+128x3o -> 32x0e+32x1o+32x2e+32x3o | 17408 weights)
      (skip_tp): FullyConnectedTensorProduct(32x0e+32x1o+32x2e x 3x0e -> 32x0e+32x1o | 6144 paths | 6144 weights)
      (reshape): reshape_irreps()
    )
  )
  (products): ModuleList(
    (0): EquivariantProductBasisBlock(
      (symmetric_contractions): SymmetricContraction(
        (contractions): ModuleList(
          (0): Contraction(
            (contractions_weighting): ModuleList(
              (0-1): 2 x GraphModule()
            )
            (contractions_features): ModuleList(
              (0-1): 2 x GraphModule()
            )
            (weights): ParameterList(
                (0): Parameter containing: [torch.float64 of size 3x4x32 (GPU 0)]
                (1): Parameter containing: [torch.float64 of size 3x1x32 (GPU 0)]
            )
            (graph_opt_main): GraphModule()
          )
          (1): Contraction(
            (contractions_weighting): ModuleList(
              (0-1): 2 x GraphModule()
            )
            (contractions_features): ModuleList(
              (0-1): 2 x GraphModule()
            )
            (weights): ParameterList(
                (0): Parameter containing: [torch.float64 of size 3x6x32 (GPU 0)]
                (1): Parameter containing: [torch.float64 of size 3x1x32 (GPU 0)]
            )
            (graph_opt_main): GraphModule()
          )
          (2): Contraction(
            (contractions_weighting): ModuleList(
              (0-1): 2 x GraphModule()
            )
            (contractions_features): ModuleList(
              (0-1): 2 x GraphModule()
            )
            (weights): ParameterList(
                (0): Parameter containing: [torch.float64 of size 3x7x32 (GPU 0)]
                (1): Parameter containing: [torch.float64 of size 3x1x32 (GPU 0)]
            )
            (graph_opt_main): GraphModule()
          )
        )
      )
      (linear): Linear(32x0e+32x1o+32x2e -> 32x0e+32x1o+32x2e | 3072 weights)
    )
    (1): EquivariantProductBasisBlock(
      (symmetric_contractions): SymmetricContraction(
        (contractions): ModuleList(
          (0): Contraction(
            (contractions_weighting): ModuleList(
              (0-1): 2 x GraphModule()
            )
            (contractions_features): ModuleList(
              (0-1): 2 x GraphModule()
            )
            (weights): ParameterList(
                (0): Parameter containing: [torch.float64 of size 3x4x32 (GPU 0)]
                (1): Parameter containing: [torch.float64 of size 3x1x32 (GPU 0)]
            )
            (graph_opt_main): GraphModule()
          )
          (1): Contraction(
            (contractions_weighting): ModuleList(
              (0-1): 2 x GraphModule()
            )
            (contractions_features): ModuleList(
              (0-1): 2 x GraphModule()
            )
            (weights): ParameterList(
                (0): Parameter containing: [torch.float64 of size 3x6x32 (GPU 0)]
                (1): Parameter containing: [torch.float64 of size 3x1x32 (GPU 0)]
            )
            (graph_opt_main): GraphModule()
          )
        )
      )
      (linear): Linear(32x0e+32x1o -> 32x0e+32x1o | 2048 weights)
    )
  )
  (readouts): ModuleList(
    (0): LinearDipoleReadoutBlock(
      (linear): Linear(32x0e+32x1o+32x2e -> 1x0e+1x1o | 64 weights)
    )
    (1): NonLinearDipoleReadoutBlock(
      (equivariant_nonlin): Gate (16x0e -> 16x0e)
      (linear_1): Linear(32x0e+32x1o -> 16x0e | 512 weights)
      (linear_2): Linear(16x0e -> 1x0e+1x1o | 16 weights)
    )
  )
)
2023-12-29 02:36:54.753 INFO: Number of parameters: 133776
2023-12-29 02:36:54.754 INFO: Optimizer: Adam (
Parameter Group 0
    amsgrad: True
    betas: (0.9, 0.999)
    capturable: False
    differentiable: False
    eps: 1e-08
    foreach: None
    fused: None
    initial_lr: 0.01
    lr: 0.01
    maximize: False
    name: embedding
    swa_lr: 0.001
    weight_decay: 0.0

Parameter Group 1
    amsgrad: True
    betas: (0.9, 0.999)
    capturable: False
    differentiable: False
    eps: 1e-08
    foreach: None
    fused: None
    initial_lr: 0.01
    lr: 0.01
    maximize: False
    name: interactions_decay
    swa_lr: 0.001
    weight_decay: 5e-07

Parameter Group 2
    amsgrad: True
    betas: (0.9, 0.999)
    capturable: False
    differentiable: False
    eps: 1e-08
    foreach: None
    fused: None
    initial_lr: 0.01
    lr: 0.01
    maximize: False
    name: interactions_no_decay
    swa_lr: 0.001
    weight_decay: 0.0

Parameter Group 3
    amsgrad: True
    betas: (0.9, 0.999)
    capturable: False
    differentiable: False
    eps: 1e-08
    foreach: None
    fused: None
    initial_lr: 0.01
    lr: 0.01
    maximize: False
    name: products
    swa_lr: 0.001
    weight_decay: 5e-07

Parameter Group 4
    amsgrad: True
    betas: (0.9, 0.999)
    capturable: False
    differentiable: False
    eps: 1e-08
    foreach: None
    fused: None
    initial_lr: 0.01
    lr: 0.01
    maximize: False
    name: readouts
    swa_lr: 0.001
    weight_decay: 0.0
)
2023-12-29 02:36:54.754 INFO: Using gradient clipping with tolerance=10.000
2023-12-29 02:36:54.754 INFO: Started training
2023-12-29 02:37:02.599 INFO: Epoch 0: loss=279.5220, RMSE_E_per_atom=510.8 meV, RMSE_F=1670.8 meV / A, RMSE_Mu_per_atom=31.29 mDebye
2023-12-29 02:37:04.866 INFO: Epoch 2: loss=179.6828, RMSE_E_per_atom=1448.9 meV, RMSE_F=1332.2 meV / A, RMSE_Mu_per_atom=32.91 mDebye
2023-12-29 02:37:06.053 INFO: Epoch 4: loss=80.4117, RMSE_E_per_atom=1440.2 meV, RMSE_F=884.6 meV / A, RMSE_Mu_per_atom=28.20 mDebye
2023-12-29 02:37:07.239 INFO: Epoch 6: loss=50.2617, RMSE_E_per_atom=1370.3 meV, RMSE_F=695.0 meV / A, RMSE_Mu_per_atom=27.46 mDebye
2023-12-29 02:37:08.426 INFO: Epoch 8: loss=29.0969, RMSE_E_per_atom=1340.1 meV, RMSE_F=522.0 meV / A, RMSE_Mu_per_atom=22.28 mDebye
2023-12-29 02:37:09.613 INFO: Epoch 10: loss=20.7850, RMSE_E_per_atom=1355.1 meV, RMSE_F=434.7 meV / A, RMSE_Mu_per_atom=21.95 mDebye
2023-12-29 02:37:10.797 INFO: Epoch 12: loss=11.7463, RMSE_E_per_atom=1205.4 meV, RMSE_F=320.2 meV / A, RMSE_Mu_per_atom=19.71 mDebye
2023-12-29 02:37:11.984 INFO: Epoch 14: loss=11.9099, RMSE_E_per_atom=1216.3 meV, RMSE_F=322.5 meV / A, RMSE_Mu_per_atom=17.60 mDebye
2023-12-29 02:37:12.906 INFO: Epoch 16: loss=11.1273, RMSE_E_per_atom=1156.1 meV, RMSE_F=312.5 meV / A, RMSE_Mu_per_atom=16.03 mDebye
2023-12-29 02:37:14.093 INFO: Epoch 18: loss=9.4315, RMSE_E_per_atom=1136.9 meV, RMSE_F=284.9 meV / A, RMSE_Mu_per_atom=14.53 mDebye
2023-12-29 02:37:15.280 INFO: Epoch 20: loss=12.5331, RMSE_E_per_atom=1098.7 meV, RMSE_F=336.3 meV / A, RMSE_Mu_per_atom=13.16 mDebye
2023-12-29 02:37:16.204 INFO: Epoch 22: loss=10.1274, RMSE_E_per_atom=1031.4 meV, RMSE_F=300.8 meV / A, RMSE_Mu_per_atom=12.17 mDebye
2023-12-29 02:37:17.132 INFO: Epoch 24: loss=6.9310, RMSE_E_per_atom=972.7 meV, RMSE_F=244.4 meV / A, RMSE_Mu_per_atom=10.38 mDebye
2023-12-29 02:37:18.319 INFO: Epoch 26: loss=6.6832, RMSE_E_per_atom=931.7 meV, RMSE_F=240.9 meV / A, RMSE_Mu_per_atom=10.35 mDebye
2023-12-29 02:37:19.507 INFO: Epoch 28: loss=7.0525, RMSE_E_per_atom=859.2 meV, RMSE_F=251.1 meV / A, RMSE_Mu_per_atom=9.20 mDebye
2023-12-29 02:37:20.428 INFO: Epoch 30: loss=6.5760, RMSE_E_per_atom=799.8 meV, RMSE_F=243.5 meV / A, RMSE_Mu_per_atom=8.08 mDebye
2023-12-29 02:37:21.616 INFO: Epoch 32: loss=3.8004, RMSE_E_per_atom=769.3 meV, RMSE_F=179.0 meV / A, RMSE_Mu_per_atom=7.06 mDebye
2023-12-29 02:37:22.803 INFO: Epoch 34: loss=6.5327, RMSE_E_per_atom=684.3 meV, RMSE_F=246.1 meV / A, RMSE_Mu_per_atom=8.19 mDebye
2023-12-29 02:37:23.728 INFO: Epoch 36: loss=4.8386, RMSE_E_per_atom=653.6 meV, RMSE_F=209.9 meV / A, RMSE_Mu_per_atom=7.02 mDebye
2023-12-29 02:37:24.651 INFO: Epoch 38: loss=5.1069, RMSE_E_per_atom=636.7 meV, RMSE_F=216.7 meV / A, RMSE_Mu_per_atom=7.76 mDebye
2023-12-29 02:37:25.576 INFO: Epoch 40: loss=4.1844, RMSE_E_per_atom=591.7 meV, RMSE_F=195.7 meV / A, RMSE_Mu_per_atom=7.26 mDebye
2023-12-29 02:37:26.498 INFO: Epoch 42: loss=4.4418, RMSE_E_per_atom=531.0 meV, RMSE_F=203.8 meV / A, RMSE_Mu_per_atom=6.84 mDebye
2023-12-29 02:37:27.419 INFO: Epoch 44: loss=5.0531, RMSE_E_per_atom=502.9 meV, RMSE_F=219.0 meV / A, RMSE_Mu_per_atom=6.92 mDebye
2023-12-29 02:37:28.342 INFO: Epoch 46: loss=4.2567, RMSE_E_per_atom=473.2 meV, RMSE_F=200.7 meV / A, RMSE_Mu_per_atom=7.46 mDebye
2023-12-29 02:37:29.269 INFO: Epoch 48: loss=3.6234, RMSE_E_per_atom=439.6 meV, RMSE_F=185.1 meV / A, RMSE_Mu_per_atom=7.29 mDebye
2023-12-29 02:37:30.461 INFO: Epoch 50: loss=5.0554, RMSE_E_per_atom=418.3 meV, RMSE_F=220.8 meV / A, RMSE_Mu_per_atom=7.72 mDebye
2023-12-29 02:37:31.386 INFO: Epoch 52: loss=4.3952, RMSE_E_per_atom=417.7 meV, RMSE_F=205.4 meV / A, RMSE_Mu_per_atom=5.54 mDebye
2023-12-29 02:37:32.311 INFO: Epoch 54: loss=5.7554, RMSE_E_per_atom=355.8 meV, RMSE_F=237.2 meV / A, RMSE_Mu_per_atom=4.75 mDebye
2023-12-29 02:37:33.235 INFO: Epoch 56: loss=5.5301, RMSE_E_per_atom=390.7 meV, RMSE_F=231.8 meV / A, RMSE_Mu_per_atom=6.40 mDebye
2023-12-29 02:37:34.160 INFO: Epoch 58: loss=2.8981, RMSE_E_per_atom=355.5 meV, RMSE_F=166.3 meV / A, RMSE_Mu_per_atom=8.52 mDebye
2023-12-29 02:37:35.351 INFO: Epoch 60: loss=3.8692, RMSE_E_per_atom=335.6 meV, RMSE_F=193.7 meV / A, RMSE_Mu_per_atom=5.91 mDebye
2023-12-29 02:37:36.276 INFO: Epoch 62: loss=3.7886, RMSE_E_per_atom=287.6 meV, RMSE_F=192.4 meV / A, RMSE_Mu_per_atom=6.12 mDebye
2023-12-29 02:37:37.199 INFO: Epoch 64: loss=3.0618, RMSE_E_per_atom=291.2 meV, RMSE_F=172.4 meV / A, RMSE_Mu_per_atom=5.67 mDebye
2023-12-29 02:37:38.126 INFO: Epoch 66: loss=3.9500, RMSE_E_per_atom=287.5 meV, RMSE_F=196.5 meV / A, RMSE_Mu_per_atom=6.88 mDebye
2023-12-29 02:37:39.051 INFO: Epoch 68: loss=4.1103, RMSE_E_per_atom=268.4 meV, RMSE_F=200.8 meV / A, RMSE_Mu_per_atom=7.11 mDebye
2023-12-29 02:37:39.977 INFO: Epoch 70: loss=3.0709, RMSE_E_per_atom=247.9 meV, RMSE_F=173.4 meV / A, RMSE_Mu_per_atom=4.14 mDebye
2023-12-29 02:37:40.900 INFO: Epoch 72: loss=4.2927, RMSE_E_per_atom=265.9 meV, RMSE_F=205.4 meV / A, RMSE_Mu_per_atom=6.78 mDebye
2023-12-29 02:37:41.823 INFO: Epoch 74: loss=3.5745, RMSE_E_per_atom=216.5 meV, RMSE_F=187.7 meV / A, RMSE_Mu_per_atom=6.20 mDebye
2023-12-29 02:37:42.756 INFO: Epoch 76: loss=4.6346, RMSE_E_per_atom=266.6 meV, RMSE_F=213.5 meV / A, RMSE_Mu_per_atom=7.25 mDebye
2023-12-29 02:37:43.683 INFO: Epoch 78: loss=3.8816, RMSE_E_per_atom=253.6 meV, RMSE_F=195.3 meV / A, RMSE_Mu_per_atom=6.69 mDebye
2023-12-29 02:37:44.604 INFO: Epoch 80: loss=4.3009, RMSE_E_per_atom=246.8 meV, RMSE_F=205.8 meV / A, RMSE_Mu_per_atom=5.19 mDebye
2023-12-29 02:37:45.531 INFO: Epoch 82: loss=3.7989, RMSE_E_per_atom=241.9 meV, RMSE_F=193.3 meV / A, RMSE_Mu_per_atom=6.69 mDebye
2023-12-29 02:37:46.457 INFO: Epoch 84: loss=4.4522, RMSE_E_per_atom=240.3 meV, RMSE_F=209.5 meV / A, RMSE_Mu_per_atom=5.80 mDebye
2023-12-29 02:37:47.382 INFO: Epoch 86: loss=4.0617, RMSE_E_per_atom=211.5 meV, RMSE_F=200.4 meV / A, RMSE_Mu_per_atom=5.06 mDebye
2023-12-29 02:37:48.305 INFO: Epoch 88: loss=3.9234, RMSE_E_per_atom=202.4 meV, RMSE_F=197.0 meV / A, RMSE_Mu_per_atom=5.15 mDebye
2023-12-29 02:37:49.231 INFO: Epoch 90: loss=5.6609, RMSE_E_per_atom=226.0 meV, RMSE_F=236.8 meV / A, RMSE_Mu_per_atom=4.23 mDebye
2023-12-29 02:37:50.156 INFO: Epoch 92: loss=4.2734, RMSE_E_per_atom=213.4 meV, RMSE_F=205.5 meV / A, RMSE_Mu_per_atom=7.65 mDebye
2023-12-29 02:37:51.082 INFO: Epoch 94: loss=3.6431, RMSE_E_per_atom=236.9 meV, RMSE_F=189.3 meV / A, RMSE_Mu_per_atom=6.19 mDebye
2023-12-29 02:37:52.011 INFO: Epoch 96: loss=4.4333, RMSE_E_per_atom=233.0 meV, RMSE_F=209.2 meV / A, RMSE_Mu_per_atom=4.30 mDebye
2023-12-29 02:37:52.938 INFO: Epoch 98: loss=4.1242, RMSE_E_per_atom=231.4 meV, RMSE_F=201.6 meV / A, RMSE_Mu_per_atom=7.82 mDebye
2023-12-29 02:37:53.867 INFO: Epoch 100: loss=2.8254, RMSE_E_per_atom=227.8 meV, RMSE_F=166.4 meV / A, RMSE_Mu_per_atom=6.19 mDebye
2023-12-29 02:37:55.059 INFO: Epoch 102: loss=3.8757, RMSE_E_per_atom=208.4 meV, RMSE_F=195.7 meV / A, RMSE_Mu_per_atom=4.87 mDebye
2023-12-29 02:37:55.985 INFO: Epoch 104: loss=3.8543, RMSE_E_per_atom=196.8 meV, RMSE_F=195.2 meV / A, RMSE_Mu_per_atom=6.76 mDebye
2023-12-29 02:37:56.915 INFO: Epoch 106: loss=4.0151, RMSE_E_per_atom=164.6 meV, RMSE_F=199.6 meV / A, RMSE_Mu_per_atom=4.62 mDebye
2023-12-29 02:37:57.847 INFO: Epoch 108: loss=3.0770, RMSE_E_per_atom=144.8 meV, RMSE_F=174.7 meV / A, RMSE_Mu_per_atom=6.64 mDebye
2023-12-29 02:37:58.775 INFO: Epoch 110: loss=4.3921, RMSE_E_per_atom=159.8 meV, RMSE_F=208.9 meV / A, RMSE_Mu_per_atom=6.36 mDebye
2023-12-29 02:37:59.703 INFO: Epoch 112: loss=3.3809, RMSE_E_per_atom=137.8 meV, RMSE_F=183.3 meV / A, RMSE_Mu_per_atom=5.26 mDebye
2023-12-29 02:38:00.632 INFO: Epoch 114: loss=3.9370, RMSE_E_per_atom=157.1 meV, RMSE_F=197.7 meV / A, RMSE_Mu_per_atom=5.02 mDebye
2023-12-29 02:38:01.564 INFO: Epoch 116: loss=2.6970, RMSE_E_per_atom=150.6 meV, RMSE_F=163.4 meV / A, RMSE_Mu_per_atom=6.30 mDebye
2023-12-29 02:38:02.761 INFO: Epoch 118: loss=2.6795, RMSE_E_per_atom=148.5 meV, RMSE_F=162.9 meV / A, RMSE_Mu_per_atom=4.89 mDebye
2023-12-29 02:38:03.957 INFO: Epoch 120: loss=3.4903, RMSE_E_per_atom=164.3 meV, RMSE_F=186.0 meV / A, RMSE_Mu_per_atom=4.87 mDebye
2023-12-29 02:38:04.889 INFO: Epoch 122: loss=3.2332, RMSE_E_per_atom=129.9 meV, RMSE_F=179.3 meV / A, RMSE_Mu_per_atom=4.69 mDebye
2023-12-29 02:38:05.820 INFO: Epoch 124: loss=2.9954, RMSE_E_per_atom=149.9 meV, RMSE_F=172.3 meV / A, RMSE_Mu_per_atom=7.21 mDebye
2023-12-29 02:38:06.749 INFO: Epoch 126: loss=3.1122, RMSE_E_per_atom=150.7 meV, RMSE_F=175.6 meV / A, RMSE_Mu_per_atom=6.67 mDebye
2023-12-29 02:38:07.678 INFO: Epoch 128: loss=3.4429, RMSE_E_per_atom=171.2 meV, RMSE_F=184.7 meV / A, RMSE_Mu_per_atom=5.20 mDebye
2023-12-29 02:38:08.611 INFO: Epoch 130: loss=4.3081, RMSE_E_per_atom=153.8 meV, RMSE_F=206.9 meV / A, RMSE_Mu_per_atom=5.09 mDebye
2023-12-29 02:38:09.542 INFO: Epoch 132: loss=3.6493, RMSE_E_per_atom=176.0 meV, RMSE_F=190.1 meV / A, RMSE_Mu_per_atom=7.12 mDebye
2023-12-29 02:38:10.473 INFO: Epoch 134: loss=2.6063, RMSE_E_per_atom=193.9 meV, RMSE_F=160.1 meV / A, RMSE_Mu_per_atom=7.20 mDebye
2023-12-29 02:38:11.668 INFO: Epoch 136: loss=3.4921, RMSE_E_per_atom=180.3 meV, RMSE_F=185.9 meV / A, RMSE_Mu_per_atom=5.60 mDebye
2023-12-29 02:38:12.597 INFO: Epoch 138: loss=2.8852, RMSE_E_per_atom=144.5 meV, RMSE_F=169.2 meV / A, RMSE_Mu_per_atom=4.50 mDebye
2023-12-29 02:38:13.529 INFO: Epoch 140: loss=2.5314, RMSE_E_per_atom=117.5 meV, RMSE_F=158.6 meV / A, RMSE_Mu_per_atom=5.56 mDebye
2023-12-29 02:38:14.722 INFO: Epoch 142: loss=3.5840, RMSE_E_per_atom=97.1 meV, RMSE_F=189.0 meV / A, RMSE_Mu_per_atom=6.25 mDebye
2023-12-29 02:38:15.651 INFO: Epoch 144: loss=3.9860, RMSE_E_per_atom=110.7 meV, RMSE_F=199.3 meV / A, RMSE_Mu_per_atom=4.93 mDebye
2023-12-29 02:38:16.582 INFO: Epoch 146: loss=3.1952, RMSE_E_per_atom=131.0 meV, RMSE_F=178.2 meV / A, RMSE_Mu_per_atom=5.28 mDebye
2023-12-29 02:38:17.513 INFO: Epoch 148: loss=2.4711, RMSE_E_per_atom=122.0 meV, RMSE_F=156.6 meV / A, RMSE_Mu_per_atom=5.11 mDebye
2023-12-29 02:38:18.706 INFO: Epoch 150: loss=3.2104, RMSE_E_per_atom=101.7 meV, RMSE_F=178.8 meV / A, RMSE_Mu_per_atom=5.93 mDebye
2023-12-29 02:38:19.635 INFO: Epoch 152: loss=3.1251, RMSE_E_per_atom=91.0 meV, RMSE_F=176.5 meV / A, RMSE_Mu_per_atom=5.38 mDebye
2023-12-29 02:38:20.561 INFO: Epoch 154: loss=2.7228, RMSE_E_per_atom=94.0 meV, RMSE_F=164.6 meV / A, RMSE_Mu_per_atom=5.75 mDebye
2023-12-29 02:38:21.492 INFO: Epoch 156: loss=2.5816, RMSE_E_per_atom=98.9 meV, RMSE_F=160.3 meV / A, RMSE_Mu_per_atom=5.32 mDebye
2023-12-29 02:38:22.421 INFO: Epoch 158: loss=2.7339, RMSE_E_per_atom=85.1 meV, RMSE_F=165.0 meV / A, RMSE_Mu_per_atom=5.23 mDebye
2023-12-29 02:38:23.347 INFO: Epoch 160: loss=2.4631, RMSE_E_per_atom=77.9 meV, RMSE_F=156.7 meV / A, RMSE_Mu_per_atom=4.82 mDebye
2023-12-29 02:38:24.543 INFO: Epoch 162: loss=2.8741, RMSE_E_per_atom=79.7 meV, RMSE_F=169.3 meV / A, RMSE_Mu_per_atom=4.89 mDebye
2023-12-29 02:38:25.474 INFO: Epoch 164: loss=2.7084, RMSE_E_per_atom=79.3 meV, RMSE_F=164.3 meV / A, RMSE_Mu_per_atom=5.48 mDebye
2023-12-29 02:38:26.402 INFO: Epoch 166: loss=3.0066, RMSE_E_per_atom=96.1 meV, RMSE_F=173.0 meV / A, RMSE_Mu_per_atom=6.43 mDebye
2023-12-29 02:38:27.331 INFO: Epoch 168: loss=2.7197, RMSE_E_per_atom=77.9 meV, RMSE_F=164.7 meV / A, RMSE_Mu_per_atom=3.49 mDebye
2023-12-29 02:38:28.262 INFO: Epoch 170: loss=3.0800, RMSE_E_per_atom=107.7 meV, RMSE_F=175.1 meV / A, RMSE_Mu_per_atom=5.04 mDebye
2023-12-29 02:38:29.193 INFO: Epoch 172: loss=2.9792, RMSE_E_per_atom=79.6 meV, RMSE_F=172.3 meV / A, RMSE_Mu_per_atom=5.53 mDebye
2023-12-29 02:38:30.124 INFO: Epoch 174: loss=3.4060, RMSE_E_per_atom=50.5 meV, RMSE_F=184.4 meV / A, RMSE_Mu_per_atom=4.19 mDebye
2023-12-29 02:38:31.052 INFO: Epoch 176: loss=3.3229, RMSE_E_per_atom=82.6 meV, RMSE_F=182.0 meV / A, RMSE_Mu_per_atom=5.75 mDebye
2023-12-29 02:38:31.982 INFO: Epoch 178: loss=2.0588, RMSE_E_per_atom=95.9 meV, RMSE_F=143.1 meV / A, RMSE_Mu_per_atom=5.62 mDebye
2023-12-29 02:38:33.175 INFO: Epoch 180: loss=2.3474, RMSE_E_per_atom=90.3 meV, RMSE_F=152.9 meV / A, RMSE_Mu_per_atom=5.16 mDebye
2023-12-29 02:38:34.105 INFO: Epoch 182: loss=2.4178, RMSE_E_per_atom=86.9 meV, RMSE_F=155.1 meV / A, RMSE_Mu_per_atom=7.10 mDebye
2023-12-29 02:38:35.033 INFO: Epoch 184: loss=5.2846, RMSE_E_per_atom=118.5 meV, RMSE_F=229.5 meV / A, RMSE_Mu_per_atom=6.69 mDebye
2023-12-29 02:38:35.962 INFO: Epoch 186: loss=3.4516, RMSE_E_per_atom=106.0 meV, RMSE_F=185.4 meV / A, RMSE_Mu_per_atom=6.88 mDebye
2023-12-29 02:38:36.888 INFO: Epoch 188: loss=2.4316, RMSE_E_per_atom=144.8 meV, RMSE_F=155.1 meV / A, RMSE_Mu_per_atom=7.46 mDebye
2023-12-29 02:38:37.816 INFO: Epoch 190: loss=2.7833, RMSE_E_per_atom=126.2 meV, RMSE_F=166.3 meV / A, RMSE_Mu_per_atom=5.52 mDebye
2023-12-29 02:38:38.744 INFO: Epoch 192: loss=1.9763, RMSE_E_per_atom=95.9 meV, RMSE_F=140.1 meV / A, RMSE_Mu_per_atom=5.60 mDebye
2023-12-29 02:38:39.938 INFO: Epoch 194: loss=2.4140, RMSE_E_per_atom=101.9 meV, RMSE_F=154.9 meV / A, RMSE_Mu_per_atom=5.91 mDebye
2023-12-29 02:38:40.866 INFO: Epoch 196: loss=3.0436, RMSE_E_per_atom=114.8 meV, RMSE_F=174.0 meV / A, RMSE_Mu_per_atom=6.12 mDebye
2023-12-29 02:38:41.794 INFO: Epoch 198: loss=2.0712, RMSE_E_per_atom=71.5 meV, RMSE_F=143.7 meV / A, RMSE_Mu_per_atom=5.05 mDebye
2023-12-29 02:38:42.723 INFO: Epoch 200: loss=2.6514, RMSE_E_per_atom=70.7 meV, RMSE_F=162.5 meV / A, RMSE_Mu_per_atom=6.59 mDebye
2023-12-29 02:38:43.650 INFO: Epoch 202: loss=2.4408, RMSE_E_per_atom=98.0 meV, RMSE_F=155.8 meV / A, RMSE_Mu_per_atom=6.24 mDebye
2023-12-29 02:38:44.578 INFO: Epoch 204: loss=2.4182, RMSE_E_per_atom=79.7 meV, RMSE_F=155.2 meV / A, RMSE_Mu_per_atom=5.05 mDebye
2023-12-29 02:38:45.504 INFO: Epoch 206: loss=1.9709, RMSE_E_per_atom=71.3 meV, RMSE_F=140.1 meV / A, RMSE_Mu_per_atom=5.75 mDebye
2023-12-29 02:38:46.697 INFO: Epoch 208: loss=2.2303, RMSE_E_per_atom=62.6 meV, RMSE_F=149.1 meV / A, RMSE_Mu_per_atom=4.83 mDebye
2023-12-29 02:38:47.626 INFO: Epoch 210: loss=2.5285, RMSE_E_per_atom=55.5 meV, RMSE_F=158.8 meV / A, RMSE_Mu_per_atom=5.11 mDebye
2023-12-29 02:38:48.555 INFO: Epoch 212: loss=2.3180, RMSE_E_per_atom=39.8 meV, RMSE_F=152.0 meV / A, RMSE_Mu_per_atom=7.09 mDebye
2023-12-29 02:38:49.483 INFO: Epoch 214: loss=2.3952, RMSE_E_per_atom=67.6 meV, RMSE_F=154.5 meV / A, RMSE_Mu_per_atom=4.80 mDebye
2023-12-29 02:38:50.411 INFO: Epoch 216: loss=2.8998, RMSE_E_per_atom=71.7 meV, RMSE_F=170.1 meV / A, RMSE_Mu_per_atom=4.69 mDebye
2023-12-29 02:38:51.339 INFO: Epoch 218: loss=1.8926, RMSE_E_per_atom=82.1 meV, RMSE_F=137.2 meV / A, RMSE_Mu_per_atom=6.68 mDebye
2023-12-29 02:38:52.532 INFO: Epoch 220: loss=2.0506, RMSE_E_per_atom=71.6 meV, RMSE_F=142.9 meV / A, RMSE_Mu_per_atom=5.11 mDebye
2023-12-29 02:38:53.462 INFO: Epoch 222: loss=1.8971, RMSE_E_per_atom=45.8 meV, RMSE_F=137.5 meV / A, RMSE_Mu_per_atom=5.86 mDebye
2023-12-29 02:38:54.391 INFO: Epoch 224: loss=2.2371, RMSE_E_per_atom=36.8 meV, RMSE_F=149.4 meV / A, RMSE_Mu_per_atom=4.70 mDebye
2023-12-29 02:38:55.320 INFO: Epoch 226: loss=3.2136, RMSE_E_per_atom=70.5 meV, RMSE_F=179.1 meV / A, RMSE_Mu_per_atom=4.72 mDebye
2023-12-29 02:38:56.250 INFO: Epoch 228: loss=2.0066, RMSE_E_per_atom=48.5 meV, RMSE_F=141.5 meV / A, RMSE_Mu_per_atom=4.87 mDebye
2023-12-29 02:38:57.182 INFO: Epoch 230: loss=2.0072, RMSE_E_per_atom=56.3 meV, RMSE_F=141.5 meV / A, RMSE_Mu_per_atom=4.82 mDebye
2023-12-29 02:38:58.113 INFO: Epoch 232: loss=2.0776, RMSE_E_per_atom=62.6 meV, RMSE_F=143.9 meV / A, RMSE_Mu_per_atom=5.95 mDebye
2023-12-29 02:38:59.042 INFO: Epoch 234: loss=2.8949, RMSE_E_per_atom=75.7 meV, RMSE_F=169.9 meV / A, RMSE_Mu_per_atom=5.17 mDebye
2023-12-29 02:38:59.970 INFO: Epoch 236: loss=1.9005, RMSE_E_per_atom=72.8 meV, RMSE_F=137.6 meV / A, RMSE_Mu_per_atom=5.52 mDebye
2023-12-29 02:39:00.898 INFO: Epoch 238: loss=3.0151, RMSE_E_per_atom=57.3 meV, RMSE_F=173.5 meV / A, RMSE_Mu_per_atom=4.19 mDebye
2023-12-29 02:39:01.828 INFO: Epoch 240: loss=3.2382, RMSE_E_per_atom=49.9 meV, RMSE_F=179.8 meV / A, RMSE_Mu_per_atom=5.16 mDebye
2023-12-29 02:39:02.759 INFO: Epoch 242: loss=2.3529, RMSE_E_per_atom=81.2 meV, RMSE_F=153.0 meV / A, RMSE_Mu_per_atom=7.14 mDebye
2023-12-29 02:39:03.690 INFO: Epoch 244: loss=2.2182, RMSE_E_per_atom=67.8 meV, RMSE_F=148.7 meV / A, RMSE_Mu_per_atom=4.99 mDebye
2023-12-29 02:39:04.617 INFO: Epoch 246: loss=1.9801, RMSE_E_per_atom=89.8 meV, RMSE_F=140.3 meV / A, RMSE_Mu_per_atom=5.40 mDebye
2023-12-29 02:39:05.546 INFO: Epoch 248: loss=2.5464, RMSE_E_per_atom=74.5 meV, RMSE_F=159.3 meV / A, RMSE_Mu_per_atom=4.76 mDebye
2023-12-29 02:39:06.476 INFO: Epoch 250: loss=2.2217, RMSE_E_per_atom=64.4 meV, RMSE_F=148.7 meV / A, RMSE_Mu_per_atom=7.26 mDebye
2023-12-29 02:39:07.403 INFO: Epoch 252: loss=2.1403, RMSE_E_per_atom=55.5 meV, RMSE_F=146.1 meV / A, RMSE_Mu_per_atom=4.93 mDebye
2023-12-29 02:39:08.330 INFO: Epoch 254: loss=2.8281, RMSE_E_per_atom=55.2 meV, RMSE_F=168.0 meV / A, RMSE_Mu_per_atom=5.86 mDebye
2023-12-29 02:39:09.259 INFO: Epoch 256: loss=2.1528, RMSE_E_per_atom=68.4 meV, RMSE_F=146.5 meV / A, RMSE_Mu_per_atom=5.64 mDebye
2023-12-29 02:39:10.185 INFO: Epoch 258: loss=2.0880, RMSE_E_per_atom=67.7 meV, RMSE_F=144.2 meV / A, RMSE_Mu_per_atom=5.39 mDebye
2023-12-29 02:39:11.113 INFO: Epoch 260: loss=2.1417, RMSE_E_per_atom=58.8 meV, RMSE_F=146.2 meV / A, RMSE_Mu_per_atom=4.67 mDebye
2023-12-29 02:39:12.043 INFO: Epoch 262: loss=1.9217, RMSE_E_per_atom=56.1 meV, RMSE_F=138.4 meV / A, RMSE_Mu_per_atom=5.60 mDebye
2023-12-29 02:39:12.970 INFO: Epoch 264: loss=2.2580, RMSE_E_per_atom=60.7 meV, RMSE_F=150.0 meV / A, RMSE_Mu_per_atom=7.14 mDebye
2023-12-29 02:39:13.900 INFO: Epoch 266: loss=1.5681, RMSE_E_per_atom=49.9 meV, RMSE_F=125.0 meV / A, RMSE_Mu_per_atom=4.87 mDebye
2023-12-29 02:39:15.096 INFO: Epoch 268: loss=1.9636, RMSE_E_per_atom=52.0 meV, RMSE_F=140.0 meV / A, RMSE_Mu_per_atom=4.45 mDebye
2023-12-29 02:39:16.022 INFO: Epoch 270: loss=2.2182, RMSE_E_per_atom=37.0 meV, RMSE_F=148.8 meV / A, RMSE_Mu_per_atom=4.31 mDebye
2023-12-29 02:39:16.952 INFO: Epoch 272: loss=1.5778, RMSE_E_per_atom=29.4 meV, RMSE_F=125.5 meV / A, RMSE_Mu_per_atom=4.03 mDebye
2023-12-29 02:39:17.878 INFO: Epoch 274: loss=2.0668, RMSE_E_per_atom=33.4 meV, RMSE_F=143.6 meV / A, RMSE_Mu_per_atom=5.46 mDebye
2023-12-29 02:39:18.803 INFO: Epoch 276: loss=2.4170, RMSE_E_per_atom=39.9 meV, RMSE_F=155.3 meV / A, RMSE_Mu_per_atom=5.22 mDebye
2023-12-29 02:39:19.729 INFO: Epoch 278: loss=2.1235, RMSE_E_per_atom=56.2 meV, RMSE_F=145.5 meV / A, RMSE_Mu_per_atom=4.95 mDebye
2023-12-29 02:39:20.656 INFO: Epoch 280: loss=1.8223, RMSE_E_per_atom=48.5 meV, RMSE_F=134.8 meV / A, RMSE_Mu_per_atom=5.38 mDebye
2023-12-29 02:39:21.585 INFO: Epoch 282: loss=3.8730, RMSE_E_per_atom=70.7 meV, RMSE_F=196.6 meV / A, RMSE_Mu_per_atom=5.44 mDebye
2023-12-29 02:39:22.514 INFO: Epoch 284: loss=1.8573, RMSE_E_per_atom=88.4 meV, RMSE_F=135.9 meV / A, RMSE_Mu_per_atom=5.64 mDebye
2023-12-29 02:39:23.442 INFO: Epoch 286: loss=1.4697, RMSE_E_per_atom=80.3 meV, RMSE_F=120.9 meV / A, RMSE_Mu_per_atom=5.02 mDebye
2023-12-29 02:39:24.637 INFO: Epoch 288: loss=2.3561, RMSE_E_per_atom=63.5 meV, RMSE_F=153.3 meV / A, RMSE_Mu_per_atom=5.80 mDebye
2023-12-29 02:39:25.566 INFO: Epoch 290: loss=1.7553, RMSE_E_per_atom=63.9 meV, RMSE_F=132.2 meV / A, RMSE_Mu_per_atom=4.81 mDebye
2023-12-29 02:39:26.493 INFO: Epoch 292: loss=1.7721, RMSE_E_per_atom=40.2 meV, RMSE_F=133.0 meV / A, RMSE_Mu_per_atom=4.86 mDebye
2023-12-29 02:39:27.419 INFO: Epoch 294: loss=1.7674, RMSE_E_per_atom=52.9 meV, RMSE_F=132.7 meV / A, RMSE_Mu_per_atom=5.85 mDebye
2023-12-29 02:39:28.347 INFO: Epoch 296: loss=2.3562, RMSE_E_per_atom=49.7 meV, RMSE_F=153.4 meV / A, RMSE_Mu_per_atom=4.49 mDebye
2023-12-29 02:39:29.276 INFO: Epoch 298: loss=1.8842, RMSE_E_per_atom=51.8 meV, RMSE_F=137.1 meV / A, RMSE_Mu_per_atom=5.47 mDebye
2023-12-29 02:39:30.205 INFO: Epoch 300: loss=1.7546, RMSE_E_per_atom=66.8 meV, RMSE_F=132.2 meV / A, RMSE_Mu_per_atom=4.67 mDebye
2023-12-29 02:39:31.134 INFO: Epoch 302: loss=1.8680, RMSE_E_per_atom=55.9 meV, RMSE_F=136.5 meV / A, RMSE_Mu_per_atom=4.41 mDebye
2023-12-29 02:39:32.063 INFO: Epoch 304: loss=1.7708, RMSE_E_per_atom=50.8 meV, RMSE_F=132.8 meV / A, RMSE_Mu_per_atom=6.78 mDebye
2023-12-29 02:39:32.994 INFO: Epoch 306: loss=1.6019, RMSE_E_per_atom=55.0 meV, RMSE_F=126.4 meV / A, RMSE_Mu_per_atom=4.74 mDebye
2023-12-29 02:39:33.926 INFO: Epoch 308: loss=1.6272, RMSE_E_per_atom=55.8 meV, RMSE_F=127.3 meV / A, RMSE_Mu_per_atom=6.13 mDebye
2023-12-29 02:39:34.854 INFO: Epoch 310: loss=1.7033, RMSE_E_per_atom=64.3 meV, RMSE_F=130.3 meV / A, RMSE_Mu_per_atom=4.95 mDebye
2023-12-29 02:39:35.782 INFO: Epoch 312: loss=2.1210, RMSE_E_per_atom=40.1 meV, RMSE_F=145.5 meV / A, RMSE_Mu_per_atom=5.33 mDebye
2023-12-29 02:39:36.712 INFO: Epoch 314: loss=1.7222, RMSE_E_per_atom=67.2 meV, RMSE_F=130.9 meV / A, RMSE_Mu_per_atom=5.98 mDebye
2023-12-29 02:39:37.639 INFO: Epoch 316: loss=2.0131, RMSE_E_per_atom=66.7 meV, RMSE_F=141.7 meV / A, RMSE_Mu_per_atom=4.43 mDebye
2023-12-29 02:39:38.568 INFO: Epoch 318: loss=1.9031, RMSE_E_per_atom=51.1 meV, RMSE_F=137.8 meV / A, RMSE_Mu_per_atom=5.27 mDebye
2023-12-29 02:39:39.495 INFO: Epoch 320: loss=1.5495, RMSE_E_per_atom=53.4 meV, RMSE_F=124.2 meV / A, RMSE_Mu_per_atom=5.63 mDebye
2023-12-29 02:39:40.422 INFO: Epoch 322: loss=1.9356, RMSE_E_per_atom=67.5 meV, RMSE_F=138.9 meV / A, RMSE_Mu_per_atom=4.86 mDebye
2023-12-29 02:39:41.350 INFO: Epoch 324: loss=2.7055, RMSE_E_per_atom=33.2 meV, RMSE_F=164.4 meV / A, RMSE_Mu_per_atom=4.62 mDebye
2023-12-29 02:39:42.276 INFO: Epoch 326: loss=1.7025, RMSE_E_per_atom=45.9 meV, RMSE_F=130.3 meV / A, RMSE_Mu_per_atom=6.05 mDebye
2023-12-29 02:39:43.205 INFO: Epoch 328: loss=1.8520, RMSE_E_per_atom=52.7 meV, RMSE_F=135.9 meV / A, RMSE_Mu_per_atom=3.40 mDebye
2023-12-29 02:39:44.132 INFO: Epoch 330: loss=2.1660, RMSE_E_per_atom=56.5 meV, RMSE_F=147.0 meV / A, RMSE_Mu_per_atom=4.76 mDebye
2023-12-29 02:39:45.061 INFO: Epoch 332: loss=1.7406, RMSE_E_per_atom=43.8 meV, RMSE_F=131.8 meV / A, RMSE_Mu_per_atom=4.51 mDebye
2023-12-29 02:39:45.990 INFO: Epoch 334: loss=1.7106, RMSE_E_per_atom=35.1 meV, RMSE_F=130.7 meV / A, RMSE_Mu_per_atom=4.10 mDebye
2023-12-29 02:39:46.920 INFO: Epoch 336: loss=1.7857, RMSE_E_per_atom=29.5 meV, RMSE_F=133.5 meV / A, RMSE_Mu_per_atom=3.91 mDebye
2023-12-29 02:39:47.848 INFO: Epoch 338: loss=1.5823, RMSE_E_per_atom=28.6 meV, RMSE_F=125.7 meV / A, RMSE_Mu_per_atom=4.29 mDebye
2023-12-29 02:39:48.776 INFO: Epoch 340: loss=1.5380, RMSE_E_per_atom=25.6 meV, RMSE_F=123.9 meV / A, RMSE_Mu_per_atom=5.54 mDebye
2023-12-29 02:39:49.707 INFO: Epoch 342: loss=2.1343, RMSE_E_per_atom=23.0 meV, RMSE_F=146.0 meV / A, RMSE_Mu_per_atom=4.38 mDebye
2023-12-29 02:39:50.637 INFO: Epoch 344: loss=1.7379, RMSE_E_per_atom=29.1 meV, RMSE_F=131.7 meV / A, RMSE_Mu_per_atom=4.51 mDebye
2023-12-29 02:39:51.564 INFO: Epoch 346: loss=1.8239, RMSE_E_per_atom=30.7 meV, RMSE_F=134.9 meV / A, RMSE_Mu_per_atom=4.52 mDebye
2023-12-29 02:39:52.495 INFO: Epoch 348: loss=2.3611, RMSE_E_per_atom=30.6 meV, RMSE_F=153.6 meV / A, RMSE_Mu_per_atom=4.64 mDebye
2023-12-29 02:39:53.424 INFO: Epoch 350: loss=2.1175, RMSE_E_per_atom=32.1 meV, RMSE_F=145.4 meV / A, RMSE_Mu_per_atom=4.09 mDebye
2023-12-29 02:39:54.353 INFO: Epoch 352: loss=1.6863, RMSE_E_per_atom=39.7 meV, RMSE_F=129.7 meV / A, RMSE_Mu_per_atom=5.53 mDebye
2023-12-29 02:39:55.281 INFO: Epoch 354: loss=1.6241, RMSE_E_per_atom=35.5 meV, RMSE_F=127.3 meV / A, RMSE_Mu_per_atom=5.63 mDebye
2023-12-29 02:39:56.211 INFO: Epoch 356: loss=1.7494, RMSE_E_per_atom=32.6 meV, RMSE_F=132.2 meV / A, RMSE_Mu_per_atom=4.07 mDebye
2023-12-29 02:39:57.141 INFO: Epoch 358: loss=1.9917, RMSE_E_per_atom=28.6 meV, RMSE_F=141.0 meV / A, RMSE_Mu_per_atom=4.82 mDebye
2023-12-29 02:39:58.073 INFO: Epoch 360: loss=2.0857, RMSE_E_per_atom=41.3 meV, RMSE_F=144.3 meV / A, RMSE_Mu_per_atom=4.01 mDebye
2023-12-29 02:39:59.004 INFO: Epoch 362: loss=2.1767, RMSE_E_per_atom=22.3 meV, RMSE_F=147.5 meV / A, RMSE_Mu_per_atom=3.62 mDebye
2023-12-29 02:39:59.933 INFO: Epoch 364: loss=1.7166, RMSE_E_per_atom=24.9 meV, RMSE_F=130.9 meV / A, RMSE_Mu_per_atom=4.85 mDebye
2023-12-29 02:40:00.861 INFO: Epoch 366: loss=1.7936, RMSE_E_per_atom=22.4 meV, RMSE_F=133.8 meV / A, RMSE_Mu_per_atom=4.13 mDebye
2023-12-29 02:40:01.789 INFO: Epoch 368: loss=1.5862, RMSE_E_per_atom=21.7 meV, RMSE_F=125.9 meV / A, RMSE_Mu_per_atom=4.12 mDebye
2023-12-29 02:40:02.714 INFO: Epoch 370: loss=1.7191, RMSE_E_per_atom=22.8 meV, RMSE_F=131.0 meV / A, RMSE_Mu_per_atom=5.30 mDebye
2023-12-29 02:40:03.645 INFO: Epoch 372: loss=1.6783, RMSE_E_per_atom=23.0 meV, RMSE_F=129.4 meV / A, RMSE_Mu_per_atom=4.82 mDebye
2023-12-29 02:40:04.573 INFO: Epoch 374: loss=1.7645, RMSE_E_per_atom=17.4 meV, RMSE_F=132.8 meV / A, RMSE_Mu_per_atom=4.43 mDebye
2023-12-29 02:40:05.503 INFO: Epoch 376: loss=1.3836, RMSE_E_per_atom=12.0 meV, RMSE_F=117.5 meV / A, RMSE_Mu_per_atom=4.42 mDebye
2023-12-29 02:40:06.697 INFO: Epoch 378: loss=1.4296, RMSE_E_per_atom=15.0 meV, RMSE_F=119.5 meV / A, RMSE_Mu_per_atom=4.90 mDebye
2023-12-29 02:40:07.626 INFO: Epoch 380: loss=1.5749, RMSE_E_per_atom=12.3 meV, RMSE_F=125.4 meV / A, RMSE_Mu_per_atom=4.72 mDebye
2023-12-29 02:40:08.554 INFO: Epoch 382: loss=1.5131, RMSE_E_per_atom=17.1 meV, RMSE_F=122.9 meV / A, RMSE_Mu_per_atom=4.56 mDebye
2023-12-29 02:40:09.483 INFO: Epoch 384: loss=1.2962, RMSE_E_per_atom=17.6 meV, RMSE_F=113.7 meV / A, RMSE_Mu_per_atom=4.73 mDebye
2023-12-29 02:40:10.674 INFO: Epoch 386: loss=1.4834, RMSE_E_per_atom=12.4 meV, RMSE_F=121.7 meV / A, RMSE_Mu_per_atom=4.66 mDebye
2023-12-29 02:40:11.604 INFO: Epoch 388: loss=1.7046, RMSE_E_per_atom=13.2 meV, RMSE_F=130.5 meV / A, RMSE_Mu_per_atom=4.39 mDebye
2023-12-29 02:40:12.534 INFO: Epoch 390: loss=1.5361, RMSE_E_per_atom=15.1 meV, RMSE_F=123.8 meV / A, RMSE_Mu_per_atom=4.48 mDebye
2023-12-29 02:40:13.464 INFO: Epoch 392: loss=1.6592, RMSE_E_per_atom=16.4 meV, RMSE_F=128.7 meV / A, RMSE_Mu_per_atom=4.99 mDebye
2023-12-29 02:40:14.393 INFO: Epoch 394: loss=1.6419, RMSE_E_per_atom=18.3 meV, RMSE_F=128.1 meV / A, RMSE_Mu_per_atom=4.05 mDebye
2023-12-29 02:40:15.322 INFO: Epoch 396: loss=1.8600, RMSE_E_per_atom=17.1 meV, RMSE_F=136.3 meV / A, RMSE_Mu_per_atom=4.84 mDebye
2023-12-29 02:40:16.250 INFO: Epoch 398: loss=1.9200, RMSE_E_per_atom=15.7 meV, RMSE_F=138.5 meV / A, RMSE_Mu_per_atom=4.19 mDebye
2023-12-29 02:40:17.177 INFO: Epoch 400: loss=1.9352, RMSE_E_per_atom=11.4 meV, RMSE_F=139.0 meV / A, RMSE_Mu_per_atom=4.03 mDebye
2023-12-29 02:40:18.103 INFO: Epoch 402: loss=1.4324, RMSE_E_per_atom=28.2 meV, RMSE_F=119.6 meV / A, RMSE_Mu_per_atom=4.42 mDebye
2023-12-29 02:40:19.032 INFO: Epoch 404: loss=1.5954, RMSE_E_per_atom=33.6 meV, RMSE_F=126.2 meV / A, RMSE_Mu_per_atom=4.54 mDebye
2023-12-29 02:40:19.959 INFO: Epoch 406: loss=1.9164, RMSE_E_per_atom=37.1 meV, RMSE_F=138.3 meV / A, RMSE_Mu_per_atom=4.62 mDebye
2023-12-29 02:40:20.885 INFO: Epoch 408: loss=1.7082, RMSE_E_per_atom=22.9 meV, RMSE_F=130.6 meV / A, RMSE_Mu_per_atom=4.07 mDebye
2023-12-29 02:40:21.813 INFO: Epoch 410: loss=2.0137, RMSE_E_per_atom=30.3 meV, RMSE_F=141.8 meV / A, RMSE_Mu_per_atom=4.04 mDebye
2023-12-29 02:40:22.739 INFO: Epoch 412: loss=1.7129, RMSE_E_per_atom=27.8 meV, RMSE_F=130.8 meV / A, RMSE_Mu_per_atom=4.67 mDebye
2023-12-29 02:40:23.672 INFO: Epoch 414: loss=1.7924, RMSE_E_per_atom=20.9 meV, RMSE_F=133.8 meV / A, RMSE_Mu_per_atom=5.08 mDebye
2023-12-29 02:40:24.598 INFO: Epoch 416: loss=1.5215, RMSE_E_per_atom=21.3 meV, RMSE_F=123.2 meV / A, RMSE_Mu_per_atom=4.60 mDebye
2023-12-29 02:40:25.524 INFO: Epoch 418: loss=1.4067, RMSE_E_per_atom=26.2 meV, RMSE_F=118.5 meV / A, RMSE_Mu_per_atom=4.47 mDebye
2023-12-29 02:40:26.454 INFO: Epoch 420: loss=1.4971, RMSE_E_per_atom=24.6 meV, RMSE_F=122.2 meV / A, RMSE_Mu_per_atom=5.04 mDebye
2023-12-29 02:40:27.382 INFO: Epoch 422: loss=1.7594, RMSE_E_per_atom=15.2 meV, RMSE_F=132.5 meV / A, RMSE_Mu_per_atom=4.74 mDebye
2023-12-29 02:40:28.311 INFO: Epoch 424: loss=1.6591, RMSE_E_per_atom=14.0 meV, RMSE_F=128.7 meV / A, RMSE_Mu_per_atom=4.59 mDebye
2023-12-29 02:40:29.242 INFO: Epoch 426: loss=1.6126, RMSE_E_per_atom=10.1 meV, RMSE_F=126.9 meV / A, RMSE_Mu_per_atom=4.37 mDebye
2023-12-29 02:40:30.169 INFO: Epoch 428: loss=1.8385, RMSE_E_per_atom=22.7 meV, RMSE_F=135.5 meV / A, RMSE_Mu_per_atom=4.92 mDebye
2023-12-29 02:40:31.098 INFO: Epoch 430: loss=1.5516, RMSE_E_per_atom=18.7 meV, RMSE_F=124.5 meV / A, RMSE_Mu_per_atom=4.60 mDebye
2023-12-29 02:40:32.024 INFO: Epoch 432: loss=1.5989, RMSE_E_per_atom=14.2 meV, RMSE_F=126.4 meV / A, RMSE_Mu_per_atom=4.69 mDebye
2023-12-29 02:40:32.952 INFO: Epoch 434: loss=1.6590, RMSE_E_per_atom=17.1 meV, RMSE_F=128.7 meV / A, RMSE_Mu_per_atom=4.89 mDebye
2023-12-29 02:40:33.883 INFO: Epoch 436: loss=1.5672, RMSE_E_per_atom=13.3 meV, RMSE_F=125.1 meV / A, RMSE_Mu_per_atom=4.22 mDebye
2023-12-29 02:40:34.810 INFO: Epoch 438: loss=1.4546, RMSE_E_per_atom=13.1 meV, RMSE_F=120.5 meV / A, RMSE_Mu_per_atom=4.44 mDebye
2023-12-29 02:40:35.738 INFO: Epoch 440: loss=1.4127, RMSE_E_per_atom=11.8 meV, RMSE_F=118.8 meV / A, RMSE_Mu_per_atom=4.60 mDebye
2023-12-29 02:40:36.667 INFO: Epoch 442: loss=1.8516, RMSE_E_per_atom=12.5 meV, RMSE_F=136.0 meV / A, RMSE_Mu_per_atom=4.67 mDebye
2023-12-29 02:40:37.595 INFO: Epoch 444: loss=1.9418, RMSE_E_per_atom=20.4 meV, RMSE_F=139.3 meV / A, RMSE_Mu_per_atom=4.77 mDebye
2023-12-29 02:40:38.524 INFO: Epoch 446: loss=1.8495, RMSE_E_per_atom=16.0 meV, RMSE_F=135.9 meV / A, RMSE_Mu_per_atom=4.39 mDebye
2023-12-29 02:40:39.451 INFO: Epoch 448: loss=1.5908, RMSE_E_per_atom=8.6 meV, RMSE_F=126.1 meV / A, RMSE_Mu_per_atom=4.20 mDebye
2023-12-29 02:40:40.380 INFO: Epoch 450: loss=1.6449, RMSE_E_per_atom=11.8 meV, RMSE_F=128.2 meV / A, RMSE_Mu_per_atom=4.97 mDebye
2023-12-29 02:40:41.307 INFO: Epoch 452: loss=1.6388, RMSE_E_per_atom=12.3 meV, RMSE_F=127.9 meV / A, RMSE_Mu_per_atom=4.69 mDebye
2023-12-29 02:40:42.235 INFO: Epoch 454: loss=1.6562, RMSE_E_per_atom=13.4 meV, RMSE_F=128.6 meV / A, RMSE_Mu_per_atom=4.81 mDebye
2023-12-29 02:40:43.163 INFO: Epoch 456: loss=1.9291, RMSE_E_per_atom=12.1 meV, RMSE_F=138.8 meV / A, RMSE_Mu_per_atom=4.15 mDebye
2023-12-29 02:40:44.093 INFO: Epoch 458: loss=1.8005, RMSE_E_per_atom=11.0 meV, RMSE_F=134.1 meV / A, RMSE_Mu_per_atom=4.38 mDebye
2023-12-29 02:40:45.020 INFO: Epoch 460: loss=1.5565, RMSE_E_per_atom=13.4 meV, RMSE_F=124.7 meV / A, RMSE_Mu_per_atom=5.02 mDebye
2023-12-29 02:40:45.947 INFO: Epoch 462: loss=1.6017, RMSE_E_per_atom=6.6 meV, RMSE_F=126.5 meV / A, RMSE_Mu_per_atom=4.50 mDebye
2023-12-29 02:40:46.875 INFO: Epoch 464: loss=1.9047, RMSE_E_per_atom=12.6 meV, RMSE_F=137.9 meV / A, RMSE_Mu_per_atom=4.53 mDebye
2023-12-29 02:40:47.801 INFO: Epoch 466: loss=1.6763, RMSE_E_per_atom=10.9 meV, RMSE_F=129.4 meV / A, RMSE_Mu_per_atom=4.46 mDebye
2023-12-29 02:40:48.732 INFO: Epoch 468: loss=2.0276, RMSE_E_per_atom=15.3 meV, RMSE_F=142.3 meV / A, RMSE_Mu_per_atom=4.30 mDebye
2023-12-29 02:40:49.661 INFO: Epoch 470: loss=1.8243, RMSE_E_per_atom=20.4 meV, RMSE_F=135.0 meV / A, RMSE_Mu_per_atom=5.09 mDebye
2023-12-29 02:40:50.587 INFO: Epoch 472: loss=1.9570, RMSE_E_per_atom=15.4 meV, RMSE_F=139.8 meV / A, RMSE_Mu_per_atom=4.37 mDebye
2023-12-29 02:40:51.513 INFO: Epoch 474: loss=1.8164, RMSE_E_per_atom=10.8 meV, RMSE_F=134.7 meV / A, RMSE_Mu_per_atom=4.64 mDebye
2023-12-29 02:40:52.440 INFO: Epoch 476: loss=1.7943, RMSE_E_per_atom=10.5 meV, RMSE_F=133.9 meV / A, RMSE_Mu_per_atom=4.48 mDebye
2023-12-29 02:40:53.367 INFO: Epoch 478: loss=1.7528, RMSE_E_per_atom=14.9 meV, RMSE_F=132.3 meV / A, RMSE_Mu_per_atom=4.54 mDebye
2023-12-29 02:40:54.297 INFO: Epoch 480: loss=1.9499, RMSE_E_per_atom=11.8 meV, RMSE_F=139.6 meV / A, RMSE_Mu_per_atom=4.78 mDebye
2023-12-29 02:40:55.227 INFO: Epoch 482: loss=1.6812, RMSE_E_per_atom=7.4 meV, RMSE_F=129.6 meV / A, RMSE_Mu_per_atom=4.76 mDebye
2023-12-29 02:40:56.155 INFO: Epoch 484: loss=1.7405, RMSE_E_per_atom=10.7 meV, RMSE_F=131.8 meV / A, RMSE_Mu_per_atom=4.64 mDebye
2023-12-29 02:40:57.088 INFO: Epoch 486: loss=1.6651, RMSE_E_per_atom=9.8 meV, RMSE_F=129.0 meV / A, RMSE_Mu_per_atom=4.46 mDebye
2023-12-29 02:40:58.020 INFO: Epoch 488: loss=1.8749, RMSE_E_per_atom=9.3 meV, RMSE_F=136.8 meV / A, RMSE_Mu_per_atom=4.61 mDebye
2023-12-29 02:40:58.947 INFO: Epoch 490: loss=1.8589, RMSE_E_per_atom=11.6 meV, RMSE_F=136.3 meV / A, RMSE_Mu_per_atom=4.37 mDebye
2023-12-29 02:40:59.882 INFO: Epoch 492: loss=1.7151, RMSE_E_per_atom=11.9 meV, RMSE_F=130.9 meV / A, RMSE_Mu_per_atom=4.36 mDebye
2023-12-29 02:41:00.808 INFO: Epoch 494: loss=1.9331, RMSE_E_per_atom=11.3 meV, RMSE_F=139.0 meV / A, RMSE_Mu_per_atom=4.52 mDebye
2023-12-29 02:41:01.733 INFO: Epoch 496: loss=1.7524, RMSE_E_per_atom=9.1 meV, RMSE_F=132.3 meV / A, RMSE_Mu_per_atom=4.55 mDebye
2023-12-29 02:41:02.661 INFO: Epoch 498: loss=1.7448, RMSE_E_per_atom=8.1 meV, RMSE_F=132.0 meV / A, RMSE_Mu_per_atom=4.36 mDebye
2023-12-29 02:41:03.590 INFO: Epoch 500: loss=1.9766, RMSE_E_per_atom=11.2 meV, RMSE_F=140.5 meV / A, RMSE_Mu_per_atom=4.39 mDebye
2023-12-29 02:41:04.518 INFO: Epoch 502: loss=1.9203, RMSE_E_per_atom=8.6 meV, RMSE_F=138.5 meV / A, RMSE_Mu_per_atom=4.74 mDebye
2023-12-29 02:41:05.449 INFO: Epoch 504: loss=1.8323, RMSE_E_per_atom=9.2 meV, RMSE_F=135.3 meV / A, RMSE_Mu_per_atom=4.58 mDebye
2023-12-29 02:41:06.379 INFO: Epoch 506: loss=1.8408, RMSE_E_per_atom=6.4 meV, RMSE_F=135.6 meV / A, RMSE_Mu_per_atom=4.53 mDebye
2023-12-29 02:41:07.307 INFO: Epoch 508: loss=1.7317, RMSE_E_per_atom=7.5 meV, RMSE_F=131.5 meV / A, RMSE_Mu_per_atom=4.38 mDebye
2023-12-29 02:41:08.236 INFO: Epoch 510: loss=1.8125, RMSE_E_per_atom=8.6 meV, RMSE_F=134.6 meV / A, RMSE_Mu_per_atom=4.43 mDebye
2023-12-29 02:41:09.165 INFO: Epoch 512: loss=1.8610, RMSE_E_per_atom=7.5 meV, RMSE_F=136.3 meV / A, RMSE_Mu_per_atom=4.32 mDebye
2023-12-29 02:41:10.094 INFO: Epoch 514: loss=2.1618, RMSE_E_per_atom=7.1 meV, RMSE_F=147.0 meV / A, RMSE_Mu_per_atom=4.46 mDebye
2023-12-29 02:41:11.023 INFO: Epoch 516: loss=1.8854, RMSE_E_per_atom=6.6 meV, RMSE_F=137.2 meV / A, RMSE_Mu_per_atom=4.90 mDebye
2023-12-29 02:41:11.950 INFO: Epoch 518: loss=1.9619, RMSE_E_per_atom=8.1 meV, RMSE_F=140.0 meV / A, RMSE_Mu_per_atom=4.18 mDebye
2023-12-29 02:41:12.875 INFO: Epoch 520: loss=1.7373, RMSE_E_per_atom=7.8 meV, RMSE_F=131.7 meV / A, RMSE_Mu_per_atom=4.66 mDebye
2023-12-29 02:41:13.805 INFO: Epoch 522: loss=1.8728, RMSE_E_per_atom=7.3 meV, RMSE_F=136.8 meV / A, RMSE_Mu_per_atom=4.50 mDebye
2023-12-29 02:41:14.737 INFO: Epoch 524: loss=1.9984, RMSE_E_per_atom=8.8 meV, RMSE_F=141.3 meV / A, RMSE_Mu_per_atom=4.56 mDebye
2023-12-29 02:41:15.669 INFO: Epoch 526: loss=2.0856, RMSE_E_per_atom=7.5 meV, RMSE_F=144.4 meV / A, RMSE_Mu_per_atom=4.17 mDebye
2023-12-29 02:41:16.597 INFO: Epoch 528: loss=1.8547, RMSE_E_per_atom=5.6 meV, RMSE_F=136.1 meV / A, RMSE_Mu_per_atom=4.46 mDebye
2023-12-29 02:41:17.524 INFO: Epoch 530: loss=1.8834, RMSE_E_per_atom=6.2 meV, RMSE_F=137.2 meV / A, RMSE_Mu_per_atom=4.60 mDebye
2023-12-29 02:41:18.453 INFO: Epoch 532: loss=1.9689, RMSE_E_per_atom=9.6 meV, RMSE_F=140.2 meV / A, RMSE_Mu_per_atom=4.30 mDebye
2023-12-29 02:41:19.380 INFO: Epoch 534: loss=1.7919, RMSE_E_per_atom=4.4 meV, RMSE_F=133.8 meV / A, RMSE_Mu_per_atom=4.38 mDebye
2023-12-29 02:41:20.308 INFO: Epoch 536: loss=1.9999, RMSE_E_per_atom=10.6 meV, RMSE_F=141.3 meV / A, RMSE_Mu_per_atom=4.59 mDebye
2023-12-29 02:41:21.235 INFO: Epoch 538: loss=2.1177, RMSE_E_per_atom=11.9 meV, RMSE_F=145.4 meV / A, RMSE_Mu_per_atom=4.75 mDebye
2023-12-29 02:41:22.162 INFO: Epoch 540: loss=2.0319, RMSE_E_per_atom=8.1 meV, RMSE_F=142.5 meV / A, RMSE_Mu_per_atom=4.48 mDebye
2023-12-29 02:41:23.089 INFO: Epoch 542: loss=1.9854, RMSE_E_per_atom=7.3 meV, RMSE_F=140.8 meV / A, RMSE_Mu_per_atom=4.38 mDebye
2023-12-29 02:41:24.018 INFO: Epoch 544: loss=2.0411, RMSE_E_per_atom=7.0 meV, RMSE_F=142.8 meV / A, RMSE_Mu_per_atom=4.47 mDebye
2023-12-29 02:41:24.946 INFO: Epoch 546: loss=2.0369, RMSE_E_per_atom=6.7 meV, RMSE_F=142.6 meV / A, RMSE_Mu_per_atom=4.76 mDebye
2023-12-29 02:41:25.874 INFO: Epoch 548: loss=2.0658, RMSE_E_per_atom=8.0 meV, RMSE_F=143.7 meV / A, RMSE_Mu_per_atom=4.17 mDebye
2023-12-29 02:41:26.830 INFO: Epoch 550: loss=1.9604, RMSE_E_per_atom=5.7 meV, RMSE_F=139.9 meV / A, RMSE_Mu_per_atom=4.30 mDebye
2023-12-29 02:41:27.760 INFO: Epoch 552: loss=2.0557, RMSE_E_per_atom=5.9 meV, RMSE_F=143.3 meV / A, RMSE_Mu_per_atom=4.45 mDebye
2023-12-29 02:41:28.695 INFO: Epoch 554: loss=1.9869, RMSE_E_per_atom=5.0 meV, RMSE_F=140.9 meV / A, RMSE_Mu_per_atom=4.37 mDebye
2023-12-29 02:41:29.650 INFO: Epoch 556: loss=2.0186, RMSE_E_per_atom=6.3 meV, RMSE_F=142.0 meV / A, RMSE_Mu_per_atom=4.47 mDebye
2023-12-29 02:41:30.582 INFO: Epoch 558: loss=2.0635, RMSE_E_per_atom=7.0 meV, RMSE_F=143.6 meV / A, RMSE_Mu_per_atom=4.48 mDebye
2023-12-29 02:41:31.511 INFO: Epoch 560: loss=2.0053, RMSE_E_per_atom=6.2 meV, RMSE_F=141.5 meV / A, RMSE_Mu_per_atom=4.57 mDebye
2023-12-29 02:41:32.441 INFO: Epoch 562: loss=2.1651, RMSE_E_per_atom=5.8 meV, RMSE_F=147.1 meV / A, RMSE_Mu_per_atom=4.39 mDebye
2023-12-29 02:41:33.372 INFO: Epoch 564: loss=1.9790, RMSE_E_per_atom=6.3 meV, RMSE_F=140.6 meV / A, RMSE_Mu_per_atom=4.65 mDebye
2023-12-29 02:41:34.303 INFO: Epoch 566: loss=1.9938, RMSE_E_per_atom=6.1 meV, RMSE_F=141.1 meV / A, RMSE_Mu_per_atom=4.32 mDebye
2023-12-29 02:41:35.256 INFO: Epoch 568: loss=2.0643, RMSE_E_per_atom=6.4 meV, RMSE_F=143.6 meV / A, RMSE_Mu_per_atom=4.49 mDebye
2023-12-29 02:41:36.186 INFO: Epoch 570: loss=1.9677, RMSE_E_per_atom=5.6 meV, RMSE_F=140.2 meV / A, RMSE_Mu_per_atom=4.35 mDebye
2023-12-29 02:41:37.111 INFO: Epoch 572: loss=2.0821, RMSE_E_per_atom=6.7 meV, RMSE_F=144.2 meV / A, RMSE_Mu_per_atom=4.48 mDebye
2023-12-29 02:41:38.038 INFO: Epoch 574: loss=1.9359, RMSE_E_per_atom=5.8 meV, RMSE_F=139.1 meV / A, RMSE_Mu_per_atom=4.54 mDebye
2023-12-29 02:41:38.965 INFO: Epoch 576: loss=2.1133, RMSE_E_per_atom=4.9 meV, RMSE_F=145.3 meV / A, RMSE_Mu_per_atom=4.48 mDebye
2023-12-29 02:41:39.894 INFO: Epoch 578: loss=2.0931, RMSE_E_per_atom=4.9 meV, RMSE_F=144.6 meV / A, RMSE_Mu_per_atom=4.46 mDebye
2023-12-29 02:41:40.820 INFO: Epoch 580: loss=2.0652, RMSE_E_per_atom=6.6 meV, RMSE_F=143.6 meV / A, RMSE_Mu_per_atom=4.47 mDebye
2023-12-29 02:41:41.752 INFO: Epoch 582: loss=2.0521, RMSE_E_per_atom=7.8 meV, RMSE_F=143.2 meV / A, RMSE_Mu_per_atom=4.38 mDebye
2023-12-29 02:41:42.681 INFO: Epoch 584: loss=2.0351, RMSE_E_per_atom=6.3 meV, RMSE_F=142.6 meV / A, RMSE_Mu_per_atom=4.36 mDebye
2023-12-29 02:41:43.611 INFO: Epoch 586: loss=2.1595, RMSE_E_per_atom=5.8 meV, RMSE_F=146.9 meV / A, RMSE_Mu_per_atom=4.37 mDebye
2023-12-29 02:41:44.542 INFO: Epoch 588: loss=2.0311, RMSE_E_per_atom=5.3 meV, RMSE_F=142.4 meV / A, RMSE_Mu_per_atom=4.48 mDebye
2023-12-29 02:41:45.471 INFO: Epoch 590: loss=2.0614, RMSE_E_per_atom=5.9 meV, RMSE_F=143.5 meV / A, RMSE_Mu_per_atom=4.45 mDebye
2023-12-29 02:41:46.397 INFO: Epoch 592: loss=2.0670, RMSE_E_per_atom=6.2 meV, RMSE_F=143.7 meV / A, RMSE_Mu_per_atom=4.60 mDebye
2023-12-29 02:41:47.323 INFO: Epoch 594: loss=2.1080, RMSE_E_per_atom=5.1 meV, RMSE_F=145.1 meV / A, RMSE_Mu_per_atom=4.47 mDebye
2023-12-29 02:41:48.249 INFO: Epoch 596: loss=2.1375, RMSE_E_per_atom=6.8 meV, RMSE_F=146.1 meV / A, RMSE_Mu_per_atom=4.63 mDebye
2023-12-29 02:41:49.178 INFO: Epoch 598: loss=2.0921, RMSE_E_per_atom=5.6 meV, RMSE_F=144.6 meV / A, RMSE_Mu_per_atom=4.37 mDebye
2023-12-29 02:41:50.107 INFO: Epoch 600: loss=2.0830, RMSE_E_per_atom=5.0 meV, RMSE_F=144.3 meV / A, RMSE_Mu_per_atom=4.40 mDebye
2023-12-29 02:41:51.033 INFO: Epoch 602: loss=2.1662, RMSE_E_per_atom=5.1 meV, RMSE_F=147.1 meV / A, RMSE_Mu_per_atom=4.38 mDebye
2023-12-29 02:41:51.959 INFO: Epoch 604: loss=2.0783, RMSE_E_per_atom=5.5 meV, RMSE_F=144.1 meV / A, RMSE_Mu_per_atom=4.27 mDebye
2023-12-29 02:41:52.886 INFO: Epoch 606: loss=2.0559, RMSE_E_per_atom=5.3 meV, RMSE_F=143.3 meV / A, RMSE_Mu_per_atom=4.52 mDebye
2023-12-29 02:41:53.814 INFO: Epoch 608: loss=2.1399, RMSE_E_per_atom=4.8 meV, RMSE_F=146.2 meV / A, RMSE_Mu_per_atom=4.44 mDebye
2023-12-29 02:41:54.743 INFO: Epoch 610: loss=2.1123, RMSE_E_per_atom=4.7 meV, RMSE_F=145.3 meV / A, RMSE_Mu_per_atom=4.26 mDebye
2023-12-29 02:41:55.672 INFO: Epoch 612: loss=2.1501, RMSE_E_per_atom=5.0 meV, RMSE_F=146.6 meV / A, RMSE_Mu_per_atom=4.48 mDebye
2023-12-29 02:41:56.599 INFO: Epoch 614: loss=2.2563, RMSE_E_per_atom=5.7 meV, RMSE_F=150.1 meV / A, RMSE_Mu_per_atom=4.41 mDebye
2023-12-29 02:41:57.527 INFO: Epoch 616: loss=2.0182, RMSE_E_per_atom=5.1 meV, RMSE_F=142.0 meV / A, RMSE_Mu_per_atom=3.89 mDebye
2023-12-29 02:41:58.455 INFO: Epoch 618: loss=2.1128, RMSE_E_per_atom=5.0 meV, RMSE_F=145.3 meV / A, RMSE_Mu_per_atom=4.34 mDebye
2023-12-29 02:41:59.384 INFO: Epoch 620: loss=2.2086, RMSE_E_per_atom=5.4 meV, RMSE_F=148.5 meV / A, RMSE_Mu_per_atom=4.40 mDebye
2023-12-29 02:42:00.313 INFO: Epoch 622: loss=2.1330, RMSE_E_per_atom=6.1 meV, RMSE_F=146.0 meV / A, RMSE_Mu_per_atom=4.30 mDebye
2023-12-29 02:42:01.243 INFO: Epoch 624: loss=2.2361, RMSE_E_per_atom=5.0 meV, RMSE_F=149.5 meV / A, RMSE_Mu_per_atom=4.40 mDebye
2023-12-29 02:42:02.172 INFO: Epoch 626: loss=2.1870, RMSE_E_per_atom=4.9 meV, RMSE_F=147.8 meV / A, RMSE_Mu_per_atom=4.40 mDebye
2023-12-29 02:42:03.101 INFO: Epoch 628: loss=2.2367, RMSE_E_per_atom=5.4 meV, RMSE_F=149.5 meV / A, RMSE_Mu_per_atom=4.42 mDebye
2023-12-29 02:42:04.033 INFO: Epoch 630: loss=2.1851, RMSE_E_per_atom=4.9 meV, RMSE_F=147.7 meV / A, RMSE_Mu_per_atom=4.75 mDebye
2023-12-29 02:42:05.044 INFO: Epoch 632: loss=2.1071, RMSE_E_per_atom=4.4 meV, RMSE_F=145.1 meV / A, RMSE_Mu_per_atom=4.49 mDebye
2023-12-29 02:42:05.975 INFO: Epoch 634: loss=2.1625, RMSE_E_per_atom=5.1 meV, RMSE_F=147.0 meV / A, RMSE_Mu_per_atom=4.39 mDebye
2023-12-29 02:42:06.904 INFO: Epoch 636: loss=2.1979, RMSE_E_per_atom=4.8 meV, RMSE_F=148.2 meV / A, RMSE_Mu_per_atom=4.44 mDebye
2023-12-29 02:42:07.833 INFO: Epoch 638: loss=2.1657, RMSE_E_per_atom=4.6 meV, RMSE_F=147.1 meV / A, RMSE_Mu_per_atom=4.45 mDebye
2023-12-29 02:42:08.761 INFO: Epoch 640: loss=2.1866, RMSE_E_per_atom=4.8 meV, RMSE_F=147.8 meV / A, RMSE_Mu_per_atom=4.35 mDebye
2023-12-29 02:42:09.691 INFO: Epoch 642: loss=2.2641, RMSE_E_per_atom=4.7 meV, RMSE_F=150.4 meV / A, RMSE_Mu_per_atom=4.33 mDebye
2023-12-29 02:42:10.622 INFO: Epoch 644: loss=2.2171, RMSE_E_per_atom=5.6 meV, RMSE_F=148.8 meV / A, RMSE_Mu_per_atom=4.19 mDebye
2023-12-29 02:42:11.552 INFO: Epoch 646: loss=2.2186, RMSE_E_per_atom=5.0 meV, RMSE_F=148.9 meV / A, RMSE_Mu_per_atom=4.34 mDebye
2023-12-29 02:42:12.489 INFO: Epoch 648: loss=2.2309, RMSE_E_per_atom=5.5 meV, RMSE_F=149.3 meV / A, RMSE_Mu_per_atom=4.56 mDebye
2023-12-29 02:42:13.420 INFO: Epoch 650: loss=2.2286, RMSE_E_per_atom=6.0 meV, RMSE_F=149.2 meV / A, RMSE_Mu_per_atom=4.33 mDebye
2023-12-29 02:42:14.352 INFO: Epoch 652: loss=2.1895, RMSE_E_per_atom=5.3 meV, RMSE_F=147.9 meV / A, RMSE_Mu_per_atom=4.34 mDebye
2023-12-29 02:42:15.286 INFO: Epoch 654: loss=2.2302, RMSE_E_per_atom=4.8 meV, RMSE_F=149.3 meV / A, RMSE_Mu_per_atom=4.27 mDebye
2023-12-29 02:42:16.217 INFO: Epoch 656: loss=2.2695, RMSE_E_per_atom=5.0 meV, RMSE_F=150.6 meV / A, RMSE_Mu_per_atom=4.52 mDebye
2023-12-29 02:42:17.148 INFO: Epoch 658: loss=2.1833, RMSE_E_per_atom=4.9 meV, RMSE_F=147.7 meV / A, RMSE_Mu_per_atom=4.45 mDebye
2023-12-29 02:42:18.078 INFO: Epoch 660: loss=2.2827, RMSE_E_per_atom=4.8 meV, RMSE_F=151.0 meV / A, RMSE_Mu_per_atom=4.22 mDebye
2023-12-29 02:42:19.008 INFO: Epoch 662: loss=2.2484, RMSE_E_per_atom=5.2 meV, RMSE_F=149.9 meV / A, RMSE_Mu_per_atom=4.41 mDebye
2023-12-29 02:42:19.936 INFO: Epoch 664: loss=2.2468, RMSE_E_per_atom=4.8 meV, RMSE_F=149.8 meV / A, RMSE_Mu_per_atom=4.47 mDebye
2023-12-29 02:42:20.862 INFO: Epoch 666: loss=2.2582, RMSE_E_per_atom=5.4 meV, RMSE_F=150.2 meV / A, RMSE_Mu_per_atom=4.34 mDebye
2023-12-29 02:42:21.789 INFO: Epoch 668: loss=2.2524, RMSE_E_per_atom=5.1 meV, RMSE_F=150.0 meV / A, RMSE_Mu_per_atom=4.24 mDebye
2023-12-29 02:42:22.720 INFO: Epoch 670: loss=2.2669, RMSE_E_per_atom=5.0 meV, RMSE_F=150.5 meV / A, RMSE_Mu_per_atom=4.28 mDebye
2023-12-29 02:42:23.652 INFO: Epoch 672: loss=2.2902, RMSE_E_per_atom=4.8 meV, RMSE_F=151.3 meV / A, RMSE_Mu_per_atom=4.25 mDebye
2023-12-29 02:42:24.579 INFO: Epoch 674: loss=2.3065, RMSE_E_per_atom=5.1 meV, RMSE_F=151.8 meV / A, RMSE_Mu_per_atom=4.38 mDebye
2023-12-29 02:42:25.507 INFO: Epoch 676: loss=2.1902, RMSE_E_per_atom=5.1 meV, RMSE_F=147.9 meV / A, RMSE_Mu_per_atom=4.57 mDebye
2023-12-29 02:42:26.446 INFO: Epoch 678: loss=2.2945, RMSE_E_per_atom=4.3 meV, RMSE_F=151.4 meV / A, RMSE_Mu_per_atom=4.25 mDebye
2023-12-29 02:42:27.378 INFO: Epoch 680: loss=2.2534, RMSE_E_per_atom=5.0 meV, RMSE_F=150.0 meV / A, RMSE_Mu_per_atom=4.35 mDebye
2023-12-29 02:42:28.308 INFO: Epoch 682: loss=2.2304, RMSE_E_per_atom=5.3 meV, RMSE_F=149.3 meV / A, RMSE_Mu_per_atom=4.36 mDebye
2023-12-29 02:42:29.236 INFO: Epoch 684: loss=2.2500, RMSE_E_per_atom=4.6 meV, RMSE_F=149.9 meV / A, RMSE_Mu_per_atom=4.36 mDebye
2023-12-29 02:42:30.164 INFO: Epoch 686: loss=2.2660, RMSE_E_per_atom=5.3 meV, RMSE_F=150.5 meV / A, RMSE_Mu_per_atom=4.41 mDebye
2023-12-29 02:42:31.092 INFO: Epoch 688: loss=2.3696, RMSE_E_per_atom=4.5 meV, RMSE_F=153.9 meV / A, RMSE_Mu_per_atom=4.23 mDebye
2023-12-29 02:42:32.020 INFO: Epoch 690: loss=2.2507, RMSE_E_per_atom=4.7 meV, RMSE_F=150.0 meV / A, RMSE_Mu_per_atom=4.37 mDebye
2023-12-29 02:42:32.949 INFO: Epoch 692: loss=2.3616, RMSE_E_per_atom=4.5 meV, RMSE_F=153.6 meV / A, RMSE_Mu_per_atom=4.16 mDebye
2023-12-29 02:42:33.879 INFO: Epoch 694: loss=2.2159, RMSE_E_per_atom=5.0 meV, RMSE_F=148.8 meV / A, RMSE_Mu_per_atom=4.32 mDebye
2023-12-29 02:42:34.808 INFO: Epoch 696: loss=2.3409, RMSE_E_per_atom=4.3 meV, RMSE_F=152.9 meV / A, RMSE_Mu_per_atom=4.49 mDebye
2023-12-29 02:42:35.737 INFO: Epoch 698: loss=2.3189, RMSE_E_per_atom=5.2 meV, RMSE_F=152.2 meV / A, RMSE_Mu_per_atom=4.43 mDebye
2023-12-29 02:42:36.664 INFO: Epoch 700: loss=2.2676, RMSE_E_per_atom=4.5 meV, RMSE_F=150.5 meV / A, RMSE_Mu_per_atom=4.33 mDebye
2023-12-29 02:42:37.595 INFO: Epoch 702: loss=2.2643, RMSE_E_per_atom=4.6 meV, RMSE_F=150.4 meV / A, RMSE_Mu_per_atom=4.36 mDebye
2023-12-29 02:42:38.523 INFO: Epoch 704: loss=2.3455, RMSE_E_per_atom=4.5 meV, RMSE_F=153.1 meV / A, RMSE_Mu_per_atom=4.36 mDebye
2023-12-29 02:42:39.453 INFO: Epoch 706: loss=2.3633, RMSE_E_per_atom=4.9 meV, RMSE_F=153.7 meV / A, RMSE_Mu_per_atom=4.26 mDebye
2023-12-29 02:42:40.382 INFO: Epoch 708: loss=2.3309, RMSE_E_per_atom=5.0 meV, RMSE_F=152.6 meV / A, RMSE_Mu_per_atom=4.27 mDebye
2023-12-29 02:42:41.309 INFO: Epoch 710: loss=2.3569, RMSE_E_per_atom=4.6 meV, RMSE_F=153.5 meV / A, RMSE_Mu_per_atom=4.27 mDebye
2023-12-29 02:42:42.238 INFO: Epoch 712: loss=2.3684, RMSE_E_per_atom=5.2 meV, RMSE_F=153.8 meV / A, RMSE_Mu_per_atom=4.29 mDebye
2023-12-29 02:42:43.167 INFO: Epoch 714: loss=2.3347, RMSE_E_per_atom=4.7 meV, RMSE_F=152.7 meV / A, RMSE_Mu_per_atom=4.26 mDebye
2023-12-29 02:42:44.095 INFO: Epoch 716: loss=2.3295, RMSE_E_per_atom=4.1 meV, RMSE_F=152.6 meV / A, RMSE_Mu_per_atom=4.22 mDebye
2023-12-29 02:42:45.021 INFO: Epoch 718: loss=2.3338, RMSE_E_per_atom=4.6 meV, RMSE_F=152.7 meV / A, RMSE_Mu_per_atom=4.31 mDebye
2023-12-29 02:42:45.948 INFO: Epoch 720: loss=2.3655, RMSE_E_per_atom=5.4 meV, RMSE_F=153.7 meV / A, RMSE_Mu_per_atom=4.41 mDebye
2023-12-29 02:42:46.874 INFO: Epoch 722: loss=2.2801, RMSE_E_per_atom=4.7 meV, RMSE_F=150.9 meV / A, RMSE_Mu_per_atom=4.44 mDebye
2023-12-29 02:42:47.801 INFO: Epoch 724: loss=2.2810, RMSE_E_per_atom=4.5 meV, RMSE_F=151.0 meV / A, RMSE_Mu_per_atom=4.29 mDebye
2023-12-29 02:42:48.728 INFO: Epoch 726: loss=2.4022, RMSE_E_per_atom=4.7 meV, RMSE_F=154.9 meV / A, RMSE_Mu_per_atom=4.39 mDebye
2023-12-29 02:42:49.655 INFO: Epoch 728: loss=2.3975, RMSE_E_per_atom=4.3 meV, RMSE_F=154.8 meV / A, RMSE_Mu_per_atom=4.34 mDebye
2023-12-29 02:42:50.582 INFO: Epoch 730: loss=2.3048, RMSE_E_per_atom=4.9 meV, RMSE_F=151.8 meV / A, RMSE_Mu_per_atom=4.32 mDebye
2023-12-29 02:42:51.512 INFO: Epoch 732: loss=2.3241, RMSE_E_per_atom=4.6 meV, RMSE_F=152.4 meV / A, RMSE_Mu_per_atom=4.31 mDebye
2023-12-29 02:42:52.440 INFO: Epoch 734: loss=2.3193, RMSE_E_per_atom=4.8 meV, RMSE_F=152.2 meV / A, RMSE_Mu_per_atom=4.24 mDebye
2023-12-29 02:42:53.370 INFO: Epoch 736: loss=2.3343, RMSE_E_per_atom=4.8 meV, RMSE_F=152.7 meV / A, RMSE_Mu_per_atom=4.35 mDebye
2023-12-29 02:42:54.298 INFO: Epoch 738: loss=2.3697, RMSE_E_per_atom=5.2 meV, RMSE_F=153.9 meV / A, RMSE_Mu_per_atom=4.32 mDebye
2023-12-29 02:42:55.225 INFO: Epoch 740: loss=2.3678, RMSE_E_per_atom=4.7 meV, RMSE_F=153.8 meV / A, RMSE_Mu_per_atom=4.23 mDebye
2023-12-29 02:42:56.153 INFO: Epoch 742: loss=2.3576, RMSE_E_per_atom=4.7 meV, RMSE_F=153.5 meV / A, RMSE_Mu_per_atom=4.25 mDebye
2023-12-29 02:42:57.080 INFO: Epoch 744: loss=2.2864, RMSE_E_per_atom=4.8 meV, RMSE_F=151.1 meV / A, RMSE_Mu_per_atom=4.27 mDebye
2023-12-29 02:42:58.006 INFO: Epoch 746: loss=2.3715, RMSE_E_per_atom=4.8 meV, RMSE_F=153.9 meV / A, RMSE_Mu_per_atom=4.35 mDebye
2023-12-29 02:42:58.933 INFO: Epoch 748: loss=2.3467, RMSE_E_per_atom=4.4 meV, RMSE_F=153.1 meV / A, RMSE_Mu_per_atom=4.36 mDebye
2023-12-29 02:42:59.861 INFO: Epoch 750: loss=2.3553, RMSE_E_per_atom=4.5 meV, RMSE_F=153.4 meV / A, RMSE_Mu_per_atom=4.43 mDebye
2023-12-29 02:43:00.787 INFO: Epoch 752: loss=2.3564, RMSE_E_per_atom=5.1 meV, RMSE_F=153.4 meV / A, RMSE_Mu_per_atom=4.46 mDebye
2023-12-29 02:43:01.714 INFO: Epoch 754: loss=2.3681, RMSE_E_per_atom=5.1 meV, RMSE_F=153.8 meV / A, RMSE_Mu_per_atom=4.42 mDebye
2023-12-29 02:43:02.640 INFO: Epoch 756: loss=2.3900, RMSE_E_per_atom=4.7 meV, RMSE_F=154.5 meV / A, RMSE_Mu_per_atom=4.24 mDebye
2023-12-29 02:43:03.569 INFO: Epoch 758: loss=2.3801, RMSE_E_per_atom=5.3 meV, RMSE_F=154.2 meV / A, RMSE_Mu_per_atom=4.30 mDebye
2023-12-29 02:43:04.496 INFO: Epoch 760: loss=2.3896, RMSE_E_per_atom=4.8 meV, RMSE_F=154.5 meV / A, RMSE_Mu_per_atom=4.24 mDebye
2023-12-29 02:43:05.423 INFO: Epoch 762: loss=2.3553, RMSE_E_per_atom=4.8 meV, RMSE_F=153.4 meV / A, RMSE_Mu_per_atom=4.34 mDebye
2023-12-29 02:43:06.351 INFO: Epoch 764: loss=2.3604, RMSE_E_per_atom=4.7 meV, RMSE_F=153.6 meV / A, RMSE_Mu_per_atom=4.31 mDebye
2023-12-29 02:43:07.280 INFO: Epoch 766: loss=2.3602, RMSE_E_per_atom=5.2 meV, RMSE_F=153.6 meV / A, RMSE_Mu_per_atom=4.15 mDebye
2023-12-29 02:43:08.208 INFO: Epoch 768: loss=2.4285, RMSE_E_per_atom=4.7 meV, RMSE_F=155.8 meV / A, RMSE_Mu_per_atom=4.20 mDebye
2023-12-29 02:43:09.136 INFO: Epoch 770: loss=2.3949, RMSE_E_per_atom=5.0 meV, RMSE_F=154.7 meV / A, RMSE_Mu_per_atom=4.30 mDebye
2023-12-29 02:43:10.065 INFO: Epoch 772: loss=2.4022, RMSE_E_per_atom=4.6 meV, RMSE_F=154.9 meV / A, RMSE_Mu_per_atom=4.37 mDebye
2023-12-29 02:43:10.995 INFO: Epoch 774: loss=2.3871, RMSE_E_per_atom=5.4 meV, RMSE_F=154.4 meV / A, RMSE_Mu_per_atom=4.32 mDebye
2023-12-29 02:43:11.925 INFO: Epoch 776: loss=2.3936, RMSE_E_per_atom=4.7 meV, RMSE_F=154.7 meV / A, RMSE_Mu_per_atom=4.26 mDebye
2023-12-29 02:43:12.851 INFO: Epoch 778: loss=2.3714, RMSE_E_per_atom=4.7 meV, RMSE_F=153.9 meV / A, RMSE_Mu_per_atom=4.36 mDebye
2023-12-29 02:43:13.781 INFO: Epoch 780: loss=2.3940, RMSE_E_per_atom=4.8 meV, RMSE_F=154.7 meV / A, RMSE_Mu_per_atom=4.26 mDebye
2023-12-29 02:43:14.708 INFO: Epoch 782: loss=2.3912, RMSE_E_per_atom=4.7 meV, RMSE_F=154.6 meV / A, RMSE_Mu_per_atom=4.36 mDebye
2023-12-29 02:43:15.634 INFO: Epoch 784: loss=2.3762, RMSE_E_per_atom=4.6 meV, RMSE_F=154.1 meV / A, RMSE_Mu_per_atom=4.40 mDebye
2023-12-29 02:43:16.561 INFO: Epoch 786: loss=2.4511, RMSE_E_per_atom=5.1 meV, RMSE_F=156.5 meV / A, RMSE_Mu_per_atom=4.35 mDebye
2023-12-29 02:43:17.489 INFO: Epoch 788: loss=2.4373, RMSE_E_per_atom=5.0 meV, RMSE_F=156.1 meV / A, RMSE_Mu_per_atom=4.34 mDebye
2023-12-29 02:43:18.419 INFO: Epoch 790: loss=2.3873, RMSE_E_per_atom=4.9 meV, RMSE_F=154.4 meV / A, RMSE_Mu_per_atom=4.38 mDebye
2023-12-29 02:43:19.347 INFO: Epoch 792: loss=2.3871, RMSE_E_per_atom=5.3 meV, RMSE_F=154.4 meV / A, RMSE_Mu_per_atom=4.27 mDebye
2023-12-29 02:43:20.277 INFO: Epoch 794: loss=2.4207, RMSE_E_per_atom=5.1 meV, RMSE_F=155.5 meV / A, RMSE_Mu_per_atom=4.29 mDebye
2023-12-29 02:43:21.205 INFO: Epoch 796: loss=2.4284, RMSE_E_per_atom=5.2 meV, RMSE_F=155.8 meV / A, RMSE_Mu_per_atom=4.34 mDebye
2023-12-29 02:43:22.135 INFO: Epoch 798: loss=2.4195, RMSE_E_per_atom=4.9 meV, RMSE_F=155.5 meV / A, RMSE_Mu_per_atom=4.32 mDebye
2023-12-29 02:43:22.590 INFO: Changing loss based on SWA
2023-12-29 02:43:23.068 INFO: Epoch 800: loss=2.4388, RMSE_E_per_atom=4.9 meV, RMSE_F=155.3 meV / A, RMSE_Mu_per_atom=4.32 mDebye
2023-12-29 02:43:24.270 INFO: Epoch 802: loss=2.4116, RMSE_E_per_atom=5.5 meV, RMSE_F=154.2 meV / A, RMSE_Mu_per_atom=4.36 mDebye
2023-12-29 02:43:25.465 INFO: Epoch 804: loss=2.4239, RMSE_E_per_atom=3.7 meV, RMSE_F=155.2 meV / A, RMSE_Mu_per_atom=4.41 mDebye
2023-12-29 02:43:26.400 INFO: Epoch 806: loss=2.4280, RMSE_E_per_atom=5.1 meV, RMSE_F=154.9 meV / A, RMSE_Mu_per_atom=4.39 mDebye
2023-12-29 02:43:27.335 INFO: Epoch 808: loss=2.4108, RMSE_E_per_atom=4.7 meV, RMSE_F=154.5 meV / A, RMSE_Mu_per_atom=4.40 mDebye
2023-12-29 02:43:28.536 INFO: Epoch 810: loss=2.4418, RMSE_E_per_atom=3.6 meV, RMSE_F=155.8 meV / A, RMSE_Mu_per_atom=4.41 mDebye
2023-12-29 02:43:29.472 INFO: Epoch 812: loss=2.4203, RMSE_E_per_atom=4.4 meV, RMSE_F=154.9 meV / A, RMSE_Mu_per_atom=4.37 mDebye
2023-12-29 02:43:30.406 INFO: Epoch 814: loss=2.3913, RMSE_E_per_atom=5.3 meV, RMSE_F=153.7 meV / A, RMSE_Mu_per_atom=4.35 mDebye
2023-12-29 02:43:31.620 INFO: Epoch 816: loss=2.3913, RMSE_E_per_atom=3.6 meV, RMSE_F=154.2 meV / A, RMSE_Mu_per_atom=4.39 mDebye
2023-12-29 02:43:32.821 INFO: Epoch 818: loss=2.4147, RMSE_E_per_atom=6.8 meV, RMSE_F=153.8 meV / A, RMSE_Mu_per_atom=4.40 mDebye
2023-12-29 02:43:33.757 INFO: Epoch 820: loss=2.3901, RMSE_E_per_atom=3.4 meV, RMSE_F=154.2 meV / A, RMSE_Mu_per_atom=4.34 mDebye
2023-12-29 02:43:34.957 INFO: Epoch 822: loss=2.3624, RMSE_E_per_atom=4.6 meV, RMSE_F=153.0 meV / A, RMSE_Mu_per_atom=4.34 mDebye
2023-12-29 02:43:36.158 INFO: Epoch 824: loss=2.3982, RMSE_E_per_atom=6.2 meV, RMSE_F=153.6 meV / A, RMSE_Mu_per_atom=4.38 mDebye
2023-12-29 02:43:37.092 INFO: Epoch 826: loss=2.4038, RMSE_E_per_atom=3.5 meV, RMSE_F=154.6 meV / A, RMSE_Mu_per_atom=4.39 mDebye
2023-12-29 02:43:38.027 INFO: Epoch 828: loss=2.3717, RMSE_E_per_atom=4.1 meV, RMSE_F=153.4 meV / A, RMSE_Mu_per_atom=4.36 mDebye
2023-12-29 02:43:38.962 INFO: Epoch 830: loss=2.4091, RMSE_E_per_atom=4.8 meV, RMSE_F=154.4 meV / A, RMSE_Mu_per_atom=4.37 mDebye
2023-12-29 02:43:39.897 INFO: Epoch 832: loss=2.3956, RMSE_E_per_atom=4.4 meV, RMSE_F=154.1 meV / A, RMSE_Mu_per_atom=4.26 mDebye
2023-12-29 02:43:40.833 INFO: Epoch 834: loss=2.3920, RMSE_E_per_atom=3.7 meV, RMSE_F=154.2 meV / A, RMSE_Mu_per_atom=4.25 mDebye
2023-12-29 02:43:41.767 INFO: Epoch 836: loss=2.4470, RMSE_E_per_atom=7.1 meV, RMSE_F=154.8 meV / A, RMSE_Mu_per_atom=4.25 mDebye
2023-12-29 02:43:42.701 INFO: Epoch 838: loss=2.4339, RMSE_E_per_atom=4.0 meV, RMSE_F=155.4 meV / A, RMSE_Mu_per_atom=4.28 mDebye
2023-12-29 02:43:43.635 INFO: Epoch 840: loss=2.4249, RMSE_E_per_atom=6.8 meV, RMSE_F=154.2 meV / A, RMSE_Mu_per_atom=4.40 mDebye
2023-12-29 02:43:44.569 INFO: Epoch 842: loss=2.3736, RMSE_E_per_atom=3.4 meV, RMSE_F=153.6 meV / A, RMSE_Mu_per_atom=4.42 mDebye
2023-12-29 02:43:45.531 INFO: Epoch 844: loss=2.4316, RMSE_E_per_atom=6.1 meV, RMSE_F=154.7 meV / A, RMSE_Mu_per_atom=4.38 mDebye
2023-12-29 02:43:46.467 INFO: Epoch 846: loss=2.4108, RMSE_E_per_atom=3.8 meV, RMSE_F=154.8 meV / A, RMSE_Mu_per_atom=4.34 mDebye
2023-12-29 02:43:47.402 INFO: Epoch 848: loss=2.3960, RMSE_E_per_atom=4.4 meV, RMSE_F=154.1 meV / A, RMSE_Mu_per_atom=4.31 mDebye
2023-12-29 02:43:48.335 INFO: Epoch 850: loss=2.3821, RMSE_E_per_atom=4.1 meV, RMSE_F=153.7 meV / A, RMSE_Mu_per_atom=4.31 mDebye
2023-12-29 02:43:49.273 INFO: Epoch 852: loss=2.4032, RMSE_E_per_atom=4.8 meV, RMSE_F=154.2 meV / A, RMSE_Mu_per_atom=4.40 mDebye
2023-12-29 02:43:50.210 INFO: Epoch 854: loss=2.4456, RMSE_E_per_atom=3.8 meV, RMSE_F=155.9 meV / A, RMSE_Mu_per_atom=4.38 mDebye
2023-12-29 02:43:51.144 INFO: Epoch 856: loss=2.4122, RMSE_E_per_atom=5.2 meV, RMSE_F=154.4 meV / A, RMSE_Mu_per_atom=4.31 mDebye
2023-12-29 02:43:52.081 INFO: Epoch 858: loss=2.3775, RMSE_E_per_atom=3.8 meV, RMSE_F=153.7 meV / A, RMSE_Mu_per_atom=4.44 mDebye
2023-12-29 02:43:53.015 INFO: Epoch 860: loss=2.3774, RMSE_E_per_atom=4.6 meV, RMSE_F=153.4 meV / A, RMSE_Mu_per_atom=4.43 mDebye
2023-12-29 02:43:53.949 INFO: Epoch 862: loss=2.4031, RMSE_E_per_atom=5.8 meV, RMSE_F=153.9 meV / A, RMSE_Mu_per_atom=4.40 mDebye
2023-12-29 02:43:54.882 INFO: Epoch 864: loss=2.3888, RMSE_E_per_atom=3.7 meV, RMSE_F=154.1 meV / A, RMSE_Mu_per_atom=4.35 mDebye
2023-12-29 02:43:55.815 INFO: Epoch 866: loss=2.3962, RMSE_E_per_atom=4.3 meV, RMSE_F=154.1 meV / A, RMSE_Mu_per_atom=4.26 mDebye
2023-12-29 02:43:56.747 INFO: Epoch 868: loss=2.3876, RMSE_E_per_atom=5.8 meV, RMSE_F=153.4 meV / A, RMSE_Mu_per_atom=4.25 mDebye
2023-12-29 02:43:57.682 INFO: Epoch 870: loss=2.4071, RMSE_E_per_atom=4.4 meV, RMSE_F=154.5 meV / A, RMSE_Mu_per_atom=4.29 mDebye
2023-12-29 02:43:58.618 INFO: Epoch 872: loss=2.3939, RMSE_E_per_atom=3.5 meV, RMSE_F=154.3 meV / A, RMSE_Mu_per_atom=4.30 mDebye
2023-12-29 02:43:59.553 INFO: Epoch 874: loss=2.3954, RMSE_E_per_atom=5.3 meV, RMSE_F=153.8 meV / A, RMSE_Mu_per_atom=4.31 mDebye
2023-12-29 02:44:00.486 INFO: Epoch 876: loss=2.4050, RMSE_E_per_atom=4.3 meV, RMSE_F=154.4 meV / A, RMSE_Mu_per_atom=4.34 mDebye
2023-12-29 02:44:01.418 INFO: Epoch 878: loss=2.3830, RMSE_E_per_atom=3.4 meV, RMSE_F=153.9 meV / A, RMSE_Mu_per_atom=4.28 mDebye
2023-12-29 02:44:02.353 INFO: Epoch 880: loss=2.4049, RMSE_E_per_atom=5.4 meV, RMSE_F=154.1 meV / A, RMSE_Mu_per_atom=4.37 mDebye
2023-12-29 02:44:03.288 INFO: Epoch 882: loss=2.4223, RMSE_E_per_atom=6.3 meV, RMSE_F=154.3 meV / A, RMSE_Mu_per_atom=4.32 mDebye
2023-12-29 02:44:04.222 INFO: Epoch 884: loss=2.4137, RMSE_E_per_atom=4.2 meV, RMSE_F=154.7 meV / A, RMSE_Mu_per_atom=4.36 mDebye
2023-12-29 02:44:05.156 INFO: Epoch 886: loss=2.3996, RMSE_E_per_atom=3.9 meV, RMSE_F=154.3 meV / A, RMSE_Mu_per_atom=4.30 mDebye
2023-12-29 02:44:06.087 INFO: Epoch 888: loss=2.4099, RMSE_E_per_atom=5.9 meV, RMSE_F=154.0 meV / A, RMSE_Mu_per_atom=4.30 mDebye
2023-12-29 02:44:07.022 INFO: Epoch 890: loss=2.3781, RMSE_E_per_atom=4.0 meV, RMSE_F=153.6 meV / A, RMSE_Mu_per_atom=4.16 mDebye
2023-12-29 02:44:07.957 INFO: Epoch 892: loss=2.4349, RMSE_E_per_atom=6.2 meV, RMSE_F=154.7 meV / A, RMSE_Mu_per_atom=4.32 mDebye
2023-12-29 02:44:08.895 INFO: Epoch 894: loss=2.3947, RMSE_E_per_atom=4.2 meV, RMSE_F=154.1 meV / A, RMSE_Mu_per_atom=4.36 mDebye
2023-12-29 02:44:09.828 INFO: Epoch 896: loss=2.3750, RMSE_E_per_atom=4.6 meV, RMSE_F=153.4 meV / A, RMSE_Mu_per_atom=4.31 mDebye
2023-12-29 02:44:10.761 INFO: Epoch 898: loss=2.4160, RMSE_E_per_atom=5.0 meV, RMSE_F=154.6 meV / A, RMSE_Mu_per_atom=4.32 mDebye
2023-12-29 02:44:11.695 INFO: Epoch 900: loss=2.3643, RMSE_E_per_atom=3.4 meV, RMSE_F=153.3 meV / A, RMSE_Mu_per_atom=4.35 mDebye
2023-12-29 02:44:12.632 INFO: Epoch 902: loss=2.3752, RMSE_E_per_atom=4.2 meV, RMSE_F=153.5 meV / A, RMSE_Mu_per_atom=4.41 mDebye
2023-12-29 02:44:13.567 INFO: Epoch 904: loss=2.3898, RMSE_E_per_atom=4.7 meV, RMSE_F=153.8 meV / A, RMSE_Mu_per_atom=4.39 mDebye
2023-12-29 02:44:14.503 INFO: Epoch 906: loss=2.3869, RMSE_E_per_atom=5.7 meV, RMSE_F=153.4 meV / A, RMSE_Mu_per_atom=4.34 mDebye
2023-12-29 02:44:15.437 INFO: Epoch 908: loss=2.3710, RMSE_E_per_atom=5.4 meV, RMSE_F=153.0 meV / A, RMSE_Mu_per_atom=4.38 mDebye
2023-12-29 02:44:16.374 INFO: Epoch 910: loss=2.3904, RMSE_E_per_atom=3.4 meV, RMSE_F=154.2 meV / A, RMSE_Mu_per_atom=4.40 mDebye
2023-12-29 02:44:17.313 INFO: Epoch 912: loss=2.3594, RMSE_E_per_atom=4.7 meV, RMSE_F=152.8 meV / A, RMSE_Mu_per_atom=4.35 mDebye
2023-12-29 02:44:18.512 INFO: Epoch 914: loss=2.3696, RMSE_E_per_atom=3.5 meV, RMSE_F=153.5 meV / A, RMSE_Mu_per_atom=4.38 mDebye
2023-12-29 02:44:19.447 INFO: Epoch 916: loss=2.3994, RMSE_E_per_atom=6.1 meV, RMSE_F=153.6 meV / A, RMSE_Mu_per_atom=4.35 mDebye
2023-12-29 02:44:20.381 INFO: Epoch 918: loss=2.4020, RMSE_E_per_atom=5.2 meV, RMSE_F=154.0 meV / A, RMSE_Mu_per_atom=4.30 mDebye
2023-12-29 02:44:21.315 INFO: Epoch 920: loss=2.3879, RMSE_E_per_atom=3.5 meV, RMSE_F=154.1 meV / A, RMSE_Mu_per_atom=4.25 mDebye
2023-12-29 02:44:22.250 INFO: Epoch 922: loss=2.4323, RMSE_E_per_atom=7.5 meV, RMSE_F=154.1 meV / A, RMSE_Mu_per_atom=4.34 mDebye
2023-12-29 02:44:23.188 INFO: Epoch 924: loss=2.3989, RMSE_E_per_atom=4.2 meV, RMSE_F=154.2 meV / A, RMSE_Mu_per_atom=4.31 mDebye
2023-12-29 02:44:24.123 INFO: Epoch 926: loss=2.4038, RMSE_E_per_atom=5.0 meV, RMSE_F=154.2 meV / A, RMSE_Mu_per_atom=4.31 mDebye
2023-12-29 02:44:25.056 INFO: Epoch 928: loss=2.3938, RMSE_E_per_atom=5.2 meV, RMSE_F=153.8 meV / A, RMSE_Mu_per_atom=4.30 mDebye
2023-12-29 02:44:25.990 INFO: Epoch 930: loss=2.3854, RMSE_E_per_atom=4.2 meV, RMSE_F=153.8 meV / A, RMSE_Mu_per_atom=4.27 mDebye
2023-12-29 02:44:26.927 INFO: Epoch 932: loss=2.4002, RMSE_E_per_atom=3.9 meV, RMSE_F=154.4 meV / A, RMSE_Mu_per_atom=4.34 mDebye
2023-12-29 02:44:27.862 INFO: Epoch 934: loss=2.3988, RMSE_E_per_atom=6.2 meV, RMSE_F=153.6 meV / A, RMSE_Mu_per_atom=4.30 mDebye
2023-12-29 02:44:28.798 INFO: Epoch 936: loss=2.4017, RMSE_E_per_atom=3.6 meV, RMSE_F=154.5 meV / A, RMSE_Mu_per_atom=4.34 mDebye
2023-12-29 02:44:29.732 INFO: Epoch 938: loss=2.3974, RMSE_E_per_atom=3.6 meV, RMSE_F=154.3 meV / A, RMSE_Mu_per_atom=4.27 mDebye
2023-12-29 02:44:30.666 INFO: Epoch 940: loss=2.4152, RMSE_E_per_atom=5.4 meV, RMSE_F=154.4 meV / A, RMSE_Mu_per_atom=4.31 mDebye
2023-12-29 02:44:31.600 INFO: Epoch 942: loss=2.3929, RMSE_E_per_atom=4.9 meV, RMSE_F=153.8 meV / A, RMSE_Mu_per_atom=4.29 mDebye
2023-12-29 02:44:32.532 INFO: Epoch 944: loss=2.3829, RMSE_E_per_atom=5.0 meV, RMSE_F=153.5 meV / A, RMSE_Mu_per_atom=4.27 mDebye
2023-12-29 02:44:33.465 INFO: Epoch 946: loss=2.3842, RMSE_E_per_atom=5.2 meV, RMSE_F=153.5 meV / A, RMSE_Mu_per_atom=4.33 mDebye
2023-12-29 02:44:34.398 INFO: Epoch 948: loss=2.3853, RMSE_E_per_atom=6.1 meV, RMSE_F=153.2 meV / A, RMSE_Mu_per_atom=4.41 mDebye
2023-12-29 02:44:35.331 INFO: Epoch 950: loss=2.4404, RMSE_E_per_atom=4.7 meV, RMSE_F=155.5 meV / A, RMSE_Mu_per_atom=4.31 mDebye
2023-12-29 02:44:36.267 INFO: Epoch 952: loss=2.3936, RMSE_E_per_atom=4.5 meV, RMSE_F=154.0 meV / A, RMSE_Mu_per_atom=4.34 mDebye
2023-12-29 02:44:37.202 INFO: Epoch 954: loss=2.4202, RMSE_E_per_atom=5.6 meV, RMSE_F=154.5 meV / A, RMSE_Mu_per_atom=4.29 mDebye
2023-12-29 02:44:38.135 INFO: Epoch 956: loss=2.3794, RMSE_E_per_atom=3.7 meV, RMSE_F=153.7 meV / A, RMSE_Mu_per_atom=4.32 mDebye
2023-12-29 02:44:39.072 INFO: Epoch 958: loss=2.3660, RMSE_E_per_atom=4.8 meV, RMSE_F=153.0 meV / A, RMSE_Mu_per_atom=4.30 mDebye
2023-12-29 02:44:40.006 INFO: Epoch 960: loss=2.3905, RMSE_E_per_atom=4.2 meV, RMSE_F=154.0 meV / A, RMSE_Mu_per_atom=4.37 mDebye
2023-12-29 02:44:40.941 INFO: Epoch 962: loss=2.4332, RMSE_E_per_atom=4.0 meV, RMSE_F=155.4 meV / A, RMSE_Mu_per_atom=4.37 mDebye
2023-12-29 02:44:41.876 INFO: Epoch 964: loss=2.4129, RMSE_E_per_atom=6.8 meV, RMSE_F=153.8 meV / A, RMSE_Mu_per_atom=4.32 mDebye
2023-12-29 02:44:42.812 INFO: Epoch 966: loss=2.4036, RMSE_E_per_atom=4.2 meV, RMSE_F=154.4 meV / A, RMSE_Mu_per_atom=4.28 mDebye
2023-12-29 02:44:43.750 INFO: Epoch 968: loss=2.3799, RMSE_E_per_atom=4.5 meV, RMSE_F=153.5 meV / A, RMSE_Mu_per_atom=4.30 mDebye
2023-12-29 02:44:44.685 INFO: Epoch 970: loss=2.4001, RMSE_E_per_atom=4.2 meV, RMSE_F=154.3 meV / A, RMSE_Mu_per_atom=4.28 mDebye
2023-12-29 02:44:45.618 INFO: Epoch 972: loss=2.3549, RMSE_E_per_atom=4.2 meV, RMSE_F=152.8 meV / A, RMSE_Mu_per_atom=4.28 mDebye
2023-12-29 02:44:46.817 INFO: Epoch 974: loss=2.3879, RMSE_E_per_atom=5.9 meV, RMSE_F=153.3 meV / A, RMSE_Mu_per_atom=4.32 mDebye
2023-12-29 02:44:47.752 INFO: Epoch 976: loss=2.3919, RMSE_E_per_atom=4.4 meV, RMSE_F=154.0 meV / A, RMSE_Mu_per_atom=4.41 mDebye
2023-12-29 02:44:48.685 INFO: Epoch 978: loss=2.3752, RMSE_E_per_atom=4.1 meV, RMSE_F=153.5 meV / A, RMSE_Mu_per_atom=4.43 mDebye
2023-12-29 02:44:49.620 INFO: Epoch 980: loss=2.3959, RMSE_E_per_atom=3.5 meV, RMSE_F=154.3 meV / A, RMSE_Mu_per_atom=4.37 mDebye
2023-12-29 02:44:50.554 INFO: Epoch 982: loss=2.3934, RMSE_E_per_atom=5.2 meV, RMSE_F=153.8 meV / A, RMSE_Mu_per_atom=4.32 mDebye
2023-12-29 02:44:51.491 INFO: Epoch 984: loss=2.3453, RMSE_E_per_atom=4.4 meV, RMSE_F=152.5 meV / A, RMSE_Mu_per_atom=4.30 mDebye
2023-12-29 02:44:52.691 INFO: Epoch 986: loss=2.3188, RMSE_E_per_atom=3.7 meV, RMSE_F=151.8 meV / A, RMSE_Mu_per_atom=4.33 mDebye
2023-12-29 02:44:53.894 INFO: Epoch 988: loss=2.4094, RMSE_E_per_atom=5.4 meV, RMSE_F=154.2 meV / A, RMSE_Mu_per_atom=4.34 mDebye
2023-12-29 02:44:54.828 INFO: Epoch 990: loss=2.3914, RMSE_E_per_atom=5.2 meV, RMSE_F=153.7 meV / A, RMSE_Mu_per_atom=4.35 mDebye
2023-12-29 02:44:55.760 INFO: Epoch 992: loss=2.3912, RMSE_E_per_atom=3.5 meV, RMSE_F=154.2 meV / A, RMSE_Mu_per_atom=4.31 mDebye
2023-12-29 02:44:56.697 INFO: Epoch 994: loss=2.4151, RMSE_E_per_atom=5.8 meV, RMSE_F=154.3 meV / A, RMSE_Mu_per_atom=4.32 mDebye
2023-12-29 02:44:57.633 INFO: Epoch 996: loss=2.3885, RMSE_E_per_atom=3.8 meV, RMSE_F=154.0 meV / A, RMSE_Mu_per_atom=4.34 mDebye
2023-12-29 02:44:58.568 INFO: Epoch 998: loss=2.3668, RMSE_E_per_atom=3.4 meV, RMSE_F=153.4 meV / A, RMSE_Mu_per_atom=4.36 mDebye
2023-12-29 02:44:59.029 INFO: Training complete
2023-12-29 02:44:59.030 INFO: Computing metrics for training, validation, and test sets
2023-12-29 02:44:59.032 INFO: Loading checkpoint: checkpoints/ox_gs_rattled_50x6b_run-2345_epoch-384.pt
2023-12-29 02:44:59.061 INFO: Loaded model from epoch 384
2023-12-29 02:44:59.116 INFO: Evaluating train ...
2023-12-29 02:44:59.310 INFO: Evaluating valid ...
2023-12-29 02:44:59.388 INFO: Evaluating Default ...
2023-12-29 02:44:59.602 INFO: 
+-------------+---------------------+------------------+--------------+-------------------------+---------------+
| config_type | RMSE E / meV / atom | RMSE F / meV / A | rel F RMSE % | RMSE MU / mDebye / atom | rel MU RMSE % |
+-------------+---------------------+------------------+--------------+-------------------------+---------------+
|    train    |         15.0        |       64.6       |     2.9      |           3.2           |      7.0      |
|    valid    |         17.6        |      113.7       |     5.6      |           4.7           |      10.5     |
|   Default   |         15.1        |       67.9       |     3.0      |           3.3           |      7.2      |
+-------------+---------------------+------------------+--------------+-------------------------+---------------+
2023-12-29 02:44:59.603 INFO: Saving model to checkpoints/ox_gs_rattled_50x6b_run-2345.model
2023-12-29 02:45:00.103 INFO: Loading checkpoint: checkpoints/ox_gs_rattled_50x6b_run-2345_epoch-986_swa.pt
2023-12-29 02:45:00.131 INFO: Loaded model from epoch 986
2023-12-29 02:45:00.186 INFO: Evaluating train ...
2023-12-29 02:45:00.379 INFO: Evaluating valid ...
2023-12-29 02:45:00.457 INFO: Evaluating Default ...
2023-12-29 02:45:00.665 INFO: 
+-------------+---------------------+------------------+--------------+-------------------------+---------------+
| config_type | RMSE E / meV / atom | RMSE F / meV / A | rel F RMSE % | RMSE MU / mDebye / atom | rel MU RMSE % |
+-------------+---------------------+------------------+--------------+-------------------------+---------------+
|    train    |         3.7         |       29.4       |     1.3      |           2.7           |      6.0      |
|    valid    |         3.7         |      151.8       |     7.5      |           4.3           |      9.6      |
|   Default   |         3.7         |       44.4       |     2.0      |           2.8           |      6.2      |
+-------------+---------------------+------------------+--------------+-------------------------+---------------+
2023-12-29 02:45:00.665 INFO: Saving model to checkpoints/ox_gs_rattled_50x6b_run-2345_swa.model
2023-12-29 02:45:01.164 INFO: Done
