2023-12-06 15:29:51.596 INFO: MACE version: 0.2.0
2023-12-06 15:29:51.596 INFO: Configuration: Namespace(name='ox_gs_rattled_50x1e', seed=5678, log_dir='logs', model_dir='.', checkpoints_dir='checkpoints', results_dir='results', downloads_dir='downloads', device='cuda', default_dtype='float64', log_level='INFO', error_table='EnergyDipoleRMSE', model='EnergyDipolesMACE', r_max=5.0, num_radial_basis=8, num_cutoff_basis=5, interaction='RealAgnosticResidualInteractionBlock', interaction_first='RealAgnosticResidualInteractionBlock', max_ell=3, correlation=3, num_interactions=2, MLP_irreps='16x0e', radial_MLP='[64, 64, 64]', hidden_irreps='32x0e + 32x1o + 32x2e', num_channels=None, max_L=None, gate='silu', scaling='rms_forces_scaling', avg_num_neighbors=1.0, compute_avg_num_neighbors=True, compute_stress=True, compute_forces=True, train_file='ox_gs_rattled_50x1e_train.xyz', valid_file=None, valid_fraction=0.05, test_file='ox_gs_rattled_50x1e_train.xyz', E0s='{6: -1034.7672562939947, 1: -13.74018495096079, 8: -2057.26969300199}', energy_key='energy', forces_key='forces', virials_key='virials', stress_key='stress', dipole_key='dipole', charges_key='charges', loss='energy_forces_dipole', forces_weight=100.0, swa_forces_weight=100.0, energy_weight=1.0, swa_energy_weight=1000.0, virials_weight=1.0, swa_virials_weight=10.0, stress_weight=1.0, swa_stress_weight=10.0, dipole_weight=1.0, swa_dipole_weight=1.0, config_type_weights='{"Default":1.0}', huber_delta=0.01, optimizer='adam', batch_size=16, valid_batch_size=16, lr=0.01, swa_lr=0.001, weight_decay=5e-07, amsgrad=True, scheduler='ReduceLROnPlateau', lr_factor=0.8, scheduler_patience=50, lr_scheduler_gamma=0.9993, swa=True, start_swa=800, ema=False, ema_decay=0.99, max_num_epochs=1000, patience=2048, eval_interval=2, keep_checkpoints=False, restart_latest=True, save_cpu=False, clip_grad=10.0, wandb=False, wandb_project='', wandb_entity='', wandb_name='', wandb_log_hypers=['num_channels', 'max_L', 'correlation', 'lr', 'swa_lr', 'weight_decay', 'batch_size', 'max_num_epochs', 'start_swa', 'energy_weight', 'forces_weight'])
2023-12-06 15:29:51.632 INFO: CUDA version: 11.7, CUDA device: 0
2023-12-06 15:29:51.652 INFO: Loaded 50 training configurations from 'ox_gs_rattled_50x1e_train.xyz'
2023-12-06 15:29:51.652 INFO: Using random 5.0% of training set for validation
2023-12-06 15:29:51.668 INFO: Loaded 50 test configurations from 'ox_gs_rattled_50x1e_train.xyz'
2023-12-06 15:29:51.668 INFO: Total number of configurations: train=48, valid=2, tests=[Default: 50]
2023-12-06 15:29:51.668 INFO: AtomicNumberTable: (1, 6, 8)
2023-12-06 15:29:51.668 INFO: Atomic Energies not in training file, using command line argument E0s
2023-12-06 15:29:51.668 INFO: Atomic energies: [-13.74018495096079, -1034.7672562939947, -2057.26969300199]
2023-12-06 15:29:51.712 INFO: WeightedEnergyForcesDipoleLoss(energy_weight=1.000, forces_weight=100.000, dipole_weight=1.000)
2023-12-06 15:29:51.717 INFO: Average number of neighbors: 6.0
2023-12-06 15:29:51.717 INFO: Selected the following outputs: {'energy': True, 'forces': True, 'virials': False, 'stress': False, 'dipoles': True}
2023-12-06 15:29:51.718 INFO: Building model
2023-12-06 15:29:51.718 INFO: Hidden irreps: 32x0e + 32x1o + 32x2e
2023-12-06 15:29:53.173 INFO: Using stochastic weight averaging (after 800 epochs) with energy weight : 1000.0, forces weight : 100.0, dipole weight : 1.0 and learning rate : 0.001
2023-12-06 15:29:53.232 WARNING: Cannot find checkpoint with tag 'ox_gs_rattled_50x1e_run-5678' in 'checkpoints'
2023-12-06 15:29:53.233 INFO: EnergyDipolesMACE(
  (node_embedding): LinearNodeEmbeddingBlock(
    (linear): Linear(3x0e -> 32x0e | 96 weights)
  )
  (radial_embedding): RadialEmbeddingBlock(
    (bessel_fn): BesselBasis(r_max=5.0, num_basis=8, trainable=False)
    (cutoff_fn): PolynomialCutoff(p=5.0, r_max=5.0)
  )
  (spherical_harmonics): SphericalHarmonics()
  (atomic_energies_fn): AtomicEnergiesBlock(energies=[-13.7402, -1034.7673, -2057.2697])
  (interactions): ModuleList(
    (0): RealAgnosticInteractionBlock(
      (linear_up): Linear(32x0e -> 32x0e | 1024 weights)
      (conv_tp): TensorProduct(32x0e x 1x0e+1x1o+1x2e+1x3o -> 32x0e+32x1o+32x2e+32x3o | 128 paths | 128 weights)
      (conv_tp_weights): FullyConnectedNet[8, 64, 64, 64, 128]
      (linear): Linear(32x0e+32x1o+32x2e+32x3o -> 32x0e+32x1o+32x2e+32x3o | 4096 weights)
      (skip_tp): FullyConnectedTensorProduct(32x0e+32x1o+32x2e+32x3o x 3x0e -> 32x0e+32x1o+32x2e+32x3o | 12288 paths | 12288 weights)
      (reshape): reshape_irreps()
    )
    (1): RealAgnosticResidualInteractionBlock(
      (linear_up): Linear(32x0e+32x1o+32x2e -> 32x0e+32x1o+32x2e | 3072 weights)
      (conv_tp): TensorProduct(32x0e+32x1o+32x2e x 1x0e+1x1o+1x2e+1x3o -> 96x0e+160x1o+160x2e+128x3o | 544 paths | 544 weights)
      (conv_tp_weights): FullyConnectedNet[8, 64, 64, 64, 544]
      (linear): Linear(96x0e+160x1o+160x2e+128x3o -> 32x0e+32x1o+32x2e+32x3o | 17408 weights)
      (skip_tp): FullyConnectedTensorProduct(32x0e+32x1o+32x2e x 3x0e -> 32x0e+32x1o | 6144 paths | 6144 weights)
      (reshape): reshape_irreps()
    )
  )
  (products): ModuleList(
    (0): EquivariantProductBasisBlock(
      (symmetric_contractions): SymmetricContraction(
        (contractions): ModuleList(
          (0): Contraction(
            (contractions_weighting): ModuleList(
              (0-1): 2 x GraphModule()
            )
            (contractions_features): ModuleList(
              (0-1): 2 x GraphModule()
            )
            (weights): ParameterList(
                (0): Parameter containing: [torch.float64 of size 3x4x32 (GPU 0)]
                (1): Parameter containing: [torch.float64 of size 3x1x32 (GPU 0)]
            )
            (graph_opt_main): GraphModule()
          )
          (1): Contraction(
            (contractions_weighting): ModuleList(
              (0-1): 2 x GraphModule()
            )
            (contractions_features): ModuleList(
              (0-1): 2 x GraphModule()
            )
            (weights): ParameterList(
                (0): Parameter containing: [torch.float64 of size 3x6x32 (GPU 0)]
                (1): Parameter containing: [torch.float64 of size 3x1x32 (GPU 0)]
            )
            (graph_opt_main): GraphModule()
          )
          (2): Contraction(
            (contractions_weighting): ModuleList(
              (0-1): 2 x GraphModule()
            )
            (contractions_features): ModuleList(
              (0-1): 2 x GraphModule()
            )
            (weights): ParameterList(
                (0): Parameter containing: [torch.float64 of size 3x7x32 (GPU 0)]
                (1): Parameter containing: [torch.float64 of size 3x1x32 (GPU 0)]
            )
            (graph_opt_main): GraphModule()
          )
        )
      )
      (linear): Linear(32x0e+32x1o+32x2e -> 32x0e+32x1o+32x2e | 3072 weights)
    )
    (1): EquivariantProductBasisBlock(
      (symmetric_contractions): SymmetricContraction(
        (contractions): ModuleList(
          (0): Contraction(
            (contractions_weighting): ModuleList(
              (0-1): 2 x GraphModule()
            )
            (contractions_features): ModuleList(
              (0-1): 2 x GraphModule()
            )
            (weights): ParameterList(
                (0): Parameter containing: [torch.float64 of size 3x4x32 (GPU 0)]
                (1): Parameter containing: [torch.float64 of size 3x1x32 (GPU 0)]
            )
            (graph_opt_main): GraphModule()
          )
          (1): Contraction(
            (contractions_weighting): ModuleList(
              (0-1): 2 x GraphModule()
            )
            (contractions_features): ModuleList(
              (0-1): 2 x GraphModule()
            )
            (weights): ParameterList(
                (0): Parameter containing: [torch.float64 of size 3x6x32 (GPU 0)]
                (1): Parameter containing: [torch.float64 of size 3x1x32 (GPU 0)]
            )
            (graph_opt_main): GraphModule()
          )
        )
      )
      (linear): Linear(32x0e+32x1o -> 32x0e+32x1o | 2048 weights)
    )
  )
  (readouts): ModuleList(
    (0): LinearDipoleReadoutBlock(
      (linear): Linear(32x0e+32x1o+32x2e -> 1x0e+1x1o | 64 weights)
    )
    (1): NonLinearDipoleReadoutBlock(
      (equivariant_nonlin): Gate (16x0e -> 16x0e)
      (linear_1): Linear(32x0e+32x1o -> 16x0e | 512 weights)
      (linear_2): Linear(16x0e -> 1x0e+1x1o | 16 weights)
    )
  )
)
2023-12-06 15:29:53.234 INFO: Number of parameters: 133776
2023-12-06 15:29:53.234 INFO: Optimizer: Adam (
Parameter Group 0
    amsgrad: True
    betas: (0.9, 0.999)
    capturable: False
    differentiable: False
    eps: 1e-08
    foreach: None
    fused: None
    initial_lr: 0.01
    lr: 0.01
    maximize: False
    name: embedding
    swa_lr: 0.001
    weight_decay: 0.0

Parameter Group 1
    amsgrad: True
    betas: (0.9, 0.999)
    capturable: False
    differentiable: False
    eps: 1e-08
    foreach: None
    fused: None
    initial_lr: 0.01
    lr: 0.01
    maximize: False
    name: interactions_decay
    swa_lr: 0.001
    weight_decay: 5e-07

Parameter Group 2
    amsgrad: True
    betas: (0.9, 0.999)
    capturable: False
    differentiable: False
    eps: 1e-08
    foreach: None
    fused: None
    initial_lr: 0.01
    lr: 0.01
    maximize: False
    name: interactions_no_decay
    swa_lr: 0.001
    weight_decay: 0.0

Parameter Group 3
    amsgrad: True
    betas: (0.9, 0.999)
    capturable: False
    differentiable: False
    eps: 1e-08
    foreach: None
    fused: None
    initial_lr: 0.01
    lr: 0.01
    maximize: False
    name: products
    swa_lr: 0.001
    weight_decay: 5e-07

Parameter Group 4
    amsgrad: True
    betas: (0.9, 0.999)
    capturable: False
    differentiable: False
    eps: 1e-08
    foreach: None
    fused: None
    initial_lr: 0.01
    lr: 0.01
    maximize: False
    name: readouts
    swa_lr: 0.001
    weight_decay: 0.0
)
2023-12-06 15:29:53.234 INFO: Using gradient clipping with tolerance=10.000
2023-12-06 15:29:53.234 INFO: Started training
2023-12-06 15:29:58.740 INFO: Epoch 0: loss=458.6652, RMSE_E_per_atom=164.8 meV, RMSE_F=2141.5 meV / A, RMSE_Mu_per_atom=23.09 mDebye
2023-12-06 15:30:03.066 INFO: Epoch 2: loss=100.7343, RMSE_E_per_atom=1036.9 meV, RMSE_F=998.2 meV / A, RMSE_Mu_per_atom=9.58 mDebye
2023-12-06 15:30:03.888 INFO: Epoch 4: loss=98.0627, RMSE_E_per_atom=1449.1 meV, RMSE_F=979.6 meV / A, RMSE_Mu_per_atom=3.34 mDebye
2023-12-06 15:30:04.712 INFO: Epoch 6: loss=57.2397, RMSE_E_per_atom=978.2 meV, RMSE_F=750.2 meV / A, RMSE_Mu_per_atom=8.06 mDebye
2023-12-06 15:30:05.535 INFO: Epoch 8: loss=28.6158, RMSE_E_per_atom=1241.6 meV, RMSE_F=520.3 meV / A, RMSE_Mu_per_atom=5.22 mDebye
2023-12-06 15:30:06.360 INFO: Epoch 10: loss=21.8451, RMSE_E_per_atom=983.2 meV, RMSE_F=456.9 meV / A, RMSE_Mu_per_atom=5.56 mDebye
2023-12-06 15:30:07.185 INFO: Epoch 12: loss=15.2423, RMSE_E_per_atom=1133.9 meV, RMSE_F=373.4 meV / A, RMSE_Mu_per_atom=11.07 mDebye
2023-12-06 15:30:08.023 INFO: Epoch 14: loss=10.7281, RMSE_E_per_atom=964.2 meV, RMSE_F=312.8 meV / A, RMSE_Mu_per_atom=10.80 mDebye
2023-12-06 15:30:08.848 INFO: Epoch 16: loss=11.8193, RMSE_E_per_atom=981.0 meV, RMSE_F=329.4 meV / A, RMSE_Mu_per_atom=8.79 mDebye
2023-12-06 15:30:09.407 INFO: Epoch 18: loss=9.6656, RMSE_E_per_atom=963.7 meV, RMSE_F=295.5 meV / A, RMSE_Mu_per_atom=7.58 mDebye
2023-12-06 15:30:10.233 INFO: Epoch 20: loss=6.4059, RMSE_E_per_atom=901.6 meV, RMSE_F=236.4 meV / A, RMSE_Mu_per_atom=7.95 mDebye
2023-12-06 15:30:11.056 INFO: Epoch 22: loss=10.2841, RMSE_E_per_atom=906.0 meV, RMSE_F=307.5 meV / A, RMSE_Mu_per_atom=9.15 mDebye
2023-12-06 15:30:11.618 INFO: Epoch 24: loss=8.6551, RMSE_E_per_atom=904.4 meV, RMSE_F=279.8 meV / A, RMSE_Mu_per_atom=7.82 mDebye
2023-12-06 15:30:12.178 INFO: Epoch 26: loss=11.6797, RMSE_E_per_atom=814.5 meV, RMSE_F=331.8 meV / A, RMSE_Mu_per_atom=6.56 mDebye
2023-12-06 15:30:12.742 INFO: Epoch 28: loss=5.0890, RMSE_E_per_atom=799.6 meV, RMSE_F=210.8 meV / A, RMSE_Mu_per_atom=6.39 mDebye
2023-12-06 15:30:13.566 INFO: Epoch 30: loss=7.0802, RMSE_E_per_atom=761.2 meV, RMSE_F=254.9 meV / A, RMSE_Mu_per_atom=6.56 mDebye
2023-12-06 15:30:14.126 INFO: Epoch 32: loss=5.4160, RMSE_E_per_atom=741.5 meV, RMSE_F=220.5 meV / A, RMSE_Mu_per_atom=5.62 mDebye
2023-12-06 15:30:14.685 INFO: Epoch 34: loss=5.4125, RMSE_E_per_atom=714.4 meV, RMSE_F=221.4 meV / A, RMSE_Mu_per_atom=4.97 mDebye
2023-12-06 15:30:15.246 INFO: Epoch 36: loss=5.4682, RMSE_E_per_atom=617.7 meV, RMSE_F=225.5 meV / A, RMSE_Mu_per_atom=5.25 mDebye
2023-12-06 15:30:15.805 INFO: Epoch 38: loss=7.2046, RMSE_E_per_atom=595.6 meV, RMSE_F=261.7 meV / A, RMSE_Mu_per_atom=4.57 mDebye
2023-12-06 15:30:16.365 INFO: Epoch 40: loss=5.0960, RMSE_E_per_atom=573.4 meV, RMSE_F=218.3 meV / A, RMSE_Mu_per_atom=4.12 mDebye
2023-12-06 15:30:16.924 INFO: Epoch 42: loss=5.3860, RMSE_E_per_atom=494.0 meV, RMSE_F=226.7 meV / A, RMSE_Mu_per_atom=3.69 mDebye
2023-12-06 15:30:17.487 INFO: Epoch 44: loss=5.5403, RMSE_E_per_atom=469.6 meV, RMSE_F=230.6 meV / A, RMSE_Mu_per_atom=3.13 mDebye
2023-12-06 15:30:18.046 INFO: Epoch 46: loss=5.6350, RMSE_E_per_atom=457.1 meV, RMSE_F=232.9 meV / A, RMSE_Mu_per_atom=2.86 mDebye
2023-12-06 15:30:18.606 INFO: Epoch 48: loss=6.2061, RMSE_E_per_atom=381.3 meV, RMSE_F=246.2 meV / A, RMSE_Mu_per_atom=2.76 mDebye
2023-12-06 15:30:19.168 INFO: Epoch 50: loss=4.1647, RMSE_E_per_atom=389.1 meV, RMSE_F=200.3 meV / A, RMSE_Mu_per_atom=2.48 mDebye
2023-12-06 15:30:19.995 INFO: Epoch 52: loss=5.4354, RMSE_E_per_atom=323.3 meV, RMSE_F=230.9 meV / A, RMSE_Mu_per_atom=2.11 mDebye
2023-12-06 15:30:20.561 INFO: Epoch 54: loss=4.3780, RMSE_E_per_atom=326.0 meV, RMSE_F=206.7 meV / A, RMSE_Mu_per_atom=1.70 mDebye
2023-12-06 15:30:21.125 INFO: Epoch 56: loss=3.4830, RMSE_E_per_atom=288.6 meV, RMSE_F=184.4 meV / A, RMSE_Mu_per_atom=1.83 mDebye
2023-12-06 15:30:21.963 INFO: Epoch 58: loss=4.9366, RMSE_E_per_atom=274.5 meV, RMSE_F=220.5 meV / A, RMSE_Mu_per_atom=1.45 mDebye
2023-12-06 15:30:22.528 INFO: Epoch 60: loss=3.2205, RMSE_E_per_atom=268.1 meV, RMSE_F=177.4 meV / A, RMSE_Mu_per_atom=1.36 mDebye
2023-12-06 15:30:23.357 INFO: Epoch 62: loss=4.6969, RMSE_E_per_atom=245.6 meV, RMSE_F=215.3 meV / A, RMSE_Mu_per_atom=1.41 mDebye
2023-12-06 15:30:23.920 INFO: Epoch 64: loss=2.9686, RMSE_E_per_atom=243.5 meV, RMSE_F=170.6 meV / A, RMSE_Mu_per_atom=1.45 mDebye
2023-12-06 15:30:24.747 INFO: Epoch 66: loss=6.4457, RMSE_E_per_atom=220.6 meV, RMSE_F=252.9 meV / A, RMSE_Mu_per_atom=1.39 mDebye
2023-12-06 15:30:25.311 INFO: Epoch 68: loss=3.1489, RMSE_E_per_atom=203.9 meV, RMSE_F=176.3 meV / A, RMSE_Mu_per_atom=1.69 mDebye
2023-12-06 15:30:25.874 INFO: Epoch 70: loss=6.6859, RMSE_E_per_atom=185.3 meV, RMSE_F=257.9 meV / A, RMSE_Mu_per_atom=1.74 mDebye
2023-12-06 15:30:26.442 INFO: Epoch 72: loss=3.5723, RMSE_E_per_atom=194.1 meV, RMSE_F=188.0 meV / A, RMSE_Mu_per_atom=1.33 mDebye
2023-12-06 15:30:27.005 INFO: Epoch 74: loss=6.0170, RMSE_E_per_atom=183.0 meV, RMSE_F=244.6 meV / A, RMSE_Mu_per_atom=1.42 mDebye
2023-12-06 15:30:27.570 INFO: Epoch 76: loss=3.4148, RMSE_E_per_atom=171.3 meV, RMSE_F=184.0 meV / A, RMSE_Mu_per_atom=1.45 mDebye
2023-12-06 15:30:28.133 INFO: Epoch 78: loss=3.8694, RMSE_E_per_atom=162.2 meV, RMSE_F=196.0 meV / A, RMSE_Mu_per_atom=1.34 mDebye
2023-12-06 15:30:28.695 INFO: Epoch 80: loss=4.6308, RMSE_E_per_atom=143.4 meV, RMSE_F=214.7 meV / A, RMSE_Mu_per_atom=1.40 mDebye
2023-12-06 15:30:29.258 INFO: Epoch 82: loss=3.5328, RMSE_E_per_atom=127.8 meV, RMSE_F=187.5 meV / A, RMSE_Mu_per_atom=1.56 mDebye
2023-12-06 15:30:29.821 INFO: Epoch 84: loss=5.0014, RMSE_E_per_atom=112.5 meV, RMSE_F=223.3 meV / A, RMSE_Mu_per_atom=1.61 mDebye
2023-12-06 15:30:30.386 INFO: Epoch 86: loss=4.6529, RMSE_E_per_atom=140.9 meV, RMSE_F=215.2 meV / A, RMSE_Mu_per_atom=2.15 mDebye
2023-12-06 15:30:30.948 INFO: Epoch 88: loss=4.3952, RMSE_E_per_atom=151.0 meV, RMSE_F=209.1 meV / A, RMSE_Mu_per_atom=1.61 mDebye
2023-12-06 15:30:31.509 INFO: Epoch 90: loss=7.0698, RMSE_E_per_atom=153.6 meV, RMSE_F=265.4 meV / A, RMSE_Mu_per_atom=1.31 mDebye
2023-12-06 15:30:32.071 INFO: Epoch 92: loss=2.9078, RMSE_E_per_atom=158.5 meV, RMSE_F=169.8 meV / A, RMSE_Mu_per_atom=1.99 mDebye
2023-12-06 15:30:32.898 INFO: Epoch 94: loss=4.4514, RMSE_E_per_atom=148.1 meV, RMSE_F=210.5 meV / A, RMSE_Mu_per_atom=1.37 mDebye
2023-12-06 15:30:33.464 INFO: Epoch 96: loss=4.2146, RMSE_E_per_atom=131.1 meV, RMSE_F=204.9 meV / A, RMSE_Mu_per_atom=1.35 mDebye
2023-12-06 15:30:34.035 INFO: Epoch 98: loss=4.2012, RMSE_E_per_atom=124.5 meV, RMSE_F=204.6 meV / A, RMSE_Mu_per_atom=1.68 mDebye
2023-12-06 15:30:34.600 INFO: Epoch 100: loss=3.5492, RMSE_E_per_atom=107.3 meV, RMSE_F=188.1 meV / A, RMSE_Mu_per_atom=1.31 mDebye
2023-12-06 15:30:35.164 INFO: Epoch 102: loss=3.6949, RMSE_E_per_atom=108.5 meV, RMSE_F=191.9 meV / A, RMSE_Mu_per_atom=2.19 mDebye
2023-12-06 15:30:35.729 INFO: Epoch 104: loss=3.2950, RMSE_E_per_atom=116.2 meV, RMSE_F=181.1 meV / A, RMSE_Mu_per_atom=1.28 mDebye
2023-12-06 15:30:36.293 INFO: Epoch 106: loss=3.6856, RMSE_E_per_atom=112.3 meV, RMSE_F=191.6 meV / A, RMSE_Mu_per_atom=1.45 mDebye
2023-12-06 15:30:36.857 INFO: Epoch 108: loss=3.6226, RMSE_E_per_atom=101.2 meV, RMSE_F=190.1 meV / A, RMSE_Mu_per_atom=1.95 mDebye
2023-12-06 15:30:37.421 INFO: Epoch 110: loss=4.2185, RMSE_E_per_atom=136.9 meV, RMSE_F=204.9 meV / A, RMSE_Mu_per_atom=1.51 mDebye
2023-12-06 15:30:37.986 INFO: Epoch 112: loss=3.5804, RMSE_E_per_atom=111.3 meV, RMSE_F=188.9 meV / A, RMSE_Mu_per_atom=1.23 mDebye
2023-12-06 15:30:38.549 INFO: Epoch 114: loss=3.9244, RMSE_E_per_atom=118.9 meV, RMSE_F=197.7 meV / A, RMSE_Mu_per_atom=1.86 mDebye
2023-12-06 15:30:39.112 INFO: Epoch 116: loss=6.5670, RMSE_E_per_atom=110.0 meV, RMSE_F=256.0 meV / A, RMSE_Mu_per_atom=1.30 mDebye
2023-12-06 15:30:39.677 INFO: Epoch 118: loss=5.3340, RMSE_E_per_atom=116.0 meV, RMSE_F=230.7 meV / A, RMSE_Mu_per_atom=1.40 mDebye
2023-12-06 15:30:40.244 INFO: Epoch 120: loss=5.3526, RMSE_E_per_atom=125.6 meV, RMSE_F=231.0 meV / A, RMSE_Mu_per_atom=1.28 mDebye
2023-12-06 15:30:40.809 INFO: Epoch 122: loss=3.5201, RMSE_E_per_atom=115.0 meV, RMSE_F=187.3 meV / A, RMSE_Mu_per_atom=1.81 mDebye
2023-12-06 15:30:41.374 INFO: Epoch 124: loss=3.3611, RMSE_E_per_atom=108.8 meV, RMSE_F=183.0 meV / A, RMSE_Mu_per_atom=1.37 mDebye
2023-12-06 15:30:41.938 INFO: Epoch 126: loss=2.9689, RMSE_E_per_atom=92.6 meV, RMSE_F=172.0 meV / A, RMSE_Mu_per_atom=1.80 mDebye
2023-12-06 15:30:42.501 INFO: Epoch 128: loss=2.7666, RMSE_E_per_atom=91.2 meV, RMSE_F=166.1 meV / A, RMSE_Mu_per_atom=1.71 mDebye
2023-12-06 15:30:43.329 INFO: Epoch 130: loss=4.2313, RMSE_E_per_atom=68.4 meV, RMSE_F=205.6 meV / A, RMSE_Mu_per_atom=1.78 mDebye
2023-12-06 15:30:43.895 INFO: Epoch 132: loss=4.1507, RMSE_E_per_atom=54.7 meV, RMSE_F=203.7 meV / A, RMSE_Mu_per_atom=1.37 mDebye
2023-12-06 15:30:44.460 INFO: Epoch 134: loss=3.6720, RMSE_E_per_atom=89.8 meV, RMSE_F=191.4 meV / A, RMSE_Mu_per_atom=1.35 mDebye
2023-12-06 15:30:45.025 INFO: Epoch 136: loss=5.7414, RMSE_E_per_atom=66.6 meV, RMSE_F=239.5 meV / A, RMSE_Mu_per_atom=2.19 mDebye
2023-12-06 15:30:45.589 INFO: Epoch 138: loss=4.4077, RMSE_E_per_atom=68.8 meV, RMSE_F=209.8 meV / A, RMSE_Mu_per_atom=1.26 mDebye
2023-12-06 15:30:46.154 INFO: Epoch 140: loss=6.7835, RMSE_E_per_atom=58.8 meV, RMSE_F=260.4 meV / A, RMSE_Mu_per_atom=1.46 mDebye
2023-12-06 15:30:46.719 INFO: Epoch 142: loss=3.1334, RMSE_E_per_atom=65.9 meV, RMSE_F=176.9 meV / A, RMSE_Mu_per_atom=1.55 mDebye
2023-12-06 15:30:47.285 INFO: Epoch 144: loss=4.0299, RMSE_E_per_atom=78.5 meV, RMSE_F=200.6 meV / A, RMSE_Mu_per_atom=1.38 mDebye
2023-12-06 15:30:47.848 INFO: Epoch 146: loss=3.3746, RMSE_E_per_atom=89.4 meV, RMSE_F=183.5 meV / A, RMSE_Mu_per_atom=1.61 mDebye
2023-12-06 15:30:48.412 INFO: Epoch 148: loss=5.9072, RMSE_E_per_atom=72.6 meV, RMSE_F=242.9 meV / A, RMSE_Mu_per_atom=1.36 mDebye
2023-12-06 15:30:48.979 INFO: Epoch 150: loss=3.9082, RMSE_E_per_atom=61.1 meV, RMSE_F=197.6 meV / A, RMSE_Mu_per_atom=1.63 mDebye
2023-12-06 15:30:49.563 INFO: Epoch 152: loss=3.6828, RMSE_E_per_atom=48.2 meV, RMSE_F=191.8 meV / A, RMSE_Mu_per_atom=1.39 mDebye
2023-12-06 15:30:50.144 INFO: Epoch 154: loss=3.5690, RMSE_E_per_atom=44.4 meV, RMSE_F=188.9 meV / A, RMSE_Mu_per_atom=1.40 mDebye
2023-12-06 15:30:50.710 INFO: Epoch 156: loss=4.7020, RMSE_E_per_atom=66.2 meV, RMSE_F=216.7 meV / A, RMSE_Mu_per_atom=1.66 mDebye
2023-12-06 15:30:51.274 INFO: Epoch 158: loss=3.5401, RMSE_E_per_atom=67.2 meV, RMSE_F=188.0 meV / A, RMSE_Mu_per_atom=1.34 mDebye
2023-12-06 15:30:51.839 INFO: Epoch 160: loss=3.3968, RMSE_E_per_atom=65.9 meV, RMSE_F=184.2 meV / A, RMSE_Mu_per_atom=1.44 mDebye
2023-12-06 15:30:52.405 INFO: Epoch 162: loss=3.9254, RMSE_E_per_atom=61.8 meV, RMSE_F=198.0 meV / A, RMSE_Mu_per_atom=1.39 mDebye
2023-12-06 15:30:52.972 INFO: Epoch 164: loss=3.3835, RMSE_E_per_atom=50.8 meV, RMSE_F=183.9 meV / A, RMSE_Mu_per_atom=1.37 mDebye
2023-12-06 15:30:53.548 INFO: Epoch 166: loss=5.3561, RMSE_E_per_atom=39.4 meV, RMSE_F=231.4 meV / A, RMSE_Mu_per_atom=1.44 mDebye
2023-12-06 15:30:54.111 INFO: Epoch 168: loss=4.1510, RMSE_E_per_atom=58.2 meV, RMSE_F=203.7 meV / A, RMSE_Mu_per_atom=1.34 mDebye
2023-12-06 15:30:54.675 INFO: Epoch 170: loss=4.2540, RMSE_E_per_atom=60.2 meV, RMSE_F=206.2 meV / A, RMSE_Mu_per_atom=1.35 mDebye
2023-12-06 15:30:55.241 INFO: Epoch 172: loss=3.7832, RMSE_E_per_atom=64.2 meV, RMSE_F=194.4 meV / A, RMSE_Mu_per_atom=1.45 mDebye
2023-12-06 15:30:55.807 INFO: Epoch 174: loss=3.9366, RMSE_E_per_atom=67.5 meV, RMSE_F=198.3 meV / A, RMSE_Mu_per_atom=1.70 mDebye
2023-12-06 15:30:56.373 INFO: Epoch 176: loss=4.0774, RMSE_E_per_atom=53.2 meV, RMSE_F=201.9 meV / A, RMSE_Mu_per_atom=1.54 mDebye
2023-12-06 15:30:56.940 INFO: Epoch 178: loss=3.7692, RMSE_E_per_atom=41.3 meV, RMSE_F=194.1 meV / A, RMSE_Mu_per_atom=1.46 mDebye
2023-12-06 15:30:57.503 INFO: Epoch 180: loss=4.2176, RMSE_E_per_atom=35.6 meV, RMSE_F=205.3 meV / A, RMSE_Mu_per_atom=1.44 mDebye
2023-12-06 15:30:58.067 INFO: Epoch 182: loss=3.3943, RMSE_E_per_atom=58.4 meV, RMSE_F=184.1 meV / A, RMSE_Mu_per_atom=1.45 mDebye
2023-12-06 15:30:58.630 INFO: Epoch 184: loss=4.3925, RMSE_E_per_atom=58.5 meV, RMSE_F=209.5 meV / A, RMSE_Mu_per_atom=1.50 mDebye
2023-12-06 15:30:59.193 INFO: Epoch 186: loss=4.3617, RMSE_E_per_atom=49.6 meV, RMSE_F=208.8 meV / A, RMSE_Mu_per_atom=1.40 mDebye
2023-12-06 15:30:59.754 INFO: Epoch 188: loss=4.7378, RMSE_E_per_atom=52.1 meV, RMSE_F=217.6 meV / A, RMSE_Mu_per_atom=1.42 mDebye
2023-12-06 15:31:00.321 INFO: Epoch 190: loss=4.1460, RMSE_E_per_atom=48.2 meV, RMSE_F=203.6 meV / A, RMSE_Mu_per_atom=1.33 mDebye
2023-12-06 15:31:00.889 INFO: Epoch 192: loss=3.2311, RMSE_E_per_atom=36.9 meV, RMSE_F=179.7 meV / A, RMSE_Mu_per_atom=1.31 mDebye
2023-12-06 15:31:01.454 INFO: Epoch 194: loss=4.5477, RMSE_E_per_atom=35.4 meV, RMSE_F=213.2 meV / A, RMSE_Mu_per_atom=1.39 mDebye
2023-12-06 15:31:02.020 INFO: Epoch 196: loss=4.1708, RMSE_E_per_atom=42.9 meV, RMSE_F=204.2 meV / A, RMSE_Mu_per_atom=1.32 mDebye
2023-12-06 15:31:02.585 INFO: Epoch 198: loss=4.1591, RMSE_E_per_atom=46.7 meV, RMSE_F=203.9 meV / A, RMSE_Mu_per_atom=1.45 mDebye
2023-12-06 15:31:03.149 INFO: Epoch 200: loss=3.3315, RMSE_E_per_atom=50.4 meV, RMSE_F=182.4 meV / A, RMSE_Mu_per_atom=1.39 mDebye
2023-12-06 15:31:03.712 INFO: Epoch 202: loss=3.7097, RMSE_E_per_atom=40.6 meV, RMSE_F=192.6 meV / A, RMSE_Mu_per_atom=1.45 mDebye
2023-12-06 15:31:04.276 INFO: Epoch 204: loss=5.7416, RMSE_E_per_atom=36.5 meV, RMSE_F=239.6 meV / A, RMSE_Mu_per_atom=1.39 mDebye
2023-12-06 15:31:04.841 INFO: Epoch 206: loss=3.7710, RMSE_E_per_atom=33.3 meV, RMSE_F=194.2 meV / A, RMSE_Mu_per_atom=1.24 mDebye
2023-12-06 15:31:05.409 INFO: Epoch 208: loss=3.5826, RMSE_E_per_atom=34.1 meV, RMSE_F=189.2 meV / A, RMSE_Mu_per_atom=1.23 mDebye
2023-12-06 15:31:05.974 INFO: Epoch 210: loss=3.5376, RMSE_E_per_atom=30.4 meV, RMSE_F=188.1 meV / A, RMSE_Mu_per_atom=1.34 mDebye
2023-12-06 15:31:06.542 INFO: Epoch 212: loss=4.4063, RMSE_E_per_atom=26.0 meV, RMSE_F=209.9 meV / A, RMSE_Mu_per_atom=1.43 mDebye
2023-12-06 15:31:07.107 INFO: Epoch 214: loss=3.4250, RMSE_E_per_atom=22.3 meV, RMSE_F=185.0 meV / A, RMSE_Mu_per_atom=1.34 mDebye
2023-12-06 15:31:07.677 INFO: Epoch 216: loss=3.9281, RMSE_E_per_atom=23.7 meV, RMSE_F=198.2 meV / A, RMSE_Mu_per_atom=1.44 mDebye
2023-12-06 15:31:08.242 INFO: Epoch 218: loss=3.7446, RMSE_E_per_atom=15.2 meV, RMSE_F=193.5 meV / A, RMSE_Mu_per_atom=1.25 mDebye
2023-12-06 15:31:08.808 INFO: Epoch 220: loss=3.4825, RMSE_E_per_atom=25.0 meV, RMSE_F=186.6 meV / A, RMSE_Mu_per_atom=1.21 mDebye
2023-12-06 15:31:09.373 INFO: Epoch 222: loss=3.5936, RMSE_E_per_atom=23.9 meV, RMSE_F=189.5 meV / A, RMSE_Mu_per_atom=1.66 mDebye
2023-12-06 15:31:09.940 INFO: Epoch 224: loss=3.7315, RMSE_E_per_atom=34.3 meV, RMSE_F=193.1 meV / A, RMSE_Mu_per_atom=1.25 mDebye
2023-12-06 15:31:10.505 INFO: Epoch 226: loss=4.0260, RMSE_E_per_atom=32.8 meV, RMSE_F=200.6 meV / A, RMSE_Mu_per_atom=1.50 mDebye
2023-12-06 15:31:11.069 INFO: Epoch 228: loss=4.0783, RMSE_E_per_atom=16.4 meV, RMSE_F=201.9 meV / A, RMSE_Mu_per_atom=1.25 mDebye
2023-12-06 15:31:11.636 INFO: Epoch 230: loss=4.1291, RMSE_E_per_atom=22.8 meV, RMSE_F=203.2 meV / A, RMSE_Mu_per_atom=1.33 mDebye
2023-12-06 15:31:12.202 INFO: Epoch 232: loss=4.1003, RMSE_E_per_atom=44.1 meV, RMSE_F=202.4 meV / A, RMSE_Mu_per_atom=1.47 mDebye
2023-12-06 15:31:12.770 INFO: Epoch 234: loss=4.3362, RMSE_E_per_atom=33.7 meV, RMSE_F=208.2 meV / A, RMSE_Mu_per_atom=1.23 mDebye
2023-12-06 15:31:13.338 INFO: Epoch 236: loss=3.6487, RMSE_E_per_atom=31.2 meV, RMSE_F=191.0 meV / A, RMSE_Mu_per_atom=1.55 mDebye
2023-12-06 15:31:13.919 INFO: Epoch 238: loss=4.1826, RMSE_E_per_atom=28.0 meV, RMSE_F=204.5 meV / A, RMSE_Mu_per_atom=1.42 mDebye
2023-12-06 15:31:14.484 INFO: Epoch 240: loss=4.0310, RMSE_E_per_atom=38.2 meV, RMSE_F=200.7 meV / A, RMSE_Mu_per_atom=1.44 mDebye
2023-12-06 15:31:15.051 INFO: Epoch 242: loss=3.9938, RMSE_E_per_atom=26.8 meV, RMSE_F=199.8 meV / A, RMSE_Mu_per_atom=1.33 mDebye
2023-12-06 15:31:15.616 INFO: Epoch 244: loss=3.1941, RMSE_E_per_atom=24.9 meV, RMSE_F=178.7 meV / A, RMSE_Mu_per_atom=1.23 mDebye
2023-12-06 15:31:16.180 INFO: Epoch 246: loss=4.0306, RMSE_E_per_atom=22.5 meV, RMSE_F=200.7 meV / A, RMSE_Mu_per_atom=1.45 mDebye
2023-12-06 15:31:16.745 INFO: Epoch 248: loss=3.7090, RMSE_E_per_atom=19.9 meV, RMSE_F=192.6 meV / A, RMSE_Mu_per_atom=1.50 mDebye
2023-12-06 15:31:17.311 INFO: Epoch 250: loss=4.7281, RMSE_E_per_atom=20.6 meV, RMSE_F=217.4 meV / A, RMSE_Mu_per_atom=1.27 mDebye
2023-12-06 15:31:17.878 INFO: Epoch 252: loss=3.3546, RMSE_E_per_atom=23.1 meV, RMSE_F=183.1 meV / A, RMSE_Mu_per_atom=1.38 mDebye
2023-12-06 15:31:18.448 INFO: Epoch 254: loss=3.5357, RMSE_E_per_atom=20.1 meV, RMSE_F=188.0 meV / A, RMSE_Mu_per_atom=1.18 mDebye
2023-12-06 15:31:19.014 INFO: Epoch 256: loss=3.7972, RMSE_E_per_atom=24.4 meV, RMSE_F=194.8 meV / A, RMSE_Mu_per_atom=1.55 mDebye
2023-12-06 15:31:19.581 INFO: Epoch 258: loss=4.5127, RMSE_E_per_atom=23.3 meV, RMSE_F=212.4 meV / A, RMSE_Mu_per_atom=1.38 mDebye
2023-12-06 15:31:20.146 INFO: Epoch 260: loss=3.5602, RMSE_E_per_atom=22.1 meV, RMSE_F=188.7 meV / A, RMSE_Mu_per_atom=1.40 mDebye
2023-12-06 15:31:20.713 INFO: Epoch 262: loss=4.5054, RMSE_E_per_atom=20.4 meV, RMSE_F=212.2 meV / A, RMSE_Mu_per_atom=1.27 mDebye
2023-12-06 15:31:21.279 INFO: Epoch 264: loss=3.4635, RMSE_E_per_atom=26.6 meV, RMSE_F=186.1 meV / A, RMSE_Mu_per_atom=1.20 mDebye
2023-12-06 15:31:21.845 INFO: Epoch 266: loss=3.7501, RMSE_E_per_atom=20.3 meV, RMSE_F=193.6 meV / A, RMSE_Mu_per_atom=2.00 mDebye
2023-12-06 15:31:22.410 INFO: Epoch 268: loss=4.6881, RMSE_E_per_atom=16.6 meV, RMSE_F=216.5 meV / A, RMSE_Mu_per_atom=1.35 mDebye
2023-12-06 15:31:22.973 INFO: Epoch 270: loss=4.5717, RMSE_E_per_atom=27.9 meV, RMSE_F=213.8 meV / A, RMSE_Mu_per_atom=1.92 mDebye
2023-12-06 15:31:23.540 INFO: Epoch 272: loss=6.2646, RMSE_E_per_atom=18.6 meV, RMSE_F=250.3 meV / A, RMSE_Mu_per_atom=1.76 mDebye
2023-12-06 15:31:24.105 INFO: Epoch 274: loss=4.2457, RMSE_E_per_atom=37.3 meV, RMSE_F=206.0 meV / A, RMSE_Mu_per_atom=1.55 mDebye
2023-12-06 15:31:24.671 INFO: Epoch 276: loss=6.4880, RMSE_E_per_atom=35.3 meV, RMSE_F=254.7 meV / A, RMSE_Mu_per_atom=1.44 mDebye
2023-12-06 15:31:25.238 INFO: Epoch 278: loss=5.1675, RMSE_E_per_atom=36.9 meV, RMSE_F=227.3 meV / A, RMSE_Mu_per_atom=1.13 mDebye
2023-12-06 15:31:25.805 INFO: Epoch 280: loss=4.3994, RMSE_E_per_atom=44.8 meV, RMSE_F=209.7 meV / A, RMSE_Mu_per_atom=1.50 mDebye
2023-12-06 15:31:26.372 INFO: Epoch 282: loss=3.7172, RMSE_E_per_atom=39.7 meV, RMSE_F=192.8 meV / A, RMSE_Mu_per_atom=1.05 mDebye
2023-12-06 15:31:26.938 INFO: Epoch 284: loss=3.7680, RMSE_E_per_atom=35.0 meV, RMSE_F=194.1 meV / A, RMSE_Mu_per_atom=1.27 mDebye
2023-12-06 15:31:27.504 INFO: Epoch 286: loss=3.8463, RMSE_E_per_atom=33.1 meV, RMSE_F=196.1 meV / A, RMSE_Mu_per_atom=1.46 mDebye
2023-12-06 15:31:28.069 INFO: Epoch 288: loss=3.6409, RMSE_E_per_atom=30.5 meV, RMSE_F=190.8 meV / A, RMSE_Mu_per_atom=1.24 mDebye
2023-12-06 15:31:28.636 INFO: Epoch 290: loss=3.7419, RMSE_E_per_atom=25.2 meV, RMSE_F=193.4 meV / A, RMSE_Mu_per_atom=1.54 mDebye
2023-12-06 15:31:29.201 INFO: Epoch 292: loss=3.9831, RMSE_E_per_atom=22.9 meV, RMSE_F=199.6 meV / A, RMSE_Mu_per_atom=1.34 mDebye
2023-12-06 15:31:29.765 INFO: Epoch 294: loss=3.8647, RMSE_E_per_atom=22.4 meV, RMSE_F=196.6 meV / A, RMSE_Mu_per_atom=1.50 mDebye
2023-12-06 15:31:30.331 INFO: Epoch 296: loss=3.8091, RMSE_E_per_atom=15.4 meV, RMSE_F=195.2 meV / A, RMSE_Mu_per_atom=1.52 mDebye
2023-12-06 15:31:30.896 INFO: Epoch 298: loss=3.9992, RMSE_E_per_atom=12.9 meV, RMSE_F=200.0 meV / A, RMSE_Mu_per_atom=1.29 mDebye
2023-12-06 15:31:31.462 INFO: Epoch 300: loss=3.7881, RMSE_E_per_atom=18.4 meV, RMSE_F=194.6 meV / A, RMSE_Mu_per_atom=1.57 mDebye
2023-12-06 15:31:32.027 INFO: Epoch 302: loss=3.6274, RMSE_E_per_atom=17.8 meV, RMSE_F=190.4 meV / A, RMSE_Mu_per_atom=1.31 mDebye
2023-12-06 15:31:32.593 INFO: Epoch 304: loss=3.6377, RMSE_E_per_atom=11.4 meV, RMSE_F=190.7 meV / A, RMSE_Mu_per_atom=1.32 mDebye
2023-12-06 15:31:33.158 INFO: Epoch 306: loss=3.9090, RMSE_E_per_atom=10.6 meV, RMSE_F=197.7 meV / A, RMSE_Mu_per_atom=1.39 mDebye
2023-12-06 15:31:33.724 INFO: Epoch 308: loss=4.0574, RMSE_E_per_atom=11.6 meV, RMSE_F=201.4 meV / A, RMSE_Mu_per_atom=1.28 mDebye
2023-12-06 15:31:34.290 INFO: Epoch 310: loss=3.4590, RMSE_E_per_atom=10.6 meV, RMSE_F=186.0 meV / A, RMSE_Mu_per_atom=1.38 mDebye
2023-12-06 15:31:34.857 INFO: Epoch 312: loss=4.2493, RMSE_E_per_atom=6.4 meV, RMSE_F=206.1 meV / A, RMSE_Mu_per_atom=1.34 mDebye
2023-12-06 15:31:35.424 INFO: Epoch 314: loss=4.4167, RMSE_E_per_atom=9.9 meV, RMSE_F=210.2 meV / A, RMSE_Mu_per_atom=1.68 mDebye
2023-12-06 15:31:35.988 INFO: Epoch 316: loss=3.7600, RMSE_E_per_atom=15.8 meV, RMSE_F=193.9 meV / A, RMSE_Mu_per_atom=1.44 mDebye
2023-12-06 15:31:36.557 INFO: Epoch 318: loss=3.4828, RMSE_E_per_atom=12.5 meV, RMSE_F=186.6 meV / A, RMSE_Mu_per_atom=1.27 mDebye
2023-12-06 15:31:37.122 INFO: Epoch 320: loss=4.1637, RMSE_E_per_atom=16.5 meV, RMSE_F=204.0 meV / A, RMSE_Mu_per_atom=1.57 mDebye
2023-12-06 15:31:37.688 INFO: Epoch 322: loss=4.4339, RMSE_E_per_atom=13.8 meV, RMSE_F=210.6 meV / A, RMSE_Mu_per_atom=1.32 mDebye
2023-12-06 15:31:38.253 INFO: Epoch 324: loss=4.7201, RMSE_E_per_atom=13.6 meV, RMSE_F=217.2 meV / A, RMSE_Mu_per_atom=1.47 mDebye
2023-12-06 15:31:38.821 INFO: Epoch 326: loss=3.7099, RMSE_E_per_atom=11.1 meV, RMSE_F=192.6 meV / A, RMSE_Mu_per_atom=1.34 mDebye
2023-12-06 15:31:39.387 INFO: Epoch 328: loss=3.5337, RMSE_E_per_atom=11.1 meV, RMSE_F=188.0 meV / A, RMSE_Mu_per_atom=1.32 mDebye
2023-12-06 15:31:39.952 INFO: Epoch 330: loss=4.4655, RMSE_E_per_atom=7.4 meV, RMSE_F=211.3 meV / A, RMSE_Mu_per_atom=1.43 mDebye
2023-12-06 15:31:40.518 INFO: Epoch 332: loss=3.8745, RMSE_E_per_atom=11.0 meV, RMSE_F=196.8 meV / A, RMSE_Mu_per_atom=1.31 mDebye
2023-12-06 15:31:41.082 INFO: Epoch 334: loss=4.0321, RMSE_E_per_atom=8.8 meV, RMSE_F=200.8 meV / A, RMSE_Mu_per_atom=1.37 mDebye
2023-12-06 15:31:41.647 INFO: Epoch 336: loss=4.0262, RMSE_E_per_atom=9.4 meV, RMSE_F=200.6 meV / A, RMSE_Mu_per_atom=1.46 mDebye
2023-12-06 15:31:42.213 INFO: Epoch 338: loss=4.0269, RMSE_E_per_atom=8.7 meV, RMSE_F=200.7 meV / A, RMSE_Mu_per_atom=1.37 mDebye
2023-12-06 15:31:42.780 INFO: Epoch 340: loss=4.1954, RMSE_E_per_atom=7.1 meV, RMSE_F=204.8 meV / A, RMSE_Mu_per_atom=1.42 mDebye
2023-12-06 15:31:43.350 INFO: Epoch 342: loss=3.5882, RMSE_E_per_atom=8.2 meV, RMSE_F=189.4 meV / A, RMSE_Mu_per_atom=1.41 mDebye
2023-12-06 15:31:43.916 INFO: Epoch 344: loss=3.8370, RMSE_E_per_atom=8.5 meV, RMSE_F=195.9 meV / A, RMSE_Mu_per_atom=1.32 mDebye
2023-12-06 15:31:44.482 INFO: Epoch 346: loss=3.9741, RMSE_E_per_atom=7.6 meV, RMSE_F=199.3 meV / A, RMSE_Mu_per_atom=1.32 mDebye
2023-12-06 15:31:45.056 INFO: Epoch 348: loss=4.0051, RMSE_E_per_atom=7.5 meV, RMSE_F=200.1 meV / A, RMSE_Mu_per_atom=1.42 mDebye
2023-12-06 15:31:45.623 INFO: Epoch 350: loss=3.9351, RMSE_E_per_atom=6.6 meV, RMSE_F=198.4 meV / A, RMSE_Mu_per_atom=1.29 mDebye
2023-12-06 15:31:46.191 INFO: Epoch 352: loss=4.1019, RMSE_E_per_atom=9.3 meV, RMSE_F=202.5 meV / A, RMSE_Mu_per_atom=1.35 mDebye
2023-12-06 15:31:46.758 INFO: Epoch 354: loss=4.1583, RMSE_E_per_atom=7.9 meV, RMSE_F=203.9 meV / A, RMSE_Mu_per_atom=1.43 mDebye
2023-12-06 15:31:47.324 INFO: Epoch 356: loss=3.7836, RMSE_E_per_atom=7.7 meV, RMSE_F=194.5 meV / A, RMSE_Mu_per_atom=1.30 mDebye
2023-12-06 15:31:47.892 INFO: Epoch 358: loss=4.0675, RMSE_E_per_atom=5.9 meV, RMSE_F=201.7 meV / A, RMSE_Mu_per_atom=1.43 mDebye
2023-12-06 15:31:48.459 INFO: Epoch 360: loss=4.1110, RMSE_E_per_atom=7.3 meV, RMSE_F=202.7 meV / A, RMSE_Mu_per_atom=1.37 mDebye
2023-12-06 15:31:49.025 INFO: Epoch 362: loss=3.9527, RMSE_E_per_atom=9.1 meV, RMSE_F=198.8 meV / A, RMSE_Mu_per_atom=1.29 mDebye
2023-12-06 15:31:49.590 INFO: Epoch 364: loss=4.3341, RMSE_E_per_atom=11.7 meV, RMSE_F=208.2 meV / A, RMSE_Mu_per_atom=1.41 mDebye
2023-12-06 15:31:50.154 INFO: Epoch 366: loss=5.0352, RMSE_E_per_atom=8.3 meV, RMSE_F=224.4 meV / A, RMSE_Mu_per_atom=1.40 mDebye
2023-12-06 15:31:50.721 INFO: Epoch 368: loss=4.1595, RMSE_E_per_atom=11.2 meV, RMSE_F=203.9 meV / A, RMSE_Mu_per_atom=1.29 mDebye
2023-12-06 15:31:51.287 INFO: Epoch 370: loss=3.7400, RMSE_E_per_atom=6.2 meV, RMSE_F=193.4 meV / A, RMSE_Mu_per_atom=1.30 mDebye
2023-12-06 15:31:51.855 INFO: Epoch 372: loss=3.6757, RMSE_E_per_atom=9.2 meV, RMSE_F=191.7 meV / A, RMSE_Mu_per_atom=1.33 mDebye
2023-12-06 15:31:52.422 INFO: Epoch 374: loss=3.6953, RMSE_E_per_atom=7.1 meV, RMSE_F=192.2 meV / A, RMSE_Mu_per_atom=1.24 mDebye
2023-12-06 15:31:52.989 INFO: Epoch 376: loss=3.6568, RMSE_E_per_atom=7.1 meV, RMSE_F=191.2 meV / A, RMSE_Mu_per_atom=1.31 mDebye
2023-12-06 15:31:53.555 INFO: Epoch 378: loss=4.1222, RMSE_E_per_atom=4.5 meV, RMSE_F=203.0 meV / A, RMSE_Mu_per_atom=1.24 mDebye
2023-12-06 15:31:54.122 INFO: Epoch 380: loss=4.5799, RMSE_E_per_atom=9.0 meV, RMSE_F=214.0 meV / A, RMSE_Mu_per_atom=1.30 mDebye
2023-12-06 15:31:54.686 INFO: Epoch 382: loss=4.1197, RMSE_E_per_atom=9.0 meV, RMSE_F=203.0 meV / A, RMSE_Mu_per_atom=1.24 mDebye
2023-12-06 15:31:55.252 INFO: Epoch 384: loss=3.8280, RMSE_E_per_atom=5.8 meV, RMSE_F=195.6 meV / A, RMSE_Mu_per_atom=1.19 mDebye
2023-12-06 15:31:55.819 INFO: Epoch 386: loss=4.2508, RMSE_E_per_atom=7.4 meV, RMSE_F=206.2 meV / A, RMSE_Mu_per_atom=1.45 mDebye
2023-12-06 15:31:56.386 INFO: Epoch 388: loss=4.2205, RMSE_E_per_atom=4.4 meV, RMSE_F=205.4 meV / A, RMSE_Mu_per_atom=1.25 mDebye
2023-12-06 15:31:56.952 INFO: Epoch 390: loss=4.1654, RMSE_E_per_atom=5.7 meV, RMSE_F=204.1 meV / A, RMSE_Mu_per_atom=1.25 mDebye
2023-12-06 15:31:57.518 INFO: Epoch 392: loss=4.1035, RMSE_E_per_atom=5.9 meV, RMSE_F=202.6 meV / A, RMSE_Mu_per_atom=1.41 mDebye
2023-12-06 15:31:58.082 INFO: Epoch 394: loss=4.0020, RMSE_E_per_atom=5.9 meV, RMSE_F=200.0 meV / A, RMSE_Mu_per_atom=1.24 mDebye
2023-12-06 15:31:58.647 INFO: Epoch 396: loss=3.6889, RMSE_E_per_atom=7.2 meV, RMSE_F=192.1 meV / A, RMSE_Mu_per_atom=1.21 mDebye
2023-12-06 15:31:59.212 INFO: Epoch 398: loss=3.9957, RMSE_E_per_atom=6.1 meV, RMSE_F=199.9 meV / A, RMSE_Mu_per_atom=1.37 mDebye
2023-12-06 15:31:59.777 INFO: Epoch 400: loss=4.0627, RMSE_E_per_atom=5.2 meV, RMSE_F=201.6 meV / A, RMSE_Mu_per_atom=1.21 mDebye
2023-12-06 15:32:00.344 INFO: Epoch 402: loss=4.1423, RMSE_E_per_atom=6.4 meV, RMSE_F=203.5 meV / A, RMSE_Mu_per_atom=1.30 mDebye
2023-12-06 15:32:00.909 INFO: Epoch 404: loss=3.8645, RMSE_E_per_atom=7.0 meV, RMSE_F=196.6 meV / A, RMSE_Mu_per_atom=1.24 mDebye
2023-12-06 15:32:01.474 INFO: Epoch 406: loss=3.8908, RMSE_E_per_atom=6.5 meV, RMSE_F=197.2 meV / A, RMSE_Mu_per_atom=1.23 mDebye
2023-12-06 15:32:02.042 INFO: Epoch 408: loss=4.0928, RMSE_E_per_atom=5.8 meV, RMSE_F=202.3 meV / A, RMSE_Mu_per_atom=1.26 mDebye
2023-12-06 15:32:02.607 INFO: Epoch 410: loss=4.1908, RMSE_E_per_atom=4.8 meV, RMSE_F=204.7 meV / A, RMSE_Mu_per_atom=1.23 mDebye
2023-12-06 15:32:03.171 INFO: Epoch 412: loss=4.0237, RMSE_E_per_atom=6.2 meV, RMSE_F=200.6 meV / A, RMSE_Mu_per_atom=1.22 mDebye
2023-12-06 15:32:03.737 INFO: Epoch 414: loss=4.1288, RMSE_E_per_atom=4.4 meV, RMSE_F=203.2 meV / A, RMSE_Mu_per_atom=1.22 mDebye
2023-12-06 15:32:04.300 INFO: Epoch 416: loss=4.0445, RMSE_E_per_atom=7.1 meV, RMSE_F=201.1 meV / A, RMSE_Mu_per_atom=1.20 mDebye
2023-12-06 15:32:04.865 INFO: Epoch 418: loss=4.1435, RMSE_E_per_atom=5.1 meV, RMSE_F=203.6 meV / A, RMSE_Mu_per_atom=1.19 mDebye
2023-12-06 15:32:05.438 INFO: Epoch 420: loss=4.3438, RMSE_E_per_atom=5.0 meV, RMSE_F=208.4 meV / A, RMSE_Mu_per_atom=1.19 mDebye
2023-12-06 15:32:06.003 INFO: Epoch 422: loss=4.1462, RMSE_E_per_atom=4.6 meV, RMSE_F=203.6 meV / A, RMSE_Mu_per_atom=1.21 mDebye
2023-12-06 15:32:06.569 INFO: Epoch 424: loss=3.9631, RMSE_E_per_atom=6.8 meV, RMSE_F=199.1 meV / A, RMSE_Mu_per_atom=1.19 mDebye
2023-12-06 15:32:07.150 INFO: Epoch 426: loss=4.2128, RMSE_E_per_atom=5.0 meV, RMSE_F=205.2 meV / A, RMSE_Mu_per_atom=1.19 mDebye
2023-12-06 15:32:07.715 INFO: Epoch 428: loss=4.2596, RMSE_E_per_atom=5.2 meV, RMSE_F=206.4 meV / A, RMSE_Mu_per_atom=1.18 mDebye
2023-12-06 15:32:08.281 INFO: Epoch 430: loss=4.3312, RMSE_E_per_atom=5.8 meV, RMSE_F=208.1 meV / A, RMSE_Mu_per_atom=1.20 mDebye
2023-12-06 15:32:08.848 INFO: Epoch 432: loss=4.2923, RMSE_E_per_atom=5.3 meV, RMSE_F=207.2 meV / A, RMSE_Mu_per_atom=1.17 mDebye
2023-12-06 15:32:09.415 INFO: Epoch 434: loss=4.1800, RMSE_E_per_atom=4.9 meV, RMSE_F=204.4 meV / A, RMSE_Mu_per_atom=1.19 mDebye
2023-12-06 15:32:09.981 INFO: Epoch 436: loss=4.3213, RMSE_E_per_atom=4.1 meV, RMSE_F=207.9 meV / A, RMSE_Mu_per_atom=1.17 mDebye
2023-12-06 15:32:10.546 INFO: Epoch 438: loss=4.1991, RMSE_E_per_atom=4.3 meV, RMSE_F=204.9 meV / A, RMSE_Mu_per_atom=1.16 mDebye
2023-12-06 15:32:11.111 INFO: Epoch 440: loss=4.0884, RMSE_E_per_atom=3.8 meV, RMSE_F=202.2 meV / A, RMSE_Mu_per_atom=1.14 mDebye
2023-12-06 15:32:11.678 INFO: Epoch 442: loss=4.4599, RMSE_E_per_atom=2.6 meV, RMSE_F=211.2 meV / A, RMSE_Mu_per_atom=1.16 mDebye
2023-12-06 15:32:12.244 INFO: Epoch 444: loss=4.3603, RMSE_E_per_atom=4.0 meV, RMSE_F=208.8 meV / A, RMSE_Mu_per_atom=1.16 mDebye
2023-12-06 15:32:12.808 INFO: Epoch 446: loss=4.1258, RMSE_E_per_atom=4.5 meV, RMSE_F=203.1 meV / A, RMSE_Mu_per_atom=1.14 mDebye
2023-12-06 15:32:13.373 INFO: Epoch 448: loss=4.3537, RMSE_E_per_atom=4.0 meV, RMSE_F=208.7 meV / A, RMSE_Mu_per_atom=1.19 mDebye
2023-12-06 15:32:13.938 INFO: Epoch 450: loss=4.2287, RMSE_E_per_atom=3.9 meV, RMSE_F=205.6 meV / A, RMSE_Mu_per_atom=1.11 mDebye
2023-12-06 15:32:14.502 INFO: Epoch 452: loss=4.1493, RMSE_E_per_atom=3.3 meV, RMSE_F=203.7 meV / A, RMSE_Mu_per_atom=1.10 mDebye
2023-12-06 15:32:15.067 INFO: Epoch 454: loss=4.0989, RMSE_E_per_atom=5.9 meV, RMSE_F=202.5 meV / A, RMSE_Mu_per_atom=1.15 mDebye
2023-12-06 15:32:15.633 INFO: Epoch 456: loss=4.0871, RMSE_E_per_atom=4.6 meV, RMSE_F=202.2 meV / A, RMSE_Mu_per_atom=1.11 mDebye
2023-12-06 15:32:16.199 INFO: Epoch 458: loss=4.1451, RMSE_E_per_atom=4.8 meV, RMSE_F=203.6 meV / A, RMSE_Mu_per_atom=1.15 mDebye
2023-12-06 15:32:16.765 INFO: Epoch 460: loss=4.2707, RMSE_E_per_atom=4.4 meV, RMSE_F=206.7 meV / A, RMSE_Mu_per_atom=1.15 mDebye
2023-12-06 15:32:17.331 INFO: Epoch 462: loss=4.4624, RMSE_E_per_atom=2.6 meV, RMSE_F=211.2 meV / A, RMSE_Mu_per_atom=1.11 mDebye
2023-12-06 15:32:17.897 INFO: Epoch 464: loss=4.4252, RMSE_E_per_atom=4.6 meV, RMSE_F=210.4 meV / A, RMSE_Mu_per_atom=1.12 mDebye
2023-12-06 15:32:18.463 INFO: Epoch 466: loss=4.4251, RMSE_E_per_atom=3.2 meV, RMSE_F=210.4 meV / A, RMSE_Mu_per_atom=1.11 mDebye
2023-12-06 15:32:19.029 INFO: Epoch 468: loss=4.2659, RMSE_E_per_atom=3.3 meV, RMSE_F=206.5 meV / A, RMSE_Mu_per_atom=1.09 mDebye
2023-12-06 15:32:19.595 INFO: Epoch 470: loss=4.3263, RMSE_E_per_atom=4.2 meV, RMSE_F=208.0 meV / A, RMSE_Mu_per_atom=1.10 mDebye
2023-12-06 15:32:20.162 INFO: Epoch 472: loss=4.3194, RMSE_E_per_atom=3.2 meV, RMSE_F=207.8 meV / A, RMSE_Mu_per_atom=1.08 mDebye
2023-12-06 15:32:20.728 INFO: Epoch 474: loss=4.3611, RMSE_E_per_atom=3.3 meV, RMSE_F=208.8 meV / A, RMSE_Mu_per_atom=1.08 mDebye
2023-12-06 15:32:21.312 INFO: Epoch 476: loss=4.3616, RMSE_E_per_atom=3.6 meV, RMSE_F=208.8 meV / A, RMSE_Mu_per_atom=1.08 mDebye
2023-12-06 15:32:21.879 INFO: Epoch 478: loss=4.2379, RMSE_E_per_atom=4.2 meV, RMSE_F=205.9 meV / A, RMSE_Mu_per_atom=1.07 mDebye
2023-12-06 15:32:22.445 INFO: Epoch 480: loss=4.3570, RMSE_E_per_atom=3.2 meV, RMSE_F=208.7 meV / A, RMSE_Mu_per_atom=1.09 mDebye
2023-12-06 15:32:23.011 INFO: Epoch 482: loss=4.4075, RMSE_E_per_atom=2.6 meV, RMSE_F=209.9 meV / A, RMSE_Mu_per_atom=1.06 mDebye
2023-12-06 15:32:23.577 INFO: Epoch 484: loss=4.4700, RMSE_E_per_atom=3.2 meV, RMSE_F=211.4 meV / A, RMSE_Mu_per_atom=1.06 mDebye
2023-12-06 15:32:24.142 INFO: Epoch 486: loss=4.2391, RMSE_E_per_atom=4.5 meV, RMSE_F=205.9 meV / A, RMSE_Mu_per_atom=1.08 mDebye
2023-12-06 15:32:24.708 INFO: Epoch 488: loss=4.0778, RMSE_E_per_atom=4.4 meV, RMSE_F=201.9 meV / A, RMSE_Mu_per_atom=1.06 mDebye
2023-12-06 15:32:25.274 INFO: Epoch 490: loss=4.2626, RMSE_E_per_atom=4.3 meV, RMSE_F=206.5 meV / A, RMSE_Mu_per_atom=1.06 mDebye
2023-12-06 15:32:25.840 INFO: Epoch 492: loss=4.3484, RMSE_E_per_atom=2.5 meV, RMSE_F=208.5 meV / A, RMSE_Mu_per_atom=1.04 mDebye
2023-12-06 15:32:26.406 INFO: Epoch 494: loss=4.2931, RMSE_E_per_atom=3.7 meV, RMSE_F=207.2 meV / A, RMSE_Mu_per_atom=1.05 mDebye
2023-12-06 15:32:26.973 INFO: Epoch 496: loss=4.3888, RMSE_E_per_atom=4.0 meV, RMSE_F=209.5 meV / A, RMSE_Mu_per_atom=1.06 mDebye
2023-12-06 15:32:27.538 INFO: Epoch 498: loss=4.6654, RMSE_E_per_atom=3.5 meV, RMSE_F=216.0 meV / A, RMSE_Mu_per_atom=1.07 mDebye
2023-12-06 15:32:28.104 INFO: Epoch 500: loss=4.6436, RMSE_E_per_atom=2.4 meV, RMSE_F=215.5 meV / A, RMSE_Mu_per_atom=1.04 mDebye
2023-12-06 15:32:28.670 INFO: Epoch 502: loss=4.3932, RMSE_E_per_atom=2.8 meV, RMSE_F=209.6 meV / A, RMSE_Mu_per_atom=1.03 mDebye
2023-12-06 15:32:29.234 INFO: Epoch 504: loss=4.2934, RMSE_E_per_atom=2.8 meV, RMSE_F=207.2 meV / A, RMSE_Mu_per_atom=1.05 mDebye
2023-12-06 15:32:29.798 INFO: Epoch 506: loss=4.2693, RMSE_E_per_atom=4.1 meV, RMSE_F=206.6 meV / A, RMSE_Mu_per_atom=1.04 mDebye
2023-12-06 15:32:30.362 INFO: Epoch 508: loss=4.0813, RMSE_E_per_atom=2.7 meV, RMSE_F=202.0 meV / A, RMSE_Mu_per_atom=1.03 mDebye
2023-12-06 15:32:30.926 INFO: Epoch 510: loss=4.0691, RMSE_E_per_atom=1.7 meV, RMSE_F=201.7 meV / A, RMSE_Mu_per_atom=1.03 mDebye
2023-12-06 15:32:31.491 INFO: Epoch 512: loss=4.3689, RMSE_E_per_atom=3.1 meV, RMSE_F=209.0 meV / A, RMSE_Mu_per_atom=1.07 mDebye
2023-12-06 15:32:32.057 INFO: Epoch 514: loss=4.2769, RMSE_E_per_atom=2.5 meV, RMSE_F=206.8 meV / A, RMSE_Mu_per_atom=1.06 mDebye
2023-12-06 15:32:32.623 INFO: Epoch 516: loss=4.2561, RMSE_E_per_atom=2.2 meV, RMSE_F=206.3 meV / A, RMSE_Mu_per_atom=1.00 mDebye
2023-12-06 15:32:33.191 INFO: Epoch 518: loss=4.2746, RMSE_E_per_atom=2.5 meV, RMSE_F=206.7 meV / A, RMSE_Mu_per_atom=1.03 mDebye
2023-12-06 15:32:33.756 INFO: Epoch 520: loss=4.3622, RMSE_E_per_atom=2.1 meV, RMSE_F=208.9 meV / A, RMSE_Mu_per_atom=1.01 mDebye
2023-12-06 15:32:34.322 INFO: Epoch 522: loss=4.4646, RMSE_E_per_atom=2.2 meV, RMSE_F=211.3 meV / A, RMSE_Mu_per_atom=1.02 mDebye
2023-12-06 15:32:34.888 INFO: Epoch 524: loss=4.4429, RMSE_E_per_atom=2.4 meV, RMSE_F=210.8 meV / A, RMSE_Mu_per_atom=1.00 mDebye
2023-12-06 15:32:35.455 INFO: Epoch 526: loss=4.3264, RMSE_E_per_atom=2.8 meV, RMSE_F=208.0 meV / A, RMSE_Mu_per_atom=1.01 mDebye
2023-12-06 15:32:36.021 INFO: Epoch 528: loss=4.3971, RMSE_E_per_atom=2.9 meV, RMSE_F=209.7 meV / A, RMSE_Mu_per_atom=1.00 mDebye
2023-12-06 15:32:36.587 INFO: Epoch 530: loss=4.3516, RMSE_E_per_atom=2.4 meV, RMSE_F=208.6 meV / A, RMSE_Mu_per_atom=1.00 mDebye
2023-12-06 15:32:37.152 INFO: Epoch 532: loss=4.3302, RMSE_E_per_atom=2.4 meV, RMSE_F=208.1 meV / A, RMSE_Mu_per_atom=1.00 mDebye
2023-12-06 15:32:37.741 INFO: Epoch 534: loss=4.5544, RMSE_E_per_atom=2.0 meV, RMSE_F=213.4 meV / A, RMSE_Mu_per_atom=1.00 mDebye
2023-12-06 15:32:38.316 INFO: Epoch 536: loss=4.4947, RMSE_E_per_atom=2.9 meV, RMSE_F=212.0 meV / A, RMSE_Mu_per_atom=1.01 mDebye
2023-12-06 15:32:38.883 INFO: Epoch 538: loss=4.3588, RMSE_E_per_atom=2.1 meV, RMSE_F=208.8 meV / A, RMSE_Mu_per_atom=0.99 mDebye
2023-12-06 15:32:39.449 INFO: Epoch 540: loss=4.3564, RMSE_E_per_atom=2.2 meV, RMSE_F=208.7 meV / A, RMSE_Mu_per_atom=0.99 mDebye
2023-12-06 15:32:40.018 INFO: Epoch 542: loss=4.4178, RMSE_E_per_atom=2.5 meV, RMSE_F=210.2 meV / A, RMSE_Mu_per_atom=0.99 mDebye
2023-12-06 15:32:40.591 INFO: Epoch 544: loss=4.3589, RMSE_E_per_atom=2.4 meV, RMSE_F=208.8 meV / A, RMSE_Mu_per_atom=0.99 mDebye
2023-12-06 15:32:41.157 INFO: Epoch 546: loss=4.4148, RMSE_E_per_atom=2.2 meV, RMSE_F=210.1 meV / A, RMSE_Mu_per_atom=0.99 mDebye
2023-12-06 15:32:41.723 INFO: Epoch 548: loss=4.2969, RMSE_E_per_atom=2.5 meV, RMSE_F=207.3 meV / A, RMSE_Mu_per_atom=0.99 mDebye
2023-12-06 15:32:42.291 INFO: Epoch 550: loss=4.2643, RMSE_E_per_atom=2.5 meV, RMSE_F=206.5 meV / A, RMSE_Mu_per_atom=0.98 mDebye
2023-12-06 15:32:42.866 INFO: Epoch 552: loss=4.4986, RMSE_E_per_atom=1.9 meV, RMSE_F=212.1 meV / A, RMSE_Mu_per_atom=0.98 mDebye
2023-12-06 15:32:43.451 INFO: Epoch 554: loss=4.4489, RMSE_E_per_atom=2.0 meV, RMSE_F=210.9 meV / A, RMSE_Mu_per_atom=0.98 mDebye
2023-12-06 15:32:44.026 INFO: Epoch 556: loss=4.3018, RMSE_E_per_atom=1.8 meV, RMSE_F=207.4 meV / A, RMSE_Mu_per_atom=0.97 mDebye
2023-12-06 15:32:44.613 INFO: Epoch 558: loss=4.3466, RMSE_E_per_atom=2.3 meV, RMSE_F=208.5 meV / A, RMSE_Mu_per_atom=0.97 mDebye
2023-12-06 15:32:45.214 INFO: Epoch 560: loss=4.4371, RMSE_E_per_atom=1.8 meV, RMSE_F=210.6 meV / A, RMSE_Mu_per_atom=0.97 mDebye
2023-12-06 15:32:45.806 INFO: Epoch 562: loss=4.4974, RMSE_E_per_atom=1.8 meV, RMSE_F=212.1 meV / A, RMSE_Mu_per_atom=0.97 mDebye
2023-12-06 15:32:46.380 INFO: Epoch 564: loss=4.3236, RMSE_E_per_atom=2.0 meV, RMSE_F=207.9 meV / A, RMSE_Mu_per_atom=0.97 mDebye
2023-12-06 15:32:46.961 INFO: Epoch 566: loss=4.4329, RMSE_E_per_atom=1.8 meV, RMSE_F=210.5 meV / A, RMSE_Mu_per_atom=0.97 mDebye
2023-12-06 15:32:47.528 INFO: Epoch 568: loss=4.5445, RMSE_E_per_atom=2.1 meV, RMSE_F=213.2 meV / A, RMSE_Mu_per_atom=0.97 mDebye
2023-12-06 15:32:48.119 INFO: Epoch 570: loss=4.4167, RMSE_E_per_atom=2.1 meV, RMSE_F=210.2 meV / A, RMSE_Mu_per_atom=0.96 mDebye
2023-12-06 15:32:48.691 INFO: Epoch 572: loss=4.3297, RMSE_E_per_atom=2.5 meV, RMSE_F=208.1 meV / A, RMSE_Mu_per_atom=0.96 mDebye
2023-12-06 15:32:49.255 INFO: Epoch 574: loss=4.3164, RMSE_E_per_atom=1.8 meV, RMSE_F=207.8 meV / A, RMSE_Mu_per_atom=0.95 mDebye
2023-12-06 15:32:49.819 INFO: Epoch 576: loss=4.3094, RMSE_E_per_atom=2.4 meV, RMSE_F=207.6 meV / A, RMSE_Mu_per_atom=0.96 mDebye
2023-12-06 15:32:50.385 INFO: Epoch 578: loss=4.5160, RMSE_E_per_atom=1.6 meV, RMSE_F=212.5 meV / A, RMSE_Mu_per_atom=0.95 mDebye
2023-12-06 15:32:50.950 INFO: Epoch 580: loss=4.5733, RMSE_E_per_atom=2.6 meV, RMSE_F=213.9 meV / A, RMSE_Mu_per_atom=0.96 mDebye
2023-12-06 15:32:51.517 INFO: Epoch 582: loss=4.5660, RMSE_E_per_atom=2.9 meV, RMSE_F=213.7 meV / A, RMSE_Mu_per_atom=0.95 mDebye
2023-12-06 15:32:52.084 INFO: Epoch 584: loss=4.5826, RMSE_E_per_atom=2.0 meV, RMSE_F=214.1 meV / A, RMSE_Mu_per_atom=0.95 mDebye
2023-12-06 15:32:52.649 INFO: Epoch 586: loss=4.5349, RMSE_E_per_atom=1.9 meV, RMSE_F=212.9 meV / A, RMSE_Mu_per_atom=0.94 mDebye
2023-12-06 15:32:53.216 INFO: Epoch 588: loss=4.4207, RMSE_E_per_atom=2.5 meV, RMSE_F=210.3 meV / A, RMSE_Mu_per_atom=0.95 mDebye
2023-12-06 15:32:53.783 INFO: Epoch 590: loss=4.3362, RMSE_E_per_atom=2.3 meV, RMSE_F=208.2 meV / A, RMSE_Mu_per_atom=0.95 mDebye
2023-12-06 15:32:54.349 INFO: Epoch 592: loss=4.4610, RMSE_E_per_atom=1.8 meV, RMSE_F=211.2 meV / A, RMSE_Mu_per_atom=0.95 mDebye
2023-12-06 15:32:54.922 INFO: Epoch 594: loss=4.5287, RMSE_E_per_atom=1.9 meV, RMSE_F=212.8 meV / A, RMSE_Mu_per_atom=0.95 mDebye
2023-12-06 15:32:55.490 INFO: Epoch 596: loss=4.4175, RMSE_E_per_atom=2.2 meV, RMSE_F=210.2 meV / A, RMSE_Mu_per_atom=0.94 mDebye
2023-12-06 15:32:56.057 INFO: Epoch 598: loss=4.4460, RMSE_E_per_atom=2.1 meV, RMSE_F=210.9 meV / A, RMSE_Mu_per_atom=0.94 mDebye
2023-12-06 15:32:56.624 INFO: Epoch 600: loss=4.4738, RMSE_E_per_atom=1.9 meV, RMSE_F=211.5 meV / A, RMSE_Mu_per_atom=0.94 mDebye
2023-12-06 15:32:57.190 INFO: Epoch 602: loss=4.3296, RMSE_E_per_atom=2.2 meV, RMSE_F=208.1 meV / A, RMSE_Mu_per_atom=0.94 mDebye
2023-12-06 15:32:57.757 INFO: Epoch 604: loss=4.4685, RMSE_E_per_atom=1.9 meV, RMSE_F=211.4 meV / A, RMSE_Mu_per_atom=0.93 mDebye
2023-12-06 15:32:58.322 INFO: Epoch 606: loss=4.3637, RMSE_E_per_atom=2.0 meV, RMSE_F=208.9 meV / A, RMSE_Mu_per_atom=0.93 mDebye
2023-12-06 15:32:58.889 INFO: Epoch 608: loss=4.5641, RMSE_E_per_atom=1.7 meV, RMSE_F=213.6 meV / A, RMSE_Mu_per_atom=0.93 mDebye
2023-12-06 15:32:59.455 INFO: Epoch 610: loss=4.4342, RMSE_E_per_atom=2.0 meV, RMSE_F=210.6 meV / A, RMSE_Mu_per_atom=0.94 mDebye
2023-12-06 15:33:00.022 INFO: Epoch 612: loss=4.4828, RMSE_E_per_atom=1.7 meV, RMSE_F=211.7 meV / A, RMSE_Mu_per_atom=0.93 mDebye
2023-12-06 15:33:00.590 INFO: Epoch 614: loss=4.5075, RMSE_E_per_atom=1.8 meV, RMSE_F=212.3 meV / A, RMSE_Mu_per_atom=0.93 mDebye
2023-12-06 15:33:01.159 INFO: Epoch 616: loss=4.4362, RMSE_E_per_atom=1.8 meV, RMSE_F=210.6 meV / A, RMSE_Mu_per_atom=0.93 mDebye
2023-12-06 15:33:01.727 INFO: Epoch 618: loss=4.5753, RMSE_E_per_atom=1.8 meV, RMSE_F=213.9 meV / A, RMSE_Mu_per_atom=0.93 mDebye
2023-12-06 15:33:02.296 INFO: Epoch 620: loss=4.4473, RMSE_E_per_atom=1.8 meV, RMSE_F=210.9 meV / A, RMSE_Mu_per_atom=0.93 mDebye
2023-12-06 15:33:02.863 INFO: Epoch 622: loss=4.4502, RMSE_E_per_atom=2.0 meV, RMSE_F=211.0 meV / A, RMSE_Mu_per_atom=0.93 mDebye
2023-12-06 15:33:03.429 INFO: Epoch 624: loss=4.4291, RMSE_E_per_atom=1.8 meV, RMSE_F=210.5 meV / A, RMSE_Mu_per_atom=0.93 mDebye
2023-12-06 15:33:03.998 INFO: Epoch 626: loss=4.4137, RMSE_E_per_atom=1.9 meV, RMSE_F=210.1 meV / A, RMSE_Mu_per_atom=0.92 mDebye
2023-12-06 15:33:04.564 INFO: Epoch 628: loss=4.4675, RMSE_E_per_atom=2.4 meV, RMSE_F=211.4 meV / A, RMSE_Mu_per_atom=0.92 mDebye
2023-12-06 15:33:05.131 INFO: Epoch 630: loss=4.4876, RMSE_E_per_atom=1.4 meV, RMSE_F=211.8 meV / A, RMSE_Mu_per_atom=0.93 mDebye
2023-12-06 15:33:05.698 INFO: Epoch 632: loss=4.3830, RMSE_E_per_atom=1.7 meV, RMSE_F=209.4 meV / A, RMSE_Mu_per_atom=0.92 mDebye
2023-12-06 15:33:06.263 INFO: Epoch 634: loss=4.5182, RMSE_E_per_atom=2.6 meV, RMSE_F=212.6 meV / A, RMSE_Mu_per_atom=0.92 mDebye
2023-12-06 15:33:06.831 INFO: Epoch 636: loss=4.4941, RMSE_E_per_atom=2.2 meV, RMSE_F=212.0 meV / A, RMSE_Mu_per_atom=0.93 mDebye
2023-12-06 15:33:07.395 INFO: Epoch 638: loss=4.4749, RMSE_E_per_atom=2.0 meV, RMSE_F=211.5 meV / A, RMSE_Mu_per_atom=0.93 mDebye
2023-12-06 15:33:07.962 INFO: Epoch 640: loss=4.3630, RMSE_E_per_atom=2.0 meV, RMSE_F=208.9 meV / A, RMSE_Mu_per_atom=0.92 mDebye
2023-12-06 15:33:08.528 INFO: Epoch 642: loss=4.4553, RMSE_E_per_atom=1.9 meV, RMSE_F=211.1 meV / A, RMSE_Mu_per_atom=0.92 mDebye
2023-12-06 15:33:09.094 INFO: Epoch 644: loss=4.5401, RMSE_E_per_atom=2.3 meV, RMSE_F=213.1 meV / A, RMSE_Mu_per_atom=0.91 mDebye
2023-12-06 15:33:09.660 INFO: Epoch 646: loss=4.4420, RMSE_E_per_atom=2.1 meV, RMSE_F=210.8 meV / A, RMSE_Mu_per_atom=0.91 mDebye
2023-12-06 15:33:10.230 INFO: Epoch 648: loss=4.4771, RMSE_E_per_atom=2.1 meV, RMSE_F=211.6 meV / A, RMSE_Mu_per_atom=0.91 mDebye
2023-12-06 15:33:10.795 INFO: Epoch 650: loss=4.5315, RMSE_E_per_atom=2.1 meV, RMSE_F=212.9 meV / A, RMSE_Mu_per_atom=0.91 mDebye
2023-12-06 15:33:11.361 INFO: Epoch 652: loss=4.4755, RMSE_E_per_atom=2.3 meV, RMSE_F=211.6 meV / A, RMSE_Mu_per_atom=0.91 mDebye
2023-12-06 15:33:11.930 INFO: Epoch 654: loss=4.5285, RMSE_E_per_atom=2.1 meV, RMSE_F=212.8 meV / A, RMSE_Mu_per_atom=0.91 mDebye
2023-12-06 15:33:12.499 INFO: Epoch 656: loss=4.5213, RMSE_E_per_atom=2.1 meV, RMSE_F=212.6 meV / A, RMSE_Mu_per_atom=0.92 mDebye
2023-12-06 15:33:13.068 INFO: Epoch 658: loss=4.4634, RMSE_E_per_atom=2.0 meV, RMSE_F=211.3 meV / A, RMSE_Mu_per_atom=0.91 mDebye
2023-12-06 15:33:13.633 INFO: Epoch 660: loss=4.4400, RMSE_E_per_atom=1.9 meV, RMSE_F=210.7 meV / A, RMSE_Mu_per_atom=0.91 mDebye
2023-12-06 15:33:14.196 INFO: Epoch 662: loss=4.5075, RMSE_E_per_atom=1.9 meV, RMSE_F=212.3 meV / A, RMSE_Mu_per_atom=0.91 mDebye
2023-12-06 15:33:14.763 INFO: Epoch 664: loss=4.6263, RMSE_E_per_atom=1.8 meV, RMSE_F=215.1 meV / A, RMSE_Mu_per_atom=0.91 mDebye
2023-12-06 15:33:15.330 INFO: Epoch 666: loss=4.4644, RMSE_E_per_atom=2.1 meV, RMSE_F=211.3 meV / A, RMSE_Mu_per_atom=0.90 mDebye
2023-12-06 15:33:15.898 INFO: Epoch 668: loss=4.5361, RMSE_E_per_atom=2.0 meV, RMSE_F=213.0 meV / A, RMSE_Mu_per_atom=0.90 mDebye
2023-12-06 15:33:16.464 INFO: Epoch 670: loss=4.4407, RMSE_E_per_atom=1.9 meV, RMSE_F=210.7 meV / A, RMSE_Mu_per_atom=0.91 mDebye
2023-12-06 15:33:17.029 INFO: Epoch 672: loss=4.6067, RMSE_E_per_atom=1.7 meV, RMSE_F=214.6 meV / A, RMSE_Mu_per_atom=0.90 mDebye
2023-12-06 15:33:17.596 INFO: Epoch 674: loss=4.4361, RMSE_E_per_atom=2.2 meV, RMSE_F=210.6 meV / A, RMSE_Mu_per_atom=0.90 mDebye
2023-12-06 15:33:18.162 INFO: Epoch 676: loss=4.5450, RMSE_E_per_atom=1.6 meV, RMSE_F=213.2 meV / A, RMSE_Mu_per_atom=0.90 mDebye
2023-12-06 15:33:18.727 INFO: Epoch 678: loss=4.5161, RMSE_E_per_atom=2.5 meV, RMSE_F=212.5 meV / A, RMSE_Mu_per_atom=0.90 mDebye
2023-12-06 15:33:19.294 INFO: Epoch 680: loss=4.4206, RMSE_E_per_atom=2.2 meV, RMSE_F=210.3 meV / A, RMSE_Mu_per_atom=0.92 mDebye
2023-12-06 15:33:19.860 INFO: Epoch 682: loss=4.5663, RMSE_E_per_atom=1.9 meV, RMSE_F=213.7 meV / A, RMSE_Mu_per_atom=0.90 mDebye
2023-12-06 15:33:20.431 INFO: Epoch 684: loss=4.5361, RMSE_E_per_atom=2.1 meV, RMSE_F=213.0 meV / A, RMSE_Mu_per_atom=0.90 mDebye
2023-12-06 15:33:20.997 INFO: Epoch 686: loss=4.4273, RMSE_E_per_atom=2.0 meV, RMSE_F=210.4 meV / A, RMSE_Mu_per_atom=0.90 mDebye
2023-12-06 15:33:21.564 INFO: Epoch 688: loss=4.4668, RMSE_E_per_atom=2.0 meV, RMSE_F=211.3 meV / A, RMSE_Mu_per_atom=0.90 mDebye
2023-12-06 15:33:22.131 INFO: Epoch 690: loss=4.5717, RMSE_E_per_atom=2.0 meV, RMSE_F=213.8 meV / A, RMSE_Mu_per_atom=0.90 mDebye
2023-12-06 15:33:22.697 INFO: Epoch 692: loss=4.5695, RMSE_E_per_atom=2.1 meV, RMSE_F=213.8 meV / A, RMSE_Mu_per_atom=0.91 mDebye
2023-12-06 15:33:23.263 INFO: Epoch 694: loss=4.5305, RMSE_E_per_atom=2.4 meV, RMSE_F=212.8 meV / A, RMSE_Mu_per_atom=0.90 mDebye
2023-12-06 15:33:23.830 INFO: Epoch 696: loss=4.5451, RMSE_E_per_atom=1.7 meV, RMSE_F=213.2 meV / A, RMSE_Mu_per_atom=0.89 mDebye
2023-12-06 15:33:24.397 INFO: Epoch 698: loss=4.4749, RMSE_E_per_atom=2.6 meV, RMSE_F=211.5 meV / A, RMSE_Mu_per_atom=0.90 mDebye
2023-12-06 15:33:24.965 INFO: Epoch 700: loss=4.5462, RMSE_E_per_atom=1.9 meV, RMSE_F=213.2 meV / A, RMSE_Mu_per_atom=0.90 mDebye
2023-12-06 15:33:25.535 INFO: Epoch 702: loss=4.4778, RMSE_E_per_atom=2.2 meV, RMSE_F=211.6 meV / A, RMSE_Mu_per_atom=0.90 mDebye
2023-12-06 15:33:26.102 INFO: Epoch 704: loss=4.4909, RMSE_E_per_atom=2.2 meV, RMSE_F=211.9 meV / A, RMSE_Mu_per_atom=0.90 mDebye
2023-12-06 15:33:26.668 INFO: Epoch 706: loss=4.5424, RMSE_E_per_atom=2.2 meV, RMSE_F=213.1 meV / A, RMSE_Mu_per_atom=0.89 mDebye
2023-12-06 15:33:27.234 INFO: Epoch 708: loss=4.5502, RMSE_E_per_atom=2.3 meV, RMSE_F=213.3 meV / A, RMSE_Mu_per_atom=0.89 mDebye
2023-12-06 15:33:27.800 INFO: Epoch 710: loss=4.5775, RMSE_E_per_atom=2.0 meV, RMSE_F=213.9 meV / A, RMSE_Mu_per_atom=0.89 mDebye
2023-12-06 15:33:28.368 INFO: Epoch 712: loss=4.4595, RMSE_E_per_atom=2.3 meV, RMSE_F=211.2 meV / A, RMSE_Mu_per_atom=0.89 mDebye
2023-12-06 15:33:28.934 INFO: Epoch 714: loss=4.4870, RMSE_E_per_atom=2.1 meV, RMSE_F=211.8 meV / A, RMSE_Mu_per_atom=0.89 mDebye
2023-12-06 15:33:29.500 INFO: Epoch 716: loss=4.5123, RMSE_E_per_atom=2.2 meV, RMSE_F=212.4 meV / A, RMSE_Mu_per_atom=0.89 mDebye
2023-12-06 15:33:30.067 INFO: Epoch 718: loss=4.4922, RMSE_E_per_atom=2.0 meV, RMSE_F=211.9 meV / A, RMSE_Mu_per_atom=0.89 mDebye
2023-12-06 15:33:30.633 INFO: Epoch 720: loss=4.5698, RMSE_E_per_atom=2.4 meV, RMSE_F=213.8 meV / A, RMSE_Mu_per_atom=0.89 mDebye
2023-12-06 15:33:31.200 INFO: Epoch 722: loss=4.5659, RMSE_E_per_atom=2.2 meV, RMSE_F=213.7 meV / A, RMSE_Mu_per_atom=0.89 mDebye
2023-12-06 15:33:31.766 INFO: Epoch 724: loss=4.4441, RMSE_E_per_atom=2.3 meV, RMSE_F=210.8 meV / A, RMSE_Mu_per_atom=0.89 mDebye
2023-12-06 15:33:32.334 INFO: Epoch 726: loss=4.5544, RMSE_E_per_atom=2.2 meV, RMSE_F=213.4 meV / A, RMSE_Mu_per_atom=0.89 mDebye
2023-12-06 15:33:32.898 INFO: Epoch 728: loss=4.5536, RMSE_E_per_atom=2.3 meV, RMSE_F=213.4 meV / A, RMSE_Mu_per_atom=0.89 mDebye
2023-12-06 15:33:33.462 INFO: Epoch 730: loss=4.4766, RMSE_E_per_atom=2.4 meV, RMSE_F=211.6 meV / A, RMSE_Mu_per_atom=0.89 mDebye
2023-12-06 15:33:34.029 INFO: Epoch 732: loss=4.5369, RMSE_E_per_atom=2.3 meV, RMSE_F=213.0 meV / A, RMSE_Mu_per_atom=0.89 mDebye
2023-12-06 15:33:34.597 INFO: Epoch 734: loss=4.6188, RMSE_E_per_atom=2.2 meV, RMSE_F=214.9 meV / A, RMSE_Mu_per_atom=0.88 mDebye
2023-12-06 15:33:35.162 INFO: Epoch 736: loss=4.4608, RMSE_E_per_atom=2.1 meV, RMSE_F=211.2 meV / A, RMSE_Mu_per_atom=0.89 mDebye
2023-12-06 15:33:35.729 INFO: Epoch 738: loss=4.5095, RMSE_E_per_atom=2.3 meV, RMSE_F=212.4 meV / A, RMSE_Mu_per_atom=0.89 mDebye
2023-12-06 15:33:36.296 INFO: Epoch 740: loss=4.5295, RMSE_E_per_atom=2.2 meV, RMSE_F=212.8 meV / A, RMSE_Mu_per_atom=0.89 mDebye
2023-12-06 15:33:36.863 INFO: Epoch 742: loss=4.5554, RMSE_E_per_atom=2.3 meV, RMSE_F=213.4 meV / A, RMSE_Mu_per_atom=0.89 mDebye
2023-12-06 15:33:37.436 INFO: Epoch 744: loss=4.5883, RMSE_E_per_atom=2.2 meV, RMSE_F=214.2 meV / A, RMSE_Mu_per_atom=0.88 mDebye
2023-12-06 15:33:38.003 INFO: Epoch 746: loss=4.5217, RMSE_E_per_atom=2.3 meV, RMSE_F=212.6 meV / A, RMSE_Mu_per_atom=0.89 mDebye
2023-12-06 15:33:38.568 INFO: Epoch 748: loss=4.6132, RMSE_E_per_atom=2.1 meV, RMSE_F=214.8 meV / A, RMSE_Mu_per_atom=0.88 mDebye
2023-12-06 15:33:39.134 INFO: Epoch 750: loss=4.5745, RMSE_E_per_atom=2.4 meV, RMSE_F=213.9 meV / A, RMSE_Mu_per_atom=0.88 mDebye
2023-12-06 15:33:39.702 INFO: Epoch 752: loss=4.4653, RMSE_E_per_atom=2.1 meV, RMSE_F=211.3 meV / A, RMSE_Mu_per_atom=0.89 mDebye
2023-12-06 15:33:40.270 INFO: Epoch 754: loss=4.5775, RMSE_E_per_atom=2.3 meV, RMSE_F=213.9 meV / A, RMSE_Mu_per_atom=0.88 mDebye
2023-12-06 15:33:40.835 INFO: Epoch 756: loss=4.5767, RMSE_E_per_atom=2.4 meV, RMSE_F=213.9 meV / A, RMSE_Mu_per_atom=0.88 mDebye
2023-12-06 15:33:41.401 INFO: Epoch 758: loss=4.5804, RMSE_E_per_atom=2.2 meV, RMSE_F=214.0 meV / A, RMSE_Mu_per_atom=0.88 mDebye
2023-12-06 15:33:41.969 INFO: Epoch 760: loss=4.5610, RMSE_E_per_atom=2.3 meV, RMSE_F=213.6 meV / A, RMSE_Mu_per_atom=0.88 mDebye
2023-12-06 15:33:42.535 INFO: Epoch 762: loss=4.5300, RMSE_E_per_atom=2.3 meV, RMSE_F=212.8 meV / A, RMSE_Mu_per_atom=0.89 mDebye
2023-12-06 15:33:43.103 INFO: Epoch 764: loss=4.5497, RMSE_E_per_atom=2.3 meV, RMSE_F=213.3 meV / A, RMSE_Mu_per_atom=0.88 mDebye
2023-12-06 15:33:43.671 INFO: Epoch 766: loss=4.6208, RMSE_E_per_atom=2.2 meV, RMSE_F=215.0 meV / A, RMSE_Mu_per_atom=0.88 mDebye
2023-12-06 15:33:44.237 INFO: Epoch 768: loss=4.5586, RMSE_E_per_atom=2.2 meV, RMSE_F=213.5 meV / A, RMSE_Mu_per_atom=0.88 mDebye
2023-12-06 15:33:44.809 INFO: Epoch 770: loss=4.5589, RMSE_E_per_atom=2.2 meV, RMSE_F=213.5 meV / A, RMSE_Mu_per_atom=0.88 mDebye
2023-12-06 15:33:45.378 INFO: Epoch 772: loss=4.5656, RMSE_E_per_atom=2.2 meV, RMSE_F=213.7 meV / A, RMSE_Mu_per_atom=0.88 mDebye
2023-12-06 15:33:45.946 INFO: Epoch 774: loss=4.5637, RMSE_E_per_atom=2.4 meV, RMSE_F=213.6 meV / A, RMSE_Mu_per_atom=0.88 mDebye
2023-12-06 15:33:46.514 INFO: Epoch 776: loss=4.5675, RMSE_E_per_atom=2.2 meV, RMSE_F=213.7 meV / A, RMSE_Mu_per_atom=0.88 mDebye
2023-12-06 15:33:47.082 INFO: Epoch 778: loss=4.5558, RMSE_E_per_atom=2.2 meV, RMSE_F=213.4 meV / A, RMSE_Mu_per_atom=0.88 mDebye
2023-12-06 15:33:47.651 INFO: Epoch 780: loss=4.5859, RMSE_E_per_atom=2.5 meV, RMSE_F=214.1 meV / A, RMSE_Mu_per_atom=0.88 mDebye
2023-12-06 15:33:48.217 INFO: Epoch 782: loss=4.5141, RMSE_E_per_atom=2.2 meV, RMSE_F=212.5 meV / A, RMSE_Mu_per_atom=0.88 mDebye
2023-12-06 15:33:48.784 INFO: Epoch 784: loss=4.5820, RMSE_E_per_atom=2.3 meV, RMSE_F=214.1 meV / A, RMSE_Mu_per_atom=0.87 mDebye
2023-12-06 15:33:49.354 INFO: Epoch 786: loss=4.5811, RMSE_E_per_atom=2.5 meV, RMSE_F=214.0 meV / A, RMSE_Mu_per_atom=0.88 mDebye
2023-12-06 15:33:49.920 INFO: Epoch 788: loss=4.5364, RMSE_E_per_atom=2.3 meV, RMSE_F=213.0 meV / A, RMSE_Mu_per_atom=0.87 mDebye
2023-12-06 15:33:50.486 INFO: Epoch 790: loss=4.6369, RMSE_E_per_atom=2.4 meV, RMSE_F=215.3 meV / A, RMSE_Mu_per_atom=0.88 mDebye
2023-12-06 15:33:51.052 INFO: Epoch 792: loss=4.5025, RMSE_E_per_atom=2.4 meV, RMSE_F=212.2 meV / A, RMSE_Mu_per_atom=0.88 mDebye
2023-12-06 15:33:51.622 INFO: Epoch 794: loss=4.6094, RMSE_E_per_atom=2.4 meV, RMSE_F=214.7 meV / A, RMSE_Mu_per_atom=0.87 mDebye
2023-12-06 15:33:52.189 INFO: Epoch 796: loss=4.5607, RMSE_E_per_atom=2.2 meV, RMSE_F=213.6 meV / A, RMSE_Mu_per_atom=0.87 mDebye
2023-12-06 15:33:52.753 INFO: Epoch 798: loss=4.6124, RMSE_E_per_atom=2.2 meV, RMSE_F=214.8 meV / A, RMSE_Mu_per_atom=0.88 mDebye
2023-12-06 15:33:53.028 INFO: Changing loss based on SWA
2023-12-06 15:33:53.321 INFO: Epoch 800: loss=4.4981, RMSE_E_per_atom=0.4 meV, RMSE_F=212.1 meV / A, RMSE_Mu_per_atom=0.87 mDebye
2023-12-06 15:33:54.158 INFO: Epoch 802: loss=4.5473, RMSE_E_per_atom=1.4 meV, RMSE_F=213.2 meV / A, RMSE_Mu_per_atom=0.87 mDebye
2023-12-06 15:33:54.733 INFO: Epoch 804: loss=4.7222, RMSE_E_per_atom=2.6 meV, RMSE_F=217.1 meV / A, RMSE_Mu_per_atom=0.87 mDebye
2023-12-06 15:33:55.309 INFO: Epoch 806: loss=4.6515, RMSE_E_per_atom=0.8 meV, RMSE_F=215.7 meV / A, RMSE_Mu_per_atom=0.87 mDebye
2023-12-06 15:33:55.884 INFO: Epoch 808: loss=4.4701, RMSE_E_per_atom=0.5 meV, RMSE_F=211.4 meV / A, RMSE_Mu_per_atom=0.87 mDebye
2023-12-06 15:33:56.734 INFO: Epoch 810: loss=4.5558, RMSE_E_per_atom=1.0 meV, RMSE_F=213.4 meV / A, RMSE_Mu_per_atom=0.87 mDebye
2023-12-06 15:33:57.306 INFO: Epoch 812: loss=4.6361, RMSE_E_per_atom=0.5 meV, RMSE_F=215.3 meV / A, RMSE_Mu_per_atom=0.87 mDebye
2023-12-06 15:33:57.880 INFO: Epoch 814: loss=4.6360, RMSE_E_per_atom=1.7 meV, RMSE_F=215.2 meV / A, RMSE_Mu_per_atom=0.87 mDebye
2023-12-06 15:33:58.453 INFO: Epoch 816: loss=4.5811, RMSE_E_per_atom=2.4 meV, RMSE_F=213.9 meV / A, RMSE_Mu_per_atom=0.87 mDebye
2023-12-06 15:33:59.027 INFO: Epoch 818: loss=4.5503, RMSE_E_per_atom=2.5 meV, RMSE_F=213.2 meV / A, RMSE_Mu_per_atom=0.86 mDebye
2023-12-06 15:33:59.602 INFO: Epoch 820: loss=4.6872, RMSE_E_per_atom=1.9 meV, RMSE_F=216.4 meV / A, RMSE_Mu_per_atom=0.87 mDebye
2023-12-06 15:34:00.179 INFO: Epoch 822: loss=4.6090, RMSE_E_per_atom=2.5 meV, RMSE_F=214.5 meV / A, RMSE_Mu_per_atom=0.88 mDebye
2023-12-06 15:34:00.756 INFO: Epoch 824: loss=4.5802, RMSE_E_per_atom=1.7 meV, RMSE_F=213.9 meV / A, RMSE_Mu_per_atom=0.87 mDebye
2023-12-06 15:34:01.329 INFO: Epoch 826: loss=4.6032, RMSE_E_per_atom=2.8 meV, RMSE_F=214.4 meV / A, RMSE_Mu_per_atom=0.86 mDebye
2023-12-06 15:34:01.903 INFO: Epoch 828: loss=4.4809, RMSE_E_per_atom=2.3 meV, RMSE_F=211.6 meV / A, RMSE_Mu_per_atom=0.87 mDebye
2023-12-06 15:34:02.477 INFO: Epoch 830: loss=4.6612, RMSE_E_per_atom=2.9 meV, RMSE_F=215.7 meV / A, RMSE_Mu_per_atom=0.87 mDebye
2023-12-06 15:34:03.048 INFO: Epoch 832: loss=4.6044, RMSE_E_per_atom=1.8 meV, RMSE_F=214.5 meV / A, RMSE_Mu_per_atom=0.87 mDebye
2023-12-06 15:34:03.619 INFO: Epoch 834: loss=4.6253, RMSE_E_per_atom=1.6 meV, RMSE_F=215.0 meV / A, RMSE_Mu_per_atom=0.86 mDebye
2023-12-06 15:34:04.194 INFO: Epoch 836: loss=4.6084, RMSE_E_per_atom=1.1 meV, RMSE_F=214.6 meV / A, RMSE_Mu_per_atom=0.87 mDebye
2023-12-06 15:34:04.767 INFO: Epoch 838: loss=4.6840, RMSE_E_per_atom=0.3 meV, RMSE_F=216.4 meV / A, RMSE_Mu_per_atom=0.86 mDebye
2023-12-06 15:34:05.341 INFO: Epoch 840: loss=4.5960, RMSE_E_per_atom=0.3 meV, RMSE_F=214.4 meV / A, RMSE_Mu_per_atom=0.86 mDebye
2023-12-06 15:34:05.912 INFO: Epoch 842: loss=4.6118, RMSE_E_per_atom=1.3 meV, RMSE_F=214.7 meV / A, RMSE_Mu_per_atom=0.86 mDebye
2023-12-06 15:34:06.485 INFO: Epoch 844: loss=4.6442, RMSE_E_per_atom=0.4 meV, RMSE_F=215.5 meV / A, RMSE_Mu_per_atom=0.86 mDebye
2023-12-06 15:34:07.056 INFO: Epoch 846: loss=4.6138, RMSE_E_per_atom=0.5 meV, RMSE_F=214.8 meV / A, RMSE_Mu_per_atom=0.86 mDebye
2023-12-06 15:34:07.626 INFO: Epoch 848: loss=4.5967, RMSE_E_per_atom=0.8 meV, RMSE_F=214.4 meV / A, RMSE_Mu_per_atom=0.87 mDebye
2023-12-06 15:34:08.199 INFO: Epoch 850: loss=4.5675, RMSE_E_per_atom=1.1 meV, RMSE_F=213.7 meV / A, RMSE_Mu_per_atom=0.86 mDebye
2023-12-06 15:34:08.769 INFO: Epoch 852: loss=4.6596, RMSE_E_per_atom=1.2 meV, RMSE_F=215.8 meV / A, RMSE_Mu_per_atom=0.86 mDebye
2023-12-06 15:34:09.339 INFO: Epoch 854: loss=4.6617, RMSE_E_per_atom=1.9 meV, RMSE_F=215.8 meV / A, RMSE_Mu_per_atom=0.86 mDebye
2023-12-06 15:34:09.911 INFO: Epoch 856: loss=4.6087, RMSE_E_per_atom=1.9 meV, RMSE_F=214.6 meV / A, RMSE_Mu_per_atom=0.87 mDebye
2023-12-06 15:34:10.482 INFO: Epoch 858: loss=4.6935, RMSE_E_per_atom=1.1 meV, RMSE_F=216.6 meV / A, RMSE_Mu_per_atom=0.86 mDebye
2023-12-06 15:34:11.051 INFO: Epoch 860: loss=4.7051, RMSE_E_per_atom=2.7 meV, RMSE_F=216.7 meV / A, RMSE_Mu_per_atom=0.85 mDebye
2023-12-06 15:34:11.625 INFO: Epoch 862: loss=4.6140, RMSE_E_per_atom=2.8 meV, RMSE_F=214.6 meV / A, RMSE_Mu_per_atom=0.86 mDebye
2023-12-06 15:34:12.199 INFO: Epoch 864: loss=4.6266, RMSE_E_per_atom=2.2 meV, RMSE_F=215.0 meV / A, RMSE_Mu_per_atom=0.85 mDebye
2023-12-06 15:34:12.775 INFO: Epoch 866: loss=4.6152, RMSE_E_per_atom=2.9 meV, RMSE_F=214.6 meV / A, RMSE_Mu_per_atom=0.86 mDebye
2023-12-06 15:34:13.349 INFO: Epoch 868: loss=4.6702, RMSE_E_per_atom=3.8 meV, RMSE_F=215.8 meV / A, RMSE_Mu_per_atom=0.86 mDebye
2023-12-06 15:34:13.923 INFO: Epoch 870: loss=4.5439, RMSE_E_per_atom=4.2 meV, RMSE_F=212.8 meV / A, RMSE_Mu_per_atom=0.85 mDebye
2023-12-06 15:34:14.495 INFO: Epoch 872: loss=4.7310, RMSE_E_per_atom=3.2 meV, RMSE_F=217.3 meV / A, RMSE_Mu_per_atom=0.84 mDebye
2023-12-06 15:34:15.067 INFO: Epoch 874: loss=4.6900, RMSE_E_per_atom=3.9 meV, RMSE_F=216.2 meV / A, RMSE_Mu_per_atom=0.86 mDebye
2023-12-06 15:34:15.639 INFO: Epoch 876: loss=4.6205, RMSE_E_per_atom=5.3 meV, RMSE_F=214.3 meV / A, RMSE_Mu_per_atom=0.86 mDebye
2023-12-06 15:34:16.210 INFO: Epoch 878: loss=4.4799, RMSE_E_per_atom=3.8 meV, RMSE_F=211.3 meV / A, RMSE_Mu_per_atom=0.86 mDebye
2023-12-06 15:34:16.784 INFO: Epoch 880: loss=4.6325, RMSE_E_per_atom=3.9 meV, RMSE_F=214.9 meV / A, RMSE_Mu_per_atom=0.85 mDebye
2023-12-06 15:34:17.358 INFO: Epoch 882: loss=4.7597, RMSE_E_per_atom=2.0 meV, RMSE_F=218.1 meV / A, RMSE_Mu_per_atom=0.85 mDebye
2023-12-06 15:34:17.930 INFO: Epoch 884: loss=4.7146, RMSE_E_per_atom=2.9 meV, RMSE_F=216.9 meV / A, RMSE_Mu_per_atom=0.87 mDebye
2023-12-06 15:34:18.503 INFO: Epoch 886: loss=4.6111, RMSE_E_per_atom=2.2 meV, RMSE_F=214.6 meV / A, RMSE_Mu_per_atom=0.85 mDebye
2023-12-06 15:34:19.076 INFO: Epoch 888: loss=4.5762, RMSE_E_per_atom=1.8 meV, RMSE_F=213.8 meV / A, RMSE_Mu_per_atom=0.84 mDebye
2023-12-06 15:34:19.650 INFO: Epoch 890: loss=4.5837, RMSE_E_per_atom=1.2 meV, RMSE_F=214.1 meV / A, RMSE_Mu_per_atom=0.85 mDebye
2023-12-06 15:34:20.226 INFO: Epoch 892: loss=4.7011, RMSE_E_per_atom=1.0 meV, RMSE_F=216.8 meV / A, RMSE_Mu_per_atom=0.84 mDebye
2023-12-06 15:34:20.798 INFO: Epoch 894: loss=4.8259, RMSE_E_per_atom=0.5 meV, RMSE_F=219.7 meV / A, RMSE_Mu_per_atom=0.84 mDebye
2023-12-06 15:34:21.371 INFO: Epoch 896: loss=4.8017, RMSE_E_per_atom=2.2 meV, RMSE_F=219.0 meV / A, RMSE_Mu_per_atom=0.84 mDebye
2023-12-06 15:34:21.945 INFO: Epoch 898: loss=4.5618, RMSE_E_per_atom=3.5 meV, RMSE_F=213.3 meV / A, RMSE_Mu_per_atom=0.85 mDebye
2023-12-06 15:34:22.519 INFO: Epoch 900: loss=4.5026, RMSE_E_per_atom=3.2 meV, RMSE_F=211.9 meV / A, RMSE_Mu_per_atom=0.86 mDebye
2023-12-06 15:34:23.091 INFO: Epoch 902: loss=4.6864, RMSE_E_per_atom=2.3 meV, RMSE_F=216.4 meV / A, RMSE_Mu_per_atom=0.84 mDebye
2023-12-06 15:34:23.669 INFO: Epoch 904: loss=4.8324, RMSE_E_per_atom=2.7 meV, RMSE_F=219.7 meV / A, RMSE_Mu_per_atom=0.83 mDebye
2023-12-06 15:34:24.242 INFO: Epoch 906: loss=4.6029, RMSE_E_per_atom=0.3 meV, RMSE_F=214.5 meV / A, RMSE_Mu_per_atom=0.84 mDebye
2023-12-06 15:34:24.815 INFO: Epoch 908: loss=4.6508, RMSE_E_per_atom=0.3 meV, RMSE_F=215.7 meV / A, RMSE_Mu_per_atom=0.84 mDebye
2023-12-06 15:34:25.389 INFO: Epoch 910: loss=4.7860, RMSE_E_per_atom=0.3 meV, RMSE_F=218.8 meV / A, RMSE_Mu_per_atom=0.85 mDebye
2023-12-06 15:34:25.962 INFO: Epoch 912: loss=4.6996, RMSE_E_per_atom=1.5 meV, RMSE_F=216.7 meV / A, RMSE_Mu_per_atom=0.84 mDebye
2023-12-06 15:34:26.535 INFO: Epoch 914: loss=4.6336, RMSE_E_per_atom=2.2 meV, RMSE_F=215.1 meV / A, RMSE_Mu_per_atom=0.83 mDebye
2023-12-06 15:34:27.108 INFO: Epoch 916: loss=4.7153, RMSE_E_per_atom=3.4 meV, RMSE_F=216.9 meV / A, RMSE_Mu_per_atom=0.84 mDebye
2023-12-06 15:34:27.686 INFO: Epoch 918: loss=4.7333, RMSE_E_per_atom=3.1 meV, RMSE_F=217.3 meV / A, RMSE_Mu_per_atom=0.85 mDebye
2023-12-06 15:34:28.259 INFO: Epoch 920: loss=4.6847, RMSE_E_per_atom=2.5 meV, RMSE_F=216.3 meV / A, RMSE_Mu_per_atom=0.84 mDebye
2023-12-06 15:34:28.832 INFO: Epoch 922: loss=4.7083, RMSE_E_per_atom=3.4 meV, RMSE_F=216.7 meV / A, RMSE_Mu_per_atom=0.83 mDebye
2023-12-06 15:34:29.406 INFO: Epoch 924: loss=4.6950, RMSE_E_per_atom=3.3 meV, RMSE_F=216.4 meV / A, RMSE_Mu_per_atom=0.85 mDebye
2023-12-06 15:34:29.978 INFO: Epoch 926: loss=4.7225, RMSE_E_per_atom=1.2 meV, RMSE_F=217.3 meV / A, RMSE_Mu_per_atom=0.85 mDebye
2023-12-06 15:34:30.552 INFO: Epoch 928: loss=4.7525, RMSE_E_per_atom=1.2 meV, RMSE_F=218.0 meV / A, RMSE_Mu_per_atom=0.84 mDebye
2023-12-06 15:34:31.127 INFO: Epoch 930: loss=4.8146, RMSE_E_per_atom=2.7 meV, RMSE_F=219.3 meV / A, RMSE_Mu_per_atom=0.84 mDebye
2023-12-06 15:34:31.701 INFO: Epoch 932: loss=4.8301, RMSE_E_per_atom=2.9 meV, RMSE_F=219.6 meV / A, RMSE_Mu_per_atom=0.83 mDebye
2023-12-06 15:34:32.275 INFO: Epoch 934: loss=4.6866, RMSE_E_per_atom=3.8 meV, RMSE_F=216.1 meV / A, RMSE_Mu_per_atom=0.84 mDebye
2023-12-06 15:34:32.847 INFO: Epoch 936: loss=4.4812, RMSE_E_per_atom=3.6 meV, RMSE_F=211.4 meV / A, RMSE_Mu_per_atom=0.84 mDebye
2023-12-06 15:34:33.418 INFO: Epoch 938: loss=4.5933, RMSE_E_per_atom=3.2 meV, RMSE_F=214.1 meV / A, RMSE_Mu_per_atom=0.84 mDebye
2023-12-06 15:34:33.990 INFO: Epoch 940: loss=4.7518, RMSE_E_per_atom=1.7 meV, RMSE_F=217.9 meV / A, RMSE_Mu_per_atom=0.83 mDebye
2023-12-06 15:34:34.563 INFO: Epoch 942: loss=4.8045, RMSE_E_per_atom=1.0 meV, RMSE_F=219.2 meV / A, RMSE_Mu_per_atom=0.83 mDebye
2023-12-06 15:34:35.135 INFO: Epoch 944: loss=4.7764, RMSE_E_per_atom=1.1 meV, RMSE_F=218.5 meV / A, RMSE_Mu_per_atom=0.83 mDebye
2023-12-06 15:34:35.709 INFO: Epoch 946: loss=4.5615, RMSE_E_per_atom=0.3 meV, RMSE_F=213.6 meV / A, RMSE_Mu_per_atom=0.83 mDebye
2023-12-06 15:34:36.282 INFO: Epoch 948: loss=4.5477, RMSE_E_per_atom=1.7 meV, RMSE_F=213.2 meV / A, RMSE_Mu_per_atom=0.85 mDebye
2023-12-06 15:34:36.854 INFO: Epoch 950: loss=4.6335, RMSE_E_per_atom=0.7 meV, RMSE_F=215.2 meV / A, RMSE_Mu_per_atom=0.84 mDebye
2023-12-06 15:34:37.426 INFO: Epoch 952: loss=4.7116, RMSE_E_per_atom=1.9 meV, RMSE_F=217.0 meV / A, RMSE_Mu_per_atom=0.83 mDebye
2023-12-06 15:34:37.998 INFO: Epoch 954: loss=4.6812, RMSE_E_per_atom=1.5 meV, RMSE_F=216.3 meV / A, RMSE_Mu_per_atom=0.83 mDebye
2023-12-06 15:34:38.571 INFO: Epoch 956: loss=4.7352, RMSE_E_per_atom=1.3 meV, RMSE_F=217.6 meV / A, RMSE_Mu_per_atom=0.82 mDebye
2023-12-06 15:34:39.147 INFO: Epoch 958: loss=4.7507, RMSE_E_per_atom=0.6 meV, RMSE_F=218.0 meV / A, RMSE_Mu_per_atom=0.83 mDebye
2023-12-06 15:34:39.720 INFO: Epoch 960: loss=4.8467, RMSE_E_per_atom=0.3 meV, RMSE_F=220.1 meV / A, RMSE_Mu_per_atom=0.82 mDebye
2023-12-06 15:34:40.301 INFO: Epoch 962: loss=4.9475, RMSE_E_per_atom=2.2 meV, RMSE_F=222.3 meV / A, RMSE_Mu_per_atom=0.82 mDebye
2023-12-06 15:34:40.876 INFO: Epoch 964: loss=4.7785, RMSE_E_per_atom=2.1 meV, RMSE_F=218.5 meV / A, RMSE_Mu_per_atom=0.84 mDebye
2023-12-06 15:34:41.451 INFO: Epoch 966: loss=4.7027, RMSE_E_per_atom=1.5 meV, RMSE_F=216.8 meV / A, RMSE_Mu_per_atom=0.83 mDebye
2023-12-06 15:34:42.027 INFO: Epoch 968: loss=4.6880, RMSE_E_per_atom=0.5 meV, RMSE_F=216.5 meV / A, RMSE_Mu_per_atom=0.83 mDebye
2023-12-06 15:34:42.600 INFO: Epoch 970: loss=4.8192, RMSE_E_per_atom=0.9 meV, RMSE_F=219.5 meV / A, RMSE_Mu_per_atom=0.82 mDebye
2023-12-06 15:34:43.173 INFO: Epoch 972: loss=4.7463, RMSE_E_per_atom=0.4 meV, RMSE_F=217.9 meV / A, RMSE_Mu_per_atom=0.83 mDebye
2023-12-06 15:34:43.745 INFO: Epoch 974: loss=4.6087, RMSE_E_per_atom=1.2 meV, RMSE_F=214.6 meV / A, RMSE_Mu_per_atom=0.83 mDebye
2023-12-06 15:34:44.318 INFO: Epoch 976: loss=4.6839, RMSE_E_per_atom=1.0 meV, RMSE_F=216.4 meV / A, RMSE_Mu_per_atom=0.82 mDebye
2023-12-06 15:34:44.891 INFO: Epoch 978: loss=4.7087, RMSE_E_per_atom=1.4 meV, RMSE_F=216.9 meV / A, RMSE_Mu_per_atom=0.82 mDebye
2023-12-06 15:34:45.466 INFO: Epoch 980: loss=4.7325, RMSE_E_per_atom=2.1 meV, RMSE_F=217.4 meV / A, RMSE_Mu_per_atom=0.82 mDebye
2023-12-06 15:34:46.038 INFO: Epoch 982: loss=4.7339, RMSE_E_per_atom=2.4 meV, RMSE_F=217.4 meV / A, RMSE_Mu_per_atom=0.82 mDebye
2023-12-06 15:34:46.611 INFO: Epoch 984: loss=4.7687, RMSE_E_per_atom=2.2 meV, RMSE_F=218.3 meV / A, RMSE_Mu_per_atom=0.83 mDebye
2023-12-06 15:34:47.184 INFO: Epoch 986: loss=4.7561, RMSE_E_per_atom=1.2 meV, RMSE_F=218.1 meV / A, RMSE_Mu_per_atom=0.82 mDebye
2023-12-06 15:34:47.756 INFO: Epoch 988: loss=4.7762, RMSE_E_per_atom=1.7 meV, RMSE_F=218.5 meV / A, RMSE_Mu_per_atom=0.82 mDebye
2023-12-06 15:34:48.329 INFO: Epoch 990: loss=4.8124, RMSE_E_per_atom=1.9 meV, RMSE_F=219.3 meV / A, RMSE_Mu_per_atom=0.82 mDebye
2023-12-06 15:34:48.902 INFO: Epoch 992: loss=4.7637, RMSE_E_per_atom=2.9 meV, RMSE_F=218.1 meV / A, RMSE_Mu_per_atom=0.82 mDebye
2023-12-06 15:34:49.477 INFO: Epoch 994: loss=4.7725, RMSE_E_per_atom=3.7 meV, RMSE_F=218.2 meV / A, RMSE_Mu_per_atom=0.83 mDebye
2023-12-06 15:34:50.050 INFO: Epoch 996: loss=4.7687, RMSE_E_per_atom=3.9 meV, RMSE_F=218.0 meV / A, RMSE_Mu_per_atom=0.82 mDebye
2023-12-06 15:34:50.623 INFO: Epoch 998: loss=4.7699, RMSE_E_per_atom=3.5 meV, RMSE_F=218.1 meV / A, RMSE_Mu_per_atom=0.81 mDebye
2023-12-06 15:34:50.899 INFO: Training complete
2023-12-06 15:34:50.900 INFO: Computing metrics for training, validation, and test sets
2023-12-06 15:34:50.907 INFO: Loading checkpoint: checkpoints/ox_gs_rattled_50x1e_run-5678_epoch-128.pt
2023-12-06 15:34:50.936 INFO: Loaded model from epoch 128
2023-12-06 15:34:50.964 INFO: Evaluating train ...
2023-12-06 15:34:51.062 INFO: Evaluating valid ...
2023-12-06 15:34:51.109 INFO: Evaluating Default ...
2023-12-06 15:34:51.224 INFO: 
+-------------+---------------------+------------------+--------------+-------------------------+---------------+
| config_type | RMSE E / meV / atom | RMSE F / meV / A | rel F RMSE % | RMSE MU / mDebye / atom | rel MU RMSE % |
+-------------+---------------------+------------------+--------------+-------------------------+---------------+
|    train    |         88.0        |      160.2       |     7.6      |           2.3           |      7.4      |
|    valid    |         91.2        |      166.1       |     7.3      |           1.7           |      5.8      |
|   Default   |         88.1        |      160.4       |     7.6      |           2.3           |      7.3      |
+-------------+---------------------+------------------+--------------+-------------------------+---------------+
2023-12-06 15:34:51.224 INFO: Saving model to checkpoints/ox_gs_rattled_50x1e_run-5678.model
2023-12-06 15:34:51.724 INFO: Loading checkpoint: checkpoints/ox_gs_rattled_50x1e_run-5678_epoch-808_swa.pt
2023-12-06 15:34:51.754 INFO: Loaded model from epoch 808
2023-12-06 15:34:51.782 INFO: Evaluating train ...
2023-12-06 15:34:51.880 INFO: Evaluating valid ...
2023-12-06 15:34:51.927 INFO: Evaluating Default ...
2023-12-06 15:34:52.042 INFO: 
+-------------+---------------------+------------------+--------------+-------------------------+---------------+
| config_type | RMSE E / meV / atom | RMSE F / meV / A | rel F RMSE % | RMSE MU / mDebye / atom | rel MU RMSE % |
+-------------+---------------------+------------------+--------------+-------------------------+---------------+
|    train    |         3.3         |       34.8       |     1.7      |           1.4           |      4.5      |
|    valid    |         0.5         |      211.4       |     9.3      |           0.9           |      3.0      |
|   Default   |         3.3         |       54.3       |     2.6      |           1.4           |      4.5      |
+-------------+---------------------+------------------+--------------+-------------------------+---------------+
2023-12-06 15:34:52.042 INFO: Saving model to checkpoints/ox_gs_rattled_50x1e_run-5678_swa.model
2023-12-06 15:34:52.541 INFO: Done
