2023-12-08 13:25:07.983 INFO: MACE version: 0.2.0
2023-12-08 13:25:07.983 INFO: Configuration: Namespace(name='ox_gs_rattled_50x5d', seed=4567, log_dir='logs', model_dir='.', checkpoints_dir='checkpoints', results_dir='results', downloads_dir='downloads', device='cuda', default_dtype='float64', log_level='INFO', error_table='EnergyDipoleRMSE', model='EnergyDipolesMACE', r_max=5.0, num_radial_basis=8, num_cutoff_basis=5, interaction='RealAgnosticResidualInteractionBlock', interaction_first='RealAgnosticResidualInteractionBlock', max_ell=3, correlation=3, num_interactions=2, MLP_irreps='16x0e', radial_MLP='[64, 64, 64]', hidden_irreps='32x0e + 32x1o + 32x2e', num_channels=None, max_L=None, gate='silu', scaling='rms_forces_scaling', avg_num_neighbors=1.0, compute_avg_num_neighbors=True, compute_stress=True, compute_forces=True, train_file='ox_gs_rattled_50x5d_train.xyz', valid_file=None, valid_fraction=0.05, test_file='ox_gs_rattled_50x5d_train.xyz', E0s='{6: -1034.7672562939947, 1: -13.74018495096079, 8: -2057.26969300199}', energy_key='energy', forces_key='forces', virials_key='virials', stress_key='stress', dipole_key='dipole', charges_key='charges', loss='energy_forces_dipole', forces_weight=100.0, swa_forces_weight=100.0, energy_weight=1.0, swa_energy_weight=1000.0, virials_weight=1.0, swa_virials_weight=10.0, stress_weight=1.0, swa_stress_weight=10.0, dipole_weight=1.0, swa_dipole_weight=1.0, config_type_weights='{"Default":1.0}', huber_delta=0.01, optimizer='adam', batch_size=16, valid_batch_size=16, lr=0.01, swa_lr=0.001, weight_decay=5e-07, amsgrad=True, scheduler='ReduceLROnPlateau', lr_factor=0.8, scheduler_patience=50, lr_scheduler_gamma=0.9993, swa=True, start_swa=800, ema=False, ema_decay=0.99, max_num_epochs=1000, patience=2048, eval_interval=2, keep_checkpoints=False, restart_latest=True, save_cpu=False, clip_grad=10.0, wandb=False, wandb_project='', wandb_entity='', wandb_name='', wandb_log_hypers=['num_channels', 'max_L', 'correlation', 'lr', 'swa_lr', 'weight_decay', 'batch_size', 'max_num_epochs', 'start_swa', 'energy_weight', 'forces_weight'])
2023-12-08 13:25:08.023 INFO: CUDA version: 11.7, CUDA device: 0
2023-12-08 13:25:08.051 INFO: Loaded 90 training configurations from 'ox_gs_rattled_50x5d_train.xyz'
2023-12-08 13:25:08.051 INFO: Using random 5.0% of training set for validation
2023-12-08 13:25:08.073 INFO: Loaded 90 test configurations from 'ox_gs_rattled_50x5d_train.xyz'
2023-12-08 13:25:08.074 INFO: Total number of configurations: train=86, valid=4, tests=[Default: 90]
2023-12-08 13:25:08.074 INFO: AtomicNumberTable: (1, 6, 8)
2023-12-08 13:25:08.074 INFO: Atomic Energies not in training file, using command line argument E0s
2023-12-08 13:25:08.074 INFO: Atomic energies: [-13.74018495096079, -1034.7672562939947, -2057.26969300199]
2023-12-08 13:25:08.141 INFO: WeightedEnergyForcesDipoleLoss(energy_weight=1.000, forces_weight=100.000, dipole_weight=1.000)
2023-12-08 13:25:08.150 INFO: Average number of neighbors: 6.0
2023-12-08 13:25:08.150 INFO: Selected the following outputs: {'energy': True, 'forces': True, 'virials': False, 'stress': False, 'dipoles': True}
2023-12-08 13:25:08.150 INFO: Building model
2023-12-08 13:25:08.151 INFO: Hidden irreps: 32x0e + 32x1o + 32x2e
2023-12-08 13:25:09.712 INFO: Using stochastic weight averaging (after 800 epochs) with energy weight : 1000.0, forces weight : 100.0, dipole weight : 1.0 and learning rate : 0.001
2023-12-08 13:25:09.777 WARNING: Cannot find checkpoint with tag 'ox_gs_rattled_50x5d_run-4567' in 'checkpoints'
2023-12-08 13:25:09.778 INFO: EnergyDipolesMACE(
  (node_embedding): LinearNodeEmbeddingBlock(
    (linear): Linear(3x0e -> 32x0e | 96 weights)
  )
  (radial_embedding): RadialEmbeddingBlock(
    (bessel_fn): BesselBasis(r_max=5.0, num_basis=8, trainable=False)
    (cutoff_fn): PolynomialCutoff(p=5.0, r_max=5.0)
  )
  (spherical_harmonics): SphericalHarmonics()
  (atomic_energies_fn): AtomicEnergiesBlock(energies=[-13.7402, -1034.7673, -2057.2697])
  (interactions): ModuleList(
    (0): RealAgnosticInteractionBlock(
      (linear_up): Linear(32x0e -> 32x0e | 1024 weights)
      (conv_tp): TensorProduct(32x0e x 1x0e+1x1o+1x2e+1x3o -> 32x0e+32x1o+32x2e+32x3o | 128 paths | 128 weights)
      (conv_tp_weights): FullyConnectedNet[8, 64, 64, 64, 128]
      (linear): Linear(32x0e+32x1o+32x2e+32x3o -> 32x0e+32x1o+32x2e+32x3o | 4096 weights)
      (skip_tp): FullyConnectedTensorProduct(32x0e+32x1o+32x2e+32x3o x 3x0e -> 32x0e+32x1o+32x2e+32x3o | 12288 paths | 12288 weights)
      (reshape): reshape_irreps()
    )
    (1): RealAgnosticResidualInteractionBlock(
      (linear_up): Linear(32x0e+32x1o+32x2e -> 32x0e+32x1o+32x2e | 3072 weights)
      (conv_tp): TensorProduct(32x0e+32x1o+32x2e x 1x0e+1x1o+1x2e+1x3o -> 96x0e+160x1o+160x2e+128x3o | 544 paths | 544 weights)
      (conv_tp_weights): FullyConnectedNet[8, 64, 64, 64, 544]
      (linear): Linear(96x0e+160x1o+160x2e+128x3o -> 32x0e+32x1o+32x2e+32x3o | 17408 weights)
      (skip_tp): FullyConnectedTensorProduct(32x0e+32x1o+32x2e x 3x0e -> 32x0e+32x1o | 6144 paths | 6144 weights)
      (reshape): reshape_irreps()
    )
  )
  (products): ModuleList(
    (0): EquivariantProductBasisBlock(
      (symmetric_contractions): SymmetricContraction(
        (contractions): ModuleList(
          (0): Contraction(
            (contractions_weighting): ModuleList(
              (0-1): 2 x GraphModule()
            )
            (contractions_features): ModuleList(
              (0-1): 2 x GraphModule()
            )
            (weights): ParameterList(
                (0): Parameter containing: [torch.float64 of size 3x4x32 (GPU 0)]
                (1): Parameter containing: [torch.float64 of size 3x1x32 (GPU 0)]
            )
            (graph_opt_main): GraphModule()
          )
          (1): Contraction(
            (contractions_weighting): ModuleList(
              (0-1): 2 x GraphModule()
            )
            (contractions_features): ModuleList(
              (0-1): 2 x GraphModule()
            )
            (weights): ParameterList(
                (0): Parameter containing: [torch.float64 of size 3x6x32 (GPU 0)]
                (1): Parameter containing: [torch.float64 of size 3x1x32 (GPU 0)]
            )
            (graph_opt_main): GraphModule()
          )
          (2): Contraction(
            (contractions_weighting): ModuleList(
              (0-1): 2 x GraphModule()
            )
            (contractions_features): ModuleList(
              (0-1): 2 x GraphModule()
            )
            (weights): ParameterList(
                (0): Parameter containing: [torch.float64 of size 3x7x32 (GPU 0)]
                (1): Parameter containing: [torch.float64 of size 3x1x32 (GPU 0)]
            )
            (graph_opt_main): GraphModule()
          )
        )
      )
      (linear): Linear(32x0e+32x1o+32x2e -> 32x0e+32x1o+32x2e | 3072 weights)
    )
    (1): EquivariantProductBasisBlock(
      (symmetric_contractions): SymmetricContraction(
        (contractions): ModuleList(
          (0): Contraction(
            (contractions_weighting): ModuleList(
              (0-1): 2 x GraphModule()
            )
            (contractions_features): ModuleList(
              (0-1): 2 x GraphModule()
            )
            (weights): ParameterList(
                (0): Parameter containing: [torch.float64 of size 3x4x32 (GPU 0)]
                (1): Parameter containing: [torch.float64 of size 3x1x32 (GPU 0)]
            )
            (graph_opt_main): GraphModule()
          )
          (1): Contraction(
            (contractions_weighting): ModuleList(
              (0-1): 2 x GraphModule()
            )
            (contractions_features): ModuleList(
              (0-1): 2 x GraphModule()
            )
            (weights): ParameterList(
                (0): Parameter containing: [torch.float64 of size 3x6x32 (GPU 0)]
                (1): Parameter containing: [torch.float64 of size 3x1x32 (GPU 0)]
            )
            (graph_opt_main): GraphModule()
          )
        )
      )
      (linear): Linear(32x0e+32x1o -> 32x0e+32x1o | 2048 weights)
    )
  )
  (readouts): ModuleList(
    (0): LinearDipoleReadoutBlock(
      (linear): Linear(32x0e+32x1o+32x2e -> 1x0e+1x1o | 64 weights)
    )
    (1): NonLinearDipoleReadoutBlock(
      (equivariant_nonlin): Gate (16x0e -> 16x0e)
      (linear_1): Linear(32x0e+32x1o -> 16x0e | 512 weights)
      (linear_2): Linear(16x0e -> 1x0e+1x1o | 16 weights)
    )
  )
)
2023-12-08 13:25:09.779 INFO: Number of parameters: 133776
2023-12-08 13:25:09.780 INFO: Optimizer: Adam (
Parameter Group 0
    amsgrad: True
    betas: (0.9, 0.999)
    capturable: False
    differentiable: False
    eps: 1e-08
    foreach: None
    fused: None
    initial_lr: 0.01
    lr: 0.01
    maximize: False
    name: embedding
    swa_lr: 0.001
    weight_decay: 0.0

Parameter Group 1
    amsgrad: True
    betas: (0.9, 0.999)
    capturable: False
    differentiable: False
    eps: 1e-08
    foreach: None
    fused: None
    initial_lr: 0.01
    lr: 0.01
    maximize: False
    name: interactions_decay
    swa_lr: 0.001
    weight_decay: 5e-07

Parameter Group 2
    amsgrad: True
    betas: (0.9, 0.999)
    capturable: False
    differentiable: False
    eps: 1e-08
    foreach: None
    fused: None
    initial_lr: 0.01
    lr: 0.01
    maximize: False
    name: interactions_no_decay
    swa_lr: 0.001
    weight_decay: 0.0

Parameter Group 3
    amsgrad: True
    betas: (0.9, 0.999)
    capturable: False
    differentiable: False
    eps: 1e-08
    foreach: None
    fused: None
    initial_lr: 0.01
    lr: 0.01
    maximize: False
    name: products
    swa_lr: 0.001
    weight_decay: 5e-07

Parameter Group 4
    amsgrad: True
    betas: (0.9, 0.999)
    capturable: False
    differentiable: False
    eps: 1e-08
    foreach: None
    fused: None
    initial_lr: 0.01
    lr: 0.01
    maximize: False
    name: readouts
    swa_lr: 0.001
    weight_decay: 0.0
)
2023-12-08 13:25:09.780 INFO: Using gradient clipping with tolerance=10.000
2023-12-08 13:25:09.780 INFO: Started training
2023-12-08 13:25:17.904 INFO: Epoch 0: loss=278.9977, RMSE_E_per_atom=417.1 meV, RMSE_F=1669.5 meV / A, RMSE_Mu_per_atom=32.27 mDebye
2023-12-08 13:25:20.229 INFO: Epoch 2: loss=118.6550, RMSE_E_per_atom=1673.9 meV, RMSE_F=1075.8 meV / A, RMSE_Mu_per_atom=34.36 mDebye
2023-12-08 13:25:21.446 INFO: Epoch 4: loss=42.7791, RMSE_E_per_atom=1501.9 meV, RMSE_F=636.2 meV / A, RMSE_Mu_per_atom=21.22 mDebye
2023-12-08 13:25:22.672 INFO: Epoch 6: loss=20.0091, RMSE_E_per_atom=1298.5 meV, RMSE_F=427.6 meV / A, RMSE_Mu_per_atom=20.00 mDebye
2023-12-08 13:25:23.914 INFO: Epoch 8: loss=17.9882, RMSE_E_per_atom=1352.2 meV, RMSE_F=401.4 meV / A, RMSE_Mu_per_atom=21.19 mDebye
2023-12-08 13:25:25.137 INFO: Epoch 10: loss=14.6851, RMSE_E_per_atom=1382.8 meV, RMSE_F=357.0 meV / A, RMSE_Mu_per_atom=16.67 mDebye
2023-12-08 13:25:26.337 INFO: Epoch 12: loss=15.6834, RMSE_E_per_atom=1397.9 meV, RMSE_F=370.2 meV / A, RMSE_Mu_per_atom=15.93 mDebye
2023-12-08 13:25:27.279 INFO: Epoch 14: loss=8.9924, RMSE_E_per_atom=1191.4 meV, RMSE_F=274.8 meV / A, RMSE_Mu_per_atom=14.73 mDebye
2023-12-08 13:25:28.472 INFO: Epoch 16: loss=8.7488, RMSE_E_per_atom=1144.1 meV, RMSE_F=272.4 meV / A, RMSE_Mu_per_atom=13.97 mDebye
2023-12-08 13:25:29.689 INFO: Epoch 18: loss=11.2011, RMSE_E_per_atom=1103.1 meV, RMSE_F=315.7 meV / A, RMSE_Mu_per_atom=12.06 mDebye
2023-12-08 13:25:30.648 INFO: Epoch 20: loss=6.4267, RMSE_E_per_atom=1008.1 meV, RMSE_F=232.3 meV / A, RMSE_Mu_per_atom=10.91 mDebye
2023-12-08 13:25:31.849 INFO: Epoch 22: loss=7.1177, RMSE_E_per_atom=966.8 meV, RMSE_F=248.5 meV / A, RMSE_Mu_per_atom=9.75 mDebye
2023-12-08 13:25:32.793 INFO: Epoch 24: loss=4.5112, RMSE_E_per_atom=874.8 meV, RMSE_F=193.4 meV / A, RMSE_Mu_per_atom=8.24 mDebye
2023-12-08 13:25:34.004 INFO: Epoch 26: loss=4.9936, RMSE_E_per_atom=759.1 meV, RMSE_F=210.0 meV / A, RMSE_Mu_per_atom=7.44 mDebye
2023-12-08 13:25:34.943 INFO: Epoch 28: loss=6.1333, RMSE_E_per_atom=778.7 meV, RMSE_F=235.0 meV / A, RMSE_Mu_per_atom=7.16 mDebye
2023-12-08 13:25:35.911 INFO: Epoch 30: loss=5.3610, RMSE_E_per_atom=724.0 meV, RMSE_F=219.8 meV / A, RMSE_Mu_per_atom=7.03 mDebye
2023-12-08 13:25:36.914 INFO: Epoch 32: loss=3.3857, RMSE_E_per_atom=699.4 meV, RMSE_F=170.1 meV / A, RMSE_Mu_per_atom=6.37 mDebye
2023-12-08 13:25:38.149 INFO: Epoch 34: loss=5.4229, RMSE_E_per_atom=648.8 meV, RMSE_F=223.6 meV / A, RMSE_Mu_per_atom=5.61 mDebye
2023-12-08 13:25:39.106 INFO: Epoch 36: loss=3.5818, RMSE_E_per_atom=591.0 meV, RMSE_F=179.7 meV / A, RMSE_Mu_per_atom=5.62 mDebye
2023-12-08 13:25:40.090 INFO: Epoch 38: loss=3.2631, RMSE_E_per_atom=548.4 meV, RMSE_F=172.0 meV / A, RMSE_Mu_per_atom=5.31 mDebye
2023-12-08 13:25:41.324 INFO: Epoch 40: loss=4.0839, RMSE_E_per_atom=508.4 meV, RMSE_F=195.5 meV / A, RMSE_Mu_per_atom=6.40 mDebye
2023-12-08 13:25:42.291 INFO: Epoch 42: loss=4.2716, RMSE_E_per_atom=499.5 meV, RMSE_F=200.5 meV / A, RMSE_Mu_per_atom=5.67 mDebye
2023-12-08 13:25:43.262 INFO: Epoch 44: loss=3.5931, RMSE_E_per_atom=440.2 meV, RMSE_F=184.3 meV / A, RMSE_Mu_per_atom=5.06 mDebye
2023-12-08 13:25:44.269 INFO: Epoch 46: loss=2.6180, RMSE_E_per_atom=400.8 meV, RMSE_F=156.6 meV / A, RMSE_Mu_per_atom=6.27 mDebye
2023-12-08 13:25:45.519 INFO: Epoch 48: loss=3.0116, RMSE_E_per_atom=407.7 meV, RMSE_F=168.6 meV / A, RMSE_Mu_per_atom=5.38 mDebye
2023-12-08 13:25:46.524 INFO: Epoch 50: loss=3.5567, RMSE_E_per_atom=377.4 meV, RMSE_F=184.7 meV / A, RMSE_Mu_per_atom=4.88 mDebye
2023-12-08 13:25:47.535 INFO: Epoch 52: loss=3.6243, RMSE_E_per_atom=364.5 meV, RMSE_F=186.8 meV / A, RMSE_Mu_per_atom=5.81 mDebye
2023-12-08 13:25:48.509 INFO: Epoch 54: loss=6.2742, RMSE_E_per_atom=364.3 meV, RMSE_F=247.7 meV / A, RMSE_Mu_per_atom=7.69 mDebye
2023-12-08 13:25:49.483 INFO: Epoch 56: loss=4.4396, RMSE_E_per_atom=353.5 meV, RMSE_F=207.7 meV / A, RMSE_Mu_per_atom=4.48 mDebye
2023-12-08 13:25:50.448 INFO: Epoch 58: loss=3.7638, RMSE_E_per_atom=336.3 meV, RMSE_F=191.0 meV / A, RMSE_Mu_per_atom=4.73 mDebye
2023-12-08 13:25:51.417 INFO: Epoch 60: loss=2.9302, RMSE_E_per_atom=316.5 meV, RMSE_F=168.1 meV / A, RMSE_Mu_per_atom=5.15 mDebye
2023-12-08 13:25:52.364 INFO: Epoch 62: loss=3.5688, RMSE_E_per_atom=301.9 meV, RMSE_F=186.4 meV / A, RMSE_Mu_per_atom=4.67 mDebye
2023-12-08 13:25:53.339 INFO: Epoch 64: loss=2.8969, RMSE_E_per_atom=284.2 meV, RMSE_F=167.8 meV / A, RMSE_Mu_per_atom=4.35 mDebye
2023-12-08 13:25:54.327 INFO: Epoch 66: loss=2.0645, RMSE_E_per_atom=209.3 meV, RMSE_F=142.1 meV / A, RMSE_Mu_per_atom=4.26 mDebye
2023-12-08 13:25:55.591 INFO: Epoch 68: loss=2.3605, RMSE_E_per_atom=183.7 meV, RMSE_F=152.5 meV / A, RMSE_Mu_per_atom=4.09 mDebye
2023-12-08 13:25:56.593 INFO: Epoch 70: loss=2.8773, RMSE_E_per_atom=197.8 meV, RMSE_F=168.4 meV / A, RMSE_Mu_per_atom=3.84 mDebye
2023-12-08 13:25:57.615 INFO: Epoch 72: loss=2.4969, RMSE_E_per_atom=205.4 meV, RMSE_F=156.6 meV / A, RMSE_Mu_per_atom=3.53 mDebye
2023-12-08 13:25:58.677 INFO: Epoch 74: loss=2.2181, RMSE_E_per_atom=213.4 meV, RMSE_F=147.4 meV / A, RMSE_Mu_per_atom=3.64 mDebye
2023-12-08 13:25:59.730 INFO: Epoch 76: loss=2.4515, RMSE_E_per_atom=200.2 meV, RMSE_F=155.2 meV / A, RMSE_Mu_per_atom=4.01 mDebye
2023-12-08 13:26:00.772 INFO: Epoch 78: loss=2.5102, RMSE_E_per_atom=220.9 meV, RMSE_F=156.8 meV / A, RMSE_Mu_per_atom=4.81 mDebye
2023-12-08 13:26:01.810 INFO: Epoch 80: loss=3.1439, RMSE_E_per_atom=205.5 meV, RMSE_F=176.1 meV / A, RMSE_Mu_per_atom=4.41 mDebye
2023-12-08 13:26:02.850 INFO: Epoch 82: loss=1.6203, RMSE_E_per_atom=188.3 meV, RMSE_F=125.8 meV / A, RMSE_Mu_per_atom=4.04 mDebye
2023-12-08 13:26:04.147 INFO: Epoch 84: loss=4.3965, RMSE_E_per_atom=217.5 meV, RMSE_F=208.5 meV / A, RMSE_Mu_per_atom=3.58 mDebye
2023-12-08 13:26:05.161 INFO: Epoch 86: loss=2.7157, RMSE_E_per_atom=201.0 meV, RMSE_F=163.5 meV / A, RMSE_Mu_per_atom=4.05 mDebye
2023-12-08 13:26:06.156 INFO: Epoch 88: loss=2.7448, RMSE_E_per_atom=197.4 meV, RMSE_F=164.5 meV / A, RMSE_Mu_per_atom=2.90 mDebye
2023-12-08 13:26:07.153 INFO: Epoch 90: loss=2.3503, RMSE_E_per_atom=176.8 meV, RMSE_F=152.2 meV / A, RMSE_Mu_per_atom=4.24 mDebye
2023-12-08 13:26:08.152 INFO: Epoch 92: loss=2.2814, RMSE_E_per_atom=185.6 meV, RMSE_F=149.9 meV / A, RMSE_Mu_per_atom=2.95 mDebye
2023-12-08 13:26:09.130 INFO: Epoch 94: loss=1.5719, RMSE_E_per_atom=175.3 meV, RMSE_F=124.1 meV / A, RMSE_Mu_per_atom=3.95 mDebye
2023-12-08 13:26:10.344 INFO: Epoch 96: loss=2.2243, RMSE_E_per_atom=181.7 meV, RMSE_F=147.9 meV / A, RMSE_Mu_per_atom=4.97 mDebye
2023-12-08 13:26:11.336 INFO: Epoch 98: loss=3.7922, RMSE_E_per_atom=186.7 meV, RMSE_F=193.8 meV / A, RMSE_Mu_per_atom=2.72 mDebye
2023-12-08 13:26:12.309 INFO: Epoch 100: loss=1.9756, RMSE_E_per_atom=205.3 meV, RMSE_F=139.0 meV / A, RMSE_Mu_per_atom=3.10 mDebye
2023-12-08 13:26:13.273 INFO: Epoch 102: loss=1.7550, RMSE_E_per_atom=198.9 meV, RMSE_F=130.9 meV / A, RMSE_Mu_per_atom=3.12 mDebye
2023-12-08 13:26:14.247 INFO: Epoch 104: loss=1.6636, RMSE_E_per_atom=162.8 meV, RMSE_F=127.9 meV / A, RMSE_Mu_per_atom=2.73 mDebye
2023-12-08 13:26:15.239 INFO: Epoch 106: loss=1.7198, RMSE_E_per_atom=142.6 meV, RMSE_F=130.3 meV / A, RMSE_Mu_per_atom=4.18 mDebye
2023-12-08 13:26:16.208 INFO: Epoch 108: loss=1.7033, RMSE_E_per_atom=132.8 meV, RMSE_F=129.8 meV / A, RMSE_Mu_per_atom=3.50 mDebye
2023-12-08 13:26:17.152 INFO: Epoch 110: loss=2.3593, RMSE_E_per_atom=137.0 meV, RMSE_F=152.9 meV / A, RMSE_Mu_per_atom=4.08 mDebye
2023-12-08 13:26:18.110 INFO: Epoch 112: loss=4.2626, RMSE_E_per_atom=129.0 meV, RMSE_F=206.0 meV / A, RMSE_Mu_per_atom=2.51 mDebye
2023-12-08 13:26:19.107 INFO: Epoch 114: loss=1.7079, RMSE_E_per_atom=150.6 meV, RMSE_F=129.7 meV / A, RMSE_Mu_per_atom=4.32 mDebye
2023-12-08 13:26:20.059 INFO: Epoch 116: loss=2.4238, RMSE_E_per_atom=161.3 meV, RMSE_F=154.8 meV / A, RMSE_Mu_per_atom=3.07 mDebye
2023-12-08 13:26:21.023 INFO: Epoch 118: loss=2.2757, RMSE_E_per_atom=157.7 meV, RMSE_F=150.0 meV / A, RMSE_Mu_per_atom=3.93 mDebye
2023-12-08 13:26:21.979 INFO: Epoch 120: loss=1.0279, RMSE_E_per_atom=135.1 meV, RMSE_F=100.4 meV / A, RMSE_Mu_per_atom=3.60 mDebye
2023-12-08 13:26:23.201 INFO: Epoch 122: loss=1.6916, RMSE_E_per_atom=125.1 meV, RMSE_F=129.4 meV / A, RMSE_Mu_per_atom=2.39 mDebye
2023-12-08 13:26:24.164 INFO: Epoch 124: loss=2.1804, RMSE_E_per_atom=110.5 meV, RMSE_F=147.2 meV / A, RMSE_Mu_per_atom=2.49 mDebye
2023-12-08 13:26:25.137 INFO: Epoch 126: loss=2.1847, RMSE_E_per_atom=109.5 meV, RMSE_F=147.4 meV / A, RMSE_Mu_per_atom=2.16 mDebye
2023-12-08 13:26:26.087 INFO: Epoch 128: loss=1.3338, RMSE_E_per_atom=145.3 meV, RMSE_F=114.5 meV / A, RMSE_Mu_per_atom=2.67 mDebye
2023-12-08 13:26:27.026 INFO: Epoch 130: loss=1.3080, RMSE_E_per_atom=120.9 meV, RMSE_F=113.7 meV / A, RMSE_Mu_per_atom=2.84 mDebye
2023-12-08 13:26:28.013 INFO: Epoch 132: loss=1.8647, RMSE_E_per_atom=126.1 meV, RMSE_F=135.9 meV / A, RMSE_Mu_per_atom=4.60 mDebye
2023-12-08 13:26:28.991 INFO: Epoch 134: loss=1.3980, RMSE_E_per_atom=113.9 meV, RMSE_F=117.7 meV / A, RMSE_Mu_per_atom=2.35 mDebye
2023-12-08 13:26:29.959 INFO: Epoch 136: loss=1.8134, RMSE_E_per_atom=167.9 meV, RMSE_F=133.6 meV / A, RMSE_Mu_per_atom=2.07 mDebye
2023-12-08 13:26:30.953 INFO: Epoch 138: loss=1.7708, RMSE_E_per_atom=163.3 meV, RMSE_F=132.0 meV / A, RMSE_Mu_per_atom=4.23 mDebye
2023-12-08 13:26:31.937 INFO: Epoch 140: loss=1.3957, RMSE_E_per_atom=162.7 meV, RMSE_F=117.0 meV / A, RMSE_Mu_per_atom=2.21 mDebye
2023-12-08 13:26:32.938 INFO: Epoch 142: loss=1.2916, RMSE_E_per_atom=137.8 meV, RMSE_F=112.8 meV / A, RMSE_Mu_per_atom=2.25 mDebye
2023-12-08 13:26:33.903 INFO: Epoch 144: loss=1.4666, RMSE_E_per_atom=103.9 meV, RMSE_F=120.6 meV / A, RMSE_Mu_per_atom=2.32 mDebye
2023-12-08 13:26:34.877 INFO: Epoch 146: loss=1.0819, RMSE_E_per_atom=73.1 meV, RMSE_F=103.7 meV / A, RMSE_Mu_per_atom=2.44 mDebye
2023-12-08 13:26:35.870 INFO: Epoch 148: loss=1.4796, RMSE_E_per_atom=101.2 meV, RMSE_F=121.2 meV / A, RMSE_Mu_per_atom=2.32 mDebye
2023-12-08 13:26:36.861 INFO: Epoch 150: loss=1.3275, RMSE_E_per_atom=78.0 meV, RMSE_F=114.9 meV / A, RMSE_Mu_per_atom=2.67 mDebye
2023-12-08 13:26:37.852 INFO: Epoch 152: loss=2.2311, RMSE_E_per_atom=69.4 meV, RMSE_F=149.2 meV / A, RMSE_Mu_per_atom=2.99 mDebye
2023-12-08 13:26:38.834 INFO: Epoch 154: loss=1.6971, RMSE_E_per_atom=88.8 meV, RMSE_F=129.9 meV / A, RMSE_Mu_per_atom=2.37 mDebye
2023-12-08 13:26:39.831 INFO: Epoch 156: loss=6.4079, RMSE_E_per_atom=123.3 meV, RMSE_F=252.8 meV / A, RMSE_Mu_per_atom=3.15 mDebye
2023-12-08 13:26:40.798 INFO: Epoch 158: loss=1.2612, RMSE_E_per_atom=134.5 meV, RMSE_F=111.4 meV / A, RMSE_Mu_per_atom=3.74 mDebye
2023-12-08 13:26:41.742 INFO: Epoch 160: loss=2.1984, RMSE_E_per_atom=150.2 meV, RMSE_F=147.5 meV / A, RMSE_Mu_per_atom=2.09 mDebye
2023-12-08 13:26:42.718 INFO: Epoch 162: loss=0.7456, RMSE_E_per_atom=122.3 meV, RMSE_F=85.5 meV / A, RMSE_Mu_per_atom=2.06 mDebye
2023-12-08 13:26:43.956 INFO: Epoch 164: loss=1.5223, RMSE_E_per_atom=85.7 meV, RMSE_F=123.1 meV / A, RMSE_Mu_per_atom=2.22 mDebye
2023-12-08 13:26:44.928 INFO: Epoch 166: loss=1.3211, RMSE_E_per_atom=86.8 meV, RMSE_F=114.6 meV / A, RMSE_Mu_per_atom=2.25 mDebye
2023-12-08 13:26:45.907 INFO: Epoch 168: loss=1.3342, RMSE_E_per_atom=84.5 meV, RMSE_F=115.2 meV / A, RMSE_Mu_per_atom=2.21 mDebye
2023-12-08 13:26:46.881 INFO: Epoch 170: loss=1.1421, RMSE_E_per_atom=73.4 meV, RMSE_F=106.6 meV / A, RMSE_Mu_per_atom=2.42 mDebye
2023-12-08 13:26:47.865 INFO: Epoch 172: loss=1.6777, RMSE_E_per_atom=95.1 meV, RMSE_F=129.2 meV / A, RMSE_Mu_per_atom=2.44 mDebye
2023-12-08 13:26:48.850 INFO: Epoch 174: loss=1.6420, RMSE_E_per_atom=65.4 meV, RMSE_F=127.9 meV / A, RMSE_Mu_per_atom=3.59 mDebye
2023-12-08 13:26:49.820 INFO: Epoch 176: loss=1.6128, RMSE_E_per_atom=97.2 meV, RMSE_F=126.5 meV / A, RMSE_Mu_per_atom=4.88 mDebye
2023-12-08 13:26:50.789 INFO: Epoch 178: loss=1.0573, RMSE_E_per_atom=101.4 meV, RMSE_F=102.3 meV / A, RMSE_Mu_per_atom=2.86 mDebye
2023-12-08 13:26:51.788 INFO: Epoch 180: loss=1.2914, RMSE_E_per_atom=101.7 meV, RMSE_F=113.2 meV / A, RMSE_Mu_per_atom=2.60 mDebye
2023-12-08 13:26:52.741 INFO: Epoch 182: loss=1.6770, RMSE_E_per_atom=99.9 meV, RMSE_F=129.1 meV / A, RMSE_Mu_per_atom=2.67 mDebye
2023-12-08 13:26:53.693 INFO: Epoch 184: loss=1.7867, RMSE_E_per_atom=105.2 meV, RMSE_F=133.2 meV / A, RMSE_Mu_per_atom=2.32 mDebye
2023-12-08 13:26:54.654 INFO: Epoch 186: loss=0.9407, RMSE_E_per_atom=125.1 meV, RMSE_F=96.2 meV / A, RMSE_Mu_per_atom=2.23 mDebye
2023-12-08 13:26:55.599 INFO: Epoch 188: loss=6.8360, RMSE_E_per_atom=154.4 meV, RMSE_F=261.0 meV / A, RMSE_Mu_per_atom=1.99 mDebye
2023-12-08 13:26:56.564 INFO: Epoch 190: loss=2.6186, RMSE_E_per_atom=133.0 meV, RMSE_F=161.3 meV / A, RMSE_Mu_per_atom=2.23 mDebye
2023-12-08 13:26:57.523 INFO: Epoch 192: loss=2.4049, RMSE_E_per_atom=175.7 meV, RMSE_F=154.0 meV / A, RMSE_Mu_per_atom=3.63 mDebye
2023-12-08 13:26:58.476 INFO: Epoch 194: loss=0.9664, RMSE_E_per_atom=187.6 meV, RMSE_F=96.5 meV / A, RMSE_Mu_per_atom=2.10 mDebye
2023-12-08 13:26:59.427 INFO: Epoch 196: loss=0.9113, RMSE_E_per_atom=156.6 meV, RMSE_F=94.1 meV / A, RMSE_Mu_per_atom=3.45 mDebye
2023-12-08 13:27:00.391 INFO: Epoch 198: loss=0.8173, RMSE_E_per_atom=115.2 meV, RMSE_F=89.6 meV / A, RMSE_Mu_per_atom=2.18 mDebye
2023-12-08 13:27:01.334 INFO: Epoch 200: loss=0.8417, RMSE_E_per_atom=73.5 meV, RMSE_F=91.4 meV / A, RMSE_Mu_per_atom=2.99 mDebye
2023-12-08 13:27:02.321 INFO: Epoch 202: loss=1.1488, RMSE_E_per_atom=58.7 meV, RMSE_F=107.0 meV / A, RMSE_Mu_per_atom=2.23 mDebye
2023-12-08 13:27:03.306 INFO: Epoch 204: loss=0.9328, RMSE_E_per_atom=46.2 meV, RMSE_F=96.4 meV / A, RMSE_Mu_per_atom=3.37 mDebye
2023-12-08 13:27:04.262 INFO: Epoch 206: loss=0.7132, RMSE_E_per_atom=43.7 meV, RMSE_F=84.3 meV / A, RMSE_Mu_per_atom=2.56 mDebye
2023-12-08 13:27:05.494 INFO: Epoch 208: loss=1.5735, RMSE_E_per_atom=59.1 meV, RMSE_F=125.3 meV / A, RMSE_Mu_per_atom=3.10 mDebye
2023-12-08 13:27:06.440 INFO: Epoch 210: loss=1.1638, RMSE_E_per_atom=52.8 meV, RMSE_F=107.7 meV / A, RMSE_Mu_per_atom=2.86 mDebye
2023-12-08 13:27:07.424 INFO: Epoch 212: loss=1.5985, RMSE_E_per_atom=57.2 meV, RMSE_F=126.3 meV / A, RMSE_Mu_per_atom=2.36 mDebye
2023-12-08 13:27:08.427 INFO: Epoch 214: loss=0.9759, RMSE_E_per_atom=45.9 meV, RMSE_F=98.6 meV / A, RMSE_Mu_per_atom=2.54 mDebye
2023-12-08 13:27:09.436 INFO: Epoch 216: loss=1.1054, RMSE_E_per_atom=48.8 meV, RMSE_F=105.0 meV / A, RMSE_Mu_per_atom=2.19 mDebye
2023-12-08 13:27:10.433 INFO: Epoch 218: loss=1.8445, RMSE_E_per_atom=69.7 meV, RMSE_F=135.6 meV / A, RMSE_Mu_per_atom=2.47 mDebye
2023-12-08 13:27:11.433 INFO: Epoch 220: loss=1.7843, RMSE_E_per_atom=74.2 meV, RMSE_F=133.4 meV / A, RMSE_Mu_per_atom=2.35 mDebye
2023-12-08 13:27:12.430 INFO: Epoch 222: loss=1.4648, RMSE_E_per_atom=60.4 meV, RMSE_F=120.9 meV / A, RMSE_Mu_per_atom=2.53 mDebye
2023-12-08 13:27:13.436 INFO: Epoch 224: loss=0.6931, RMSE_E_per_atom=59.3 meV, RMSE_F=83.0 meV / A, RMSE_Mu_per_atom=2.44 mDebye
2023-12-08 13:27:14.700 INFO: Epoch 226: loss=1.0399, RMSE_E_per_atom=63.8 meV, RMSE_F=101.8 meV / A, RMSE_Mu_per_atom=1.98 mDebye
2023-12-08 13:27:15.658 INFO: Epoch 228: loss=1.2554, RMSE_E_per_atom=60.2 meV, RMSE_F=111.9 meV / A, RMSE_Mu_per_atom=2.71 mDebye
2023-12-08 13:27:16.601 INFO: Epoch 230: loss=1.1132, RMSE_E_per_atom=74.9 meV, RMSE_F=105.2 meV / A, RMSE_Mu_per_atom=3.07 mDebye
2023-12-08 13:27:17.545 INFO: Epoch 232: loss=1.3197, RMSE_E_per_atom=70.8 meV, RMSE_F=114.6 meV / A, RMSE_Mu_per_atom=2.83 mDebye
2023-12-08 13:27:18.515 INFO: Epoch 234: loss=1.2040, RMSE_E_per_atom=61.4 meV, RMSE_F=109.5 meV / A, RMSE_Mu_per_atom=3.18 mDebye
2023-12-08 13:27:19.507 INFO: Epoch 236: loss=0.9317, RMSE_E_per_atom=56.1 meV, RMSE_F=96.3 meV / A, RMSE_Mu_per_atom=2.67 mDebye
2023-12-08 13:27:20.508 INFO: Epoch 238: loss=1.2220, RMSE_E_per_atom=53.5 meV, RMSE_F=110.4 meV / A, RMSE_Mu_per_atom=2.01 mDebye
2023-12-08 13:27:21.517 INFO: Epoch 240: loss=1.0418, RMSE_E_per_atom=35.6 meV, RMSE_F=102.0 meV / A, RMSE_Mu_per_atom=2.44 mDebye
2023-12-08 13:27:22.525 INFO: Epoch 242: loss=0.9239, RMSE_E_per_atom=47.9 meV, RMSE_F=96.0 meV / A, RMSE_Mu_per_atom=2.03 mDebye
2023-12-08 13:27:23.522 INFO: Epoch 244: loss=0.5701, RMSE_E_per_atom=45.0 meV, RMSE_F=75.3 meV / A, RMSE_Mu_per_atom=2.00 mDebye
2023-12-08 13:27:24.804 INFO: Epoch 246: loss=0.7915, RMSE_E_per_atom=51.4 meV, RMSE_F=88.7 meV / A, RMSE_Mu_per_atom=3.86 mDebye
2023-12-08 13:27:25.806 INFO: Epoch 248: loss=0.7243, RMSE_E_per_atom=33.5 meV, RMSE_F=85.0 meV / A, RMSE_Mu_per_atom=1.98 mDebye
2023-12-08 13:27:26.780 INFO: Epoch 250: loss=1.1881, RMSE_E_per_atom=55.6 meV, RMSE_F=108.8 meV / A, RMSE_Mu_per_atom=2.22 mDebye
2023-12-08 13:27:27.768 INFO: Epoch 252: loss=0.8166, RMSE_E_per_atom=53.1 meV, RMSE_F=90.2 meV / A, RMSE_Mu_per_atom=2.27 mDebye
2023-12-08 13:27:28.775 INFO: Epoch 254: loss=1.1965, RMSE_E_per_atom=53.7 meV, RMSE_F=109.2 meV / A, RMSE_Mu_per_atom=2.59 mDebye
2023-12-08 13:27:29.806 INFO: Epoch 256: loss=1.1703, RMSE_E_per_atom=48.1 meV, RMSE_F=108.1 meV / A, RMSE_Mu_per_atom=1.97 mDebye
2023-12-08 13:27:30.807 INFO: Epoch 258: loss=0.9611, RMSE_E_per_atom=54.7 meV, RMSE_F=97.8 meV / A, RMSE_Mu_per_atom=2.56 mDebye
2023-12-08 13:27:31.836 INFO: Epoch 260: loss=1.6385, RMSE_E_per_atom=45.2 meV, RMSE_F=127.9 meV / A, RMSE_Mu_per_atom=2.62 mDebye
2023-12-08 13:27:32.833 INFO: Epoch 262: loss=1.3745, RMSE_E_per_atom=51.9 meV, RMSE_F=117.0 meV / A, RMSE_Mu_per_atom=4.41 mDebye
2023-12-08 13:27:33.810 INFO: Epoch 264: loss=1.2753, RMSE_E_per_atom=44.9 meV, RMSE_F=112.8 meV / A, RMSE_Mu_per_atom=2.21 mDebye
2023-12-08 13:27:34.804 INFO: Epoch 266: loss=2.6991, RMSE_E_per_atom=77.9 meV, RMSE_F=164.1 meV / A, RMSE_Mu_per_atom=1.88 mDebye
2023-12-08 13:27:35.763 INFO: Epoch 268: loss=0.8993, RMSE_E_per_atom=96.8 meV, RMSE_F=94.3 meV / A, RMSE_Mu_per_atom=1.80 mDebye
2023-12-08 13:27:36.760 INFO: Epoch 270: loss=0.7227, RMSE_E_per_atom=99.1 meV, RMSE_F=84.4 meV / A, RMSE_Mu_per_atom=1.70 mDebye
2023-12-08 13:27:37.761 INFO: Epoch 272: loss=0.7540, RMSE_E_per_atom=96.0 meV, RMSE_F=86.3 meV / A, RMSE_Mu_per_atom=1.75 mDebye
2023-12-08 13:27:38.786 INFO: Epoch 274: loss=0.7508, RMSE_E_per_atom=52.0 meV, RMSE_F=86.5 meV / A, RMSE_Mu_per_atom=2.74 mDebye
2023-12-08 13:27:39.800 INFO: Epoch 276: loss=1.0022, RMSE_E_per_atom=72.4 meV, RMSE_F=99.8 meV / A, RMSE_Mu_per_atom=2.82 mDebye
2023-12-08 13:27:40.822 INFO: Epoch 278: loss=0.7338, RMSE_E_per_atom=68.0 meV, RMSE_F=85.3 meV / A, RMSE_Mu_per_atom=3.40 mDebye
2023-12-08 13:27:41.835 INFO: Epoch 280: loss=0.5084, RMSE_E_per_atom=52.2 meV, RMSE_F=71.1 meV / A, RMSE_Mu_per_atom=2.20 mDebye
2023-12-08 13:27:43.123 INFO: Epoch 282: loss=0.6382, RMSE_E_per_atom=50.7 meV, RMSE_F=79.7 meV / A, RMSE_Mu_per_atom=1.87 mDebye
2023-12-08 13:27:44.141 INFO: Epoch 284: loss=0.9797, RMSE_E_per_atom=25.9 meV, RMSE_F=98.9 meV / A, RMSE_Mu_per_atom=2.09 mDebye
2023-12-08 13:27:45.162 INFO: Epoch 286: loss=1.2203, RMSE_E_per_atom=21.1 meV, RMSE_F=110.4 meV / A, RMSE_Mu_per_atom=2.59 mDebye
2023-12-08 13:27:46.164 INFO: Epoch 288: loss=0.8774, RMSE_E_per_atom=27.7 meV, RMSE_F=93.6 meV / A, RMSE_Mu_per_atom=2.71 mDebye
2023-12-08 13:27:47.162 INFO: Epoch 290: loss=1.0455, RMSE_E_per_atom=49.2 meV, RMSE_F=102.1 meV / A, RMSE_Mu_per_atom=1.88 mDebye
2023-12-08 13:27:48.149 INFO: Epoch 292: loss=1.5325, RMSE_E_per_atom=53.6 meV, RMSE_F=123.7 meV / A, RMSE_Mu_per_atom=1.99 mDebye
2023-12-08 13:27:49.111 INFO: Epoch 294: loss=0.9247, RMSE_E_per_atom=59.8 meV, RMSE_F=95.9 meV / A, RMSE_Mu_per_atom=3.94 mDebye
2023-12-08 13:27:50.092 INFO: Epoch 296: loss=0.9702, RMSE_E_per_atom=61.1 meV, RMSE_F=98.3 meV / A, RMSE_Mu_per_atom=2.65 mDebye
2023-12-08 13:27:51.091 INFO: Epoch 298: loss=0.5775, RMSE_E_per_atom=66.4 meV, RMSE_F=75.6 meV / A, RMSE_Mu_per_atom=3.80 mDebye
2023-12-08 13:27:52.096 INFO: Epoch 300: loss=1.0988, RMSE_E_per_atom=72.6 meV, RMSE_F=104.6 meV / A, RMSE_Mu_per_atom=2.06 mDebye
2023-12-08 13:27:53.087 INFO: Epoch 302: loss=1.1624, RMSE_E_per_atom=49.9 meV, RMSE_F=107.7 meV / A, RMSE_Mu_per_atom=2.44 mDebye
2023-12-08 13:27:54.103 INFO: Epoch 304: loss=1.6502, RMSE_E_per_atom=61.4 meV, RMSE_F=128.3 meV / A, RMSE_Mu_per_atom=2.26 mDebye
2023-12-08 13:27:55.126 INFO: Epoch 306: loss=2.2215, RMSE_E_per_atom=97.2 meV, RMSE_F=148.7 meV / A, RMSE_Mu_per_atom=1.79 mDebye
2023-12-08 13:27:56.106 INFO: Epoch 308: loss=2.1787, RMSE_E_per_atom=98.1 meV, RMSE_F=147.2 meV / A, RMSE_Mu_per_atom=2.81 mDebye
2023-12-08 13:27:57.099 INFO: Epoch 310: loss=1.0507, RMSE_E_per_atom=97.5 meV, RMSE_F=102.0 meV / A, RMSE_Mu_per_atom=2.89 mDebye
2023-12-08 13:27:58.134 INFO: Epoch 312: loss=1.5210, RMSE_E_per_atom=90.1 meV, RMSE_F=123.0 meV / A, RMSE_Mu_per_atom=1.73 mDebye
2023-12-08 13:27:59.101 INFO: Epoch 314: loss=0.9172, RMSE_E_per_atom=79.8 meV, RMSE_F=95.4 meV / A, RMSE_Mu_per_atom=3.89 mDebye
2023-12-08 13:28:00.091 INFO: Epoch 316: loss=0.5649, RMSE_E_per_atom=45.4 meV, RMSE_F=75.0 meV / A, RMSE_Mu_per_atom=2.54 mDebye
2023-12-08 13:28:01.095 INFO: Epoch 318: loss=0.8282, RMSE_E_per_atom=41.5 meV, RMSE_F=90.9 meV / A, RMSE_Mu_per_atom=2.52 mDebye
2023-12-08 13:28:02.098 INFO: Epoch 320: loss=1.0399, RMSE_E_per_atom=32.3 meV, RMSE_F=101.9 meV / A, RMSE_Mu_per_atom=1.82 mDebye
2023-12-08 13:28:03.157 INFO: Epoch 322: loss=1.5223, RMSE_E_per_atom=32.3 meV, RMSE_F=123.3 meV / A, RMSE_Mu_per_atom=2.33 mDebye
2023-12-08 13:28:04.163 INFO: Epoch 324: loss=0.7194, RMSE_E_per_atom=25.2 meV, RMSE_F=84.7 meV / A, RMSE_Mu_per_atom=2.34 mDebye
2023-12-08 13:28:05.164 INFO: Epoch 326: loss=1.1739, RMSE_E_per_atom=45.5 meV, RMSE_F=108.1 meV / A, RMSE_Mu_per_atom=5.33 mDebye
2023-12-08 13:28:06.174 INFO: Epoch 328: loss=0.8427, RMSE_E_per_atom=25.2 meV, RMSE_F=91.7 meV / A, RMSE_Mu_per_atom=1.74 mDebye
2023-12-08 13:28:07.192 INFO: Epoch 330: loss=1.0000, RMSE_E_per_atom=26.6 meV, RMSE_F=99.9 meV / A, RMSE_Mu_per_atom=2.27 mDebye
2023-12-08 13:28:08.230 INFO: Epoch 332: loss=0.6904, RMSE_E_per_atom=19.5 meV, RMSE_F=83.0 meV / A, RMSE_Mu_per_atom=2.42 mDebye
2023-12-08 13:28:09.229 INFO: Epoch 334: loss=0.9901, RMSE_E_per_atom=19.1 meV, RMSE_F=99.5 meV / A, RMSE_Mu_per_atom=2.03 mDebye
2023-12-08 13:28:10.259 INFO: Epoch 336: loss=1.7101, RMSE_E_per_atom=15.7 meV, RMSE_F=130.7 meV / A, RMSE_Mu_per_atom=2.03 mDebye
2023-12-08 13:28:11.294 INFO: Epoch 338: loss=1.2451, RMSE_E_per_atom=11.5 meV, RMSE_F=111.6 meV / A, RMSE_Mu_per_atom=1.63 mDebye
2023-12-08 13:28:12.290 INFO: Epoch 340: loss=0.9583, RMSE_E_per_atom=17.6 meV, RMSE_F=97.8 meV / A, RMSE_Mu_per_atom=2.40 mDebye
2023-12-08 13:28:13.299 INFO: Epoch 342: loss=1.1389, RMSE_E_per_atom=17.0 meV, RMSE_F=106.7 meV / A, RMSE_Mu_per_atom=1.93 mDebye
2023-12-08 13:28:14.320 INFO: Epoch 344: loss=0.9547, RMSE_E_per_atom=15.8 meV, RMSE_F=97.7 meV / A, RMSE_Mu_per_atom=2.33 mDebye
2023-12-08 13:28:15.340 INFO: Epoch 346: loss=1.1641, RMSE_E_per_atom=14.9 meV, RMSE_F=107.9 meV / A, RMSE_Mu_per_atom=2.49 mDebye
2023-12-08 13:28:16.379 INFO: Epoch 348: loss=1.0222, RMSE_E_per_atom=12.7 meV, RMSE_F=101.1 meV / A, RMSE_Mu_per_atom=2.04 mDebye
2023-12-08 13:28:17.456 INFO: Epoch 350: loss=1.1890, RMSE_E_per_atom=11.8 meV, RMSE_F=109.0 meV / A, RMSE_Mu_per_atom=1.95 mDebye
2023-12-08 13:28:18.499 INFO: Epoch 352: loss=1.3606, RMSE_E_per_atom=11.6 meV, RMSE_F=116.6 meV / A, RMSE_Mu_per_atom=1.84 mDebye
2023-12-08 13:28:19.494 INFO: Epoch 354: loss=1.8043, RMSE_E_per_atom=9.7 meV, RMSE_F=134.3 meV / A, RMSE_Mu_per_atom=2.50 mDebye
2023-12-08 13:28:20.516 INFO: Epoch 356: loss=1.1962, RMSE_E_per_atom=29.8 meV, RMSE_F=109.3 meV / A, RMSE_Mu_per_atom=1.91 mDebye
2023-12-08 13:28:21.546 INFO: Epoch 358: loss=0.9040, RMSE_E_per_atom=24.5 meV, RMSE_F=95.0 meV / A, RMSE_Mu_per_atom=1.80 mDebye
2023-12-08 13:28:22.523 INFO: Epoch 360: loss=1.4907, RMSE_E_per_atom=18.0 meV, RMSE_F=122.1 meV / A, RMSE_Mu_per_atom=1.81 mDebye
2023-12-08 13:28:23.476 INFO: Epoch 362: loss=1.0246, RMSE_E_per_atom=12.4 meV, RMSE_F=101.2 meV / A, RMSE_Mu_per_atom=2.38 mDebye
2023-12-08 13:28:24.518 INFO: Epoch 364: loss=1.0710, RMSE_E_per_atom=13.6 meV, RMSE_F=103.5 meV / A, RMSE_Mu_per_atom=1.89 mDebye
2023-12-08 13:28:25.523 INFO: Epoch 366: loss=0.9387, RMSE_E_per_atom=11.3 meV, RMSE_F=96.9 meV / A, RMSE_Mu_per_atom=1.95 mDebye
2023-12-08 13:28:26.528 INFO: Epoch 368: loss=1.1085, RMSE_E_per_atom=8.8 meV, RMSE_F=105.3 meV / A, RMSE_Mu_per_atom=2.14 mDebye
2023-12-08 13:28:27.542 INFO: Epoch 370: loss=1.5147, RMSE_E_per_atom=11.8 meV, RMSE_F=123.1 meV / A, RMSE_Mu_per_atom=2.14 mDebye
2023-12-08 13:28:28.587 INFO: Epoch 372: loss=1.6352, RMSE_E_per_atom=8.5 meV, RMSE_F=127.9 meV / A, RMSE_Mu_per_atom=1.94 mDebye
2023-12-08 13:28:29.621 INFO: Epoch 374: loss=1.3103, RMSE_E_per_atom=15.5 meV, RMSE_F=114.4 meV / A, RMSE_Mu_per_atom=2.22 mDebye
2023-12-08 13:28:30.658 INFO: Epoch 376: loss=0.8579, RMSE_E_per_atom=14.3 meV, RMSE_F=92.6 meV / A, RMSE_Mu_per_atom=2.33 mDebye
2023-12-08 13:28:31.664 INFO: Epoch 378: loss=1.2402, RMSE_E_per_atom=23.6 meV, RMSE_F=111.3 meV / A, RMSE_Mu_per_atom=1.92 mDebye
2023-12-08 13:28:32.671 INFO: Epoch 380: loss=1.3125, RMSE_E_per_atom=20.9 meV, RMSE_F=114.5 meV / A, RMSE_Mu_per_atom=1.96 mDebye
2023-12-08 13:28:33.702 INFO: Epoch 382: loss=0.9628, RMSE_E_per_atom=11.3 meV, RMSE_F=98.1 meV / A, RMSE_Mu_per_atom=2.65 mDebye
2023-12-08 13:28:34.702 INFO: Epoch 384: loss=1.1368, RMSE_E_per_atom=23.8 meV, RMSE_F=106.6 meV / A, RMSE_Mu_per_atom=1.90 mDebye
2023-12-08 13:28:35.668 INFO: Epoch 386: loss=1.1774, RMSE_E_per_atom=22.3 meV, RMSE_F=108.5 meV / A, RMSE_Mu_per_atom=1.99 mDebye
2023-12-08 13:28:36.662 INFO: Epoch 388: loss=1.4391, RMSE_E_per_atom=17.0 meV, RMSE_F=119.9 meV / A, RMSE_Mu_per_atom=2.10 mDebye
2023-12-08 13:28:37.672 INFO: Epoch 390: loss=1.6627, RMSE_E_per_atom=12.8 meV, RMSE_F=128.9 meV / A, RMSE_Mu_per_atom=1.82 mDebye
2023-12-08 13:28:38.670 INFO: Epoch 392: loss=1.4179, RMSE_E_per_atom=6.9 meV, RMSE_F=119.0 meV / A, RMSE_Mu_per_atom=2.48 mDebye
2023-12-08 13:28:39.635 INFO: Epoch 394: loss=1.2613, RMSE_E_per_atom=5.2 meV, RMSE_F=112.3 meV / A, RMSE_Mu_per_atom=1.85 mDebye
2023-12-08 13:28:40.662 INFO: Epoch 396: loss=1.0361, RMSE_E_per_atom=5.4 meV, RMSE_F=101.8 meV / A, RMSE_Mu_per_atom=2.23 mDebye
2023-12-08 13:28:41.645 INFO: Epoch 398: loss=1.5666, RMSE_E_per_atom=7.4 meV, RMSE_F=125.1 meV / A, RMSE_Mu_per_atom=1.86 mDebye
2023-12-08 13:28:42.626 INFO: Epoch 400: loss=1.7740, RMSE_E_per_atom=8.2 meV, RMSE_F=133.2 meV / A, RMSE_Mu_per_atom=1.77 mDebye
2023-12-08 13:28:43.647 INFO: Epoch 402: loss=1.4384, RMSE_E_per_atom=6.3 meV, RMSE_F=119.9 meV / A, RMSE_Mu_per_atom=2.77 mDebye
2023-12-08 13:28:44.636 INFO: Epoch 404: loss=1.3577, RMSE_E_per_atom=7.8 meV, RMSE_F=116.5 meV / A, RMSE_Mu_per_atom=1.84 mDebye
2023-12-08 13:28:45.642 INFO: Epoch 406: loss=1.2508, RMSE_E_per_atom=8.2 meV, RMSE_F=111.8 meV / A, RMSE_Mu_per_atom=1.80 mDebye
2023-12-08 13:28:46.655 INFO: Epoch 408: loss=1.4967, RMSE_E_per_atom=6.9 meV, RMSE_F=122.3 meV / A, RMSE_Mu_per_atom=2.08 mDebye
2023-12-08 13:28:47.698 INFO: Epoch 410: loss=1.2275, RMSE_E_per_atom=3.2 meV, RMSE_F=110.8 meV / A, RMSE_Mu_per_atom=2.19 mDebye
2023-12-08 13:28:48.726 INFO: Epoch 412: loss=1.2199, RMSE_E_per_atom=5.8 meV, RMSE_F=110.4 meV / A, RMSE_Mu_per_atom=1.85 mDebye
2023-12-08 13:28:49.772 INFO: Epoch 414: loss=1.6097, RMSE_E_per_atom=14.6 meV, RMSE_F=126.8 meV / A, RMSE_Mu_per_atom=2.24 mDebye
2023-12-08 13:28:50.821 INFO: Epoch 416: loss=1.9016, RMSE_E_per_atom=8.8 meV, RMSE_F=137.9 meV / A, RMSE_Mu_per_atom=2.07 mDebye
2023-12-08 13:28:51.863 INFO: Epoch 418: loss=1.7212, RMSE_E_per_atom=8.6 meV, RMSE_F=131.2 meV / A, RMSE_Mu_per_atom=1.61 mDebye
2023-12-08 13:28:52.915 INFO: Epoch 420: loss=1.2147, RMSE_E_per_atom=9.0 meV, RMSE_F=110.2 meV / A, RMSE_Mu_per_atom=1.74 mDebye
2023-12-08 13:28:53.964 INFO: Epoch 422: loss=1.0843, RMSE_E_per_atom=4.7 meV, RMSE_F=104.1 meV / A, RMSE_Mu_per_atom=2.59 mDebye
2023-12-08 13:28:54.994 INFO: Epoch 424: loss=1.4930, RMSE_E_per_atom=13.0 meV, RMSE_F=122.2 meV / A, RMSE_Mu_per_atom=1.88 mDebye
2023-12-08 13:28:56.013 INFO: Epoch 426: loss=1.6998, RMSE_E_per_atom=10.4 meV, RMSE_F=130.3 meV / A, RMSE_Mu_per_atom=3.35 mDebye
2023-12-08 13:28:57.061 INFO: Epoch 428: loss=1.4491, RMSE_E_per_atom=17.7 meV, RMSE_F=120.4 meV / A, RMSE_Mu_per_atom=1.83 mDebye
2023-12-08 13:28:58.071 INFO: Epoch 430: loss=1.4032, RMSE_E_per_atom=9.8 meV, RMSE_F=118.4 meV / A, RMSE_Mu_per_atom=1.79 mDebye
2023-12-08 13:28:59.099 INFO: Epoch 432: loss=1.8948, RMSE_E_per_atom=15.6 meV, RMSE_F=137.6 meV / A, RMSE_Mu_per_atom=2.37 mDebye
2023-12-08 13:29:00.106 INFO: Epoch 434: loss=1.6075, RMSE_E_per_atom=8.7 meV, RMSE_F=126.8 meV / A, RMSE_Mu_per_atom=1.76 mDebye
2023-12-08 13:29:01.168 INFO: Epoch 436: loss=1.8112, RMSE_E_per_atom=10.5 meV, RMSE_F=134.6 meV / A, RMSE_Mu_per_atom=2.49 mDebye
2023-12-08 13:29:02.189 INFO: Epoch 438: loss=1.5635, RMSE_E_per_atom=5.4 meV, RMSE_F=125.0 meV / A, RMSE_Mu_per_atom=1.72 mDebye
2023-12-08 13:29:03.240 INFO: Epoch 440: loss=1.6528, RMSE_E_per_atom=5.7 meV, RMSE_F=128.5 meV / A, RMSE_Mu_per_atom=1.91 mDebye
2023-12-08 13:29:04.299 INFO: Epoch 442: loss=1.6974, RMSE_E_per_atom=4.9 meV, RMSE_F=130.3 meV / A, RMSE_Mu_per_atom=1.88 mDebye
2023-12-08 13:29:05.329 INFO: Epoch 444: loss=1.4131, RMSE_E_per_atom=5.1 meV, RMSE_F=118.9 meV / A, RMSE_Mu_per_atom=1.86 mDebye
2023-12-08 13:29:06.376 INFO: Epoch 446: loss=1.5629, RMSE_E_per_atom=4.2 meV, RMSE_F=125.0 meV / A, RMSE_Mu_per_atom=2.20 mDebye
2023-12-08 13:29:07.416 INFO: Epoch 448: loss=1.6538, RMSE_E_per_atom=4.7 meV, RMSE_F=128.6 meV / A, RMSE_Mu_per_atom=1.80 mDebye
2023-12-08 13:29:08.450 INFO: Epoch 450: loss=1.7388, RMSE_E_per_atom=3.6 meV, RMSE_F=131.8 meV / A, RMSE_Mu_per_atom=1.98 mDebye
2023-12-08 13:29:09.492 INFO: Epoch 452: loss=1.5029, RMSE_E_per_atom=4.9 meV, RMSE_F=122.6 meV / A, RMSE_Mu_per_atom=2.09 mDebye
2023-12-08 13:29:10.544 INFO: Epoch 454: loss=1.8383, RMSE_E_per_atom=4.0 meV, RMSE_F=135.6 meV / A, RMSE_Mu_per_atom=1.77 mDebye
2023-12-08 13:29:11.584 INFO: Epoch 456: loss=1.8945, RMSE_E_per_atom=4.5 meV, RMSE_F=137.6 meV / A, RMSE_Mu_per_atom=1.80 mDebye
2023-12-08 13:29:12.638 INFO: Epoch 458: loss=1.9633, RMSE_E_per_atom=4.6 meV, RMSE_F=140.1 meV / A, RMSE_Mu_per_atom=1.89 mDebye
2023-12-08 13:29:13.652 INFO: Epoch 460: loss=1.6021, RMSE_E_per_atom=6.3 meV, RMSE_F=126.6 meV / A, RMSE_Mu_per_atom=1.85 mDebye
2023-12-08 13:29:14.668 INFO: Epoch 462: loss=1.8564, RMSE_E_per_atom=5.2 meV, RMSE_F=136.2 meV / A, RMSE_Mu_per_atom=2.21 mDebye
2023-12-08 13:29:15.689 INFO: Epoch 464: loss=1.6985, RMSE_E_per_atom=5.8 meV, RMSE_F=130.3 meV / A, RMSE_Mu_per_atom=1.81 mDebye
2023-12-08 13:29:16.702 INFO: Epoch 466: loss=1.8563, RMSE_E_per_atom=5.5 meV, RMSE_F=136.2 meV / A, RMSE_Mu_per_atom=2.00 mDebye
2023-12-08 13:29:17.716 INFO: Epoch 468: loss=1.6403, RMSE_E_per_atom=3.9 meV, RMSE_F=128.1 meV / A, RMSE_Mu_per_atom=1.71 mDebye
2023-12-08 13:29:18.774 INFO: Epoch 470: loss=1.5422, RMSE_E_per_atom=4.9 meV, RMSE_F=124.2 meV / A, RMSE_Mu_per_atom=1.81 mDebye
2023-12-08 13:29:19.802 INFO: Epoch 472: loss=2.1369, RMSE_E_per_atom=2.7 meV, RMSE_F=146.2 meV / A, RMSE_Mu_per_atom=1.82 mDebye
2023-12-08 13:29:20.825 INFO: Epoch 474: loss=1.6418, RMSE_E_per_atom=4.7 meV, RMSE_F=128.1 meV / A, RMSE_Mu_per_atom=2.05 mDebye
2023-12-08 13:29:21.871 INFO: Epoch 476: loss=2.0300, RMSE_E_per_atom=4.2 meV, RMSE_F=142.5 meV / A, RMSE_Mu_per_atom=2.36 mDebye
2023-12-08 13:29:22.934 INFO: Epoch 478: loss=1.6220, RMSE_E_per_atom=5.2 meV, RMSE_F=127.3 meV / A, RMSE_Mu_per_atom=1.87 mDebye
2023-12-08 13:29:24.006 INFO: Epoch 480: loss=1.5877, RMSE_E_per_atom=5.1 meV, RMSE_F=126.0 meV / A, RMSE_Mu_per_atom=1.95 mDebye
2023-12-08 13:29:25.002 INFO: Epoch 482: loss=1.5327, RMSE_E_per_atom=5.5 meV, RMSE_F=123.8 meV / A, RMSE_Mu_per_atom=1.96 mDebye
2023-12-08 13:29:26.025 INFO: Epoch 484: loss=1.7012, RMSE_E_per_atom=6.1 meV, RMSE_F=130.4 meV / A, RMSE_Mu_per_atom=1.95 mDebye
2023-12-08 13:29:27.043 INFO: Epoch 486: loss=1.7966, RMSE_E_per_atom=4.8 meV, RMSE_F=134.0 meV / A, RMSE_Mu_per_atom=2.36 mDebye
2023-12-08 13:29:28.094 INFO: Epoch 488: loss=2.0690, RMSE_E_per_atom=4.7 meV, RMSE_F=143.8 meV / A, RMSE_Mu_per_atom=1.70 mDebye
2023-12-08 13:29:29.138 INFO: Epoch 490: loss=1.6069, RMSE_E_per_atom=4.9 meV, RMSE_F=126.7 meV / A, RMSE_Mu_per_atom=2.28 mDebye
2023-12-08 13:29:30.197 INFO: Epoch 492: loss=1.8956, RMSE_E_per_atom=4.3 meV, RMSE_F=137.7 meV / A, RMSE_Mu_per_atom=1.83 mDebye
2023-12-08 13:29:31.268 INFO: Epoch 494: loss=1.6020, RMSE_E_per_atom=4.5 meV, RMSE_F=126.5 meV / A, RMSE_Mu_per_atom=2.26 mDebye
2023-12-08 13:29:32.329 INFO: Epoch 496: loss=2.2884, RMSE_E_per_atom=4.7 meV, RMSE_F=151.3 meV / A, RMSE_Mu_per_atom=1.74 mDebye
2023-12-08 13:29:33.398 INFO: Epoch 498: loss=1.6898, RMSE_E_per_atom=6.2 meV, RMSE_F=130.0 meV / A, RMSE_Mu_per_atom=2.08 mDebye
2023-12-08 13:29:34.454 INFO: Epoch 500: loss=1.7773, RMSE_E_per_atom=5.0 meV, RMSE_F=133.3 meV / A, RMSE_Mu_per_atom=1.93 mDebye
2023-12-08 13:29:35.469 INFO: Epoch 502: loss=2.0151, RMSE_E_per_atom=5.5 meV, RMSE_F=141.9 meV / A, RMSE_Mu_per_atom=1.70 mDebye
2023-12-08 13:29:36.499 INFO: Epoch 504: loss=1.9051, RMSE_E_per_atom=4.6 meV, RMSE_F=138.0 meV / A, RMSE_Mu_per_atom=1.98 mDebye
2023-12-08 13:29:37.545 INFO: Epoch 506: loss=1.8920, RMSE_E_per_atom=4.4 meV, RMSE_F=137.5 meV / A, RMSE_Mu_per_atom=2.11 mDebye
2023-12-08 13:29:38.641 INFO: Epoch 508: loss=2.3193, RMSE_E_per_atom=5.7 meV, RMSE_F=152.3 meV / A, RMSE_Mu_per_atom=1.81 mDebye
2023-12-08 13:29:39.686 INFO: Epoch 510: loss=1.8059, RMSE_E_per_atom=4.3 meV, RMSE_F=134.4 meV / A, RMSE_Mu_per_atom=1.88 mDebye
2023-12-08 13:29:40.679 INFO: Epoch 512: loss=1.9135, RMSE_E_per_atom=3.8 meV, RMSE_F=138.3 meV / A, RMSE_Mu_per_atom=1.86 mDebye
2023-12-08 13:29:41.739 INFO: Epoch 514: loss=2.0655, RMSE_E_per_atom=4.0 meV, RMSE_F=143.7 meV / A, RMSE_Mu_per_atom=2.14 mDebye
2023-12-08 13:29:42.812 INFO: Epoch 516: loss=1.8822, RMSE_E_per_atom=4.9 meV, RMSE_F=137.2 meV / A, RMSE_Mu_per_atom=1.81 mDebye
2023-12-08 13:29:43.893 INFO: Epoch 518: loss=1.9255, RMSE_E_per_atom=5.4 meV, RMSE_F=138.7 meV / A, RMSE_Mu_per_atom=2.06 mDebye
2023-12-08 13:29:44.959 INFO: Epoch 520: loss=1.9340, RMSE_E_per_atom=4.3 meV, RMSE_F=139.1 meV / A, RMSE_Mu_per_atom=1.97 mDebye
2023-12-08 13:29:46.032 INFO: Epoch 522: loss=2.0136, RMSE_E_per_atom=4.3 meV, RMSE_F=141.9 meV / A, RMSE_Mu_per_atom=1.86 mDebye
2023-12-08 13:29:47.080 INFO: Epoch 524: loss=2.0200, RMSE_E_per_atom=4.1 meV, RMSE_F=142.1 meV / A, RMSE_Mu_per_atom=1.81 mDebye
2023-12-08 13:29:48.124 INFO: Epoch 526: loss=1.6126, RMSE_E_per_atom=5.4 meV, RMSE_F=127.0 meV / A, RMSE_Mu_per_atom=1.92 mDebye
2023-12-08 13:29:49.136 INFO: Epoch 528: loss=1.9822, RMSE_E_per_atom=4.6 meV, RMSE_F=140.8 meV / A, RMSE_Mu_per_atom=1.83 mDebye
2023-12-08 13:29:50.148 INFO: Epoch 530: loss=1.7823, RMSE_E_per_atom=6.3 meV, RMSE_F=133.5 meV / A, RMSE_Mu_per_atom=2.27 mDebye
2023-12-08 13:29:51.206 INFO: Epoch 532: loss=2.7493, RMSE_E_per_atom=3.4 meV, RMSE_F=165.8 meV / A, RMSE_Mu_per_atom=2.01 mDebye
2023-12-08 13:29:52.291 INFO: Epoch 534: loss=2.0009, RMSE_E_per_atom=4.8 meV, RMSE_F=141.4 meV / A, RMSE_Mu_per_atom=1.76 mDebye
2023-12-08 13:29:53.325 INFO: Epoch 536: loss=2.2109, RMSE_E_per_atom=4.1 meV, RMSE_F=148.7 meV / A, RMSE_Mu_per_atom=2.03 mDebye
2023-12-08 13:29:54.295 INFO: Epoch 538: loss=2.1073, RMSE_E_per_atom=4.8 meV, RMSE_F=145.2 meV / A, RMSE_Mu_per_atom=1.73 mDebye
2023-12-08 13:29:55.310 INFO: Epoch 540: loss=2.0949, RMSE_E_per_atom=5.1 meV, RMSE_F=144.7 meV / A, RMSE_Mu_per_atom=2.01 mDebye
2023-12-08 13:29:56.328 INFO: Epoch 542: loss=1.8650, RMSE_E_per_atom=6.3 meV, RMSE_F=136.6 meV / A, RMSE_Mu_per_atom=1.87 mDebye
2023-12-08 13:29:57.354 INFO: Epoch 544: loss=1.9425, RMSE_E_per_atom=5.3 meV, RMSE_F=139.4 meV / A, RMSE_Mu_per_atom=1.84 mDebye
2023-12-08 13:29:58.368 INFO: Epoch 546: loss=2.2693, RMSE_E_per_atom=4.2 meV, RMSE_F=150.6 meV / A, RMSE_Mu_per_atom=2.20 mDebye
2023-12-08 13:29:59.462 INFO: Epoch 548: loss=2.0935, RMSE_E_per_atom=5.8 meV, RMSE_F=144.7 meV / A, RMSE_Mu_per_atom=1.82 mDebye
2023-12-08 13:30:00.521 INFO: Epoch 550: loss=1.9901, RMSE_E_per_atom=5.1 meV, RMSE_F=141.1 meV / A, RMSE_Mu_per_atom=2.10 mDebye
2023-12-08 13:30:01.591 INFO: Epoch 552: loss=2.0130, RMSE_E_per_atom=5.1 meV, RMSE_F=141.9 meV / A, RMSE_Mu_per_atom=1.76 mDebye
2023-12-08 13:30:02.604 INFO: Epoch 554: loss=1.8059, RMSE_E_per_atom=6.0 meV, RMSE_F=134.4 meV / A, RMSE_Mu_per_atom=2.03 mDebye
2023-12-08 13:30:03.615 INFO: Epoch 556: loss=1.9567, RMSE_E_per_atom=4.7 meV, RMSE_F=139.9 meV / A, RMSE_Mu_per_atom=2.22 mDebye
2023-12-08 13:30:04.632 INFO: Epoch 558: loss=2.5650, RMSE_E_per_atom=3.7 meV, RMSE_F=160.1 meV / A, RMSE_Mu_per_atom=1.73 mDebye
2023-12-08 13:30:05.658 INFO: Epoch 560: loss=2.3801, RMSE_E_per_atom=4.2 meV, RMSE_F=154.3 meV / A, RMSE_Mu_per_atom=2.06 mDebye
2023-12-08 13:30:06.671 INFO: Epoch 562: loss=2.1596, RMSE_E_per_atom=4.8 meV, RMSE_F=146.9 meV / A, RMSE_Mu_per_atom=1.87 mDebye
2023-12-08 13:30:07.713 INFO: Epoch 564: loss=1.8220, RMSE_E_per_atom=5.0 meV, RMSE_F=135.0 meV / A, RMSE_Mu_per_atom=1.90 mDebye
2023-12-08 13:30:08.747 INFO: Epoch 566: loss=2.2448, RMSE_E_per_atom=5.3 meV, RMSE_F=149.8 meV / A, RMSE_Mu_per_atom=1.98 mDebye
2023-12-08 13:30:09.843 INFO: Epoch 568: loss=1.8594, RMSE_E_per_atom=5.1 meV, RMSE_F=136.3 meV / A, RMSE_Mu_per_atom=1.93 mDebye
2023-12-08 13:30:10.923 INFO: Epoch 570: loss=1.7709, RMSE_E_per_atom=5.2 meV, RMSE_F=133.1 meV / A, RMSE_Mu_per_atom=1.97 mDebye
2023-12-08 13:30:11.987 INFO: Epoch 572: loss=1.9397, RMSE_E_per_atom=5.0 meV, RMSE_F=139.3 meV / A, RMSE_Mu_per_atom=2.03 mDebye
2023-12-08 13:30:13.068 INFO: Epoch 574: loss=1.6312, RMSE_E_per_atom=6.2 meV, RMSE_F=127.7 meV / A, RMSE_Mu_per_atom=2.04 mDebye
2023-12-08 13:30:14.135 INFO: Epoch 576: loss=1.7949, RMSE_E_per_atom=4.0 meV, RMSE_F=134.0 meV / A, RMSE_Mu_per_atom=1.94 mDebye
2023-12-08 13:30:15.215 INFO: Epoch 578: loss=1.8201, RMSE_E_per_atom=6.2 meV, RMSE_F=134.9 meV / A, RMSE_Mu_per_atom=2.01 mDebye
2023-12-08 13:30:16.204 INFO: Epoch 580: loss=2.1445, RMSE_E_per_atom=4.7 meV, RMSE_F=146.4 meV / A, RMSE_Mu_per_atom=1.98 mDebye
2023-12-08 13:30:17.223 INFO: Epoch 582: loss=2.0004, RMSE_E_per_atom=5.2 meV, RMSE_F=141.4 meV / A, RMSE_Mu_per_atom=1.87 mDebye
2023-12-08 13:30:18.244 INFO: Epoch 584: loss=1.8330, RMSE_E_per_atom=4.5 meV, RMSE_F=135.4 meV / A, RMSE_Mu_per_atom=1.90 mDebye
2023-12-08 13:30:19.245 INFO: Epoch 586: loss=1.8156, RMSE_E_per_atom=4.6 meV, RMSE_F=134.7 meV / A, RMSE_Mu_per_atom=2.53 mDebye
2023-12-08 13:30:20.216 INFO: Epoch 588: loss=2.2679, RMSE_E_per_atom=4.0 meV, RMSE_F=150.6 meV / A, RMSE_Mu_per_atom=1.80 mDebye
2023-12-08 13:30:21.226 INFO: Epoch 590: loss=1.9980, RMSE_E_per_atom=5.7 meV, RMSE_F=141.3 meV / A, RMSE_Mu_per_atom=2.24 mDebye
2023-12-08 13:30:22.248 INFO: Epoch 592: loss=2.1159, RMSE_E_per_atom=4.2 meV, RMSE_F=145.4 meV / A, RMSE_Mu_per_atom=1.90 mDebye
2023-12-08 13:30:23.259 INFO: Epoch 594: loss=1.9901, RMSE_E_per_atom=6.5 meV, RMSE_F=141.1 meV / A, RMSE_Mu_per_atom=2.00 mDebye
2023-12-08 13:30:24.285 INFO: Epoch 596: loss=2.0913, RMSE_E_per_atom=6.2 meV, RMSE_F=144.6 meV / A, RMSE_Mu_per_atom=1.95 mDebye
2023-12-08 13:30:25.325 INFO: Epoch 598: loss=2.2479, RMSE_E_per_atom=5.2 meV, RMSE_F=149.9 meV / A, RMSE_Mu_per_atom=1.88 mDebye
2023-12-08 13:30:26.360 INFO: Epoch 600: loss=2.3103, RMSE_E_per_atom=5.3 meV, RMSE_F=152.0 meV / A, RMSE_Mu_per_atom=1.98 mDebye
2023-12-08 13:30:27.378 INFO: Epoch 602: loss=1.9420, RMSE_E_per_atom=6.0 meV, RMSE_F=139.3 meV / A, RMSE_Mu_per_atom=1.88 mDebye
2023-12-08 13:30:28.400 INFO: Epoch 604: loss=2.2661, RMSE_E_per_atom=5.4 meV, RMSE_F=150.5 meV / A, RMSE_Mu_per_atom=1.93 mDebye
2023-12-08 13:30:29.420 INFO: Epoch 606: loss=2.2384, RMSE_E_per_atom=6.7 meV, RMSE_F=149.6 meV / A, RMSE_Mu_per_atom=1.90 mDebye
2023-12-08 13:30:30.446 INFO: Epoch 608: loss=1.9987, RMSE_E_per_atom=6.9 meV, RMSE_F=141.4 meV / A, RMSE_Mu_per_atom=1.97 mDebye
2023-12-08 13:30:31.465 INFO: Epoch 610: loss=2.2153, RMSE_E_per_atom=5.0 meV, RMSE_F=148.8 meV / A, RMSE_Mu_per_atom=2.09 mDebye
2023-12-08 13:30:32.539 INFO: Epoch 612: loss=2.0251, RMSE_E_per_atom=4.8 meV, RMSE_F=142.3 meV / A, RMSE_Mu_per_atom=1.95 mDebye
2023-12-08 13:30:33.603 INFO: Epoch 614: loss=1.9493, RMSE_E_per_atom=6.1 meV, RMSE_F=139.6 meV / A, RMSE_Mu_per_atom=2.10 mDebye
2023-12-08 13:30:34.681 INFO: Epoch 616: loss=2.3564, RMSE_E_per_atom=4.3 meV, RMSE_F=153.5 meV / A, RMSE_Mu_per_atom=2.04 mDebye
2023-12-08 13:30:35.674 INFO: Epoch 618: loss=2.1136, RMSE_E_per_atom=6.0 meV, RMSE_F=145.4 meV / A, RMSE_Mu_per_atom=1.96 mDebye
2023-12-08 13:30:36.723 INFO: Epoch 620: loss=2.0996, RMSE_E_per_atom=4.3 meV, RMSE_F=144.9 meV / A, RMSE_Mu_per_atom=1.96 mDebye
2023-12-08 13:30:37.797 INFO: Epoch 622: loss=2.0029, RMSE_E_per_atom=7.6 meV, RMSE_F=141.5 meV / A, RMSE_Mu_per_atom=2.01 mDebye
2023-12-08 13:30:38.869 INFO: Epoch 624: loss=2.0111, RMSE_E_per_atom=5.5 meV, RMSE_F=141.8 meV / A, RMSE_Mu_per_atom=2.08 mDebye
2023-12-08 13:30:39.859 INFO: Epoch 626: loss=1.6783, RMSE_E_per_atom=7.7 meV, RMSE_F=129.5 meV / A, RMSE_Mu_per_atom=1.93 mDebye
2023-12-08 13:30:40.875 INFO: Epoch 628: loss=2.0571, RMSE_E_per_atom=5.2 meV, RMSE_F=143.4 meV / A, RMSE_Mu_per_atom=2.14 mDebye
2023-12-08 13:30:41.885 INFO: Epoch 630: loss=2.0213, RMSE_E_per_atom=6.6 meV, RMSE_F=142.2 meV / A, RMSE_Mu_per_atom=2.03 mDebye
2023-12-08 13:30:42.867 INFO: Epoch 632: loss=2.0229, RMSE_E_per_atom=5.4 meV, RMSE_F=142.2 meV / A, RMSE_Mu_per_atom=1.97 mDebye
2023-12-08 13:30:43.858 INFO: Epoch 634: loss=2.1563, RMSE_E_per_atom=4.6 meV, RMSE_F=146.8 meV / A, RMSE_Mu_per_atom=2.14 mDebye
2023-12-08 13:30:44.880 INFO: Epoch 636: loss=2.3263, RMSE_E_per_atom=5.5 meV, RMSE_F=152.5 meV / A, RMSE_Mu_per_atom=1.92 mDebye
2023-12-08 13:30:45.896 INFO: Epoch 638: loss=2.1960, RMSE_E_per_atom=5.4 meV, RMSE_F=148.2 meV / A, RMSE_Mu_per_atom=2.26 mDebye
2023-12-08 13:30:46.903 INFO: Epoch 640: loss=2.2713, RMSE_E_per_atom=5.3 meV, RMSE_F=150.7 meV / A, RMSE_Mu_per_atom=1.97 mDebye
2023-12-08 13:30:47.868 INFO: Epoch 642: loss=1.9387, RMSE_E_per_atom=5.8 meV, RMSE_F=139.2 meV / A, RMSE_Mu_per_atom=2.35 mDebye
2023-12-08 13:30:48.871 INFO: Epoch 644: loss=1.8920, RMSE_E_per_atom=5.2 meV, RMSE_F=137.5 meV / A, RMSE_Mu_per_atom=1.89 mDebye
2023-12-08 13:30:49.884 INFO: Epoch 646: loss=2.0092, RMSE_E_per_atom=5.9 meV, RMSE_F=141.7 meV / A, RMSE_Mu_per_atom=2.26 mDebye
2023-12-08 13:30:50.869 INFO: Epoch 648: loss=2.2469, RMSE_E_per_atom=5.2 meV, RMSE_F=149.9 meV / A, RMSE_Mu_per_atom=2.00 mDebye
2023-12-08 13:30:51.847 INFO: Epoch 650: loss=2.1628, RMSE_E_per_atom=5.5 meV, RMSE_F=147.1 meV / A, RMSE_Mu_per_atom=2.00 mDebye
2023-12-08 13:30:52.843 INFO: Epoch 652: loss=2.0945, RMSE_E_per_atom=5.6 meV, RMSE_F=144.7 meV / A, RMSE_Mu_per_atom=2.14 mDebye
2023-12-08 13:30:53.809 INFO: Epoch 654: loss=2.0736, RMSE_E_per_atom=4.9 meV, RMSE_F=144.0 meV / A, RMSE_Mu_per_atom=2.02 mDebye
2023-12-08 13:30:54.811 INFO: Epoch 656: loss=2.3027, RMSE_E_per_atom=4.4 meV, RMSE_F=151.7 meV / A, RMSE_Mu_per_atom=2.04 mDebye
2023-12-08 13:30:55.827 INFO: Epoch 658: loss=2.3409, RMSE_E_per_atom=4.8 meV, RMSE_F=153.0 meV / A, RMSE_Mu_per_atom=1.94 mDebye
2023-12-08 13:30:56.801 INFO: Epoch 660: loss=2.3456, RMSE_E_per_atom=5.4 meV, RMSE_F=153.1 meV / A, RMSE_Mu_per_atom=2.01 mDebye
2023-12-08 13:30:57.769 INFO: Epoch 662: loss=2.0473, RMSE_E_per_atom=6.0 meV, RMSE_F=143.1 meV / A, RMSE_Mu_per_atom=2.02 mDebye
2023-12-08 13:30:58.785 INFO: Epoch 664: loss=2.2543, RMSE_E_per_atom=5.5 meV, RMSE_F=150.1 meV / A, RMSE_Mu_per_atom=2.14 mDebye
2023-12-08 13:30:59.787 INFO: Epoch 666: loss=2.2545, RMSE_E_per_atom=5.8 meV, RMSE_F=150.1 meV / A, RMSE_Mu_per_atom=1.96 mDebye
2023-12-08 13:31:00.763 INFO: Epoch 668: loss=2.1287, RMSE_E_per_atom=5.8 meV, RMSE_F=145.9 meV / A, RMSE_Mu_per_atom=1.94 mDebye
2023-12-08 13:31:01.769 INFO: Epoch 670: loss=1.7819, RMSE_E_per_atom=6.7 meV, RMSE_F=133.5 meV / A, RMSE_Mu_per_atom=2.02 mDebye
2023-12-08 13:31:02.776 INFO: Epoch 672: loss=1.8760, RMSE_E_per_atom=6.3 meV, RMSE_F=136.9 meV / A, RMSE_Mu_per_atom=2.09 mDebye
2023-12-08 13:31:03.745 INFO: Epoch 674: loss=1.9863, RMSE_E_per_atom=6.1 meV, RMSE_F=140.9 meV / A, RMSE_Mu_per_atom=2.07 mDebye
2023-12-08 13:31:04.752 INFO: Epoch 676: loss=2.1914, RMSE_E_per_atom=6.1 meV, RMSE_F=148.0 meV / A, RMSE_Mu_per_atom=1.98 mDebye
2023-12-08 13:31:05.724 INFO: Epoch 678: loss=2.1550, RMSE_E_per_atom=6.0 meV, RMSE_F=146.8 meV / A, RMSE_Mu_per_atom=2.11 mDebye
2023-12-08 13:31:06.713 INFO: Epoch 680: loss=2.0285, RMSE_E_per_atom=6.0 meV, RMSE_F=142.4 meV / A, RMSE_Mu_per_atom=2.05 mDebye
2023-12-08 13:31:07.725 INFO: Epoch 682: loss=2.1809, RMSE_E_per_atom=5.4 meV, RMSE_F=147.7 meV / A, RMSE_Mu_per_atom=2.08 mDebye
2023-12-08 13:31:08.720 INFO: Epoch 684: loss=2.0992, RMSE_E_per_atom=5.7 meV, RMSE_F=144.9 meV / A, RMSE_Mu_per_atom=2.09 mDebye
2023-12-08 13:31:09.719 INFO: Epoch 686: loss=2.0106, RMSE_E_per_atom=7.0 meV, RMSE_F=141.8 meV / A, RMSE_Mu_per_atom=1.98 mDebye
2023-12-08 13:31:10.719 INFO: Epoch 688: loss=2.3075, RMSE_E_per_atom=6.2 meV, RMSE_F=151.9 meV / A, RMSE_Mu_per_atom=2.21 mDebye
2023-12-08 13:31:11.735 INFO: Epoch 690: loss=2.2607, RMSE_E_per_atom=6.5 meV, RMSE_F=150.3 meV / A, RMSE_Mu_per_atom=2.03 mDebye
2023-12-08 13:31:12.751 INFO: Epoch 692: loss=2.2069, RMSE_E_per_atom=6.6 meV, RMSE_F=148.5 meV / A, RMSE_Mu_per_atom=2.02 mDebye
2023-12-08 13:31:13.782 INFO: Epoch 694: loss=2.1517, RMSE_E_per_atom=7.1 meV, RMSE_F=146.7 meV / A, RMSE_Mu_per_atom=2.16 mDebye
2023-12-08 13:31:14.801 INFO: Epoch 696: loss=2.2350, RMSE_E_per_atom=6.0 meV, RMSE_F=149.5 meV / A, RMSE_Mu_per_atom=2.05 mDebye
2023-12-08 13:31:15.826 INFO: Epoch 698: loss=2.2430, RMSE_E_per_atom=5.8 meV, RMSE_F=149.8 meV / A, RMSE_Mu_per_atom=2.07 mDebye
2023-12-08 13:31:16.852 INFO: Epoch 700: loss=2.1518, RMSE_E_per_atom=5.8 meV, RMSE_F=146.7 meV / A, RMSE_Mu_per_atom=2.04 mDebye
2023-12-08 13:31:17.889 INFO: Epoch 702: loss=2.3208, RMSE_E_per_atom=5.5 meV, RMSE_F=152.3 meV / A, RMSE_Mu_per_atom=2.04 mDebye
2023-12-08 13:31:18.921 INFO: Epoch 704: loss=2.0250, RMSE_E_per_atom=6.0 meV, RMSE_F=142.3 meV / A, RMSE_Mu_per_atom=2.09 mDebye
2023-12-08 13:31:19.961 INFO: Epoch 706: loss=2.1106, RMSE_E_per_atom=6.1 meV, RMSE_F=145.3 meV / A, RMSE_Mu_per_atom=2.02 mDebye
2023-12-08 13:31:20.972 INFO: Epoch 708: loss=2.2141, RMSE_E_per_atom=5.6 meV, RMSE_F=148.8 meV / A, RMSE_Mu_per_atom=2.08 mDebye
2023-12-08 13:31:21.997 INFO: Epoch 710: loss=2.1255, RMSE_E_per_atom=6.5 meV, RMSE_F=145.8 meV / A, RMSE_Mu_per_atom=2.05 mDebye
2023-12-08 13:31:23.033 INFO: Epoch 712: loss=2.1907, RMSE_E_per_atom=5.5 meV, RMSE_F=148.0 meV / A, RMSE_Mu_per_atom=2.14 mDebye
2023-12-08 13:31:24.030 INFO: Epoch 714: loss=2.2130, RMSE_E_per_atom=6.1 meV, RMSE_F=148.7 meV / A, RMSE_Mu_per_atom=2.06 mDebye
2023-12-08 13:31:25.032 INFO: Epoch 716: loss=2.1526, RMSE_E_per_atom=6.5 meV, RMSE_F=146.7 meV / A, RMSE_Mu_per_atom=2.09 mDebye
2023-12-08 13:31:26.043 INFO: Epoch 718: loss=2.1408, RMSE_E_per_atom=6.7 meV, RMSE_F=146.3 meV / A, RMSE_Mu_per_atom=2.04 mDebye
2023-12-08 13:31:27.077 INFO: Epoch 720: loss=2.2722, RMSE_E_per_atom=6.5 meV, RMSE_F=150.7 meV / A, RMSE_Mu_per_atom=2.18 mDebye
2023-12-08 13:31:28.088 INFO: Epoch 722: loss=2.3905, RMSE_E_per_atom=6.0 meV, RMSE_F=154.6 meV / A, RMSE_Mu_per_atom=2.03 mDebye
2023-12-08 13:31:29.095 INFO: Epoch 724: loss=2.1235, RMSE_E_per_atom=6.0 meV, RMSE_F=145.7 meV / A, RMSE_Mu_per_atom=2.05 mDebye
2023-12-08 13:31:30.058 INFO: Epoch 726: loss=2.1948, RMSE_E_per_atom=5.6 meV, RMSE_F=148.1 meV / A, RMSE_Mu_per_atom=2.13 mDebye
2023-12-08 13:31:31.052 INFO: Epoch 728: loss=2.0695, RMSE_E_per_atom=5.5 meV, RMSE_F=143.8 meV / A, RMSE_Mu_per_atom=2.08 mDebye
2023-12-08 13:31:32.084 INFO: Epoch 730: loss=2.1491, RMSE_E_per_atom=5.3 meV, RMSE_F=146.6 meV / A, RMSE_Mu_per_atom=2.08 mDebye
2023-12-08 13:31:33.137 INFO: Epoch 732: loss=2.1221, RMSE_E_per_atom=5.6 meV, RMSE_F=145.7 meV / A, RMSE_Mu_per_atom=2.08 mDebye
2023-12-08 13:31:34.140 INFO: Epoch 734: loss=2.0092, RMSE_E_per_atom=5.5 meV, RMSE_F=141.7 meV / A, RMSE_Mu_per_atom=2.06 mDebye
2023-12-08 13:31:35.158 INFO: Epoch 736: loss=2.2891, RMSE_E_per_atom=5.6 meV, RMSE_F=151.3 meV / A, RMSE_Mu_per_atom=2.22 mDebye
2023-12-08 13:31:36.180 INFO: Epoch 738: loss=2.3578, RMSE_E_per_atom=5.7 meV, RMSE_F=153.5 meV / A, RMSE_Mu_per_atom=2.06 mDebye
2023-12-08 13:31:37.197 INFO: Epoch 740: loss=2.1868, RMSE_E_per_atom=6.3 meV, RMSE_F=147.9 meV / A, RMSE_Mu_per_atom=2.08 mDebye
2023-12-08 13:31:38.218 INFO: Epoch 742: loss=2.1469, RMSE_E_per_atom=5.7 meV, RMSE_F=146.5 meV / A, RMSE_Mu_per_atom=2.10 mDebye
2023-12-08 13:31:39.223 INFO: Epoch 744: loss=2.1803, RMSE_E_per_atom=6.2 meV, RMSE_F=147.6 meV / A, RMSE_Mu_per_atom=2.04 mDebye
2023-12-08 13:31:40.234 INFO: Epoch 746: loss=2.2032, RMSE_E_per_atom=6.1 meV, RMSE_F=148.4 meV / A, RMSE_Mu_per_atom=2.07 mDebye
2023-12-08 13:31:41.241 INFO: Epoch 748: loss=2.2606, RMSE_E_per_atom=5.9 meV, RMSE_F=150.3 meV / A, RMSE_Mu_per_atom=2.03 mDebye
2023-12-08 13:31:42.275 INFO: Epoch 750: loss=2.1461, RMSE_E_per_atom=5.8 meV, RMSE_F=146.5 meV / A, RMSE_Mu_per_atom=2.10 mDebye
2023-12-08 13:31:43.291 INFO: Epoch 752: loss=2.0787, RMSE_E_per_atom=5.7 meV, RMSE_F=144.2 meV / A, RMSE_Mu_per_atom=2.15 mDebye
2023-12-08 13:31:44.283 INFO: Epoch 754: loss=2.1719, RMSE_E_per_atom=5.7 meV, RMSE_F=147.4 meV / A, RMSE_Mu_per_atom=2.10 mDebye
2023-12-08 13:31:45.297 INFO: Epoch 756: loss=2.2472, RMSE_E_per_atom=5.8 meV, RMSE_F=149.9 meV / A, RMSE_Mu_per_atom=2.06 mDebye
2023-12-08 13:31:46.338 INFO: Epoch 758: loss=2.1787, RMSE_E_per_atom=5.7 meV, RMSE_F=147.6 meV / A, RMSE_Mu_per_atom=2.12 mDebye
2023-12-08 13:31:47.362 INFO: Epoch 760: loss=2.2280, RMSE_E_per_atom=6.0 meV, RMSE_F=149.2 meV / A, RMSE_Mu_per_atom=2.09 mDebye
2023-12-08 13:31:48.362 INFO: Epoch 762: loss=2.1173, RMSE_E_per_atom=5.4 meV, RMSE_F=145.5 meV / A, RMSE_Mu_per_atom=2.13 mDebye
2023-12-08 13:31:49.363 INFO: Epoch 764: loss=2.1234, RMSE_E_per_atom=5.9 meV, RMSE_F=145.7 meV / A, RMSE_Mu_per_atom=2.10 mDebye
2023-12-08 13:31:50.381 INFO: Epoch 766: loss=2.2860, RMSE_E_per_atom=5.7 meV, RMSE_F=151.2 meV / A, RMSE_Mu_per_atom=2.09 mDebye
2023-12-08 13:31:51.384 INFO: Epoch 768: loss=2.1047, RMSE_E_per_atom=6.3 meV, RMSE_F=145.1 meV / A, RMSE_Mu_per_atom=2.13 mDebye
2023-12-08 13:31:52.352 INFO: Epoch 770: loss=2.1370, RMSE_E_per_atom=5.9 meV, RMSE_F=146.2 meV / A, RMSE_Mu_per_atom=2.13 mDebye
2023-12-08 13:31:53.366 INFO: Epoch 772: loss=2.3137, RMSE_E_per_atom=5.5 meV, RMSE_F=152.1 meV / A, RMSE_Mu_per_atom=2.11 mDebye
2023-12-08 13:31:54.357 INFO: Epoch 774: loss=2.0361, RMSE_E_per_atom=5.8 meV, RMSE_F=142.7 meV / A, RMSE_Mu_per_atom=2.08 mDebye
2023-12-08 13:31:55.375 INFO: Epoch 776: loss=2.4354, RMSE_E_per_atom=5.8 meV, RMSE_F=156.0 meV / A, RMSE_Mu_per_atom=2.08 mDebye
2023-12-08 13:31:56.376 INFO: Epoch 778: loss=2.0886, RMSE_E_per_atom=6.0 meV, RMSE_F=144.5 meV / A, RMSE_Mu_per_atom=2.14 mDebye
2023-12-08 13:31:57.380 INFO: Epoch 780: loss=2.0886, RMSE_E_per_atom=5.8 meV, RMSE_F=144.5 meV / A, RMSE_Mu_per_atom=2.06 mDebye
2023-12-08 13:31:58.388 INFO: Epoch 782: loss=2.2739, RMSE_E_per_atom=6.3 meV, RMSE_F=150.8 meV / A, RMSE_Mu_per_atom=2.18 mDebye
2023-12-08 13:31:59.390 INFO: Epoch 784: loss=2.3923, RMSE_E_per_atom=6.2 meV, RMSE_F=154.7 meV / A, RMSE_Mu_per_atom=2.10 mDebye
2023-12-08 13:32:00.374 INFO: Epoch 786: loss=2.1060, RMSE_E_per_atom=6.2 meV, RMSE_F=145.1 meV / A, RMSE_Mu_per_atom=2.15 mDebye
2023-12-08 13:32:01.375 INFO: Epoch 788: loss=2.1582, RMSE_E_per_atom=6.0 meV, RMSE_F=146.9 meV / A, RMSE_Mu_per_atom=2.20 mDebye
2023-12-08 13:32:02.404 INFO: Epoch 790: loss=2.1007, RMSE_E_per_atom=6.1 meV, RMSE_F=144.9 meV / A, RMSE_Mu_per_atom=2.09 mDebye
2023-12-08 13:32:03.451 INFO: Epoch 792: loss=2.2720, RMSE_E_per_atom=5.6 meV, RMSE_F=150.7 meV / A, RMSE_Mu_per_atom=2.16 mDebye
2023-12-08 13:32:04.456 INFO: Epoch 794: loss=2.1966, RMSE_E_per_atom=6.5 meV, RMSE_F=148.2 meV / A, RMSE_Mu_per_atom=2.15 mDebye
2023-12-08 13:32:05.439 INFO: Epoch 796: loss=2.2763, RMSE_E_per_atom=6.1 meV, RMSE_F=150.9 meV / A, RMSE_Mu_per_atom=2.13 mDebye
2023-12-08 13:32:06.422 INFO: Epoch 798: loss=2.3617, RMSE_E_per_atom=5.5 meV, RMSE_F=153.7 meV / A, RMSE_Mu_per_atom=2.16 mDebye
2023-12-08 13:32:06.916 INFO: Changing loss based on SWA
2023-12-08 13:32:07.441 INFO: Epoch 800: loss=2.1685, RMSE_E_per_atom=6.1 meV, RMSE_F=146.0 meV / A, RMSE_Mu_per_atom=2.13 mDebye
2023-12-08 13:32:08.738 INFO: Epoch 802: loss=2.3336, RMSE_E_per_atom=3.3 meV, RMSE_F=152.4 meV / A, RMSE_Mu_per_atom=2.09 mDebye
2023-12-08 13:32:09.772 INFO: Epoch 804: loss=2.3758, RMSE_E_per_atom=5.4 meV, RMSE_F=153.2 meV / A, RMSE_Mu_per_atom=2.14 mDebye
2023-12-08 13:32:10.772 INFO: Epoch 806: loss=2.2572, RMSE_E_per_atom=7.2 meV, RMSE_F=148.5 meV / A, RMSE_Mu_per_atom=2.08 mDebye
2023-12-08 13:32:11.746 INFO: Epoch 808: loss=2.2890, RMSE_E_per_atom=4.3 meV, RMSE_F=150.7 meV / A, RMSE_Mu_per_atom=2.10 mDebye
2023-12-08 13:32:12.744 INFO: Epoch 810: loss=2.3498, RMSE_E_per_atom=4.1 meV, RMSE_F=152.7 meV / A, RMSE_Mu_per_atom=2.14 mDebye
2023-12-08 13:32:13.720 INFO: Epoch 812: loss=2.3202, RMSE_E_per_atom=9.5 meV, RMSE_F=149.3 meV / A, RMSE_Mu_per_atom=2.13 mDebye
2023-12-08 13:32:14.723 INFO: Epoch 814: loss=2.2587, RMSE_E_per_atom=3.3 meV, RMSE_F=149.9 meV / A, RMSE_Mu_per_atom=2.14 mDebye
2023-12-08 13:32:15.708 INFO: Epoch 816: loss=2.3707, RMSE_E_per_atom=5.4 meV, RMSE_F=153.0 meV / A, RMSE_Mu_per_atom=2.13 mDebye
2023-12-08 13:32:16.732 INFO: Epoch 818: loss=2.2413, RMSE_E_per_atom=8.9 meV, RMSE_F=147.0 meV / A, RMSE_Mu_per_atom=2.13 mDebye
2023-12-08 13:32:17.765 INFO: Epoch 820: loss=2.3897, RMSE_E_per_atom=3.1 meV, RMSE_F=154.3 meV / A, RMSE_Mu_per_atom=2.11 mDebye
2023-12-08 13:32:18.779 INFO: Epoch 822: loss=2.4121, RMSE_E_per_atom=11.8 meV, RMSE_F=150.7 meV / A, RMSE_Mu_per_atom=2.12 mDebye
2023-12-08 13:32:19.798 INFO: Epoch 824: loss=2.3143, RMSE_E_per_atom=3.1 meV, RMSE_F=151.8 meV / A, RMSE_Mu_per_atom=2.16 mDebye
2023-12-08 13:32:20.821 INFO: Epoch 826: loss=2.2832, RMSE_E_per_atom=4.2 meV, RMSE_F=150.5 meV / A, RMSE_Mu_per_atom=2.12 mDebye
2023-12-08 13:32:21.852 INFO: Epoch 828: loss=2.2329, RMSE_E_per_atom=6.9 meV, RMSE_F=147.8 meV / A, RMSE_Mu_per_atom=2.14 mDebye
2023-12-08 13:32:22.858 INFO: Epoch 830: loss=2.4360, RMSE_E_per_atom=4.0 meV, RMSE_F=155.6 meV / A, RMSE_Mu_per_atom=2.08 mDebye
2023-12-08 13:32:23.873 INFO: Epoch 832: loss=2.3545, RMSE_E_per_atom=6.2 meV, RMSE_F=152.2 meV / A, RMSE_Mu_per_atom=2.17 mDebye
2023-12-08 13:32:24.927 INFO: Epoch 834: loss=2.2894, RMSE_E_per_atom=3.7 meV, RMSE_F=150.8 meV / A, RMSE_Mu_per_atom=2.15 mDebye
2023-12-08 13:32:25.934 INFO: Epoch 836: loss=2.2360, RMSE_E_per_atom=4.5 meV, RMSE_F=148.8 meV / A, RMSE_Mu_per_atom=2.10 mDebye
2023-12-08 13:32:26.964 INFO: Epoch 838: loss=2.3630, RMSE_E_per_atom=5.0 meV, RMSE_F=152.9 meV / A, RMSE_Mu_per_atom=2.11 mDebye
2023-12-08 13:32:27.956 INFO: Epoch 840: loss=2.3617, RMSE_E_per_atom=3.8 meV, RMSE_F=153.2 meV / A, RMSE_Mu_per_atom=2.14 mDebye
2023-12-08 13:32:28.940 INFO: Epoch 842: loss=2.2908, RMSE_E_per_atom=4.4 meV, RMSE_F=150.7 meV / A, RMSE_Mu_per_atom=2.17 mDebye
2023-12-08 13:32:29.946 INFO: Epoch 844: loss=2.2939, RMSE_E_per_atom=4.5 meV, RMSE_F=150.8 meV / A, RMSE_Mu_per_atom=2.12 mDebye
2023-12-08 13:32:30.930 INFO: Epoch 846: loss=2.3825, RMSE_E_per_atom=5.5 meV, RMSE_F=153.4 meV / A, RMSE_Mu_per_atom=2.18 mDebye
2023-12-08 13:32:31.930 INFO: Epoch 848: loss=2.2550, RMSE_E_per_atom=3.8 meV, RMSE_F=149.7 meV / A, RMSE_Mu_per_atom=2.19 mDebye
2023-12-08 13:32:32.913 INFO: Epoch 850: loss=2.3340, RMSE_E_per_atom=4.5 meV, RMSE_F=152.1 meV / A, RMSE_Mu_per_atom=2.14 mDebye
2023-12-08 13:32:33.947 INFO: Epoch 852: loss=2.3407, RMSE_E_per_atom=5.9 meV, RMSE_F=151.8 meV / A, RMSE_Mu_per_atom=2.15 mDebye
2023-12-08 13:32:34.979 INFO: Epoch 854: loss=2.3303, RMSE_E_per_atom=3.8 meV, RMSE_F=152.2 meV / A, RMSE_Mu_per_atom=2.15 mDebye
2023-12-08 13:32:35.972 INFO: Epoch 856: loss=2.3468, RMSE_E_per_atom=5.5 meV, RMSE_F=152.2 meV / A, RMSE_Mu_per_atom=2.11 mDebye
2023-12-08 13:32:36.982 INFO: Epoch 858: loss=2.3342, RMSE_E_per_atom=6.2 meV, RMSE_F=151.5 meV / A, RMSE_Mu_per_atom=2.13 mDebye
2023-12-08 13:32:38.048 INFO: Epoch 860: loss=2.3831, RMSE_E_per_atom=3.0 meV, RMSE_F=154.1 meV / A, RMSE_Mu_per_atom=2.14 mDebye
2023-12-08 13:32:39.100 INFO: Epoch 862: loss=2.2962, RMSE_E_per_atom=7.2 meV, RMSE_F=149.8 meV / A, RMSE_Mu_per_atom=2.15 mDebye
2023-12-08 13:32:40.156 INFO: Epoch 864: loss=2.3799, RMSE_E_per_atom=4.7 meV, RMSE_F=153.5 meV / A, RMSE_Mu_per_atom=2.15 mDebye
2023-12-08 13:32:41.143 INFO: Epoch 866: loss=2.3517, RMSE_E_per_atom=3.6 meV, RMSE_F=152.9 meV / A, RMSE_Mu_per_atom=2.14 mDebye
2023-12-08 13:32:42.167 INFO: Epoch 868: loss=2.3080, RMSE_E_per_atom=5.1 meV, RMSE_F=151.1 meV / A, RMSE_Mu_per_atom=2.13 mDebye
2023-12-08 13:32:43.221 INFO: Epoch 870: loss=2.4571, RMSE_E_per_atom=5.1 meV, RMSE_F=155.9 meV / A, RMSE_Mu_per_atom=2.18 mDebye
2023-12-08 13:32:44.279 INFO: Epoch 872: loss=2.4301, RMSE_E_per_atom=6.7 meV, RMSE_F=154.4 meV / A, RMSE_Mu_per_atom=2.17 mDebye
2023-12-08 13:32:45.284 INFO: Epoch 874: loss=2.3277, RMSE_E_per_atom=5.3 meV, RMSE_F=151.6 meV / A, RMSE_Mu_per_atom=2.17 mDebye
2023-12-08 13:32:46.257 INFO: Epoch 876: loss=2.2322, RMSE_E_per_atom=5.6 meV, RMSE_F=148.3 meV / A, RMSE_Mu_per_atom=2.16 mDebye
2023-12-08 13:32:47.272 INFO: Epoch 878: loss=2.4850, RMSE_E_per_atom=3.2 meV, RMSE_F=157.3 meV / A, RMSE_Mu_per_atom=2.16 mDebye
2023-12-08 13:32:48.285 INFO: Epoch 880: loss=2.3591, RMSE_E_per_atom=9.0 meV, RMSE_F=150.9 meV / A, RMSE_Mu_per_atom=2.21 mDebye
2023-12-08 13:32:49.321 INFO: Epoch 882: loss=2.4484, RMSE_E_per_atom=3.9 meV, RMSE_F=156.0 meV / A, RMSE_Mu_per_atom=2.12 mDebye
2023-12-08 13:32:50.336 INFO: Epoch 884: loss=2.2779, RMSE_E_per_atom=6.0 meV, RMSE_F=149.7 meV / A, RMSE_Mu_per_atom=2.19 mDebye
2023-12-08 13:32:51.377 INFO: Epoch 886: loss=2.3906, RMSE_E_per_atom=4.5 meV, RMSE_F=153.9 meV / A, RMSE_Mu_per_atom=2.15 mDebye
2023-12-08 13:32:52.386 INFO: Epoch 888: loss=2.3423, RMSE_E_per_atom=6.0 meV, RMSE_F=151.8 meV / A, RMSE_Mu_per_atom=2.09 mDebye
2023-12-08 13:32:53.420 INFO: Epoch 890: loss=2.2862, RMSE_E_per_atom=6.3 meV, RMSE_F=149.9 meV / A, RMSE_Mu_per_atom=2.10 mDebye
2023-12-08 13:32:54.411 INFO: Epoch 892: loss=2.3625, RMSE_E_per_atom=5.1 meV, RMSE_F=152.8 meV / A, RMSE_Mu_per_atom=2.14 mDebye
2023-12-08 13:32:55.468 INFO: Epoch 894: loss=2.3928, RMSE_E_per_atom=6.4 meV, RMSE_F=153.3 meV / A, RMSE_Mu_per_atom=2.12 mDebye
2023-12-08 13:32:56.532 INFO: Epoch 896: loss=2.2642, RMSE_E_per_atom=5.6 meV, RMSE_F=149.4 meV / A, RMSE_Mu_per_atom=2.14 mDebye
2023-12-08 13:32:57.597 INFO: Epoch 898: loss=2.3924, RMSE_E_per_atom=2.7 meV, RMSE_F=154.4 meV / A, RMSE_Mu_per_atom=2.16 mDebye
2023-12-08 13:32:58.587 INFO: Epoch 900: loss=2.3140, RMSE_E_per_atom=6.0 meV, RMSE_F=150.9 meV / A, RMSE_Mu_per_atom=2.14 mDebye
2023-12-08 13:32:59.548 INFO: Epoch 902: loss=2.4406, RMSE_E_per_atom=4.9 meV, RMSE_F=155.4 meV / A, RMSE_Mu_per_atom=2.14 mDebye
2023-12-08 13:33:00.519 INFO: Epoch 904: loss=2.4337, RMSE_E_per_atom=3.4 meV, RMSE_F=155.6 meV / A, RMSE_Mu_per_atom=2.15 mDebye
2023-12-08 13:33:01.474 INFO: Epoch 906: loss=2.2821, RMSE_E_per_atom=7.9 meV, RMSE_F=149.0 meV / A, RMSE_Mu_per_atom=2.13 mDebye
2023-12-08 13:33:02.514 INFO: Epoch 908: loss=2.3503, RMSE_E_per_atom=5.1 meV, RMSE_F=152.4 meV / A, RMSE_Mu_per_atom=2.19 mDebye
2023-12-08 13:33:03.488 INFO: Epoch 910: loss=2.2988, RMSE_E_per_atom=5.6 meV, RMSE_F=150.6 meV / A, RMSE_Mu_per_atom=2.14 mDebye
2023-12-08 13:33:04.520 INFO: Epoch 912: loss=2.4224, RMSE_E_per_atom=5.3 meV, RMSE_F=154.7 meV / A, RMSE_Mu_per_atom=2.17 mDebye
2023-12-08 13:33:05.539 INFO: Epoch 914: loss=2.4993, RMSE_E_per_atom=4.6 meV, RMSE_F=157.4 meV / A, RMSE_Mu_per_atom=2.15 mDebye
2023-12-08 13:33:06.499 INFO: Epoch 916: loss=2.5037, RMSE_E_per_atom=4.5 meV, RMSE_F=157.6 meV / A, RMSE_Mu_per_atom=2.14 mDebye
2023-12-08 13:33:07.494 INFO: Epoch 918: loss=2.3901, RMSE_E_per_atom=4.5 meV, RMSE_F=153.9 meV / A, RMSE_Mu_per_atom=2.17 mDebye
2023-12-08 13:33:08.465 INFO: Epoch 920: loss=2.2850, RMSE_E_per_atom=6.3 meV, RMSE_F=149.8 meV / A, RMSE_Mu_per_atom=2.19 mDebye
2023-12-08 13:33:09.448 INFO: Epoch 922: loss=2.3435, RMSE_E_per_atom=3.1 meV, RMSE_F=152.8 meV / A, RMSE_Mu_per_atom=2.18 mDebye
2023-12-08 13:33:10.426 INFO: Epoch 924: loss=2.4115, RMSE_E_per_atom=8.9 meV, RMSE_F=152.7 meV / A, RMSE_Mu_per_atom=2.17 mDebye
2023-12-08 13:33:11.411 INFO: Epoch 926: loss=2.2709, RMSE_E_per_atom=2.9 meV, RMSE_F=150.4 meV / A, RMSE_Mu_per_atom=2.20 mDebye
2023-12-08 13:33:12.406 INFO: Epoch 928: loss=2.3985, RMSE_E_per_atom=9.0 meV, RMSE_F=152.2 meV / A, RMSE_Mu_per_atom=2.14 mDebye
2023-12-08 13:33:13.370 INFO: Epoch 930: loss=2.3490, RMSE_E_per_atom=5.1 meV, RMSE_F=152.4 meV / A, RMSE_Mu_per_atom=2.15 mDebye
2023-12-08 13:33:14.338 INFO: Epoch 932: loss=2.4598, RMSE_E_per_atom=4.9 meV, RMSE_F=156.1 meV / A, RMSE_Mu_per_atom=2.19 mDebye
2023-12-08 13:33:15.333 INFO: Epoch 934: loss=2.3421, RMSE_E_per_atom=5.2 meV, RMSE_F=152.2 meV / A, RMSE_Mu_per_atom=2.18 mDebye
2023-12-08 13:33:16.344 INFO: Epoch 936: loss=2.3890, RMSE_E_per_atom=3.5 meV, RMSE_F=154.2 meV / A, RMSE_Mu_per_atom=2.14 mDebye
2023-12-08 13:33:17.337 INFO: Epoch 938: loss=2.2720, RMSE_E_per_atom=6.0 meV, RMSE_F=149.5 meV / A, RMSE_Mu_per_atom=2.18 mDebye
2023-12-08 13:33:18.312 INFO: Epoch 940: loss=2.4578, RMSE_E_per_atom=7.0 meV, RMSE_F=155.2 meV / A, RMSE_Mu_per_atom=2.16 mDebye
2023-12-08 13:33:19.279 INFO: Epoch 942: loss=2.3678, RMSE_E_per_atom=2.9 meV, RMSE_F=153.6 meV / A, RMSE_Mu_per_atom=2.15 mDebye
2023-12-08 13:33:20.249 INFO: Epoch 944: loss=2.3387, RMSE_E_per_atom=4.4 meV, RMSE_F=152.3 meV / A, RMSE_Mu_per_atom=2.15 mDebye
2023-12-08 13:33:21.226 INFO: Epoch 946: loss=2.5168, RMSE_E_per_atom=7.8 meV, RMSE_F=156.7 meV / A, RMSE_Mu_per_atom=2.18 mDebye
2023-12-08 13:33:22.225 INFO: Epoch 948: loss=2.3994, RMSE_E_per_atom=2.9 meV, RMSE_F=154.6 meV / A, RMSE_Mu_per_atom=2.18 mDebye
2023-12-08 13:33:23.252 INFO: Epoch 950: loss=2.4293, RMSE_E_per_atom=7.8 meV, RMSE_F=153.9 meV / A, RMSE_Mu_per_atom=2.16 mDebye
2023-12-08 13:33:24.267 INFO: Epoch 952: loss=2.3538, RMSE_E_per_atom=4.4 meV, RMSE_F=152.8 meV / A, RMSE_Mu_per_atom=2.18 mDebye
2023-12-08 13:33:25.248 INFO: Epoch 954: loss=2.4125, RMSE_E_per_atom=6.9 meV, RMSE_F=153.8 meV / A, RMSE_Mu_per_atom=2.13 mDebye
2023-12-08 13:33:26.221 INFO: Epoch 956: loss=2.4783, RMSE_E_per_atom=4.1 meV, RMSE_F=156.9 meV / A, RMSE_Mu_per_atom=2.16 mDebye
2023-12-08 13:33:27.206 INFO: Epoch 958: loss=2.4432, RMSE_E_per_atom=4.5 meV, RMSE_F=155.7 meV / A, RMSE_Mu_per_atom=2.17 mDebye
2023-12-08 13:33:28.227 INFO: Epoch 960: loss=2.2942, RMSE_E_per_atom=5.2 meV, RMSE_F=150.6 meV / A, RMSE_Mu_per_atom=2.14 mDebye
2023-12-08 13:33:29.250 INFO: Epoch 962: loss=2.4430, RMSE_E_per_atom=6.2 meV, RMSE_F=155.1 meV / A, RMSE_Mu_per_atom=2.13 mDebye
2023-12-08 13:33:30.269 INFO: Epoch 964: loss=2.4611, RMSE_E_per_atom=3.4 meV, RMSE_F=156.5 meV / A, RMSE_Mu_per_atom=2.20 mDebye
2023-12-08 13:33:31.290 INFO: Epoch 966: loss=2.3980, RMSE_E_per_atom=4.6 meV, RMSE_F=154.2 meV / A, RMSE_Mu_per_atom=2.18 mDebye
2023-12-08 13:33:32.306 INFO: Epoch 968: loss=2.4549, RMSE_E_per_atom=5.4 meV, RMSE_F=155.7 meV / A, RMSE_Mu_per_atom=2.17 mDebye
2023-12-08 13:33:33.327 INFO: Epoch 970: loss=2.3248, RMSE_E_per_atom=4.6 meV, RMSE_F=151.8 meV / A, RMSE_Mu_per_atom=2.20 mDebye
2023-12-08 13:33:34.359 INFO: Epoch 972: loss=2.4784, RMSE_E_per_atom=6.1 meV, RMSE_F=156.2 meV / A, RMSE_Mu_per_atom=2.17 mDebye
2023-12-08 13:33:35.387 INFO: Epoch 974: loss=2.3366, RMSE_E_per_atom=4.1 meV, RMSE_F=152.3 meV / A, RMSE_Mu_per_atom=2.16 mDebye
2023-12-08 13:33:36.424 INFO: Epoch 976: loss=2.5506, RMSE_E_per_atom=5.6 meV, RMSE_F=158.7 meV / A, RMSE_Mu_per_atom=2.16 mDebye
2023-12-08 13:33:37.451 INFO: Epoch 978: loss=2.4716, RMSE_E_per_atom=6.3 meV, RMSE_F=155.9 meV / A, RMSE_Mu_per_atom=2.18 mDebye
2023-12-08 13:33:38.476 INFO: Epoch 980: loss=2.3569, RMSE_E_per_atom=4.5 meV, RMSE_F=152.9 meV / A, RMSE_Mu_per_atom=2.20 mDebye
2023-12-08 13:33:39.496 INFO: Epoch 982: loss=2.3297, RMSE_E_per_atom=3.2 meV, RMSE_F=152.3 meV / A, RMSE_Mu_per_atom=2.16 mDebye
2023-12-08 13:33:40.493 INFO: Epoch 984: loss=2.4746, RMSE_E_per_atom=8.4 meV, RMSE_F=155.1 meV / A, RMSE_Mu_per_atom=2.16 mDebye
2023-12-08 13:33:41.504 INFO: Epoch 986: loss=2.5167, RMSE_E_per_atom=2.8 meV, RMSE_F=158.4 meV / A, RMSE_Mu_per_atom=2.19 mDebye
2023-12-08 13:33:42.496 INFO: Epoch 988: loss=2.4612, RMSE_E_per_atom=4.3 meV, RMSE_F=156.3 meV / A, RMSE_Mu_per_atom=2.16 mDebye
2023-12-08 13:33:43.473 INFO: Epoch 990: loss=2.4446, RMSE_E_per_atom=3.4 meV, RMSE_F=156.0 meV / A, RMSE_Mu_per_atom=2.17 mDebye
2023-12-08 13:33:44.486 INFO: Epoch 992: loss=2.3561, RMSE_E_per_atom=7.3 meV, RMSE_F=151.8 meV / A, RMSE_Mu_per_atom=2.15 mDebye
2023-12-08 13:33:45.487 INFO: Epoch 994: loss=2.4281, RMSE_E_per_atom=4.4 meV, RMSE_F=155.2 meV / A, RMSE_Mu_per_atom=2.18 mDebye
2023-12-08 13:33:46.464 INFO: Epoch 996: loss=2.4936, RMSE_E_per_atom=4.1 meV, RMSE_F=157.4 meV / A, RMSE_Mu_per_atom=2.17 mDebye
2023-12-08 13:33:47.441 INFO: Epoch 998: loss=2.2670, RMSE_E_per_atom=5.2 meV, RMSE_F=149.6 meV / A, RMSE_Mu_per_atom=2.14 mDebye
2023-12-08 13:33:47.922 INFO: Training complete
2023-12-08 13:33:47.923 INFO: Computing metrics for training, validation, and test sets
2023-12-08 13:33:47.926 INFO: Loading checkpoint: checkpoints/ox_gs_rattled_50x5d_run-4567_epoch-800.pt
2023-12-08 13:33:47.955 INFO: Loaded model from epoch 800
2023-12-08 13:33:48.011 INFO: Evaluating train ...
2023-12-08 13:33:48.202 INFO: Evaluating valid ...
2023-12-08 13:33:48.274 INFO: Evaluating Default ...
2023-12-08 13:33:48.467 INFO: 
+-------------+---------------------+------------------+--------------+-------------------------+---------------+
| config_type | RMSE E / meV / atom | RMSE F / meV / A | rel F RMSE % | RMSE MU / mDebye / atom | rel MU RMSE % |
+-------------+---------------------+------------------+--------------+-------------------------+---------------+
|    train    |         4.2         |       28.4       |     1.3      |           2.0           |      4.7      |
|    valid    |         6.1         |      146.0       |     7.6      |           2.1           |      5.3      |
|   Default   |         4.3         |       41.4       |     1.9      |           2.0           |      4.8      |
+-------------+---------------------+------------------+--------------+-------------------------+---------------+
2023-12-08 13:33:48.467 INFO: Saving model to checkpoints/ox_gs_rattled_50x5d_run-4567.model
