2023-10-26 12:04:02.731 INFO: MACE version: 0.2.0
2023-10-26 12:04:02.732 INFO: Configuration: Namespace(name='ox_gs_rattled_50x1c', seed=3456, log_dir='logs', model_dir='.', checkpoints_dir='checkpoints', results_dir='results', downloads_dir='downloads', device='cuda', default_dtype='float64', log_level='INFO', error_table='EnergyDipoleRMSE', model='EnergyDipolesMACE', r_max=5.0, num_radial_basis=8, num_cutoff_basis=5, interaction='RealAgnosticResidualInteractionBlock', interaction_first='RealAgnosticResidualInteractionBlock', max_ell=3, correlation=3, num_interactions=2, MLP_irreps='16x0e', radial_MLP='[64, 64, 64]', hidden_irreps='32x0e + 32x1o + 32x2e', num_channels=None, max_L=None, gate='silu', scaling='rms_forces_scaling', avg_num_neighbors=1.0, compute_avg_num_neighbors=True, compute_stress=True, compute_forces=True, train_file='ox_gs_rattled_50x1c_train.xyz', valid_file=None, valid_fraction=0.05, test_file='ox_gs_rattled_50x1c_train.xyz', E0s='{6: -1034.7672567836144, 1: -13.740184779265707, 8: -2057.269692709531}', energy_key='energy', forces_key='forces', virials_key='virials', stress_key='stress', dipole_key='dipole', charges_key='charges', loss='energy_forces_dipole', forces_weight=100.0, swa_forces_weight=100.0, energy_weight=1.0, swa_energy_weight=1000.0, virials_weight=1.0, swa_virials_weight=10.0, stress_weight=1.0, swa_stress_weight=10.0, dipole_weight=1.0, swa_dipole_weight=1.0, config_type_weights='{"Default":1.0}', huber_delta=0.01, optimizer='adam', batch_size=16, valid_batch_size=16, lr=0.01, swa_lr=0.001, weight_decay=5e-07, amsgrad=True, scheduler='ReduceLROnPlateau', lr_factor=0.8, scheduler_patience=50, lr_scheduler_gamma=0.9993, swa=True, start_swa=800, ema=False, ema_decay=0.99, max_num_epochs=1000, patience=2048, eval_interval=2, keep_checkpoints=False, restart_latest=True, save_cpu=False, clip_grad=10.0, wandb=False, wandb_project='', wandb_entity='', wandb_name='', wandb_log_hypers=['num_channels', 'max_L', 'correlation', 'lr', 'swa_lr', 'weight_decay', 'batch_size', 'max_num_epochs', 'start_swa', 'energy_weight', 'forces_weight'])
2023-10-26 12:04:02.797 INFO: CUDA version: 11.7, CUDA device: 0
2023-10-26 12:04:02.883 INFO: Loaded 100 training configurations from 'ox_gs_rattled_50x1c_train.xyz'
2023-10-26 12:04:02.883 INFO: Using random 5.0% of training set for validation
2023-10-26 12:04:02.956 INFO: Loaded 100 test configurations from 'ox_gs_rattled_50x1c_train.xyz'
2023-10-26 12:04:02.956 INFO: Total number of configurations: train=95, valid=5, tests=[Default: 100]
2023-10-26 12:04:02.957 INFO: AtomicNumberTable: (1, 6, 8)
2023-10-26 12:04:02.957 INFO: Atomic Energies not in training file, using command line argument E0s
2023-10-26 12:04:02.957 INFO: Atomic energies: [-13.740184779265707, -1034.7672567836144, -2057.269692709531]
2023-10-26 12:04:03.170 INFO: WeightedEnergyForcesDipoleLoss(energy_weight=1.000, forces_weight=100.000, dipole_weight=1.000)
2023-10-26 12:04:03.197 INFO: Average number of neighbors: 6.0
2023-10-26 12:04:03.198 INFO: Selected the following outputs: {'energy': True, 'forces': True, 'virials': False, 'stress': False, 'dipoles': True}
2023-10-26 12:04:03.198 INFO: Building model
2023-10-26 12:04:03.198 INFO: Hidden irreps: 32x0e + 32x1o + 32x2e
2023-10-26 12:04:07.328 INFO: Using stochastic weight averaging (after 800 epochs) with energy weight : 1000.0, forces weight : 100.0, dipole weight : 1.0 and learning rate : 0.001
2023-10-26 12:04:07.526 WARNING: Cannot find checkpoint with tag 'ox_gs_rattled_50x1c_run-3456' in 'checkpoints'
2023-10-26 12:04:07.527 INFO: EnergyDipolesMACE(
  (node_embedding): LinearNodeEmbeddingBlock(
    (linear): Linear(3x0e -> 32x0e | 96 weights)
  )
  (radial_embedding): RadialEmbeddingBlock(
    (bessel_fn): BesselBasis(r_max=5.0, num_basis=8, trainable=False)
    (cutoff_fn): PolynomialCutoff(p=5.0, r_max=5.0)
  )
  (spherical_harmonics): SphericalHarmonics()
  (atomic_energies_fn): AtomicEnergiesBlock(energies=[-13.7402, -1034.7673, -2057.2697])
  (interactions): ModuleList(
    (0): RealAgnosticInteractionBlock(
      (linear_up): Linear(32x0e -> 32x0e | 1024 weights)
      (conv_tp): TensorProduct(32x0e x 1x0e+1x1o+1x2e+1x3o -> 32x0e+32x1o+32x2e+32x3o | 128 paths | 128 weights)
      (conv_tp_weights): FullyConnectedNet[8, 64, 64, 64, 128]
      (linear): Linear(32x0e+32x1o+32x2e+32x3o -> 32x0e+32x1o+32x2e+32x3o | 4096 weights)
      (skip_tp): FullyConnectedTensorProduct(32x0e+32x1o+32x2e+32x3o x 3x0e -> 32x0e+32x1o+32x2e+32x3o | 12288 paths | 12288 weights)
      (reshape): reshape_irreps()
    )
    (1): RealAgnosticResidualInteractionBlock(
      (linear_up): Linear(32x0e+32x1o+32x2e -> 32x0e+32x1o+32x2e | 3072 weights)
      (conv_tp): TensorProduct(32x0e+32x1o+32x2e x 1x0e+1x1o+1x2e+1x3o -> 96x0e+160x1o+160x2e+128x3o | 544 paths | 544 weights)
      (conv_tp_weights): FullyConnectedNet[8, 64, 64, 64, 544]
      (linear): Linear(96x0e+160x1o+160x2e+128x3o -> 32x0e+32x1o+32x2e+32x3o | 17408 weights)
      (skip_tp): FullyConnectedTensorProduct(32x0e+32x1o+32x2e x 3x0e -> 32x0e+32x1o | 6144 paths | 6144 weights)
      (reshape): reshape_irreps()
    )
  )
  (products): ModuleList(
    (0): EquivariantProductBasisBlock(
      (symmetric_contractions): SymmetricContraction(
        (contractions): ModuleList(
          (0): Contraction(
            (contractions_weighting): ModuleList(
              (0-1): 2 x GraphModule()
            )
            (contractions_features): ModuleList(
              (0-1): 2 x GraphModule()
            )
            (weights): ParameterList(
                (0): Parameter containing: [torch.float64 of size 3x4x32 (GPU 0)]
                (1): Parameter containing: [torch.float64 of size 3x1x32 (GPU 0)]
            )
            (graph_opt_main): GraphModule()
          )
          (1): Contraction(
            (contractions_weighting): ModuleList(
              (0-1): 2 x GraphModule()
            )
            (contractions_features): ModuleList(
              (0-1): 2 x GraphModule()
            )
            (weights): ParameterList(
                (0): Parameter containing: [torch.float64 of size 3x6x32 (GPU 0)]
                (1): Parameter containing: [torch.float64 of size 3x1x32 (GPU 0)]
            )
            (graph_opt_main): GraphModule()
          )
          (2): Contraction(
            (contractions_weighting): ModuleList(
              (0-1): 2 x GraphModule()
            )
            (contractions_features): ModuleList(
              (0-1): 2 x GraphModule()
            )
            (weights): ParameterList(
                (0): Parameter containing: [torch.float64 of size 3x7x32 (GPU 0)]
                (1): Parameter containing: [torch.float64 of size 3x1x32 (GPU 0)]
            )
            (graph_opt_main): GraphModule()
          )
        )
      )
      (linear): Linear(32x0e+32x1o+32x2e -> 32x0e+32x1o+32x2e | 3072 weights)
    )
    (1): EquivariantProductBasisBlock(
      (symmetric_contractions): SymmetricContraction(
        (contractions): ModuleList(
          (0): Contraction(
            (contractions_weighting): ModuleList(
              (0-1): 2 x GraphModule()
            )
            (contractions_features): ModuleList(
              (0-1): 2 x GraphModule()
            )
            (weights): ParameterList(
                (0): Parameter containing: [torch.float64 of size 3x4x32 (GPU 0)]
                (1): Parameter containing: [torch.float64 of size 3x1x32 (GPU 0)]
            )
            (graph_opt_main): GraphModule()
          )
          (1): Contraction(
            (contractions_weighting): ModuleList(
              (0-1): 2 x GraphModule()
            )
            (contractions_features): ModuleList(
              (0-1): 2 x GraphModule()
            )
            (weights): ParameterList(
                (0): Parameter containing: [torch.float64 of size 3x6x32 (GPU 0)]
                (1): Parameter containing: [torch.float64 of size 3x1x32 (GPU 0)]
            )
            (graph_opt_main): GraphModule()
          )
        )
      )
      (linear): Linear(32x0e+32x1o -> 32x0e+32x1o | 2048 weights)
    )
  )
  (readouts): ModuleList(
    (0): LinearDipoleReadoutBlock(
      (linear): Linear(32x0e+32x1o+32x2e -> 1x0e+1x1o | 64 weights)
    )
    (1): NonLinearDipoleReadoutBlock(
      (equivariant_nonlin): Gate (16x0e -> 16x0e)
      (linear_1): Linear(32x0e+32x1o -> 16x0e | 512 weights)
      (linear_2): Linear(16x0e -> 1x0e+1x1o | 16 weights)
    )
  )
)
2023-10-26 12:04:07.531 INFO: Number of parameters: 133776
2023-10-26 12:04:07.531 INFO: Optimizer: Adam (
Parameter Group 0
    amsgrad: True
    betas: (0.9, 0.999)
    capturable: False
    differentiable: False
    eps: 1e-08
    foreach: None
    fused: None
    initial_lr: 0.01
    lr: 0.01
    maximize: False
    name: embedding
    swa_lr: 0.001
    weight_decay: 0.0

Parameter Group 1
    amsgrad: True
    betas: (0.9, 0.999)
    capturable: False
    differentiable: False
    eps: 1e-08
    foreach: None
    fused: None
    initial_lr: 0.01
    lr: 0.01
    maximize: False
    name: interactions_decay
    swa_lr: 0.001
    weight_decay: 5e-07

Parameter Group 2
    amsgrad: True
    betas: (0.9, 0.999)
    capturable: False
    differentiable: False
    eps: 1e-08
    foreach: None
    fused: None
    initial_lr: 0.01
    lr: 0.01
    maximize: False
    name: interactions_no_decay
    swa_lr: 0.001
    weight_decay: 0.0

Parameter Group 3
    amsgrad: True
    betas: (0.9, 0.999)
    capturable: False
    differentiable: False
    eps: 1e-08
    foreach: None
    fused: None
    initial_lr: 0.01
    lr: 0.01
    maximize: False
    name: products
    swa_lr: 0.001
    weight_decay: 5e-07

Parameter Group 4
    amsgrad: True
    betas: (0.9, 0.999)
    capturable: False
    differentiable: False
    eps: 1e-08
    foreach: None
    fused: None
    initial_lr: 0.01
    lr: 0.01
    maximize: False
    name: readouts
    swa_lr: 0.001
    weight_decay: 0.0
)
2023-10-26 12:04:07.532 INFO: Using gradient clipping with tolerance=10.000
2023-10-26 12:04:07.532 INFO: Started training
2023-10-26 12:04:28.889 INFO: Epoch 0: loss=280.5273, RMSE_E_per_atom=138.2 meV, RMSE_F=1674.6 meV / A, RMSE_Mu_per_atom=27.22 mDebye
2023-10-26 12:04:31.199 INFO: Epoch 2: loss=120.1802, RMSE_E_per_atom=988.5 meV, RMSE_F=1091.3 meV / A, RMSE_Mu_per_atom=33.56 mDebye
2023-10-26 12:04:32.384 INFO: Epoch 4: loss=37.9741, RMSE_E_per_atom=1120.9 meV, RMSE_F=605.8 meV / A, RMSE_Mu_per_atom=13.17 mDebye
2023-10-26 12:04:33.572 INFO: Epoch 6: loss=23.2723, RMSE_E_per_atom=931.4 meV, RMSE_F=473.2 meV / A, RMSE_Mu_per_atom=10.33 mDebye
2023-10-26 12:04:34.755 INFO: Epoch 8: loss=22.8940, RMSE_E_per_atom=994.9 meV, RMSE_F=467.9 meV / A, RMSE_Mu_per_atom=9.82 mDebye
2023-10-26 12:04:35.940 INFO: Epoch 10: loss=12.5591, RMSE_E_per_atom=953.0 meV, RMSE_F=341.2 meV / A, RMSE_Mu_per_atom=9.28 mDebye
2023-10-26 12:04:37.127 INFO: Epoch 12: loss=7.6359, RMSE_E_per_atom=932.9 meV, RMSE_F=259.9 meV / A, RMSE_Mu_per_atom=9.57 mDebye
2023-10-26 12:04:38.319 INFO: Epoch 14: loss=6.2849, RMSE_E_per_atom=920.9 meV, RMSE_F=233.0 meV / A, RMSE_Mu_per_atom=8.01 mDebye
2023-10-26 12:04:39.509 INFO: Epoch 16: loss=7.2430, RMSE_E_per_atom=871.7 meV, RMSE_F=254.5 meV / A, RMSE_Mu_per_atom=8.72 mDebye
2023-10-26 12:04:40.443 INFO: Epoch 18: loss=4.4534, RMSE_E_per_atom=840.7 meV, RMSE_F=193.4 meV / A, RMSE_Mu_per_atom=8.58 mDebye
2023-10-26 12:04:41.637 INFO: Epoch 20: loss=5.9894, RMSE_E_per_atom=796.3 meV, RMSE_F=231.3 meV / A, RMSE_Mu_per_atom=8.02 mDebye
2023-10-26 12:04:42.580 INFO: Epoch 22: loss=4.1862, RMSE_E_per_atom=752.3 meV, RMSE_F=190.1 meV / A, RMSE_Mu_per_atom=7.85 mDebye
2023-10-26 12:04:43.765 INFO: Epoch 24: loss=3.5316, RMSE_E_per_atom=712.7 meV, RMSE_F=173.7 meV / A, RMSE_Mu_per_atom=7.30 mDebye
2023-10-26 12:04:44.953 INFO: Epoch 26: loss=2.3396, RMSE_E_per_atom=656.6 meV, RMSE_F=138.0 meV / A, RMSE_Mu_per_atom=6.79 mDebye
2023-10-26 12:04:46.160 INFO: Epoch 28: loss=4.4503, RMSE_E_per_atom=582.4 meV, RMSE_F=202.7 meV / A, RMSE_Mu_per_atom=6.22 mDebye
2023-10-26 12:04:47.086 INFO: Epoch 30: loss=2.0982, RMSE_E_per_atom=520.3 meV, RMSE_F=135.1 meV / A, RMSE_Mu_per_atom=5.97 mDebye
2023-10-26 12:04:48.287 INFO: Epoch 32: loss=4.5722, RMSE_E_per_atom=461.9 meV, RMSE_F=208.7 meV / A, RMSE_Mu_per_atom=5.58 mDebye
2023-10-26 12:04:49.216 INFO: Epoch 34: loss=2.0572, RMSE_E_per_atom=434.7 meV, RMSE_F=136.6 meV / A, RMSE_Mu_per_atom=5.30 mDebye
2023-10-26 12:04:50.407 INFO: Epoch 36: loss=2.2583, RMSE_E_per_atom=392.7 meV, RMSE_F=145.0 meV / A, RMSE_Mu_per_atom=4.92 mDebye
2023-10-26 12:04:51.329 INFO: Epoch 38: loss=1.3159, RMSE_E_per_atom=374.3 meV, RMSE_F=108.3 meV / A, RMSE_Mu_per_atom=4.81 mDebye
2023-10-26 12:04:52.516 INFO: Epoch 40: loss=1.7978, RMSE_E_per_atom=329.1 meV, RMSE_F=129.9 meV / A, RMSE_Mu_per_atom=4.66 mDebye
2023-10-26 12:04:53.444 INFO: Epoch 42: loss=1.9591, RMSE_E_per_atom=318.6 meV, RMSE_F=136.2 meV / A, RMSE_Mu_per_atom=4.70 mDebye
2023-10-26 12:04:54.368 INFO: Epoch 44: loss=1.2554, RMSE_E_per_atom=269.5 meV, RMSE_F=108.7 meV / A, RMSE_Mu_per_atom=4.61 mDebye
2023-10-26 12:04:55.561 INFO: Epoch 46: loss=3.6561, RMSE_E_per_atom=245.7 meV, RMSE_F=189.6 meV / A, RMSE_Mu_per_atom=4.49 mDebye
2023-10-26 12:04:56.485 INFO: Epoch 48: loss=2.8764, RMSE_E_per_atom=276.0 meV, RMSE_F=167.3 meV / A, RMSE_Mu_per_atom=4.32 mDebye
2023-10-26 12:04:57.409 INFO: Epoch 50: loss=2.2147, RMSE_E_per_atom=257.8 meV, RMSE_F=146.5 meV / A, RMSE_Mu_per_atom=4.24 mDebye
2023-10-26 12:04:58.335 INFO: Epoch 52: loss=1.8902, RMSE_E_per_atom=261.5 meV, RMSE_F=134.9 meV / A, RMSE_Mu_per_atom=4.17 mDebye
2023-10-26 12:04:59.264 INFO: Epoch 54: loss=0.6684, RMSE_E_per_atom=256.7 meV, RMSE_F=77.5 meV / A, RMSE_Mu_per_atom=4.36 mDebye
2023-10-26 12:05:00.466 INFO: Epoch 56: loss=1.0859, RMSE_E_per_atom=215.5 meV, RMSE_F=101.9 meV / A, RMSE_Mu_per_atom=4.40 mDebye
2023-10-26 12:05:01.397 INFO: Epoch 58: loss=1.5281, RMSE_E_per_atom=197.5 meV, RMSE_F=122.0 meV / A, RMSE_Mu_per_atom=4.25 mDebye
2023-10-26 12:05:02.325 INFO: Epoch 60: loss=1.4985, RMSE_E_per_atom=176.2 meV, RMSE_F=121.1 meV / A, RMSE_Mu_per_atom=3.91 mDebye
2023-10-26 12:05:03.256 INFO: Epoch 62: loss=0.5215, RMSE_E_per_atom=175.2 meV, RMSE_F=70.0 meV / A, RMSE_Mu_per_atom=3.76 mDebye
2023-10-26 12:05:04.454 INFO: Epoch 64: loss=0.9042, RMSE_E_per_atom=168.5 meV, RMSE_F=93.5 meV / A, RMSE_Mu_per_atom=3.74 mDebye
2023-10-26 12:05:05.383 INFO: Epoch 66: loss=1.6060, RMSE_E_per_atom=142.4 meV, RMSE_F=125.9 meV / A, RMSE_Mu_per_atom=3.55 mDebye
2023-10-26 12:05:06.310 INFO: Epoch 68: loss=0.9874, RMSE_E_per_atom=148.9 meV, RMSE_F=98.2 meV / A, RMSE_Mu_per_atom=4.24 mDebye
2023-10-26 12:05:07.237 INFO: Epoch 70: loss=1.6359, RMSE_E_per_atom=140.9 meV, RMSE_F=127.1 meV / A, RMSE_Mu_per_atom=3.54 mDebye
2023-10-26 12:05:08.163 INFO: Epoch 72: loss=1.0221, RMSE_E_per_atom=171.1 meV, RMSE_F=99.6 meV / A, RMSE_Mu_per_atom=3.74 mDebye
2023-10-26 12:05:09.095 INFO: Epoch 74: loss=2.2585, RMSE_E_per_atom=146.4 meV, RMSE_F=149.5 meV / A, RMSE_Mu_per_atom=3.07 mDebye
2023-10-26 12:05:10.026 INFO: Epoch 76: loss=1.3183, RMSE_E_per_atom=144.1 meV, RMSE_F=113.9 meV / A, RMSE_Mu_per_atom=3.35 mDebye
2023-10-26 12:05:10.953 INFO: Epoch 78: loss=1.6817, RMSE_E_per_atom=162.8 meV, RMSE_F=128.6 meV / A, RMSE_Mu_per_atom=2.89 mDebye
2023-10-26 12:05:11.882 INFO: Epoch 80: loss=0.4658, RMSE_E_per_atom=168.3 meV, RMSE_F=66.1 meV / A, RMSE_Mu_per_atom=2.96 mDebye
2023-10-26 12:05:13.075 INFO: Epoch 82: loss=1.3695, RMSE_E_per_atom=133.0 meV, RMSE_F=116.2 meV / A, RMSE_Mu_per_atom=2.94 mDebye
2023-10-26 12:05:14.005 INFO: Epoch 84: loss=0.8179, RMSE_E_per_atom=127.3 meV, RMSE_F=89.5 meV / A, RMSE_Mu_per_atom=2.76 mDebye
2023-10-26 12:05:14.940 INFO: Epoch 86: loss=0.5624, RMSE_E_per_atom=118.1 meV, RMSE_F=74.0 meV / A, RMSE_Mu_per_atom=2.77 mDebye
2023-10-26 12:05:15.866 INFO: Epoch 88: loss=0.4539, RMSE_E_per_atom=136.9 meV, RMSE_F=65.9 meV / A, RMSE_Mu_per_atom=2.77 mDebye
2023-10-26 12:05:17.065 INFO: Epoch 90: loss=0.4599, RMSE_E_per_atom=126.6 meV, RMSE_F=66.6 meV / A, RMSE_Mu_per_atom=2.73 mDebye
2023-10-26 12:05:17.999 INFO: Epoch 92: loss=1.1694, RMSE_E_per_atom=124.9 meV, RMSE_F=107.4 meV / A, RMSE_Mu_per_atom=2.62 mDebye
2023-10-26 12:05:18.937 INFO: Epoch 94: loss=0.3980, RMSE_E_per_atom=124.0 meV, RMSE_F=61.8 meV / A, RMSE_Mu_per_atom=2.86 mDebye
2023-10-26 12:05:20.141 INFO: Epoch 96: loss=0.5803, RMSE_E_per_atom=126.5 meV, RMSE_F=75.1 meV / A, RMSE_Mu_per_atom=2.84 mDebye
2023-10-26 12:05:21.070 INFO: Epoch 98: loss=1.2094, RMSE_E_per_atom=89.4 meV, RMSE_F=109.6 meV / A, RMSE_Mu_per_atom=2.70 mDebye
2023-10-26 12:05:21.996 INFO: Epoch 100: loss=0.2633, RMSE_E_per_atom=77.7 meV, RMSE_F=50.7 meV / A, RMSE_Mu_per_atom=2.52 mDebye
2023-10-26 12:05:23.193 INFO: Epoch 102: loss=0.3818, RMSE_E_per_atom=80.5 meV, RMSE_F=61.2 meV / A, RMSE_Mu_per_atom=2.53 mDebye
2023-10-26 12:05:24.123 INFO: Epoch 104: loss=0.3709, RMSE_E_per_atom=79.6 meV, RMSE_F=60.3 meV / A, RMSE_Mu_per_atom=2.55 mDebye
2023-10-26 12:05:25.053 INFO: Epoch 106: loss=0.4636, RMSE_E_per_atom=65.5 meV, RMSE_F=67.7 meV / A, RMSE_Mu_per_atom=2.61 mDebye
2023-10-26 12:05:25.982 INFO: Epoch 108: loss=0.9740, RMSE_E_per_atom=56.7 meV, RMSE_F=98.5 meV / A, RMSE_Mu_per_atom=2.44 mDebye
2023-10-26 12:05:26.911 INFO: Epoch 110: loss=0.7854, RMSE_E_per_atom=66.6 meV, RMSE_F=88.3 meV / A, RMSE_Mu_per_atom=2.54 mDebye
2023-10-26 12:05:27.840 INFO: Epoch 112: loss=0.5491, RMSE_E_per_atom=87.7 meV, RMSE_F=73.5 meV / A, RMSE_Mu_per_atom=2.52 mDebye
2023-10-26 12:05:28.766 INFO: Epoch 114: loss=0.2255, RMSE_E_per_atom=75.1 meV, RMSE_F=46.8 meV / A, RMSE_Mu_per_atom=2.49 mDebye
2023-10-26 12:05:29.957 INFO: Epoch 116: loss=0.3167, RMSE_E_per_atom=50.8 meV, RMSE_F=56.0 meV / A, RMSE_Mu_per_atom=2.52 mDebye
2023-10-26 12:05:30.920 INFO: Epoch 118: loss=0.2887, RMSE_E_per_atom=35.7 meV, RMSE_F=53.6 meV / A, RMSE_Mu_per_atom=2.50 mDebye
2023-10-26 12:05:31.853 INFO: Epoch 120: loss=0.3756, RMSE_E_per_atom=40.7 meV, RMSE_F=61.1 meV / A, RMSE_Mu_per_atom=2.38 mDebye
2023-10-26 12:05:32.785 INFO: Epoch 122: loss=0.2328, RMSE_E_per_atom=47.3 meV, RMSE_F=48.0 meV / A, RMSE_Mu_per_atom=2.40 mDebye
2023-10-26 12:05:33.717 INFO: Epoch 124: loss=0.2451, RMSE_E_per_atom=47.8 meV, RMSE_F=49.2 meV / A, RMSE_Mu_per_atom=2.41 mDebye
2023-10-26 12:05:34.649 INFO: Epoch 126: loss=0.9024, RMSE_E_per_atom=67.4 meV, RMSE_F=94.7 meV / A, RMSE_Mu_per_atom=2.39 mDebye
2023-10-26 12:05:35.583 INFO: Epoch 128: loss=0.5500, RMSE_E_per_atom=71.0 meV, RMSE_F=73.8 meV / A, RMSE_Mu_per_atom=2.37 mDebye
2023-10-26 12:05:36.524 INFO: Epoch 130: loss=1.1135, RMSE_E_per_atom=62.4 meV, RMSE_F=105.3 meV / A, RMSE_Mu_per_atom=2.32 mDebye
2023-10-26 12:05:37.458 INFO: Epoch 132: loss=0.9260, RMSE_E_per_atom=67.3 meV, RMSE_F=96.0 meV / A, RMSE_Mu_per_atom=2.31 mDebye
2023-10-26 12:05:38.392 INFO: Epoch 134: loss=1.1273, RMSE_E_per_atom=96.7 meV, RMSE_F=105.7 meV / A, RMSE_Mu_per_atom=2.35 mDebye
2023-10-26 12:05:39.324 INFO: Epoch 136: loss=0.4028, RMSE_E_per_atom=92.9 meV, RMSE_F=62.7 meV / A, RMSE_Mu_per_atom=2.35 mDebye
2023-10-26 12:05:40.258 INFO: Epoch 138: loss=0.2990, RMSE_E_per_atom=86.6 meV, RMSE_F=53.9 meV / A, RMSE_Mu_per_atom=2.36 mDebye
2023-10-26 12:05:41.192 INFO: Epoch 140: loss=0.4081, RMSE_E_per_atom=78.3 meV, RMSE_F=63.4 meV / A, RMSE_Mu_per_atom=2.33 mDebye
2023-10-26 12:05:42.125 INFO: Epoch 142: loss=0.3521, RMSE_E_per_atom=79.1 meV, RMSE_F=58.8 meV / A, RMSE_Mu_per_atom=2.30 mDebye
2023-10-26 12:05:43.058 INFO: Epoch 144: loss=0.1653, RMSE_E_per_atom=60.9 meV, RMSE_F=40.1 meV / A, RMSE_Mu_per_atom=2.27 mDebye
2023-10-26 12:05:44.257 INFO: Epoch 146: loss=0.2036, RMSE_E_per_atom=48.1 meV, RMSE_F=44.8 meV / A, RMSE_Mu_per_atom=2.39 mDebye
2023-10-26 12:05:45.190 INFO: Epoch 148: loss=1.0370, RMSE_E_per_atom=26.4 meV, RMSE_F=101.8 meV / A, RMSE_Mu_per_atom=2.25 mDebye
2023-10-26 12:05:46.122 INFO: Epoch 150: loss=0.2579, RMSE_E_per_atom=47.6 meV, RMSE_F=50.5 meV / A, RMSE_Mu_per_atom=2.29 mDebye
2023-10-26 12:05:47.053 INFO: Epoch 152: loss=0.1503, RMSE_E_per_atom=41.9 meV, RMSE_F=38.5 meV / A, RMSE_Mu_per_atom=2.26 mDebye
2023-10-26 12:05:48.250 INFO: Epoch 154: loss=0.2001, RMSE_E_per_atom=35.5 meV, RMSE_F=44.5 meV / A, RMSE_Mu_per_atom=2.24 mDebye
2023-10-26 12:05:49.184 INFO: Epoch 156: loss=0.5537, RMSE_E_per_atom=33.3 meV, RMSE_F=74.3 meV / A, RMSE_Mu_per_atom=2.22 mDebye
2023-10-26 12:05:50.120 INFO: Epoch 158: loss=0.5886, RMSE_E_per_atom=44.1 meV, RMSE_F=76.6 meV / A, RMSE_Mu_per_atom=2.17 mDebye
2023-10-26 12:05:51.052 INFO: Epoch 160: loss=0.3746, RMSE_E_per_atom=58.5 meV, RMSE_F=60.9 meV / A, RMSE_Mu_per_atom=2.23 mDebye
2023-10-26 12:05:51.984 INFO: Epoch 162: loss=0.2795, RMSE_E_per_atom=46.7 meV, RMSE_F=52.6 meV / A, RMSE_Mu_per_atom=2.21 mDebye
2023-10-26 12:05:52.916 INFO: Epoch 164: loss=0.2339, RMSE_E_per_atom=37.7 meV, RMSE_F=48.2 meV / A, RMSE_Mu_per_atom=2.27 mDebye
2023-10-26 12:05:53.847 INFO: Epoch 166: loss=0.1043, RMSE_E_per_atom=32.4 meV, RMSE_F=32.1 meV / A, RMSE_Mu_per_atom=2.20 mDebye
2023-10-26 12:05:55.045 INFO: Epoch 168: loss=0.2341, RMSE_E_per_atom=18.0 meV, RMSE_F=48.3 meV / A, RMSE_Mu_per_atom=2.15 mDebye
2023-10-26 12:05:55.974 INFO: Epoch 170: loss=0.2134, RMSE_E_per_atom=16.1 meV, RMSE_F=46.1 meV / A, RMSE_Mu_per_atom=2.11 mDebye
2023-10-26 12:05:56.906 INFO: Epoch 172: loss=0.3811, RMSE_E_per_atom=31.2 meV, RMSE_F=61.6 meV / A, RMSE_Mu_per_atom=2.14 mDebye
2023-10-26 12:05:57.838 INFO: Epoch 174: loss=0.3598, RMSE_E_per_atom=28.3 meV, RMSE_F=59.9 meV / A, RMSE_Mu_per_atom=2.09 mDebye
2023-10-26 12:05:58.770 INFO: Epoch 176: loss=0.2782, RMSE_E_per_atom=36.8 meV, RMSE_F=52.6 meV / A, RMSE_Mu_per_atom=2.10 mDebye
2023-10-26 12:05:59.712 INFO: Epoch 178: loss=0.4883, RMSE_E_per_atom=36.7 meV, RMSE_F=69.7 meV / A, RMSE_Mu_per_atom=2.11 mDebye
2023-10-26 12:06:00.645 INFO: Epoch 180: loss=0.4442, RMSE_E_per_atom=29.2 meV, RMSE_F=66.5 meV / A, RMSE_Mu_per_atom=2.15 mDebye
2023-10-26 12:06:01.577 INFO: Epoch 182: loss=1.3440, RMSE_E_per_atom=49.6 meV, RMSE_F=115.8 meV / A, RMSE_Mu_per_atom=2.10 mDebye
2023-10-26 12:06:02.507 INFO: Epoch 184: loss=0.1872, RMSE_E_per_atom=66.2 meV, RMSE_F=42.7 meV / A, RMSE_Mu_per_atom=2.08 mDebye
2023-10-26 12:06:03.438 INFO: Epoch 186: loss=0.3720, RMSE_E_per_atom=72.7 meV, RMSE_F=60.5 meV / A, RMSE_Mu_per_atom=2.16 mDebye
2023-10-26 12:06:04.379 INFO: Epoch 188: loss=0.5890, RMSE_E_per_atom=50.6 meV, RMSE_F=76.6 meV / A, RMSE_Mu_per_atom=2.12 mDebye
2023-10-26 12:06:05.316 INFO: Epoch 190: loss=0.6720, RMSE_E_per_atom=70.1 meV, RMSE_F=81.6 meV / A, RMSE_Mu_per_atom=2.07 mDebye
2023-10-26 12:06:06.250 INFO: Epoch 192: loss=0.6967, RMSE_E_per_atom=53.1 meV, RMSE_F=83.3 meV / A, RMSE_Mu_per_atom=2.07 mDebye
2023-10-26 12:06:07.182 INFO: Epoch 194: loss=0.3583, RMSE_E_per_atom=71.0 meV, RMSE_F=59.4 meV / A, RMSE_Mu_per_atom=2.08 mDebye
2023-10-26 12:06:08.115 INFO: Epoch 196: loss=0.4581, RMSE_E_per_atom=49.3 meV, RMSE_F=67.5 meV / A, RMSE_Mu_per_atom=2.00 mDebye
2023-10-26 12:06:09.050 INFO: Epoch 198: loss=0.5458, RMSE_E_per_atom=51.9 meV, RMSE_F=73.7 meV / A, RMSE_Mu_per_atom=2.02 mDebye
2023-10-26 12:06:09.983 INFO: Epoch 200: loss=0.3670, RMSE_E_per_atom=39.3 meV, RMSE_F=60.4 meV / A, RMSE_Mu_per_atom=2.08 mDebye
2023-10-26 12:06:10.916 INFO: Epoch 202: loss=0.3302, RMSE_E_per_atom=43.2 meV, RMSE_F=57.3 meV / A, RMSE_Mu_per_atom=2.02 mDebye
2023-10-26 12:06:11.849 INFO: Epoch 204: loss=0.4073, RMSE_E_per_atom=38.2 meV, RMSE_F=63.7 meV / A, RMSE_Mu_per_atom=2.02 mDebye
2023-10-26 12:06:12.783 INFO: Epoch 206: loss=0.3479, RMSE_E_per_atom=42.2 meV, RMSE_F=58.8 meV / A, RMSE_Mu_per_atom=2.03 mDebye
2023-10-26 12:06:13.718 INFO: Epoch 208: loss=0.3349, RMSE_E_per_atom=46.6 meV, RMSE_F=57.7 meV / A, RMSE_Mu_per_atom=1.94 mDebye
2023-10-26 12:06:14.650 INFO: Epoch 210: loss=0.3330, RMSE_E_per_atom=21.6 meV, RMSE_F=57.6 meV / A, RMSE_Mu_per_atom=2.11 mDebye
2023-10-26 12:06:15.582 INFO: Epoch 212: loss=0.2435, RMSE_E_per_atom=26.2 meV, RMSE_F=49.2 meV / A, RMSE_Mu_per_atom=2.02 mDebye
2023-10-26 12:06:16.512 INFO: Epoch 214: loss=0.5355, RMSE_E_per_atom=41.8 meV, RMSE_F=73.0 meV / A, RMSE_Mu_per_atom=2.00 mDebye
2023-10-26 12:06:17.446 INFO: Epoch 216: loss=0.5007, RMSE_E_per_atom=43.7 meV, RMSE_F=70.6 meV / A, RMSE_Mu_per_atom=2.00 mDebye
2023-10-26 12:06:18.385 INFO: Epoch 218: loss=0.1473, RMSE_E_per_atom=47.0 meV, RMSE_F=38.0 meV / A, RMSE_Mu_per_atom=1.94 mDebye
2023-10-26 12:06:19.324 INFO: Epoch 220: loss=0.4599, RMSE_E_per_atom=45.4 meV, RMSE_F=67.6 meV / A, RMSE_Mu_per_atom=1.95 mDebye
2023-10-26 12:06:20.264 INFO: Epoch 222: loss=0.4626, RMSE_E_per_atom=54.1 meV, RMSE_F=67.8 meV / A, RMSE_Mu_per_atom=1.97 mDebye
2023-10-26 12:06:21.202 INFO: Epoch 224: loss=0.5147, RMSE_E_per_atom=50.1 meV, RMSE_F=71.5 meV / A, RMSE_Mu_per_atom=1.92 mDebye
2023-10-26 12:06:22.142 INFO: Epoch 226: loss=0.1705, RMSE_E_per_atom=43.0 meV, RMSE_F=41.0 meV / A, RMSE_Mu_per_atom=2.05 mDebye
2023-10-26 12:06:23.079 INFO: Epoch 228: loss=0.3279, RMSE_E_per_atom=36.9 meV, RMSE_F=57.1 meV / A, RMSE_Mu_per_atom=1.90 mDebye
2023-10-26 12:06:24.016 INFO: Epoch 230: loss=0.2569, RMSE_E_per_atom=46.3 meV, RMSE_F=50.4 meV / A, RMSE_Mu_per_atom=1.93 mDebye
2023-10-26 12:06:24.959 INFO: Epoch 232: loss=0.2651, RMSE_E_per_atom=33.6 meV, RMSE_F=51.3 meV / A, RMSE_Mu_per_atom=1.97 mDebye
2023-10-26 12:06:25.894 INFO: Epoch 234: loss=0.1299, RMSE_E_per_atom=30.4 meV, RMSE_F=35.9 meV / A, RMSE_Mu_per_atom=1.95 mDebye
2023-10-26 12:06:26.834 INFO: Epoch 236: loss=0.1573, RMSE_E_per_atom=33.0 meV, RMSE_F=39.5 meV / A, RMSE_Mu_per_atom=1.88 mDebye
2023-10-26 12:06:27.775 INFO: Epoch 238: loss=0.1634, RMSE_E_per_atom=25.1 meV, RMSE_F=40.3 meV / A, RMSE_Mu_per_atom=1.91 mDebye
2023-10-26 12:06:28.712 INFO: Epoch 240: loss=0.4224, RMSE_E_per_atom=25.7 meV, RMSE_F=64.9 meV / A, RMSE_Mu_per_atom=1.89 mDebye
2023-10-26 12:06:29.651 INFO: Epoch 242: loss=0.2604, RMSE_E_per_atom=34.3 meV, RMSE_F=50.9 meV / A, RMSE_Mu_per_atom=1.94 mDebye
2023-10-26 12:06:30.593 INFO: Epoch 244: loss=0.1097, RMSE_E_per_atom=23.6 meV, RMSE_F=33.0 meV / A, RMSE_Mu_per_atom=1.92 mDebye
2023-10-26 12:06:31.531 INFO: Epoch 246: loss=0.1662, RMSE_E_per_atom=28.1 meV, RMSE_F=40.6 meV / A, RMSE_Mu_per_atom=1.94 mDebye
2023-10-26 12:06:32.467 INFO: Epoch 248: loss=0.0662, RMSE_E_per_atom=23.0 meV, RMSE_F=25.6 meV / A, RMSE_Mu_per_atom=1.90 mDebye
2023-10-26 12:06:33.671 INFO: Epoch 250: loss=0.0802, RMSE_E_per_atom=15.0 meV, RMSE_F=28.2 meV / A, RMSE_Mu_per_atom=1.87 mDebye
2023-10-26 12:06:34.608 INFO: Epoch 252: loss=0.0808, RMSE_E_per_atom=12.8 meV, RMSE_F=28.3 meV / A, RMSE_Mu_per_atom=1.89 mDebye
2023-10-26 12:06:35.545 INFO: Epoch 254: loss=0.0984, RMSE_E_per_atom=11.4 meV, RMSE_F=31.3 meV / A, RMSE_Mu_per_atom=1.89 mDebye
2023-10-26 12:06:36.480 INFO: Epoch 256: loss=0.1583, RMSE_E_per_atom=12.6 meV, RMSE_F=39.7 meV / A, RMSE_Mu_per_atom=1.85 mDebye
2023-10-26 12:06:37.422 INFO: Epoch 258: loss=0.1273, RMSE_E_per_atom=17.5 meV, RMSE_F=35.6 meV / A, RMSE_Mu_per_atom=1.79 mDebye
2023-10-26 12:06:38.360 INFO: Epoch 260: loss=0.1308, RMSE_E_per_atom=7.4 meV, RMSE_F=36.1 meV / A, RMSE_Mu_per_atom=1.87 mDebye
2023-10-26 12:06:39.294 INFO: Epoch 262: loss=0.2021, RMSE_E_per_atom=19.1 meV, RMSE_F=44.9 meV / A, RMSE_Mu_per_atom=1.86 mDebye
2023-10-26 12:06:40.232 INFO: Epoch 264: loss=0.0840, RMSE_E_per_atom=10.5 meV, RMSE_F=28.9 meV / A, RMSE_Mu_per_atom=1.80 mDebye
2023-10-26 12:06:41.168 INFO: Epoch 266: loss=0.0574, RMSE_E_per_atom=9.7 meV, RMSE_F=23.9 meV / A, RMSE_Mu_per_atom=1.80 mDebye
2023-10-26 12:06:42.383 INFO: Epoch 268: loss=0.0710, RMSE_E_per_atom=10.6 meV, RMSE_F=26.6 meV / A, RMSE_Mu_per_atom=1.79 mDebye
2023-10-26 12:06:43.325 INFO: Epoch 270: loss=0.0755, RMSE_E_per_atom=6.5 meV, RMSE_F=27.4 meV / A, RMSE_Mu_per_atom=1.78 mDebye
2023-10-26 12:06:44.261 INFO: Epoch 272: loss=0.0631, RMSE_E_per_atom=3.4 meV, RMSE_F=25.1 meV / A, RMSE_Mu_per_atom=1.79 mDebye
2023-10-26 12:06:45.195 INFO: Epoch 274: loss=0.0944, RMSE_E_per_atom=7.3 meV, RMSE_F=30.7 meV / A, RMSE_Mu_per_atom=1.76 mDebye
2023-10-26 12:06:46.130 INFO: Epoch 276: loss=0.0560, RMSE_E_per_atom=2.8 meV, RMSE_F=23.6 meV / A, RMSE_Mu_per_atom=1.76 mDebye
2023-10-26 12:06:47.330 INFO: Epoch 278: loss=0.0656, RMSE_E_per_atom=10.5 meV, RMSE_F=25.5 meV / A, RMSE_Mu_per_atom=1.84 mDebye
2023-10-26 12:06:48.271 INFO: Epoch 280: loss=0.0391, RMSE_E_per_atom=7.7 meV, RMSE_F=19.7 meV / A, RMSE_Mu_per_atom=1.80 mDebye
2023-10-26 12:06:49.520 INFO: Epoch 282: loss=0.1268, RMSE_E_per_atom=15.8 meV, RMSE_F=35.5 meV / A, RMSE_Mu_per_atom=1.75 mDebye
2023-10-26 12:06:50.459 INFO: Epoch 284: loss=0.0760, RMSE_E_per_atom=6.4 meV, RMSE_F=27.5 meV / A, RMSE_Mu_per_atom=1.80 mDebye
2023-10-26 12:06:51.396 INFO: Epoch 286: loss=0.0614, RMSE_E_per_atom=4.8 meV, RMSE_F=24.7 meV / A, RMSE_Mu_per_atom=1.72 mDebye
2023-10-26 12:06:52.331 INFO: Epoch 288: loss=0.0434, RMSE_E_per_atom=5.0 meV, RMSE_F=20.8 meV / A, RMSE_Mu_per_atom=1.74 mDebye
2023-10-26 12:06:53.268 INFO: Epoch 290: loss=0.0375, RMSE_E_per_atom=3.4 meV, RMSE_F=19.3 meV / A, RMSE_Mu_per_atom=1.73 mDebye
2023-10-26 12:06:54.470 INFO: Epoch 292: loss=0.0333, RMSE_E_per_atom=1.9 meV, RMSE_F=18.2 meV / A, RMSE_Mu_per_atom=1.71 mDebye
2023-10-26 12:06:55.674 INFO: Epoch 294: loss=0.0979, RMSE_E_per_atom=3.2 meV, RMSE_F=31.2 meV / A, RMSE_Mu_per_atom=1.69 mDebye
2023-10-26 12:06:56.616 INFO: Epoch 296: loss=0.0485, RMSE_E_per_atom=5.2 meV, RMSE_F=21.9 meV / A, RMSE_Mu_per_atom=1.74 mDebye
2023-10-26 12:06:57.553 INFO: Epoch 298: loss=0.0617, RMSE_E_per_atom=0.2 meV, RMSE_F=24.8 meV / A, RMSE_Mu_per_atom=1.75 mDebye
2023-10-26 12:06:58.493 INFO: Epoch 300: loss=0.1125, RMSE_E_per_atom=3.0 meV, RMSE_F=33.5 meV / A, RMSE_Mu_per_atom=1.75 mDebye
2023-10-26 12:06:59.433 INFO: Epoch 302: loss=0.0671, RMSE_E_per_atom=3.9 meV, RMSE_F=25.8 meV / A, RMSE_Mu_per_atom=1.69 mDebye
2023-10-26 12:07:00.372 INFO: Epoch 304: loss=0.0890, RMSE_E_per_atom=12.1 meV, RMSE_F=29.8 meV / A, RMSE_Mu_per_atom=1.73 mDebye
2023-10-26 12:07:01.312 INFO: Epoch 306: loss=0.0746, RMSE_E_per_atom=15.2 meV, RMSE_F=27.2 meV / A, RMSE_Mu_per_atom=1.69 mDebye
2023-10-26 12:07:02.256 INFO: Epoch 308: loss=0.0525, RMSE_E_per_atom=5.8 meV, RMSE_F=22.8 meV / A, RMSE_Mu_per_atom=1.71 mDebye
2023-10-26 12:07:03.194 INFO: Epoch 310: loss=0.0463, RMSE_E_per_atom=7.5 meV, RMSE_F=21.4 meV / A, RMSE_Mu_per_atom=1.71 mDebye
2023-10-26 12:07:04.135 INFO: Epoch 312: loss=0.0374, RMSE_E_per_atom=4.5 meV, RMSE_F=19.3 meV / A, RMSE_Mu_per_atom=1.69 mDebye
2023-10-26 12:07:05.073 INFO: Epoch 314: loss=0.0366, RMSE_E_per_atom=3.0 meV, RMSE_F=19.1 meV / A, RMSE_Mu_per_atom=1.66 mDebye
2023-10-26 12:07:06.008 INFO: Epoch 316: loss=0.0355, RMSE_E_per_atom=4.3 meV, RMSE_F=18.8 meV / A, RMSE_Mu_per_atom=1.64 mDebye
2023-10-26 12:07:06.944 INFO: Epoch 318: loss=0.0332, RMSE_E_per_atom=3.3 meV, RMSE_F=18.1 meV / A, RMSE_Mu_per_atom=1.65 mDebye
2023-10-26 12:07:08.147 INFO: Epoch 320: loss=0.0495, RMSE_E_per_atom=0.3 meV, RMSE_F=22.2 meV / A, RMSE_Mu_per_atom=1.67 mDebye
2023-10-26 12:07:09.088 INFO: Epoch 322: loss=0.0559, RMSE_E_per_atom=2.8 meV, RMSE_F=23.6 meV / A, RMSE_Mu_per_atom=1.63 mDebye
2023-10-26 12:07:10.027 INFO: Epoch 324: loss=0.0546, RMSE_E_per_atom=4.8 meV, RMSE_F=23.3 meV / A, RMSE_Mu_per_atom=1.71 mDebye
2023-10-26 12:07:10.965 INFO: Epoch 326: loss=0.0788, RMSE_E_per_atom=1.7 meV, RMSE_F=28.0 meV / A, RMSE_Mu_per_atom=1.66 mDebye
2023-10-26 12:07:11.903 INFO: Epoch 328: loss=0.0299, RMSE_E_per_atom=8.5 meV, RMSE_F=17.2 meV / A, RMSE_Mu_per_atom=1.72 mDebye
2023-10-26 12:07:13.106 INFO: Epoch 330: loss=0.0618, RMSE_E_per_atom=5.8 meV, RMSE_F=24.8 meV / A, RMSE_Mu_per_atom=1.68 mDebye
2023-10-26 12:07:14.049 INFO: Epoch 332: loss=0.1275, RMSE_E_per_atom=7.9 meV, RMSE_F=35.7 meV / A, RMSE_Mu_per_atom=1.73 mDebye
2023-10-26 12:07:14.990 INFO: Epoch 334: loss=0.0660, RMSE_E_per_atom=10.5 meV, RMSE_F=25.6 meV / A, RMSE_Mu_per_atom=1.59 mDebye
2023-10-26 12:07:15.927 INFO: Epoch 336: loss=0.0372, RMSE_E_per_atom=7.9 meV, RMSE_F=19.2 meV / A, RMSE_Mu_per_atom=1.66 mDebye
2023-10-26 12:07:16.867 INFO: Epoch 338: loss=0.0688, RMSE_E_per_atom=5.0 meV, RMSE_F=26.2 meV / A, RMSE_Mu_per_atom=1.63 mDebye
2023-10-26 12:07:17.804 INFO: Epoch 340: loss=0.1168, RMSE_E_per_atom=1.6 meV, RMSE_F=34.1 meV / A, RMSE_Mu_per_atom=1.57 mDebye
2023-10-26 12:07:18.739 INFO: Epoch 342: loss=0.1617, RMSE_E_per_atom=8.9 meV, RMSE_F=40.2 meV / A, RMSE_Mu_per_atom=1.62 mDebye
2023-10-26 12:07:19.677 INFO: Epoch 344: loss=0.3834, RMSE_E_per_atom=8.5 meV, RMSE_F=61.9 meV / A, RMSE_Mu_per_atom=1.57 mDebye
2023-10-26 12:07:20.615 INFO: Epoch 346: loss=0.1942, RMSE_E_per_atom=21.0 meV, RMSE_F=44.0 meV / A, RMSE_Mu_per_atom=1.68 mDebye
2023-10-26 12:07:21.552 INFO: Epoch 348: loss=0.1164, RMSE_E_per_atom=14.4 meV, RMSE_F=34.0 meV / A, RMSE_Mu_per_atom=1.61 mDebye
2023-10-26 12:07:22.488 INFO: Epoch 350: loss=0.0636, RMSE_E_per_atom=16.6 meV, RMSE_F=25.1 meV / A, RMSE_Mu_per_atom=1.56 mDebye
2023-10-26 12:07:23.426 INFO: Epoch 352: loss=0.0504, RMSE_E_per_atom=6.5 meV, RMSE_F=22.4 meV / A, RMSE_Mu_per_atom=1.71 mDebye
2023-10-26 12:07:24.367 INFO: Epoch 354: loss=0.0885, RMSE_E_per_atom=10.5 meV, RMSE_F=29.7 meV / A, RMSE_Mu_per_atom=1.72 mDebye
2023-10-26 12:07:25.310 INFO: Epoch 356: loss=0.0499, RMSE_E_per_atom=8.7 meV, RMSE_F=22.3 meV / A, RMSE_Mu_per_atom=1.59 mDebye
2023-10-26 12:07:26.250 INFO: Epoch 358: loss=0.0661, RMSE_E_per_atom=6.9 meV, RMSE_F=25.6 meV / A, RMSE_Mu_per_atom=1.54 mDebye
2023-10-26 12:07:27.188 INFO: Epoch 360: loss=0.1329, RMSE_E_per_atom=16.4 meV, RMSE_F=36.4 meV / A, RMSE_Mu_per_atom=1.61 mDebye
2023-10-26 12:07:28.125 INFO: Epoch 362: loss=0.0636, RMSE_E_per_atom=6.1 meV, RMSE_F=25.2 meV / A, RMSE_Mu_per_atom=1.60 mDebye
2023-10-26 12:07:29.064 INFO: Epoch 364: loss=0.0637, RMSE_E_per_atom=9.1 meV, RMSE_F=25.2 meV / A, RMSE_Mu_per_atom=1.57 mDebye
2023-10-26 12:07:30.002 INFO: Epoch 366: loss=0.0279, RMSE_E_per_atom=4.9 meV, RMSE_F=16.6 meV / A, RMSE_Mu_per_atom=1.62 mDebye
2023-10-26 12:07:31.208 INFO: Epoch 368: loss=0.0317, RMSE_E_per_atom=2.0 meV, RMSE_F=17.7 meV / A, RMSE_Mu_per_atom=1.62 mDebye
2023-10-26 12:07:32.148 INFO: Epoch 370: loss=0.0240, RMSE_E_per_atom=4.4 meV, RMSE_F=15.4 meV / A, RMSE_Mu_per_atom=1.57 mDebye
2023-10-26 12:07:33.357 INFO: Epoch 372: loss=0.0382, RMSE_E_per_atom=2.2 meV, RMSE_F=19.5 meV / A, RMSE_Mu_per_atom=1.61 mDebye
2023-10-26 12:07:34.308 INFO: Epoch 374: loss=0.0432, RMSE_E_per_atom=3.3 meV, RMSE_F=20.7 meV / A, RMSE_Mu_per_atom=1.55 mDebye
2023-10-26 12:07:35.245 INFO: Epoch 376: loss=0.0245, RMSE_E_per_atom=1.3 meV, RMSE_F=15.6 meV / A, RMSE_Mu_per_atom=1.59 mDebye
2023-10-26 12:07:36.180 INFO: Epoch 378: loss=0.0200, RMSE_E_per_atom=2.6 meV, RMSE_F=14.1 meV / A, RMSE_Mu_per_atom=1.55 mDebye
2023-10-26 12:07:37.385 INFO: Epoch 380: loss=0.0251, RMSE_E_per_atom=2.8 meV, RMSE_F=15.8 meV / A, RMSE_Mu_per_atom=1.52 mDebye
2023-10-26 12:07:38.324 INFO: Epoch 382: loss=0.0325, RMSE_E_per_atom=3.2 meV, RMSE_F=18.0 meV / A, RMSE_Mu_per_atom=1.58 mDebye
2023-10-26 12:07:39.263 INFO: Epoch 384: loss=0.0311, RMSE_E_per_atom=2.0 meV, RMSE_F=17.6 meV / A, RMSE_Mu_per_atom=1.56 mDebye
2023-10-26 12:07:40.201 INFO: Epoch 386: loss=0.0305, RMSE_E_per_atom=1.3 meV, RMSE_F=17.4 meV / A, RMSE_Mu_per_atom=1.60 mDebye
2023-10-26 12:07:41.138 INFO: Epoch 388: loss=0.0292, RMSE_E_per_atom=1.5 meV, RMSE_F=17.0 meV / A, RMSE_Mu_per_atom=1.50 mDebye
2023-10-26 12:07:42.077 INFO: Epoch 390: loss=0.0220, RMSE_E_per_atom=1.1 meV, RMSE_F=14.8 meV / A, RMSE_Mu_per_atom=1.52 mDebye
2023-10-26 12:07:43.013 INFO: Epoch 392: loss=0.0227, RMSE_E_per_atom=0.5 meV, RMSE_F=15.0 meV / A, RMSE_Mu_per_atom=1.55 mDebye
2023-10-26 12:07:43.952 INFO: Epoch 394: loss=0.0187, RMSE_E_per_atom=0.4 meV, RMSE_F=13.6 meV / A, RMSE_Mu_per_atom=1.50 mDebye
2023-10-26 12:07:45.153 INFO: Epoch 396: loss=0.0179, RMSE_E_per_atom=1.9 meV, RMSE_F=13.3 meV / A, RMSE_Mu_per_atom=1.55 mDebye
2023-10-26 12:07:46.355 INFO: Epoch 398: loss=0.0248, RMSE_E_per_atom=0.7 meV, RMSE_F=15.7 meV / A, RMSE_Mu_per_atom=1.50 mDebye
2023-10-26 12:07:47.296 INFO: Epoch 400: loss=0.0196, RMSE_E_per_atom=0.2 meV, RMSE_F=13.9 meV / A, RMSE_Mu_per_atom=1.53 mDebye
2023-10-26 12:07:48.238 INFO: Epoch 402: loss=0.0352, RMSE_E_per_atom=1.3 meV, RMSE_F=18.7 meV / A, RMSE_Mu_per_atom=1.51 mDebye
2023-10-26 12:07:49.177 INFO: Epoch 404: loss=0.0226, RMSE_E_per_atom=0.5 meV, RMSE_F=15.0 meV / A, RMSE_Mu_per_atom=1.55 mDebye
2023-10-26 12:07:50.118 INFO: Epoch 406: loss=0.0287, RMSE_E_per_atom=0.9 meV, RMSE_F=16.9 meV / A, RMSE_Mu_per_atom=1.52 mDebye
2023-10-26 12:07:51.057 INFO: Epoch 408: loss=0.0463, RMSE_E_per_atom=2.0 meV, RMSE_F=21.5 meV / A, RMSE_Mu_per_atom=1.55 mDebye
2023-10-26 12:07:51.997 INFO: Epoch 410: loss=0.0520, RMSE_E_per_atom=6.5 meV, RMSE_F=22.8 meV / A, RMSE_Mu_per_atom=1.49 mDebye
2023-10-26 12:07:52.934 INFO: Epoch 412: loss=0.2530, RMSE_E_per_atom=6.3 meV, RMSE_F=50.3 meV / A, RMSE_Mu_per_atom=1.56 mDebye
2023-10-26 12:07:53.883 INFO: Epoch 414: loss=0.0475, RMSE_E_per_atom=9.8 meV, RMSE_F=21.7 meV / A, RMSE_Mu_per_atom=1.46 mDebye
2023-10-26 12:07:54.828 INFO: Epoch 416: loss=0.0449, RMSE_E_per_atom=7.0 meV, RMSE_F=21.1 meV / A, RMSE_Mu_per_atom=1.48 mDebye
2023-10-26 12:07:55.766 INFO: Epoch 418: loss=0.1637, RMSE_E_per_atom=9.4 meV, RMSE_F=40.4 meV / A, RMSE_Mu_per_atom=1.51 mDebye
2023-10-26 12:07:56.702 INFO: Epoch 420: loss=0.0976, RMSE_E_per_atom=8.2 meV, RMSE_F=31.2 meV / A, RMSE_Mu_per_atom=1.56 mDebye
2023-10-26 12:07:57.655 INFO: Epoch 422: loss=0.0599, RMSE_E_per_atom=11.6 meV, RMSE_F=24.4 meV / A, RMSE_Mu_per_atom=1.53 mDebye
2023-10-26 12:07:58.609 INFO: Epoch 424: loss=0.0984, RMSE_E_per_atom=13.6 meV, RMSE_F=31.3 meV / A, RMSE_Mu_per_atom=1.51 mDebye
2023-10-26 12:07:59.547 INFO: Epoch 426: loss=0.2413, RMSE_E_per_atom=10.0 meV, RMSE_F=49.1 meV / A, RMSE_Mu_per_atom=1.49 mDebye
2023-10-26 12:08:00.494 INFO: Epoch 428: loss=0.1192, RMSE_E_per_atom=14.1 meV, RMSE_F=34.5 meV / A, RMSE_Mu_per_atom=1.52 mDebye
2023-10-26 12:08:01.444 INFO: Epoch 430: loss=0.2436, RMSE_E_per_atom=26.3 meV, RMSE_F=49.3 meV / A, RMSE_Mu_per_atom=1.54 mDebye
2023-10-26 12:08:02.391 INFO: Epoch 432: loss=0.2672, RMSE_E_per_atom=19.3 meV, RMSE_F=51.6 meV / A, RMSE_Mu_per_atom=1.49 mDebye
2023-10-26 12:08:03.337 INFO: Epoch 434: loss=0.1085, RMSE_E_per_atom=22.6 meV, RMSE_F=32.8 meV / A, RMSE_Mu_per_atom=1.57 mDebye
2023-10-26 12:08:04.290 INFO: Epoch 436: loss=0.1717, RMSE_E_per_atom=19.4 meV, RMSE_F=41.4 meV / A, RMSE_Mu_per_atom=1.62 mDebye
2023-10-26 12:08:05.252 INFO: Epoch 438: loss=0.1098, RMSE_E_per_atom=22.1 meV, RMSE_F=33.0 meV / A, RMSE_Mu_per_atom=1.71 mDebye
2023-10-26 12:08:06.186 INFO: Epoch 440: loss=0.1935, RMSE_E_per_atom=21.3 meV, RMSE_F=43.9 meV / A, RMSE_Mu_per_atom=1.53 mDebye
2023-10-26 12:08:07.127 INFO: Epoch 442: loss=0.0718, RMSE_E_per_atom=23.8 meV, RMSE_F=26.6 meV / A, RMSE_Mu_per_atom=1.70 mDebye
2023-10-26 12:08:08.067 INFO: Epoch 444: loss=0.0614, RMSE_E_per_atom=16.2 meV, RMSE_F=24.7 meV / A, RMSE_Mu_per_atom=1.63 mDebye
2023-10-26 12:08:09.008 INFO: Epoch 446: loss=0.0624, RMSE_E_per_atom=15.7 meV, RMSE_F=24.9 meV / A, RMSE_Mu_per_atom=1.47 mDebye
2023-10-26 12:08:09.950 INFO: Epoch 448: loss=0.0234, RMSE_E_per_atom=10.7 meV, RMSE_F=15.2 meV / A, RMSE_Mu_per_atom=1.52 mDebye
2023-10-26 12:08:10.890 INFO: Epoch 450: loss=0.0242, RMSE_E_per_atom=7.8 meV, RMSE_F=15.5 meV / A, RMSE_Mu_per_atom=1.50 mDebye
2023-10-26 12:08:11.832 INFO: Epoch 452: loss=0.0169, RMSE_E_per_atom=4.0 meV, RMSE_F=12.9 meV / A, RMSE_Mu_per_atom=1.50 mDebye
2023-10-26 12:08:13.037 INFO: Epoch 454: loss=0.0154, RMSE_E_per_atom=3.4 meV, RMSE_F=12.3 meV / A, RMSE_Mu_per_atom=1.49 mDebye
2023-10-26 12:08:14.240 INFO: Epoch 456: loss=0.0169, RMSE_E_per_atom=2.1 meV, RMSE_F=12.9 meV / A, RMSE_Mu_per_atom=1.52 mDebye
2023-10-26 12:08:15.183 INFO: Epoch 458: loss=0.0194, RMSE_E_per_atom=1.3 meV, RMSE_F=13.8 meV / A, RMSE_Mu_per_atom=1.48 mDebye
2023-10-26 12:08:16.123 INFO: Epoch 460: loss=0.0156, RMSE_E_per_atom=2.1 meV, RMSE_F=12.4 meV / A, RMSE_Mu_per_atom=1.47 mDebye
2023-10-26 12:08:17.068 INFO: Epoch 462: loss=0.0207, RMSE_E_per_atom=1.8 meV, RMSE_F=14.3 meV / A, RMSE_Mu_per_atom=1.49 mDebye
2023-10-26 12:08:18.010 INFO: Epoch 464: loss=0.0196, RMSE_E_per_atom=0.9 meV, RMSE_F=13.9 meV / A, RMSE_Mu_per_atom=1.49 mDebye
2023-10-26 12:08:19.065 INFO: Epoch 466: loss=0.0148, RMSE_E_per_atom=1.7 meV, RMSE_F=12.1 meV / A, RMSE_Mu_per_atom=1.47 mDebye
2023-10-26 12:08:20.285 INFO: Epoch 468: loss=0.0147, RMSE_E_per_atom=0.1 meV, RMSE_F=12.1 meV / A, RMSE_Mu_per_atom=1.47 mDebye
2023-10-26 12:08:21.491 INFO: Epoch 470: loss=0.0151, RMSE_E_per_atom=1.3 meV, RMSE_F=12.2 meV / A, RMSE_Mu_per_atom=1.48 mDebye
2023-10-26 12:08:22.426 INFO: Epoch 472: loss=0.0227, RMSE_E_per_atom=0.2 meV, RMSE_F=15.0 meV / A, RMSE_Mu_per_atom=1.47 mDebye
2023-10-26 12:08:23.365 INFO: Epoch 474: loss=0.0171, RMSE_E_per_atom=0.9 meV, RMSE_F=13.0 meV / A, RMSE_Mu_per_atom=1.51 mDebye
2023-10-26 12:08:24.303 INFO: Epoch 476: loss=0.0141, RMSE_E_per_atom=0.5 meV, RMSE_F=11.8 meV / A, RMSE_Mu_per_atom=1.46 mDebye
2023-10-26 12:08:25.507 INFO: Epoch 478: loss=0.0140, RMSE_E_per_atom=0.4 meV, RMSE_F=11.7 meV / A, RMSE_Mu_per_atom=1.47 mDebye
2023-10-26 12:08:26.711 INFO: Epoch 480: loss=0.0149, RMSE_E_per_atom=0.6 meV, RMSE_F=12.1 meV / A, RMSE_Mu_per_atom=1.45 mDebye
2023-10-26 12:08:27.644 INFO: Epoch 482: loss=0.0140, RMSE_E_per_atom=0.6 meV, RMSE_F=11.7 meV / A, RMSE_Mu_per_atom=1.47 mDebye
2023-10-26 12:08:28.846 INFO: Epoch 484: loss=0.0153, RMSE_E_per_atom=0.7 meV, RMSE_F=12.3 meV / A, RMSE_Mu_per_atom=1.43 mDebye
2023-10-26 12:08:29.783 INFO: Epoch 486: loss=0.0186, RMSE_E_per_atom=0.8 meV, RMSE_F=13.6 meV / A, RMSE_Mu_per_atom=1.48 mDebye
2023-10-26 12:08:30.727 INFO: Epoch 488: loss=0.0182, RMSE_E_per_atom=0.7 meV, RMSE_F=13.4 meV / A, RMSE_Mu_per_atom=1.42 mDebye
2023-10-26 12:08:31.664 INFO: Epoch 490: loss=0.0222, RMSE_E_per_atom=1.2 meV, RMSE_F=14.8 meV / A, RMSE_Mu_per_atom=1.47 mDebye
2023-10-26 12:08:32.598 INFO: Epoch 492: loss=0.0153, RMSE_E_per_atom=0.3 meV, RMSE_F=12.3 meV / A, RMSE_Mu_per_atom=1.48 mDebye
2023-10-26 12:08:33.534 INFO: Epoch 494: loss=0.0163, RMSE_E_per_atom=1.2 meV, RMSE_F=12.7 meV / A, RMSE_Mu_per_atom=1.44 mDebye
2023-10-26 12:08:34.470 INFO: Epoch 496: loss=0.0153, RMSE_E_per_atom=1.3 meV, RMSE_F=12.3 meV / A, RMSE_Mu_per_atom=1.46 mDebye
2023-10-26 12:08:35.414 INFO: Epoch 498: loss=0.0126, RMSE_E_per_atom=0.5 meV, RMSE_F=11.1 meV / A, RMSE_Mu_per_atom=1.47 mDebye
2023-10-26 12:08:36.616 INFO: Epoch 500: loss=0.0126, RMSE_E_per_atom=0.3 meV, RMSE_F=11.1 meV / A, RMSE_Mu_per_atom=1.41 mDebye
2023-10-26 12:08:37.819 INFO: Epoch 502: loss=0.0127, RMSE_E_per_atom=0.4 meV, RMSE_F=11.2 meV / A, RMSE_Mu_per_atom=1.45 mDebye
2023-10-26 12:08:38.755 INFO: Epoch 504: loss=0.0142, RMSE_E_per_atom=1.1 meV, RMSE_F=11.8 meV / A, RMSE_Mu_per_atom=1.43 mDebye
2023-10-26 12:08:39.697 INFO: Epoch 506: loss=0.0162, RMSE_E_per_atom=0.4 meV, RMSE_F=12.7 meV / A, RMSE_Mu_per_atom=1.46 mDebye
2023-10-26 12:08:40.638 INFO: Epoch 508: loss=0.0170, RMSE_E_per_atom=0.3 meV, RMSE_F=13.0 meV / A, RMSE_Mu_per_atom=1.39 mDebye
2023-10-26 12:08:41.578 INFO: Epoch 510: loss=0.0129, RMSE_E_per_atom=0.1 meV, RMSE_F=11.3 meV / A, RMSE_Mu_per_atom=1.41 mDebye
2023-10-26 12:08:42.513 INFO: Epoch 512: loss=0.0143, RMSE_E_per_atom=0.6 meV, RMSE_F=11.9 meV / A, RMSE_Mu_per_atom=1.42 mDebye
2023-10-26 12:08:43.451 INFO: Epoch 514: loss=0.0134, RMSE_E_per_atom=0.3 meV, RMSE_F=11.5 meV / A, RMSE_Mu_per_atom=1.43 mDebye
2023-10-26 12:08:44.388 INFO: Epoch 516: loss=0.0134, RMSE_E_per_atom=0.4 meV, RMSE_F=11.5 meV / A, RMSE_Mu_per_atom=1.42 mDebye
2023-10-26 12:08:45.330 INFO: Epoch 518: loss=0.0236, RMSE_E_per_atom=0.8 meV, RMSE_F=15.3 meV / A, RMSE_Mu_per_atom=1.41 mDebye
2023-10-26 12:08:46.272 INFO: Epoch 520: loss=0.0167, RMSE_E_per_atom=0.2 meV, RMSE_F=12.9 meV / A, RMSE_Mu_per_atom=1.42 mDebye
2023-10-26 12:08:47.209 INFO: Epoch 522: loss=0.0133, RMSE_E_per_atom=0.4 meV, RMSE_F=11.4 meV / A, RMSE_Mu_per_atom=1.40 mDebye
2023-10-26 12:08:48.144 INFO: Epoch 524: loss=0.0159, RMSE_E_per_atom=0.5 meV, RMSE_F=12.5 meV / A, RMSE_Mu_per_atom=1.44 mDebye
2023-10-26 12:08:49.083 INFO: Epoch 526: loss=0.0128, RMSE_E_per_atom=0.2 meV, RMSE_F=11.2 meV / A, RMSE_Mu_per_atom=1.42 mDebye
2023-10-26 12:08:50.018 INFO: Epoch 528: loss=0.0124, RMSE_E_per_atom=0.2 meV, RMSE_F=11.0 meV / A, RMSE_Mu_per_atom=1.42 mDebye
2023-10-26 12:08:51.222 INFO: Epoch 530: loss=0.0111, RMSE_E_per_atom=0.7 meV, RMSE_F=10.5 meV / A, RMSE_Mu_per_atom=1.40 mDebye
2023-10-26 12:08:52.425 INFO: Epoch 532: loss=0.0117, RMSE_E_per_atom=0.2 meV, RMSE_F=10.7 meV / A, RMSE_Mu_per_atom=1.42 mDebye
2023-10-26 12:08:53.362 INFO: Epoch 534: loss=0.0132, RMSE_E_per_atom=0.5 meV, RMSE_F=11.4 meV / A, RMSE_Mu_per_atom=1.42 mDebye
2023-10-26 12:08:54.306 INFO: Epoch 536: loss=0.0237, RMSE_E_per_atom=0.3 meV, RMSE_F=15.3 meV / A, RMSE_Mu_per_atom=1.45 mDebye
2023-10-26 12:08:55.249 INFO: Epoch 538: loss=0.0125, RMSE_E_per_atom=0.7 meV, RMSE_F=11.1 meV / A, RMSE_Mu_per_atom=1.39 mDebye
2023-10-26 12:08:56.188 INFO: Epoch 540: loss=0.0159, RMSE_E_per_atom=0.3 meV, RMSE_F=12.5 meV / A, RMSE_Mu_per_atom=1.45 mDebye
2023-10-26 12:08:57.148 INFO: Epoch 542: loss=0.0137, RMSE_E_per_atom=1.0 meV, RMSE_F=11.6 meV / A, RMSE_Mu_per_atom=1.43 mDebye
2023-10-26 12:08:58.083 INFO: Epoch 544: loss=0.0130, RMSE_E_per_atom=0.4 meV, RMSE_F=11.3 meV / A, RMSE_Mu_per_atom=1.38 mDebye
2023-10-26 12:08:59.017 INFO: Epoch 546: loss=0.0128, RMSE_E_per_atom=0.5 meV, RMSE_F=11.2 meV / A, RMSE_Mu_per_atom=1.45 mDebye
2023-10-26 12:08:59.957 INFO: Epoch 548: loss=0.0120, RMSE_E_per_atom=0.3 meV, RMSE_F=10.8 meV / A, RMSE_Mu_per_atom=1.42 mDebye
2023-10-26 12:09:00.896 INFO: Epoch 550: loss=0.0113, RMSE_E_per_atom=0.1 meV, RMSE_F=10.5 meV / A, RMSE_Mu_per_atom=1.38 mDebye
2023-10-26 12:09:01.837 INFO: Epoch 552: loss=0.0117, RMSE_E_per_atom=0.5 meV, RMSE_F=10.7 meV / A, RMSE_Mu_per_atom=1.38 mDebye
2023-10-26 12:09:02.772 INFO: Epoch 554: loss=0.0126, RMSE_E_per_atom=0.2 meV, RMSE_F=11.1 meV / A, RMSE_Mu_per_atom=1.41 mDebye
2023-10-26 12:09:03.717 INFO: Epoch 556: loss=0.0115, RMSE_E_per_atom=0.2 meV, RMSE_F=10.6 meV / A, RMSE_Mu_per_atom=1.40 mDebye
2023-10-26 12:09:04.658 INFO: Epoch 558: loss=0.0117, RMSE_E_per_atom=0.5 meV, RMSE_F=10.7 meV / A, RMSE_Mu_per_atom=1.40 mDebye
2023-10-26 12:09:05.596 INFO: Epoch 560: loss=0.0113, RMSE_E_per_atom=0.2 meV, RMSE_F=10.6 meV / A, RMSE_Mu_per_atom=1.43 mDebye
2023-10-26 12:09:06.539 INFO: Epoch 562: loss=0.0110, RMSE_E_per_atom=0.5 meV, RMSE_F=10.4 meV / A, RMSE_Mu_per_atom=1.39 mDebye
2023-10-26 12:09:07.742 INFO: Epoch 564: loss=0.0112, RMSE_E_per_atom=0.4 meV, RMSE_F=10.5 meV / A, RMSE_Mu_per_atom=1.40 mDebye
2023-10-26 12:09:08.683 INFO: Epoch 566: loss=0.0114, RMSE_E_per_atom=0.3 meV, RMSE_F=10.6 meV / A, RMSE_Mu_per_atom=1.37 mDebye
2023-10-26 12:09:09.621 INFO: Epoch 568: loss=0.0116, RMSE_E_per_atom=0.2 meV, RMSE_F=10.7 meV / A, RMSE_Mu_per_atom=1.40 mDebye
2023-10-26 12:09:10.558 INFO: Epoch 570: loss=0.0107, RMSE_E_per_atom=0.2 meV, RMSE_F=10.2 meV / A, RMSE_Mu_per_atom=1.42 mDebye
2023-10-26 12:09:11.765 INFO: Epoch 572: loss=0.0108, RMSE_E_per_atom=0.2 meV, RMSE_F=10.3 meV / A, RMSE_Mu_per_atom=1.36 mDebye
2023-10-26 12:09:12.722 INFO: Epoch 574: loss=0.0122, RMSE_E_per_atom=0.2 meV, RMSE_F=10.9 meV / A, RMSE_Mu_per_atom=1.40 mDebye
2023-10-26 12:09:13.663 INFO: Epoch 576: loss=0.0124, RMSE_E_per_atom=0.7 meV, RMSE_F=11.1 meV / A, RMSE_Mu_per_atom=1.38 mDebye
2023-10-26 12:09:14.598 INFO: Epoch 578: loss=0.0123, RMSE_E_per_atom=1.1 meV, RMSE_F=11.0 meV / A, RMSE_Mu_per_atom=1.36 mDebye
2023-10-26 12:09:15.539 INFO: Epoch 580: loss=0.0119, RMSE_E_per_atom=0.2 meV, RMSE_F=10.8 meV / A, RMSE_Mu_per_atom=1.45 mDebye
2023-10-26 12:09:16.501 INFO: Epoch 582: loss=0.0104, RMSE_E_per_atom=0.3 meV, RMSE_F=10.1 meV / A, RMSE_Mu_per_atom=1.35 mDebye
2023-10-26 12:09:17.713 INFO: Epoch 584: loss=0.0100, RMSE_E_per_atom=0.4 meV, RMSE_F=9.9 meV / A, RMSE_Mu_per_atom=1.34 mDebye
2023-10-26 12:09:18.914 INFO: Epoch 586: loss=0.0160, RMSE_E_per_atom=0.2 meV, RMSE_F=12.6 meV / A, RMSE_Mu_per_atom=1.38 mDebye
2023-10-26 12:09:19.850 INFO: Epoch 588: loss=0.0115, RMSE_E_per_atom=0.4 meV, RMSE_F=10.6 meV / A, RMSE_Mu_per_atom=1.36 mDebye
2023-10-26 12:09:20.790 INFO: Epoch 590: loss=0.0135, RMSE_E_per_atom=0.2 meV, RMSE_F=11.5 meV / A, RMSE_Mu_per_atom=1.36 mDebye
2023-10-26 12:09:21.734 INFO: Epoch 592: loss=0.0104, RMSE_E_per_atom=1.2 meV, RMSE_F=10.1 meV / A, RMSE_Mu_per_atom=1.41 mDebye
2023-10-26 12:09:22.674 INFO: Epoch 594: loss=0.0103, RMSE_E_per_atom=0.2 meV, RMSE_F=10.0 meV / A, RMSE_Mu_per_atom=1.37 mDebye
2023-10-26 12:09:23.612 INFO: Epoch 596: loss=0.0105, RMSE_E_per_atom=0.1 meV, RMSE_F=10.2 meV / A, RMSE_Mu_per_atom=1.37 mDebye
2023-10-26 12:09:24.549 INFO: Epoch 598: loss=0.0118, RMSE_E_per_atom=0.7 meV, RMSE_F=10.8 meV / A, RMSE_Mu_per_atom=1.37 mDebye
2023-10-26 12:09:25.486 INFO: Epoch 600: loss=0.0094, RMSE_E_per_atom=0.8 meV, RMSE_F=9.6 meV / A, RMSE_Mu_per_atom=1.36 mDebye
2023-10-26 12:09:26.688 INFO: Epoch 602: loss=0.0102, RMSE_E_per_atom=0.2 meV, RMSE_F=10.0 meV / A, RMSE_Mu_per_atom=1.39 mDebye
2023-10-26 12:09:27.622 INFO: Epoch 604: loss=0.0109, RMSE_E_per_atom=0.3 meV, RMSE_F=10.4 meV / A, RMSE_Mu_per_atom=1.36 mDebye
2023-10-26 12:09:28.559 INFO: Epoch 606: loss=0.0090, RMSE_E_per_atom=0.5 meV, RMSE_F=9.4 meV / A, RMSE_Mu_per_atom=1.37 mDebye
2023-10-26 12:09:29.763 INFO: Epoch 608: loss=0.0113, RMSE_E_per_atom=0.7 meV, RMSE_F=10.6 meV / A, RMSE_Mu_per_atom=1.31 mDebye
2023-10-26 12:09:30.700 INFO: Epoch 610: loss=0.0129, RMSE_E_per_atom=0.2 meV, RMSE_F=11.3 meV / A, RMSE_Mu_per_atom=1.37 mDebye
2023-10-26 12:09:31.637 INFO: Epoch 612: loss=0.0117, RMSE_E_per_atom=1.0 meV, RMSE_F=10.7 meV / A, RMSE_Mu_per_atom=1.43 mDebye
2023-10-26 12:09:32.576 INFO: Epoch 614: loss=0.0109, RMSE_E_per_atom=0.5 meV, RMSE_F=10.4 meV / A, RMSE_Mu_per_atom=1.35 mDebye
2023-10-26 12:09:33.511 INFO: Epoch 616: loss=0.0117, RMSE_E_per_atom=0.5 meV, RMSE_F=10.7 meV / A, RMSE_Mu_per_atom=1.40 mDebye
2023-10-26 12:09:34.447 INFO: Epoch 618: loss=0.0097, RMSE_E_per_atom=0.2 meV, RMSE_F=9.8 meV / A, RMSE_Mu_per_atom=1.35 mDebye
2023-10-26 12:09:35.389 INFO: Epoch 620: loss=0.0090, RMSE_E_per_atom=0.2 meV, RMSE_F=9.4 meV / A, RMSE_Mu_per_atom=1.35 mDebye
2023-10-26 12:09:36.333 INFO: Epoch 622: loss=0.0108, RMSE_E_per_atom=0.4 meV, RMSE_F=10.3 meV / A, RMSE_Mu_per_atom=1.38 mDebye
2023-10-26 12:09:37.274 INFO: Epoch 624: loss=0.0134, RMSE_E_per_atom=0.2 meV, RMSE_F=11.5 meV / A, RMSE_Mu_per_atom=1.35 mDebye
2023-10-26 12:09:38.216 INFO: Epoch 626: loss=0.0137, RMSE_E_per_atom=0.5 meV, RMSE_F=11.7 meV / A, RMSE_Mu_per_atom=1.32 mDebye
2023-10-26 12:09:39.157 INFO: Epoch 628: loss=0.0094, RMSE_E_per_atom=0.1 meV, RMSE_F=9.6 meV / A, RMSE_Mu_per_atom=1.39 mDebye
2023-10-26 12:09:40.108 INFO: Epoch 630: loss=0.0117, RMSE_E_per_atom=0.7 meV, RMSE_F=10.7 meV / A, RMSE_Mu_per_atom=1.34 mDebye
2023-10-26 12:09:41.047 INFO: Epoch 632: loss=0.0125, RMSE_E_per_atom=0.8 meV, RMSE_F=11.1 meV / A, RMSE_Mu_per_atom=1.33 mDebye
2023-10-26 12:09:41.989 INFO: Epoch 634: loss=0.0096, RMSE_E_per_atom=0.2 meV, RMSE_F=9.7 meV / A, RMSE_Mu_per_atom=1.32 mDebye
2023-10-26 12:09:42.932 INFO: Epoch 636: loss=0.0101, RMSE_E_per_atom=0.6 meV, RMSE_F=10.0 meV / A, RMSE_Mu_per_atom=1.32 mDebye
2023-10-26 12:09:43.871 INFO: Epoch 638: loss=0.0101, RMSE_E_per_atom=0.2 meV, RMSE_F=9.9 meV / A, RMSE_Mu_per_atom=1.40 mDebye
2023-10-26 12:09:44.813 INFO: Epoch 640: loss=0.0106, RMSE_E_per_atom=0.6 meV, RMSE_F=10.2 meV / A, RMSE_Mu_per_atom=1.35 mDebye
2023-10-26 12:09:45.757 INFO: Epoch 642: loss=0.0107, RMSE_E_per_atom=0.3 meV, RMSE_F=10.2 meV / A, RMSE_Mu_per_atom=1.35 mDebye
2023-10-26 12:09:46.699 INFO: Epoch 644: loss=0.0129, RMSE_E_per_atom=1.2 meV, RMSE_F=11.3 meV / A, RMSE_Mu_per_atom=1.31 mDebye
2023-10-26 12:09:47.650 INFO: Epoch 646: loss=0.0089, RMSE_E_per_atom=0.3 meV, RMSE_F=9.3 meV / A, RMSE_Mu_per_atom=1.38 mDebye
2023-10-26 12:09:48.857 INFO: Epoch 648: loss=0.0085, RMSE_E_per_atom=0.2 meV, RMSE_F=9.1 meV / A, RMSE_Mu_per_atom=1.33 mDebye
2023-10-26 12:09:50.078 INFO: Epoch 650: loss=0.0096, RMSE_E_per_atom=0.2 meV, RMSE_F=9.7 meV / A, RMSE_Mu_per_atom=1.33 mDebye
2023-10-26 12:09:51.015 INFO: Epoch 652: loss=0.0096, RMSE_E_per_atom=0.9 meV, RMSE_F=9.7 meV / A, RMSE_Mu_per_atom=1.38 mDebye
2023-10-26 12:09:51.952 INFO: Epoch 654: loss=0.0088, RMSE_E_per_atom=0.1 meV, RMSE_F=9.3 meV / A, RMSE_Mu_per_atom=1.28 mDebye
2023-10-26 12:09:52.892 INFO: Epoch 656: loss=0.0092, RMSE_E_per_atom=0.2 meV, RMSE_F=9.5 meV / A, RMSE_Mu_per_atom=1.34 mDebye
2023-10-26 12:09:53.831 INFO: Epoch 658: loss=0.0088, RMSE_E_per_atom=0.3 meV, RMSE_F=9.3 meV / A, RMSE_Mu_per_atom=1.35 mDebye
2023-10-26 12:09:54.788 INFO: Epoch 660: loss=0.0082, RMSE_E_per_atom=0.4 meV, RMSE_F=9.0 meV / A, RMSE_Mu_per_atom=1.32 mDebye
2023-10-26 12:09:56.084 INFO: Epoch 662: loss=0.0088, RMSE_E_per_atom=0.2 meV, RMSE_F=9.3 meV / A, RMSE_Mu_per_atom=1.36 mDebye
2023-10-26 12:09:57.023 INFO: Epoch 664: loss=0.0085, RMSE_E_per_atom=0.6 meV, RMSE_F=9.1 meV / A, RMSE_Mu_per_atom=1.37 mDebye
2023-10-26 12:09:57.961 INFO: Epoch 666: loss=0.0083, RMSE_E_per_atom=0.3 meV, RMSE_F=9.0 meV / A, RMSE_Mu_per_atom=1.33 mDebye
2023-10-26 12:09:58.903 INFO: Epoch 668: loss=0.0290, RMSE_E_per_atom=0.4 meV, RMSE_F=17.0 meV / A, RMSE_Mu_per_atom=1.35 mDebye
2023-10-26 12:09:59.844 INFO: Epoch 670: loss=0.0365, RMSE_E_per_atom=1.5 meV, RMSE_F=19.1 meV / A, RMSE_Mu_per_atom=1.34 mDebye
2023-10-26 12:10:00.788 INFO: Epoch 672: loss=0.0215, RMSE_E_per_atom=3.4 meV, RMSE_F=14.6 meV / A, RMSE_Mu_per_atom=1.33 mDebye
2023-10-26 12:10:01.740 INFO: Epoch 674: loss=0.0189, RMSE_E_per_atom=4.0 meV, RMSE_F=13.7 meV / A, RMSE_Mu_per_atom=1.31 mDebye
2023-10-26 12:10:02.689 INFO: Epoch 676: loss=0.0117, RMSE_E_per_atom=1.6 meV, RMSE_F=10.7 meV / A, RMSE_Mu_per_atom=1.38 mDebye
2023-10-26 12:10:03.639 INFO: Epoch 678: loss=0.0089, RMSE_E_per_atom=0.9 meV, RMSE_F=9.3 meV / A, RMSE_Mu_per_atom=1.35 mDebye
2023-10-26 12:10:04.588 INFO: Epoch 680: loss=0.0095, RMSE_E_per_atom=0.4 meV, RMSE_F=9.7 meV / A, RMSE_Mu_per_atom=1.28 mDebye
2023-10-26 12:10:05.539 INFO: Epoch 682: loss=0.0097, RMSE_E_per_atom=1.6 meV, RMSE_F=9.8 meV / A, RMSE_Mu_per_atom=1.39 mDebye
2023-10-26 12:10:06.485 INFO: Epoch 684: loss=0.0082, RMSE_E_per_atom=1.1 meV, RMSE_F=9.0 meV / A, RMSE_Mu_per_atom=1.34 mDebye
2023-10-26 12:10:07.707 INFO: Epoch 686: loss=0.0085, RMSE_E_per_atom=0.3 meV, RMSE_F=9.1 meV / A, RMSE_Mu_per_atom=1.31 mDebye
2023-10-26 12:10:08.647 INFO: Epoch 688: loss=0.0148, RMSE_E_per_atom=0.9 meV, RMSE_F=12.1 meV / A, RMSE_Mu_per_atom=1.29 mDebye
2023-10-26 12:10:09.590 INFO: Epoch 690: loss=0.0087, RMSE_E_per_atom=0.2 meV, RMSE_F=9.2 meV / A, RMSE_Mu_per_atom=1.40 mDebye
2023-10-26 12:10:10.540 INFO: Epoch 692: loss=0.0091, RMSE_E_per_atom=1.4 meV, RMSE_F=9.4 meV / A, RMSE_Mu_per_atom=1.30 mDebye
2023-10-26 12:10:11.484 INFO: Epoch 694: loss=0.0098, RMSE_E_per_atom=0.2 meV, RMSE_F=9.8 meV / A, RMSE_Mu_per_atom=1.33 mDebye
2023-10-26 12:10:12.430 INFO: Epoch 696: loss=0.0077, RMSE_E_per_atom=1.4 meV, RMSE_F=8.6 meV / A, RMSE_Mu_per_atom=1.37 mDebye
2023-10-26 12:10:13.635 INFO: Epoch 698: loss=0.0083, RMSE_E_per_atom=1.1 meV, RMSE_F=9.0 meV / A, RMSE_Mu_per_atom=1.30 mDebye
2023-10-26 12:10:14.573 INFO: Epoch 700: loss=0.0120, RMSE_E_per_atom=0.2 meV, RMSE_F=10.9 meV / A, RMSE_Mu_per_atom=1.32 mDebye
2023-10-26 12:10:15.515 INFO: Epoch 702: loss=0.0100, RMSE_E_per_atom=0.2 meV, RMSE_F=9.9 meV / A, RMSE_Mu_per_atom=1.30 mDebye
2023-10-26 12:10:16.463 INFO: Epoch 704: loss=0.0082, RMSE_E_per_atom=0.6 meV, RMSE_F=9.0 meV / A, RMSE_Mu_per_atom=1.30 mDebye
2023-10-26 12:10:17.432 INFO: Epoch 706: loss=0.0098, RMSE_E_per_atom=0.3 meV, RMSE_F=9.8 meV / A, RMSE_Mu_per_atom=1.35 mDebye
2023-10-26 12:10:18.386 INFO: Epoch 708: loss=0.0095, RMSE_E_per_atom=0.3 meV, RMSE_F=9.7 meV / A, RMSE_Mu_per_atom=1.37 mDebye
2023-10-26 12:10:19.326 INFO: Epoch 710: loss=0.0098, RMSE_E_per_atom=0.2 meV, RMSE_F=9.8 meV / A, RMSE_Mu_per_atom=1.28 mDebye
2023-10-26 12:10:20.269 INFO: Epoch 712: loss=0.0128, RMSE_E_per_atom=0.8 meV, RMSE_F=11.3 meV / A, RMSE_Mu_per_atom=1.30 mDebye
2023-10-26 12:10:21.214 INFO: Epoch 714: loss=0.0096, RMSE_E_per_atom=1.8 meV, RMSE_F=9.7 meV / A, RMSE_Mu_per_atom=1.33 mDebye
2023-10-26 12:10:22.150 INFO: Epoch 716: loss=0.0115, RMSE_E_per_atom=0.7 meV, RMSE_F=10.7 meV / A, RMSE_Mu_per_atom=1.30 mDebye
2023-10-26 12:10:23.097 INFO: Epoch 718: loss=0.0133, RMSE_E_per_atom=0.4 meV, RMSE_F=11.5 meV / A, RMSE_Mu_per_atom=1.32 mDebye
2023-10-26 12:10:24.038 INFO: Epoch 720: loss=0.0085, RMSE_E_per_atom=0.6 meV, RMSE_F=9.1 meV / A, RMSE_Mu_per_atom=1.28 mDebye
2023-10-26 12:10:24.979 INFO: Epoch 722: loss=0.0081, RMSE_E_per_atom=1.0 meV, RMSE_F=8.9 meV / A, RMSE_Mu_per_atom=1.33 mDebye
2023-10-26 12:10:25.930 INFO: Epoch 724: loss=0.0093, RMSE_E_per_atom=0.6 meV, RMSE_F=9.6 meV / A, RMSE_Mu_per_atom=1.33 mDebye
2023-10-26 12:10:26.867 INFO: Epoch 726: loss=0.0076, RMSE_E_per_atom=0.4 meV, RMSE_F=8.6 meV / A, RMSE_Mu_per_atom=1.33 mDebye
2023-10-26 12:10:28.073 INFO: Epoch 728: loss=0.0090, RMSE_E_per_atom=0.4 meV, RMSE_F=9.4 meV / A, RMSE_Mu_per_atom=1.28 mDebye
2023-10-26 12:10:29.011 INFO: Epoch 730: loss=0.0070, RMSE_E_per_atom=0.1 meV, RMSE_F=8.2 meV / A, RMSE_Mu_per_atom=1.34 mDebye
2023-10-26 12:10:30.254 INFO: Epoch 732: loss=0.0081, RMSE_E_per_atom=0.1 meV, RMSE_F=8.9 meV / A, RMSE_Mu_per_atom=1.27 mDebye
2023-10-26 12:10:31.196 INFO: Epoch 734: loss=0.0066, RMSE_E_per_atom=0.8 meV, RMSE_F=8.0 meV / A, RMSE_Mu_per_atom=1.27 mDebye
2023-10-26 12:10:32.405 INFO: Epoch 736: loss=0.0092, RMSE_E_per_atom=1.0 meV, RMSE_F=9.5 meV / A, RMSE_Mu_per_atom=1.40 mDebye
2023-10-26 12:10:33.343 INFO: Epoch 738: loss=0.0077, RMSE_E_per_atom=1.1 meV, RMSE_F=8.7 meV / A, RMSE_Mu_per_atom=1.26 mDebye
2023-10-26 12:10:34.282 INFO: Epoch 740: loss=0.0084, RMSE_E_per_atom=0.5 meV, RMSE_F=9.1 meV / A, RMSE_Mu_per_atom=1.29 mDebye
2023-10-26 12:10:35.227 INFO: Epoch 742: loss=0.0075, RMSE_E_per_atom=0.4 meV, RMSE_F=8.5 meV / A, RMSE_Mu_per_atom=1.30 mDebye
2023-10-26 12:10:36.167 INFO: Epoch 744: loss=0.0088, RMSE_E_per_atom=0.5 meV, RMSE_F=9.3 meV / A, RMSE_Mu_per_atom=1.34 mDebye
2023-10-26 12:10:37.113 INFO: Epoch 746: loss=0.0091, RMSE_E_per_atom=0.7 meV, RMSE_F=9.4 meV / A, RMSE_Mu_per_atom=1.29 mDebye
2023-10-26 12:10:38.063 INFO: Epoch 748: loss=0.0078, RMSE_E_per_atom=0.6 meV, RMSE_F=8.8 meV / A, RMSE_Mu_per_atom=1.27 mDebye
2023-10-26 12:10:39.003 INFO: Epoch 750: loss=0.0082, RMSE_E_per_atom=0.5 meV, RMSE_F=8.9 meV / A, RMSE_Mu_per_atom=1.29 mDebye
2023-10-26 12:10:39.955 INFO: Epoch 752: loss=0.0068, RMSE_E_per_atom=0.2 meV, RMSE_F=8.2 meV / A, RMSE_Mu_per_atom=1.31 mDebye
2023-10-26 12:10:40.896 INFO: Epoch 754: loss=0.0068, RMSE_E_per_atom=0.3 meV, RMSE_F=8.1 meV / A, RMSE_Mu_per_atom=1.30 mDebye
2023-10-26 12:10:41.842 INFO: Epoch 756: loss=0.0078, RMSE_E_per_atom=0.4 meV, RMSE_F=8.7 meV / A, RMSE_Mu_per_atom=1.29 mDebye
2023-10-26 12:10:42.785 INFO: Epoch 758: loss=0.0084, RMSE_E_per_atom=0.6 meV, RMSE_F=9.1 meV / A, RMSE_Mu_per_atom=1.29 mDebye
2023-10-26 12:10:43.730 INFO: Epoch 760: loss=0.0108, RMSE_E_per_atom=0.2 meV, RMSE_F=10.3 meV / A, RMSE_Mu_per_atom=1.30 mDebye
2023-10-26 12:10:44.676 INFO: Epoch 762: loss=0.0124, RMSE_E_per_atom=0.3 meV, RMSE_F=11.1 meV / A, RMSE_Mu_per_atom=1.29 mDebye
2023-10-26 12:10:45.620 INFO: Epoch 764: loss=0.0083, RMSE_E_per_atom=1.0 meV, RMSE_F=9.0 meV / A, RMSE_Mu_per_atom=1.34 mDebye
2023-10-26 12:10:46.564 INFO: Epoch 766: loss=0.0091, RMSE_E_per_atom=0.9 meV, RMSE_F=9.5 meV / A, RMSE_Mu_per_atom=1.24 mDebye
2023-10-26 12:10:47.506 INFO: Epoch 768: loss=0.0097, RMSE_E_per_atom=0.3 meV, RMSE_F=9.8 meV / A, RMSE_Mu_per_atom=1.34 mDebye
2023-10-26 12:10:48.443 INFO: Epoch 770: loss=0.0128, RMSE_E_per_atom=0.4 meV, RMSE_F=11.2 meV / A, RMSE_Mu_per_atom=1.34 mDebye
2023-10-26 12:10:49.408 INFO: Epoch 772: loss=0.0071, RMSE_E_per_atom=0.3 meV, RMSE_F=8.3 meV / A, RMSE_Mu_per_atom=1.28 mDebye
2023-10-26 12:10:50.398 INFO: Epoch 774: loss=0.0091, RMSE_E_per_atom=0.2 meV, RMSE_F=9.4 meV / A, RMSE_Mu_per_atom=1.37 mDebye
2023-10-26 12:10:51.361 INFO: Epoch 776: loss=0.0091, RMSE_E_per_atom=0.3 meV, RMSE_F=9.5 meV / A, RMSE_Mu_per_atom=1.28 mDebye
2023-10-26 12:10:52.304 INFO: Epoch 778: loss=0.0128, RMSE_E_per_atom=1.4 meV, RMSE_F=11.3 meV / A, RMSE_Mu_per_atom=1.25 mDebye
2023-10-26 12:10:53.250 INFO: Epoch 780: loss=0.0117, RMSE_E_per_atom=0.2 meV, RMSE_F=10.8 meV / A, RMSE_Mu_per_atom=1.32 mDebye
2023-10-26 12:10:54.198 INFO: Epoch 782: loss=0.0183, RMSE_E_per_atom=1.6 meV, RMSE_F=13.5 meV / A, RMSE_Mu_per_atom=1.31 mDebye
2023-10-26 12:10:55.140 INFO: Epoch 784: loss=0.0326, RMSE_E_per_atom=0.3 meV, RMSE_F=18.0 meV / A, RMSE_Mu_per_atom=1.25 mDebye
2023-10-26 12:10:56.089 INFO: Epoch 786: loss=0.0236, RMSE_E_per_atom=0.4 meV, RMSE_F=15.3 meV / A, RMSE_Mu_per_atom=1.36 mDebye
2023-10-26 12:10:57.041 INFO: Epoch 788: loss=0.0309, RMSE_E_per_atom=1.1 meV, RMSE_F=17.5 meV / A, RMSE_Mu_per_atom=1.29 mDebye
2023-10-26 12:10:57.986 INFO: Epoch 790: loss=0.0234, RMSE_E_per_atom=2.2 meV, RMSE_F=15.2 meV / A, RMSE_Mu_per_atom=1.30 mDebye
2023-10-26 12:10:58.938 INFO: Epoch 792: loss=0.0295, RMSE_E_per_atom=2.3 meV, RMSE_F=17.1 meV / A, RMSE_Mu_per_atom=1.31 mDebye
2023-10-26 12:10:59.878 INFO: Epoch 794: loss=0.0130, RMSE_E_per_atom=1.7 meV, RMSE_F=11.4 meV / A, RMSE_Mu_per_atom=1.25 mDebye
2023-10-26 12:11:00.827 INFO: Epoch 796: loss=0.0074, RMSE_E_per_atom=1.5 meV, RMSE_F=8.5 meV / A, RMSE_Mu_per_atom=1.27 mDebye
2023-10-26 12:11:01.777 INFO: Epoch 798: loss=0.0079, RMSE_E_per_atom=0.9 meV, RMSE_F=8.8 meV / A, RMSE_Mu_per_atom=1.37 mDebye
2023-10-26 12:11:02.239 INFO: Changing loss based on SWA
2023-10-26 12:11:02.723 INFO: Epoch 800: loss=0.0071, RMSE_E_per_atom=0.2 meV, RMSE_F=8.3 meV / A, RMSE_Mu_per_atom=1.28 mDebye
2023-10-26 12:11:03.928 INFO: Epoch 802: loss=0.0064, RMSE_E_per_atom=0.1 meV, RMSE_F=7.9 meV / A, RMSE_Mu_per_atom=1.29 mDebye
2023-10-26 12:11:05.139 INFO: Epoch 804: loss=0.0062, RMSE_E_per_atom=0.1 meV, RMSE_F=7.8 meV / A, RMSE_Mu_per_atom=1.27 mDebye
2023-10-26 12:11:06.345 INFO: Epoch 806: loss=0.0063, RMSE_E_per_atom=0.1 meV, RMSE_F=7.8 meV / A, RMSE_Mu_per_atom=1.27 mDebye
2023-10-26 12:11:07.290 INFO: Epoch 808: loss=0.0062, RMSE_E_per_atom=0.1 meV, RMSE_F=7.8 meV / A, RMSE_Mu_per_atom=1.29 mDebye
2023-10-26 12:11:08.236 INFO: Epoch 810: loss=0.0063, RMSE_E_per_atom=0.1 meV, RMSE_F=7.8 meV / A, RMSE_Mu_per_atom=1.29 mDebye
2023-10-26 12:11:09.185 INFO: Epoch 812: loss=0.0061, RMSE_E_per_atom=0.1 meV, RMSE_F=7.7 meV / A, RMSE_Mu_per_atom=1.29 mDebye
2023-10-26 12:11:10.397 INFO: Epoch 814: loss=0.0062, RMSE_E_per_atom=0.2 meV, RMSE_F=7.7 meV / A, RMSE_Mu_per_atom=1.28 mDebye
2023-10-26 12:11:11.343 INFO: Epoch 816: loss=0.0062, RMSE_E_per_atom=0.2 meV, RMSE_F=7.8 meV / A, RMSE_Mu_per_atom=1.29 mDebye
2023-10-26 12:11:12.291 INFO: Epoch 818: loss=0.0062, RMSE_E_per_atom=0.1 meV, RMSE_F=7.7 meV / A, RMSE_Mu_per_atom=1.29 mDebye
2023-10-26 12:11:13.241 INFO: Epoch 820: loss=0.0062, RMSE_E_per_atom=0.2 meV, RMSE_F=7.8 meV / A, RMSE_Mu_per_atom=1.30 mDebye
2023-10-26 12:11:14.187 INFO: Epoch 822: loss=0.0061, RMSE_E_per_atom=0.1 meV, RMSE_F=7.7 meV / A, RMSE_Mu_per_atom=1.29 mDebye
2023-10-26 12:11:15.403 INFO: Epoch 824: loss=0.0062, RMSE_E_per_atom=0.1 meV, RMSE_F=7.8 meV / A, RMSE_Mu_per_atom=1.30 mDebye
2023-10-26 12:11:16.347 INFO: Epoch 826: loss=0.0062, RMSE_E_per_atom=0.1 meV, RMSE_F=7.7 meV / A, RMSE_Mu_per_atom=1.30 mDebye
2023-10-26 12:11:17.295 INFO: Epoch 828: loss=0.0061, RMSE_E_per_atom=0.1 meV, RMSE_F=7.7 meV / A, RMSE_Mu_per_atom=1.28 mDebye
2023-10-26 12:11:18.507 INFO: Epoch 830: loss=0.0060, RMSE_E_per_atom=0.1 meV, RMSE_F=7.7 meV / A, RMSE_Mu_per_atom=1.27 mDebye
2023-10-26 12:11:19.715 INFO: Epoch 832: loss=0.0062, RMSE_E_per_atom=0.1 meV, RMSE_F=7.7 meV / A, RMSE_Mu_per_atom=1.28 mDebye
2023-10-26 12:11:20.657 INFO: Epoch 834: loss=0.0061, RMSE_E_per_atom=0.1 meV, RMSE_F=7.7 meV / A, RMSE_Mu_per_atom=1.28 mDebye
2023-10-26 12:11:21.601 INFO: Epoch 836: loss=0.0061, RMSE_E_per_atom=0.2 meV, RMSE_F=7.7 meV / A, RMSE_Mu_per_atom=1.28 mDebye
2023-10-26 12:11:22.541 INFO: Epoch 838: loss=0.0061, RMSE_E_per_atom=0.2 meV, RMSE_F=7.7 meV / A, RMSE_Mu_per_atom=1.29 mDebye
2023-10-26 12:11:23.485 INFO: Epoch 840: loss=0.0062, RMSE_E_per_atom=0.1 meV, RMSE_F=7.7 meV / A, RMSE_Mu_per_atom=1.29 mDebye
2023-10-26 12:11:24.428 INFO: Epoch 842: loss=0.0061, RMSE_E_per_atom=0.1 meV, RMSE_F=7.7 meV / A, RMSE_Mu_per_atom=1.27 mDebye
2023-10-26 12:11:25.376 INFO: Epoch 844: loss=0.0062, RMSE_E_per_atom=0.1 meV, RMSE_F=7.7 meV / A, RMSE_Mu_per_atom=1.28 mDebye
2023-10-26 12:11:26.319 INFO: Epoch 846: loss=0.0062, RMSE_E_per_atom=0.1 meV, RMSE_F=7.8 meV / A, RMSE_Mu_per_atom=1.27 mDebye
2023-10-26 12:11:27.272 INFO: Epoch 848: loss=0.0061, RMSE_E_per_atom=0.1 meV, RMSE_F=7.7 meV / A, RMSE_Mu_per_atom=1.28 mDebye
2023-10-26 12:11:28.217 INFO: Epoch 850: loss=0.0061, RMSE_E_per_atom=0.2 meV, RMSE_F=7.7 meV / A, RMSE_Mu_per_atom=1.27 mDebye
2023-10-26 12:11:29.163 INFO: Epoch 852: loss=0.0061, RMSE_E_per_atom=0.1 meV, RMSE_F=7.7 meV / A, RMSE_Mu_per_atom=1.29 mDebye
2023-10-26 12:11:30.109 INFO: Epoch 854: loss=0.0061, RMSE_E_per_atom=0.2 meV, RMSE_F=7.7 meV / A, RMSE_Mu_per_atom=1.29 mDebye
2023-10-26 12:11:31.056 INFO: Epoch 856: loss=0.0062, RMSE_E_per_atom=0.2 meV, RMSE_F=7.7 meV / A, RMSE_Mu_per_atom=1.29 mDebye
2023-10-26 12:11:32.002 INFO: Epoch 858: loss=0.0060, RMSE_E_per_atom=0.2 meV, RMSE_F=7.6 meV / A, RMSE_Mu_per_atom=1.27 mDebye
2023-10-26 12:11:33.214 INFO: Epoch 860: loss=0.0061, RMSE_E_per_atom=0.1 meV, RMSE_F=7.7 meV / A, RMSE_Mu_per_atom=1.28 mDebye
2023-10-26 12:11:34.161 INFO: Epoch 862: loss=0.0061, RMSE_E_per_atom=0.1 meV, RMSE_F=7.7 meV / A, RMSE_Mu_per_atom=1.28 mDebye
2023-10-26 12:11:35.104 INFO: Epoch 864: loss=0.0060, RMSE_E_per_atom=0.1 meV, RMSE_F=7.6 meV / A, RMSE_Mu_per_atom=1.28 mDebye
2023-10-26 12:11:36.055 INFO: Epoch 866: loss=0.0060, RMSE_E_per_atom=0.1 meV, RMSE_F=7.7 meV / A, RMSE_Mu_per_atom=1.28 mDebye
2023-10-26 12:11:37.002 INFO: Epoch 868: loss=0.0060, RMSE_E_per_atom=0.1 meV, RMSE_F=7.7 meV / A, RMSE_Mu_per_atom=1.27 mDebye
2023-10-26 12:11:37.951 INFO: Epoch 870: loss=0.0060, RMSE_E_per_atom=0.1 meV, RMSE_F=7.6 meV / A, RMSE_Mu_per_atom=1.27 mDebye
2023-10-26 12:11:38.909 INFO: Epoch 872: loss=0.0060, RMSE_E_per_atom=0.1 meV, RMSE_F=7.6 meV / A, RMSE_Mu_per_atom=1.28 mDebye
2023-10-26 12:11:40.119 INFO: Epoch 874: loss=0.0061, RMSE_E_per_atom=0.1 meV, RMSE_F=7.7 meV / A, RMSE_Mu_per_atom=1.30 mDebye
2023-10-26 12:11:41.063 INFO: Epoch 876: loss=0.0060, RMSE_E_per_atom=0.1 meV, RMSE_F=7.6 meV / A, RMSE_Mu_per_atom=1.30 mDebye
2023-10-26 12:11:42.270 INFO: Epoch 878: loss=0.0060, RMSE_E_per_atom=0.1 meV, RMSE_F=7.7 meV / A, RMSE_Mu_per_atom=1.28 mDebye
2023-10-26 12:11:43.212 INFO: Epoch 880: loss=0.0061, RMSE_E_per_atom=0.2 meV, RMSE_F=7.7 meV / A, RMSE_Mu_per_atom=1.27 mDebye
2023-10-26 12:11:44.167 INFO: Epoch 882: loss=0.0060, RMSE_E_per_atom=0.1 meV, RMSE_F=7.6 meV / A, RMSE_Mu_per_atom=1.27 mDebye
2023-10-26 12:11:45.114 INFO: Epoch 884: loss=0.0060, RMSE_E_per_atom=0.2 meV, RMSE_F=7.6 meV / A, RMSE_Mu_per_atom=1.27 mDebye
2023-10-26 12:11:46.066 INFO: Epoch 886: loss=0.0061, RMSE_E_per_atom=0.1 meV, RMSE_F=7.7 meV / A, RMSE_Mu_per_atom=1.28 mDebye
2023-10-26 12:11:47.036 INFO: Epoch 888: loss=0.0060, RMSE_E_per_atom=0.1 meV, RMSE_F=7.6 meV / A, RMSE_Mu_per_atom=1.27 mDebye
2023-10-26 12:11:48.339 INFO: Epoch 890: loss=0.0060, RMSE_E_per_atom=0.1 meV, RMSE_F=7.6 meV / A, RMSE_Mu_per_atom=1.28 mDebye
2023-10-26 12:11:49.561 INFO: Epoch 892: loss=0.0061, RMSE_E_per_atom=0.1 meV, RMSE_F=7.7 meV / A, RMSE_Mu_per_atom=1.27 mDebye
2023-10-26 12:11:50.510 INFO: Epoch 894: loss=0.0060, RMSE_E_per_atom=0.2 meV, RMSE_F=7.6 meV / A, RMSE_Mu_per_atom=1.27 mDebye
2023-10-26 12:11:51.463 INFO: Epoch 896: loss=0.0059, RMSE_E_per_atom=0.1 meV, RMSE_F=7.6 meV / A, RMSE_Mu_per_atom=1.25 mDebye
2023-10-26 12:11:52.673 INFO: Epoch 898: loss=0.0060, RMSE_E_per_atom=0.2 meV, RMSE_F=7.6 meV / A, RMSE_Mu_per_atom=1.24 mDebye
2023-10-26 12:11:53.618 INFO: Epoch 900: loss=0.0060, RMSE_E_per_atom=0.1 meV, RMSE_F=7.6 meV / A, RMSE_Mu_per_atom=1.26 mDebye
2023-10-26 12:11:54.565 INFO: Epoch 902: loss=0.0060, RMSE_E_per_atom=0.2 meV, RMSE_F=7.6 meV / A, RMSE_Mu_per_atom=1.27 mDebye
2023-10-26 12:11:55.517 INFO: Epoch 904: loss=0.0060, RMSE_E_per_atom=0.2 meV, RMSE_F=7.6 meV / A, RMSE_Mu_per_atom=1.28 mDebye
2023-10-26 12:11:56.463 INFO: Epoch 906: loss=0.0060, RMSE_E_per_atom=0.1 meV, RMSE_F=7.6 meV / A, RMSE_Mu_per_atom=1.28 mDebye
2023-10-26 12:11:57.408 INFO: Epoch 908: loss=0.0060, RMSE_E_per_atom=0.1 meV, RMSE_F=7.6 meV / A, RMSE_Mu_per_atom=1.28 mDebye
2023-10-26 12:11:58.352 INFO: Epoch 910: loss=0.0060, RMSE_E_per_atom=0.2 meV, RMSE_F=7.6 meV / A, RMSE_Mu_per_atom=1.29 mDebye
2023-10-26 12:11:59.299 INFO: Epoch 912: loss=0.0060, RMSE_E_per_atom=0.1 meV, RMSE_F=7.6 meV / A, RMSE_Mu_per_atom=1.28 mDebye
2023-10-26 12:12:00.251 INFO: Epoch 914: loss=0.0060, RMSE_E_per_atom=0.1 meV, RMSE_F=7.6 meV / A, RMSE_Mu_per_atom=1.26 mDebye
2023-10-26 12:12:01.193 INFO: Epoch 916: loss=0.0059, RMSE_E_per_atom=0.1 meV, RMSE_F=7.6 meV / A, RMSE_Mu_per_atom=1.25 mDebye
2023-10-26 12:12:02.403 INFO: Epoch 918: loss=0.0060, RMSE_E_per_atom=0.2 meV, RMSE_F=7.6 meV / A, RMSE_Mu_per_atom=1.26 mDebye
2023-10-26 12:12:03.345 INFO: Epoch 920: loss=0.0060, RMSE_E_per_atom=0.2 meV, RMSE_F=7.6 meV / A, RMSE_Mu_per_atom=1.27 mDebye
2023-10-26 12:12:04.298 INFO: Epoch 922: loss=0.0059, RMSE_E_per_atom=0.1 meV, RMSE_F=7.5 meV / A, RMSE_Mu_per_atom=1.28 mDebye
2023-10-26 12:12:05.510 INFO: Epoch 924: loss=0.0059, RMSE_E_per_atom=0.2 meV, RMSE_F=7.6 meV / A, RMSE_Mu_per_atom=1.28 mDebye
2023-10-26 12:12:06.466 INFO: Epoch 926: loss=0.0059, RMSE_E_per_atom=0.1 meV, RMSE_F=7.6 meV / A, RMSE_Mu_per_atom=1.28 mDebye
2023-10-26 12:12:07.411 INFO: Epoch 928: loss=0.0059, RMSE_E_per_atom=0.1 meV, RMSE_F=7.5 meV / A, RMSE_Mu_per_atom=1.27 mDebye
2023-10-26 12:12:08.359 INFO: Epoch 930: loss=0.0058, RMSE_E_per_atom=0.2 meV, RMSE_F=7.5 meV / A, RMSE_Mu_per_atom=1.26 mDebye
2023-10-26 12:12:09.571 INFO: Epoch 932: loss=0.0058, RMSE_E_per_atom=0.1 meV, RMSE_F=7.5 meV / A, RMSE_Mu_per_atom=1.27 mDebye
2023-10-26 12:12:10.798 INFO: Epoch 934: loss=0.0059, RMSE_E_per_atom=0.1 meV, RMSE_F=7.5 meV / A, RMSE_Mu_per_atom=1.27 mDebye
2023-10-26 12:12:11.740 INFO: Epoch 936: loss=0.0059, RMSE_E_per_atom=0.1 meV, RMSE_F=7.6 meV / A, RMSE_Mu_per_atom=1.27 mDebye
2023-10-26 12:12:12.687 INFO: Epoch 938: loss=0.0059, RMSE_E_per_atom=0.1 meV, RMSE_F=7.6 meV / A, RMSE_Mu_per_atom=1.27 mDebye
2023-10-26 12:12:13.631 INFO: Epoch 940: loss=0.0059, RMSE_E_per_atom=0.1 meV, RMSE_F=7.5 meV / A, RMSE_Mu_per_atom=1.27 mDebye
2023-10-26 12:12:14.575 INFO: Epoch 942: loss=0.0059, RMSE_E_per_atom=0.1 meV, RMSE_F=7.6 meV / A, RMSE_Mu_per_atom=1.27 mDebye
2023-10-26 12:12:15.524 INFO: Epoch 944: loss=0.0059, RMSE_E_per_atom=0.1 meV, RMSE_F=7.6 meV / A, RMSE_Mu_per_atom=1.28 mDebye
2023-10-26 12:12:16.470 INFO: Epoch 946: loss=0.0058, RMSE_E_per_atom=0.1 meV, RMSE_F=7.5 meV / A, RMSE_Mu_per_atom=1.27 mDebye
2023-10-26 12:12:17.415 INFO: Epoch 948: loss=0.0059, RMSE_E_per_atom=0.1 meV, RMSE_F=7.5 meV / A, RMSE_Mu_per_atom=1.26 mDebye
2023-10-26 12:12:18.362 INFO: Epoch 950: loss=0.0058, RMSE_E_per_atom=0.1 meV, RMSE_F=7.5 meV / A, RMSE_Mu_per_atom=1.26 mDebye
2023-10-26 12:12:19.304 INFO: Epoch 952: loss=0.0058, RMSE_E_per_atom=0.2 meV, RMSE_F=7.5 meV / A, RMSE_Mu_per_atom=1.26 mDebye
2023-10-26 12:12:20.248 INFO: Epoch 954: loss=0.0058, RMSE_E_per_atom=0.1 meV, RMSE_F=7.5 meV / A, RMSE_Mu_per_atom=1.28 mDebye
2023-10-26 12:12:21.193 INFO: Epoch 956: loss=0.0059, RMSE_E_per_atom=0.2 meV, RMSE_F=7.5 meV / A, RMSE_Mu_per_atom=1.29 mDebye
2023-10-26 12:12:22.137 INFO: Epoch 958: loss=0.0059, RMSE_E_per_atom=0.2 meV, RMSE_F=7.6 meV / A, RMSE_Mu_per_atom=1.28 mDebye
2023-10-26 12:12:23.081 INFO: Epoch 960: loss=0.0059, RMSE_E_per_atom=0.1 meV, RMSE_F=7.6 meV / A, RMSE_Mu_per_atom=1.27 mDebye
2023-10-26 12:12:24.032 INFO: Epoch 962: loss=0.0059, RMSE_E_per_atom=0.1 meV, RMSE_F=7.6 meV / A, RMSE_Mu_per_atom=1.27 mDebye
2023-10-26 12:12:24.982 INFO: Epoch 964: loss=0.0059, RMSE_E_per_atom=0.2 meV, RMSE_F=7.6 meV / A, RMSE_Mu_per_atom=1.27 mDebye
2023-10-26 12:12:25.930 INFO: Epoch 966: loss=0.0058, RMSE_E_per_atom=0.1 meV, RMSE_F=7.5 meV / A, RMSE_Mu_per_atom=1.26 mDebye
2023-10-26 12:12:26.872 INFO: Epoch 968: loss=0.0057, RMSE_E_per_atom=0.1 meV, RMSE_F=7.5 meV / A, RMSE_Mu_per_atom=1.26 mDebye
2023-10-26 12:12:28.078 INFO: Epoch 970: loss=0.0058, RMSE_E_per_atom=0.2 meV, RMSE_F=7.5 meV / A, RMSE_Mu_per_atom=1.26 mDebye
2023-10-26 12:12:29.021 INFO: Epoch 972: loss=0.0058, RMSE_E_per_atom=0.2 meV, RMSE_F=7.5 meV / A, RMSE_Mu_per_atom=1.26 mDebye
2023-10-26 12:12:29.972 INFO: Epoch 974: loss=0.0058, RMSE_E_per_atom=0.2 meV, RMSE_F=7.5 meV / A, RMSE_Mu_per_atom=1.25 mDebye
2023-10-26 12:12:30.919 INFO: Epoch 976: loss=0.0057, RMSE_E_per_atom=0.1 meV, RMSE_F=7.4 meV / A, RMSE_Mu_per_atom=1.25 mDebye
2023-10-26 12:12:32.128 INFO: Epoch 978: loss=0.0059, RMSE_E_per_atom=0.2 meV, RMSE_F=7.6 meV / A, RMSE_Mu_per_atom=1.26 mDebye
2023-10-26 12:12:33.072 INFO: Epoch 980: loss=0.0058, RMSE_E_per_atom=0.1 meV, RMSE_F=7.5 meV / A, RMSE_Mu_per_atom=1.27 mDebye
2023-10-26 12:12:34.014 INFO: Epoch 982: loss=0.0058, RMSE_E_per_atom=0.1 meV, RMSE_F=7.5 meV / A, RMSE_Mu_per_atom=1.28 mDebye
2023-10-26 12:12:34.960 INFO: Epoch 984: loss=0.0058, RMSE_E_per_atom=0.1 meV, RMSE_F=7.5 meV / A, RMSE_Mu_per_atom=1.28 mDebye
2023-10-26 12:12:35.904 INFO: Epoch 986: loss=0.0058, RMSE_E_per_atom=0.1 meV, RMSE_F=7.5 meV / A, RMSE_Mu_per_atom=1.28 mDebye
2023-10-26 12:12:36.847 INFO: Epoch 988: loss=0.0057, RMSE_E_per_atom=0.1 meV, RMSE_F=7.4 meV / A, RMSE_Mu_per_atom=1.26 mDebye
2023-10-26 12:12:38.056 INFO: Epoch 990: loss=0.0058, RMSE_E_per_atom=0.2 meV, RMSE_F=7.5 meV / A, RMSE_Mu_per_atom=1.25 mDebye
2023-10-26 12:12:39.008 INFO: Epoch 992: loss=0.0057, RMSE_E_per_atom=0.2 meV, RMSE_F=7.4 meV / A, RMSE_Mu_per_atom=1.26 mDebye
2023-10-26 12:12:39.954 INFO: Epoch 994: loss=0.0058, RMSE_E_per_atom=0.2 meV, RMSE_F=7.5 meV / A, RMSE_Mu_per_atom=1.26 mDebye
2023-10-26 12:12:40.897 INFO: Epoch 996: loss=0.0057, RMSE_E_per_atom=0.2 meV, RMSE_F=7.5 meV / A, RMSE_Mu_per_atom=1.26 mDebye
2023-10-26 12:12:41.843 INFO: Epoch 998: loss=0.0058, RMSE_E_per_atom=0.2 meV, RMSE_F=7.5 meV / A, RMSE_Mu_per_atom=1.26 mDebye
2023-10-26 12:12:42.304 INFO: Training complete
2023-10-26 12:12:42.305 INFO: Computing metrics for training, validation, and test sets
2023-10-26 12:12:42.321 INFO: Loading checkpoint: checkpoints/ox_gs_rattled_50x1c_run-3456_epoch-734.pt
2023-10-26 12:12:42.352 INFO: Loaded model from epoch 734
2023-10-26 12:12:42.403 INFO: Evaluating train ...
2023-10-26 12:12:42.596 INFO: Evaluating valid ...
2023-10-26 12:12:42.671 INFO: Evaluating Default ...
2023-10-26 12:12:42.884 INFO: 
+-------------+---------------------+------------------+--------------+-------------------------+---------------+
| config_type | RMSE E / meV / atom | RMSE F / meV / A | rel F RMSE % | RMSE MU / mDebye / atom | rel MU RMSE % |
+-------------+---------------------+------------------+--------------+-------------------------+---------------+
|    train    |         0.8         |       6.1        |     0.3      |           1.1           |      3.3      |
|    valid    |         0.8         |       8.0        |     0.4      |           1.3           |      4.1      |
|   Default   |         0.8         |       6.2        |     0.3      |           1.1           |      3.4      |
+-------------+---------------------+------------------+--------------+-------------------------+---------------+
2023-10-26 12:12:42.884 INFO: Saving model to checkpoints/ox_gs_rattled_50x1c_run-3456.model
2023-10-26 12:12:43.385 INFO: Loading checkpoint: checkpoints/ox_gs_rattled_50x1c_run-3456_epoch-988_swa.pt
2023-10-26 12:12:43.414 INFO: Loaded model from epoch 988
2023-10-26 12:12:43.466 INFO: Evaluating train ...
2023-10-26 12:12:43.659 INFO: Evaluating valid ...
2023-10-26 12:12:43.732 INFO: Evaluating Default ...
2023-10-26 12:12:43.940 INFO: 
+-------------+---------------------+------------------+--------------+-------------------------+---------------+
| config_type | RMSE E / meV / atom | RMSE F / meV / A | rel F RMSE % | RMSE MU / mDebye / atom | rel MU RMSE % |
+-------------+---------------------+------------------+--------------+-------------------------+---------------+
|    train    |         0.2         |       5.1        |     0.2      |           1.0           |      3.2      |
|    valid    |         0.1         |       7.4        |     0.4      |           1.3           |      4.1      |
|   Default   |         0.2         |       5.2        |     0.2      |           1.0           |      3.3      |
+-------------+---------------------+------------------+--------------+-------------------------+---------------+
2023-10-26 12:12:43.940 INFO: Saving model to checkpoints/ox_gs_rattled_50x1c_run-3456_swa.model
2023-10-26 12:12:44.445 INFO: Done
