2023-12-06 18:55:58.866 INFO: MACE version: 0.2.0
2023-12-06 18:55:58.866 INFO: Configuration: Namespace(name='ox_gs_rattled_50x2b', seed=2345, log_dir='logs', model_dir='.', checkpoints_dir='checkpoints', results_dir='results', downloads_dir='downloads', device='cuda', default_dtype='float64', log_level='INFO', error_table='EnergyDipoleRMSE', model='EnergyDipolesMACE', r_max=5.0, num_radial_basis=8, num_cutoff_basis=5, interaction='RealAgnosticResidualInteractionBlock', interaction_first='RealAgnosticResidualInteractionBlock', max_ell=3, correlation=3, num_interactions=2, MLP_irreps='16x0e', radial_MLP='[64, 64, 64]', hidden_irreps='32x0e + 32x1o + 32x2e', num_channels=None, max_L=None, gate='silu', scaling='rms_forces_scaling', avg_num_neighbors=1.0, compute_avg_num_neighbors=True, compute_stress=True, compute_forces=True, train_file='ox_gs_rattled_50x2b_train.xyz', valid_file=None, valid_fraction=0.05, test_file='ox_gs_rattled_50x2b_train.xyz', E0s='{6: -1034.7672562939947, 1: -13.74018495096079, 8: -2057.26969300199}', energy_key='energy', forces_key='forces', virials_key='virials', stress_key='stress', dipole_key='dipole', charges_key='charges', loss='energy_forces_dipole', forces_weight=100.0, swa_forces_weight=100.0, energy_weight=1.0, swa_energy_weight=1000.0, virials_weight=1.0, swa_virials_weight=10.0, stress_weight=1.0, swa_stress_weight=10.0, dipole_weight=1.0, swa_dipole_weight=1.0, config_type_weights='{"Default":1.0}', huber_delta=0.01, optimizer='adam', batch_size=16, valid_batch_size=16, lr=0.01, swa_lr=0.001, weight_decay=5e-07, amsgrad=True, scheduler='ReduceLROnPlateau', lr_factor=0.8, scheduler_patience=50, lr_scheduler_gamma=0.9993, swa=True, start_swa=800, ema=False, ema_decay=0.99, max_num_epochs=1000, patience=2048, eval_interval=2, keep_checkpoints=False, restart_latest=True, save_cpu=False, clip_grad=10.0, wandb=False, wandb_project='', wandb_entity='', wandb_name='', wandb_log_hypers=['num_channels', 'max_L', 'correlation', 'lr', 'swa_lr', 'weight_decay', 'batch_size', 'max_num_epochs', 'start_swa', 'energy_weight', 'forces_weight'])
2023-12-06 18:55:58.901 INFO: CUDA version: 11.7, CUDA device: 0
2023-12-06 18:55:58.924 INFO: Loaded 60 training configurations from 'ox_gs_rattled_50x2b_train.xyz'
2023-12-06 18:55:58.924 INFO: Using random 5.0% of training set for validation
2023-12-06 18:55:58.942 INFO: Loaded 60 test configurations from 'ox_gs_rattled_50x2b_train.xyz'
2023-12-06 18:55:58.942 INFO: Total number of configurations: train=57, valid=3, tests=[Default: 60]
2023-12-06 18:55:58.942 INFO: AtomicNumberTable: (1, 6, 8)
2023-12-06 18:55:58.942 INFO: Atomic Energies not in training file, using command line argument E0s
2023-12-06 18:55:58.942 INFO: Atomic energies: [-13.74018495096079, -1034.7672562939947, -2057.26969300199]
2023-12-06 18:55:58.993 INFO: WeightedEnergyForcesDipoleLoss(energy_weight=1.000, forces_weight=100.000, dipole_weight=1.000)
2023-12-06 18:55:58.998 INFO: Average number of neighbors: 6.0
2023-12-06 18:55:58.998 INFO: Selected the following outputs: {'energy': True, 'forces': True, 'virials': False, 'stress': False, 'dipoles': True}
2023-12-06 18:55:58.998 INFO: Building model
2023-12-06 18:55:58.998 INFO: Hidden irreps: 32x0e + 32x1o + 32x2e
2023-12-06 18:56:00.441 INFO: Using stochastic weight averaging (after 800 epochs) with energy weight : 1000.0, forces weight : 100.0, dipole weight : 1.0 and learning rate : 0.001
2023-12-06 18:56:00.501 WARNING: Cannot find checkpoint with tag 'ox_gs_rattled_50x2b_run-2345' in 'checkpoints'
2023-12-06 18:56:00.501 INFO: EnergyDipolesMACE(
  (node_embedding): LinearNodeEmbeddingBlock(
    (linear): Linear(3x0e -> 32x0e | 96 weights)
  )
  (radial_embedding): RadialEmbeddingBlock(
    (bessel_fn): BesselBasis(r_max=5.0, num_basis=8, trainable=False)
    (cutoff_fn): PolynomialCutoff(p=5.0, r_max=5.0)
  )
  (spherical_harmonics): SphericalHarmonics()
  (atomic_energies_fn): AtomicEnergiesBlock(energies=[-13.7402, -1034.7673, -2057.2697])
  (interactions): ModuleList(
    (0): RealAgnosticInteractionBlock(
      (linear_up): Linear(32x0e -> 32x0e | 1024 weights)
      (conv_tp): TensorProduct(32x0e x 1x0e+1x1o+1x2e+1x3o -> 32x0e+32x1o+32x2e+32x3o | 128 paths | 128 weights)
      (conv_tp_weights): FullyConnectedNet[8, 64, 64, 64, 128]
      (linear): Linear(32x0e+32x1o+32x2e+32x3o -> 32x0e+32x1o+32x2e+32x3o | 4096 weights)
      (skip_tp): FullyConnectedTensorProduct(32x0e+32x1o+32x2e+32x3o x 3x0e -> 32x0e+32x1o+32x2e+32x3o | 12288 paths | 12288 weights)
      (reshape): reshape_irreps()
    )
    (1): RealAgnosticResidualInteractionBlock(
      (linear_up): Linear(32x0e+32x1o+32x2e -> 32x0e+32x1o+32x2e | 3072 weights)
      (conv_tp): TensorProduct(32x0e+32x1o+32x2e x 1x0e+1x1o+1x2e+1x3o -> 96x0e+160x1o+160x2e+128x3o | 544 paths | 544 weights)
      (conv_tp_weights): FullyConnectedNet[8, 64, 64, 64, 544]
      (linear): Linear(96x0e+160x1o+160x2e+128x3o -> 32x0e+32x1o+32x2e+32x3o | 17408 weights)
      (skip_tp): FullyConnectedTensorProduct(32x0e+32x1o+32x2e x 3x0e -> 32x0e+32x1o | 6144 paths | 6144 weights)
      (reshape): reshape_irreps()
    )
  )
  (products): ModuleList(
    (0): EquivariantProductBasisBlock(
      (symmetric_contractions): SymmetricContraction(
        (contractions): ModuleList(
          (0): Contraction(
            (contractions_weighting): ModuleList(
              (0-1): 2 x GraphModule()
            )
            (contractions_features): ModuleList(
              (0-1): 2 x GraphModule()
            )
            (weights): ParameterList(
                (0): Parameter containing: [torch.float64 of size 3x4x32 (GPU 0)]
                (1): Parameter containing: [torch.float64 of size 3x1x32 (GPU 0)]
            )
            (graph_opt_main): GraphModule()
          )
          (1): Contraction(
            (contractions_weighting): ModuleList(
              (0-1): 2 x GraphModule()
            )
            (contractions_features): ModuleList(
              (0-1): 2 x GraphModule()
            )
            (weights): ParameterList(
                (0): Parameter containing: [torch.float64 of size 3x6x32 (GPU 0)]
                (1): Parameter containing: [torch.float64 of size 3x1x32 (GPU 0)]
            )
            (graph_opt_main): GraphModule()
          )
          (2): Contraction(
            (contractions_weighting): ModuleList(
              (0-1): 2 x GraphModule()
            )
            (contractions_features): ModuleList(
              (0-1): 2 x GraphModule()
            )
            (weights): ParameterList(
                (0): Parameter containing: [torch.float64 of size 3x7x32 (GPU 0)]
                (1): Parameter containing: [torch.float64 of size 3x1x32 (GPU 0)]
            )
            (graph_opt_main): GraphModule()
          )
        )
      )
      (linear): Linear(32x0e+32x1o+32x2e -> 32x0e+32x1o+32x2e | 3072 weights)
    )
    (1): EquivariantProductBasisBlock(
      (symmetric_contractions): SymmetricContraction(
        (contractions): ModuleList(
          (0): Contraction(
            (contractions_weighting): ModuleList(
              (0-1): 2 x GraphModule()
            )
            (contractions_features): ModuleList(
              (0-1): 2 x GraphModule()
            )
            (weights): ParameterList(
                (0): Parameter containing: [torch.float64 of size 3x4x32 (GPU 0)]
                (1): Parameter containing: [torch.float64 of size 3x1x32 (GPU 0)]
            )
            (graph_opt_main): GraphModule()
          )
          (1): Contraction(
            (contractions_weighting): ModuleList(
              (0-1): 2 x GraphModule()
            )
            (contractions_features): ModuleList(
              (0-1): 2 x GraphModule()
            )
            (weights): ParameterList(
                (0): Parameter containing: [torch.float64 of size 3x6x32 (GPU 0)]
                (1): Parameter containing: [torch.float64 of size 3x1x32 (GPU 0)]
            )
            (graph_opt_main): GraphModule()
          )
        )
      )
      (linear): Linear(32x0e+32x1o -> 32x0e+32x1o | 2048 weights)
    )
  )
  (readouts): ModuleList(
    (0): LinearDipoleReadoutBlock(
      (linear): Linear(32x0e+32x1o+32x2e -> 1x0e+1x1o | 64 weights)
    )
    (1): NonLinearDipoleReadoutBlock(
      (equivariant_nonlin): Gate (16x0e -> 16x0e)
      (linear_1): Linear(32x0e+32x1o -> 16x0e | 512 weights)
      (linear_2): Linear(16x0e -> 1x0e+1x1o | 16 weights)
    )
  )
)
2023-12-06 18:56:00.503 INFO: Number of parameters: 133776
2023-12-06 18:56:00.503 INFO: Optimizer: Adam (
Parameter Group 0
    amsgrad: True
    betas: (0.9, 0.999)
    capturable: False
    differentiable: False
    eps: 1e-08
    foreach: None
    fused: None
    initial_lr: 0.01
    lr: 0.01
    maximize: False
    name: embedding
    swa_lr: 0.001
    weight_decay: 0.0

Parameter Group 1
    amsgrad: True
    betas: (0.9, 0.999)
    capturable: False
    differentiable: False
    eps: 1e-08
    foreach: None
    fused: None
    initial_lr: 0.01
    lr: 0.01
    maximize: False
    name: interactions_decay
    swa_lr: 0.001
    weight_decay: 5e-07

Parameter Group 2
    amsgrad: True
    betas: (0.9, 0.999)
    capturable: False
    differentiable: False
    eps: 1e-08
    foreach: None
    fused: None
    initial_lr: 0.01
    lr: 0.01
    maximize: False
    name: interactions_no_decay
    swa_lr: 0.001
    weight_decay: 0.0

Parameter Group 3
    amsgrad: True
    betas: (0.9, 0.999)
    capturable: False
    differentiable: False
    eps: 1e-08
    foreach: None
    fused: None
    initial_lr: 0.01
    lr: 0.01
    maximize: False
    name: products
    swa_lr: 0.001
    weight_decay: 5e-07

Parameter Group 4
    amsgrad: True
    betas: (0.9, 0.999)
    capturable: False
    differentiable: False
    eps: 1e-08
    foreach: None
    fused: None
    initial_lr: 0.01
    lr: 0.01
    maximize: False
    name: readouts
    swa_lr: 0.001
    weight_decay: 0.0
)
2023-12-06 18:56:00.503 INFO: Using gradient clipping with tolerance=10.000
2023-12-06 18:56:00.503 INFO: Started training
2023-12-06 18:56:05.979 INFO: Epoch 0: loss=183.6206, RMSE_E_per_atom=174.8 meV, RMSE_F=1354.8 meV / A, RMSE_Mu_per_atom=21.19 mDebye
2023-12-06 18:56:10.298 INFO: Epoch 2: loss=79.8479, RMSE_E_per_atom=910.0 meV, RMSE_F=888.8 meV / A, RMSE_Mu_per_atom=12.64 mDebye
2023-12-06 18:56:11.119 INFO: Epoch 4: loss=144.7521, RMSE_E_per_atom=1453.2 meV, RMSE_F=1193.7 meV / A, RMSE_Mu_per_atom=37.46 mDebye
2023-12-06 18:56:11.674 INFO: Epoch 6: loss=26.7742, RMSE_E_per_atom=1106.3 meV, RMSE_F=504.9 meV / A, RMSE_Mu_per_atom=23.98 mDebye
2023-12-06 18:56:12.493 INFO: Epoch 8: loss=34.4494, RMSE_E_per_atom=1400.4 meV, RMSE_F=569.8 meV / A, RMSE_Mu_per_atom=13.81 mDebye
2023-12-06 18:56:13.048 INFO: Epoch 10: loss=22.1941, RMSE_E_per_atom=1181.1 meV, RMSE_F=455.5 meV / A, RMSE_Mu_per_atom=22.49 mDebye
2023-12-06 18:56:13.869 INFO: Epoch 12: loss=18.9178, RMSE_E_per_atom=1249.6 meV, RMSE_F=416.5 meV / A, RMSE_Mu_per_atom=11.09 mDebye
2023-12-06 18:56:14.689 INFO: Epoch 14: loss=19.3141, RMSE_E_per_atom=1281.0 meV, RMSE_F=420.2 meV / A, RMSE_Mu_per_atom=14.10 mDebye
2023-12-06 18:56:15.245 INFO: Epoch 16: loss=11.5974, RMSE_E_per_atom=1260.2 meV, RMSE_F=316.2 meV / A, RMSE_Mu_per_atom=11.85 mDebye
2023-12-06 18:56:16.066 INFO: Epoch 18: loss=7.9601, RMSE_E_per_atom=1255.0 meV, RMSE_F=252.4 meV / A, RMSE_Mu_per_atom=11.13 mDebye
2023-12-06 18:56:16.886 INFO: Epoch 20: loss=7.3386, RMSE_E_per_atom=1242.1 meV, RMSE_F=240.5 meV / A, RMSE_Mu_per_atom=10.98 mDebye
2023-12-06 18:56:17.705 INFO: Epoch 22: loss=9.2373, RMSE_E_per_atom=1175.0 meV, RMSE_F=280.1 meV / A, RMSE_Mu_per_atom=10.92 mDebye
2023-12-06 18:56:18.260 INFO: Epoch 24: loss=14.3054, RMSE_E_per_atom=1162.0 meV, RMSE_F=359.8 meV / A, RMSE_Mu_per_atom=9.90 mDebye
2023-12-06 18:56:18.814 INFO: Epoch 26: loss=11.4282, RMSE_E_per_atom=1116.9 meV, RMSE_F=318.9 meV / A, RMSE_Mu_per_atom=9.13 mDebye
2023-12-06 18:56:19.369 INFO: Epoch 28: loss=6.1368, RMSE_E_per_atom=1088.9 meV, RMSE_F=222.3 meV / A, RMSE_Mu_per_atom=9.02 mDebye
2023-12-06 18:56:20.188 INFO: Epoch 30: loss=7.1045, RMSE_E_per_atom=1027.6 meV, RMSE_F=245.8 meV / A, RMSE_Mu_per_atom=9.56 mDebye
2023-12-06 18:56:20.742 INFO: Epoch 32: loss=4.8036, RMSE_E_per_atom=1005.5 meV, RMSE_F=194.5 meV / A, RMSE_Mu_per_atom=9.26 mDebye
2023-12-06 18:56:21.577 INFO: Epoch 34: loss=4.8070, RMSE_E_per_atom=990.4 meV, RMSE_F=195.4 meV / A, RMSE_Mu_per_atom=9.29 mDebye
2023-12-06 18:56:22.134 INFO: Epoch 36: loss=3.6896, RMSE_E_per_atom=906.5 meV, RMSE_F=169.1 meV / A, RMSE_Mu_per_atom=9.46 mDebye
2023-12-06 18:56:22.955 INFO: Epoch 38: loss=4.4390, RMSE_E_per_atom=827.3 meV, RMSE_F=193.6 meV / A, RMSE_Mu_per_atom=8.97 mDebye
2023-12-06 18:56:23.513 INFO: Epoch 40: loss=3.9500, RMSE_E_per_atom=808.9 meV, RMSE_F=181.3 meV / A, RMSE_Mu_per_atom=9.31 mDebye
2023-12-06 18:56:24.071 INFO: Epoch 42: loss=3.8772, RMSE_E_per_atom=775.3 meV, RMSE_F=180.7 meV / A, RMSE_Mu_per_atom=9.62 mDebye
2023-12-06 18:56:24.628 INFO: Epoch 44: loss=4.1435, RMSE_E_per_atom=744.3 meV, RMSE_F=189.3 meV / A, RMSE_Mu_per_atom=8.40 mDebye
2023-12-06 18:56:25.185 INFO: Epoch 46: loss=3.9313, RMSE_E_per_atom=709.2 meV, RMSE_F=185.0 meV / A, RMSE_Mu_per_atom=7.73 mDebye
2023-12-06 18:56:25.743 INFO: Epoch 48: loss=3.3073, RMSE_E_per_atom=689.2 meV, RMSE_F=168.1 meV / A, RMSE_Mu_per_atom=7.25 mDebye
2023-12-06 18:56:26.564 INFO: Epoch 50: loss=3.4934, RMSE_E_per_atom=663.7 meV, RMSE_F=174.6 meV / A, RMSE_Mu_per_atom=7.27 mDebye
2023-12-06 18:56:27.120 INFO: Epoch 52: loss=4.4074, RMSE_E_per_atom=637.0 meV, RMSE_F=199.9 meV / A, RMSE_Mu_per_atom=6.76 mDebye
2023-12-06 18:56:27.680 INFO: Epoch 54: loss=4.2137, RMSE_E_per_atom=585.6 meV, RMSE_F=196.6 meV / A, RMSE_Mu_per_atom=7.17 mDebye
2023-12-06 18:56:28.238 INFO: Epoch 56: loss=3.5512, RMSE_E_per_atom=582.7 meV, RMSE_F=179.1 meV / A, RMSE_Mu_per_atom=7.19 mDebye
2023-12-06 18:56:28.795 INFO: Epoch 58: loss=6.1890, RMSE_E_per_atom=535.4 meV, RMSE_F=242.9 meV / A, RMSE_Mu_per_atom=6.49 mDebye
2023-12-06 18:56:29.352 INFO: Epoch 60: loss=4.0479, RMSE_E_per_atom=519.7 meV, RMSE_F=194.3 meV / A, RMSE_Mu_per_atom=6.61 mDebye
2023-12-06 18:56:29.909 INFO: Epoch 62: loss=3.4242, RMSE_E_per_atom=515.7 meV, RMSE_F=177.6 meV / A, RMSE_Mu_per_atom=6.12 mDebye
2023-12-06 18:56:30.465 INFO: Epoch 64: loss=3.3941, RMSE_E_per_atom=482.1 meV, RMSE_F=177.7 meV / A, RMSE_Mu_per_atom=6.06 mDebye
2023-12-06 18:56:31.023 INFO: Epoch 66: loss=3.2016, RMSE_E_per_atom=477.1 meV, RMSE_F=172.3 meV / A, RMSE_Mu_per_atom=6.28 mDebye
2023-12-06 18:56:31.843 INFO: Epoch 68: loss=2.6267, RMSE_E_per_atom=475.3 meV, RMSE_F=154.8 meV / A, RMSE_Mu_per_atom=5.75 mDebye
2023-12-06 18:56:32.665 INFO: Epoch 70: loss=2.3566, RMSE_E_per_atom=464.0 meV, RMSE_F=146.2 meV / A, RMSE_Mu_per_atom=6.00 mDebye
2023-12-06 18:56:33.487 INFO: Epoch 72: loss=2.5946, RMSE_E_per_atom=442.3 meV, RMSE_F=154.8 meV / A, RMSE_Mu_per_atom=5.67 mDebye
2023-12-06 18:56:34.050 INFO: Epoch 74: loss=3.2320, RMSE_E_per_atom=444.3 meV, RMSE_F=174.1 meV / A, RMSE_Mu_per_atom=5.48 mDebye
2023-12-06 18:56:34.610 INFO: Epoch 76: loss=2.4325, RMSE_E_per_atom=427.2 meV, RMSE_F=149.9 meV / A, RMSE_Mu_per_atom=5.15 mDebye
2023-12-06 18:56:35.171 INFO: Epoch 78: loss=2.5423, RMSE_E_per_atom=420.0 meV, RMSE_F=153.7 meV / A, RMSE_Mu_per_atom=5.14 mDebye
2023-12-06 18:56:35.730 INFO: Epoch 80: loss=2.5324, RMSE_E_per_atom=403.7 meV, RMSE_F=153.8 meV / A, RMSE_Mu_per_atom=5.23 mDebye
2023-12-06 18:56:36.291 INFO: Epoch 82: loss=1.9509, RMSE_E_per_atom=415.7 meV, RMSE_F=133.2 meV / A, RMSE_Mu_per_atom=5.18 mDebye
2023-12-06 18:56:37.116 INFO: Epoch 84: loss=2.4820, RMSE_E_per_atom=382.1 meV, RMSE_F=152.8 meV / A, RMSE_Mu_per_atom=4.91 mDebye
2023-12-06 18:56:37.674 INFO: Epoch 86: loss=3.2595, RMSE_E_per_atom=369.5 meV, RMSE_F=176.7 meV / A, RMSE_Mu_per_atom=4.95 mDebye
2023-12-06 18:56:38.232 INFO: Epoch 88: loss=2.4430, RMSE_E_per_atom=356.1 meV, RMSE_F=152.1 meV / A, RMSE_Mu_per_atom=5.07 mDebye
2023-12-06 18:56:38.790 INFO: Epoch 90: loss=2.6871, RMSE_E_per_atom=327.4 meV, RMSE_F=160.5 meV / A, RMSE_Mu_per_atom=4.95 mDebye
2023-12-06 18:56:39.349 INFO: Epoch 92: loss=2.1696, RMSE_E_per_atom=345.7 meV, RMSE_F=143.1 meV / A, RMSE_Mu_per_atom=4.56 mDebye
2023-12-06 18:56:39.908 INFO: Epoch 94: loss=2.8511, RMSE_E_per_atom=336.6 meV, RMSE_F=165.4 meV / A, RMSE_Mu_per_atom=4.50 mDebye
2023-12-06 18:56:40.467 INFO: Epoch 96: loss=2.0142, RMSE_E_per_atom=318.8 meV, RMSE_F=138.2 meV / A, RMSE_Mu_per_atom=4.93 mDebye
2023-12-06 18:56:41.025 INFO: Epoch 98: loss=3.0226, RMSE_E_per_atom=288.8 meV, RMSE_F=171.4 meV / A, RMSE_Mu_per_atom=4.55 mDebye
2023-12-06 18:56:41.585 INFO: Epoch 100: loss=1.8964, RMSE_E_per_atom=298.1 meV, RMSE_F=134.4 meV / A, RMSE_Mu_per_atom=4.42 mDebye
2023-12-06 18:56:42.412 INFO: Epoch 102: loss=2.6372, RMSE_E_per_atom=305.6 meV, RMSE_F=159.4 meV / A, RMSE_Mu_per_atom=4.34 mDebye
2023-12-06 18:56:42.971 INFO: Epoch 104: loss=3.4980, RMSE_E_per_atom=310.1 meV, RMSE_F=184.4 meV / A, RMSE_Mu_per_atom=4.02 mDebye
2023-12-06 18:56:43.529 INFO: Epoch 106: loss=2.6971, RMSE_E_per_atom=305.4 meV, RMSE_F=161.3 meV / A, RMSE_Mu_per_atom=4.10 mDebye
2023-12-06 18:56:44.086 INFO: Epoch 108: loss=2.1213, RMSE_E_per_atom=309.5 meV, RMSE_F=142.3 meV / A, RMSE_Mu_per_atom=4.20 mDebye
2023-12-06 18:56:44.644 INFO: Epoch 110: loss=2.1170, RMSE_E_per_atom=302.2 meV, RMSE_F=142.3 meV / A, RMSE_Mu_per_atom=4.16 mDebye
2023-12-06 18:56:45.202 INFO: Epoch 112: loss=2.1187, RMSE_E_per_atom=298.0 meV, RMSE_F=142.4 meV / A, RMSE_Mu_per_atom=3.84 mDebye
2023-12-06 18:56:45.761 INFO: Epoch 114: loss=4.0638, RMSE_E_per_atom=278.5 meV, RMSE_F=199.6 meV / A, RMSE_Mu_per_atom=3.79 mDebye
2023-12-06 18:56:46.321 INFO: Epoch 116: loss=1.9472, RMSE_E_per_atom=268.2 meV, RMSE_F=136.9 meV / A, RMSE_Mu_per_atom=3.90 mDebye
2023-12-06 18:56:46.881 INFO: Epoch 118: loss=2.2192, RMSE_E_per_atom=263.0 meV, RMSE_F=146.6 meV / A, RMSE_Mu_per_atom=4.00 mDebye
2023-12-06 18:56:47.441 INFO: Epoch 120: loss=1.9836, RMSE_E_per_atom=264.2 meV, RMSE_F=138.3 meV / A, RMSE_Mu_per_atom=3.47 mDebye
2023-12-06 18:56:48.001 INFO: Epoch 122: loss=2.2307, RMSE_E_per_atom=261.8 meV, RMSE_F=147.0 meV / A, RMSE_Mu_per_atom=3.62 mDebye
2023-12-06 18:56:48.561 INFO: Epoch 124: loss=2.1554, RMSE_E_per_atom=239.2 meV, RMSE_F=144.8 meV / A, RMSE_Mu_per_atom=4.12 mDebye
2023-12-06 18:56:49.121 INFO: Epoch 126: loss=1.8673, RMSE_E_per_atom=240.5 meV, RMSE_F=134.5 meV / A, RMSE_Mu_per_atom=3.46 mDebye
2023-12-06 18:56:49.960 INFO: Epoch 128: loss=2.4464, RMSE_E_per_atom=236.2 meV, RMSE_F=154.6 meV / A, RMSE_Mu_per_atom=3.39 mDebye
2023-12-06 18:56:50.519 INFO: Epoch 130: loss=3.4658, RMSE_E_per_atom=218.6 meV, RMSE_F=184.8 meV / A, RMSE_Mu_per_atom=3.76 mDebye
2023-12-06 18:56:51.081 INFO: Epoch 132: loss=2.9966, RMSE_E_per_atom=224.8 meV, RMSE_F=171.6 meV / A, RMSE_Mu_per_atom=3.13 mDebye
2023-12-06 18:56:51.642 INFO: Epoch 134: loss=2.3388, RMSE_E_per_atom=218.6 meV, RMSE_F=151.3 meV / A, RMSE_Mu_per_atom=3.08 mDebye
2023-12-06 18:56:52.203 INFO: Epoch 136: loss=1.9877, RMSE_E_per_atom=218.8 meV, RMSE_F=139.2 meV / A, RMSE_Mu_per_atom=3.10 mDebye
2023-12-06 18:56:52.766 INFO: Epoch 138: loss=2.3373, RMSE_E_per_atom=216.4 meV, RMSE_F=151.3 meV / A, RMSE_Mu_per_atom=3.37 mDebye
2023-12-06 18:56:53.328 INFO: Epoch 140: loss=2.3879, RMSE_E_per_atom=216.6 meV, RMSE_F=153.0 meV / A, RMSE_Mu_per_atom=3.29 mDebye
2023-12-06 18:56:53.889 INFO: Epoch 142: loss=2.6697, RMSE_E_per_atom=215.1 meV, RMSE_F=161.9 meV / A, RMSE_Mu_per_atom=3.70 mDebye
2023-12-06 18:56:54.451 INFO: Epoch 144: loss=2.3492, RMSE_E_per_atom=206.1 meV, RMSE_F=151.8 meV / A, RMSE_Mu_per_atom=3.46 mDebye
2023-12-06 18:56:55.012 INFO: Epoch 146: loss=1.8359, RMSE_E_per_atom=191.6 meV, RMSE_F=134.1 meV / A, RMSE_Mu_per_atom=3.62 mDebye
2023-12-06 18:56:55.837 INFO: Epoch 148: loss=2.4881, RMSE_E_per_atom=195.4 meV, RMSE_F=156.5 meV / A, RMSE_Mu_per_atom=3.74 mDebye
2023-12-06 18:56:56.398 INFO: Epoch 150: loss=2.1509, RMSE_E_per_atom=184.8 meV, RMSE_F=145.5 meV / A, RMSE_Mu_per_atom=3.37 mDebye
2023-12-06 18:56:56.958 INFO: Epoch 152: loss=1.7228, RMSE_E_per_atom=206.6 meV, RMSE_F=129.6 meV / A, RMSE_Mu_per_atom=3.21 mDebye
2023-12-06 18:56:57.785 INFO: Epoch 154: loss=2.5213, RMSE_E_per_atom=214.4 meV, RMSE_F=157.3 meV / A, RMSE_Mu_per_atom=3.50 mDebye
2023-12-06 18:56:58.348 INFO: Epoch 156: loss=1.7413, RMSE_E_per_atom=210.6 meV, RMSE_F=130.2 meV / A, RMSE_Mu_per_atom=3.78 mDebye
2023-12-06 18:56:58.910 INFO: Epoch 158: loss=1.6269, RMSE_E_per_atom=205.6 meV, RMSE_F=125.8 meV / A, RMSE_Mu_per_atom=3.32 mDebye
2023-12-06 18:56:59.735 INFO: Epoch 160: loss=2.1195, RMSE_E_per_atom=198.7 meV, RMSE_F=144.2 meV / A, RMSE_Mu_per_atom=3.10 mDebye
2023-12-06 18:57:00.298 INFO: Epoch 162: loss=2.3354, RMSE_E_per_atom=184.2 meV, RMSE_F=151.7 meV / A, RMSE_Mu_per_atom=3.98 mDebye
2023-12-06 18:57:00.859 INFO: Epoch 164: loss=1.3946, RMSE_E_per_atom=199.0 meV, RMSE_F=116.4 meV / A, RMSE_Mu_per_atom=3.53 mDebye
2023-12-06 18:57:01.686 INFO: Epoch 166: loss=2.2027, RMSE_E_per_atom=217.7 meV, RMSE_F=146.8 meV / A, RMSE_Mu_per_atom=3.09 mDebye
2023-12-06 18:57:02.245 INFO: Epoch 168: loss=2.2822, RMSE_E_per_atom=214.0 meV, RMSE_F=149.5 meV / A, RMSE_Mu_per_atom=3.35 mDebye
2023-12-06 18:57:02.806 INFO: Epoch 170: loss=1.6504, RMSE_E_per_atom=209.0 meV, RMSE_F=126.7 meV / A, RMSE_Mu_per_atom=3.47 mDebye
2023-12-06 18:57:03.367 INFO: Epoch 172: loss=1.9234, RMSE_E_per_atom=202.0 meV, RMSE_F=137.2 meV / A, RMSE_Mu_per_atom=3.56 mDebye
2023-12-06 18:57:03.929 INFO: Epoch 174: loss=1.6556, RMSE_E_per_atom=176.9 meV, RMSE_F=127.4 meV / A, RMSE_Mu_per_atom=3.45 mDebye
2023-12-06 18:57:04.491 INFO: Epoch 176: loss=1.6868, RMSE_E_per_atom=164.9 meV, RMSE_F=128.8 meV / A, RMSE_Mu_per_atom=3.58 mDebye
2023-12-06 18:57:05.052 INFO: Epoch 178: loss=1.7416, RMSE_E_per_atom=155.3 meV, RMSE_F=131.0 meV / A, RMSE_Mu_per_atom=3.38 mDebye
2023-12-06 18:57:05.612 INFO: Epoch 180: loss=1.5200, RMSE_E_per_atom=133.8 meV, RMSE_F=122.5 meV / A, RMSE_Mu_per_atom=3.33 mDebye
2023-12-06 18:57:06.177 INFO: Epoch 182: loss=1.8040, RMSE_E_per_atom=119.7 meV, RMSE_F=133.7 meV / A, RMSE_Mu_per_atom=3.37 mDebye
2023-12-06 18:57:06.740 INFO: Epoch 184: loss=2.0522, RMSE_E_per_atom=114.4 meV, RMSE_F=142.8 meV / A, RMSE_Mu_per_atom=3.36 mDebye
2023-12-06 18:57:07.305 INFO: Epoch 186: loss=2.0718, RMSE_E_per_atom=110.3 meV, RMSE_F=143.5 meV / A, RMSE_Mu_per_atom=3.49 mDebye
2023-12-06 18:57:07.866 INFO: Epoch 188: loss=1.8387, RMSE_E_per_atom=117.6 meV, RMSE_F=135.0 meV / A, RMSE_Mu_per_atom=3.56 mDebye
2023-12-06 18:57:08.428 INFO: Epoch 190: loss=1.6068, RMSE_E_per_atom=120.6 meV, RMSE_F=126.1 meV / A, RMSE_Mu_per_atom=3.60 mDebye
2023-12-06 18:57:08.990 INFO: Epoch 192: loss=2.0725, RMSE_E_per_atom=120.3 meV, RMSE_F=143.4 meV / A, RMSE_Mu_per_atom=3.74 mDebye
2023-12-06 18:57:09.551 INFO: Epoch 194: loss=1.6098, RMSE_E_per_atom=129.0 meV, RMSE_F=126.2 meV / A, RMSE_Mu_per_atom=3.70 mDebye
2023-12-06 18:57:10.112 INFO: Epoch 196: loss=3.0428, RMSE_E_per_atom=128.4 meV, RMSE_F=173.9 meV / A, RMSE_Mu_per_atom=3.58 mDebye
2023-12-06 18:57:10.672 INFO: Epoch 198: loss=2.1394, RMSE_E_per_atom=121.3 meV, RMSE_F=145.7 meV / A, RMSE_Mu_per_atom=3.53 mDebye
2023-12-06 18:57:11.233 INFO: Epoch 200: loss=2.1335, RMSE_E_per_atom=133.4 meV, RMSE_F=145.4 meV / A, RMSE_Mu_per_atom=3.58 mDebye
2023-12-06 18:57:11.792 INFO: Epoch 202: loss=2.7631, RMSE_E_per_atom=131.0 meV, RMSE_F=165.7 meV / A, RMSE_Mu_per_atom=3.56 mDebye
2023-12-06 18:57:12.353 INFO: Epoch 204: loss=2.3253, RMSE_E_per_atom=124.2 meV, RMSE_F=151.9 meV / A, RMSE_Mu_per_atom=3.74 mDebye
2023-12-06 18:57:12.917 INFO: Epoch 206: loss=2.0209, RMSE_E_per_atom=136.4 meV, RMSE_F=141.4 meV / A, RMSE_Mu_per_atom=4.18 mDebye
2023-12-06 18:57:13.480 INFO: Epoch 208: loss=2.0439, RMSE_E_per_atom=132.8 meV, RMSE_F=142.3 meV / A, RMSE_Mu_per_atom=3.63 mDebye
2023-12-06 18:57:14.042 INFO: Epoch 210: loss=2.0269, RMSE_E_per_atom=140.8 meV, RMSE_F=141.6 meV / A, RMSE_Mu_per_atom=3.35 mDebye
2023-12-06 18:57:14.605 INFO: Epoch 212: loss=2.0506, RMSE_E_per_atom=122.4 meV, RMSE_F=142.6 meV / A, RMSE_Mu_per_atom=3.45 mDebye
2023-12-06 18:57:15.169 INFO: Epoch 214: loss=1.9705, RMSE_E_per_atom=128.8 meV, RMSE_F=139.7 meV / A, RMSE_Mu_per_atom=3.59 mDebye
2023-12-06 18:57:15.732 INFO: Epoch 216: loss=1.8093, RMSE_E_per_atom=114.4 meV, RMSE_F=133.9 meV / A, RMSE_Mu_per_atom=4.40 mDebye
2023-12-06 18:57:16.295 INFO: Epoch 218: loss=2.1064, RMSE_E_per_atom=106.4 meV, RMSE_F=144.7 meV / A, RMSE_Mu_per_atom=3.83 mDebye
2023-12-06 18:57:16.859 INFO: Epoch 220: loss=1.7093, RMSE_E_per_atom=117.2 meV, RMSE_F=130.2 meV / A, RMSE_Mu_per_atom=3.46 mDebye
2023-12-06 18:57:17.424 INFO: Epoch 222: loss=1.6549, RMSE_E_per_atom=110.0 meV, RMSE_F=128.1 meV / A, RMSE_Mu_per_atom=3.34 mDebye
2023-12-06 18:57:17.988 INFO: Epoch 224: loss=1.7237, RMSE_E_per_atom=106.7 meV, RMSE_F=130.8 meV / A, RMSE_Mu_per_atom=3.36 mDebye
2023-12-06 18:57:18.551 INFO: Epoch 226: loss=1.6337, RMSE_E_per_atom=96.7 meV, RMSE_F=127.4 meV / A, RMSE_Mu_per_atom=3.48 mDebye
2023-12-06 18:57:19.114 INFO: Epoch 228: loss=1.7946, RMSE_E_per_atom=84.4 meV, RMSE_F=133.7 meV / A, RMSE_Mu_per_atom=3.39 mDebye
2023-12-06 18:57:19.677 INFO: Epoch 230: loss=1.7020, RMSE_E_per_atom=74.1 meV, RMSE_F=130.2 meV / A, RMSE_Mu_per_atom=3.59 mDebye
2023-12-06 18:57:20.239 INFO: Epoch 232: loss=2.2277, RMSE_E_per_atom=76.1 meV, RMSE_F=149.0 meV / A, RMSE_Mu_per_atom=3.73 mDebye
2023-12-06 18:57:20.801 INFO: Epoch 234: loss=2.2066, RMSE_E_per_atom=77.8 meV, RMSE_F=148.3 meV / A, RMSE_Mu_per_atom=3.63 mDebye
2023-12-06 18:57:21.364 INFO: Epoch 236: loss=1.7339, RMSE_E_per_atom=77.1 meV, RMSE_F=131.4 meV / A, RMSE_Mu_per_atom=3.42 mDebye
2023-12-06 18:57:21.927 INFO: Epoch 238: loss=1.7466, RMSE_E_per_atom=70.7 meV, RMSE_F=131.9 meV / A, RMSE_Mu_per_atom=3.52 mDebye
2023-12-06 18:57:22.491 INFO: Epoch 240: loss=1.7481, RMSE_E_per_atom=58.4 meV, RMSE_F=132.0 meV / A, RMSE_Mu_per_atom=3.59 mDebye
2023-12-06 18:57:23.055 INFO: Epoch 242: loss=2.4078, RMSE_E_per_atom=65.9 meV, RMSE_F=155.0 meV / A, RMSE_Mu_per_atom=3.86 mDebye
2023-12-06 18:57:23.617 INFO: Epoch 244: loss=2.0699, RMSE_E_per_atom=60.7 meV, RMSE_F=143.7 meV / A, RMSE_Mu_per_atom=3.81 mDebye
2023-12-06 18:57:24.180 INFO: Epoch 246: loss=2.1514, RMSE_E_per_atom=61.1 meV, RMSE_F=146.5 meV / A, RMSE_Mu_per_atom=3.63 mDebye
2023-12-06 18:57:24.742 INFO: Epoch 248: loss=1.7319, RMSE_E_per_atom=54.9 meV, RMSE_F=131.4 meV / A, RMSE_Mu_per_atom=3.50 mDebye
2023-12-06 18:57:25.308 INFO: Epoch 250: loss=2.3420, RMSE_E_per_atom=60.8 meV, RMSE_F=152.9 meV / A, RMSE_Mu_per_atom=3.42 mDebye
2023-12-06 18:57:25.871 INFO: Epoch 252: loss=1.7467, RMSE_E_per_atom=59.7 meV, RMSE_F=132.0 meV / A, RMSE_Mu_per_atom=3.53 mDebye
2023-12-06 18:57:26.433 INFO: Epoch 254: loss=2.0476, RMSE_E_per_atom=65.9 meV, RMSE_F=142.9 meV / A, RMSE_Mu_per_atom=4.13 mDebye
2023-12-06 18:57:26.998 INFO: Epoch 256: loss=2.0349, RMSE_E_per_atom=71.0 meV, RMSE_F=142.4 meV / A, RMSE_Mu_per_atom=3.71 mDebye
2023-12-06 18:57:27.563 INFO: Epoch 258: loss=1.8822, RMSE_E_per_atom=72.9 meV, RMSE_F=137.0 meV / A, RMSE_Mu_per_atom=3.64 mDebye
2023-12-06 18:57:28.126 INFO: Epoch 260: loss=1.8286, RMSE_E_per_atom=70.0 meV, RMSE_F=135.0 meV / A, RMSE_Mu_per_atom=3.67 mDebye
2023-12-06 18:57:28.690 INFO: Epoch 262: loss=1.8184, RMSE_E_per_atom=68.2 meV, RMSE_F=134.6 meV / A, RMSE_Mu_per_atom=3.68 mDebye
2023-12-06 18:57:29.254 INFO: Epoch 264: loss=1.8549, RMSE_E_per_atom=70.7 meV, RMSE_F=136.0 meV / A, RMSE_Mu_per_atom=3.47 mDebye
2023-12-06 18:57:29.815 INFO: Epoch 266: loss=2.0979, RMSE_E_per_atom=77.1 meV, RMSE_F=144.6 meV / A, RMSE_Mu_per_atom=3.51 mDebye
2023-12-06 18:57:30.378 INFO: Epoch 268: loss=1.9513, RMSE_E_per_atom=70.2 meV, RMSE_F=139.5 meV / A, RMSE_Mu_per_atom=3.40 mDebye
2023-12-06 18:57:30.939 INFO: Epoch 270: loss=1.8071, RMSE_E_per_atom=58.9 meV, RMSE_F=134.3 meV / A, RMSE_Mu_per_atom=3.62 mDebye
2023-12-06 18:57:31.503 INFO: Epoch 272: loss=1.7928, RMSE_E_per_atom=58.4 meV, RMSE_F=133.7 meV / A, RMSE_Mu_per_atom=3.42 mDebye
2023-12-06 18:57:32.065 INFO: Epoch 274: loss=1.8307, RMSE_E_per_atom=57.0 meV, RMSE_F=135.1 meV / A, RMSE_Mu_per_atom=3.53 mDebye
2023-12-06 18:57:32.629 INFO: Epoch 276: loss=2.3199, RMSE_E_per_atom=54.2 meV, RMSE_F=152.2 meV / A, RMSE_Mu_per_atom=3.52 mDebye
2023-12-06 18:57:33.194 INFO: Epoch 278: loss=1.7324, RMSE_E_per_atom=49.9 meV, RMSE_F=131.5 meV / A, RMSE_Mu_per_atom=3.62 mDebye
2023-12-06 18:57:33.756 INFO: Epoch 280: loss=1.8443, RMSE_E_per_atom=42.5 meV, RMSE_F=135.7 meV / A, RMSE_Mu_per_atom=3.57 mDebye
2023-12-06 18:57:34.318 INFO: Epoch 282: loss=2.0064, RMSE_E_per_atom=34.7 meV, RMSE_F=141.6 meV / A, RMSE_Mu_per_atom=3.62 mDebye
2023-12-06 18:57:34.880 INFO: Epoch 284: loss=2.0794, RMSE_E_per_atom=44.6 meV, RMSE_F=144.1 meV / A, RMSE_Mu_per_atom=3.60 mDebye
2023-12-06 18:57:35.441 INFO: Epoch 286: loss=2.0164, RMSE_E_per_atom=42.8 meV, RMSE_F=141.9 meV / A, RMSE_Mu_per_atom=3.67 mDebye
2023-12-06 18:57:36.002 INFO: Epoch 288: loss=1.8450, RMSE_E_per_atom=41.6 meV, RMSE_F=135.7 meV / A, RMSE_Mu_per_atom=3.90 mDebye
2023-12-06 18:57:36.565 INFO: Epoch 290: loss=1.7436, RMSE_E_per_atom=40.8 meV, RMSE_F=131.9 meV / A, RMSE_Mu_per_atom=3.46 mDebye
2023-12-06 18:57:37.129 INFO: Epoch 292: loss=2.0691, RMSE_E_per_atom=40.3 meV, RMSE_F=143.7 meV / A, RMSE_Mu_per_atom=3.43 mDebye
2023-12-06 18:57:37.692 INFO: Epoch 294: loss=1.8046, RMSE_E_per_atom=46.1 meV, RMSE_F=134.2 meV / A, RMSE_Mu_per_atom=3.61 mDebye
2023-12-06 18:57:38.256 INFO: Epoch 296: loss=1.8579, RMSE_E_per_atom=38.9 meV, RMSE_F=136.2 meV / A, RMSE_Mu_per_atom=3.79 mDebye
2023-12-06 18:57:38.819 INFO: Epoch 298: loss=2.1121, RMSE_E_per_atom=37.7 meV, RMSE_F=145.2 meV / A, RMSE_Mu_per_atom=3.84 mDebye
2023-12-06 18:57:39.383 INFO: Epoch 300: loss=1.7724, RMSE_E_per_atom=42.1 meV, RMSE_F=133.0 meV / A, RMSE_Mu_per_atom=3.83 mDebye
2023-12-06 18:57:39.947 INFO: Epoch 302: loss=2.0826, RMSE_E_per_atom=38.8 meV, RMSE_F=144.2 meV / A, RMSE_Mu_per_atom=3.53 mDebye
2023-12-06 18:57:40.509 INFO: Epoch 304: loss=1.8049, RMSE_E_per_atom=31.8 meV, RMSE_F=134.3 meV / A, RMSE_Mu_per_atom=3.47 mDebye
2023-12-06 18:57:41.073 INFO: Epoch 306: loss=1.8614, RMSE_E_per_atom=30.8 meV, RMSE_F=136.3 meV / A, RMSE_Mu_per_atom=3.75 mDebye
2023-12-06 18:57:41.636 INFO: Epoch 308: loss=2.3089, RMSE_E_per_atom=29.1 meV, RMSE_F=151.9 meV / A, RMSE_Mu_per_atom=3.52 mDebye
2023-12-06 18:57:42.199 INFO: Epoch 310: loss=2.5092, RMSE_E_per_atom=42.3 meV, RMSE_F=158.3 meV / A, RMSE_Mu_per_atom=3.78 mDebye
2023-12-06 18:57:42.763 INFO: Epoch 312: loss=1.9217, RMSE_E_per_atom=49.7 meV, RMSE_F=138.5 meV / A, RMSE_Mu_per_atom=3.85 mDebye
2023-12-06 18:57:43.326 INFO: Epoch 314: loss=1.7574, RMSE_E_per_atom=46.5 meV, RMSE_F=132.4 meV / A, RMSE_Mu_per_atom=3.48 mDebye
2023-12-06 18:57:43.887 INFO: Epoch 316: loss=2.0926, RMSE_E_per_atom=65.8 meV, RMSE_F=144.5 meV / A, RMSE_Mu_per_atom=3.54 mDebye
2023-12-06 18:57:44.449 INFO: Epoch 318: loss=2.1336, RMSE_E_per_atom=65.9 meV, RMSE_F=145.9 meV / A, RMSE_Mu_per_atom=3.72 mDebye
2023-12-06 18:57:45.012 INFO: Epoch 320: loss=1.8123, RMSE_E_per_atom=65.3 meV, RMSE_F=134.4 meV / A, RMSE_Mu_per_atom=3.37 mDebye
2023-12-06 18:57:45.574 INFO: Epoch 322: loss=1.9353, RMSE_E_per_atom=59.1 meV, RMSE_F=138.9 meV / A, RMSE_Mu_per_atom=3.81 mDebye
2023-12-06 18:57:46.137 INFO: Epoch 324: loss=1.8153, RMSE_E_per_atom=58.6 meV, RMSE_F=134.6 meV / A, RMSE_Mu_per_atom=3.23 mDebye
2023-12-06 18:57:46.698 INFO: Epoch 326: loss=1.8114, RMSE_E_per_atom=52.9 meV, RMSE_F=134.4 meV / A, RMSE_Mu_per_atom=3.57 mDebye
2023-12-06 18:57:47.259 INFO: Epoch 328: loss=1.8103, RMSE_E_per_atom=50.5 meV, RMSE_F=134.4 meV / A, RMSE_Mu_per_atom=3.39 mDebye
2023-12-06 18:57:47.823 INFO: Epoch 330: loss=1.8371, RMSE_E_per_atom=45.9 meV, RMSE_F=135.4 meV / A, RMSE_Mu_per_atom=3.46 mDebye
2023-12-06 18:57:48.385 INFO: Epoch 332: loss=1.8037, RMSE_E_per_atom=39.5 meV, RMSE_F=134.2 meV / A, RMSE_Mu_per_atom=3.54 mDebye
2023-12-06 18:57:48.949 INFO: Epoch 334: loss=1.8720, RMSE_E_per_atom=37.1 meV, RMSE_F=136.7 meV / A, RMSE_Mu_per_atom=3.41 mDebye
2023-12-06 18:57:49.510 INFO: Epoch 336: loss=1.9362, RMSE_E_per_atom=35.1 meV, RMSE_F=139.1 meV / A, RMSE_Mu_per_atom=3.38 mDebye
2023-12-06 18:57:50.074 INFO: Epoch 338: loss=1.8061, RMSE_E_per_atom=30.6 meV, RMSE_F=134.3 meV / A, RMSE_Mu_per_atom=3.36 mDebye
2023-12-06 18:57:50.639 INFO: Epoch 340: loss=1.9468, RMSE_E_per_atom=29.1 meV, RMSE_F=139.5 meV / A, RMSE_Mu_per_atom=3.29 mDebye
2023-12-06 18:57:51.202 INFO: Epoch 342: loss=1.8526, RMSE_E_per_atom=28.7 meV, RMSE_F=136.0 meV / A, RMSE_Mu_per_atom=3.35 mDebye
2023-12-06 18:57:51.764 INFO: Epoch 344: loss=1.9631, RMSE_E_per_atom=21.7 meV, RMSE_F=140.1 meV / A, RMSE_Mu_per_atom=3.35 mDebye
2023-12-06 18:57:52.327 INFO: Epoch 346: loss=1.9257, RMSE_E_per_atom=23.7 meV, RMSE_F=138.7 meV / A, RMSE_Mu_per_atom=3.44 mDebye
2023-12-06 18:57:52.890 INFO: Epoch 348: loss=1.8813, RMSE_E_per_atom=21.2 meV, RMSE_F=137.1 meV / A, RMSE_Mu_per_atom=3.43 mDebye
2023-12-06 18:57:53.454 INFO: Epoch 350: loss=2.0506, RMSE_E_per_atom=19.7 meV, RMSE_F=143.1 meV / A, RMSE_Mu_per_atom=3.55 mDebye
2023-12-06 18:57:54.018 INFO: Epoch 352: loss=1.8239, RMSE_E_per_atom=17.3 meV, RMSE_F=135.0 meV / A, RMSE_Mu_per_atom=3.33 mDebye
2023-12-06 18:57:54.581 INFO: Epoch 354: loss=1.8608, RMSE_E_per_atom=13.1 meV, RMSE_F=136.4 meV / A, RMSE_Mu_per_atom=3.27 mDebye
2023-12-06 18:57:55.144 INFO: Epoch 356: loss=2.0138, RMSE_E_per_atom=16.4 meV, RMSE_F=141.9 meV / A, RMSE_Mu_per_atom=3.25 mDebye
2023-12-06 18:57:55.705 INFO: Epoch 358: loss=1.9923, RMSE_E_per_atom=18.7 meV, RMSE_F=141.1 meV / A, RMSE_Mu_per_atom=3.19 mDebye
2023-12-06 18:57:56.269 INFO: Epoch 360: loss=2.0434, RMSE_E_per_atom=16.1 meV, RMSE_F=142.9 meV / A, RMSE_Mu_per_atom=3.33 mDebye
2023-12-06 18:57:56.832 INFO: Epoch 362: loss=1.9266, RMSE_E_per_atom=11.7 meV, RMSE_F=138.8 meV / A, RMSE_Mu_per_atom=3.32 mDebye
2023-12-06 18:57:57.398 INFO: Epoch 364: loss=1.9342, RMSE_E_per_atom=10.6 meV, RMSE_F=139.0 meV / A, RMSE_Mu_per_atom=3.19 mDebye
2023-12-06 18:57:57.961 INFO: Epoch 366: loss=1.9526, RMSE_E_per_atom=9.0 meV, RMSE_F=139.7 meV / A, RMSE_Mu_per_atom=3.14 mDebye
2023-12-06 18:57:58.523 INFO: Epoch 368: loss=2.0896, RMSE_E_per_atom=8.5 meV, RMSE_F=144.5 meV / A, RMSE_Mu_per_atom=3.15 mDebye
2023-12-06 18:57:59.087 INFO: Epoch 370: loss=2.0396, RMSE_E_per_atom=12.6 meV, RMSE_F=142.8 meV / A, RMSE_Mu_per_atom=3.07 mDebye
2023-12-06 18:57:59.649 INFO: Epoch 372: loss=2.0116, RMSE_E_per_atom=13.8 meV, RMSE_F=141.8 meV / A, RMSE_Mu_per_atom=3.06 mDebye
2023-12-06 18:58:00.211 INFO: Epoch 374: loss=1.9955, RMSE_E_per_atom=12.1 meV, RMSE_F=141.2 meV / A, RMSE_Mu_per_atom=3.12 mDebye
2023-12-06 18:58:00.774 INFO: Epoch 376: loss=1.9435, RMSE_E_per_atom=12.1 meV, RMSE_F=139.4 meV / A, RMSE_Mu_per_atom=3.15 mDebye
2023-12-06 18:58:01.336 INFO: Epoch 378: loss=1.8682, RMSE_E_per_atom=12.9 meV, RMSE_F=136.6 meV / A, RMSE_Mu_per_atom=3.14 mDebye
2023-12-06 18:58:01.900 INFO: Epoch 380: loss=2.0013, RMSE_E_per_atom=10.6 meV, RMSE_F=141.4 meV / A, RMSE_Mu_per_atom=3.24 mDebye
2023-12-06 18:58:02.465 INFO: Epoch 382: loss=2.0271, RMSE_E_per_atom=11.3 meV, RMSE_F=142.3 meV / A, RMSE_Mu_per_atom=3.13 mDebye
2023-12-06 18:58:03.029 INFO: Epoch 384: loss=2.0003, RMSE_E_per_atom=12.7 meV, RMSE_F=141.4 meV / A, RMSE_Mu_per_atom=3.05 mDebye
2023-12-06 18:58:03.592 INFO: Epoch 386: loss=1.9839, RMSE_E_per_atom=11.2 meV, RMSE_F=140.8 meV / A, RMSE_Mu_per_atom=3.06 mDebye
2023-12-06 18:58:04.155 INFO: Epoch 388: loss=1.9901, RMSE_E_per_atom=12.1 meV, RMSE_F=141.0 meV / A, RMSE_Mu_per_atom=3.00 mDebye
2023-12-06 18:58:04.718 INFO: Epoch 390: loss=1.9796, RMSE_E_per_atom=12.0 meV, RMSE_F=140.7 meV / A, RMSE_Mu_per_atom=2.95 mDebye
2023-12-06 18:58:05.281 INFO: Epoch 392: loss=1.9760, RMSE_E_per_atom=13.6 meV, RMSE_F=140.5 meV / A, RMSE_Mu_per_atom=2.98 mDebye
2023-12-06 18:58:05.845 INFO: Epoch 394: loss=1.9956, RMSE_E_per_atom=12.5 meV, RMSE_F=141.2 meV / A, RMSE_Mu_per_atom=2.89 mDebye
2023-12-06 18:58:06.408 INFO: Epoch 396: loss=2.0093, RMSE_E_per_atom=12.2 meV, RMSE_F=141.7 meV / A, RMSE_Mu_per_atom=2.91 mDebye
2023-12-06 18:58:06.968 INFO: Epoch 398: loss=1.9659, RMSE_E_per_atom=11.8 meV, RMSE_F=140.2 meV / A, RMSE_Mu_per_atom=3.01 mDebye
2023-12-06 18:58:07.530 INFO: Epoch 400: loss=2.0232, RMSE_E_per_atom=10.7 meV, RMSE_F=142.2 meV / A, RMSE_Mu_per_atom=2.95 mDebye
2023-12-06 18:58:08.092 INFO: Epoch 402: loss=1.9675, RMSE_E_per_atom=9.0 meV, RMSE_F=140.2 meV / A, RMSE_Mu_per_atom=2.91 mDebye
2023-12-06 18:58:08.655 INFO: Epoch 404: loss=1.9947, RMSE_E_per_atom=10.0 meV, RMSE_F=141.2 meV / A, RMSE_Mu_per_atom=2.94 mDebye
2023-12-06 18:58:09.216 INFO: Epoch 406: loss=2.0067, RMSE_E_per_atom=10.9 meV, RMSE_F=141.6 meV / A, RMSE_Mu_per_atom=2.95 mDebye
2023-12-06 18:58:09.777 INFO: Epoch 408: loss=2.0067, RMSE_E_per_atom=7.9 meV, RMSE_F=141.6 meV / A, RMSE_Mu_per_atom=2.91 mDebye
2023-12-06 18:58:10.338 INFO: Epoch 410: loss=2.0372, RMSE_E_per_atom=9.4 meV, RMSE_F=142.7 meV / A, RMSE_Mu_per_atom=2.89 mDebye
2023-12-06 18:58:10.902 INFO: Epoch 412: loss=2.0996, RMSE_E_per_atom=8.4 meV, RMSE_F=144.9 meV / A, RMSE_Mu_per_atom=2.86 mDebye
2023-12-06 18:58:11.465 INFO: Epoch 414: loss=2.0767, RMSE_E_per_atom=7.0 meV, RMSE_F=144.1 meV / A, RMSE_Mu_per_atom=2.88 mDebye
2023-12-06 18:58:12.030 INFO: Epoch 416: loss=2.0464, RMSE_E_per_atom=6.6 meV, RMSE_F=143.0 meV / A, RMSE_Mu_per_atom=2.80 mDebye
2023-12-06 18:58:12.595 INFO: Epoch 418: loss=2.0046, RMSE_E_per_atom=6.3 meV, RMSE_F=141.6 meV / A, RMSE_Mu_per_atom=2.91 mDebye
2023-12-06 18:58:13.156 INFO: Epoch 420: loss=2.0416, RMSE_E_per_atom=7.1 meV, RMSE_F=142.9 meV / A, RMSE_Mu_per_atom=2.76 mDebye
2023-12-06 18:58:13.717 INFO: Epoch 422: loss=2.0974, RMSE_E_per_atom=7.2 meV, RMSE_F=144.8 meV / A, RMSE_Mu_per_atom=2.79 mDebye
2023-12-06 18:58:14.277 INFO: Epoch 424: loss=2.0740, RMSE_E_per_atom=8.2 meV, RMSE_F=144.0 meV / A, RMSE_Mu_per_atom=2.86 mDebye
2023-12-06 18:58:14.837 INFO: Epoch 426: loss=2.0586, RMSE_E_per_atom=7.6 meV, RMSE_F=143.4 meV / A, RMSE_Mu_per_atom=2.76 mDebye
2023-12-06 18:58:15.399 INFO: Epoch 428: loss=2.0480, RMSE_E_per_atom=6.6 meV, RMSE_F=143.1 meV / A, RMSE_Mu_per_atom=2.82 mDebye
2023-12-06 18:58:15.963 INFO: Epoch 430: loss=2.0448, RMSE_E_per_atom=8.4 meV, RMSE_F=143.0 meV / A, RMSE_Mu_per_atom=2.73 mDebye
2023-12-06 18:58:16.525 INFO: Epoch 432: loss=2.0461, RMSE_E_per_atom=7.7 meV, RMSE_F=143.0 meV / A, RMSE_Mu_per_atom=2.74 mDebye
2023-12-06 18:58:17.086 INFO: Epoch 434: loss=2.0376, RMSE_E_per_atom=6.3 meV, RMSE_F=142.7 meV / A, RMSE_Mu_per_atom=2.70 mDebye
2023-12-06 18:58:17.648 INFO: Epoch 436: loss=2.0234, RMSE_E_per_atom=5.5 meV, RMSE_F=142.2 meV / A, RMSE_Mu_per_atom=2.70 mDebye
2023-12-06 18:58:18.210 INFO: Epoch 438: loss=2.1233, RMSE_E_per_atom=6.9 meV, RMSE_F=145.7 meV / A, RMSE_Mu_per_atom=2.67 mDebye
2023-12-06 18:58:18.773 INFO: Epoch 440: loss=2.1275, RMSE_E_per_atom=6.2 meV, RMSE_F=145.8 meV / A, RMSE_Mu_per_atom=2.72 mDebye
2023-12-06 18:58:19.336 INFO: Epoch 442: loss=2.0348, RMSE_E_per_atom=4.9 meV, RMSE_F=142.6 meV / A, RMSE_Mu_per_atom=2.66 mDebye
2023-12-06 18:58:19.896 INFO: Epoch 444: loss=2.1397, RMSE_E_per_atom=4.6 meV, RMSE_F=146.3 meV / A, RMSE_Mu_per_atom=2.69 mDebye
2023-12-06 18:58:20.460 INFO: Epoch 446: loss=2.0018, RMSE_E_per_atom=4.3 meV, RMSE_F=141.5 meV / A, RMSE_Mu_per_atom=2.73 mDebye
2023-12-06 18:58:21.022 INFO: Epoch 448: loss=2.1700, RMSE_E_per_atom=4.3 meV, RMSE_F=147.3 meV / A, RMSE_Mu_per_atom=2.68 mDebye
2023-12-06 18:58:21.582 INFO: Epoch 450: loss=2.1120, RMSE_E_per_atom=5.2 meV, RMSE_F=145.3 meV / A, RMSE_Mu_per_atom=2.63 mDebye
2023-12-06 18:58:22.144 INFO: Epoch 452: loss=2.1127, RMSE_E_per_atom=4.3 meV, RMSE_F=145.3 meV / A, RMSE_Mu_per_atom=2.76 mDebye
2023-12-06 18:58:22.708 INFO: Epoch 454: loss=2.0728, RMSE_E_per_atom=5.2 meV, RMSE_F=143.9 meV / A, RMSE_Mu_per_atom=2.65 mDebye
2023-12-06 18:58:23.270 INFO: Epoch 456: loss=2.0725, RMSE_E_per_atom=4.8 meV, RMSE_F=143.9 meV / A, RMSE_Mu_per_atom=2.57 mDebye
2023-12-06 18:58:23.833 INFO: Epoch 458: loss=2.1106, RMSE_E_per_atom=3.9 meV, RMSE_F=145.3 meV / A, RMSE_Mu_per_atom=2.72 mDebye
2023-12-06 18:58:24.395 INFO: Epoch 460: loss=2.0988, RMSE_E_per_atom=3.9 meV, RMSE_F=144.8 meV / A, RMSE_Mu_per_atom=2.57 mDebye
2023-12-06 18:58:24.959 INFO: Epoch 462: loss=2.1466, RMSE_E_per_atom=3.8 meV, RMSE_F=146.5 meV / A, RMSE_Mu_per_atom=2.61 mDebye
2023-12-06 18:58:25.523 INFO: Epoch 464: loss=2.2417, RMSE_E_per_atom=4.3 meV, RMSE_F=149.7 meV / A, RMSE_Mu_per_atom=2.59 mDebye
2023-12-06 18:58:26.086 INFO: Epoch 466: loss=2.0652, RMSE_E_per_atom=3.3 meV, RMSE_F=143.7 meV / A, RMSE_Mu_per_atom=2.50 mDebye
2023-12-06 18:58:26.648 INFO: Epoch 468: loss=2.1527, RMSE_E_per_atom=4.0 meV, RMSE_F=146.7 meV / A, RMSE_Mu_per_atom=2.50 mDebye
2023-12-06 18:58:27.209 INFO: Epoch 470: loss=2.1571, RMSE_E_per_atom=3.7 meV, RMSE_F=146.9 meV / A, RMSE_Mu_per_atom=2.48 mDebye
2023-12-06 18:58:27.772 INFO: Epoch 472: loss=2.0922, RMSE_E_per_atom=3.4 meV, RMSE_F=144.6 meV / A, RMSE_Mu_per_atom=2.48 mDebye
2023-12-06 18:58:28.335 INFO: Epoch 474: loss=2.1795, RMSE_E_per_atom=4.3 meV, RMSE_F=147.6 meV / A, RMSE_Mu_per_atom=2.50 mDebye
2023-12-06 18:58:28.896 INFO: Epoch 476: loss=2.1363, RMSE_E_per_atom=3.3 meV, RMSE_F=146.1 meV / A, RMSE_Mu_per_atom=2.52 mDebye
2023-12-06 18:58:29.457 INFO: Epoch 478: loss=2.1654, RMSE_E_per_atom=4.4 meV, RMSE_F=147.1 meV / A, RMSE_Mu_per_atom=2.49 mDebye
2023-12-06 18:58:30.018 INFO: Epoch 480: loss=2.1400, RMSE_E_per_atom=3.7 meV, RMSE_F=146.3 meV / A, RMSE_Mu_per_atom=2.55 mDebye
2023-12-06 18:58:30.580 INFO: Epoch 482: loss=2.1161, RMSE_E_per_atom=3.6 meV, RMSE_F=145.4 meV / A, RMSE_Mu_per_atom=2.56 mDebye
2023-12-06 18:58:31.143 INFO: Epoch 484: loss=2.1281, RMSE_E_per_atom=3.5 meV, RMSE_F=145.9 meV / A, RMSE_Mu_per_atom=2.52 mDebye
2023-12-06 18:58:31.705 INFO: Epoch 486: loss=2.1920, RMSE_E_per_atom=3.9 meV, RMSE_F=148.0 meV / A, RMSE_Mu_per_atom=2.53 mDebye
2023-12-06 18:58:32.268 INFO: Epoch 488: loss=2.1906, RMSE_E_per_atom=3.6 meV, RMSE_F=148.0 meV / A, RMSE_Mu_per_atom=2.52 mDebye
2023-12-06 18:58:32.830 INFO: Epoch 490: loss=2.1761, RMSE_E_per_atom=3.4 meV, RMSE_F=147.5 meV / A, RMSE_Mu_per_atom=2.51 mDebye
2023-12-06 18:58:33.393 INFO: Epoch 492: loss=2.1783, RMSE_E_per_atom=3.4 meV, RMSE_F=147.6 meV / A, RMSE_Mu_per_atom=2.49 mDebye
2023-12-06 18:58:33.956 INFO: Epoch 494: loss=2.2289, RMSE_E_per_atom=3.8 meV, RMSE_F=149.3 meV / A, RMSE_Mu_per_atom=2.45 mDebye
2023-12-06 18:58:34.519 INFO: Epoch 496: loss=2.2049, RMSE_E_per_atom=3.3 meV, RMSE_F=148.5 meV / A, RMSE_Mu_per_atom=2.47 mDebye
2023-12-06 18:58:35.082 INFO: Epoch 498: loss=2.2071, RMSE_E_per_atom=3.8 meV, RMSE_F=148.5 meV / A, RMSE_Mu_per_atom=2.43 mDebye
2023-12-06 18:58:35.644 INFO: Epoch 500: loss=2.1813, RMSE_E_per_atom=3.5 meV, RMSE_F=147.7 meV / A, RMSE_Mu_per_atom=2.44 mDebye
2023-12-06 18:58:36.207 INFO: Epoch 502: loss=2.2137, RMSE_E_per_atom=2.9 meV, RMSE_F=148.8 meV / A, RMSE_Mu_per_atom=2.45 mDebye
2023-12-06 18:58:36.768 INFO: Epoch 504: loss=2.2236, RMSE_E_per_atom=3.4 meV, RMSE_F=149.1 meV / A, RMSE_Mu_per_atom=2.48 mDebye
2023-12-06 18:58:37.332 INFO: Epoch 506: loss=2.2064, RMSE_E_per_atom=3.1 meV, RMSE_F=148.5 meV / A, RMSE_Mu_per_atom=2.50 mDebye
2023-12-06 18:58:37.896 INFO: Epoch 508: loss=2.1632, RMSE_E_per_atom=3.2 meV, RMSE_F=147.1 meV / A, RMSE_Mu_per_atom=2.48 mDebye
2023-12-06 18:58:38.459 INFO: Epoch 510: loss=2.2628, RMSE_E_per_atom=3.5 meV, RMSE_F=150.4 meV / A, RMSE_Mu_per_atom=2.42 mDebye
2023-12-06 18:58:39.021 INFO: Epoch 512: loss=2.2513, RMSE_E_per_atom=3.3 meV, RMSE_F=150.0 meV / A, RMSE_Mu_per_atom=2.42 mDebye
2023-12-06 18:58:39.585 INFO: Epoch 514: loss=2.2612, RMSE_E_per_atom=3.2 meV, RMSE_F=150.4 meV / A, RMSE_Mu_per_atom=2.41 mDebye
2023-12-06 18:58:40.151 INFO: Epoch 516: loss=2.2535, RMSE_E_per_atom=3.5 meV, RMSE_F=150.1 meV / A, RMSE_Mu_per_atom=2.40 mDebye
2023-12-06 18:58:40.713 INFO: Epoch 518: loss=2.3118, RMSE_E_per_atom=3.2 meV, RMSE_F=152.0 meV / A, RMSE_Mu_per_atom=2.39 mDebye
2023-12-06 18:58:41.278 INFO: Epoch 520: loss=2.2279, RMSE_E_per_atom=3.7 meV, RMSE_F=149.2 meV / A, RMSE_Mu_per_atom=2.41 mDebye
2023-12-06 18:58:41.841 INFO: Epoch 522: loss=2.2520, RMSE_E_per_atom=3.6 meV, RMSE_F=150.0 meV / A, RMSE_Mu_per_atom=2.43 mDebye
2023-12-06 18:58:42.407 INFO: Epoch 524: loss=2.2683, RMSE_E_per_atom=3.2 meV, RMSE_F=150.6 meV / A, RMSE_Mu_per_atom=2.50 mDebye
2023-12-06 18:58:42.972 INFO: Epoch 526: loss=2.2586, RMSE_E_per_atom=3.2 meV, RMSE_F=150.3 meV / A, RMSE_Mu_per_atom=2.42 mDebye
2023-12-06 18:58:43.537 INFO: Epoch 528: loss=2.2484, RMSE_E_per_atom=3.3 meV, RMSE_F=149.9 meV / A, RMSE_Mu_per_atom=2.41 mDebye
2023-12-06 18:58:44.102 INFO: Epoch 530: loss=2.2499, RMSE_E_per_atom=3.4 meV, RMSE_F=150.0 meV / A, RMSE_Mu_per_atom=2.42 mDebye
2023-12-06 18:58:44.665 INFO: Epoch 532: loss=2.2170, RMSE_E_per_atom=3.3 meV, RMSE_F=148.9 meV / A, RMSE_Mu_per_atom=2.41 mDebye
2023-12-06 18:58:45.230 INFO: Epoch 534: loss=2.2653, RMSE_E_per_atom=3.6 meV, RMSE_F=150.5 meV / A, RMSE_Mu_per_atom=2.37 mDebye
2023-12-06 18:58:45.794 INFO: Epoch 536: loss=2.2529, RMSE_E_per_atom=3.5 meV, RMSE_F=150.1 meV / A, RMSE_Mu_per_atom=2.37 mDebye
2023-12-06 18:58:46.360 INFO: Epoch 538: loss=2.3302, RMSE_E_per_atom=3.3 meV, RMSE_F=152.6 meV / A, RMSE_Mu_per_atom=2.32 mDebye
2023-12-06 18:58:46.924 INFO: Epoch 540: loss=2.2146, RMSE_E_per_atom=3.4 meV, RMSE_F=148.8 meV / A, RMSE_Mu_per_atom=2.29 mDebye
2023-12-06 18:58:47.491 INFO: Epoch 542: loss=2.2429, RMSE_E_per_atom=3.9 meV, RMSE_F=149.7 meV / A, RMSE_Mu_per_atom=2.30 mDebye
2023-12-06 18:58:48.056 INFO: Epoch 544: loss=2.3101, RMSE_E_per_atom=3.4 meV, RMSE_F=152.0 meV / A, RMSE_Mu_per_atom=2.30 mDebye
2023-12-06 18:58:48.619 INFO: Epoch 546: loss=2.3143, RMSE_E_per_atom=3.3 meV, RMSE_F=152.1 meV / A, RMSE_Mu_per_atom=2.32 mDebye
2023-12-06 18:58:49.184 INFO: Epoch 548: loss=2.2990, RMSE_E_per_atom=3.0 meV, RMSE_F=151.6 meV / A, RMSE_Mu_per_atom=2.35 mDebye
2023-12-06 18:58:49.745 INFO: Epoch 550: loss=2.3074, RMSE_E_per_atom=3.5 meV, RMSE_F=151.9 meV / A, RMSE_Mu_per_atom=2.32 mDebye
2023-12-06 18:58:50.308 INFO: Epoch 552: loss=2.3010, RMSE_E_per_atom=3.4 meV, RMSE_F=151.7 meV / A, RMSE_Mu_per_atom=2.34 mDebye
2023-12-06 18:58:50.870 INFO: Epoch 554: loss=2.3912, RMSE_E_per_atom=3.3 meV, RMSE_F=154.6 meV / A, RMSE_Mu_per_atom=2.33 mDebye
2023-12-06 18:58:51.434 INFO: Epoch 556: loss=2.3058, RMSE_E_per_atom=3.3 meV, RMSE_F=151.8 meV / A, RMSE_Mu_per_atom=2.31 mDebye
2023-12-06 18:58:51.999 INFO: Epoch 558: loss=2.3095, RMSE_E_per_atom=3.3 meV, RMSE_F=152.0 meV / A, RMSE_Mu_per_atom=2.28 mDebye
2023-12-06 18:58:52.563 INFO: Epoch 560: loss=2.2750, RMSE_E_per_atom=3.5 meV, RMSE_F=150.8 meV / A, RMSE_Mu_per_atom=2.30 mDebye
2023-12-06 18:58:53.129 INFO: Epoch 562: loss=2.3216, RMSE_E_per_atom=3.1 meV, RMSE_F=152.4 meV / A, RMSE_Mu_per_atom=2.30 mDebye
2023-12-06 18:58:53.694 INFO: Epoch 564: loss=2.3423, RMSE_E_per_atom=3.4 meV, RMSE_F=153.0 meV / A, RMSE_Mu_per_atom=2.30 mDebye
2023-12-06 18:58:54.259 INFO: Epoch 566: loss=2.2642, RMSE_E_per_atom=3.4 meV, RMSE_F=150.5 meV / A, RMSE_Mu_per_atom=2.34 mDebye
2023-12-06 18:58:54.824 INFO: Epoch 568: loss=2.3452, RMSE_E_per_atom=3.5 meV, RMSE_F=153.1 meV / A, RMSE_Mu_per_atom=2.34 mDebye
2023-12-06 18:58:55.390 INFO: Epoch 570: loss=2.3017, RMSE_E_per_atom=3.7 meV, RMSE_F=151.7 meV / A, RMSE_Mu_per_atom=2.32 mDebye
2023-12-06 18:58:55.955 INFO: Epoch 572: loss=2.3896, RMSE_E_per_atom=3.3 meV, RMSE_F=154.6 meV / A, RMSE_Mu_per_atom=2.31 mDebye
2023-12-06 18:58:56.520 INFO: Epoch 574: loss=2.3226, RMSE_E_per_atom=3.5 meV, RMSE_F=152.4 meV / A, RMSE_Mu_per_atom=2.31 mDebye
2023-12-06 18:58:57.086 INFO: Epoch 576: loss=2.3503, RMSE_E_per_atom=3.5 meV, RMSE_F=153.3 meV / A, RMSE_Mu_per_atom=2.32 mDebye
2023-12-06 18:58:57.651 INFO: Epoch 578: loss=2.3722, RMSE_E_per_atom=3.6 meV, RMSE_F=154.0 meV / A, RMSE_Mu_per_atom=2.32 mDebye
2023-12-06 18:58:58.215 INFO: Epoch 580: loss=2.3654, RMSE_E_per_atom=3.3 meV, RMSE_F=153.8 meV / A, RMSE_Mu_per_atom=2.30 mDebye
2023-12-06 18:58:58.781 INFO: Epoch 582: loss=2.3723, RMSE_E_per_atom=3.4 meV, RMSE_F=154.0 meV / A, RMSE_Mu_per_atom=2.31 mDebye
2023-12-06 18:58:59.345 INFO: Epoch 584: loss=2.3676, RMSE_E_per_atom=3.8 meV, RMSE_F=153.9 meV / A, RMSE_Mu_per_atom=2.31 mDebye
2023-12-06 18:58:59.910 INFO: Epoch 586: loss=2.3607, RMSE_E_per_atom=3.4 meV, RMSE_F=153.6 meV / A, RMSE_Mu_per_atom=2.30 mDebye
2023-12-06 18:59:00.476 INFO: Epoch 588: loss=2.3728, RMSE_E_per_atom=3.2 meV, RMSE_F=154.0 meV / A, RMSE_Mu_per_atom=2.29 mDebye
2023-12-06 18:59:01.045 INFO: Epoch 590: loss=2.3529, RMSE_E_per_atom=3.4 meV, RMSE_F=153.4 meV / A, RMSE_Mu_per_atom=2.28 mDebye
2023-12-06 18:59:01.612 INFO: Epoch 592: loss=2.3624, RMSE_E_per_atom=3.5 meV, RMSE_F=153.7 meV / A, RMSE_Mu_per_atom=2.28 mDebye
2023-12-06 18:59:02.177 INFO: Epoch 594: loss=2.3866, RMSE_E_per_atom=3.5 meV, RMSE_F=154.5 meV / A, RMSE_Mu_per_atom=2.26 mDebye
2023-12-06 18:59:02.739 INFO: Epoch 596: loss=2.3294, RMSE_E_per_atom=3.1 meV, RMSE_F=152.6 meV / A, RMSE_Mu_per_atom=2.25 mDebye
2023-12-06 18:59:03.305 INFO: Epoch 598: loss=2.4211, RMSE_E_per_atom=3.5 meV, RMSE_F=155.6 meV / A, RMSE_Mu_per_atom=2.23 mDebye
2023-12-06 18:59:03.867 INFO: Epoch 600: loss=2.3651, RMSE_E_per_atom=3.1 meV, RMSE_F=153.8 meV / A, RMSE_Mu_per_atom=2.21 mDebye
2023-12-06 18:59:04.431 INFO: Epoch 602: loss=2.4125, RMSE_E_per_atom=3.5 meV, RMSE_F=155.3 meV / A, RMSE_Mu_per_atom=2.23 mDebye
2023-12-06 18:59:04.997 INFO: Epoch 604: loss=2.4020, RMSE_E_per_atom=3.3 meV, RMSE_F=155.0 meV / A, RMSE_Mu_per_atom=2.27 mDebye
2023-12-06 18:59:05.562 INFO: Epoch 606: loss=2.3478, RMSE_E_per_atom=3.3 meV, RMSE_F=153.2 meV / A, RMSE_Mu_per_atom=2.28 mDebye
2023-12-06 18:59:06.125 INFO: Epoch 608: loss=2.3974, RMSE_E_per_atom=3.3 meV, RMSE_F=154.8 meV / A, RMSE_Mu_per_atom=2.29 mDebye
2023-12-06 18:59:06.689 INFO: Epoch 610: loss=2.3984, RMSE_E_per_atom=3.2 meV, RMSE_F=154.8 meV / A, RMSE_Mu_per_atom=2.25 mDebye
2023-12-06 18:59:07.256 INFO: Epoch 612: loss=2.3940, RMSE_E_per_atom=3.6 meV, RMSE_F=154.7 meV / A, RMSE_Mu_per_atom=2.24 mDebye
2023-12-06 18:59:07.819 INFO: Epoch 614: loss=2.3658, RMSE_E_per_atom=3.5 meV, RMSE_F=153.8 meV / A, RMSE_Mu_per_atom=2.27 mDebye
2023-12-06 18:59:08.384 INFO: Epoch 616: loss=2.4065, RMSE_E_per_atom=3.4 meV, RMSE_F=155.1 meV / A, RMSE_Mu_per_atom=2.24 mDebye
2023-12-06 18:59:08.948 INFO: Epoch 618: loss=2.4057, RMSE_E_per_atom=3.5 meV, RMSE_F=155.1 meV / A, RMSE_Mu_per_atom=2.26 mDebye
2023-12-06 18:59:09.511 INFO: Epoch 620: loss=2.3901, RMSE_E_per_atom=3.2 meV, RMSE_F=154.6 meV / A, RMSE_Mu_per_atom=2.29 mDebye
2023-12-06 18:59:10.075 INFO: Epoch 622: loss=2.3447, RMSE_E_per_atom=4.3 meV, RMSE_F=153.1 meV / A, RMSE_Mu_per_atom=2.29 mDebye
2023-12-06 18:59:10.638 INFO: Epoch 624: loss=2.3874, RMSE_E_per_atom=3.4 meV, RMSE_F=154.5 meV / A, RMSE_Mu_per_atom=2.26 mDebye
2023-12-06 18:59:11.200 INFO: Epoch 626: loss=2.4536, RMSE_E_per_atom=3.2 meV, RMSE_F=156.6 meV / A, RMSE_Mu_per_atom=2.24 mDebye
2023-12-06 18:59:11.763 INFO: Epoch 628: loss=2.3682, RMSE_E_per_atom=3.4 meV, RMSE_F=153.9 meV / A, RMSE_Mu_per_atom=2.25 mDebye
2023-12-06 18:59:12.326 INFO: Epoch 630: loss=2.4102, RMSE_E_per_atom=3.5 meV, RMSE_F=155.2 meV / A, RMSE_Mu_per_atom=2.25 mDebye
2023-12-06 18:59:12.890 INFO: Epoch 632: loss=2.4087, RMSE_E_per_atom=3.2 meV, RMSE_F=155.2 meV / A, RMSE_Mu_per_atom=2.25 mDebye
2023-12-06 18:59:13.454 INFO: Epoch 634: loss=2.3815, RMSE_E_per_atom=3.5 meV, RMSE_F=154.3 meV / A, RMSE_Mu_per_atom=2.27 mDebye
2023-12-06 18:59:14.017 INFO: Epoch 636: loss=2.4118, RMSE_E_per_atom=3.3 meV, RMSE_F=155.3 meV / A, RMSE_Mu_per_atom=2.26 mDebye
2023-12-06 18:59:14.580 INFO: Epoch 638: loss=2.4038, RMSE_E_per_atom=3.1 meV, RMSE_F=155.0 meV / A, RMSE_Mu_per_atom=2.26 mDebye
2023-12-06 18:59:15.150 INFO: Epoch 640: loss=2.4624, RMSE_E_per_atom=3.8 meV, RMSE_F=156.9 meV / A, RMSE_Mu_per_atom=2.24 mDebye
2023-12-06 18:59:15.713 INFO: Epoch 642: loss=2.4296, RMSE_E_per_atom=3.5 meV, RMSE_F=155.9 meV / A, RMSE_Mu_per_atom=2.23 mDebye
2023-12-06 18:59:16.277 INFO: Epoch 644: loss=2.3990, RMSE_E_per_atom=3.4 meV, RMSE_F=154.9 meV / A, RMSE_Mu_per_atom=2.25 mDebye
2023-12-06 18:59:16.839 INFO: Epoch 646: loss=2.4703, RMSE_E_per_atom=3.5 meV, RMSE_F=157.2 meV / A, RMSE_Mu_per_atom=2.22 mDebye
2023-12-06 18:59:17.403 INFO: Epoch 648: loss=2.3794, RMSE_E_per_atom=3.4 meV, RMSE_F=154.2 meV / A, RMSE_Mu_per_atom=2.24 mDebye
2023-12-06 18:59:17.966 INFO: Epoch 650: loss=2.4628, RMSE_E_per_atom=3.6 meV, RMSE_F=156.9 meV / A, RMSE_Mu_per_atom=2.27 mDebye
2023-12-06 18:59:18.533 INFO: Epoch 652: loss=2.4502, RMSE_E_per_atom=3.4 meV, RMSE_F=156.5 meV / A, RMSE_Mu_per_atom=2.24 mDebye
2023-12-06 18:59:19.100 INFO: Epoch 654: loss=2.4299, RMSE_E_per_atom=3.5 meV, RMSE_F=155.9 meV / A, RMSE_Mu_per_atom=2.25 mDebye
2023-12-06 18:59:19.666 INFO: Epoch 656: loss=2.4408, RMSE_E_per_atom=3.7 meV, RMSE_F=156.2 meV / A, RMSE_Mu_per_atom=2.29 mDebye
2023-12-06 18:59:20.230 INFO: Epoch 658: loss=2.4176, RMSE_E_per_atom=3.7 meV, RMSE_F=155.5 meV / A, RMSE_Mu_per_atom=2.28 mDebye
2023-12-06 18:59:20.792 INFO: Epoch 660: loss=2.4266, RMSE_E_per_atom=3.5 meV, RMSE_F=155.8 meV / A, RMSE_Mu_per_atom=2.28 mDebye
2023-12-06 18:59:21.355 INFO: Epoch 662: loss=2.4246, RMSE_E_per_atom=3.4 meV, RMSE_F=155.7 meV / A, RMSE_Mu_per_atom=2.30 mDebye
2023-12-06 18:59:21.920 INFO: Epoch 664: loss=2.3846, RMSE_E_per_atom=3.2 meV, RMSE_F=154.4 meV / A, RMSE_Mu_per_atom=2.29 mDebye
2023-12-06 18:59:22.487 INFO: Epoch 666: loss=2.4553, RMSE_E_per_atom=3.4 meV, RMSE_F=156.7 meV / A, RMSE_Mu_per_atom=2.26 mDebye
2023-12-06 18:59:23.050 INFO: Epoch 668: loss=2.4528, RMSE_E_per_atom=3.4 meV, RMSE_F=156.6 meV / A, RMSE_Mu_per_atom=2.25 mDebye
2023-12-06 18:59:23.614 INFO: Epoch 670: loss=2.3870, RMSE_E_per_atom=3.7 meV, RMSE_F=154.5 meV / A, RMSE_Mu_per_atom=2.22 mDebye
2023-12-06 18:59:24.178 INFO: Epoch 672: loss=2.4487, RMSE_E_per_atom=3.3 meV, RMSE_F=156.5 meV / A, RMSE_Mu_per_atom=2.21 mDebye
2023-12-06 18:59:24.745 INFO: Epoch 674: loss=2.4576, RMSE_E_per_atom=3.3 meV, RMSE_F=156.8 meV / A, RMSE_Mu_per_atom=2.23 mDebye
2023-12-06 18:59:25.310 INFO: Epoch 676: loss=2.4388, RMSE_E_per_atom=3.6 meV, RMSE_F=156.2 meV / A, RMSE_Mu_per_atom=2.22 mDebye
2023-12-06 18:59:25.875 INFO: Epoch 678: loss=2.4262, RMSE_E_per_atom=3.4 meV, RMSE_F=155.7 meV / A, RMSE_Mu_per_atom=2.23 mDebye
2023-12-06 18:59:26.440 INFO: Epoch 680: loss=2.4660, RMSE_E_per_atom=3.3 meV, RMSE_F=157.0 meV / A, RMSE_Mu_per_atom=2.23 mDebye
2023-12-06 18:59:27.006 INFO: Epoch 682: loss=2.4489, RMSE_E_per_atom=3.5 meV, RMSE_F=156.5 meV / A, RMSE_Mu_per_atom=2.24 mDebye
2023-12-06 18:59:27.572 INFO: Epoch 684: loss=2.4205, RMSE_E_per_atom=3.4 meV, RMSE_F=155.6 meV / A, RMSE_Mu_per_atom=2.24 mDebye
2023-12-06 18:59:28.136 INFO: Epoch 686: loss=2.4632, RMSE_E_per_atom=3.5 meV, RMSE_F=156.9 meV / A, RMSE_Mu_per_atom=2.23 mDebye
2023-12-06 18:59:28.700 INFO: Epoch 688: loss=2.4637, RMSE_E_per_atom=3.3 meV, RMSE_F=156.9 meV / A, RMSE_Mu_per_atom=2.21 mDebye
2023-12-06 18:59:29.264 INFO: Epoch 690: loss=2.4574, RMSE_E_per_atom=3.5 meV, RMSE_F=156.7 meV / A, RMSE_Mu_per_atom=2.21 mDebye
2023-12-06 18:59:29.827 INFO: Epoch 692: loss=2.4873, RMSE_E_per_atom=3.5 meV, RMSE_F=157.7 meV / A, RMSE_Mu_per_atom=2.22 mDebye
2023-12-06 18:59:30.391 INFO: Epoch 694: loss=2.5021, RMSE_E_per_atom=3.4 meV, RMSE_F=158.2 meV / A, RMSE_Mu_per_atom=2.22 mDebye
2023-12-06 18:59:30.954 INFO: Epoch 696: loss=2.4800, RMSE_E_per_atom=3.3 meV, RMSE_F=157.5 meV / A, RMSE_Mu_per_atom=2.22 mDebye
2023-12-06 18:59:31.520 INFO: Epoch 698: loss=2.4946, RMSE_E_per_atom=3.5 meV, RMSE_F=157.9 meV / A, RMSE_Mu_per_atom=2.21 mDebye
2023-12-06 18:59:32.085 INFO: Epoch 700: loss=2.4555, RMSE_E_per_atom=3.5 meV, RMSE_F=156.7 meV / A, RMSE_Mu_per_atom=2.23 mDebye
2023-12-06 18:59:32.650 INFO: Epoch 702: loss=2.5215, RMSE_E_per_atom=3.4 meV, RMSE_F=158.8 meV / A, RMSE_Mu_per_atom=2.24 mDebye
2023-12-06 18:59:33.214 INFO: Epoch 704: loss=2.4778, RMSE_E_per_atom=3.5 meV, RMSE_F=157.4 meV / A, RMSE_Mu_per_atom=2.24 mDebye
2023-12-06 18:59:33.779 INFO: Epoch 706: loss=2.4638, RMSE_E_per_atom=3.6 meV, RMSE_F=157.0 meV / A, RMSE_Mu_per_atom=2.23 mDebye
2023-12-06 18:59:34.342 INFO: Epoch 708: loss=2.4971, RMSE_E_per_atom=3.3 meV, RMSE_F=158.0 meV / A, RMSE_Mu_per_atom=2.23 mDebye
2023-12-06 18:59:34.907 INFO: Epoch 710: loss=2.4693, RMSE_E_per_atom=3.6 meV, RMSE_F=157.1 meV / A, RMSE_Mu_per_atom=2.22 mDebye
2023-12-06 18:59:35.469 INFO: Epoch 712: loss=2.5046, RMSE_E_per_atom=3.4 meV, RMSE_F=158.2 meV / A, RMSE_Mu_per_atom=2.23 mDebye
2023-12-06 18:59:36.034 INFO: Epoch 714: loss=2.5165, RMSE_E_per_atom=3.7 meV, RMSE_F=158.6 meV / A, RMSE_Mu_per_atom=2.23 mDebye
2023-12-06 18:59:36.599 INFO: Epoch 716: loss=2.4588, RMSE_E_per_atom=3.4 meV, RMSE_F=156.8 meV / A, RMSE_Mu_per_atom=2.23 mDebye
2023-12-06 18:59:37.162 INFO: Epoch 718: loss=2.5519, RMSE_E_per_atom=3.6 meV, RMSE_F=159.7 meV / A, RMSE_Mu_per_atom=2.23 mDebye
2023-12-06 18:59:37.726 INFO: Epoch 720: loss=2.4840, RMSE_E_per_atom=3.3 meV, RMSE_F=157.6 meV / A, RMSE_Mu_per_atom=2.24 mDebye
2023-12-06 18:59:38.292 INFO: Epoch 722: loss=2.5058, RMSE_E_per_atom=3.5 meV, RMSE_F=158.3 meV / A, RMSE_Mu_per_atom=2.25 mDebye
2023-12-06 18:59:38.857 INFO: Epoch 724: loss=2.5173, RMSE_E_per_atom=3.2 meV, RMSE_F=158.6 meV / A, RMSE_Mu_per_atom=2.26 mDebye
2023-12-06 18:59:39.426 INFO: Epoch 726: loss=2.4987, RMSE_E_per_atom=3.6 meV, RMSE_F=158.1 meV / A, RMSE_Mu_per_atom=2.25 mDebye
2023-12-06 18:59:39.991 INFO: Epoch 728: loss=2.4988, RMSE_E_per_atom=3.5 meV, RMSE_F=158.1 meV / A, RMSE_Mu_per_atom=2.24 mDebye
2023-12-06 18:59:40.557 INFO: Epoch 730: loss=2.5472, RMSE_E_per_atom=3.6 meV, RMSE_F=159.6 meV / A, RMSE_Mu_per_atom=2.24 mDebye
2023-12-06 18:59:41.122 INFO: Epoch 732: loss=2.5262, RMSE_E_per_atom=3.7 meV, RMSE_F=158.9 meV / A, RMSE_Mu_per_atom=2.24 mDebye
2023-12-06 18:59:41.687 INFO: Epoch 734: loss=2.5102, RMSE_E_per_atom=3.3 meV, RMSE_F=158.4 meV / A, RMSE_Mu_per_atom=2.23 mDebye
2023-12-06 18:59:42.251 INFO: Epoch 736: loss=2.5178, RMSE_E_per_atom=3.5 meV, RMSE_F=158.7 meV / A, RMSE_Mu_per_atom=2.22 mDebye
2023-12-06 18:59:42.817 INFO: Epoch 738: loss=2.5233, RMSE_E_per_atom=3.4 meV, RMSE_F=158.8 meV / A, RMSE_Mu_per_atom=2.22 mDebye
2023-12-06 18:59:43.382 INFO: Epoch 740: loss=2.4790, RMSE_E_per_atom=3.7 meV, RMSE_F=157.4 meV / A, RMSE_Mu_per_atom=2.21 mDebye
2023-12-06 18:59:43.947 INFO: Epoch 742: loss=2.5083, RMSE_E_per_atom=3.6 meV, RMSE_F=158.4 meV / A, RMSE_Mu_per_atom=2.21 mDebye
2023-12-06 18:59:44.512 INFO: Epoch 744: loss=2.5397, RMSE_E_per_atom=3.3 meV, RMSE_F=159.4 meV / A, RMSE_Mu_per_atom=2.21 mDebye
2023-12-06 18:59:45.077 INFO: Epoch 746: loss=2.5109, RMSE_E_per_atom=3.5 meV, RMSE_F=158.4 meV / A, RMSE_Mu_per_atom=2.21 mDebye
2023-12-06 18:59:45.642 INFO: Epoch 748: loss=2.4971, RMSE_E_per_atom=3.4 meV, RMSE_F=158.0 meV / A, RMSE_Mu_per_atom=2.21 mDebye
2023-12-06 18:59:46.206 INFO: Epoch 750: loss=2.4969, RMSE_E_per_atom=3.5 meV, RMSE_F=158.0 meV / A, RMSE_Mu_per_atom=2.21 mDebye
2023-12-06 18:59:46.771 INFO: Epoch 752: loss=2.4972, RMSE_E_per_atom=3.4 meV, RMSE_F=158.0 meV / A, RMSE_Mu_per_atom=2.22 mDebye
2023-12-06 18:59:47.335 INFO: Epoch 754: loss=2.5089, RMSE_E_per_atom=3.3 meV, RMSE_F=158.4 meV / A, RMSE_Mu_per_atom=2.23 mDebye
2023-12-06 18:59:47.899 INFO: Epoch 756: loss=2.4994, RMSE_E_per_atom=3.4 meV, RMSE_F=158.1 meV / A, RMSE_Mu_per_atom=2.23 mDebye
2023-12-06 18:59:48.462 INFO: Epoch 758: loss=2.5275, RMSE_E_per_atom=3.6 meV, RMSE_F=159.0 meV / A, RMSE_Mu_per_atom=2.23 mDebye
2023-12-06 18:59:49.027 INFO: Epoch 760: loss=2.5024, RMSE_E_per_atom=3.4 meV, RMSE_F=158.2 meV / A, RMSE_Mu_per_atom=2.23 mDebye
2023-12-06 18:59:49.591 INFO: Epoch 762: loss=2.5237, RMSE_E_per_atom=3.6 meV, RMSE_F=158.8 meV / A, RMSE_Mu_per_atom=2.22 mDebye
2023-12-06 18:59:50.155 INFO: Epoch 764: loss=2.5391, RMSE_E_per_atom=3.5 meV, RMSE_F=159.3 meV / A, RMSE_Mu_per_atom=2.19 mDebye
2023-12-06 18:59:50.719 INFO: Epoch 766: loss=2.5195, RMSE_E_per_atom=3.5 meV, RMSE_F=158.7 meV / A, RMSE_Mu_per_atom=2.18 mDebye
2023-12-06 18:59:51.283 INFO: Epoch 768: loss=2.6069, RMSE_E_per_atom=3.4 meV, RMSE_F=161.4 meV / A, RMSE_Mu_per_atom=2.17 mDebye
2023-12-06 18:59:51.848 INFO: Epoch 770: loss=2.5109, RMSE_E_per_atom=3.5 meV, RMSE_F=158.4 meV / A, RMSE_Mu_per_atom=2.18 mDebye
2023-12-06 18:59:52.415 INFO: Epoch 772: loss=2.5044, RMSE_E_per_atom=3.5 meV, RMSE_F=158.2 meV / A, RMSE_Mu_per_atom=2.19 mDebye
2023-12-06 18:59:52.979 INFO: Epoch 774: loss=2.5580, RMSE_E_per_atom=3.4 meV, RMSE_F=159.9 meV / A, RMSE_Mu_per_atom=2.19 mDebye
2023-12-06 18:59:53.545 INFO: Epoch 776: loss=2.5091, RMSE_E_per_atom=3.5 meV, RMSE_F=158.4 meV / A, RMSE_Mu_per_atom=2.21 mDebye
2023-12-06 18:59:54.110 INFO: Epoch 778: loss=2.5325, RMSE_E_per_atom=3.5 meV, RMSE_F=159.1 meV / A, RMSE_Mu_per_atom=2.22 mDebye
2023-12-06 18:59:54.674 INFO: Epoch 780: loss=2.5580, RMSE_E_per_atom=3.5 meV, RMSE_F=159.9 meV / A, RMSE_Mu_per_atom=2.21 mDebye
2023-12-06 18:59:55.240 INFO: Epoch 782: loss=2.5545, RMSE_E_per_atom=3.6 meV, RMSE_F=159.8 meV / A, RMSE_Mu_per_atom=2.21 mDebye
2023-12-06 18:59:55.801 INFO: Epoch 784: loss=2.5214, RMSE_E_per_atom=3.4 meV, RMSE_F=158.8 meV / A, RMSE_Mu_per_atom=2.22 mDebye
2023-12-06 18:59:56.366 INFO: Epoch 786: loss=2.5630, RMSE_E_per_atom=3.5 meV, RMSE_F=160.1 meV / A, RMSE_Mu_per_atom=2.23 mDebye
2023-12-06 18:59:56.930 INFO: Epoch 788: loss=2.5268, RMSE_E_per_atom=3.5 meV, RMSE_F=158.9 meV / A, RMSE_Mu_per_atom=2.26 mDebye
2023-12-06 18:59:57.495 INFO: Epoch 790: loss=2.5249, RMSE_E_per_atom=3.4 meV, RMSE_F=158.9 meV / A, RMSE_Mu_per_atom=2.27 mDebye
2023-12-06 18:59:58.058 INFO: Epoch 792: loss=2.5110, RMSE_E_per_atom=3.5 meV, RMSE_F=158.4 meV / A, RMSE_Mu_per_atom=2.26 mDebye
2023-12-06 18:59:58.622 INFO: Epoch 794: loss=2.5177, RMSE_E_per_atom=3.5 meV, RMSE_F=158.7 meV / A, RMSE_Mu_per_atom=2.24 mDebye
2023-12-06 18:59:59.187 INFO: Epoch 796: loss=2.5657, RMSE_E_per_atom=3.4 meV, RMSE_F=160.2 meV / A, RMSE_Mu_per_atom=2.22 mDebye
2023-12-06 18:59:59.749 INFO: Epoch 798: loss=2.5397, RMSE_E_per_atom=3.6 meV, RMSE_F=159.3 meV / A, RMSE_Mu_per_atom=2.23 mDebye
2023-12-06 19:00:00.023 INFO: Changing loss based on SWA
2023-12-06 19:00:00.317 INFO: Epoch 800: loss=2.5710, RMSE_E_per_atom=5.0 meV, RMSE_F=159.5 meV / A, RMSE_Mu_per_atom=2.24 mDebye
2023-12-06 19:00:01.151 INFO: Epoch 802: loss=2.5581, RMSE_E_per_atom=4.1 meV, RMSE_F=159.4 meV / A, RMSE_Mu_per_atom=2.23 mDebye
2023-12-06 19:00:01.985 INFO: Epoch 804: loss=2.5355, RMSE_E_per_atom=3.5 meV, RMSE_F=158.8 meV / A, RMSE_Mu_per_atom=2.23 mDebye
2023-12-06 19:00:02.822 INFO: Epoch 806: loss=2.5665, RMSE_E_per_atom=4.2 meV, RMSE_F=159.6 meV / A, RMSE_Mu_per_atom=2.23 mDebye
2023-12-06 19:00:03.394 INFO: Epoch 808: loss=2.5138, RMSE_E_per_atom=3.4 meV, RMSE_F=158.2 meV / A, RMSE_Mu_per_atom=2.20 mDebye
2023-12-06 19:00:04.227 INFO: Epoch 810: loss=2.5596, RMSE_E_per_atom=3.5 meV, RMSE_F=159.6 meV / A, RMSE_Mu_per_atom=2.19 mDebye
2023-12-06 19:00:04.795 INFO: Epoch 812: loss=2.5323, RMSE_E_per_atom=3.7 meV, RMSE_F=158.7 meV / A, RMSE_Mu_per_atom=2.20 mDebye
2023-12-06 19:00:05.365 INFO: Epoch 814: loss=2.5605, RMSE_E_per_atom=4.1 meV, RMSE_F=159.5 meV / A, RMSE_Mu_per_atom=2.21 mDebye
2023-12-06 19:00:05.934 INFO: Epoch 816: loss=2.5685, RMSE_E_per_atom=4.3 meV, RMSE_F=159.7 meV / A, RMSE_Mu_per_atom=2.21 mDebye
2023-12-06 19:00:06.505 INFO: Epoch 818: loss=2.5569, RMSE_E_per_atom=4.5 meV, RMSE_F=159.3 meV / A, RMSE_Mu_per_atom=2.24 mDebye
2023-12-06 19:00:07.074 INFO: Epoch 820: loss=2.5569, RMSE_E_per_atom=4.0 meV, RMSE_F=159.4 meV / A, RMSE_Mu_per_atom=2.22 mDebye
2023-12-06 19:00:07.645 INFO: Epoch 822: loss=2.5531, RMSE_E_per_atom=4.1 meV, RMSE_F=159.2 meV / A, RMSE_Mu_per_atom=2.20 mDebye
2023-12-06 19:00:08.214 INFO: Epoch 824: loss=2.5652, RMSE_E_per_atom=3.8 meV, RMSE_F=159.7 meV / A, RMSE_Mu_per_atom=2.19 mDebye
2023-12-06 19:00:08.786 INFO: Epoch 826: loss=2.5641, RMSE_E_per_atom=5.6 meV, RMSE_F=159.1 meV / A, RMSE_Mu_per_atom=2.22 mDebye
2023-12-06 19:00:09.355 INFO: Epoch 828: loss=2.5594, RMSE_E_per_atom=4.4 meV, RMSE_F=159.4 meV / A, RMSE_Mu_per_atom=2.22 mDebye
2023-12-06 19:00:09.926 INFO: Epoch 830: loss=2.5315, RMSE_E_per_atom=3.3 meV, RMSE_F=158.7 meV / A, RMSE_Mu_per_atom=2.20 mDebye
2023-12-06 19:00:10.496 INFO: Epoch 832: loss=2.5381, RMSE_E_per_atom=3.5 meV, RMSE_F=158.9 meV / A, RMSE_Mu_per_atom=2.20 mDebye
2023-12-06 19:00:11.067 INFO: Epoch 834: loss=2.5400, RMSE_E_per_atom=3.4 meV, RMSE_F=159.0 meV / A, RMSE_Mu_per_atom=2.21 mDebye
2023-12-06 19:00:11.635 INFO: Epoch 836: loss=2.5581, RMSE_E_per_atom=3.5 meV, RMSE_F=159.5 meV / A, RMSE_Mu_per_atom=2.20 mDebye
2023-12-06 19:00:12.208 INFO: Epoch 838: loss=2.5163, RMSE_E_per_atom=3.4 meV, RMSE_F=158.3 meV / A, RMSE_Mu_per_atom=2.21 mDebye
2023-12-06 19:00:12.780 INFO: Epoch 840: loss=2.5796, RMSE_E_per_atom=4.3 meV, RMSE_F=160.0 meV / A, RMSE_Mu_per_atom=2.21 mDebye
2023-12-06 19:00:13.354 INFO: Epoch 842: loss=2.5756, RMSE_E_per_atom=4.1 meV, RMSE_F=160.0 meV / A, RMSE_Mu_per_atom=2.21 mDebye
2023-12-06 19:00:13.928 INFO: Epoch 844: loss=2.5612, RMSE_E_per_atom=4.5 meV, RMSE_F=159.4 meV / A, RMSE_Mu_per_atom=2.23 mDebye
2023-12-06 19:00:14.498 INFO: Epoch 846: loss=2.5536, RMSE_E_per_atom=3.8 meV, RMSE_F=159.3 meV / A, RMSE_Mu_per_atom=2.23 mDebye
2023-12-06 19:00:15.068 INFO: Epoch 848: loss=2.5349, RMSE_E_per_atom=3.7 meV, RMSE_F=158.8 meV / A, RMSE_Mu_per_atom=2.22 mDebye
2023-12-06 19:00:15.639 INFO: Epoch 850: loss=2.5331, RMSE_E_per_atom=3.4 meV, RMSE_F=158.8 meV / A, RMSE_Mu_per_atom=2.25 mDebye
2023-12-06 19:00:16.211 INFO: Epoch 852: loss=2.5569, RMSE_E_per_atom=4.0 meV, RMSE_F=159.4 meV / A, RMSE_Mu_per_atom=2.25 mDebye
2023-12-06 19:00:16.782 INFO: Epoch 854: loss=2.5761, RMSE_E_per_atom=4.2 meV, RMSE_F=159.9 meV / A, RMSE_Mu_per_atom=2.20 mDebye
2023-12-06 19:00:17.353 INFO: Epoch 856: loss=2.5633, RMSE_E_per_atom=3.6 meV, RMSE_F=159.7 meV / A, RMSE_Mu_per_atom=2.19 mDebye
2023-12-06 19:00:17.924 INFO: Epoch 858: loss=2.5596, RMSE_E_per_atom=3.3 meV, RMSE_F=159.6 meV / A, RMSE_Mu_per_atom=2.21 mDebye
2023-12-06 19:00:18.495 INFO: Epoch 860: loss=2.5341, RMSE_E_per_atom=3.8 meV, RMSE_F=158.7 meV / A, RMSE_Mu_per_atom=2.20 mDebye
2023-12-06 19:00:19.066 INFO: Epoch 862: loss=2.5668, RMSE_E_per_atom=3.3 meV, RMSE_F=159.9 meV / A, RMSE_Mu_per_atom=2.19 mDebye
2023-12-06 19:00:19.639 INFO: Epoch 864: loss=2.5307, RMSE_E_per_atom=3.8 meV, RMSE_F=158.6 meV / A, RMSE_Mu_per_atom=2.19 mDebye
2023-12-06 19:00:20.215 INFO: Epoch 866: loss=2.5384, RMSE_E_per_atom=4.5 meV, RMSE_F=158.7 meV / A, RMSE_Mu_per_atom=2.19 mDebye
2023-12-06 19:00:20.784 INFO: Epoch 868: loss=2.5786, RMSE_E_per_atom=3.9 meV, RMSE_F=160.1 meV / A, RMSE_Mu_per_atom=2.22 mDebye
2023-12-06 19:00:21.354 INFO: Epoch 870: loss=2.5526, RMSE_E_per_atom=3.4 meV, RMSE_F=159.4 meV / A, RMSE_Mu_per_atom=2.20 mDebye
2023-12-06 19:00:21.926 INFO: Epoch 872: loss=2.5621, RMSE_E_per_atom=3.6 meV, RMSE_F=159.6 meV / A, RMSE_Mu_per_atom=2.20 mDebye
2023-12-06 19:00:22.498 INFO: Epoch 874: loss=2.5668, RMSE_E_per_atom=3.6 meV, RMSE_F=159.8 meV / A, RMSE_Mu_per_atom=2.21 mDebye
2023-12-06 19:00:23.069 INFO: Epoch 876: loss=2.5721, RMSE_E_per_atom=3.5 meV, RMSE_F=160.0 meV / A, RMSE_Mu_per_atom=2.18 mDebye
2023-12-06 19:00:23.640 INFO: Epoch 878: loss=2.5508, RMSE_E_per_atom=3.6 meV, RMSE_F=159.3 meV / A, RMSE_Mu_per_atom=2.18 mDebye
2023-12-06 19:00:24.209 INFO: Epoch 880: loss=2.5690, RMSE_E_per_atom=3.4 meV, RMSE_F=159.9 meV / A, RMSE_Mu_per_atom=2.20 mDebye
2023-12-06 19:00:24.780 INFO: Epoch 882: loss=2.5546, RMSE_E_per_atom=4.0 meV, RMSE_F=159.3 meV / A, RMSE_Mu_per_atom=2.19 mDebye
2023-12-06 19:00:25.351 INFO: Epoch 884: loss=2.5306, RMSE_E_per_atom=3.2 meV, RMSE_F=158.7 meV / A, RMSE_Mu_per_atom=2.19 mDebye
2023-12-06 19:00:25.923 INFO: Epoch 886: loss=2.5523, RMSE_E_per_atom=3.4 meV, RMSE_F=159.4 meV / A, RMSE_Mu_per_atom=2.18 mDebye
2023-12-06 19:00:26.494 INFO: Epoch 888: loss=2.5480, RMSE_E_per_atom=3.2 meV, RMSE_F=159.3 meV / A, RMSE_Mu_per_atom=2.16 mDebye
2023-12-06 19:00:27.064 INFO: Epoch 890: loss=2.5558, RMSE_E_per_atom=3.5 meV, RMSE_F=159.5 meV / A, RMSE_Mu_per_atom=2.16 mDebye
2023-12-06 19:00:27.635 INFO: Epoch 892: loss=2.5781, RMSE_E_per_atom=4.0 meV, RMSE_F=160.1 meV / A, RMSE_Mu_per_atom=2.20 mDebye
2023-12-06 19:00:28.207 INFO: Epoch 894: loss=2.5604, RMSE_E_per_atom=4.2 meV, RMSE_F=159.4 meV / A, RMSE_Mu_per_atom=2.21 mDebye
2023-12-06 19:00:28.777 INFO: Epoch 896: loss=2.5662, RMSE_E_per_atom=3.8 meV, RMSE_F=159.7 meV / A, RMSE_Mu_per_atom=2.20 mDebye
2023-12-06 19:00:29.347 INFO: Epoch 898: loss=2.5718, RMSE_E_per_atom=3.5 meV, RMSE_F=160.0 meV / A, RMSE_Mu_per_atom=2.22 mDebye
2023-12-06 19:00:29.918 INFO: Epoch 900: loss=2.5359, RMSE_E_per_atom=4.1 meV, RMSE_F=158.7 meV / A, RMSE_Mu_per_atom=2.24 mDebye
2023-12-06 19:00:30.487 INFO: Epoch 902: loss=2.5966, RMSE_E_per_atom=3.6 meV, RMSE_F=160.7 meV / A, RMSE_Mu_per_atom=2.24 mDebye
2023-12-06 19:00:31.057 INFO: Epoch 904: loss=2.5390, RMSE_E_per_atom=3.4 meV, RMSE_F=159.0 meV / A, RMSE_Mu_per_atom=2.24 mDebye
2023-12-06 19:00:31.627 INFO: Epoch 906: loss=2.5566, RMSE_E_per_atom=3.4 meV, RMSE_F=159.5 meV / A, RMSE_Mu_per_atom=2.21 mDebye
2023-12-06 19:00:32.198 INFO: Epoch 908: loss=2.5384, RMSE_E_per_atom=3.4 meV, RMSE_F=158.9 meV / A, RMSE_Mu_per_atom=2.19 mDebye
2023-12-06 19:00:32.770 INFO: Epoch 910: loss=2.5521, RMSE_E_per_atom=4.0 meV, RMSE_F=159.2 meV / A, RMSE_Mu_per_atom=2.20 mDebye
2023-12-06 19:00:33.339 INFO: Epoch 912: loss=2.5990, RMSE_E_per_atom=4.4 meV, RMSE_F=160.6 meV / A, RMSE_Mu_per_atom=2.23 mDebye
2023-12-06 19:00:33.910 INFO: Epoch 914: loss=2.5609, RMSE_E_per_atom=4.4 meV, RMSE_F=159.4 meV / A, RMSE_Mu_per_atom=2.21 mDebye
2023-12-06 19:00:34.482 INFO: Epoch 916: loss=2.5806, RMSE_E_per_atom=4.7 meV, RMSE_F=159.9 meV / A, RMSE_Mu_per_atom=2.19 mDebye
2023-12-06 19:00:35.052 INFO: Epoch 918: loss=2.5570, RMSE_E_per_atom=5.2 meV, RMSE_F=159.0 meV / A, RMSE_Mu_per_atom=2.21 mDebye
2023-12-06 19:00:35.622 INFO: Epoch 920: loss=2.5933, RMSE_E_per_atom=3.8 meV, RMSE_F=160.6 meV / A, RMSE_Mu_per_atom=2.21 mDebye
2023-12-06 19:00:36.194 INFO: Epoch 922: loss=2.5595, RMSE_E_per_atom=3.8 meV, RMSE_F=159.5 meV / A, RMSE_Mu_per_atom=2.19 mDebye
2023-12-06 19:00:36.765 INFO: Epoch 924: loss=2.5538, RMSE_E_per_atom=3.4 meV, RMSE_F=159.4 meV / A, RMSE_Mu_per_atom=2.21 mDebye
2023-12-06 19:00:37.337 INFO: Epoch 926: loss=2.5746, RMSE_E_per_atom=3.1 meV, RMSE_F=160.1 meV / A, RMSE_Mu_per_atom=2.23 mDebye
2023-12-06 19:00:37.909 INFO: Epoch 928: loss=2.5307, RMSE_E_per_atom=3.2 meV, RMSE_F=158.7 meV / A, RMSE_Mu_per_atom=2.23 mDebye
2023-12-06 19:00:38.481 INFO: Epoch 930: loss=2.5609, RMSE_E_per_atom=3.9 meV, RMSE_F=159.5 meV / A, RMSE_Mu_per_atom=2.23 mDebye
2023-12-06 19:00:39.052 INFO: Epoch 932: loss=2.5460, RMSE_E_per_atom=3.3 meV, RMSE_F=159.2 meV / A, RMSE_Mu_per_atom=2.23 mDebye
2023-12-06 19:00:39.621 INFO: Epoch 934: loss=2.5218, RMSE_E_per_atom=3.5 meV, RMSE_F=158.4 meV / A, RMSE_Mu_per_atom=2.26 mDebye
2023-12-06 19:00:40.191 INFO: Epoch 936: loss=2.5833, RMSE_E_per_atom=4.3 meV, RMSE_F=160.1 meV / A, RMSE_Mu_per_atom=2.28 mDebye
2023-12-06 19:00:40.760 INFO: Epoch 938: loss=2.5885, RMSE_E_per_atom=3.5 meV, RMSE_F=160.5 meV / A, RMSE_Mu_per_atom=2.23 mDebye
2023-12-06 19:00:41.331 INFO: Epoch 940: loss=2.5921, RMSE_E_per_atom=4.3 meV, RMSE_F=160.4 meV / A, RMSE_Mu_per_atom=2.20 mDebye
2023-12-06 19:00:41.904 INFO: Epoch 942: loss=2.5723, RMSE_E_per_atom=4.3 meV, RMSE_F=159.8 meV / A, RMSE_Mu_per_atom=2.21 mDebye
2023-12-06 19:00:42.476 INFO: Epoch 944: loss=2.5706, RMSE_E_per_atom=3.3 meV, RMSE_F=160.0 meV / A, RMSE_Mu_per_atom=2.19 mDebye
2023-12-06 19:00:43.047 INFO: Epoch 946: loss=2.5509, RMSE_E_per_atom=3.9 meV, RMSE_F=159.2 meV / A, RMSE_Mu_per_atom=2.19 mDebye
2023-12-06 19:00:43.619 INFO: Epoch 948: loss=2.5993, RMSE_E_per_atom=3.6 meV, RMSE_F=160.8 meV / A, RMSE_Mu_per_atom=2.21 mDebye
2023-12-06 19:00:44.190 INFO: Epoch 950: loss=2.5617, RMSE_E_per_atom=3.7 meV, RMSE_F=159.6 meV / A, RMSE_Mu_per_atom=2.22 mDebye
2023-12-06 19:00:44.763 INFO: Epoch 952: loss=2.5492, RMSE_E_per_atom=3.3 meV, RMSE_F=159.3 meV / A, RMSE_Mu_per_atom=2.20 mDebye
2023-12-06 19:00:45.335 INFO: Epoch 954: loss=2.5582, RMSE_E_per_atom=3.5 meV, RMSE_F=159.6 meV / A, RMSE_Mu_per_atom=2.19 mDebye
2023-12-06 19:00:45.906 INFO: Epoch 956: loss=2.5735, RMSE_E_per_atom=3.6 meV, RMSE_F=160.0 meV / A, RMSE_Mu_per_atom=2.21 mDebye
2023-12-06 19:00:46.477 INFO: Epoch 958: loss=2.5767, RMSE_E_per_atom=4.0 meV, RMSE_F=160.0 meV / A, RMSE_Mu_per_atom=2.23 mDebye
2023-12-06 19:00:47.049 INFO: Epoch 960: loss=2.5688, RMSE_E_per_atom=3.2 meV, RMSE_F=159.9 meV / A, RMSE_Mu_per_atom=2.23 mDebye
2023-12-06 19:00:47.621 INFO: Epoch 962: loss=2.5938, RMSE_E_per_atom=4.2 meV, RMSE_F=160.5 meV / A, RMSE_Mu_per_atom=2.22 mDebye
2023-12-06 19:00:48.193 INFO: Epoch 964: loss=2.5775, RMSE_E_per_atom=3.8 meV, RMSE_F=160.1 meV / A, RMSE_Mu_per_atom=2.25 mDebye
2023-12-06 19:00:48.764 INFO: Epoch 966: loss=2.6265, RMSE_E_per_atom=4.9 meV, RMSE_F=161.3 meV / A, RMSE_Mu_per_atom=2.25 mDebye
2023-12-06 19:00:49.335 INFO: Epoch 968: loss=2.5931, RMSE_E_per_atom=4.8 meV, RMSE_F=160.3 meV / A, RMSE_Mu_per_atom=2.23 mDebye
2023-12-06 19:00:49.905 INFO: Epoch 970: loss=2.6017, RMSE_E_per_atom=4.5 meV, RMSE_F=160.7 meV / A, RMSE_Mu_per_atom=2.21 mDebye
2023-12-06 19:00:50.476 INFO: Epoch 972: loss=2.6032, RMSE_E_per_atom=3.5 meV, RMSE_F=161.0 meV / A, RMSE_Mu_per_atom=2.24 mDebye
2023-12-06 19:00:51.045 INFO: Epoch 974: loss=2.5768, RMSE_E_per_atom=3.4 meV, RMSE_F=160.1 meV / A, RMSE_Mu_per_atom=2.25 mDebye
2023-12-06 19:00:51.614 INFO: Epoch 976: loss=2.5435, RMSE_E_per_atom=3.4 meV, RMSE_F=159.1 meV / A, RMSE_Mu_per_atom=2.23 mDebye
2023-12-06 19:00:52.183 INFO: Epoch 978: loss=2.6586, RMSE_E_per_atom=3.5 meV, RMSE_F=162.7 meV / A, RMSE_Mu_per_atom=2.21 mDebye
2023-12-06 19:00:52.752 INFO: Epoch 980: loss=2.6200, RMSE_E_per_atom=4.5 meV, RMSE_F=161.2 meV / A, RMSE_Mu_per_atom=2.18 mDebye
2023-12-06 19:00:53.324 INFO: Epoch 982: loss=2.5605, RMSE_E_per_atom=4.0 meV, RMSE_F=159.5 meV / A, RMSE_Mu_per_atom=2.19 mDebye
2023-12-06 19:00:53.895 INFO: Epoch 984: loss=2.5970, RMSE_E_per_atom=3.6 meV, RMSE_F=160.7 meV / A, RMSE_Mu_per_atom=2.19 mDebye
2023-12-06 19:00:54.466 INFO: Epoch 986: loss=2.6037, RMSE_E_per_atom=4.4 meV, RMSE_F=160.8 meV / A, RMSE_Mu_per_atom=2.24 mDebye
2023-12-06 19:00:55.036 INFO: Epoch 988: loss=2.5923, RMSE_E_per_atom=4.2 meV, RMSE_F=160.4 meV / A, RMSE_Mu_per_atom=2.25 mDebye
2023-12-06 19:00:55.606 INFO: Epoch 990: loss=2.5656, RMSE_E_per_atom=3.3 meV, RMSE_F=159.8 meV / A, RMSE_Mu_per_atom=2.26 mDebye
2023-12-06 19:00:56.177 INFO: Epoch 992: loss=2.5765, RMSE_E_per_atom=4.1 meV, RMSE_F=160.0 meV / A, RMSE_Mu_per_atom=2.25 mDebye
2023-12-06 19:00:56.747 INFO: Epoch 994: loss=2.6026, RMSE_E_per_atom=3.7 meV, RMSE_F=160.9 meV / A, RMSE_Mu_per_atom=2.25 mDebye
2023-12-06 19:00:57.319 INFO: Epoch 996: loss=2.6057, RMSE_E_per_atom=3.8 meV, RMSE_F=161.0 meV / A, RMSE_Mu_per_atom=2.22 mDebye
2023-12-06 19:00:57.890 INFO: Epoch 998: loss=2.6140, RMSE_E_per_atom=3.6 meV, RMSE_F=161.3 meV / A, RMSE_Mu_per_atom=2.21 mDebye
2023-12-06 19:00:58.165 INFO: Training complete
2023-12-06 19:00:58.166 INFO: Computing metrics for training, validation, and test sets
2023-12-06 19:00:58.167 INFO: Loading checkpoint: checkpoints/ox_gs_rattled_50x2b_run-2345_epoch-164.pt
2023-12-06 19:00:58.196 INFO: Loaded model from epoch 164
2023-12-06 19:00:58.229 INFO: Evaluating train ...
2023-12-06 19:00:58.351 INFO: Evaluating valid ...
2023-12-06 19:00:58.404 INFO: Evaluating Default ...
2023-12-06 19:00:58.528 INFO: 
+-------------+---------------------+------------------+--------------+-------------------------+---------------+
| config_type | RMSE E / meV / atom | RMSE F / meV / A | rel F RMSE % | RMSE MU / mDebye / atom | rel MU RMSE % |
+-------------+---------------------+------------------+--------------+-------------------------+---------------+
|    train    |        196.0        |      116.1       |     5.3      |           4.6           |      13.8     |
|    valid    |        199.0        |      116.4       |     7.8      |           3.5           |      10.6     |
|   Default   |        196.1        |      116.2       |     5.4      |           4.5           |      13.7     |
+-------------+---------------------+------------------+--------------+-------------------------+---------------+
2023-12-06 19:00:58.528 INFO: Saving model to checkpoints/ox_gs_rattled_50x2b_run-2345.model
2023-12-06 19:00:59.031 INFO: Loading checkpoint: checkpoints/ox_gs_rattled_50x2b_run-2345_epoch-808_swa.pt
2023-12-06 19:00:59.060 INFO: Loaded model from epoch 808
2023-12-06 19:00:59.093 INFO: Evaluating train ...
2023-12-06 19:00:59.214 INFO: Evaluating valid ...
2023-12-06 19:00:59.266 INFO: Evaluating Default ...
2023-12-06 19:00:59.388 INFO: 
+-------------+---------------------+------------------+--------------+-------------------------+---------------+
| config_type | RMSE E / meV / atom | RMSE F / meV / A | rel F RMSE % | RMSE MU / mDebye / atom | rel MU RMSE % |
+-------------+---------------------+------------------+--------------+-------------------------+---------------+
|    train    |         4.5         |       39.9       |     1.8      |           2.3           |      6.8      |
|    valid    |         3.4         |      158.2       |     10.6     |           2.2           |      6.7      |
|   Default   |         4.4         |       52.6       |     2.4      |           2.3           |      6.8      |
+-------------+---------------------+------------------+--------------+-------------------------+---------------+
2023-12-06 19:00:59.388 INFO: Saving model to checkpoints/ox_gs_rattled_50x2b_run-2345_swa.model
2023-12-06 19:00:59.887 INFO: Done
