2023-12-06 15:24:19.545 INFO: MACE version: 0.2.0
2023-12-06 15:24:19.545 INFO: Configuration: Namespace(name='ox_gs_rattled_50x1d', seed=4567, log_dir='logs', model_dir='.', checkpoints_dir='checkpoints', results_dir='results', downloads_dir='downloads', device='cuda', default_dtype='float64', log_level='INFO', error_table='EnergyDipoleRMSE', model='EnergyDipolesMACE', r_max=5.0, num_radial_basis=8, num_cutoff_basis=5, interaction='RealAgnosticResidualInteractionBlock', interaction_first='RealAgnosticResidualInteractionBlock', max_ell=3, correlation=3, num_interactions=2, MLP_irreps='16x0e', radial_MLP='[64, 64, 64]', hidden_irreps='32x0e + 32x1o + 32x2e', num_channels=None, max_L=None, gate='silu', scaling='rms_forces_scaling', avg_num_neighbors=1.0, compute_avg_num_neighbors=True, compute_stress=True, compute_forces=True, train_file='ox_gs_rattled_50x1d_train.xyz', valid_file=None, valid_fraction=0.05, test_file='ox_gs_rattled_50x1d_train.xyz', E0s='{6: -1034.7672562939947, 1: -13.74018495096079, 8: -2057.26969300199}', energy_key='energy', forces_key='forces', virials_key='virials', stress_key='stress', dipole_key='dipole', charges_key='charges', loss='energy_forces_dipole', forces_weight=100.0, swa_forces_weight=100.0, energy_weight=1.0, swa_energy_weight=1000.0, virials_weight=1.0, swa_virials_weight=10.0, stress_weight=1.0, swa_stress_weight=10.0, dipole_weight=1.0, swa_dipole_weight=1.0, config_type_weights='{"Default":1.0}', huber_delta=0.01, optimizer='adam', batch_size=16, valid_batch_size=16, lr=0.01, swa_lr=0.001, weight_decay=5e-07, amsgrad=True, scheduler='ReduceLROnPlateau', lr_factor=0.8, scheduler_patience=50, lr_scheduler_gamma=0.9993, swa=True, start_swa=800, ema=False, ema_decay=0.99, max_num_epochs=1000, patience=2048, eval_interval=2, keep_checkpoints=False, restart_latest=True, save_cpu=False, clip_grad=10.0, wandb=False, wandb_project='', wandb_entity='', wandb_name='', wandb_log_hypers=['num_channels', 'max_L', 'correlation', 'lr', 'swa_lr', 'weight_decay', 'batch_size', 'max_num_epochs', 'start_swa', 'energy_weight', 'forces_weight'])
2023-12-06 15:24:19.581 INFO: CUDA version: 11.7, CUDA device: 0
2023-12-06 15:24:19.602 INFO: Loaded 50 training configurations from 'ox_gs_rattled_50x1d_train.xyz'
2023-12-06 15:24:19.602 INFO: Using random 5.0% of training set for validation
2023-12-06 15:24:19.617 INFO: Loaded 50 test configurations from 'ox_gs_rattled_50x1d_train.xyz'
2023-12-06 15:24:19.617 INFO: Total number of configurations: train=48, valid=2, tests=[Default: 50]
2023-12-06 15:24:19.617 INFO: AtomicNumberTable: (1, 6, 8)
2023-12-06 15:24:19.617 INFO: Atomic Energies not in training file, using command line argument E0s
2023-12-06 15:24:19.617 INFO: Atomic energies: [-13.74018495096079, -1034.7672562939947, -2057.26969300199]
2023-12-06 15:24:19.661 INFO: WeightedEnergyForcesDipoleLoss(energy_weight=1.000, forces_weight=100.000, dipole_weight=1.000)
2023-12-06 15:24:19.666 INFO: Average number of neighbors: 6.0
2023-12-06 15:24:19.666 INFO: Selected the following outputs: {'energy': True, 'forces': True, 'virials': False, 'stress': False, 'dipoles': True}
2023-12-06 15:24:19.666 INFO: Building model
2023-12-06 15:24:19.666 INFO: Hidden irreps: 32x0e + 32x1o + 32x2e
2023-12-06 15:24:21.136 INFO: Using stochastic weight averaging (after 800 epochs) with energy weight : 1000.0, forces weight : 100.0, dipole weight : 1.0 and learning rate : 0.001
2023-12-06 15:24:21.197 WARNING: Cannot find checkpoint with tag 'ox_gs_rattled_50x1d_run-4567' in 'checkpoints'
2023-12-06 15:24:21.197 INFO: EnergyDipolesMACE(
  (node_embedding): LinearNodeEmbeddingBlock(
    (linear): Linear(3x0e -> 32x0e | 96 weights)
  )
  (radial_embedding): RadialEmbeddingBlock(
    (bessel_fn): BesselBasis(r_max=5.0, num_basis=8, trainable=False)
    (cutoff_fn): PolynomialCutoff(p=5.0, r_max=5.0)
  )
  (spherical_harmonics): SphericalHarmonics()
  (atomic_energies_fn): AtomicEnergiesBlock(energies=[-13.7402, -1034.7673, -2057.2697])
  (interactions): ModuleList(
    (0): RealAgnosticInteractionBlock(
      (linear_up): Linear(32x0e -> 32x0e | 1024 weights)
      (conv_tp): TensorProduct(32x0e x 1x0e+1x1o+1x2e+1x3o -> 32x0e+32x1o+32x2e+32x3o | 128 paths | 128 weights)
      (conv_tp_weights): FullyConnectedNet[8, 64, 64, 64, 128]
      (linear): Linear(32x0e+32x1o+32x2e+32x3o -> 32x0e+32x1o+32x2e+32x3o | 4096 weights)
      (skip_tp): FullyConnectedTensorProduct(32x0e+32x1o+32x2e+32x3o x 3x0e -> 32x0e+32x1o+32x2e+32x3o | 12288 paths | 12288 weights)
      (reshape): reshape_irreps()
    )
    (1): RealAgnosticResidualInteractionBlock(
      (linear_up): Linear(32x0e+32x1o+32x2e -> 32x0e+32x1o+32x2e | 3072 weights)
      (conv_tp): TensorProduct(32x0e+32x1o+32x2e x 1x0e+1x1o+1x2e+1x3o -> 96x0e+160x1o+160x2e+128x3o | 544 paths | 544 weights)
      (conv_tp_weights): FullyConnectedNet[8, 64, 64, 64, 544]
      (linear): Linear(96x0e+160x1o+160x2e+128x3o -> 32x0e+32x1o+32x2e+32x3o | 17408 weights)
      (skip_tp): FullyConnectedTensorProduct(32x0e+32x1o+32x2e x 3x0e -> 32x0e+32x1o | 6144 paths | 6144 weights)
      (reshape): reshape_irreps()
    )
  )
  (products): ModuleList(
    (0): EquivariantProductBasisBlock(
      (symmetric_contractions): SymmetricContraction(
        (contractions): ModuleList(
          (0): Contraction(
            (contractions_weighting): ModuleList(
              (0-1): 2 x GraphModule()
            )
            (contractions_features): ModuleList(
              (0-1): 2 x GraphModule()
            )
            (weights): ParameterList(
                (0): Parameter containing: [torch.float64 of size 3x4x32 (GPU 0)]
                (1): Parameter containing: [torch.float64 of size 3x1x32 (GPU 0)]
            )
            (graph_opt_main): GraphModule()
          )
          (1): Contraction(
            (contractions_weighting): ModuleList(
              (0-1): 2 x GraphModule()
            )
            (contractions_features): ModuleList(
              (0-1): 2 x GraphModule()
            )
            (weights): ParameterList(
                (0): Parameter containing: [torch.float64 of size 3x6x32 (GPU 0)]
                (1): Parameter containing: [torch.float64 of size 3x1x32 (GPU 0)]
            )
            (graph_opt_main): GraphModule()
          )
          (2): Contraction(
            (contractions_weighting): ModuleList(
              (0-1): 2 x GraphModule()
            )
            (contractions_features): ModuleList(
              (0-1): 2 x GraphModule()
            )
            (weights): ParameterList(
                (0): Parameter containing: [torch.float64 of size 3x7x32 (GPU 0)]
                (1): Parameter containing: [torch.float64 of size 3x1x32 (GPU 0)]
            )
            (graph_opt_main): GraphModule()
          )
        )
      )
      (linear): Linear(32x0e+32x1o+32x2e -> 32x0e+32x1o+32x2e | 3072 weights)
    )
    (1): EquivariantProductBasisBlock(
      (symmetric_contractions): SymmetricContraction(
        (contractions): ModuleList(
          (0): Contraction(
            (contractions_weighting): ModuleList(
              (0-1): 2 x GraphModule()
            )
            (contractions_features): ModuleList(
              (0-1): 2 x GraphModule()
            )
            (weights): ParameterList(
                (0): Parameter containing: [torch.float64 of size 3x4x32 (GPU 0)]
                (1): Parameter containing: [torch.float64 of size 3x1x32 (GPU 0)]
            )
            (graph_opt_main): GraphModule()
          )
          (1): Contraction(
            (contractions_weighting): ModuleList(
              (0-1): 2 x GraphModule()
            )
            (contractions_features): ModuleList(
              (0-1): 2 x GraphModule()
            )
            (weights): ParameterList(
                (0): Parameter containing: [torch.float64 of size 3x6x32 (GPU 0)]
                (1): Parameter containing: [torch.float64 of size 3x1x32 (GPU 0)]
            )
            (graph_opt_main): GraphModule()
          )
        )
      )
      (linear): Linear(32x0e+32x1o -> 32x0e+32x1o | 2048 weights)
    )
  )
  (readouts): ModuleList(
    (0): LinearDipoleReadoutBlock(
      (linear): Linear(32x0e+32x1o+32x2e -> 1x0e+1x1o | 64 weights)
    )
    (1): NonLinearDipoleReadoutBlock(
      (equivariant_nonlin): Gate (16x0e -> 16x0e)
      (linear_1): Linear(32x0e+32x1o -> 16x0e | 512 weights)
      (linear_2): Linear(16x0e -> 1x0e+1x1o | 16 weights)
    )
  )
)
2023-12-06 15:24:21.199 INFO: Number of parameters: 133776
2023-12-06 15:24:21.199 INFO: Optimizer: Adam (
Parameter Group 0
    amsgrad: True
    betas: (0.9, 0.999)
    capturable: False
    differentiable: False
    eps: 1e-08
    foreach: None
    fused: None
    initial_lr: 0.01
    lr: 0.01
    maximize: False
    name: embedding
    swa_lr: 0.001
    weight_decay: 0.0

Parameter Group 1
    amsgrad: True
    betas: (0.9, 0.999)
    capturable: False
    differentiable: False
    eps: 1e-08
    foreach: None
    fused: None
    initial_lr: 0.01
    lr: 0.01
    maximize: False
    name: interactions_decay
    swa_lr: 0.001
    weight_decay: 5e-07

Parameter Group 2
    amsgrad: True
    betas: (0.9, 0.999)
    capturable: False
    differentiable: False
    eps: 1e-08
    foreach: None
    fused: None
    initial_lr: 0.01
    lr: 0.01
    maximize: False
    name: interactions_no_decay
    swa_lr: 0.001
    weight_decay: 0.0

Parameter Group 3
    amsgrad: True
    betas: (0.9, 0.999)
    capturable: False
    differentiable: False
    eps: 1e-08
    foreach: None
    fused: None
    initial_lr: 0.01
    lr: 0.01
    maximize: False
    name: products
    swa_lr: 0.001
    weight_decay: 5e-07

Parameter Group 4
    amsgrad: True
    betas: (0.9, 0.999)
    capturable: False
    differentiable: False
    eps: 1e-08
    foreach: None
    fused: None
    initial_lr: 0.01
    lr: 0.01
    maximize: False
    name: readouts
    swa_lr: 0.001
    weight_decay: 0.0
)
2023-12-06 15:24:21.199 INFO: Using gradient clipping with tolerance=10.000
2023-12-06 15:24:21.199 INFO: Started training
2023-12-06 15:24:26.687 INFO: Epoch 0: loss=837.1984, RMSE_E_per_atom=226.9 meV, RMSE_F=2893.3 meV / A, RMSE_Mu_per_atom=22.88 mDebye
2023-12-06 15:24:31.002 INFO: Epoch 2: loss=350.0755, RMSE_E_per_atom=717.9 meV, RMSE_F=1869.6 meV / A, RMSE_Mu_per_atom=15.71 mDebye
2023-12-06 15:24:31.829 INFO: Epoch 4: loss=353.7548, RMSE_E_per_atom=1483.3 meV, RMSE_F=1874.5 meV / A, RMSE_Mu_per_atom=41.71 mDebye
2023-12-06 15:24:32.390 INFO: Epoch 6: loss=179.1469, RMSE_E_per_atom=1174.5 meV, RMSE_F=1333.1 meV / A, RMSE_Mu_per_atom=20.00 mDebye
2023-12-06 15:24:33.215 INFO: Epoch 8: loss=67.6026, RMSE_E_per_atom=1399.5 meV, RMSE_F=810.1 meV / A, RMSE_Mu_per_atom=14.46 mDebye
2023-12-06 15:24:34.038 INFO: Epoch 10: loss=69.2319, RMSE_E_per_atom=1167.3 meV, RMSE_F=823.7 meV / A, RMSE_Mu_per_atom=12.41 mDebye
2023-12-06 15:24:34.600 INFO: Epoch 12: loss=32.2250, RMSE_E_per_atom=1150.9 meV, RMSE_F=555.8 meV / A, RMSE_Mu_per_atom=8.08 mDebye
2023-12-06 15:24:35.426 INFO: Epoch 14: loss=30.3820, RMSE_E_per_atom=1062.5 meV, RMSE_F=540.8 meV / A, RMSE_Mu_per_atom=10.36 mDebye
2023-12-06 15:24:36.249 INFO: Epoch 16: loss=19.6647, RMSE_E_per_atom=1101.8 meV, RMSE_F=429.5 meV / A, RMSE_Mu_per_atom=8.84 mDebye
2023-12-06 15:24:37.074 INFO: Epoch 18: loss=17.7295, RMSE_E_per_atom=1071.5 meV, RMSE_F=407.2 meV / A, RMSE_Mu_per_atom=6.33 mDebye
2023-12-06 15:24:37.897 INFO: Epoch 20: loss=11.3017, RMSE_E_per_atom=1073.8 meV, RMSE_F=318.5 meV / A, RMSE_Mu_per_atom=6.35 mDebye
2023-12-06 15:24:38.723 INFO: Epoch 22: loss=11.1176, RMSE_E_per_atom=1034.1 meV, RMSE_F=316.9 meV / A, RMSE_Mu_per_atom=5.90 mDebye
2023-12-06 15:24:39.548 INFO: Epoch 24: loss=8.6423, RMSE_E_per_atom=1000.6 meV, RMSE_F=276.4 meV / A, RMSE_Mu_per_atom=3.95 mDebye
2023-12-06 15:24:40.382 INFO: Epoch 26: loss=13.2988, RMSE_E_per_atom=935.5 meV, RMSE_F=352.5 meV / A, RMSE_Mu_per_atom=3.22 mDebye
2023-12-06 15:24:40.943 INFO: Epoch 28: loss=9.3008, RMSE_E_per_atom=867.2 meV, RMSE_F=292.4 meV / A, RMSE_Mu_per_atom=2.31 mDebye
2023-12-06 15:24:41.503 INFO: Epoch 30: loss=18.7598, RMSE_E_per_atom=868.0 meV, RMSE_F=424.3 meV / A, RMSE_Mu_per_atom=2.39 mDebye
2023-12-06 15:24:42.062 INFO: Epoch 32: loss=7.3216, RMSE_E_per_atom=773.8 meV, RMSE_F=259.3 meV / A, RMSE_Mu_per_atom=2.29 mDebye
2023-12-06 15:24:42.887 INFO: Epoch 34: loss=11.5231, RMSE_E_per_atom=739.9 meV, RMSE_F=331.3 meV / A, RMSE_Mu_per_atom=3.43 mDebye
2023-12-06 15:24:43.450 INFO: Epoch 36: loss=19.4887, RMSE_E_per_atom=675.8 meV, RMSE_F=436.2 meV / A, RMSE_Mu_per_atom=2.99 mDebye
2023-12-06 15:24:44.010 INFO: Epoch 38: loss=20.3350, RMSE_E_per_atom=616.1 meV, RMSE_F=446.7 meV / A, RMSE_Mu_per_atom=2.80 mDebye
2023-12-06 15:24:44.571 INFO: Epoch 40: loss=21.3102, RMSE_E_per_atom=581.3 meV, RMSE_F=457.9 meV / A, RMSE_Mu_per_atom=3.22 mDebye
2023-12-06 15:24:45.143 INFO: Epoch 42: loss=19.6654, RMSE_E_per_atom=565.9 meV, RMSE_F=439.8 meV / A, RMSE_Mu_per_atom=3.22 mDebye
2023-12-06 15:24:45.703 INFO: Epoch 44: loss=19.9335, RMSE_E_per_atom=482.3 meV, RMSE_F=443.8 meV / A, RMSE_Mu_per_atom=3.88 mDebye
2023-12-06 15:24:46.264 INFO: Epoch 46: loss=24.5082, RMSE_E_per_atom=482.7 meV, RMSE_F=492.7 meV / A, RMSE_Mu_per_atom=5.18 mDebye
2023-12-06 15:24:46.824 INFO: Epoch 48: loss=17.0295, RMSE_E_per_atom=424.4 meV, RMSE_F=410.5 meV / A, RMSE_Mu_per_atom=4.30 mDebye
2023-12-06 15:24:47.384 INFO: Epoch 50: loss=18.2702, RMSE_E_per_atom=407.4 meV, RMSE_F=425.5 meV / A, RMSE_Mu_per_atom=4.48 mDebye
2023-12-06 15:24:47.944 INFO: Epoch 52: loss=22.1643, RMSE_E_per_atom=370.3 meV, RMSE_F=469.3 meV / A, RMSE_Mu_per_atom=4.55 mDebye
2023-12-06 15:24:48.505 INFO: Epoch 54: loss=17.2462, RMSE_E_per_atom=343.9 meV, RMSE_F=413.8 meV / A, RMSE_Mu_per_atom=5.38 mDebye
2023-12-06 15:24:49.065 INFO: Epoch 56: loss=23.4459, RMSE_E_per_atom=312.5 meV, RMSE_F=483.2 meV / A, RMSE_Mu_per_atom=4.58 mDebye
2023-12-06 15:24:49.625 INFO: Epoch 58: loss=21.7726, RMSE_E_per_atom=308.8 meV, RMSE_F=465.6 meV / A, RMSE_Mu_per_atom=4.74 mDebye
2023-12-06 15:24:50.187 INFO: Epoch 60: loss=18.2998, RMSE_E_per_atom=284.4 meV, RMSE_F=426.8 meV / A, RMSE_Mu_per_atom=4.48 mDebye
2023-12-06 15:24:50.749 INFO: Epoch 62: loss=34.2473, RMSE_E_per_atom=273.9 meV, RMSE_F=584.6 meV / A, RMSE_Mu_per_atom=4.67 mDebye
2023-12-06 15:24:51.313 INFO: Epoch 64: loss=27.0413, RMSE_E_per_atom=244.1 meV, RMSE_F=519.4 meV / A, RMSE_Mu_per_atom=4.43 mDebye
2023-12-06 15:24:51.876 INFO: Epoch 66: loss=30.5746, RMSE_E_per_atom=259.3 meV, RMSE_F=552.3 meV / A, RMSE_Mu_per_atom=4.70 mDebye
2023-12-06 15:24:52.441 INFO: Epoch 68: loss=18.9660, RMSE_E_per_atom=226.2 meV, RMSE_F=434.9 meV / A, RMSE_Mu_per_atom=4.33 mDebye
2023-12-06 15:24:53.003 INFO: Epoch 70: loss=18.1633, RMSE_E_per_atom=181.7 meV, RMSE_F=425.8 meV / A, RMSE_Mu_per_atom=4.09 mDebye
2023-12-06 15:24:53.566 INFO: Epoch 72: loss=29.7712, RMSE_E_per_atom=198.1 meV, RMSE_F=545.3 meV / A, RMSE_Mu_per_atom=4.32 mDebye
2023-12-06 15:24:54.138 INFO: Epoch 74: loss=19.1328, RMSE_E_per_atom=194.5 meV, RMSE_F=437.0 meV / A, RMSE_Mu_per_atom=4.28 mDebye
2023-12-06 15:24:54.702 INFO: Epoch 76: loss=20.4636, RMSE_E_per_atom=202.6 meV, RMSE_F=451.9 meV / A, RMSE_Mu_per_atom=4.08 mDebye
2023-12-06 15:24:55.266 INFO: Epoch 78: loss=21.6096, RMSE_E_per_atom=195.8 meV, RMSE_F=464.4 meV / A, RMSE_Mu_per_atom=3.71 mDebye
2023-12-06 15:24:55.830 INFO: Epoch 80: loss=27.0061, RMSE_E_per_atom=194.0 meV, RMSE_F=519.3 meV / A, RMSE_Mu_per_atom=3.95 mDebye
2023-12-06 15:24:56.395 INFO: Epoch 82: loss=20.7115, RMSE_E_per_atom=174.8 meV, RMSE_F=454.7 meV / A, RMSE_Mu_per_atom=3.60 mDebye
2023-12-06 15:24:56.959 INFO: Epoch 84: loss=30.6707, RMSE_E_per_atom=174.8 meV, RMSE_F=553.5 meV / A, RMSE_Mu_per_atom=3.78 mDebye
2023-12-06 15:24:57.522 INFO: Epoch 86: loss=18.8609, RMSE_E_per_atom=164.7 meV, RMSE_F=434.0 meV / A, RMSE_Mu_per_atom=3.88 mDebye
2023-12-06 15:24:58.088 INFO: Epoch 88: loss=22.4242, RMSE_E_per_atom=139.7 meV, RMSE_F=473.3 meV / A, RMSE_Mu_per_atom=3.36 mDebye
2023-12-06 15:24:58.654 INFO: Epoch 90: loss=31.3485, RMSE_E_per_atom=137.9 meV, RMSE_F=559.7 meV / A, RMSE_Mu_per_atom=3.56 mDebye
2023-12-06 15:24:59.218 INFO: Epoch 92: loss=21.5019, RMSE_E_per_atom=132.8 meV, RMSE_F=463.5 meV / A, RMSE_Mu_per_atom=3.42 mDebye
2023-12-06 15:24:59.781 INFO: Epoch 94: loss=24.5026, RMSE_E_per_atom=103.0 meV, RMSE_F=494.9 meV / A, RMSE_Mu_per_atom=3.47 mDebye
2023-12-06 15:25:00.348 INFO: Epoch 96: loss=26.4909, RMSE_E_per_atom=85.8 meV, RMSE_F=514.6 meV / A, RMSE_Mu_per_atom=3.57 mDebye
2023-12-06 15:25:00.911 INFO: Epoch 98: loss=29.8439, RMSE_E_per_atom=85.6 meV, RMSE_F=546.2 meV / A, RMSE_Mu_per_atom=3.43 mDebye
2023-12-06 15:25:01.475 INFO: Epoch 100: loss=49.4110, RMSE_E_per_atom=72.5 meV, RMSE_F=702.9 meV / A, RMSE_Mu_per_atom=3.09 mDebye
2023-12-06 15:25:02.039 INFO: Epoch 102: loss=43.0024, RMSE_E_per_atom=56.1 meV, RMSE_F=655.7 meV / A, RMSE_Mu_per_atom=2.95 mDebye
2023-12-06 15:25:02.604 INFO: Epoch 104: loss=29.5097, RMSE_E_per_atom=78.1 meV, RMSE_F=543.2 meV / A, RMSE_Mu_per_atom=3.11 mDebye
2023-12-06 15:25:03.166 INFO: Epoch 106: loss=28.9650, RMSE_E_per_atom=89.8 meV, RMSE_F=538.1 meV / A, RMSE_Mu_per_atom=3.04 mDebye
2023-12-06 15:25:03.731 INFO: Epoch 108: loss=27.7856, RMSE_E_per_atom=107.4 meV, RMSE_F=527.0 meV / A, RMSE_Mu_per_atom=2.89 mDebye
2023-12-06 15:25:04.295 INFO: Epoch 110: loss=39.4420, RMSE_E_per_atom=122.5 meV, RMSE_F=627.9 meV / A, RMSE_Mu_per_atom=2.87 mDebye
2023-12-06 15:25:04.861 INFO: Epoch 112: loss=18.7925, RMSE_E_per_atom=114.3 meV, RMSE_F=433.3 meV / A, RMSE_Mu_per_atom=2.82 mDebye
2023-12-06 15:25:05.426 INFO: Epoch 114: loss=26.0538, RMSE_E_per_atom=121.9 meV, RMSE_F=510.3 meV / A, RMSE_Mu_per_atom=2.89 mDebye
2023-12-06 15:25:05.991 INFO: Epoch 116: loss=16.8906, RMSE_E_per_atom=120.8 meV, RMSE_F=410.8 meV / A, RMSE_Mu_per_atom=2.65 mDebye
2023-12-06 15:25:06.559 INFO: Epoch 118: loss=21.8951, RMSE_E_per_atom=128.3 meV, RMSE_F=467.7 meV / A, RMSE_Mu_per_atom=3.01 mDebye
2023-12-06 15:25:07.123 INFO: Epoch 120: loss=33.2004, RMSE_E_per_atom=120.6 meV, RMSE_F=576.1 meV / A, RMSE_Mu_per_atom=2.37 mDebye
2023-12-06 15:25:07.687 INFO: Epoch 122: loss=32.3739, RMSE_E_per_atom=118.8 meV, RMSE_F=568.9 meV / A, RMSE_Mu_per_atom=2.34 mDebye
2023-12-06 15:25:08.253 INFO: Epoch 124: loss=29.8081, RMSE_E_per_atom=116.0 meV, RMSE_F=545.8 meV / A, RMSE_Mu_per_atom=2.30 mDebye
2023-12-06 15:25:08.819 INFO: Epoch 126: loss=33.8647, RMSE_E_per_atom=115.9 meV, RMSE_F=581.8 meV / A, RMSE_Mu_per_atom=2.46 mDebye
2023-12-06 15:25:09.384 INFO: Epoch 128: loss=38.0011, RMSE_E_per_atom=82.6 meV, RMSE_F=616.4 meV / A, RMSE_Mu_per_atom=2.38 mDebye
2023-12-06 15:25:09.950 INFO: Epoch 130: loss=29.2529, RMSE_E_per_atom=83.2 meV, RMSE_F=540.8 meV / A, RMSE_Mu_per_atom=2.44 mDebye
2023-12-06 15:25:10.514 INFO: Epoch 132: loss=26.2296, RMSE_E_per_atom=78.7 meV, RMSE_F=512.1 meV / A, RMSE_Mu_per_atom=2.36 mDebye
2023-12-06 15:25:11.079 INFO: Epoch 134: loss=45.3656, RMSE_E_per_atom=82.1 meV, RMSE_F=673.5 meV / A, RMSE_Mu_per_atom=2.26 mDebye
2023-12-06 15:25:11.642 INFO: Epoch 136: loss=33.0198, RMSE_E_per_atom=87.5 meV, RMSE_F=574.6 meV / A, RMSE_Mu_per_atom=2.17 mDebye
2023-12-06 15:25:12.209 INFO: Epoch 138: loss=34.2683, RMSE_E_per_atom=74.5 meV, RMSE_F=585.3 meV / A, RMSE_Mu_per_atom=2.11 mDebye
2023-12-06 15:25:12.776 INFO: Epoch 140: loss=39.6387, RMSE_E_per_atom=79.8 meV, RMSE_F=629.5 meV / A, RMSE_Mu_per_atom=2.29 mDebye
2023-12-06 15:25:13.344 INFO: Epoch 142: loss=27.7353, RMSE_E_per_atom=66.6 meV, RMSE_F=526.6 meV / A, RMSE_Mu_per_atom=1.99 mDebye
2023-12-06 15:25:13.911 INFO: Epoch 144: loss=39.3778, RMSE_E_per_atom=72.4 meV, RMSE_F=627.5 meV / A, RMSE_Mu_per_atom=2.04 mDebye
2023-12-06 15:25:14.478 INFO: Epoch 146: loss=31.1733, RMSE_E_per_atom=58.1 meV, RMSE_F=558.3 meV / A, RMSE_Mu_per_atom=2.06 mDebye
2023-12-06 15:25:15.045 INFO: Epoch 148: loss=38.4772, RMSE_E_per_atom=51.8 meV, RMSE_F=620.3 meV / A, RMSE_Mu_per_atom=1.85 mDebye
2023-12-06 15:25:15.609 INFO: Epoch 150: loss=58.1829, RMSE_E_per_atom=62.7 meV, RMSE_F=762.7 meV / A, RMSE_Mu_per_atom=2.06 mDebye
2023-12-06 15:25:16.174 INFO: Epoch 152: loss=41.8985, RMSE_E_per_atom=46.9 meV, RMSE_F=647.3 meV / A, RMSE_Mu_per_atom=2.15 mDebye
2023-12-06 15:25:16.740 INFO: Epoch 154: loss=46.2122, RMSE_E_per_atom=48.7 meV, RMSE_F=679.8 meV / A, RMSE_Mu_per_atom=1.99 mDebye
2023-12-06 15:25:17.304 INFO: Epoch 156: loss=29.2941, RMSE_E_per_atom=50.0 meV, RMSE_F=541.2 meV / A, RMSE_Mu_per_atom=1.95 mDebye
2023-12-06 15:25:17.868 INFO: Epoch 158: loss=42.8880, RMSE_E_per_atom=46.1 meV, RMSE_F=654.9 meV / A, RMSE_Mu_per_atom=2.11 mDebye
2023-12-06 15:25:18.436 INFO: Epoch 160: loss=52.2695, RMSE_E_per_atom=49.3 meV, RMSE_F=723.0 meV / A, RMSE_Mu_per_atom=1.85 mDebye
2023-12-06 15:25:19.002 INFO: Epoch 162: loss=37.1557, RMSE_E_per_atom=34.8 meV, RMSE_F=609.5 meV / A, RMSE_Mu_per_atom=1.64 mDebye
2023-12-06 15:25:19.568 INFO: Epoch 164: loss=28.7530, RMSE_E_per_atom=50.9 meV, RMSE_F=536.2 meV / A, RMSE_Mu_per_atom=1.48 mDebye
2023-12-06 15:25:20.135 INFO: Epoch 166: loss=27.5859, RMSE_E_per_atom=45.7 meV, RMSE_F=525.2 meV / A, RMSE_Mu_per_atom=1.26 mDebye
2023-12-06 15:25:20.700 INFO: Epoch 168: loss=37.4595, RMSE_E_per_atom=48.0 meV, RMSE_F=612.0 meV / A, RMSE_Mu_per_atom=1.47 mDebye
2023-12-06 15:25:21.266 INFO: Epoch 170: loss=38.1535, RMSE_E_per_atom=38.4 meV, RMSE_F=617.7 meV / A, RMSE_Mu_per_atom=1.21 mDebye
2023-12-06 15:25:21.830 INFO: Epoch 172: loss=34.2257, RMSE_E_per_atom=44.1 meV, RMSE_F=585.0 meV / A, RMSE_Mu_per_atom=1.59 mDebye
2023-12-06 15:25:22.394 INFO: Epoch 174: loss=35.4848, RMSE_E_per_atom=43.0 meV, RMSE_F=595.7 meV / A, RMSE_Mu_per_atom=0.98 mDebye
2023-12-06 15:25:22.959 INFO: Epoch 176: loss=40.5444, RMSE_E_per_atom=49.3 meV, RMSE_F=636.7 meV / A, RMSE_Mu_per_atom=1.66 mDebye
2023-12-06 15:25:23.522 INFO: Epoch 178: loss=35.9131, RMSE_E_per_atom=38.4 meV, RMSE_F=599.3 meV / A, RMSE_Mu_per_atom=1.16 mDebye
2023-12-06 15:25:24.087 INFO: Epoch 180: loss=23.2643, RMSE_E_per_atom=44.8 meV, RMSE_F=482.3 meV / A, RMSE_Mu_per_atom=1.31 mDebye
2023-12-06 15:25:24.651 INFO: Epoch 182: loss=30.0261, RMSE_E_per_atom=30.9 meV, RMSE_F=548.0 meV / A, RMSE_Mu_per_atom=1.27 mDebye
2023-12-06 15:25:25.217 INFO: Epoch 184: loss=48.1430, RMSE_E_per_atom=28.2 meV, RMSE_F=693.8 meV / A, RMSE_Mu_per_atom=1.21 mDebye
2023-12-06 15:25:25.783 INFO: Epoch 186: loss=33.3446, RMSE_E_per_atom=31.6 meV, RMSE_F=577.4 meV / A, RMSE_Mu_per_atom=1.50 mDebye
2023-12-06 15:25:26.352 INFO: Epoch 188: loss=27.2530, RMSE_E_per_atom=37.2 meV, RMSE_F=522.0 meV / A, RMSE_Mu_per_atom=1.61 mDebye
2023-12-06 15:25:26.917 INFO: Epoch 190: loss=45.8874, RMSE_E_per_atom=37.9 meV, RMSE_F=677.4 meV / A, RMSE_Mu_per_atom=0.98 mDebye
2023-12-06 15:25:27.484 INFO: Epoch 192: loss=23.7895, RMSE_E_per_atom=33.2 meV, RMSE_F=487.7 meV / A, RMSE_Mu_per_atom=1.85 mDebye
2023-12-06 15:25:28.050 INFO: Epoch 194: loss=38.5707, RMSE_E_per_atom=32.9 meV, RMSE_F=621.0 meV / A, RMSE_Mu_per_atom=1.45 mDebye
2023-12-06 15:25:28.615 INFO: Epoch 196: loss=21.1050, RMSE_E_per_atom=38.7 meV, RMSE_F=459.4 meV / A, RMSE_Mu_per_atom=1.37 mDebye
2023-12-06 15:25:29.180 INFO: Epoch 198: loss=41.2289, RMSE_E_per_atom=33.7 meV, RMSE_F=642.1 meV / A, RMSE_Mu_per_atom=1.63 mDebye
2023-12-06 15:25:29.747 INFO: Epoch 200: loss=27.1550, RMSE_E_per_atom=29.4 meV, RMSE_F=521.1 meV / A, RMSE_Mu_per_atom=1.84 mDebye
2023-12-06 15:25:30.315 INFO: Epoch 202: loss=40.9146, RMSE_E_per_atom=24.7 meV, RMSE_F=639.6 meV / A, RMSE_Mu_per_atom=1.51 mDebye
2023-12-06 15:25:30.893 INFO: Epoch 204: loss=29.5156, RMSE_E_per_atom=28.4 meV, RMSE_F=543.3 meV / A, RMSE_Mu_per_atom=1.83 mDebye
2023-12-06 15:25:31.458 INFO: Epoch 206: loss=22.8584, RMSE_E_per_atom=27.5 meV, RMSE_F=478.1 meV / A, RMSE_Mu_per_atom=1.35 mDebye
2023-12-06 15:25:32.025 INFO: Epoch 208: loss=30.8950, RMSE_E_per_atom=22.0 meV, RMSE_F=555.8 meV / A, RMSE_Mu_per_atom=1.96 mDebye
2023-12-06 15:25:32.591 INFO: Epoch 210: loss=29.5344, RMSE_E_per_atom=23.6 meV, RMSE_F=543.4 meV / A, RMSE_Mu_per_atom=2.24 mDebye
2023-12-06 15:25:33.158 INFO: Epoch 212: loss=33.2871, RMSE_E_per_atom=27.7 meV, RMSE_F=576.9 meV / A, RMSE_Mu_per_atom=1.64 mDebye
2023-12-06 15:25:33.724 INFO: Epoch 214: loss=27.0831, RMSE_E_per_atom=21.1 meV, RMSE_F=520.4 meV / A, RMSE_Mu_per_atom=1.96 mDebye
2023-12-06 15:25:34.292 INFO: Epoch 216: loss=35.8970, RMSE_E_per_atom=21.2 meV, RMSE_F=599.1 meV / A, RMSE_Mu_per_atom=2.39 mDebye
2023-12-06 15:25:34.859 INFO: Epoch 218: loss=33.5874, RMSE_E_per_atom=16.4 meV, RMSE_F=579.5 meV / A, RMSE_Mu_per_atom=2.05 mDebye
2023-12-06 15:25:35.423 INFO: Epoch 220: loss=34.6046, RMSE_E_per_atom=24.6 meV, RMSE_F=588.2 meV / A, RMSE_Mu_per_atom=2.32 mDebye
2023-12-06 15:25:35.988 INFO: Epoch 222: loss=32.8613, RMSE_E_per_atom=23.2 meV, RMSE_F=573.2 meV / A, RMSE_Mu_per_atom=2.58 mDebye
2023-12-06 15:25:36.556 INFO: Epoch 224: loss=33.0115, RMSE_E_per_atom=27.6 meV, RMSE_F=574.5 meV / A, RMSE_Mu_per_atom=1.98 mDebye
2023-12-06 15:25:37.122 INFO: Epoch 226: loss=33.7052, RMSE_E_per_atom=18.2 meV, RMSE_F=580.6 meV / A, RMSE_Mu_per_atom=2.29 mDebye
2023-12-06 15:25:37.687 INFO: Epoch 228: loss=33.4697, RMSE_E_per_atom=17.1 meV, RMSE_F=578.5 meV / A, RMSE_Mu_per_atom=2.65 mDebye
2023-12-06 15:25:38.254 INFO: Epoch 230: loss=38.6183, RMSE_E_per_atom=25.0 meV, RMSE_F=621.4 meV / A, RMSE_Mu_per_atom=2.53 mDebye
2023-12-06 15:25:38.818 INFO: Epoch 232: loss=35.0868, RMSE_E_per_atom=23.0 meV, RMSE_F=592.3 meV / A, RMSE_Mu_per_atom=2.32 mDebye
2023-12-06 15:25:39.383 INFO: Epoch 234: loss=50.4238, RMSE_E_per_atom=21.0 meV, RMSE_F=710.1 meV / A, RMSE_Mu_per_atom=2.96 mDebye
2023-12-06 15:25:39.949 INFO: Epoch 236: loss=28.4511, RMSE_E_per_atom=20.0 meV, RMSE_F=533.4 meV / A, RMSE_Mu_per_atom=2.57 mDebye
2023-12-06 15:25:40.514 INFO: Epoch 238: loss=42.2688, RMSE_E_per_atom=23.9 meV, RMSE_F=650.1 meV / A, RMSE_Mu_per_atom=2.22 mDebye
2023-12-06 15:25:41.079 INFO: Epoch 240: loss=50.2692, RMSE_E_per_atom=28.4 meV, RMSE_F=709.0 meV / A, RMSE_Mu_per_atom=2.72 mDebye
2023-12-06 15:25:41.644 INFO: Epoch 242: loss=33.0323, RMSE_E_per_atom=27.7 meV, RMSE_F=574.7 meV / A, RMSE_Mu_per_atom=2.78 mDebye
2023-12-06 15:25:42.211 INFO: Epoch 244: loss=48.9983, RMSE_E_per_atom=22.7 meV, RMSE_F=700.0 meV / A, RMSE_Mu_per_atom=2.61 mDebye
2023-12-06 15:25:42.776 INFO: Epoch 246: loss=26.8176, RMSE_E_per_atom=24.5 meV, RMSE_F=517.8 meV / A, RMSE_Mu_per_atom=2.71 mDebye
2023-12-06 15:25:43.342 INFO: Epoch 248: loss=52.9722, RMSE_E_per_atom=25.4 meV, RMSE_F=727.8 meV / A, RMSE_Mu_per_atom=2.55 mDebye
2023-12-06 15:25:43.908 INFO: Epoch 250: loss=23.4985, RMSE_E_per_atom=27.8 meV, RMSE_F=484.7 meV / A, RMSE_Mu_per_atom=2.65 mDebye
2023-12-06 15:25:44.475 INFO: Epoch 252: loss=41.0988, RMSE_E_per_atom=18.3 meV, RMSE_F=641.1 meV / A, RMSE_Mu_per_atom=2.66 mDebye
2023-12-06 15:25:45.042 INFO: Epoch 254: loss=37.1060, RMSE_E_per_atom=26.7 meV, RMSE_F=609.1 meV / A, RMSE_Mu_per_atom=2.73 mDebye
2023-12-06 15:25:45.609 INFO: Epoch 256: loss=46.3240, RMSE_E_per_atom=23.5 meV, RMSE_F=680.6 meV / A, RMSE_Mu_per_atom=2.54 mDebye
2023-12-06 15:25:46.176 INFO: Epoch 258: loss=41.6973, RMSE_E_per_atom=19.4 meV, RMSE_F=645.7 meV / A, RMSE_Mu_per_atom=2.91 mDebye
2023-12-06 15:25:46.741 INFO: Epoch 260: loss=47.9658, RMSE_E_per_atom=20.6 meV, RMSE_F=692.6 meV / A, RMSE_Mu_per_atom=2.98 mDebye
2023-12-06 15:25:47.308 INFO: Epoch 262: loss=52.6871, RMSE_E_per_atom=16.7 meV, RMSE_F=725.9 meV / A, RMSE_Mu_per_atom=2.92 mDebye
2023-12-06 15:25:47.874 INFO: Epoch 264: loss=46.1236, RMSE_E_per_atom=17.2 meV, RMSE_F=679.1 meV / A, RMSE_Mu_per_atom=2.66 mDebye
2023-12-06 15:25:48.442 INFO: Epoch 266: loss=54.4291, RMSE_E_per_atom=13.7 meV, RMSE_F=737.8 meV / A, RMSE_Mu_per_atom=3.35 mDebye
2023-12-06 15:25:49.009 INFO: Epoch 268: loss=49.2965, RMSE_E_per_atom=12.2 meV, RMSE_F=702.1 meV / A, RMSE_Mu_per_atom=3.07 mDebye
2023-12-06 15:25:49.577 INFO: Epoch 270: loss=57.3161, RMSE_E_per_atom=15.9 meV, RMSE_F=757.1 meV / A, RMSE_Mu_per_atom=2.87 mDebye
2023-12-06 15:25:50.145 INFO: Epoch 272: loss=47.8410, RMSE_E_per_atom=12.9 meV, RMSE_F=691.7 meV / A, RMSE_Mu_per_atom=3.40 mDebye
2023-12-06 15:25:50.714 INFO: Epoch 274: loss=50.3739, RMSE_E_per_atom=18.0 meV, RMSE_F=709.7 meV / A, RMSE_Mu_per_atom=2.88 mDebye
2023-12-06 15:25:51.283 INFO: Epoch 276: loss=59.6937, RMSE_E_per_atom=17.4 meV, RMSE_F=772.6 meV / A, RMSE_Mu_per_atom=2.94 mDebye
2023-12-06 15:25:51.857 INFO: Epoch 278: loss=53.0362, RMSE_E_per_atom=14.6 meV, RMSE_F=728.3 meV / A, RMSE_Mu_per_atom=3.11 mDebye
2023-12-06 15:25:52.424 INFO: Epoch 280: loss=54.7287, RMSE_E_per_atom=11.5 meV, RMSE_F=739.8 meV / A, RMSE_Mu_per_atom=3.20 mDebye
2023-12-06 15:25:52.990 INFO: Epoch 282: loss=59.6348, RMSE_E_per_atom=14.2 meV, RMSE_F=772.2 meV / A, RMSE_Mu_per_atom=3.21 mDebye
2023-12-06 15:25:53.555 INFO: Epoch 284: loss=54.2187, RMSE_E_per_atom=15.0 meV, RMSE_F=736.3 meV / A, RMSE_Mu_per_atom=3.09 mDebye
2023-12-06 15:25:54.121 INFO: Epoch 286: loss=72.5784, RMSE_E_per_atom=11.2 meV, RMSE_F=851.9 meV / A, RMSE_Mu_per_atom=3.14 mDebye
2023-12-06 15:25:54.688 INFO: Epoch 288: loss=51.8495, RMSE_E_per_atom=12.0 meV, RMSE_F=720.1 meV / A, RMSE_Mu_per_atom=3.47 mDebye
2023-12-06 15:25:55.253 INFO: Epoch 290: loss=75.2335, RMSE_E_per_atom=10.3 meV, RMSE_F=867.4 meV / A, RMSE_Mu_per_atom=3.21 mDebye
2023-12-06 15:25:55.819 INFO: Epoch 292: loss=54.3421, RMSE_E_per_atom=11.3 meV, RMSE_F=737.2 meV / A, RMSE_Mu_per_atom=3.16 mDebye
2023-12-06 15:25:56.386 INFO: Epoch 294: loss=67.7210, RMSE_E_per_atom=9.6 meV, RMSE_F=822.9 meV / A, RMSE_Mu_per_atom=3.53 mDebye
2023-12-06 15:25:56.952 INFO: Epoch 296: loss=62.8866, RMSE_E_per_atom=9.9 meV, RMSE_F=793.0 meV / A, RMSE_Mu_per_atom=3.23 mDebye
2023-12-06 15:25:57.519 INFO: Epoch 298: loss=71.7474, RMSE_E_per_atom=10.3 meV, RMSE_F=847.0 meV / A, RMSE_Mu_per_atom=3.39 mDebye
2023-12-06 15:25:58.085 INFO: Epoch 300: loss=65.2357, RMSE_E_per_atom=7.8 meV, RMSE_F=807.7 meV / A, RMSE_Mu_per_atom=3.46 mDebye
2023-12-06 15:25:58.657 INFO: Epoch 302: loss=76.9658, RMSE_E_per_atom=10.5 meV, RMSE_F=877.3 meV / A, RMSE_Mu_per_atom=3.51 mDebye
2023-12-06 15:25:59.223 INFO: Epoch 304: loss=71.3605, RMSE_E_per_atom=9.6 meV, RMSE_F=844.7 meV / A, RMSE_Mu_per_atom=3.41 mDebye
2023-12-06 15:25:59.790 INFO: Epoch 306: loss=73.0121, RMSE_E_per_atom=8.6 meV, RMSE_F=854.5 meV / A, RMSE_Mu_per_atom=3.52 mDebye
2023-12-06 15:26:00.358 INFO: Epoch 308: loss=76.6978, RMSE_E_per_atom=8.0 meV, RMSE_F=875.8 meV / A, RMSE_Mu_per_atom=3.58 mDebye
2023-12-06 15:26:00.926 INFO: Epoch 310: loss=81.4867, RMSE_E_per_atom=10.2 meV, RMSE_F=902.7 meV / A, RMSE_Mu_per_atom=3.40 mDebye
2023-12-06 15:26:01.493 INFO: Epoch 312: loss=71.3639, RMSE_E_per_atom=9.2 meV, RMSE_F=844.8 meV / A, RMSE_Mu_per_atom=3.71 mDebye
2023-12-06 15:26:02.060 INFO: Epoch 314: loss=79.4482, RMSE_E_per_atom=9.6 meV, RMSE_F=891.3 meV / A, RMSE_Mu_per_atom=3.66 mDebye
2023-12-06 15:26:02.625 INFO: Epoch 316: loss=74.2748, RMSE_E_per_atom=11.5 meV, RMSE_F=861.8 meV / A, RMSE_Mu_per_atom=3.44 mDebye
2023-12-06 15:26:03.191 INFO: Epoch 318: loss=73.6145, RMSE_E_per_atom=10.2 meV, RMSE_F=858.0 meV / A, RMSE_Mu_per_atom=3.55 mDebye
2023-12-06 15:26:03.757 INFO: Epoch 320: loss=86.2264, RMSE_E_per_atom=10.3 meV, RMSE_F=928.6 meV / A, RMSE_Mu_per_atom=3.64 mDebye
2023-12-06 15:26:04.322 INFO: Epoch 322: loss=79.5937, RMSE_E_per_atom=10.0 meV, RMSE_F=892.1 meV / A, RMSE_Mu_per_atom=3.57 mDebye
2023-12-06 15:26:04.889 INFO: Epoch 324: loss=84.0408, RMSE_E_per_atom=9.3 meV, RMSE_F=916.7 meV / A, RMSE_Mu_per_atom=3.55 mDebye
2023-12-06 15:26:05.457 INFO: Epoch 326: loss=78.3950, RMSE_E_per_atom=10.3 meV, RMSE_F=885.4 meV / A, RMSE_Mu_per_atom=3.80 mDebye
2023-12-06 15:26:06.023 INFO: Epoch 328: loss=75.5356, RMSE_E_per_atom=9.1 meV, RMSE_F=869.1 meV / A, RMSE_Mu_per_atom=3.55 mDebye
2023-12-06 15:26:06.588 INFO: Epoch 330: loss=84.2235, RMSE_E_per_atom=9.8 meV, RMSE_F=917.7 meV / A, RMSE_Mu_per_atom=3.59 mDebye
2023-12-06 15:26:07.154 INFO: Epoch 332: loss=91.9516, RMSE_E_per_atom=9.7 meV, RMSE_F=958.9 meV / A, RMSE_Mu_per_atom=3.68 mDebye
2023-12-06 15:26:07.718 INFO: Epoch 334: loss=85.6276, RMSE_E_per_atom=7.4 meV, RMSE_F=925.3 meV / A, RMSE_Mu_per_atom=3.81 mDebye
2023-12-06 15:26:08.283 INFO: Epoch 336: loss=99.7351, RMSE_E_per_atom=10.6 meV, RMSE_F=998.7 meV / A, RMSE_Mu_per_atom=3.86 mDebye
2023-12-06 15:26:08.850 INFO: Epoch 338: loss=108.8148, RMSE_E_per_atom=10.1 meV, RMSE_F=1043.1 meV / A, RMSE_Mu_per_atom=3.65 mDebye
2023-12-06 15:26:09.419 INFO: Epoch 340: loss=91.6497, RMSE_E_per_atom=9.2 meV, RMSE_F=957.3 meV / A, RMSE_Mu_per_atom=3.72 mDebye
2023-12-06 15:26:09.986 INFO: Epoch 342: loss=91.9268, RMSE_E_per_atom=9.5 meV, RMSE_F=958.8 meV / A, RMSE_Mu_per_atom=3.88 mDebye
2023-12-06 15:26:10.554 INFO: Epoch 344: loss=91.6693, RMSE_E_per_atom=7.9 meV, RMSE_F=957.4 meV / A, RMSE_Mu_per_atom=3.78 mDebye
2023-12-06 15:26:11.122 INFO: Epoch 346: loss=79.2063, RMSE_E_per_atom=7.5 meV, RMSE_F=890.0 meV / A, RMSE_Mu_per_atom=3.87 mDebye
2023-12-06 15:26:11.688 INFO: Epoch 348: loss=95.7597, RMSE_E_per_atom=7.9 meV, RMSE_F=978.6 meV / A, RMSE_Mu_per_atom=3.85 mDebye
2023-12-06 15:26:12.258 INFO: Epoch 350: loss=99.2791, RMSE_E_per_atom=8.4 meV, RMSE_F=996.4 meV / A, RMSE_Mu_per_atom=3.79 mDebye
2023-12-06 15:26:12.823 INFO: Epoch 352: loss=102.1022, RMSE_E_per_atom=9.8 meV, RMSE_F=1010.4 meV / A, RMSE_Mu_per_atom=3.76 mDebye
2023-12-06 15:26:13.390 INFO: Epoch 354: loss=99.0855, RMSE_E_per_atom=9.6 meV, RMSE_F=995.4 meV / A, RMSE_Mu_per_atom=3.83 mDebye
2023-12-06 15:26:13.956 INFO: Epoch 356: loss=110.4236, RMSE_E_per_atom=9.9 meV, RMSE_F=1050.8 meV / A, RMSE_Mu_per_atom=3.91 mDebye
2023-12-06 15:26:14.523 INFO: Epoch 358: loss=100.5310, RMSE_E_per_atom=8.3 meV, RMSE_F=1002.6 meV / A, RMSE_Mu_per_atom=3.96 mDebye
2023-12-06 15:26:15.089 INFO: Epoch 360: loss=102.0062, RMSE_E_per_atom=7.5 meV, RMSE_F=1010.0 meV / A, RMSE_Mu_per_atom=3.93 mDebye
2023-12-06 15:26:15.654 INFO: Epoch 362: loss=95.5656, RMSE_E_per_atom=7.0 meV, RMSE_F=977.6 meV / A, RMSE_Mu_per_atom=3.96 mDebye
2023-12-06 15:26:16.221 INFO: Epoch 364: loss=106.4566, RMSE_E_per_atom=8.7 meV, RMSE_F=1031.8 meV / A, RMSE_Mu_per_atom=3.98 mDebye
2023-12-06 15:26:16.787 INFO: Epoch 366: loss=95.4538, RMSE_E_per_atom=9.9 meV, RMSE_F=977.0 meV / A, RMSE_Mu_per_atom=3.84 mDebye
2023-12-06 15:26:17.353 INFO: Epoch 368: loss=102.4141, RMSE_E_per_atom=9.7 meV, RMSE_F=1012.0 meV / A, RMSE_Mu_per_atom=3.86 mDebye
2023-12-06 15:26:17.919 INFO: Epoch 370: loss=111.4832, RMSE_E_per_atom=10.0 meV, RMSE_F=1055.8 meV / A, RMSE_Mu_per_atom=3.89 mDebye
2023-12-06 15:26:18.490 INFO: Epoch 372: loss=98.3175, RMSE_E_per_atom=8.5 meV, RMSE_F=991.5 meV / A, RMSE_Mu_per_atom=3.80 mDebye
2023-12-06 15:26:19.054 INFO: Epoch 374: loss=107.6392, RMSE_E_per_atom=8.4 meV, RMSE_F=1037.5 meV / A, RMSE_Mu_per_atom=3.95 mDebye
2023-12-06 15:26:19.620 INFO: Epoch 376: loss=95.6600, RMSE_E_per_atom=7.8 meV, RMSE_F=978.1 meV / A, RMSE_Mu_per_atom=3.91 mDebye
2023-12-06 15:26:20.191 INFO: Epoch 378: loss=116.4460, RMSE_E_per_atom=9.0 meV, RMSE_F=1079.1 meV / A, RMSE_Mu_per_atom=4.02 mDebye
2023-12-06 15:26:20.757 INFO: Epoch 380: loss=100.6080, RMSE_E_per_atom=8.1 meV, RMSE_F=1003.0 meV / A, RMSE_Mu_per_atom=3.92 mDebye
2023-12-06 15:26:21.322 INFO: Epoch 382: loss=118.0199, RMSE_E_per_atom=9.1 meV, RMSE_F=1086.4 meV / A, RMSE_Mu_per_atom=3.79 mDebye
2023-12-06 15:26:21.886 INFO: Epoch 384: loss=104.6408, RMSE_E_per_atom=8.3 meV, RMSE_F=1022.9 meV / A, RMSE_Mu_per_atom=4.00 mDebye
2023-12-06 15:26:22.452 INFO: Epoch 386: loss=100.8553, RMSE_E_per_atom=7.5 meV, RMSE_F=1004.3 meV / A, RMSE_Mu_per_atom=4.05 mDebye
2023-12-06 15:26:23.017 INFO: Epoch 388: loss=106.5084, RMSE_E_per_atom=8.2 meV, RMSE_F=1032.0 meV / A, RMSE_Mu_per_atom=4.13 mDebye
2023-12-06 15:26:23.583 INFO: Epoch 390: loss=121.6587, RMSE_E_per_atom=9.8 meV, RMSE_F=1103.0 meV / A, RMSE_Mu_per_atom=3.95 mDebye
2023-12-06 15:26:24.149 INFO: Epoch 392: loss=112.2853, RMSE_E_per_atom=9.3 meV, RMSE_F=1059.6 meV / A, RMSE_Mu_per_atom=3.95 mDebye
2023-12-06 15:26:24.715 INFO: Epoch 394: loss=113.8447, RMSE_E_per_atom=9.7 meV, RMSE_F=1067.0 meV / A, RMSE_Mu_per_atom=3.87 mDebye
2023-12-06 15:26:25.281 INFO: Epoch 396: loss=110.3999, RMSE_E_per_atom=9.4 meV, RMSE_F=1050.7 meV / A, RMSE_Mu_per_atom=3.92 mDebye
2023-12-06 15:26:25.846 INFO: Epoch 398: loss=119.6910, RMSE_E_per_atom=10.0 meV, RMSE_F=1094.0 meV / A, RMSE_Mu_per_atom=4.02 mDebye
2023-12-06 15:26:26.412 INFO: Epoch 400: loss=114.1258, RMSE_E_per_atom=9.1 meV, RMSE_F=1068.3 meV / A, RMSE_Mu_per_atom=4.02 mDebye
2023-12-06 15:26:26.976 INFO: Epoch 402: loss=117.0599, RMSE_E_per_atom=9.5 meV, RMSE_F=1081.9 meV / A, RMSE_Mu_per_atom=3.91 mDebye
2023-12-06 15:26:27.540 INFO: Epoch 404: loss=112.1382, RMSE_E_per_atom=8.9 meV, RMSE_F=1058.9 meV / A, RMSE_Mu_per_atom=3.90 mDebye
2023-12-06 15:26:28.103 INFO: Epoch 406: loss=116.5840, RMSE_E_per_atom=9.5 meV, RMSE_F=1079.7 meV / A, RMSE_Mu_per_atom=3.91 mDebye
2023-12-06 15:26:28.670 INFO: Epoch 408: loss=116.0606, RMSE_E_per_atom=9.2 meV, RMSE_F=1077.3 meV / A, RMSE_Mu_per_atom=3.95 mDebye
2023-12-06 15:26:29.235 INFO: Epoch 410: loss=126.1712, RMSE_E_per_atom=9.8 meV, RMSE_F=1123.3 meV / A, RMSE_Mu_per_atom=3.95 mDebye
2023-12-06 15:26:29.799 INFO: Epoch 412: loss=118.8797, RMSE_E_per_atom=9.4 meV, RMSE_F=1090.3 meV / A, RMSE_Mu_per_atom=3.86 mDebye
2023-12-06 15:26:30.365 INFO: Epoch 414: loss=117.6466, RMSE_E_per_atom=9.3 meV, RMSE_F=1084.6 meV / A, RMSE_Mu_per_atom=3.96 mDebye
2023-12-06 15:26:30.930 INFO: Epoch 416: loss=112.8168, RMSE_E_per_atom=8.9 meV, RMSE_F=1062.1 meV / A, RMSE_Mu_per_atom=3.97 mDebye
2023-12-06 15:26:31.496 INFO: Epoch 418: loss=120.3323, RMSE_E_per_atom=10.2 meV, RMSE_F=1097.0 meV / A, RMSE_Mu_per_atom=3.93 mDebye
2023-12-06 15:26:32.062 INFO: Epoch 420: loss=122.6848, RMSE_E_per_atom=10.3 meV, RMSE_F=1107.6 meV / A, RMSE_Mu_per_atom=3.87 mDebye
2023-12-06 15:26:32.634 INFO: Epoch 422: loss=121.6913, RMSE_E_per_atom=9.8 meV, RMSE_F=1103.1 meV / A, RMSE_Mu_per_atom=3.92 mDebye
2023-12-06 15:26:33.200 INFO: Epoch 424: loss=119.7610, RMSE_E_per_atom=9.6 meV, RMSE_F=1094.3 meV / A, RMSE_Mu_per_atom=3.89 mDebye
2023-12-06 15:26:33.765 INFO: Epoch 426: loss=123.6585, RMSE_E_per_atom=10.1 meV, RMSE_F=1112.0 meV / A, RMSE_Mu_per_atom=3.99 mDebye
2023-12-06 15:26:34.329 INFO: Epoch 428: loss=121.1331, RMSE_E_per_atom=9.3 meV, RMSE_F=1100.6 meV / A, RMSE_Mu_per_atom=3.98 mDebye
2023-12-06 15:26:34.895 INFO: Epoch 430: loss=124.1853, RMSE_E_per_atom=9.7 meV, RMSE_F=1114.4 meV / A, RMSE_Mu_per_atom=3.84 mDebye
2023-12-06 15:26:35.461 INFO: Epoch 432: loss=120.2328, RMSE_E_per_atom=9.0 meV, RMSE_F=1096.5 meV / A, RMSE_Mu_per_atom=3.86 mDebye
2023-12-06 15:26:36.027 INFO: Epoch 434: loss=128.7725, RMSE_E_per_atom=10.0 meV, RMSE_F=1134.8 meV / A, RMSE_Mu_per_atom=3.93 mDebye
2023-12-06 15:26:36.592 INFO: Epoch 436: loss=121.3915, RMSE_E_per_atom=9.3 meV, RMSE_F=1101.8 meV / A, RMSE_Mu_per_atom=3.92 mDebye
2023-12-06 15:26:37.158 INFO: Epoch 438: loss=127.3663, RMSE_E_per_atom=11.7 meV, RMSE_F=1128.6 meV / A, RMSE_Mu_per_atom=3.79 mDebye
2023-12-06 15:26:37.727 INFO: Epoch 440: loss=124.5111, RMSE_E_per_atom=11.1 meV, RMSE_F=1115.8 meV / A, RMSE_Mu_per_atom=3.94 mDebye
2023-12-06 15:26:38.292 INFO: Epoch 442: loss=131.8276, RMSE_E_per_atom=11.5 meV, RMSE_F=1148.2 meV / A, RMSE_Mu_per_atom=3.93 mDebye
2023-12-06 15:26:38.858 INFO: Epoch 444: loss=123.5356, RMSE_E_per_atom=10.0 meV, RMSE_F=1111.5 meV / A, RMSE_Mu_per_atom=3.83 mDebye
2023-12-06 15:26:39.422 INFO: Epoch 446: loss=126.1616, RMSE_E_per_atom=10.7 meV, RMSE_F=1123.2 meV / A, RMSE_Mu_per_atom=3.72 mDebye
2023-12-06 15:26:39.990 INFO: Epoch 448: loss=123.6274, RMSE_E_per_atom=10.0 meV, RMSE_F=1111.9 meV / A, RMSE_Mu_per_atom=3.90 mDebye
2023-12-06 15:26:40.558 INFO: Epoch 450: loss=133.1774, RMSE_E_per_atom=11.2 meV, RMSE_F=1154.0 meV / A, RMSE_Mu_per_atom=3.88 mDebye
2023-12-06 15:26:41.124 INFO: Epoch 452: loss=127.8403, RMSE_E_per_atom=11.9 meV, RMSE_F=1130.7 meV / A, RMSE_Mu_per_atom=3.93 mDebye
2023-12-06 15:26:41.690 INFO: Epoch 454: loss=123.7456, RMSE_E_per_atom=11.4 meV, RMSE_F=1112.4 meV / A, RMSE_Mu_per_atom=3.83 mDebye
2023-12-06 15:26:42.256 INFO: Epoch 456: loss=126.2647, RMSE_E_per_atom=11.0 meV, RMSE_F=1123.7 meV / A, RMSE_Mu_per_atom=3.79 mDebye
2023-12-06 15:26:42.823 INFO: Epoch 458: loss=128.3582, RMSE_E_per_atom=11.9 meV, RMSE_F=1132.9 meV / A, RMSE_Mu_per_atom=3.73 mDebye
2023-12-06 15:26:43.389 INFO: Epoch 460: loss=132.3743, RMSE_E_per_atom=11.9 meV, RMSE_F=1150.5 meV / A, RMSE_Mu_per_atom=3.85 mDebye
2023-12-06 15:26:43.953 INFO: Epoch 462: loss=125.3725, RMSE_E_per_atom=11.6 meV, RMSE_F=1119.7 meV / A, RMSE_Mu_per_atom=3.82 mDebye
2023-12-06 15:26:44.519 INFO: Epoch 464: loss=125.9326, RMSE_E_per_atom=10.3 meV, RMSE_F=1122.2 meV / A, RMSE_Mu_per_atom=3.77 mDebye
2023-12-06 15:26:45.086 INFO: Epoch 466: loss=126.9802, RMSE_E_per_atom=10.2 meV, RMSE_F=1126.8 meV / A, RMSE_Mu_per_atom=3.73 mDebye
2023-12-06 15:26:45.652 INFO: Epoch 468: loss=136.2287, RMSE_E_per_atom=11.7 meV, RMSE_F=1167.2 meV / A, RMSE_Mu_per_atom=3.80 mDebye
2023-12-06 15:26:46.218 INFO: Epoch 470: loss=121.2847, RMSE_E_per_atom=10.3 meV, RMSE_F=1101.3 meV / A, RMSE_Mu_per_atom=3.77 mDebye
2023-12-06 15:26:46.784 INFO: Epoch 472: loss=125.6899, RMSE_E_per_atom=11.3 meV, RMSE_F=1121.1 meV / A, RMSE_Mu_per_atom=3.66 mDebye
2023-12-06 15:26:47.350 INFO: Epoch 474: loss=135.4090, RMSE_E_per_atom=12.1 meV, RMSE_F=1163.6 meV / A, RMSE_Mu_per_atom=3.87 mDebye
2023-12-06 15:26:47.916 INFO: Epoch 476: loss=135.2824, RMSE_E_per_atom=11.9 meV, RMSE_F=1163.1 meV / A, RMSE_Mu_per_atom=3.66 mDebye
2023-12-06 15:26:48.484 INFO: Epoch 478: loss=118.5869, RMSE_E_per_atom=10.5 meV, RMSE_F=1089.0 meV / A, RMSE_Mu_per_atom=3.65 mDebye
2023-12-06 15:26:49.049 INFO: Epoch 480: loss=133.9368, RMSE_E_per_atom=11.7 meV, RMSE_F=1157.3 meV / A, RMSE_Mu_per_atom=3.71 mDebye
2023-12-06 15:26:49.614 INFO: Epoch 482: loss=131.6983, RMSE_E_per_atom=11.7 meV, RMSE_F=1147.6 meV / A, RMSE_Mu_per_atom=3.59 mDebye
2023-12-06 15:26:50.181 INFO: Epoch 484: loss=129.3996, RMSE_E_per_atom=11.2 meV, RMSE_F=1137.5 meV / A, RMSE_Mu_per_atom=3.72 mDebye
2023-12-06 15:26:50.749 INFO: Epoch 486: loss=128.1475, RMSE_E_per_atom=11.4 meV, RMSE_F=1132.0 meV / A, RMSE_Mu_per_atom=3.62 mDebye
2023-12-06 15:26:51.315 INFO: Epoch 488: loss=129.6393, RMSE_E_per_atom=12.0 meV, RMSE_F=1138.6 meV / A, RMSE_Mu_per_atom=3.59 mDebye
2023-12-06 15:26:51.881 INFO: Epoch 490: loss=131.5728, RMSE_E_per_atom=10.9 meV, RMSE_F=1147.0 meV / A, RMSE_Mu_per_atom=3.63 mDebye
2023-12-06 15:26:52.448 INFO: Epoch 492: loss=129.8648, RMSE_E_per_atom=11.8 meV, RMSE_F=1139.6 meV / A, RMSE_Mu_per_atom=3.60 mDebye
2023-12-06 15:26:53.019 INFO: Epoch 494: loss=130.2950, RMSE_E_per_atom=12.0 meV, RMSE_F=1141.5 meV / A, RMSE_Mu_per_atom=3.59 mDebye
2023-12-06 15:26:53.587 INFO: Epoch 496: loss=129.3825, RMSE_E_per_atom=11.4 meV, RMSE_F=1137.5 meV / A, RMSE_Mu_per_atom=3.63 mDebye
2023-12-06 15:26:54.152 INFO: Epoch 498: loss=128.7204, RMSE_E_per_atom=11.3 meV, RMSE_F=1134.5 meV / A, RMSE_Mu_per_atom=3.58 mDebye
2023-12-06 15:26:54.718 INFO: Epoch 500: loss=127.4153, RMSE_E_per_atom=11.7 meV, RMSE_F=1128.8 meV / A, RMSE_Mu_per_atom=3.64 mDebye
2023-12-06 15:26:55.286 INFO: Epoch 502: loss=130.4438, RMSE_E_per_atom=12.5 meV, RMSE_F=1142.1 meV / A, RMSE_Mu_per_atom=3.62 mDebye
2023-12-06 15:26:55.852 INFO: Epoch 504: loss=134.7064, RMSE_E_per_atom=13.3 meV, RMSE_F=1160.6 meV / A, RMSE_Mu_per_atom=3.59 mDebye
2023-12-06 15:26:56.420 INFO: Epoch 506: loss=132.5950, RMSE_E_per_atom=12.1 meV, RMSE_F=1151.5 meV / A, RMSE_Mu_per_atom=3.59 mDebye
2023-12-06 15:26:56.986 INFO: Epoch 508: loss=132.9151, RMSE_E_per_atom=12.4 meV, RMSE_F=1152.9 meV / A, RMSE_Mu_per_atom=3.54 mDebye
2023-12-06 15:26:57.559 INFO: Epoch 510: loss=132.5949, RMSE_E_per_atom=12.6 meV, RMSE_F=1151.5 meV / A, RMSE_Mu_per_atom=3.54 mDebye
2023-12-06 15:26:58.127 INFO: Epoch 512: loss=132.2005, RMSE_E_per_atom=12.0 meV, RMSE_F=1149.8 meV / A, RMSE_Mu_per_atom=3.53 mDebye
2023-12-06 15:26:58.697 INFO: Epoch 514: loss=136.6651, RMSE_E_per_atom=12.5 meV, RMSE_F=1169.0 meV / A, RMSE_Mu_per_atom=3.52 mDebye
2023-12-06 15:26:59.265 INFO: Epoch 516: loss=130.9163, RMSE_E_per_atom=12.2 meV, RMSE_F=1144.2 meV / A, RMSE_Mu_per_atom=3.55 mDebye
2023-12-06 15:26:59.832 INFO: Epoch 518: loss=136.4409, RMSE_E_per_atom=13.4 meV, RMSE_F=1168.1 meV / A, RMSE_Mu_per_atom=3.55 mDebye
2023-12-06 15:27:00.400 INFO: Epoch 520: loss=133.5847, RMSE_E_per_atom=12.7 meV, RMSE_F=1155.8 meV / A, RMSE_Mu_per_atom=3.47 mDebye
2023-12-06 15:27:00.968 INFO: Epoch 522: loss=133.1994, RMSE_E_per_atom=12.2 meV, RMSE_F=1154.1 meV / A, RMSE_Mu_per_atom=3.49 mDebye
2023-12-06 15:27:01.534 INFO: Epoch 524: loss=131.3538, RMSE_E_per_atom=12.3 meV, RMSE_F=1146.1 meV / A, RMSE_Mu_per_atom=3.50 mDebye
2023-12-06 15:27:02.102 INFO: Epoch 526: loss=138.0168, RMSE_E_per_atom=13.7 meV, RMSE_F=1174.8 meV / A, RMSE_Mu_per_atom=3.56 mDebye
2023-12-06 15:27:02.673 INFO: Epoch 528: loss=130.3030, RMSE_E_per_atom=12.8 meV, RMSE_F=1141.5 meV / A, RMSE_Mu_per_atom=3.44 mDebye
2023-12-06 15:27:03.262 INFO: Epoch 530: loss=135.1487, RMSE_E_per_atom=12.7 meV, RMSE_F=1162.5 meV / A, RMSE_Mu_per_atom=3.45 mDebye
2023-12-06 15:27:03.850 INFO: Epoch 532: loss=133.2522, RMSE_E_per_atom=13.3 meV, RMSE_F=1154.3 meV / A, RMSE_Mu_per_atom=3.43 mDebye
2023-12-06 15:27:04.429 INFO: Epoch 534: loss=130.0674, RMSE_E_per_atom=12.5 meV, RMSE_F=1140.5 meV / A, RMSE_Mu_per_atom=3.46 mDebye
2023-12-06 15:27:05.000 INFO: Epoch 536: loss=135.1528, RMSE_E_per_atom=14.0 meV, RMSE_F=1162.5 meV / A, RMSE_Mu_per_atom=3.51 mDebye
2023-12-06 15:27:05.573 INFO: Epoch 538: loss=131.1287, RMSE_E_per_atom=12.9 meV, RMSE_F=1145.1 meV / A, RMSE_Mu_per_atom=3.41 mDebye
2023-12-06 15:27:06.137 INFO: Epoch 540: loss=137.7111, RMSE_E_per_atom=13.5 meV, RMSE_F=1173.5 meV / A, RMSE_Mu_per_atom=3.44 mDebye
2023-12-06 15:27:06.704 INFO: Epoch 542: loss=131.8478, RMSE_E_per_atom=12.0 meV, RMSE_F=1148.2 meV / A, RMSE_Mu_per_atom=3.38 mDebye
2023-12-06 15:27:07.269 INFO: Epoch 544: loss=133.9571, RMSE_E_per_atom=13.5 meV, RMSE_F=1157.4 meV / A, RMSE_Mu_per_atom=3.41 mDebye
2023-12-06 15:27:07.834 INFO: Epoch 546: loss=134.7760, RMSE_E_per_atom=14.5 meV, RMSE_F=1160.9 meV / A, RMSE_Mu_per_atom=3.35 mDebye
2023-12-06 15:27:08.400 INFO: Epoch 548: loss=133.3219, RMSE_E_per_atom=13.0 meV, RMSE_F=1154.6 meV / A, RMSE_Mu_per_atom=3.44 mDebye
2023-12-06 15:27:08.966 INFO: Epoch 550: loss=132.2069, RMSE_E_per_atom=13.1 meV, RMSE_F=1149.8 meV / A, RMSE_Mu_per_atom=3.42 mDebye
2023-12-06 15:27:09.532 INFO: Epoch 552: loss=132.0109, RMSE_E_per_atom=13.6 meV, RMSE_F=1149.0 meV / A, RMSE_Mu_per_atom=3.38 mDebye
2023-12-06 15:27:10.099 INFO: Epoch 554: loss=134.8865, RMSE_E_per_atom=12.8 meV, RMSE_F=1161.4 meV / A, RMSE_Mu_per_atom=3.34 mDebye
2023-12-06 15:27:10.664 INFO: Epoch 556: loss=133.9624, RMSE_E_per_atom=12.7 meV, RMSE_F=1157.4 meV / A, RMSE_Mu_per_atom=3.32 mDebye
2023-12-06 15:27:11.227 INFO: Epoch 558: loss=135.8899, RMSE_E_per_atom=13.7 meV, RMSE_F=1165.7 meV / A, RMSE_Mu_per_atom=3.34 mDebye
2023-12-06 15:27:11.791 INFO: Epoch 560: loss=133.5895, RMSE_E_per_atom=13.5 meV, RMSE_F=1155.8 meV / A, RMSE_Mu_per_atom=3.35 mDebye
2023-12-06 15:27:12.357 INFO: Epoch 562: loss=134.6566, RMSE_E_per_atom=13.3 meV, RMSE_F=1160.4 meV / A, RMSE_Mu_per_atom=3.36 mDebye
2023-12-06 15:27:12.923 INFO: Epoch 564: loss=134.0313, RMSE_E_per_atom=13.2 meV, RMSE_F=1157.7 meV / A, RMSE_Mu_per_atom=3.36 mDebye
2023-12-06 15:27:13.493 INFO: Epoch 566: loss=134.3584, RMSE_E_per_atom=13.7 meV, RMSE_F=1159.1 meV / A, RMSE_Mu_per_atom=3.33 mDebye
2023-12-06 15:27:14.064 INFO: Epoch 568: loss=135.5573, RMSE_E_per_atom=13.8 meV, RMSE_F=1164.3 meV / A, RMSE_Mu_per_atom=3.29 mDebye
2023-12-06 15:27:14.628 INFO: Epoch 570: loss=130.9878, RMSE_E_per_atom=12.6 meV, RMSE_F=1144.5 meV / A, RMSE_Mu_per_atom=3.32 mDebye
2023-12-06 15:27:15.194 INFO: Epoch 572: loss=136.3856, RMSE_E_per_atom=13.9 meV, RMSE_F=1167.8 meV / A, RMSE_Mu_per_atom=3.35 mDebye
2023-12-06 15:27:15.760 INFO: Epoch 574: loss=133.2490, RMSE_E_per_atom=14.0 meV, RMSE_F=1154.3 meV / A, RMSE_Mu_per_atom=3.28 mDebye
2023-12-06 15:27:16.329 INFO: Epoch 576: loss=135.0681, RMSE_E_per_atom=13.0 meV, RMSE_F=1162.2 meV / A, RMSE_Mu_per_atom=3.25 mDebye
2023-12-06 15:27:16.896 INFO: Epoch 578: loss=135.3403, RMSE_E_per_atom=13.3 meV, RMSE_F=1163.4 meV / A, RMSE_Mu_per_atom=3.30 mDebye
2023-12-06 15:27:17.460 INFO: Epoch 580: loss=133.8742, RMSE_E_per_atom=13.4 meV, RMSE_F=1157.0 meV / A, RMSE_Mu_per_atom=3.26 mDebye
2023-12-06 15:27:18.027 INFO: Epoch 582: loss=130.2757, RMSE_E_per_atom=13.5 meV, RMSE_F=1141.4 meV / A, RMSE_Mu_per_atom=3.30 mDebye
2023-12-06 15:27:18.593 INFO: Epoch 584: loss=139.2858, RMSE_E_per_atom=14.3 meV, RMSE_F=1180.2 meV / A, RMSE_Mu_per_atom=3.28 mDebye
2023-12-06 15:27:19.159 INFO: Epoch 586: loss=132.4613, RMSE_E_per_atom=13.4 meV, RMSE_F=1150.9 meV / A, RMSE_Mu_per_atom=3.20 mDebye
2023-12-06 15:27:19.724 INFO: Epoch 588: loss=135.5628, RMSE_E_per_atom=13.9 meV, RMSE_F=1164.3 meV / A, RMSE_Mu_per_atom=3.20 mDebye
2023-12-06 15:27:20.289 INFO: Epoch 590: loss=133.1263, RMSE_E_per_atom=14.5 meV, RMSE_F=1153.8 meV / A, RMSE_Mu_per_atom=3.27 mDebye
2023-12-06 15:27:20.852 INFO: Epoch 592: loss=136.8384, RMSE_E_per_atom=14.2 meV, RMSE_F=1169.8 meV / A, RMSE_Mu_per_atom=3.25 mDebye
2023-12-06 15:27:21.415 INFO: Epoch 594: loss=135.8313, RMSE_E_per_atom=13.2 meV, RMSE_F=1165.5 meV / A, RMSE_Mu_per_atom=3.25 mDebye
2023-12-06 15:27:21.978 INFO: Epoch 596: loss=134.2848, RMSE_E_per_atom=13.4 meV, RMSE_F=1158.8 meV / A, RMSE_Mu_per_atom=3.16 mDebye
2023-12-06 15:27:22.544 INFO: Epoch 598: loss=131.9562, RMSE_E_per_atom=14.2 meV, RMSE_F=1148.7 meV / A, RMSE_Mu_per_atom=3.18 mDebye
2023-12-06 15:27:23.111 INFO: Epoch 600: loss=135.6643, RMSE_E_per_atom=13.7 meV, RMSE_F=1164.7 meV / A, RMSE_Mu_per_atom=3.19 mDebye
2023-12-06 15:27:23.687 INFO: Epoch 602: loss=134.8403, RMSE_E_per_atom=13.2 meV, RMSE_F=1161.2 meV / A, RMSE_Mu_per_atom=3.20 mDebye
2023-12-06 15:27:24.253 INFO: Epoch 604: loss=134.9053, RMSE_E_per_atom=14.0 meV, RMSE_F=1161.5 meV / A, RMSE_Mu_per_atom=3.19 mDebye
2023-12-06 15:27:24.818 INFO: Epoch 606: loss=133.8901, RMSE_E_per_atom=14.1 meV, RMSE_F=1157.1 meV / A, RMSE_Mu_per_atom=3.18 mDebye
2023-12-06 15:27:25.384 INFO: Epoch 608: loss=134.6919, RMSE_E_per_atom=13.5 meV, RMSE_F=1160.6 meV / A, RMSE_Mu_per_atom=3.15 mDebye
2023-12-06 15:27:25.950 INFO: Epoch 610: loss=135.3142, RMSE_E_per_atom=14.1 meV, RMSE_F=1163.2 meV / A, RMSE_Mu_per_atom=3.19 mDebye
2023-12-06 15:27:26.515 INFO: Epoch 612: loss=136.3962, RMSE_E_per_atom=14.1 meV, RMSE_F=1167.9 meV / A, RMSE_Mu_per_atom=3.20 mDebye
2023-12-06 15:27:27.081 INFO: Epoch 614: loss=133.6017, RMSE_E_per_atom=13.8 meV, RMSE_F=1155.9 meV / A, RMSE_Mu_per_atom=3.11 mDebye
2023-12-06 15:27:27.647 INFO: Epoch 616: loss=134.2052, RMSE_E_per_atom=14.0 meV, RMSE_F=1158.5 meV / A, RMSE_Mu_per_atom=3.16 mDebye
2023-12-06 15:27:28.211 INFO: Epoch 618: loss=134.9486, RMSE_E_per_atom=14.5 meV, RMSE_F=1161.7 meV / A, RMSE_Mu_per_atom=3.17 mDebye
2023-12-06 15:27:28.776 INFO: Epoch 620: loss=134.5461, RMSE_E_per_atom=13.6 meV, RMSE_F=1159.9 meV / A, RMSE_Mu_per_atom=3.14 mDebye
2023-12-06 15:27:29.342 INFO: Epoch 622: loss=134.7709, RMSE_E_per_atom=14.0 meV, RMSE_F=1160.9 meV / A, RMSE_Mu_per_atom=3.09 mDebye
2023-12-06 15:27:29.907 INFO: Epoch 624: loss=134.4575, RMSE_E_per_atom=14.2 meV, RMSE_F=1159.6 meV / A, RMSE_Mu_per_atom=3.12 mDebye
2023-12-06 15:27:30.472 INFO: Epoch 626: loss=133.9471, RMSE_E_per_atom=13.8 meV, RMSE_F=1157.4 meV / A, RMSE_Mu_per_atom=3.12 mDebye
2023-12-06 15:27:31.037 INFO: Epoch 628: loss=135.1380, RMSE_E_per_atom=14.0 meV, RMSE_F=1162.5 meV / A, RMSE_Mu_per_atom=3.12 mDebye
2023-12-06 15:27:31.602 INFO: Epoch 630: loss=130.8311, RMSE_E_per_atom=13.8 meV, RMSE_F=1143.8 meV / A, RMSE_Mu_per_atom=3.10 mDebye
2023-12-06 15:27:32.167 INFO: Epoch 632: loss=136.8963, RMSE_E_per_atom=14.6 meV, RMSE_F=1170.0 meV / A, RMSE_Mu_per_atom=3.09 mDebye
2023-12-06 15:27:32.734 INFO: Epoch 634: loss=133.8835, RMSE_E_per_atom=14.3 meV, RMSE_F=1157.1 meV / A, RMSE_Mu_per_atom=3.04 mDebye
2023-12-06 15:27:33.299 INFO: Epoch 636: loss=132.4457, RMSE_E_per_atom=13.7 meV, RMSE_F=1150.8 meV / A, RMSE_Mu_per_atom=3.10 mDebye
2023-12-06 15:27:33.863 INFO: Epoch 638: loss=134.2072, RMSE_E_per_atom=14.6 meV, RMSE_F=1158.5 meV / A, RMSE_Mu_per_atom=3.10 mDebye
2023-12-06 15:27:34.427 INFO: Epoch 640: loss=133.8618, RMSE_E_per_atom=14.4 meV, RMSE_F=1157.0 meV / A, RMSE_Mu_per_atom=3.04 mDebye
2023-12-06 15:27:34.994 INFO: Epoch 642: loss=133.5231, RMSE_E_per_atom=13.7 meV, RMSE_F=1155.5 meV / A, RMSE_Mu_per_atom=3.04 mDebye
2023-12-06 15:27:35.562 INFO: Epoch 644: loss=133.5531, RMSE_E_per_atom=14.5 meV, RMSE_F=1155.6 meV / A, RMSE_Mu_per_atom=3.05 mDebye
2023-12-06 15:27:36.126 INFO: Epoch 646: loss=132.8848, RMSE_E_per_atom=14.0 meV, RMSE_F=1152.8 meV / A, RMSE_Mu_per_atom=3.08 mDebye
2023-12-06 15:27:36.689 INFO: Epoch 648: loss=132.6369, RMSE_E_per_atom=14.2 meV, RMSE_F=1151.7 meV / A, RMSE_Mu_per_atom=3.10 mDebye
2023-12-06 15:27:37.255 INFO: Epoch 650: loss=134.7227, RMSE_E_per_atom=14.3 meV, RMSE_F=1160.7 meV / A, RMSE_Mu_per_atom=3.02 mDebye
2023-12-06 15:27:37.820 INFO: Epoch 652: loss=133.0221, RMSE_E_per_atom=13.7 meV, RMSE_F=1153.3 meV / A, RMSE_Mu_per_atom=3.03 mDebye
2023-12-06 15:27:38.389 INFO: Epoch 654: loss=132.4241, RMSE_E_per_atom=14.5 meV, RMSE_F=1150.8 meV / A, RMSE_Mu_per_atom=3.02 mDebye
2023-12-06 15:27:38.966 INFO: Epoch 656: loss=134.0779, RMSE_E_per_atom=14.3 meV, RMSE_F=1157.9 meV / A, RMSE_Mu_per_atom=3.02 mDebye
2023-12-06 15:27:39.534 INFO: Epoch 658: loss=133.4431, RMSE_E_per_atom=14.1 meV, RMSE_F=1155.2 meV / A, RMSE_Mu_per_atom=3.03 mDebye
2023-12-06 15:27:40.100 INFO: Epoch 660: loss=134.9337, RMSE_E_per_atom=14.3 meV, RMSE_F=1161.6 meV / A, RMSE_Mu_per_atom=3.01 mDebye
2023-12-06 15:27:40.664 INFO: Epoch 662: loss=133.2333, RMSE_E_per_atom=14.3 meV, RMSE_F=1154.3 meV / A, RMSE_Mu_per_atom=3.05 mDebye
2023-12-06 15:27:41.228 INFO: Epoch 664: loss=133.2114, RMSE_E_per_atom=14.3 meV, RMSE_F=1154.2 meV / A, RMSE_Mu_per_atom=3.04 mDebye
2023-12-06 15:27:41.794 INFO: Epoch 666: loss=133.5406, RMSE_E_per_atom=14.0 meV, RMSE_F=1155.6 meV / A, RMSE_Mu_per_atom=2.99 mDebye
2023-12-06 15:27:42.361 INFO: Epoch 668: loss=133.5411, RMSE_E_per_atom=14.7 meV, RMSE_F=1155.6 meV / A, RMSE_Mu_per_atom=3.00 mDebye
2023-12-06 15:27:42.927 INFO: Epoch 670: loss=132.6199, RMSE_E_per_atom=14.5 meV, RMSE_F=1151.6 meV / A, RMSE_Mu_per_atom=2.97 mDebye
2023-12-06 15:27:43.490 INFO: Epoch 672: loss=132.4335, RMSE_E_per_atom=14.3 meV, RMSE_F=1150.8 meV / A, RMSE_Mu_per_atom=2.97 mDebye
2023-12-06 15:27:44.056 INFO: Epoch 674: loss=134.0345, RMSE_E_per_atom=14.4 meV, RMSE_F=1157.7 meV / A, RMSE_Mu_per_atom=3.01 mDebye
2023-12-06 15:27:44.621 INFO: Epoch 676: loss=132.6519, RMSE_E_per_atom=14.1 meV, RMSE_F=1151.7 meV / A, RMSE_Mu_per_atom=3.00 mDebye
2023-12-06 15:27:45.188 INFO: Epoch 678: loss=133.7711, RMSE_E_per_atom=14.8 meV, RMSE_F=1156.6 meV / A, RMSE_Mu_per_atom=2.96 mDebye
2023-12-06 15:27:45.754 INFO: Epoch 680: loss=131.3719, RMSE_E_per_atom=13.9 meV, RMSE_F=1146.2 meV / A, RMSE_Mu_per_atom=3.00 mDebye
2023-12-06 15:27:46.321 INFO: Epoch 682: loss=134.6200, RMSE_E_per_atom=15.2 meV, RMSE_F=1160.3 meV / A, RMSE_Mu_per_atom=2.98 mDebye
2023-12-06 15:27:46.887 INFO: Epoch 684: loss=133.9086, RMSE_E_per_atom=14.1 meV, RMSE_F=1157.2 meV / A, RMSE_Mu_per_atom=2.95 mDebye
2023-12-06 15:27:47.455 INFO: Epoch 686: loss=133.6197, RMSE_E_per_atom=14.6 meV, RMSE_F=1155.9 meV / A, RMSE_Mu_per_atom=2.91 mDebye
2023-12-06 15:27:48.025 INFO: Epoch 688: loss=133.5811, RMSE_E_per_atom=14.8 meV, RMSE_F=1155.8 meV / A, RMSE_Mu_per_atom=2.96 mDebye
2023-12-06 15:27:48.590 INFO: Epoch 690: loss=132.4018, RMSE_E_per_atom=14.5 meV, RMSE_F=1150.7 meV / A, RMSE_Mu_per_atom=2.99 mDebye
2023-12-06 15:27:49.155 INFO: Epoch 692: loss=134.0298, RMSE_E_per_atom=14.8 meV, RMSE_F=1157.7 meV / A, RMSE_Mu_per_atom=2.95 mDebye
2023-12-06 15:27:49.723 INFO: Epoch 694: loss=132.0722, RMSE_E_per_atom=14.5 meV, RMSE_F=1149.2 meV / A, RMSE_Mu_per_atom=2.92 mDebye
2023-12-06 15:27:50.290 INFO: Epoch 696: loss=133.2589, RMSE_E_per_atom=14.3 meV, RMSE_F=1154.4 meV / A, RMSE_Mu_per_atom=2.92 mDebye
2023-12-06 15:27:50.855 INFO: Epoch 698: loss=133.1605, RMSE_E_per_atom=14.8 meV, RMSE_F=1153.9 meV / A, RMSE_Mu_per_atom=2.90 mDebye
2023-12-06 15:27:51.420 INFO: Epoch 700: loss=131.4991, RMSE_E_per_atom=14.7 meV, RMSE_F=1146.7 meV / A, RMSE_Mu_per_atom=2.95 mDebye
2023-12-06 15:27:51.986 INFO: Epoch 702: loss=131.6971, RMSE_E_per_atom=14.8 meV, RMSE_F=1147.6 meV / A, RMSE_Mu_per_atom=2.94 mDebye
2023-12-06 15:27:52.549 INFO: Epoch 704: loss=132.0884, RMSE_E_per_atom=14.4 meV, RMSE_F=1149.3 meV / A, RMSE_Mu_per_atom=2.95 mDebye
2023-12-06 15:27:53.117 INFO: Epoch 706: loss=132.3595, RMSE_E_per_atom=15.0 meV, RMSE_F=1150.5 meV / A, RMSE_Mu_per_atom=2.93 mDebye
2023-12-06 15:27:53.683 INFO: Epoch 708: loss=132.0697, RMSE_E_per_atom=14.4 meV, RMSE_F=1149.2 meV / A, RMSE_Mu_per_atom=2.88 mDebye
2023-12-06 15:27:54.248 INFO: Epoch 710: loss=131.9994, RMSE_E_per_atom=14.9 meV, RMSE_F=1148.9 meV / A, RMSE_Mu_per_atom=2.91 mDebye
2023-12-06 15:27:54.811 INFO: Epoch 712: loss=131.7929, RMSE_E_per_atom=14.7 meV, RMSE_F=1148.0 meV / A, RMSE_Mu_per_atom=2.92 mDebye
2023-12-06 15:27:55.376 INFO: Epoch 714: loss=132.5723, RMSE_E_per_atom=14.6 meV, RMSE_F=1151.4 meV / A, RMSE_Mu_per_atom=2.92 mDebye
2023-12-06 15:27:55.942 INFO: Epoch 716: loss=131.5537, RMSE_E_per_atom=14.7 meV, RMSE_F=1147.0 meV / A, RMSE_Mu_per_atom=2.90 mDebye
2023-12-06 15:27:56.507 INFO: Epoch 718: loss=132.5001, RMSE_E_per_atom=14.6 meV, RMSE_F=1151.1 meV / A, RMSE_Mu_per_atom=2.89 mDebye
2023-12-06 15:27:57.073 INFO: Epoch 720: loss=130.8767, RMSE_E_per_atom=14.5 meV, RMSE_F=1144.0 meV / A, RMSE_Mu_per_atom=2.89 mDebye
2023-12-06 15:27:57.637 INFO: Epoch 722: loss=132.2816, RMSE_E_per_atom=15.0 meV, RMSE_F=1150.1 meV / A, RMSE_Mu_per_atom=2.91 mDebye
2023-12-06 15:27:58.202 INFO: Epoch 724: loss=131.2448, RMSE_E_per_atom=14.2 meV, RMSE_F=1145.6 meV / A, RMSE_Mu_per_atom=2.88 mDebye
2023-12-06 15:27:58.766 INFO: Epoch 726: loss=131.1236, RMSE_E_per_atom=14.8 meV, RMSE_F=1145.1 meV / A, RMSE_Mu_per_atom=2.88 mDebye
2023-12-06 15:27:59.336 INFO: Epoch 728: loss=131.3519, RMSE_E_per_atom=14.8 meV, RMSE_F=1146.1 meV / A, RMSE_Mu_per_atom=2.88 mDebye
2023-12-06 15:27:59.901 INFO: Epoch 730: loss=131.5251, RMSE_E_per_atom=14.8 meV, RMSE_F=1146.8 meV / A, RMSE_Mu_per_atom=2.88 mDebye
2023-12-06 15:28:00.468 INFO: Epoch 732: loss=131.8473, RMSE_E_per_atom=14.9 meV, RMSE_F=1148.2 meV / A, RMSE_Mu_per_atom=2.88 mDebye
2023-12-06 15:28:01.033 INFO: Epoch 734: loss=131.2168, RMSE_E_per_atom=14.5 meV, RMSE_F=1145.5 meV / A, RMSE_Mu_per_atom=2.86 mDebye
2023-12-06 15:28:01.598 INFO: Epoch 736: loss=131.2794, RMSE_E_per_atom=15.1 meV, RMSE_F=1145.8 meV / A, RMSE_Mu_per_atom=2.86 mDebye
2023-12-06 15:28:02.164 INFO: Epoch 738: loss=130.9648, RMSE_E_per_atom=14.7 meV, RMSE_F=1144.4 meV / A, RMSE_Mu_per_atom=2.87 mDebye
2023-12-06 15:28:02.730 INFO: Epoch 740: loss=131.1475, RMSE_E_per_atom=14.7 meV, RMSE_F=1145.2 meV / A, RMSE_Mu_per_atom=2.86 mDebye
2023-12-06 15:28:03.296 INFO: Epoch 742: loss=130.4394, RMSE_E_per_atom=14.8 meV, RMSE_F=1142.1 meV / A, RMSE_Mu_per_atom=2.86 mDebye
2023-12-06 15:28:03.861 INFO: Epoch 744: loss=131.1828, RMSE_E_per_atom=14.8 meV, RMSE_F=1145.3 meV / A, RMSE_Mu_per_atom=2.85 mDebye
2023-12-06 15:28:04.426 INFO: Epoch 746: loss=130.3822, RMSE_E_per_atom=14.8 meV, RMSE_F=1141.8 meV / A, RMSE_Mu_per_atom=2.84 mDebye
2023-12-06 15:28:04.991 INFO: Epoch 748: loss=130.2514, RMSE_E_per_atom=15.1 meV, RMSE_F=1141.3 meV / A, RMSE_Mu_per_atom=2.85 mDebye
2023-12-06 15:28:05.555 INFO: Epoch 750: loss=130.4707, RMSE_E_per_atom=14.9 meV, RMSE_F=1142.2 meV / A, RMSE_Mu_per_atom=2.82 mDebye
2023-12-06 15:28:06.119 INFO: Epoch 752: loss=129.9084, RMSE_E_per_atom=14.6 meV, RMSE_F=1139.8 meV / A, RMSE_Mu_per_atom=2.85 mDebye
2023-12-06 15:28:06.686 INFO: Epoch 754: loss=131.2445, RMSE_E_per_atom=15.1 meV, RMSE_F=1145.6 meV / A, RMSE_Mu_per_atom=2.84 mDebye
2023-12-06 15:28:07.252 INFO: Epoch 756: loss=129.7931, RMSE_E_per_atom=14.9 meV, RMSE_F=1139.3 meV / A, RMSE_Mu_per_atom=2.86 mDebye
2023-12-06 15:28:07.817 INFO: Epoch 758: loss=130.6496, RMSE_E_per_atom=15.2 meV, RMSE_F=1143.0 meV / A, RMSE_Mu_per_atom=2.82 mDebye
2023-12-06 15:28:08.382 INFO: Epoch 760: loss=130.4996, RMSE_E_per_atom=14.8 meV, RMSE_F=1142.4 meV / A, RMSE_Mu_per_atom=2.82 mDebye
2023-12-06 15:28:08.946 INFO: Epoch 762: loss=129.8340, RMSE_E_per_atom=15.0 meV, RMSE_F=1139.4 meV / A, RMSE_Mu_per_atom=2.84 mDebye
2023-12-06 15:28:09.511 INFO: Epoch 764: loss=130.4401, RMSE_E_per_atom=15.1 meV, RMSE_F=1142.1 meV / A, RMSE_Mu_per_atom=2.82 mDebye
2023-12-06 15:28:10.078 INFO: Epoch 766: loss=129.4725, RMSE_E_per_atom=15.0 meV, RMSE_F=1137.9 meV / A, RMSE_Mu_per_atom=2.84 mDebye
2023-12-06 15:28:10.643 INFO: Epoch 768: loss=130.6691, RMSE_E_per_atom=15.1 meV, RMSE_F=1143.1 meV / A, RMSE_Mu_per_atom=2.82 mDebye
2023-12-06 15:28:11.210 INFO: Epoch 770: loss=129.0567, RMSE_E_per_atom=14.9 meV, RMSE_F=1136.0 meV / A, RMSE_Mu_per_atom=2.82 mDebye
2023-12-06 15:28:11.777 INFO: Epoch 772: loss=129.6990, RMSE_E_per_atom=15.1 meV, RMSE_F=1138.9 meV / A, RMSE_Mu_per_atom=2.81 mDebye
2023-12-06 15:28:12.341 INFO: Epoch 774: loss=129.2001, RMSE_E_per_atom=15.0 meV, RMSE_F=1136.7 meV / A, RMSE_Mu_per_atom=2.82 mDebye
2023-12-06 15:28:12.905 INFO: Epoch 776: loss=129.8362, RMSE_E_per_atom=15.2 meV, RMSE_F=1139.5 meV / A, RMSE_Mu_per_atom=2.81 mDebye
2023-12-06 15:28:13.470 INFO: Epoch 778: loss=130.2255, RMSE_E_per_atom=15.1 meV, RMSE_F=1141.2 meV / A, RMSE_Mu_per_atom=2.80 mDebye
2023-12-06 15:28:14.034 INFO: Epoch 780: loss=128.7536, RMSE_E_per_atom=15.1 meV, RMSE_F=1134.7 meV / A, RMSE_Mu_per_atom=2.80 mDebye
2023-12-06 15:28:14.614 INFO: Epoch 782: loss=129.7949, RMSE_E_per_atom=15.2 meV, RMSE_F=1139.3 meV / A, RMSE_Mu_per_atom=2.80 mDebye
2023-12-06 15:28:15.191 INFO: Epoch 784: loss=128.2040, RMSE_E_per_atom=15.1 meV, RMSE_F=1132.3 meV / A, RMSE_Mu_per_atom=2.79 mDebye
2023-12-06 15:28:15.757 INFO: Epoch 786: loss=129.6973, RMSE_E_per_atom=15.3 meV, RMSE_F=1138.8 meV / A, RMSE_Mu_per_atom=2.81 mDebye
2023-12-06 15:28:16.323 INFO: Epoch 788: loss=128.2873, RMSE_E_per_atom=14.9 meV, RMSE_F=1132.6 meV / A, RMSE_Mu_per_atom=2.80 mDebye
2023-12-06 15:28:16.888 INFO: Epoch 790: loss=129.1037, RMSE_E_per_atom=15.2 meV, RMSE_F=1136.2 meV / A, RMSE_Mu_per_atom=2.79 mDebye
2023-12-06 15:28:17.455 INFO: Epoch 792: loss=129.0938, RMSE_E_per_atom=15.3 meV, RMSE_F=1136.2 meV / A, RMSE_Mu_per_atom=2.80 mDebye
2023-12-06 15:28:18.019 INFO: Epoch 794: loss=129.2691, RMSE_E_per_atom=15.0 meV, RMSE_F=1137.0 meV / A, RMSE_Mu_per_atom=2.78 mDebye
2023-12-06 15:28:18.587 INFO: Epoch 796: loss=128.5157, RMSE_E_per_atom=15.4 meV, RMSE_F=1133.6 meV / A, RMSE_Mu_per_atom=2.79 mDebye
2023-12-06 15:28:19.152 INFO: Epoch 798: loss=128.5579, RMSE_E_per_atom=15.2 meV, RMSE_F=1133.8 meV / A, RMSE_Mu_per_atom=2.77 mDebye
2023-12-06 15:28:19.425 INFO: Changing loss based on SWA
2023-12-06 15:28:19.719 INFO: Epoch 800: loss=128.3992, RMSE_E_per_atom=14.1 meV, RMSE_F=1132.3 meV / A, RMSE_Mu_per_atom=2.79 mDebye
2023-12-06 15:28:20.553 INFO: Epoch 802: loss=124.2939, RMSE_E_per_atom=14.4 meV, RMSE_F=1113.9 meV / A, RMSE_Mu_per_atom=2.80 mDebye
2023-12-06 15:28:21.390 INFO: Epoch 804: loss=127.7738, RMSE_E_per_atom=14.9 meV, RMSE_F=1129.4 meV / A, RMSE_Mu_per_atom=2.76 mDebye
2023-12-06 15:28:21.964 INFO: Epoch 806: loss=128.8499, RMSE_E_per_atom=14.4 meV, RMSE_F=1134.2 meV / A, RMSE_Mu_per_atom=2.83 mDebye
2023-12-06 15:28:22.537 INFO: Epoch 808: loss=125.2654, RMSE_E_per_atom=13.7 meV, RMSE_F=1118.4 meV / A, RMSE_Mu_per_atom=2.70 mDebye
2023-12-06 15:28:23.109 INFO: Epoch 810: loss=125.8313, RMSE_E_per_atom=13.3 meV, RMSE_F=1121.0 meV / A, RMSE_Mu_per_atom=2.72 mDebye
2023-12-06 15:28:23.683 INFO: Epoch 812: loss=127.1530, RMSE_E_per_atom=17.2 meV, RMSE_F=1126.3 meV / A, RMSE_Mu_per_atom=2.78 mDebye
2023-12-06 15:28:24.252 INFO: Epoch 814: loss=123.2619, RMSE_E_per_atom=17.1 meV, RMSE_F=1108.9 meV / A, RMSE_Mu_per_atom=2.73 mDebye
2023-12-06 15:28:25.090 INFO: Epoch 816: loss=123.2206, RMSE_E_per_atom=13.2 meV, RMSE_F=1109.3 meV / A, RMSE_Mu_per_atom=2.76 mDebye
2023-12-06 15:28:25.927 INFO: Epoch 818: loss=125.1235, RMSE_E_per_atom=14.4 meV, RMSE_F=1117.7 meV / A, RMSE_Mu_per_atom=2.78 mDebye
2023-12-06 15:28:26.498 INFO: Epoch 820: loss=122.8246, RMSE_E_per_atom=15.7 meV, RMSE_F=1107.2 meV / A, RMSE_Mu_per_atom=2.67 mDebye
2023-12-06 15:28:27.335 INFO: Epoch 822: loss=120.4461, RMSE_E_per_atom=15.1 meV, RMSE_F=1096.4 meV / A, RMSE_Mu_per_atom=2.68 mDebye
2023-12-06 15:28:28.174 INFO: Epoch 824: loss=121.4377, RMSE_E_per_atom=12.2 meV, RMSE_F=1101.3 meV / A, RMSE_Mu_per_atom=2.76 mDebye
2023-12-06 15:28:28.747 INFO: Epoch 826: loss=124.6075, RMSE_E_per_atom=13.8 meV, RMSE_F=1115.4 meV / A, RMSE_Mu_per_atom=2.73 mDebye
2023-12-06 15:28:29.319 INFO: Epoch 828: loss=122.2748, RMSE_E_per_atom=17.0 meV, RMSE_F=1104.5 meV / A, RMSE_Mu_per_atom=2.67 mDebye
2023-12-06 15:28:29.891 INFO: Epoch 830: loss=119.0291, RMSE_E_per_atom=14.2 meV, RMSE_F=1090.1 meV / A, RMSE_Mu_per_atom=2.63 mDebye
2023-12-06 15:28:30.730 INFO: Epoch 832: loss=120.3795, RMSE_E_per_atom=12.2 meV, RMSE_F=1096.5 meV / A, RMSE_Mu_per_atom=2.71 mDebye
2023-12-06 15:28:31.303 INFO: Epoch 834: loss=120.3109, RMSE_E_per_atom=13.9 meV, RMSE_F=1096.0 meV / A, RMSE_Mu_per_atom=2.73 mDebye
2023-12-06 15:28:31.874 INFO: Epoch 836: loss=119.7381, RMSE_E_per_atom=14.1 meV, RMSE_F=1093.3 meV / A, RMSE_Mu_per_atom=2.67 mDebye
2023-12-06 15:28:32.447 INFO: Epoch 838: loss=122.5302, RMSE_E_per_atom=16.1 meV, RMSE_F=1105.8 meV / A, RMSE_Mu_per_atom=2.66 mDebye
2023-12-06 15:28:33.017 INFO: Epoch 840: loss=117.9722, RMSE_E_per_atom=13.9 meV, RMSE_F=1085.3 meV / A, RMSE_Mu_per_atom=2.59 mDebye
2023-12-06 15:28:33.861 INFO: Epoch 842: loss=115.4263, RMSE_E_per_atom=12.8 meV, RMSE_F=1073.6 meV / A, RMSE_Mu_per_atom=2.61 mDebye
2023-12-06 15:28:34.713 INFO: Epoch 844: loss=120.2085, RMSE_E_per_atom=14.7 meV, RMSE_F=1095.4 meV / A, RMSE_Mu_per_atom=2.77 mDebye
2023-12-06 15:28:35.287 INFO: Epoch 846: loss=119.5022, RMSE_E_per_atom=12.5 meV, RMSE_F=1092.5 meV / A, RMSE_Mu_per_atom=2.69 mDebye
2023-12-06 15:28:35.863 INFO: Epoch 848: loss=120.2139, RMSE_E_per_atom=15.8 meV, RMSE_F=1095.3 meV / A, RMSE_Mu_per_atom=2.59 mDebye
2023-12-06 15:28:36.436 INFO: Epoch 850: loss=121.0608, RMSE_E_per_atom=15.6 meV, RMSE_F=1099.2 meV / A, RMSE_Mu_per_atom=2.57 mDebye
2023-12-06 15:28:37.008 INFO: Epoch 852: loss=113.2816, RMSE_E_per_atom=16.3 meV, RMSE_F=1063.1 meV / A, RMSE_Mu_per_atom=2.57 mDebye
2023-12-06 15:28:37.845 INFO: Epoch 854: loss=113.7696, RMSE_E_per_atom=15.3 meV, RMSE_F=1065.5 meV / A, RMSE_Mu_per_atom=2.70 mDebye
2023-12-06 15:28:38.417 INFO: Epoch 856: loss=113.5499, RMSE_E_per_atom=13.5 meV, RMSE_F=1064.7 meV / A, RMSE_Mu_per_atom=2.69 mDebye
2023-12-06 15:28:38.988 INFO: Epoch 858: loss=115.7951, RMSE_E_per_atom=14.2 meV, RMSE_F=1075.1 meV / A, RMSE_Mu_per_atom=2.65 mDebye
2023-12-06 15:28:39.564 INFO: Epoch 860: loss=114.2159, RMSE_E_per_atom=16.3 meV, RMSE_F=1067.5 meV / A, RMSE_Mu_per_atom=2.55 mDebye
2023-12-06 15:28:40.145 INFO: Epoch 862: loss=113.5826, RMSE_E_per_atom=15.4 meV, RMSE_F=1064.6 meV / A, RMSE_Mu_per_atom=2.57 mDebye
2023-12-06 15:28:40.721 INFO: Epoch 864: loss=114.3887, RMSE_E_per_atom=15.8 meV, RMSE_F=1068.4 meV / A, RMSE_Mu_per_atom=2.62 mDebye
2023-12-06 15:28:41.293 INFO: Epoch 866: loss=113.3454, RMSE_E_per_atom=13.8 meV, RMSE_F=1063.7 meV / A, RMSE_Mu_per_atom=2.64 mDebye
2023-12-06 15:28:41.862 INFO: Epoch 868: loss=115.3725, RMSE_E_per_atom=12.8 meV, RMSE_F=1073.3 meV / A, RMSE_Mu_per_atom=2.60 mDebye
2023-12-06 15:28:42.434 INFO: Epoch 870: loss=115.0620, RMSE_E_per_atom=11.8 meV, RMSE_F=1072.0 meV / A, RMSE_Mu_per_atom=2.57 mDebye
2023-12-06 15:28:43.004 INFO: Epoch 872: loss=117.4871, RMSE_E_per_atom=14.0 meV, RMSE_F=1083.0 meV / A, RMSE_Mu_per_atom=2.58 mDebye
2023-12-06 15:28:43.573 INFO: Epoch 874: loss=113.9656, RMSE_E_per_atom=16.7 meV, RMSE_F=1066.2 meV / A, RMSE_Mu_per_atom=2.59 mDebye
2023-12-06 15:28:44.143 INFO: Epoch 876: loss=113.0171, RMSE_E_per_atom=16.7 meV, RMSE_F=1061.8 meV / A, RMSE_Mu_per_atom=2.59 mDebye
2023-12-06 15:28:44.981 INFO: Epoch 878: loss=110.6233, RMSE_E_per_atom=14.0 meV, RMSE_F=1050.8 meV / A, RMSE_Mu_per_atom=2.61 mDebye
2023-12-06 15:28:45.828 INFO: Epoch 880: loss=113.7477, RMSE_E_per_atom=14.0 meV, RMSE_F=1065.6 meV / A, RMSE_Mu_per_atom=2.60 mDebye
2023-12-06 15:28:46.402 INFO: Epoch 882: loss=111.9315, RMSE_E_per_atom=14.0 meV, RMSE_F=1057.0 meV / A, RMSE_Mu_per_atom=2.54 mDebye
2023-12-06 15:28:46.975 INFO: Epoch 884: loss=115.7987, RMSE_E_per_atom=16.1 meV, RMSE_F=1074.9 meV / A, RMSE_Mu_per_atom=2.52 mDebye
2023-12-06 15:28:47.549 INFO: Epoch 886: loss=112.1030, RMSE_E_per_atom=14.8 meV, RMSE_F=1057.7 meV / A, RMSE_Mu_per_atom=2.56 mDebye
2023-12-06 15:28:48.121 INFO: Epoch 888: loss=111.0722, RMSE_E_per_atom=15.5 meV, RMSE_F=1052.8 meV / A, RMSE_Mu_per_atom=2.57 mDebye
2023-12-06 15:28:48.693 INFO: Epoch 890: loss=112.3465, RMSE_E_per_atom=14.5 meV, RMSE_F=1058.9 meV / A, RMSE_Mu_per_atom=2.58 mDebye
2023-12-06 15:28:49.264 INFO: Epoch 892: loss=111.6731, RMSE_E_per_atom=15.1 meV, RMSE_F=1055.7 meV / A, RMSE_Mu_per_atom=2.55 mDebye
2023-12-06 15:28:49.834 INFO: Epoch 894: loss=110.0596, RMSE_E_per_atom=14.2 meV, RMSE_F=1048.1 meV / A, RMSE_Mu_per_atom=2.54 mDebye
2023-12-06 15:28:50.779 INFO: Epoch 896: loss=113.4475, RMSE_E_per_atom=14.7 meV, RMSE_F=1064.1 meV / A, RMSE_Mu_per_atom=2.56 mDebye
2023-12-06 15:28:51.350 INFO: Epoch 898: loss=109.7759, RMSE_E_per_atom=14.7 meV, RMSE_F=1046.7 meV / A, RMSE_Mu_per_atom=2.50 mDebye
2023-12-06 15:28:52.184 INFO: Epoch 900: loss=109.1904, RMSE_E_per_atom=15.2 meV, RMSE_F=1043.8 meV / A, RMSE_Mu_per_atom=2.49 mDebye
2023-12-06 15:28:53.021 INFO: Epoch 902: loss=109.4446, RMSE_E_per_atom=15.4 meV, RMSE_F=1045.0 meV / A, RMSE_Mu_per_atom=2.53 mDebye
2023-12-06 15:28:53.593 INFO: Epoch 904: loss=107.5117, RMSE_E_per_atom=14.1 meV, RMSE_F=1035.9 meV / A, RMSE_Mu_per_atom=2.55 mDebye
2023-12-06 15:28:54.451 INFO: Epoch 906: loss=109.5514, RMSE_E_per_atom=13.6 meV, RMSE_F=1045.8 meV / A, RMSE_Mu_per_atom=2.52 mDebye
2023-12-06 15:28:55.022 INFO: Epoch 908: loss=108.6960, RMSE_E_per_atom=14.3 meV, RMSE_F=1041.6 meV / A, RMSE_Mu_per_atom=2.53 mDebye
2023-12-06 15:28:55.593 INFO: Epoch 910: loss=107.8132, RMSE_E_per_atom=12.8 meV, RMSE_F=1037.5 meV / A, RMSE_Mu_per_atom=2.59 mDebye
2023-12-06 15:28:56.163 INFO: Epoch 912: loss=107.0423, RMSE_E_per_atom=14.3 meV, RMSE_F=1033.6 meV / A, RMSE_Mu_per_atom=2.49 mDebye
2023-12-06 15:28:56.998 INFO: Epoch 914: loss=107.9890, RMSE_E_per_atom=15.7 meV, RMSE_F=1038.0 meV / A, RMSE_Mu_per_atom=2.52 mDebye
2023-12-06 15:28:57.568 INFO: Epoch 916: loss=109.6889, RMSE_E_per_atom=15.1 meV, RMSE_F=1046.2 meV / A, RMSE_Mu_per_atom=2.58 mDebye
2023-12-06 15:28:58.138 INFO: Epoch 918: loss=105.6721, RMSE_E_per_atom=12.3 meV, RMSE_F=1027.2 meV / A, RMSE_Mu_per_atom=2.54 mDebye
2023-12-06 15:28:58.981 INFO: Epoch 920: loss=106.3654, RMSE_E_per_atom=15.2 meV, RMSE_F=1030.2 meV / A, RMSE_Mu_per_atom=2.51 mDebye
2023-12-06 15:28:59.554 INFO: Epoch 922: loss=107.9000, RMSE_E_per_atom=14.9 meV, RMSE_F=1037.7 meV / A, RMSE_Mu_per_atom=2.53 mDebye
2023-12-06 15:29:00.126 INFO: Epoch 924: loss=105.7595, RMSE_E_per_atom=16.8 meV, RMSE_F=1027.0 meV / A, RMSE_Mu_per_atom=2.47 mDebye
2023-12-06 15:29:00.697 INFO: Epoch 926: loss=103.9498, RMSE_E_per_atom=17.5 meV, RMSE_F=1018.0 meV / A, RMSE_Mu_per_atom=2.50 mDebye
2023-12-06 15:29:01.533 INFO: Epoch 928: loss=107.7225, RMSE_E_per_atom=15.1 meV, RMSE_F=1036.8 meV / A, RMSE_Mu_per_atom=2.49 mDebye
2023-12-06 15:29:02.104 INFO: Epoch 930: loss=108.3028, RMSE_E_per_atom=13.7 meV, RMSE_F=1039.8 meV / A, RMSE_Mu_per_atom=2.51 mDebye
2023-12-06 15:29:02.674 INFO: Epoch 932: loss=102.4300, RMSE_E_per_atom=12.2 meV, RMSE_F=1011.3 meV / A, RMSE_Mu_per_atom=2.47 mDebye
2023-12-06 15:29:03.509 INFO: Epoch 934: loss=103.4413, RMSE_E_per_atom=14.8 meV, RMSE_F=1016.0 meV / A, RMSE_Mu_per_atom=2.48 mDebye
2023-12-06 15:29:04.079 INFO: Epoch 936: loss=102.3420, RMSE_E_per_atom=14.4 meV, RMSE_F=1010.6 meV / A, RMSE_Mu_per_atom=2.53 mDebye
2023-12-06 15:29:04.917 INFO: Epoch 938: loss=103.1613, RMSE_E_per_atom=13.4 meV, RMSE_F=1014.8 meV / A, RMSE_Mu_per_atom=2.53 mDebye
2023-12-06 15:29:05.488 INFO: Epoch 940: loss=104.7519, RMSE_E_per_atom=13.6 meV, RMSE_F=1022.6 meV / A, RMSE_Mu_per_atom=2.45 mDebye
2023-12-06 15:29:06.068 INFO: Epoch 942: loss=103.3956, RMSE_E_per_atom=14.2 meV, RMSE_F=1015.8 meV / A, RMSE_Mu_per_atom=2.42 mDebye
2023-12-06 15:29:06.640 INFO: Epoch 944: loss=103.8196, RMSE_E_per_atom=18.3 meV, RMSE_F=1017.3 meV / A, RMSE_Mu_per_atom=2.48 mDebye
2023-12-06 15:29:07.210 INFO: Epoch 946: loss=102.9969, RMSE_E_per_atom=14.8 meV, RMSE_F=1013.8 meV / A, RMSE_Mu_per_atom=2.52 mDebye
2023-12-06 15:29:07.781 INFO: Epoch 948: loss=100.5556, RMSE_E_per_atom=12.6 meV, RMSE_F=1002.0 meV / A, RMSE_Mu_per_atom=2.49 mDebye
2023-12-06 15:29:08.616 INFO: Epoch 950: loss=103.7282, RMSE_E_per_atom=12.2 meV, RMSE_F=1017.7 meV / A, RMSE_Mu_per_atom=2.46 mDebye
2023-12-06 15:29:09.186 INFO: Epoch 952: loss=105.1413, RMSE_E_per_atom=15.5 meV, RMSE_F=1024.2 meV / A, RMSE_Mu_per_atom=2.44 mDebye
2023-12-06 15:29:09.758 INFO: Epoch 954: loss=98.7990, RMSE_E_per_atom=13.1 meV, RMSE_F=993.1 meV / A, RMSE_Mu_per_atom=2.38 mDebye
2023-12-06 15:29:10.596 INFO: Epoch 956: loss=97.0956, RMSE_E_per_atom=14.9 meV, RMSE_F=984.2 meV / A, RMSE_Mu_per_atom=2.44 mDebye
2023-12-06 15:29:11.446 INFO: Epoch 958: loss=101.3931, RMSE_E_per_atom=14.5 meV, RMSE_F=1005.9 meV / A, RMSE_Mu_per_atom=2.56 mDebye
2023-12-06 15:29:12.017 INFO: Epoch 960: loss=100.5632, RMSE_E_per_atom=15.2 meV, RMSE_F=1001.7 meV / A, RMSE_Mu_per_atom=2.48 mDebye
2023-12-06 15:29:12.589 INFO: Epoch 962: loss=103.1337, RMSE_E_per_atom=15.4 meV, RMSE_F=1014.4 meV / A, RMSE_Mu_per_atom=2.48 mDebye
2023-12-06 15:29:13.162 INFO: Epoch 964: loss=99.9815, RMSE_E_per_atom=14.1 meV, RMSE_F=998.9 meV / A, RMSE_Mu_per_atom=2.44 mDebye
2023-12-06 15:29:13.733 INFO: Epoch 966: loss=98.3174, RMSE_E_per_atom=13.0 meV, RMSE_F=990.7 meV / A, RMSE_Mu_per_atom=2.46 mDebye
2023-12-06 15:29:14.302 INFO: Epoch 968: loss=99.2404, RMSE_E_per_atom=12.5 meV, RMSE_F=995.4 meV / A, RMSE_Mu_per_atom=2.48 mDebye
2023-12-06 15:29:14.877 INFO: Epoch 970: loss=97.3526, RMSE_E_per_atom=15.9 meV, RMSE_F=985.4 meV / A, RMSE_Mu_per_atom=2.45 mDebye
2023-12-06 15:29:15.446 INFO: Epoch 972: loss=104.5196, RMSE_E_per_atom=15.3 meV, RMSE_F=1021.2 meV / A, RMSE_Mu_per_atom=2.48 mDebye
2023-12-06 15:29:16.019 INFO: Epoch 974: loss=104.2891, RMSE_E_per_atom=17.0 meV, RMSE_F=1019.8 meV / A, RMSE_Mu_per_atom=2.32 mDebye
2023-12-06 15:29:16.591 INFO: Epoch 976: loss=97.7906, RMSE_E_per_atom=14.9 meV, RMSE_F=987.8 meV / A, RMSE_Mu_per_atom=2.31 mDebye
2023-12-06 15:29:17.163 INFO: Epoch 978: loss=94.3763, RMSE_E_per_atom=16.6 meV, RMSE_F=970.1 meV / A, RMSE_Mu_per_atom=2.47 mDebye
2023-12-06 15:29:17.999 INFO: Epoch 980: loss=91.2893, RMSE_E_per_atom=12.9 meV, RMSE_F=954.6 meV / A, RMSE_Mu_per_atom=2.60 mDebye
2023-12-06 15:29:18.836 INFO: Epoch 982: loss=94.0032, RMSE_E_per_atom=12.6 meV, RMSE_F=968.7 meV / A, RMSE_Mu_per_atom=2.47 mDebye
2023-12-06 15:29:19.408 INFO: Epoch 984: loss=99.9531, RMSE_E_per_atom=15.3 meV, RMSE_F=998.6 meV / A, RMSE_Mu_per_atom=2.32 mDebye
2023-12-06 15:29:19.985 INFO: Epoch 986: loss=95.3895, RMSE_E_per_atom=14.9 meV, RMSE_F=975.5 meV / A, RMSE_Mu_per_atom=2.29 mDebye
2023-12-06 15:29:20.555 INFO: Epoch 988: loss=92.1082, RMSE_E_per_atom=17.1 meV, RMSE_F=958.2 meV / A, RMSE_Mu_per_atom=2.41 mDebye
2023-12-06 15:29:21.126 INFO: Epoch 990: loss=93.4435, RMSE_E_per_atom=16.6 meV, RMSE_F=965.2 meV / A, RMSE_Mu_per_atom=2.53 mDebye
2023-12-06 15:29:21.698 INFO: Epoch 992: loss=96.2131, RMSE_E_per_atom=13.6 meV, RMSE_F=979.9 meV / A, RMSE_Mu_per_atom=2.39 mDebye
2023-12-06 15:29:22.270 INFO: Epoch 994: loss=93.6589, RMSE_E_per_atom=12.7 meV, RMSE_F=966.9 meV / A, RMSE_Mu_per_atom=2.30 mDebye
2023-12-06 15:29:22.842 INFO: Epoch 996: loss=94.6147, RMSE_E_per_atom=15.4 meV, RMSE_F=971.5 meV / A, RMSE_Mu_per_atom=2.41 mDebye
2023-12-06 15:29:23.413 INFO: Epoch 998: loss=92.4366, RMSE_E_per_atom=14.9 meV, RMSE_F=960.3 meV / A, RMSE_Mu_per_atom=2.48 mDebye
2023-12-06 15:29:23.690 INFO: Training complete
2023-12-06 15:29:23.691 INFO: Computing metrics for training, validation, and test sets
2023-12-06 15:29:23.692 INFO: Loading checkpoint: checkpoints/ox_gs_rattled_50x1d_run-4567_epoch-32.pt
2023-12-06 15:29:23.721 INFO: Loaded model from epoch 32
2023-12-06 15:29:23.749 INFO: Evaluating train ...
2023-12-06 15:29:23.846 INFO: Evaluating valid ...
2023-12-06 15:29:23.894 INFO: Evaluating Default ...
2023-12-06 15:29:24.007 INFO: 
+-------------+---------------------+------------------+--------------+-------------------------+---------------+
| config_type | RMSE E / meV / atom | RMSE F / meV / A | rel F RMSE % | RMSE MU / mDebye / atom | rel MU RMSE % |
+-------------+---------------------+------------------+--------------+-------------------------+---------------+
|    train    |        774.2        |      200.4       |     9.7      |           2.9           |      9.0      |
|    valid    |        773.8        |      259.3       |     8.5      |           2.3           |      7.6      |
|   Default   |        774.2        |      203.1       |     9.6      |           2.8           |      9.0      |
+-------------+---------------------+------------------+--------------+-------------------------+---------------+
2023-12-06 15:29:24.007 INFO: Saving model to checkpoints/ox_gs_rattled_50x1d_run-4567.model
2023-12-06 15:29:24.507 INFO: Loading checkpoint: checkpoints/ox_gs_rattled_50x1d_run-4567_epoch-980_swa.pt
2023-12-06 15:29:24.536 INFO: Loaded model from epoch 980
2023-12-06 15:29:24.564 INFO: Evaluating train ...
2023-12-06 15:29:24.661 INFO: Evaluating valid ...
2023-12-06 15:29:24.709 INFO: Evaluating Default ...
2023-12-06 15:29:24.822 INFO: 
+-------------+---------------------+------------------+--------------+-------------------------+---------------+
| config_type | RMSE E / meV / atom | RMSE F / meV / A | rel F RMSE % | RMSE MU / mDebye / atom | rel MU RMSE % |
+-------------+---------------------+------------------+--------------+-------------------------+---------------+
|    train    |         3.7         |       43.3       |     2.1      |           1.7           |      5.3      |
|    valid    |         12.9        |      954.6       |     31.4     |           2.6           |      8.6      |
|   Default   |         4.4         |      195.6       |     9.3      |           1.7           |      5.4      |
+-------------+---------------------+------------------+--------------+-------------------------+---------------+
2023-12-06 15:29:24.822 INFO: Saving model to checkpoints/ox_gs_rattled_50x1d_run-4567_swa.model
2023-12-06 15:29:25.323 INFO: Done
