2023-12-07 10:38:47.135 INFO: MACE version: 0.2.0
2023-12-07 10:38:47.135 INFO: Configuration: Namespace(name='ox_gs_rattled_50x3a', seed=1234, log_dir='logs', model_dir='.', checkpoints_dir='checkpoints', results_dir='results', downloads_dir='downloads', device='cuda', default_dtype='float64', log_level='INFO', error_table='EnergyDipoleRMSE', model='EnergyDipolesMACE', r_max=5.0, num_radial_basis=8, num_cutoff_basis=5, interaction='RealAgnosticResidualInteractionBlock', interaction_first='RealAgnosticResidualInteractionBlock', max_ell=3, correlation=3, num_interactions=2, MLP_irreps='16x0e', radial_MLP='[64, 64, 64]', hidden_irreps='32x0e + 32x1o + 32x2e', num_channels=None, max_L=None, gate='silu', scaling='rms_forces_scaling', avg_num_neighbors=1.0, compute_avg_num_neighbors=True, compute_stress=True, compute_forces=True, train_file='ox_gs_rattled_50x3a_train.xyz', valid_file=None, valid_fraction=0.05, test_file='ox_gs_rattled_50x3a_train.xyz', E0s='{6: -1034.7672562939947, 1: -13.74018495096079, 8: -2057.26969300199}', energy_key='energy', forces_key='forces', virials_key='virials', stress_key='stress', dipole_key='dipole', charges_key='charges', loss='energy_forces_dipole', forces_weight=100.0, swa_forces_weight=100.0, energy_weight=1.0, swa_energy_weight=1000.0, virials_weight=1.0, swa_virials_weight=10.0, stress_weight=1.0, swa_stress_weight=10.0, dipole_weight=1.0, swa_dipole_weight=1.0, config_type_weights='{"Default":1.0}', huber_delta=0.01, optimizer='adam', batch_size=16, valid_batch_size=16, lr=0.01, swa_lr=0.001, weight_decay=5e-07, amsgrad=True, scheduler='ReduceLROnPlateau', lr_factor=0.8, scheduler_patience=50, lr_scheduler_gamma=0.9993, swa=True, start_swa=800, ema=False, ema_decay=0.99, max_num_epochs=1000, patience=2048, eval_interval=2, keep_checkpoints=False, restart_latest=True, save_cpu=False, clip_grad=10.0, wandb=False, wandb_project='', wandb_entity='', wandb_name='', wandb_log_hypers=['num_channels', 'max_L', 'correlation', 'lr', 'swa_lr', 'weight_decay', 'batch_size', 'max_num_epochs', 'start_swa', 'energy_weight', 'forces_weight'])
2023-12-07 10:38:47.191 INFO: CUDA version: 11.7, CUDA device: 0
2023-12-07 10:38:47.897 INFO: Loaded 70 training configurations from 'ox_gs_rattled_50x3a_train.xyz'
2023-12-07 10:38:47.897 INFO: Using random 5.0% of training set for validation
2023-12-07 10:38:47.916 INFO: Loaded 70 test configurations from 'ox_gs_rattled_50x3a_train.xyz'
2023-12-07 10:38:47.916 INFO: Total number of configurations: train=67, valid=3, tests=[Default: 70]
2023-12-07 10:38:47.916 INFO: AtomicNumberTable: (1, 6, 8)
2023-12-07 10:38:47.916 INFO: Atomic Energies not in training file, using command line argument E0s
2023-12-07 10:38:47.916 INFO: Atomic energies: [-13.74018495096079, -1034.7672562939947, -2057.26969300199]
2023-12-07 10:38:47.970 INFO: WeightedEnergyForcesDipoleLoss(energy_weight=1.000, forces_weight=100.000, dipole_weight=1.000)
2023-12-07 10:38:47.977 INFO: Average number of neighbors: 6.0
2023-12-07 10:38:47.977 INFO: Selected the following outputs: {'energy': True, 'forces': True, 'virials': False, 'stress': False, 'dipoles': True}
2023-12-07 10:38:47.977 INFO: Building model
2023-12-07 10:38:47.977 INFO: Hidden irreps: 32x0e + 32x1o + 32x2e
2023-12-07 10:38:49.411 INFO: Using stochastic weight averaging (after 800 epochs) with energy weight : 1000.0, forces weight : 100.0, dipole weight : 1.0 and learning rate : 0.001
2023-12-07 10:38:50.440 WARNING: Cannot find checkpoint with tag 'ox_gs_rattled_50x3a_run-1234' in 'checkpoints'
2023-12-07 10:38:50.452 INFO: EnergyDipolesMACE(
  (node_embedding): LinearNodeEmbeddingBlock(
    (linear): Linear(3x0e -> 32x0e | 96 weights)
  )
  (radial_embedding): RadialEmbeddingBlock(
    (bessel_fn): BesselBasis(r_max=5.0, num_basis=8, trainable=False)
    (cutoff_fn): PolynomialCutoff(p=5.0, r_max=5.0)
  )
  (spherical_harmonics): SphericalHarmonics()
  (atomic_energies_fn): AtomicEnergiesBlock(energies=[-13.7402, -1034.7673, -2057.2697])
  (interactions): ModuleList(
    (0): RealAgnosticInteractionBlock(
      (linear_up): Linear(32x0e -> 32x0e | 1024 weights)
      (conv_tp): TensorProduct(32x0e x 1x0e+1x1o+1x2e+1x3o -> 32x0e+32x1o+32x2e+32x3o | 128 paths | 128 weights)
      (conv_tp_weights): FullyConnectedNet[8, 64, 64, 64, 128]
      (linear): Linear(32x0e+32x1o+32x2e+32x3o -> 32x0e+32x1o+32x2e+32x3o | 4096 weights)
      (skip_tp): FullyConnectedTensorProduct(32x0e+32x1o+32x2e+32x3o x 3x0e -> 32x0e+32x1o+32x2e+32x3o | 12288 paths | 12288 weights)
      (reshape): reshape_irreps()
    )
    (1): RealAgnosticResidualInteractionBlock(
      (linear_up): Linear(32x0e+32x1o+32x2e -> 32x0e+32x1o+32x2e | 3072 weights)
      (conv_tp): TensorProduct(32x0e+32x1o+32x2e x 1x0e+1x1o+1x2e+1x3o -> 96x0e+160x1o+160x2e+128x3o | 544 paths | 544 weights)
      (conv_tp_weights): FullyConnectedNet[8, 64, 64, 64, 544]
      (linear): Linear(96x0e+160x1o+160x2e+128x3o -> 32x0e+32x1o+32x2e+32x3o | 17408 weights)
      (skip_tp): FullyConnectedTensorProduct(32x0e+32x1o+32x2e x 3x0e -> 32x0e+32x1o | 6144 paths | 6144 weights)
      (reshape): reshape_irreps()
    )
  )
  (products): ModuleList(
    (0): EquivariantProductBasisBlock(
      (symmetric_contractions): SymmetricContraction(
        (contractions): ModuleList(
          (0): Contraction(
            (contractions_weighting): ModuleList(
              (0-1): 2 x GraphModule()
            )
            (contractions_features): ModuleList(
              (0-1): 2 x GraphModule()
            )
            (weights): ParameterList(
                (0): Parameter containing: [torch.float64 of size 3x4x32 (GPU 0)]
                (1): Parameter containing: [torch.float64 of size 3x1x32 (GPU 0)]
            )
            (graph_opt_main): GraphModule()
          )
          (1): Contraction(
            (contractions_weighting): ModuleList(
              (0-1): 2 x GraphModule()
            )
            (contractions_features): ModuleList(
              (0-1): 2 x GraphModule()
            )
            (weights): ParameterList(
                (0): Parameter containing: [torch.float64 of size 3x6x32 (GPU 0)]
                (1): Parameter containing: [torch.float64 of size 3x1x32 (GPU 0)]
            )
            (graph_opt_main): GraphModule()
          )
          (2): Contraction(
            (contractions_weighting): ModuleList(
              (0-1): 2 x GraphModule()
            )
            (contractions_features): ModuleList(
              (0-1): 2 x GraphModule()
            )
            (weights): ParameterList(
                (0): Parameter containing: [torch.float64 of size 3x7x32 (GPU 0)]
                (1): Parameter containing: [torch.float64 of size 3x1x32 (GPU 0)]
            )
            (graph_opt_main): GraphModule()
          )
        )
      )
      (linear): Linear(32x0e+32x1o+32x2e -> 32x0e+32x1o+32x2e | 3072 weights)
    )
    (1): EquivariantProductBasisBlock(
      (symmetric_contractions): SymmetricContraction(
        (contractions): ModuleList(
          (0): Contraction(
            (contractions_weighting): ModuleList(
              (0-1): 2 x GraphModule()
            )
            (contractions_features): ModuleList(
              (0-1): 2 x GraphModule()
            )
            (weights): ParameterList(
                (0): Parameter containing: [torch.float64 of size 3x4x32 (GPU 0)]
                (1): Parameter containing: [torch.float64 of size 3x1x32 (GPU 0)]
            )
            (graph_opt_main): GraphModule()
          )
          (1): Contraction(
            (contractions_weighting): ModuleList(
              (0-1): 2 x GraphModule()
            )
            (contractions_features): ModuleList(
              (0-1): 2 x GraphModule()
            )
            (weights): ParameterList(
                (0): Parameter containing: [torch.float64 of size 3x6x32 (GPU 0)]
                (1): Parameter containing: [torch.float64 of size 3x1x32 (GPU 0)]
            )
            (graph_opt_main): GraphModule()
          )
        )
      )
      (linear): Linear(32x0e+32x1o -> 32x0e+32x1o | 2048 weights)
    )
  )
  (readouts): ModuleList(
    (0): LinearDipoleReadoutBlock(
      (linear): Linear(32x0e+32x1o+32x2e -> 1x0e+1x1o | 64 weights)
    )
    (1): NonLinearDipoleReadoutBlock(
      (equivariant_nonlin): Gate (16x0e -> 16x0e)
      (linear_1): Linear(32x0e+32x1o -> 16x0e | 512 weights)
      (linear_2): Linear(16x0e -> 1x0e+1x1o | 16 weights)
    )
  )
)
2023-12-07 10:38:50.454 INFO: Number of parameters: 133776
2023-12-07 10:38:50.455 INFO: Optimizer: Adam (
Parameter Group 0
    amsgrad: True
    betas: (0.9, 0.999)
    capturable: False
    differentiable: False
    eps: 1e-08
    foreach: None
    fused: None
    initial_lr: 0.01
    lr: 0.01
    maximize: False
    name: embedding
    swa_lr: 0.001
    weight_decay: 0.0

Parameter Group 1
    amsgrad: True
    betas: (0.9, 0.999)
    capturable: False
    differentiable: False
    eps: 1e-08
    foreach: None
    fused: None
    initial_lr: 0.01
    lr: 0.01
    maximize: False
    name: interactions_decay
    swa_lr: 0.001
    weight_decay: 5e-07

Parameter Group 2
    amsgrad: True
    betas: (0.9, 0.999)
    capturable: False
    differentiable: False
    eps: 1e-08
    foreach: None
    fused: None
    initial_lr: 0.01
    lr: 0.01
    maximize: False
    name: interactions_no_decay
    swa_lr: 0.001
    weight_decay: 0.0

Parameter Group 3
    amsgrad: True
    betas: (0.9, 0.999)
    capturable: False
    differentiable: False
    eps: 1e-08
    foreach: None
    fused: None
    initial_lr: 0.01
    lr: 0.01
    maximize: False
    name: products
    swa_lr: 0.001
    weight_decay: 5e-07

Parameter Group 4
    amsgrad: True
    betas: (0.9, 0.999)
    capturable: False
    differentiable: False
    eps: 1e-08
    foreach: None
    fused: None
    initial_lr: 0.01
    lr: 0.01
    maximize: False
    name: readouts
    swa_lr: 0.001
    weight_decay: 0.0
)
2023-12-07 10:38:50.455 INFO: Using gradient clipping with tolerance=10.000
2023-12-07 10:38:50.455 INFO: Started training
2023-12-07 10:39:02.365 INFO: Epoch 0: loss=500.0860, RMSE_E_per_atom=346.6 meV, RMSE_F=2235.8 meV / A, RMSE_Mu_per_atom=29.38 mDebye
2023-12-07 10:39:09.519 INFO: Epoch 2: loss=120.8906, RMSE_E_per_atom=1199.4 meV, RMSE_F=1092.3 meV / A, RMSE_Mu_per_atom=36.62 mDebye
2023-12-07 10:39:15.028 INFO: Epoch 4: loss=76.3279, RMSE_E_per_atom=1079.3 meV, RMSE_F=865.7 meV / A, RMSE_Mu_per_atom=47.06 mDebye
2023-12-07 10:39:20.285 INFO: Epoch 6: loss=37.7431, RMSE_E_per_atom=1146.1 meV, RMSE_F=603.4 meV / A, RMSE_Mu_per_atom=13.61 mDebye
2023-12-07 10:39:26.849 INFO: Epoch 8: loss=30.7063, RMSE_E_per_atom=1204.1 meV, RMSE_F=540.7 meV / A, RMSE_Mu_per_atom=12.46 mDebye
2023-12-07 10:39:37.252 INFO: Epoch 10: loss=20.3613, RMSE_E_per_atom=1244.5 meV, RMSE_F=433.5 meV / A, RMSE_Mu_per_atom=14.42 mDebye
2023-12-07 10:39:45.979 INFO: Epoch 12: loss=17.8537, RMSE_E_per_atom=1325.4 meV, RMSE_F=401.1 meV / A, RMSE_Mu_per_atom=7.72 mDebye
2023-12-07 10:39:58.991 INFO: Epoch 14: loss=14.4511, RMSE_E_per_atom=1278.1 meV, RMSE_F=357.9 meV / A, RMSE_Mu_per_atom=9.42 mDebye
2023-12-07 10:40:09.947 INFO: Epoch 16: loss=13.0645, RMSE_E_per_atom=1194.8 meV, RMSE_F=341.1 meV / A, RMSE_Mu_per_atom=6.00 mDebye
2023-12-07 10:40:17.366 INFO: Epoch 18: loss=8.7572, RMSE_E_per_atom=1110.0 meV, RMSE_F=274.3 meV / A, RMSE_Mu_per_atom=5.59 mDebye
2023-12-07 10:40:22.839 INFO: Epoch 20: loss=6.5809, RMSE_E_per_atom=1094.3 meV, RMSE_F=232.0 meV / A, RMSE_Mu_per_atom=4.20 mDebye
2023-12-07 10:40:27.922 INFO: Epoch 22: loss=5.7657, RMSE_E_per_atom=1055.2 meV, RMSE_F=215.6 meV / A, RMSE_Mu_per_atom=4.94 mDebye
2023-12-07 10:40:36.161 INFO: Epoch 24: loss=4.2910, RMSE_E_per_atom=992.4 meV, RMSE_F=181.8 meV / A, RMSE_Mu_per_atom=4.48 mDebye
2023-12-07 10:40:45.420 INFO: Epoch 26: loss=4.5297, RMSE_E_per_atom=899.1 meV, RMSE_F=192.8 meV / A, RMSE_Mu_per_atom=6.85 mDebye
2023-12-07 10:40:53.506 INFO: Epoch 28: loss=3.6422, RMSE_E_per_atom=844.0 meV, RMSE_F=171.1 meV / A, RMSE_Mu_per_atom=5.97 mDebye
2023-12-07 10:41:03.769 INFO: Epoch 30: loss=5.9665, RMSE_E_per_atom=826.5 meV, RMSE_F=229.8 meV / A, RMSE_Mu_per_atom=6.69 mDebye
2023-12-07 10:41:09.221 INFO: Epoch 32: loss=7.5752, RMSE_E_per_atom=827.2 meV, RMSE_F=262.4 meV / A, RMSE_Mu_per_atom=6.64 mDebye
2023-12-07 10:41:15.288 INFO: Epoch 34: loss=4.2392, RMSE_E_per_atom=771.8 meV, RMSE_F=190.8 meV / A, RMSE_Mu_per_atom=6.80 mDebye
2023-12-07 10:41:23.002 INFO: Epoch 36: loss=2.4219, RMSE_E_per_atom=806.0 meV, RMSE_F=132.9 meV / A, RMSE_Mu_per_atom=6.79 mDebye
2023-12-07 10:41:31.708 INFO: Epoch 38: loss=1.8237, RMSE_E_per_atom=727.4 meV, RMSE_F=113.5 meV / A, RMSE_Mu_per_atom=7.39 mDebye
2023-12-07 10:41:41.326 INFO: Epoch 40: loss=1.4566, RMSE_E_per_atom=658.9 meV, RMSE_F=100.9 meV / A, RMSE_Mu_per_atom=6.06 mDebye
2023-12-07 10:41:49.865 INFO: Epoch 42: loss=1.9389, RMSE_E_per_atom=548.7 meV, RMSE_F=127.7 meV / A, RMSE_Mu_per_atom=8.81 mDebye
2023-12-07 10:41:58.418 INFO: Epoch 44: loss=1.7873, RMSE_E_per_atom=512.3 meV, RMSE_F=123.4 meV / A, RMSE_Mu_per_atom=5.09 mDebye
2023-12-07 10:42:04.068 INFO: Epoch 46: loss=3.0315, RMSE_E_per_atom=514.4 meV, RMSE_F=166.3 meV / A, RMSE_Mu_per_atom=5.43 mDebye
2023-12-07 10:42:10.133 INFO: Epoch 48: loss=1.9275, RMSE_E_per_atom=492.9 meV, RMSE_F=129.6 meV / A, RMSE_Mu_per_atom=6.58 mDebye
2023-12-07 10:42:14.165 INFO: Epoch 50: loss=1.1884, RMSE_E_per_atom=470.2 meV, RMSE_F=98.2 meV / A, RMSE_Mu_per_atom=6.05 mDebye
2023-12-07 10:42:22.150 INFO: Epoch 52: loss=2.2491, RMSE_E_per_atom=452.4 meV, RMSE_F=142.9 meV / A, RMSE_Mu_per_atom=5.35 mDebye
2023-12-07 10:42:28.795 INFO: Epoch 54: loss=2.3288, RMSE_E_per_atom=390.2 meV, RMSE_F=147.4 meV / A, RMSE_Mu_per_atom=5.27 mDebye
2023-12-07 10:42:34.692 INFO: Epoch 56: loss=1.8231, RMSE_E_per_atom=389.5 meV, RMSE_F=129.2 meV / A, RMSE_Mu_per_atom=5.21 mDebye
2023-12-07 10:42:44.300 INFO: Epoch 58: loss=1.2876, RMSE_E_per_atom=344.5 meV, RMSE_F=108.0 meV / A, RMSE_Mu_per_atom=5.47 mDebye
2023-12-07 10:42:52.382 INFO: Epoch 60: loss=1.4430, RMSE_E_per_atom=317.6 meV, RMSE_F=115.7 meV / A, RMSE_Mu_per_atom=5.27 mDebye
2023-12-07 10:42:58.904 INFO: Epoch 62: loss=1.4253, RMSE_E_per_atom=320.0 meV, RMSE_F=114.9 meV / A, RMSE_Mu_per_atom=5.14 mDebye
2023-12-07 10:43:02.838 INFO: Epoch 64: loss=1.9696, RMSE_E_per_atom=285.8 meV, RMSE_F=137.3 meV / A, RMSE_Mu_per_atom=5.27 mDebye
2023-12-07 10:43:07.749 INFO: Epoch 66: loss=1.7472, RMSE_E_per_atom=286.0 meV, RMSE_F=129.0 meV / A, RMSE_Mu_per_atom=4.58 mDebye
2023-12-07 10:43:14.456 INFO: Epoch 68: loss=1.4857, RMSE_E_per_atom=275.8 meV, RMSE_F=118.6 meV / A, RMSE_Mu_per_atom=5.19 mDebye
2023-12-07 10:43:18.795 INFO: Epoch 70: loss=4.6584, RMSE_E_per_atom=286.3 meV, RMSE_F=213.9 meV / A, RMSE_Mu_per_atom=4.66 mDebye
2023-12-07 10:43:27.422 INFO: Epoch 72: loss=1.1164, RMSE_E_per_atom=250.0 meV, RMSE_F=102.6 meV / A, RMSE_Mu_per_atom=4.35 mDebye
2023-12-07 10:43:35.383 INFO: Epoch 74: loss=2.2738, RMSE_E_per_atom=262.4 meV, RMSE_F=148.4 meV / A, RMSE_Mu_per_atom=4.91 mDebye
2023-12-07 10:43:43.209 INFO: Epoch 76: loss=3.3233, RMSE_E_per_atom=256.7 meV, RMSE_F=180.4 meV / A, RMSE_Mu_per_atom=5.48 mDebye
2023-12-07 10:43:50.179 INFO: Epoch 78: loss=1.9970, RMSE_E_per_atom=280.2 meV, RMSE_F=138.4 meV / A, RMSE_Mu_per_atom=4.27 mDebye
2023-12-07 10:43:56.722 INFO: Epoch 80: loss=0.7474, RMSE_E_per_atom=287.2 meV, RMSE_F=81.4 meV / A, RMSE_Mu_per_atom=4.88 mDebye
2023-12-07 10:44:04.909 INFO: Epoch 82: loss=1.3945, RMSE_E_per_atom=279.7 meV, RMSE_F=114.6 meV / A, RMSE_Mu_per_atom=4.67 mDebye
2023-12-07 10:44:10.439 INFO: Epoch 84: loss=0.8993, RMSE_E_per_atom=264.1 meV, RMSE_F=91.0 meV / A, RMSE_Mu_per_atom=4.51 mDebye
2023-12-07 10:44:15.513 INFO: Epoch 86: loss=1.1189, RMSE_E_per_atom=244.1 meV, RMSE_F=102.8 meV / A, RMSE_Mu_per_atom=4.01 mDebye
2023-12-07 10:44:22.238 INFO: Epoch 88: loss=0.6709, RMSE_E_per_atom=239.7 meV, RMSE_F=78.2 meV / A, RMSE_Mu_per_atom=4.11 mDebye
2023-12-07 10:44:33.181 INFO: Epoch 90: loss=1.7658, RMSE_E_per_atom=237.0 meV, RMSE_F=130.7 meV / A, RMSE_Mu_per_atom=4.01 mDebye
2023-12-07 10:44:41.517 INFO: Epoch 92: loss=1.2839, RMSE_E_per_atom=203.6 meV, RMSE_F=111.4 meV / A, RMSE_Mu_per_atom=5.00 mDebye
2023-12-07 10:44:48.934 INFO: Epoch 94: loss=2.6065, RMSE_E_per_atom=215.9 meV, RMSE_F=159.9 meV / A, RMSE_Mu_per_atom=3.97 mDebye
2023-12-07 10:44:57.273 INFO: Epoch 96: loss=2.3251, RMSE_E_per_atom=210.6 meV, RMSE_F=150.9 meV / A, RMSE_Mu_per_atom=4.85 mDebye
2023-12-07 10:45:06.376 INFO: Epoch 98: loss=1.5468, RMSE_E_per_atom=237.6 meV, RMSE_F=122.0 meV / A, RMSE_Mu_per_atom=3.94 mDebye
2023-12-07 10:45:12.776 INFO: Epoch 100: loss=2.6896, RMSE_E_per_atom=211.5 meV, RMSE_F=162.6 meV / A, RMSE_Mu_per_atom=4.04 mDebye
2023-12-07 10:45:16.953 INFO: Epoch 102: loss=1.9693, RMSE_E_per_atom=234.9 meV, RMSE_F=138.3 meV / A, RMSE_Mu_per_atom=3.71 mDebye
2023-12-07 10:45:19.798 INFO: Epoch 104: loss=2.9468, RMSE_E_per_atom=258.3 meV, RMSE_F=169.7 meV / A, RMSE_Mu_per_atom=4.35 mDebye
2023-12-07 10:45:24.305 INFO: Epoch 106: loss=1.7430, RMSE_E_per_atom=216.5 meV, RMSE_F=130.2 meV / A, RMSE_Mu_per_atom=3.76 mDebye
2023-12-07 10:45:28.591 INFO: Epoch 108: loss=1.4401, RMSE_E_per_atom=237.3 meV, RMSE_F=117.6 meV / A, RMSE_Mu_per_atom=3.66 mDebye
2023-12-07 10:45:32.251 INFO: Epoch 110: loss=1.2538, RMSE_E_per_atom=227.5 meV, RMSE_F=109.6 meV / A, RMSE_Mu_per_atom=3.94 mDebye
2023-12-07 10:45:38.886 INFO: Epoch 112: loss=2.0812, RMSE_E_per_atom=207.8 meV, RMSE_F=142.7 meV / A, RMSE_Mu_per_atom=3.54 mDebye
2023-12-07 10:45:46.813 INFO: Epoch 114: loss=0.7564, RMSE_E_per_atom=208.5 meV, RMSE_F=84.4 meV / A, RMSE_Mu_per_atom=3.45 mDebye
2023-12-07 10:45:52.513 INFO: Epoch 116: loss=1.3359, RMSE_E_per_atom=188.4 meV, RMSE_F=114.0 meV / A, RMSE_Mu_per_atom=3.68 mDebye
2023-12-07 10:45:59.942 INFO: Epoch 118: loss=0.6897, RMSE_E_per_atom=177.1 meV, RMSE_F=81.1 meV / A, RMSE_Mu_per_atom=3.63 mDebye
2023-12-07 10:46:06.463 INFO: Epoch 120: loss=1.2543, RMSE_E_per_atom=173.4 meV, RMSE_F=110.6 meV / A, RMSE_Mu_per_atom=3.28 mDebye
2023-12-07 10:46:13.339 INFO: Epoch 122: loss=0.8809, RMSE_E_per_atom=168.4 meV, RMSE_F=92.3 meV / A, RMSE_Mu_per_atom=3.25 mDebye
2023-12-07 10:46:21.888 INFO: Epoch 124: loss=0.9748, RMSE_E_per_atom=145.2 meV, RMSE_F=97.6 meV / A, RMSE_Mu_per_atom=3.06 mDebye
2023-12-07 10:46:29.281 INFO: Epoch 126: loss=1.1430, RMSE_E_per_atom=182.6 meV, RMSE_F=105.3 meV / A, RMSE_Mu_per_atom=3.22 mDebye
2023-12-07 10:46:36.664 INFO: Epoch 128: loss=2.0539, RMSE_E_per_atom=174.1 meV, RMSE_F=142.2 meV / A, RMSE_Mu_per_atom=3.34 mDebye
2023-12-07 10:46:45.972 INFO: Epoch 130: loss=0.6475, RMSE_E_per_atom=178.3 meV, RMSE_F=78.4 meV / A, RMSE_Mu_per_atom=2.84 mDebye
2023-12-07 10:46:55.391 INFO: Epoch 132: loss=0.8203, RMSE_E_per_atom=179.9 meV, RMSE_F=88.7 meV / A, RMSE_Mu_per_atom=3.06 mDebye
2023-12-07 10:47:02.163 INFO: Epoch 134: loss=0.8076, RMSE_E_per_atom=166.8 meV, RMSE_F=88.3 meV / A, RMSE_Mu_per_atom=2.67 mDebye
2023-12-07 10:47:10.088 INFO: Epoch 136: loss=0.7158, RMSE_E_per_atom=159.6 meV, RMSE_F=83.0 meV / A, RMSE_Mu_per_atom=2.78 mDebye
2023-12-07 10:47:17.288 INFO: Epoch 138: loss=1.6179, RMSE_E_per_atom=173.0 meV, RMSE_F=126.0 meV / A, RMSE_Mu_per_atom=3.29 mDebye
2023-12-07 10:47:25.425 INFO: Epoch 140: loss=1.8129, RMSE_E_per_atom=147.1 meV, RMSE_F=133.8 meV / A, RMSE_Mu_per_atom=2.89 mDebye
2023-12-07 10:47:32.584 INFO: Epoch 142: loss=1.2673, RMSE_E_per_atom=173.9 meV, RMSE_F=111.2 meV / A, RMSE_Mu_per_atom=2.86 mDebye
2023-12-07 10:47:39.988 INFO: Epoch 144: loss=2.0185, RMSE_E_per_atom=162.5 meV, RMSE_F=141.1 meV / A, RMSE_Mu_per_atom=3.04 mDebye
2023-12-07 10:47:47.753 INFO: Epoch 146: loss=3.4205, RMSE_E_per_atom=168.3 meV, RMSE_F=184.2 meV / A, RMSE_Mu_per_atom=2.94 mDebye
2023-12-07 10:47:55.185 INFO: Epoch 148: loss=0.9599, RMSE_E_per_atom=158.5 meV, RMSE_F=96.6 meV / A, RMSE_Mu_per_atom=2.82 mDebye
2023-12-07 10:48:02.521 INFO: Epoch 150: loss=0.5147, RMSE_E_per_atom=176.5 meV, RMSE_F=69.5 meV / A, RMSE_Mu_per_atom=3.01 mDebye
2023-12-07 10:48:09.475 INFO: Epoch 152: loss=0.9465, RMSE_E_per_atom=169.4 meV, RMSE_F=95.8 meV / A, RMSE_Mu_per_atom=2.89 mDebye
2023-12-07 10:48:13.782 INFO: Epoch 154: loss=0.8803, RMSE_E_per_atom=152.9 meV, RMSE_F=92.5 meV / A, RMSE_Mu_per_atom=2.80 mDebye
2023-12-07 10:48:18.814 INFO: Epoch 156: loss=1.2561, RMSE_E_per_atom=152.9 meV, RMSE_F=111.0 meV / A, RMSE_Mu_per_atom=3.17 mDebye
2023-12-07 10:48:24.210 INFO: Epoch 158: loss=0.8556, RMSE_E_per_atom=131.3 meV, RMSE_F=91.5 meV / A, RMSE_Mu_per_atom=2.77 mDebye
2023-12-07 10:48:28.297 INFO: Epoch 160: loss=0.9014, RMSE_E_per_atom=114.7 meV, RMSE_F=94.2 meV / A, RMSE_Mu_per_atom=2.27 mDebye
2023-12-07 10:48:32.602 INFO: Epoch 162: loss=0.5547, RMSE_E_per_atom=118.1 meV, RMSE_F=73.5 meV / A, RMSE_Mu_per_atom=2.70 mDebye
2023-12-07 10:48:36.620 INFO: Epoch 164: loss=0.8846, RMSE_E_per_atom=112.7 meV, RMSE_F=93.3 meV / A, RMSE_Mu_per_atom=2.67 mDebye
2023-12-07 10:48:43.583 INFO: Epoch 166: loss=0.6681, RMSE_E_per_atom=113.0 meV, RMSE_F=80.9 meV / A, RMSE_Mu_per_atom=2.68 mDebye
2023-12-07 10:48:52.023 INFO: Epoch 168: loss=1.1324, RMSE_E_per_atom=70.4 meV, RMSE_F=106.1 meV / A, RMSE_Mu_per_atom=3.02 mDebye
2023-12-07 10:48:57.079 INFO: Epoch 170: loss=1.0487, RMSE_E_per_atom=103.0 meV, RMSE_F=101.8 meV / A, RMSE_Mu_per_atom=2.85 mDebye
2023-12-07 10:49:00.181 INFO: Epoch 172: loss=0.8139, RMSE_E_per_atom=108.0 meV, RMSE_F=89.5 meV / A, RMSE_Mu_per_atom=3.00 mDebye
2023-12-07 10:49:06.535 INFO: Epoch 174: loss=2.3651, RMSE_E_per_atom=95.9 meV, RMSE_F=153.5 meV / A, RMSE_Mu_per_atom=2.55 mDebye
2023-12-07 10:49:15.347 INFO: Epoch 176: loss=2.2112, RMSE_E_per_atom=117.7 meV, RMSE_F=148.2 meV / A, RMSE_Mu_per_atom=3.02 mDebye
2023-12-07 10:49:22.344 INFO: Epoch 178: loss=1.2684, RMSE_E_per_atom=120.4 meV, RMSE_F=111.9 meV / A, RMSE_Mu_per_atom=2.62 mDebye
2023-12-07 10:49:29.819 INFO: Epoch 180: loss=1.6966, RMSE_E_per_atom=137.9 meV, RMSE_F=129.5 meV / A, RMSE_Mu_per_atom=2.76 mDebye
2023-12-07 10:49:36.561 INFO: Epoch 182: loss=1.0827, RMSE_E_per_atom=143.1 meV, RMSE_F=103.0 meV / A, RMSE_Mu_per_atom=2.81 mDebye
2023-12-07 10:49:44.445 INFO: Epoch 184: loss=0.6332, RMSE_E_per_atom=157.6 meV, RMSE_F=78.0 meV / A, RMSE_Mu_per_atom=2.61 mDebye
2023-12-07 10:49:51.287 INFO: Epoch 186: loss=0.8306, RMSE_E_per_atom=143.1 meV, RMSE_F=90.0 meV / A, RMSE_Mu_per_atom=2.42 mDebye
2023-12-07 10:49:55.556 INFO: Epoch 188: loss=1.0726, RMSE_E_per_atom=127.6 meV, RMSE_F=102.8 meV / A, RMSE_Mu_per_atom=2.29 mDebye
2023-12-07 10:50:02.030 INFO: Epoch 190: loss=1.0894, RMSE_E_per_atom=107.7 meV, RMSE_F=103.8 meV / A, RMSE_Mu_per_atom=2.27 mDebye
2023-12-07 10:50:07.130 INFO: Epoch 192: loss=1.6007, RMSE_E_per_atom=117.1 meV, RMSE_F=126.0 meV / A, RMSE_Mu_per_atom=2.44 mDebye
2023-12-07 10:50:15.941 INFO: Epoch 194: loss=1.7009, RMSE_E_per_atom=104.5 meV, RMSE_F=130.0 meV / A, RMSE_Mu_per_atom=2.10 mDebye
2023-12-07 10:50:23.123 INFO: Epoch 196: loss=1.7599, RMSE_E_per_atom=110.4 meV, RMSE_F=132.2 meV / A, RMSE_Mu_per_atom=1.95 mDebye
2023-12-07 10:50:30.196 INFO: Epoch 198: loss=1.0937, RMSE_E_per_atom=124.7 meV, RMSE_F=103.8 meV / A, RMSE_Mu_per_atom=2.25 mDebye
2023-12-07 10:50:36.923 INFO: Epoch 200: loss=3.4306, RMSE_E_per_atom=138.3 meV, RMSE_F=184.7 meV / A, RMSE_Mu_per_atom=2.42 mDebye
2023-12-07 10:50:44.075 INFO: Epoch 202: loss=1.7948, RMSE_E_per_atom=158.2 meV, RMSE_F=133.0 meV / A, RMSE_Mu_per_atom=3.28 mDebye
2023-12-07 10:50:53.523 INFO: Epoch 204: loss=0.9039, RMSE_E_per_atom=169.9 meV, RMSE_F=93.5 meV / A, RMSE_Mu_per_atom=3.85 mDebye
2023-12-07 10:51:01.247 INFO: Epoch 206: loss=1.1312, RMSE_E_per_atom=151.8 meV, RMSE_F=105.2 meV / A, RMSE_Mu_per_atom=2.99 mDebye
2023-12-07 10:51:09.151 INFO: Epoch 208: loss=0.9659, RMSE_E_per_atom=154.5 meV, RMSE_F=97.0 meV / A, RMSE_Mu_per_atom=2.73 mDebye
2023-12-07 10:51:17.493 INFO: Epoch 210: loss=0.8219, RMSE_E_per_atom=135.5 meV, RMSE_F=89.6 meV / A, RMSE_Mu_per_atom=2.54 mDebye
2023-12-07 10:51:28.391 INFO: Epoch 212: loss=0.7303, RMSE_E_per_atom=115.5 meV, RMSE_F=84.6 meV / A, RMSE_Mu_per_atom=2.21 mDebye
2023-12-07 10:51:37.855 INFO: Epoch 214: loss=1.2615, RMSE_E_per_atom=99.0 meV, RMSE_F=111.9 meV / A, RMSE_Mu_per_atom=2.31 mDebye
2023-12-07 10:51:48.753 INFO: Epoch 216: loss=1.0851, RMSE_E_per_atom=107.7 meV, RMSE_F=103.6 meV / A, RMSE_Mu_per_atom=2.48 mDebye
2023-12-07 10:52:00.975 INFO: Epoch 218: loss=0.8559, RMSE_E_per_atom=95.5 meV, RMSE_F=92.0 meV / A, RMSE_Mu_per_atom=2.19 mDebye
2023-12-07 10:52:07.777 INFO: Epoch 220: loss=0.7439, RMSE_E_per_atom=86.7 meV, RMSE_F=85.8 meV / A, RMSE_Mu_per_atom=2.45 mDebye
2023-12-07 10:52:15.938 INFO: Epoch 222: loss=0.5201, RMSE_E_per_atom=86.9 meV, RMSE_F=71.6 meV / A, RMSE_Mu_per_atom=2.29 mDebye
2023-12-07 10:52:23.086 INFO: Epoch 224: loss=0.5621, RMSE_E_per_atom=68.4 meV, RMSE_F=74.6 meV / A, RMSE_Mu_per_atom=1.90 mDebye
2023-12-07 10:52:29.948 INFO: Epoch 226: loss=0.7925, RMSE_E_per_atom=62.6 meV, RMSE_F=88.8 meV / A, RMSE_Mu_per_atom=2.05 mDebye
2023-12-07 10:52:38.022 INFO: Epoch 228: loss=0.4763, RMSE_E_per_atom=54.5 meV, RMSE_F=68.8 meV / A, RMSE_Mu_per_atom=2.16 mDebye
2023-12-07 10:52:46.686 INFO: Epoch 230: loss=0.3993, RMSE_E_per_atom=46.4 meV, RMSE_F=63.0 meV / A, RMSE_Mu_per_atom=2.09 mDebye
2023-12-07 10:52:55.582 INFO: Epoch 232: loss=0.6143, RMSE_E_per_atom=39.6 meV, RMSE_F=78.2 meV / A, RMSE_Mu_per_atom=2.03 mDebye
2023-12-07 10:53:02.203 INFO: Epoch 234: loss=1.0535, RMSE_E_per_atom=41.9 meV, RMSE_F=102.5 meV / A, RMSE_Mu_per_atom=2.16 mDebye
2023-12-07 10:53:09.342 INFO: Epoch 236: loss=0.5178, RMSE_E_per_atom=45.1 meV, RMSE_F=71.8 meV / A, RMSE_Mu_per_atom=2.17 mDebye
2023-12-07 10:53:17.085 INFO: Epoch 238: loss=1.1763, RMSE_E_per_atom=42.1 meV, RMSE_F=108.4 meV / A, RMSE_Mu_per_atom=2.36 mDebye
2023-12-07 10:53:22.235 INFO: Epoch 240: loss=0.6945, RMSE_E_per_atom=36.0 meV, RMSE_F=83.2 meV / A, RMSE_Mu_per_atom=2.15 mDebye
2023-12-07 10:53:28.565 INFO: Epoch 242: loss=0.9786, RMSE_E_per_atom=53.9 meV, RMSE_F=98.8 meV / A, RMSE_Mu_per_atom=2.36 mDebye
2023-12-07 10:53:34.184 INFO: Epoch 244: loss=1.0074, RMSE_E_per_atom=49.8 meV, RMSE_F=100.2 meV / A, RMSE_Mu_per_atom=2.36 mDebye
2023-12-07 10:53:41.046 INFO: Epoch 246: loss=0.7815, RMSE_E_per_atom=65.2 meV, RMSE_F=88.1 meV / A, RMSE_Mu_per_atom=2.35 mDebye
2023-12-07 10:53:48.007 INFO: Epoch 248: loss=0.6307, RMSE_E_per_atom=57.0 meV, RMSE_F=79.2 meV / A, RMSE_Mu_per_atom=2.15 mDebye
2023-12-07 10:53:54.923 INFO: Epoch 250: loss=0.6285, RMSE_E_per_atom=56.7 meV, RMSE_F=79.0 meV / A, RMSE_Mu_per_atom=2.12 mDebye
2023-12-07 10:54:00.304 INFO: Epoch 252: loss=0.7324, RMSE_E_per_atom=48.0 meV, RMSE_F=85.4 meV / A, RMSE_Mu_per_atom=2.06 mDebye
2023-12-07 10:54:08.318 INFO: Epoch 254: loss=0.4508, RMSE_E_per_atom=54.7 meV, RMSE_F=66.9 meV / A, RMSE_Mu_per_atom=2.24 mDebye
2023-12-07 10:54:16.018 INFO: Epoch 256: loss=0.7473, RMSE_E_per_atom=50.0 meV, RMSE_F=86.3 meV / A, RMSE_Mu_per_atom=2.20 mDebye
2023-12-07 10:54:23.191 INFO: Epoch 258: loss=0.4314, RMSE_E_per_atom=50.2 meV, RMSE_F=65.5 meV / A, RMSE_Mu_per_atom=2.13 mDebye
2023-12-07 10:54:31.754 INFO: Epoch 260: loss=0.4766, RMSE_E_per_atom=41.4 meV, RMSE_F=68.9 meV / A, RMSE_Mu_per_atom=2.00 mDebye
2023-12-07 10:54:39.455 INFO: Epoch 262: loss=0.8999, RMSE_E_per_atom=45.3 meV, RMSE_F=94.7 meV / A, RMSE_Mu_per_atom=2.12 mDebye
2023-12-07 10:54:48.519 INFO: Epoch 264: loss=0.5313, RMSE_E_per_atom=37.3 meV, RMSE_F=72.8 meV / A, RMSE_Mu_per_atom=2.27 mDebye
2023-12-07 10:54:57.586 INFO: Epoch 266: loss=0.4009, RMSE_E_per_atom=26.1 meV, RMSE_F=63.2 meV / A, RMSE_Mu_per_atom=2.13 mDebye
2023-12-07 10:55:06.235 INFO: Epoch 268: loss=1.0126, RMSE_E_per_atom=38.3 meV, RMSE_F=100.5 meV / A, RMSE_Mu_per_atom=2.25 mDebye
2023-12-07 10:55:14.430 INFO: Epoch 270: loss=1.0666, RMSE_E_per_atom=24.2 meV, RMSE_F=103.2 meV / A, RMSE_Mu_per_atom=1.99 mDebye
2023-12-07 10:55:22.377 INFO: Epoch 272: loss=0.5729, RMSE_E_per_atom=40.6 meV, RMSE_F=75.6 meV / A, RMSE_Mu_per_atom=2.00 mDebye
2023-12-07 10:55:30.550 INFO: Epoch 274: loss=0.2972, RMSE_E_per_atom=31.6 meV, RMSE_F=54.4 meV / A, RMSE_Mu_per_atom=2.12 mDebye
2023-12-07 10:55:43.313 INFO: Epoch 276: loss=0.9674, RMSE_E_per_atom=37.9 meV, RMSE_F=98.3 meV / A, RMSE_Mu_per_atom=2.06 mDebye
2023-12-07 10:55:51.102 INFO: Epoch 278: loss=0.3367, RMSE_E_per_atom=27.9 meV, RMSE_F=57.9 meV / A, RMSE_Mu_per_atom=2.05 mDebye
2023-12-07 10:55:58.695 INFO: Epoch 280: loss=0.6291, RMSE_E_per_atom=33.4 meV, RMSE_F=79.2 meV / A, RMSE_Mu_per_atom=2.15 mDebye
2023-12-07 10:56:06.062 INFO: Epoch 282: loss=0.6820, RMSE_E_per_atom=33.7 meV, RMSE_F=82.5 meV / A, RMSE_Mu_per_atom=2.05 mDebye
2023-12-07 10:56:11.649 INFO: Epoch 284: loss=0.3223, RMSE_E_per_atom=22.6 meV, RMSE_F=56.7 meV / A, RMSE_Mu_per_atom=1.91 mDebye
2023-12-07 10:56:18.194 INFO: Epoch 286: loss=0.5265, RMSE_E_per_atom=39.1 meV, RMSE_F=72.4 meV / A, RMSE_Mu_per_atom=2.12 mDebye
2023-12-07 10:56:23.947 INFO: Epoch 288: loss=0.4864, RMSE_E_per_atom=40.2 meV, RMSE_F=69.5 meV / A, RMSE_Mu_per_atom=3.24 mDebye
2023-12-07 10:56:31.004 INFO: Epoch 290: loss=1.2130, RMSE_E_per_atom=46.0 meV, RMSE_F=110.0 meV / A, RMSE_Mu_per_atom=2.52 mDebye
2023-12-07 10:56:38.074 INFO: Epoch 292: loss=0.6093, RMSE_E_per_atom=37.5 meV, RMSE_F=77.9 meV / A, RMSE_Mu_per_atom=2.25 mDebye
2023-12-07 10:56:45.333 INFO: Epoch 294: loss=1.0345, RMSE_E_per_atom=40.4 meV, RMSE_F=101.6 meV / A, RMSE_Mu_per_atom=1.84 mDebye
2023-12-07 10:56:51.340 INFO: Epoch 296: loss=0.3955, RMSE_E_per_atom=43.6 meV, RMSE_F=62.7 meV / A, RMSE_Mu_per_atom=2.26 mDebye
2023-12-07 10:56:59.603 INFO: Epoch 298: loss=0.5942, RMSE_E_per_atom=27.8 meV, RMSE_F=77.0 meV / A, RMSE_Mu_per_atom=1.79 mDebye
2023-12-07 10:57:07.945 INFO: Epoch 300: loss=0.5839, RMSE_E_per_atom=40.5 meV, RMSE_F=76.3 meV / A, RMSE_Mu_per_atom=2.05 mDebye
2023-12-07 10:57:15.132 INFO: Epoch 302: loss=0.4646, RMSE_E_per_atom=35.4 meV, RMSE_F=68.0 meV / A, RMSE_Mu_per_atom=2.31 mDebye
2023-12-07 10:57:23.795 INFO: Epoch 304: loss=0.8110, RMSE_E_per_atom=32.1 meV, RMSE_F=90.0 meV / A, RMSE_Mu_per_atom=2.04 mDebye
2023-12-07 10:57:31.653 INFO: Epoch 306: loss=0.7602, RMSE_E_per_atom=22.0 meV, RMSE_F=87.1 meV / A, RMSE_Mu_per_atom=2.19 mDebye
2023-12-07 10:57:38.738 INFO: Epoch 308: loss=0.6833, RMSE_E_per_atom=43.1 meV, RMSE_F=82.5 meV / A, RMSE_Mu_per_atom=1.83 mDebye
2023-12-07 10:57:46.689 INFO: Epoch 310: loss=0.9413, RMSE_E_per_atom=40.4 meV, RMSE_F=96.9 meV / A, RMSE_Mu_per_atom=2.71 mDebye
2023-12-07 10:57:54.269 INFO: Epoch 312: loss=0.7800, RMSE_E_per_atom=65.8 meV, RMSE_F=88.0 meV / A, RMSE_Mu_per_atom=2.04 mDebye
2023-12-07 10:58:02.011 INFO: Epoch 314: loss=2.7141, RMSE_E_per_atom=70.7 meV, RMSE_F=164.6 meV / A, RMSE_Mu_per_atom=1.75 mDebye
2023-12-07 10:58:10.435 INFO: Epoch 316: loss=3.7370, RMSE_E_per_atom=98.1 meV, RMSE_F=193.1 meV / A, RMSE_Mu_per_atom=2.09 mDebye
2023-12-07 10:58:17.799 INFO: Epoch 318: loss=2.4040, RMSE_E_per_atom=110.6 meV, RMSE_F=154.6 meV / A, RMSE_Mu_per_atom=1.81 mDebye
2023-12-07 10:58:27.834 INFO: Epoch 320: loss=0.9921, RMSE_E_per_atom=93.4 meV, RMSE_F=99.1 meV / A, RMSE_Mu_per_atom=2.25 mDebye
2023-12-07 10:58:37.753 INFO: Epoch 322: loss=1.2782, RMSE_E_per_atom=101.3 meV, RMSE_F=112.6 meV / A, RMSE_Mu_per_atom=2.19 mDebye
2023-12-07 10:58:44.539 INFO: Epoch 324: loss=0.8024, RMSE_E_per_atom=102.1 meV, RMSE_F=89.0 meV / A, RMSE_Mu_per_atom=2.59 mDebye
2023-12-07 10:58:50.741 INFO: Epoch 326: loss=0.6496, RMSE_E_per_atom=86.2 meV, RMSE_F=80.1 meV / A, RMSE_Mu_per_atom=1.94 mDebye
2023-12-07 10:58:55.787 INFO: Epoch 328: loss=0.4519, RMSE_E_per_atom=69.2 meV, RMSE_F=66.8 meV / A, RMSE_Mu_per_atom=1.83 mDebye
2023-12-07 10:59:02.556 INFO: Epoch 330: loss=0.5530, RMSE_E_per_atom=67.7 meV, RMSE_F=74.0 meV / A, RMSE_Mu_per_atom=1.87 mDebye
2023-12-07 10:59:06.469 INFO: Epoch 332: loss=0.4934, RMSE_E_per_atom=57.8 meV, RMSE_F=70.0 meV / A, RMSE_Mu_per_atom=1.77 mDebye
2023-12-07 10:59:11.481 INFO: Epoch 334: loss=0.4626, RMSE_E_per_atom=45.0 meV, RMSE_F=67.8 meV / A, RMSE_Mu_per_atom=1.69 mDebye
2023-12-07 10:59:17.162 INFO: Epoch 336: loss=0.5691, RMSE_E_per_atom=41.6 meV, RMSE_F=75.3 meV / A, RMSE_Mu_per_atom=1.72 mDebye
2023-12-07 10:59:24.137 INFO: Epoch 338: loss=0.5160, RMSE_E_per_atom=31.2 meV, RMSE_F=71.7 meV / A, RMSE_Mu_per_atom=1.87 mDebye
2023-12-07 10:59:30.173 INFO: Epoch 340: loss=0.4356, RMSE_E_per_atom=21.0 meV, RMSE_F=65.9 meV / A, RMSE_Mu_per_atom=1.71 mDebye
2023-12-07 10:59:35.861 INFO: Epoch 342: loss=0.6042, RMSE_E_per_atom=26.9 meV, RMSE_F=77.7 meV / A, RMSE_Mu_per_atom=1.79 mDebye
2023-12-07 10:59:43.986 INFO: Epoch 344: loss=0.4506, RMSE_E_per_atom=18.9 meV, RMSE_F=67.1 meV / A, RMSE_Mu_per_atom=1.70 mDebye
2023-12-07 10:59:51.986 INFO: Epoch 346: loss=0.6904, RMSE_E_per_atom=15.9 meV, RMSE_F=83.1 meV / A, RMSE_Mu_per_atom=1.99 mDebye
2023-12-07 10:59:58.948 INFO: Epoch 348: loss=0.9136, RMSE_E_per_atom=23.7 meV, RMSE_F=95.5 meV / A, RMSE_Mu_per_atom=1.74 mDebye
2023-12-07 11:00:07.433 INFO: Epoch 350: loss=0.6223, RMSE_E_per_atom=18.3 meV, RMSE_F=78.8 meV / A, RMSE_Mu_per_atom=1.73 mDebye
2023-12-07 11:00:14.638 INFO: Epoch 352: loss=0.7129, RMSE_E_per_atom=18.0 meV, RMSE_F=84.4 meV / A, RMSE_Mu_per_atom=1.77 mDebye
2023-12-07 11:00:21.166 INFO: Epoch 354: loss=0.6488, RMSE_E_per_atom=15.8 meV, RMSE_F=80.5 meV / A, RMSE_Mu_per_atom=1.72 mDebye
2023-12-07 11:00:28.754 INFO: Epoch 356: loss=0.4735, RMSE_E_per_atom=23.2 meV, RMSE_F=68.8 meV / A, RMSE_Mu_per_atom=1.78 mDebye
2023-12-07 11:00:35.877 INFO: Epoch 358: loss=1.0955, RMSE_E_per_atom=20.3 meV, RMSE_F=104.6 meV / A, RMSE_Mu_per_atom=1.73 mDebye
2023-12-07 11:00:42.454 INFO: Epoch 360: loss=0.5426, RMSE_E_per_atom=19.1 meV, RMSE_F=73.6 meV / A, RMSE_Mu_per_atom=1.68 mDebye
2023-12-07 11:00:50.929 INFO: Epoch 362: loss=0.7532, RMSE_E_per_atom=20.5 meV, RMSE_F=86.7 meV / A, RMSE_Mu_per_atom=1.89 mDebye
2023-12-07 11:00:58.780 INFO: Epoch 364: loss=0.6481, RMSE_E_per_atom=19.8 meV, RMSE_F=80.5 meV / A, RMSE_Mu_per_atom=1.72 mDebye
2023-12-07 11:01:07.911 INFO: Epoch 366: loss=0.5741, RMSE_E_per_atom=13.8 meV, RMSE_F=75.7 meV / A, RMSE_Mu_per_atom=1.78 mDebye
2023-12-07 11:01:15.276 INFO: Epoch 368: loss=0.5779, RMSE_E_per_atom=14.5 meV, RMSE_F=76.0 meV / A, RMSE_Mu_per_atom=1.76 mDebye
2023-12-07 11:01:23.098 INFO: Epoch 370: loss=0.7075, RMSE_E_per_atom=12.7 meV, RMSE_F=84.1 meV / A, RMSE_Mu_per_atom=1.74 mDebye
2023-12-07 11:01:30.704 INFO: Epoch 372: loss=0.7610, RMSE_E_per_atom=14.6 meV, RMSE_F=87.2 meV / A, RMSE_Mu_per_atom=1.57 mDebye
2023-12-07 11:01:39.661 INFO: Epoch 374: loss=0.6522, RMSE_E_per_atom=13.3 meV, RMSE_F=80.7 meV / A, RMSE_Mu_per_atom=1.56 mDebye
2023-12-07 11:01:47.027 INFO: Epoch 376: loss=0.7091, RMSE_E_per_atom=12.5 meV, RMSE_F=84.2 meV / A, RMSE_Mu_per_atom=1.63 mDebye
2023-12-07 11:01:54.368 INFO: Epoch 378: loss=0.5979, RMSE_E_per_atom=11.6 meV, RMSE_F=77.3 meV / A, RMSE_Mu_per_atom=1.68 mDebye
2023-12-07 11:01:59.799 INFO: Epoch 380: loss=0.7236, RMSE_E_per_atom=10.0 meV, RMSE_F=85.0 meV / A, RMSE_Mu_per_atom=1.72 mDebye
2023-12-07 11:02:06.590 INFO: Epoch 382: loss=0.6934, RMSE_E_per_atom=13.7 meV, RMSE_F=83.2 meV / A, RMSE_Mu_per_atom=1.62 mDebye
2023-12-07 11:02:13.625 INFO: Epoch 384: loss=0.5990, RMSE_E_per_atom=12.6 meV, RMSE_F=77.4 meV / A, RMSE_Mu_per_atom=1.66 mDebye
2023-12-07 11:02:19.940 INFO: Epoch 386: loss=0.6235, RMSE_E_per_atom=11.2 meV, RMSE_F=78.9 meV / A, RMSE_Mu_per_atom=1.55 mDebye
2023-12-07 11:02:30.504 INFO: Epoch 388: loss=0.6297, RMSE_E_per_atom=13.3 meV, RMSE_F=79.3 meV / A, RMSE_Mu_per_atom=1.64 mDebye
2023-12-07 11:02:36.779 INFO: Epoch 390: loss=0.6600, RMSE_E_per_atom=8.6 meV, RMSE_F=81.2 meV / A, RMSE_Mu_per_atom=1.55 mDebye
2023-12-07 11:02:43.036 INFO: Epoch 392: loss=0.6337, RMSE_E_per_atom=10.5 meV, RMSE_F=79.6 meV / A, RMSE_Mu_per_atom=1.58 mDebye
2023-12-07 11:02:50.615 INFO: Epoch 394: loss=0.4850, RMSE_E_per_atom=8.1 meV, RMSE_F=69.6 meV / A, RMSE_Mu_per_atom=1.65 mDebye
2023-12-07 11:02:58.712 INFO: Epoch 396: loss=0.7001, RMSE_E_per_atom=14.6 meV, RMSE_F=83.6 meV / A, RMSE_Mu_per_atom=1.60 mDebye
2023-12-07 11:03:07.688 INFO: Epoch 398: loss=0.5754, RMSE_E_per_atom=11.8 meV, RMSE_F=75.8 meV / A, RMSE_Mu_per_atom=1.63 mDebye
2023-12-07 11:03:14.254 INFO: Epoch 400: loss=0.9654, RMSE_E_per_atom=19.1 meV, RMSE_F=98.2 meV / A, RMSE_Mu_per_atom=1.67 mDebye
2023-12-07 11:03:19.464 INFO: Epoch 402: loss=0.7999, RMSE_E_per_atom=23.1 meV, RMSE_F=89.4 meV / A, RMSE_Mu_per_atom=1.67 mDebye
2023-12-07 11:03:26.279 INFO: Epoch 404: loss=0.6643, RMSE_E_per_atom=22.8 meV, RMSE_F=81.5 meV / A, RMSE_Mu_per_atom=1.61 mDebye
2023-12-07 11:03:32.399 INFO: Epoch 406: loss=0.8446, RMSE_E_per_atom=22.1 meV, RMSE_F=91.9 meV / A, RMSE_Mu_per_atom=1.40 mDebye
2023-12-07 11:03:37.942 INFO: Epoch 408: loss=0.6408, RMSE_E_per_atom=25.7 meV, RMSE_F=80.0 meV / A, RMSE_Mu_per_atom=1.70 mDebye
2023-12-07 11:03:45.507 INFO: Epoch 410: loss=0.5636, RMSE_E_per_atom=26.7 meV, RMSE_F=75.0 meV / A, RMSE_Mu_per_atom=1.52 mDebye
2023-12-07 11:03:52.205 INFO: Epoch 412: loss=0.8334, RMSE_E_per_atom=28.5 meV, RMSE_F=91.2 meV / A, RMSE_Mu_per_atom=1.50 mDebye
2023-12-07 11:03:59.112 INFO: Epoch 414: loss=0.7169, RMSE_E_per_atom=26.3 meV, RMSE_F=84.6 meV / A, RMSE_Mu_per_atom=1.61 mDebye
2023-12-07 11:04:07.916 INFO: Epoch 416: loss=0.7265, RMSE_E_per_atom=22.5 meV, RMSE_F=85.2 meV / A, RMSE_Mu_per_atom=1.54 mDebye
2023-12-07 11:04:14.457 INFO: Epoch 418: loss=1.2652, RMSE_E_per_atom=25.8 meV, RMSE_F=112.4 meV / A, RMSE_Mu_per_atom=1.68 mDebye
2023-12-07 11:04:22.638 INFO: Epoch 420: loss=0.7846, RMSE_E_per_atom=31.4 meV, RMSE_F=88.5 meV / A, RMSE_Mu_per_atom=1.80 mDebye
2023-12-07 11:04:30.846 INFO: Epoch 422: loss=0.8602, RMSE_E_per_atom=26.7 meV, RMSE_F=92.7 meV / A, RMSE_Mu_per_atom=1.75 mDebye
2023-12-07 11:04:39.009 INFO: Epoch 424: loss=0.5107, RMSE_E_per_atom=28.3 meV, RMSE_F=71.4 meV / A, RMSE_Mu_per_atom=1.55 mDebye
2023-12-07 11:04:47.233 INFO: Epoch 426: loss=0.4588, RMSE_E_per_atom=31.3 meV, RMSE_F=67.6 meV / A, RMSE_Mu_per_atom=1.67 mDebye
2023-12-07 11:04:54.430 INFO: Epoch 428: loss=0.5421, RMSE_E_per_atom=27.1 meV, RMSE_F=73.6 meV / A, RMSE_Mu_per_atom=1.55 mDebye
2023-12-07 11:05:03.269 INFO: Epoch 430: loss=0.4882, RMSE_E_per_atom=28.8 meV, RMSE_F=69.8 meV / A, RMSE_Mu_per_atom=1.66 mDebye
2023-12-07 11:05:10.451 INFO: Epoch 432: loss=0.5939, RMSE_E_per_atom=21.6 meV, RMSE_F=77.0 meV / A, RMSE_Mu_per_atom=1.54 mDebye
2023-12-07 11:05:18.198 INFO: Epoch 434: loss=0.7195, RMSE_E_per_atom=24.1 meV, RMSE_F=84.8 meV / A, RMSE_Mu_per_atom=1.60 mDebye
2023-12-07 11:05:26.260 INFO: Epoch 436: loss=0.6678, RMSE_E_per_atom=19.3 meV, RMSE_F=81.7 meV / A, RMSE_Mu_per_atom=1.57 mDebye
2023-12-07 11:05:35.040 INFO: Epoch 438: loss=0.5672, RMSE_E_per_atom=20.0 meV, RMSE_F=75.3 meV / A, RMSE_Mu_per_atom=1.59 mDebye
2023-12-07 11:05:44.225 INFO: Epoch 440: loss=0.5482, RMSE_E_per_atom=14.6 meV, RMSE_F=74.0 meV / A, RMSE_Mu_per_atom=1.61 mDebye
2023-12-07 11:05:49.472 INFO: Epoch 442: loss=0.7416, RMSE_E_per_atom=18.5 meV, RMSE_F=86.1 meV / A, RMSE_Mu_per_atom=1.53 mDebye
2023-12-07 11:05:54.359 INFO: Epoch 444: loss=0.5518, RMSE_E_per_atom=16.0 meV, RMSE_F=74.3 meV / A, RMSE_Mu_per_atom=1.55 mDebye
2023-12-07 11:05:59.638 INFO: Epoch 446: loss=0.7103, RMSE_E_per_atom=14.8 meV, RMSE_F=84.3 meV / A, RMSE_Mu_per_atom=1.55 mDebye
2023-12-07 11:06:05.241 INFO: Epoch 448: loss=0.6179, RMSE_E_per_atom=10.4 meV, RMSE_F=78.6 meV / A, RMSE_Mu_per_atom=1.57 mDebye
2023-12-07 11:06:11.205 INFO: Epoch 450: loss=0.7431, RMSE_E_per_atom=10.9 meV, RMSE_F=86.2 meV / A, RMSE_Mu_per_atom=1.54 mDebye
2023-12-07 11:06:16.786 INFO: Epoch 452: loss=0.5885, RMSE_E_per_atom=11.3 meV, RMSE_F=76.7 meV / A, RMSE_Mu_per_atom=1.58 mDebye
2023-12-07 11:06:23.772 INFO: Epoch 454: loss=0.7180, RMSE_E_per_atom=13.3 meV, RMSE_F=84.7 meV / A, RMSE_Mu_per_atom=1.50 mDebye
2023-12-07 11:06:31.436 INFO: Epoch 456: loss=0.5961, RMSE_E_per_atom=7.6 meV, RMSE_F=77.2 meV / A, RMSE_Mu_per_atom=1.51 mDebye
2023-12-07 11:06:38.862 INFO: Epoch 458: loss=0.6891, RMSE_E_per_atom=15.5 meV, RMSE_F=83.0 meV / A, RMSE_Mu_per_atom=1.60 mDebye
2023-12-07 11:06:45.868 INFO: Epoch 460: loss=0.5454, RMSE_E_per_atom=12.7 meV, RMSE_F=73.8 meV / A, RMSE_Mu_per_atom=1.49 mDebye
2023-12-07 11:06:53.464 INFO: Epoch 462: loss=0.6810, RMSE_E_per_atom=11.8 meV, RMSE_F=82.5 meV / A, RMSE_Mu_per_atom=1.55 mDebye
2023-12-07 11:07:02.096 INFO: Epoch 464: loss=0.6521, RMSE_E_per_atom=10.9 meV, RMSE_F=80.7 meV / A, RMSE_Mu_per_atom=1.55 mDebye
2023-12-07 11:07:10.244 INFO: Epoch 466: loss=0.6335, RMSE_E_per_atom=11.2 meV, RMSE_F=79.6 meV / A, RMSE_Mu_per_atom=1.58 mDebye
2023-12-07 11:07:18.123 INFO: Epoch 468: loss=0.7108, RMSE_E_per_atom=11.2 meV, RMSE_F=84.3 meV / A, RMSE_Mu_per_atom=1.53 mDebye
2023-12-07 11:07:26.456 INFO: Epoch 470: loss=0.6093, RMSE_E_per_atom=8.5 meV, RMSE_F=78.0 meV / A, RMSE_Mu_per_atom=1.45 mDebye
2023-12-07 11:07:35.703 INFO: Epoch 472: loss=0.6728, RMSE_E_per_atom=11.9 meV, RMSE_F=82.0 meV / A, RMSE_Mu_per_atom=1.60 mDebye
2023-12-07 11:07:43.644 INFO: Epoch 474: loss=0.8621, RMSE_E_per_atom=11.2 meV, RMSE_F=92.8 meV / A, RMSE_Mu_per_atom=1.51 mDebye
2023-12-07 11:07:52.784 INFO: Epoch 476: loss=0.6528, RMSE_E_per_atom=8.3 meV, RMSE_F=80.8 meV / A, RMSE_Mu_per_atom=1.46 mDebye
2023-12-07 11:08:01.953 INFO: Epoch 478: loss=0.6284, RMSE_E_per_atom=8.7 meV, RMSE_F=79.3 meV / A, RMSE_Mu_per_atom=1.49 mDebye
2023-12-07 11:08:10.490 INFO: Epoch 480: loss=0.7136, RMSE_E_per_atom=10.5 meV, RMSE_F=84.5 meV / A, RMSE_Mu_per_atom=1.57 mDebye
2023-12-07 11:08:17.619 INFO: Epoch 482: loss=0.7079, RMSE_E_per_atom=10.0 meV, RMSE_F=84.1 meV / A, RMSE_Mu_per_atom=1.56 mDebye
2023-12-07 11:08:25.984 INFO: Epoch 484: loss=0.7481, RMSE_E_per_atom=8.2 meV, RMSE_F=86.5 meV / A, RMSE_Mu_per_atom=1.64 mDebye
2023-12-07 11:08:34.874 INFO: Epoch 486: loss=0.6482, RMSE_E_per_atom=7.4 meV, RMSE_F=80.5 meV / A, RMSE_Mu_per_atom=1.53 mDebye
2023-12-07 11:08:41.845 INFO: Epoch 488: loss=0.6136, RMSE_E_per_atom=9.0 meV, RMSE_F=78.3 meV / A, RMSE_Mu_per_atom=1.52 mDebye
2023-12-07 11:08:47.095 INFO: Epoch 490: loss=0.7812, RMSE_E_per_atom=8.6 meV, RMSE_F=88.4 meV / A, RMSE_Mu_per_atom=1.56 mDebye
2023-12-07 11:08:55.754 INFO: Epoch 492: loss=0.6315, RMSE_E_per_atom=8.9 meV, RMSE_F=79.4 meV / A, RMSE_Mu_per_atom=1.44 mDebye
2023-12-07 11:09:01.358 INFO: Epoch 494: loss=0.6029, RMSE_E_per_atom=6.6 meV, RMSE_F=77.6 meV / A, RMSE_Mu_per_atom=1.48 mDebye
2023-12-07 11:09:07.553 INFO: Epoch 496: loss=0.7288, RMSE_E_per_atom=11.0 meV, RMSE_F=85.3 meV / A, RMSE_Mu_per_atom=1.44 mDebye
2023-12-07 11:09:12.693 INFO: Epoch 498: loss=0.8200, RMSE_E_per_atom=11.3 meV, RMSE_F=90.5 meV / A, RMSE_Mu_per_atom=1.54 mDebye
2023-12-07 11:09:18.813 INFO: Epoch 500: loss=0.8336, RMSE_E_per_atom=10.1 meV, RMSE_F=91.3 meV / A, RMSE_Mu_per_atom=1.65 mDebye
2023-12-07 11:09:25.347 INFO: Epoch 502: loss=0.4971, RMSE_E_per_atom=7.5 meV, RMSE_F=70.5 meV / A, RMSE_Mu_per_atom=1.57 mDebye
2023-12-07 11:09:32.366 INFO: Epoch 504: loss=0.7744, RMSE_E_per_atom=10.5 meV, RMSE_F=88.0 meV / A, RMSE_Mu_per_atom=1.47 mDebye
2023-12-07 11:09:41.878 INFO: Epoch 506: loss=0.7397, RMSE_E_per_atom=9.9 meV, RMSE_F=86.0 meV / A, RMSE_Mu_per_atom=1.56 mDebye
2023-12-07 11:09:49.759 INFO: Epoch 508: loss=0.7652, RMSE_E_per_atom=9.8 meV, RMSE_F=87.5 meV / A, RMSE_Mu_per_atom=1.44 mDebye
2023-12-07 11:09:56.100 INFO: Epoch 510: loss=0.7253, RMSE_E_per_atom=11.8 meV, RMSE_F=85.1 meV / A, RMSE_Mu_per_atom=1.51 mDebye
2023-12-07 11:10:01.450 INFO: Epoch 512: loss=0.6258, RMSE_E_per_atom=8.8 meV, RMSE_F=79.1 meV / A, RMSE_Mu_per_atom=1.52 mDebye
2023-12-07 11:10:07.289 INFO: Epoch 514: loss=0.6269, RMSE_E_per_atom=11.8 meV, RMSE_F=79.2 meV / A, RMSE_Mu_per_atom=1.53 mDebye
2023-12-07 11:10:12.854 INFO: Epoch 516: loss=0.8315, RMSE_E_per_atom=10.3 meV, RMSE_F=91.2 meV / A, RMSE_Mu_per_atom=1.38 mDebye
2023-12-07 11:10:17.855 INFO: Epoch 518: loss=0.6465, RMSE_E_per_atom=10.7 meV, RMSE_F=80.4 meV / A, RMSE_Mu_per_atom=1.58 mDebye
2023-12-07 11:10:23.301 INFO: Epoch 520: loss=0.6530, RMSE_E_per_atom=10.7 meV, RMSE_F=80.8 meV / A, RMSE_Mu_per_atom=1.54 mDebye
2023-12-07 11:10:30.136 INFO: Epoch 522: loss=0.5364, RMSE_E_per_atom=9.0 meV, RMSE_F=73.2 meV / A, RMSE_Mu_per_atom=1.54 mDebye
2023-12-07 11:10:38.718 INFO: Epoch 524: loss=0.8290, RMSE_E_per_atom=10.8 meV, RMSE_F=91.0 meV / A, RMSE_Mu_per_atom=1.51 mDebye
2023-12-07 11:10:44.698 INFO: Epoch 526: loss=0.6896, RMSE_E_per_atom=8.7 meV, RMSE_F=83.0 meV / A, RMSE_Mu_per_atom=1.57 mDebye
2023-12-07 11:10:51.925 INFO: Epoch 528: loss=0.7131, RMSE_E_per_atom=11.0 meV, RMSE_F=84.4 meV / A, RMSE_Mu_per_atom=1.50 mDebye
2023-12-07 11:10:59.317 INFO: Epoch 530: loss=0.8025, RMSE_E_per_atom=10.5 meV, RMSE_F=89.6 meV / A, RMSE_Mu_per_atom=1.55 mDebye
2023-12-07 11:11:07.133 INFO: Epoch 532: loss=0.6196, RMSE_E_per_atom=9.4 meV, RMSE_F=78.7 meV / A, RMSE_Mu_per_atom=1.55 mDebye
2023-12-07 11:11:14.850 INFO: Epoch 534: loss=0.7063, RMSE_E_per_atom=9.5 meV, RMSE_F=84.0 meV / A, RMSE_Mu_per_atom=1.46 mDebye
2023-12-07 11:11:22.497 INFO: Epoch 536: loss=0.7320, RMSE_E_per_atom=8.9 meV, RMSE_F=85.5 meV / A, RMSE_Mu_per_atom=1.46 mDebye
2023-12-07 11:11:29.760 INFO: Epoch 538: loss=0.7260, RMSE_E_per_atom=9.6 meV, RMSE_F=85.2 meV / A, RMSE_Mu_per_atom=1.49 mDebye
2023-12-07 11:11:37.493 INFO: Epoch 540: loss=0.7545, RMSE_E_per_atom=8.1 meV, RMSE_F=86.8 meV / A, RMSE_Mu_per_atom=1.45 mDebye
2023-12-07 11:11:46.139 INFO: Epoch 542: loss=0.7117, RMSE_E_per_atom=9.7 meV, RMSE_F=84.3 meV / A, RMSE_Mu_per_atom=1.49 mDebye
2023-12-07 11:11:56.622 INFO: Epoch 544: loss=0.7360, RMSE_E_per_atom=9.3 meV, RMSE_F=85.8 meV / A, RMSE_Mu_per_atom=1.51 mDebye
2023-12-07 11:12:07.451 INFO: Epoch 546: loss=0.6887, RMSE_E_per_atom=8.0 meV, RMSE_F=83.0 meV / A, RMSE_Mu_per_atom=1.53 mDebye
2023-12-07 11:12:16.807 INFO: Epoch 548: loss=0.6582, RMSE_E_per_atom=7.1 meV, RMSE_F=81.1 meV / A, RMSE_Mu_per_atom=1.51 mDebye
2023-12-07 11:12:25.155 INFO: Epoch 550: loss=0.6421, RMSE_E_per_atom=8.4 meV, RMSE_F=80.1 meV / A, RMSE_Mu_per_atom=1.44 mDebye
2023-12-07 11:12:33.985 INFO: Epoch 552: loss=0.7109, RMSE_E_per_atom=8.2 meV, RMSE_F=84.3 meV / A, RMSE_Mu_per_atom=1.51 mDebye
2023-12-07 11:12:42.449 INFO: Epoch 554: loss=0.7910, RMSE_E_per_atom=9.2 meV, RMSE_F=88.9 meV / A, RMSE_Mu_per_atom=1.45 mDebye
2023-12-07 11:12:51.614 INFO: Epoch 556: loss=0.7021, RMSE_E_per_atom=7.4 meV, RMSE_F=83.8 meV / A, RMSE_Mu_per_atom=1.48 mDebye
2023-12-07 11:13:00.555 INFO: Epoch 558: loss=0.8260, RMSE_E_per_atom=8.1 meV, RMSE_F=90.9 meV / A, RMSE_Mu_per_atom=1.47 mDebye
2023-12-07 11:13:06.363 INFO: Epoch 560: loss=0.7043, RMSE_E_per_atom=7.6 meV, RMSE_F=83.9 meV / A, RMSE_Mu_per_atom=1.39 mDebye
2023-12-07 11:13:11.464 INFO: Epoch 562: loss=0.7061, RMSE_E_per_atom=7.2 meV, RMSE_F=84.0 meV / A, RMSE_Mu_per_atom=1.50 mDebye
2023-12-07 11:13:16.186 INFO: Epoch 564: loss=0.6754, RMSE_E_per_atom=8.8 meV, RMSE_F=82.2 meV / A, RMSE_Mu_per_atom=1.49 mDebye
2023-12-07 11:13:20.809 INFO: Epoch 566: loss=0.7150, RMSE_E_per_atom=7.3 meV, RMSE_F=84.5 meV / A, RMSE_Mu_per_atom=1.40 mDebye
2023-12-07 11:13:25.537 INFO: Epoch 568: loss=0.7373, RMSE_E_per_atom=7.8 meV, RMSE_F=85.9 meV / A, RMSE_Mu_per_atom=1.50 mDebye
2023-12-07 11:13:30.681 INFO: Epoch 570: loss=0.7034, RMSE_E_per_atom=7.6 meV, RMSE_F=83.9 meV / A, RMSE_Mu_per_atom=1.50 mDebye
2023-12-07 11:13:35.805 INFO: Epoch 572: loss=0.7016, RMSE_E_per_atom=7.2 meV, RMSE_F=83.7 meV / A, RMSE_Mu_per_atom=1.42 mDebye
2023-12-07 11:13:44.959 INFO: Epoch 574: loss=0.6807, RMSE_E_per_atom=8.0 meV, RMSE_F=82.5 meV / A, RMSE_Mu_per_atom=1.49 mDebye
2023-12-07 11:13:53.041 INFO: Epoch 576: loss=0.6554, RMSE_E_per_atom=7.4 meV, RMSE_F=80.9 meV / A, RMSE_Mu_per_atom=1.39 mDebye
2023-12-07 11:13:59.357 INFO: Epoch 578: loss=0.8280, RMSE_E_per_atom=9.0 meV, RMSE_F=91.0 meV / A, RMSE_Mu_per_atom=1.44 mDebye
2023-12-07 11:14:05.037 INFO: Epoch 580: loss=0.8418, RMSE_E_per_atom=7.5 meV, RMSE_F=91.7 meV / A, RMSE_Mu_per_atom=1.47 mDebye
2023-12-07 11:14:12.047 INFO: Epoch 582: loss=0.6935, RMSE_E_per_atom=8.0 meV, RMSE_F=83.3 meV / A, RMSE_Mu_per_atom=1.47 mDebye
2023-12-07 11:14:18.368 INFO: Epoch 584: loss=0.7272, RMSE_E_per_atom=7.5 meV, RMSE_F=85.3 meV / A, RMSE_Mu_per_atom=1.47 mDebye
2023-12-07 11:14:24.616 INFO: Epoch 586: loss=0.7344, RMSE_E_per_atom=7.6 meV, RMSE_F=85.7 meV / A, RMSE_Mu_per_atom=1.41 mDebye
2023-12-07 11:14:30.283 INFO: Epoch 588: loss=0.7101, RMSE_E_per_atom=8.0 meV, RMSE_F=84.2 meV / A, RMSE_Mu_per_atom=1.42 mDebye
2023-12-07 11:14:36.513 INFO: Epoch 590: loss=0.6910, RMSE_E_per_atom=7.2 meV, RMSE_F=83.1 meV / A, RMSE_Mu_per_atom=1.40 mDebye
2023-12-07 11:14:45.217 INFO: Epoch 592: loss=0.6748, RMSE_E_per_atom=7.5 meV, RMSE_F=82.1 meV / A, RMSE_Mu_per_atom=1.48 mDebye
2023-12-07 11:14:53.923 INFO: Epoch 594: loss=0.7140, RMSE_E_per_atom=7.2 meV, RMSE_F=84.5 meV / A, RMSE_Mu_per_atom=1.44 mDebye
2023-12-07 11:14:58.871 INFO: Epoch 596: loss=0.6901, RMSE_E_per_atom=7.4 meV, RMSE_F=83.1 meV / A, RMSE_Mu_per_atom=1.41 mDebye
2023-12-07 11:15:04.065 INFO: Epoch 598: loss=0.7145, RMSE_E_per_atom=7.0 meV, RMSE_F=84.5 meV / A, RMSE_Mu_per_atom=1.43 mDebye
2023-12-07 11:15:10.830 INFO: Epoch 600: loss=0.7369, RMSE_E_per_atom=7.2 meV, RMSE_F=85.8 meV / A, RMSE_Mu_per_atom=1.40 mDebye
2023-12-07 11:15:15.707 INFO: Epoch 602: loss=0.7259, RMSE_E_per_atom=6.8 meV, RMSE_F=85.2 meV / A, RMSE_Mu_per_atom=1.41 mDebye
2023-12-07 11:15:22.823 INFO: Epoch 604: loss=0.7177, RMSE_E_per_atom=7.6 meV, RMSE_F=84.7 meV / A, RMSE_Mu_per_atom=1.43 mDebye
2023-12-07 11:15:26.444 INFO: Epoch 606: loss=0.7146, RMSE_E_per_atom=7.7 meV, RMSE_F=84.5 meV / A, RMSE_Mu_per_atom=1.43 mDebye
2023-12-07 11:15:34.274 INFO: Epoch 608: loss=0.7498, RMSE_E_per_atom=7.5 meV, RMSE_F=86.6 meV / A, RMSE_Mu_per_atom=1.42 mDebye
2023-12-07 11:15:41.554 INFO: Epoch 610: loss=0.7378, RMSE_E_per_atom=7.5 meV, RMSE_F=85.9 meV / A, RMSE_Mu_per_atom=1.43 mDebye
2023-12-07 11:15:49.363 INFO: Epoch 612: loss=0.7786, RMSE_E_per_atom=7.3 meV, RMSE_F=88.2 meV / A, RMSE_Mu_per_atom=1.44 mDebye
2023-12-07 11:15:55.307 INFO: Epoch 614: loss=0.7447, RMSE_E_per_atom=7.8 meV, RMSE_F=86.3 meV / A, RMSE_Mu_per_atom=1.41 mDebye
2023-12-07 11:16:02.046 INFO: Epoch 616: loss=0.7253, RMSE_E_per_atom=7.1 meV, RMSE_F=85.1 meV / A, RMSE_Mu_per_atom=1.41 mDebye
2023-12-07 11:16:09.037 INFO: Epoch 618: loss=0.7000, RMSE_E_per_atom=7.5 meV, RMSE_F=83.7 meV / A, RMSE_Mu_per_atom=1.40 mDebye
2023-12-07 11:16:14.243 INFO: Epoch 620: loss=0.6851, RMSE_E_per_atom=7.6 meV, RMSE_F=82.8 meV / A, RMSE_Mu_per_atom=1.40 mDebye
2023-12-07 11:16:21.031 INFO: Epoch 622: loss=0.8199, RMSE_E_per_atom=8.1 meV, RMSE_F=90.5 meV / A, RMSE_Mu_per_atom=1.40 mDebye
2023-12-07 11:16:25.127 INFO: Epoch 624: loss=0.7157, RMSE_E_per_atom=7.4 meV, RMSE_F=84.6 meV / A, RMSE_Mu_per_atom=1.44 mDebye
2023-12-07 11:16:31.711 INFO: Epoch 626: loss=0.7615, RMSE_E_per_atom=7.5 meV, RMSE_F=87.2 meV / A, RMSE_Mu_per_atom=1.44 mDebye
2023-12-07 11:16:38.734 INFO: Epoch 628: loss=0.7328, RMSE_E_per_atom=7.4 meV, RMSE_F=85.6 meV / A, RMSE_Mu_per_atom=1.42 mDebye
2023-12-07 11:16:46.927 INFO: Epoch 630: loss=0.6865, RMSE_E_per_atom=6.4 meV, RMSE_F=82.8 meV / A, RMSE_Mu_per_atom=1.39 mDebye
2023-12-07 11:16:53.023 INFO: Epoch 632: loss=0.7070, RMSE_E_per_atom=7.1 meV, RMSE_F=84.1 meV / A, RMSE_Mu_per_atom=1.40 mDebye
2023-12-07 11:16:57.260 INFO: Epoch 634: loss=0.7764, RMSE_E_per_atom=7.0 meV, RMSE_F=88.1 meV / A, RMSE_Mu_per_atom=1.41 mDebye
2023-12-07 11:17:03.641 INFO: Epoch 636: loss=0.6848, RMSE_E_per_atom=7.5 meV, RMSE_F=82.7 meV / A, RMSE_Mu_per_atom=1.40 mDebye
2023-12-07 11:17:08.377 INFO: Epoch 638: loss=0.7454, RMSE_E_per_atom=7.6 meV, RMSE_F=86.3 meV / A, RMSE_Mu_per_atom=1.42 mDebye
2023-12-07 11:17:15.893 INFO: Epoch 640: loss=0.7565, RMSE_E_per_atom=7.4 meV, RMSE_F=87.0 meV / A, RMSE_Mu_per_atom=1.43 mDebye
2023-12-07 11:17:21.114 INFO: Epoch 642: loss=0.6896, RMSE_E_per_atom=7.2 meV, RMSE_F=83.0 meV / A, RMSE_Mu_per_atom=1.44 mDebye
2023-12-07 11:17:27.934 INFO: Epoch 644: loss=0.6745, RMSE_E_per_atom=6.8 meV, RMSE_F=82.1 meV / A, RMSE_Mu_per_atom=1.44 mDebye
2023-12-07 11:17:34.316 INFO: Epoch 646: loss=0.7209, RMSE_E_per_atom=6.5 meV, RMSE_F=84.9 meV / A, RMSE_Mu_per_atom=1.43 mDebye
2023-12-07 11:17:41.548 INFO: Epoch 648: loss=0.7456, RMSE_E_per_atom=7.2 meV, RMSE_F=86.3 meV / A, RMSE_Mu_per_atom=1.44 mDebye
2023-12-07 11:17:47.928 INFO: Epoch 650: loss=0.6962, RMSE_E_per_atom=7.0 meV, RMSE_F=83.4 meV / A, RMSE_Mu_per_atom=1.44 mDebye
2023-12-07 11:17:54.344 INFO: Epoch 652: loss=0.7397, RMSE_E_per_atom=7.2 meV, RMSE_F=86.0 meV / A, RMSE_Mu_per_atom=1.42 mDebye
2023-12-07 11:17:59.135 INFO: Epoch 654: loss=0.7154, RMSE_E_per_atom=6.9 meV, RMSE_F=84.6 meV / A, RMSE_Mu_per_atom=1.41 mDebye
2023-12-07 11:18:06.622 INFO: Epoch 656: loss=0.7201, RMSE_E_per_atom=6.8 meV, RMSE_F=84.8 meV / A, RMSE_Mu_per_atom=1.43 mDebye
2023-12-07 11:18:13.249 INFO: Epoch 658: loss=0.7053, RMSE_E_per_atom=6.5 meV, RMSE_F=84.0 meV / A, RMSE_Mu_per_atom=1.43 mDebye
2023-12-07 11:18:18.045 INFO: Epoch 660: loss=0.7089, RMSE_E_per_atom=6.8 meV, RMSE_F=84.2 meV / A, RMSE_Mu_per_atom=1.42 mDebye
2023-12-07 11:18:24.467 INFO: Epoch 662: loss=0.7311, RMSE_E_per_atom=6.9 meV, RMSE_F=85.5 meV / A, RMSE_Mu_per_atom=1.42 mDebye
2023-12-07 11:18:31.077 INFO: Epoch 664: loss=0.7061, RMSE_E_per_atom=6.7 meV, RMSE_F=84.0 meV / A, RMSE_Mu_per_atom=1.42 mDebye
2023-12-07 11:18:37.353 INFO: Epoch 666: loss=0.7440, RMSE_E_per_atom=7.0 meV, RMSE_F=86.2 meV / A, RMSE_Mu_per_atom=1.43 mDebye
2023-12-07 11:18:44.500 INFO: Epoch 668: loss=0.7289, RMSE_E_per_atom=6.6 meV, RMSE_F=85.4 meV / A, RMSE_Mu_per_atom=1.43 mDebye
2023-12-07 11:18:52.863 INFO: Epoch 670: loss=0.7545, RMSE_E_per_atom=6.8 meV, RMSE_F=86.8 meV / A, RMSE_Mu_per_atom=1.44 mDebye
2023-12-07 11:18:59.922 INFO: Epoch 672: loss=0.7228, RMSE_E_per_atom=6.4 meV, RMSE_F=85.0 meV / A, RMSE_Mu_per_atom=1.42 mDebye
2023-12-07 11:19:09.213 INFO: Epoch 674: loss=0.7361, RMSE_E_per_atom=7.2 meV, RMSE_F=85.8 meV / A, RMSE_Mu_per_atom=1.45 mDebye
2023-12-07 11:19:16.763 INFO: Epoch 676: loss=0.7701, RMSE_E_per_atom=6.5 meV, RMSE_F=87.7 meV / A, RMSE_Mu_per_atom=1.45 mDebye
2023-12-07 11:19:23.902 INFO: Epoch 678: loss=0.7476, RMSE_E_per_atom=7.4 meV, RMSE_F=86.4 meV / A, RMSE_Mu_per_atom=1.44 mDebye
2023-12-07 11:19:32.014 INFO: Epoch 680: loss=0.7549, RMSE_E_per_atom=6.8 meV, RMSE_F=86.9 meV / A, RMSE_Mu_per_atom=1.40 mDebye
2023-12-07 11:19:41.124 INFO: Epoch 682: loss=0.7207, RMSE_E_per_atom=6.7 meV, RMSE_F=84.9 meV / A, RMSE_Mu_per_atom=1.42 mDebye
2023-12-07 11:19:46.530 INFO: Epoch 684: loss=0.7229, RMSE_E_per_atom=7.2 meV, RMSE_F=85.0 meV / A, RMSE_Mu_per_atom=1.42 mDebye
2023-12-07 11:19:51.546 INFO: Epoch 686: loss=0.7246, RMSE_E_per_atom=6.4 meV, RMSE_F=85.1 meV / A, RMSE_Mu_per_atom=1.43 mDebye
2023-12-07 11:19:56.405 INFO: Epoch 688: loss=0.7254, RMSE_E_per_atom=7.0 meV, RMSE_F=85.2 meV / A, RMSE_Mu_per_atom=1.44 mDebye
2023-12-07 11:20:02.510 INFO: Epoch 690: loss=0.7524, RMSE_E_per_atom=6.6 meV, RMSE_F=86.7 meV / A, RMSE_Mu_per_atom=1.42 mDebye
2023-12-07 11:20:08.005 INFO: Epoch 692: loss=0.7407, RMSE_E_per_atom=6.8 meV, RMSE_F=86.0 meV / A, RMSE_Mu_per_atom=1.42 mDebye
2023-12-07 11:20:13.308 INFO: Epoch 694: loss=0.7943, RMSE_E_per_atom=7.0 meV, RMSE_F=89.1 meV / A, RMSE_Mu_per_atom=1.42 mDebye
2023-12-07 11:20:19.042 INFO: Epoch 696: loss=0.7530, RMSE_E_per_atom=6.8 meV, RMSE_F=86.8 meV / A, RMSE_Mu_per_atom=1.41 mDebye
2023-12-07 11:20:24.942 INFO: Epoch 698: loss=0.7590, RMSE_E_per_atom=7.0 meV, RMSE_F=87.1 meV / A, RMSE_Mu_per_atom=1.41 mDebye
2023-12-07 11:20:29.500 INFO: Epoch 700: loss=0.7364, RMSE_E_per_atom=6.1 meV, RMSE_F=85.8 meV / A, RMSE_Mu_per_atom=1.42 mDebye
2023-12-07 11:20:38.023 INFO: Epoch 702: loss=0.6992, RMSE_E_per_atom=6.5 meV, RMSE_F=83.6 meV / A, RMSE_Mu_per_atom=1.41 mDebye
2023-12-07 11:20:45.217 INFO: Epoch 704: loss=0.7395, RMSE_E_per_atom=6.3 meV, RMSE_F=86.0 meV / A, RMSE_Mu_per_atom=1.41 mDebye
2023-12-07 11:20:53.152 INFO: Epoch 706: loss=0.7077, RMSE_E_per_atom=6.4 meV, RMSE_F=84.1 meV / A, RMSE_Mu_per_atom=1.43 mDebye
2023-12-07 11:20:59.809 INFO: Epoch 708: loss=0.7764, RMSE_E_per_atom=6.8 meV, RMSE_F=88.1 meV / A, RMSE_Mu_per_atom=1.46 mDebye
2023-12-07 11:21:03.762 INFO: Epoch 710: loss=0.7632, RMSE_E_per_atom=7.0 meV, RMSE_F=87.3 meV / A, RMSE_Mu_per_atom=1.44 mDebye
2023-12-07 11:21:11.140 INFO: Epoch 712: loss=0.7583, RMSE_E_per_atom=6.7 meV, RMSE_F=87.1 meV / A, RMSE_Mu_per_atom=1.43 mDebye
2023-12-07 11:21:18.034 INFO: Epoch 714: loss=0.7622, RMSE_E_per_atom=6.6 meV, RMSE_F=87.3 meV / A, RMSE_Mu_per_atom=1.45 mDebye
2023-12-07 11:21:22.713 INFO: Epoch 716: loss=0.8052, RMSE_E_per_atom=6.7 meV, RMSE_F=89.7 meV / A, RMSE_Mu_per_atom=1.43 mDebye
2023-12-07 11:21:28.917 INFO: Epoch 718: loss=0.7753, RMSE_E_per_atom=7.2 meV, RMSE_F=88.0 meV / A, RMSE_Mu_per_atom=1.43 mDebye
2023-12-07 11:21:35.442 INFO: Epoch 720: loss=0.7638, RMSE_E_per_atom=7.0 meV, RMSE_F=87.4 meV / A, RMSE_Mu_per_atom=1.40 mDebye
2023-12-07 11:21:41.955 INFO: Epoch 722: loss=0.7564, RMSE_E_per_atom=6.8 meV, RMSE_F=87.0 meV / A, RMSE_Mu_per_atom=1.42 mDebye
2023-12-07 11:21:49.673 INFO: Epoch 724: loss=0.7648, RMSE_E_per_atom=6.9 meV, RMSE_F=87.4 meV / A, RMSE_Mu_per_atom=1.42 mDebye
2023-12-07 11:21:56.881 INFO: Epoch 726: loss=0.7205, RMSE_E_per_atom=6.8 meV, RMSE_F=84.9 meV / A, RMSE_Mu_per_atom=1.43 mDebye
2023-12-07 11:22:03.526 INFO: Epoch 728: loss=0.7319, RMSE_E_per_atom=6.4 meV, RMSE_F=85.5 meV / A, RMSE_Mu_per_atom=1.44 mDebye
2023-12-07 11:22:08.440 INFO: Epoch 730: loss=0.7517, RMSE_E_per_atom=6.6 meV, RMSE_F=86.7 meV / A, RMSE_Mu_per_atom=1.43 mDebye
2023-12-07 11:22:13.811 INFO: Epoch 732: loss=0.8182, RMSE_E_per_atom=6.8 meV, RMSE_F=90.4 meV / A, RMSE_Mu_per_atom=1.43 mDebye
2023-12-07 11:22:18.212 INFO: Epoch 734: loss=0.7837, RMSE_E_per_atom=6.7 meV, RMSE_F=88.5 meV / A, RMSE_Mu_per_atom=1.44 mDebye
2023-12-07 11:22:22.783 INFO: Epoch 736: loss=0.7146, RMSE_E_per_atom=6.6 meV, RMSE_F=84.5 meV / A, RMSE_Mu_per_atom=1.44 mDebye
2023-12-07 11:22:26.942 INFO: Epoch 738: loss=0.7590, RMSE_E_per_atom=6.7 meV, RMSE_F=87.1 meV / A, RMSE_Mu_per_atom=1.45 mDebye
2023-12-07 11:22:30.714 INFO: Epoch 740: loss=0.7447, RMSE_E_per_atom=6.7 meV, RMSE_F=86.3 meV / A, RMSE_Mu_per_atom=1.47 mDebye
2023-12-07 11:22:34.515 INFO: Epoch 742: loss=0.7632, RMSE_E_per_atom=6.6 meV, RMSE_F=87.3 meV / A, RMSE_Mu_per_atom=1.46 mDebye
2023-12-07 11:22:40.309 INFO: Epoch 744: loss=0.7509, RMSE_E_per_atom=6.9 meV, RMSE_F=86.6 meV / A, RMSE_Mu_per_atom=1.45 mDebye
2023-12-07 11:22:44.429 INFO: Epoch 746: loss=0.7672, RMSE_E_per_atom=6.6 meV, RMSE_F=87.6 meV / A, RMSE_Mu_per_atom=1.45 mDebye
2023-12-07 11:22:48.961 INFO: Epoch 748: loss=0.7469, RMSE_E_per_atom=6.6 meV, RMSE_F=86.4 meV / A, RMSE_Mu_per_atom=1.47 mDebye
2023-12-07 11:22:55.419 INFO: Epoch 750: loss=0.7778, RMSE_E_per_atom=6.6 meV, RMSE_F=88.2 meV / A, RMSE_Mu_per_atom=1.47 mDebye
2023-12-07 11:23:00.940 INFO: Epoch 752: loss=0.7557, RMSE_E_per_atom=6.6 meV, RMSE_F=86.9 meV / A, RMSE_Mu_per_atom=1.47 mDebye
2023-12-07 11:23:05.796 INFO: Epoch 754: loss=0.7826, RMSE_E_per_atom=6.6 meV, RMSE_F=88.4 meV / A, RMSE_Mu_per_atom=1.45 mDebye
2023-12-07 11:23:11.759 INFO: Epoch 756: loss=0.7779, RMSE_E_per_atom=6.7 meV, RMSE_F=88.2 meV / A, RMSE_Mu_per_atom=1.44 mDebye
2023-12-07 11:23:17.184 INFO: Epoch 758: loss=0.7608, RMSE_E_per_atom=6.5 meV, RMSE_F=87.2 meV / A, RMSE_Mu_per_atom=1.46 mDebye
2023-12-07 11:23:21.299 INFO: Epoch 760: loss=0.7549, RMSE_E_per_atom=6.6 meV, RMSE_F=86.9 meV / A, RMSE_Mu_per_atom=1.45 mDebye
2023-12-07 11:23:25.689 INFO: Epoch 762: loss=0.7859, RMSE_E_per_atom=6.7 meV, RMSE_F=88.6 meV / A, RMSE_Mu_per_atom=1.45 mDebye
2023-12-07 11:23:30.683 INFO: Epoch 764: loss=0.7728, RMSE_E_per_atom=6.5 meV, RMSE_F=87.9 meV / A, RMSE_Mu_per_atom=1.44 mDebye
2023-12-07 11:23:35.306 INFO: Epoch 766: loss=0.7627, RMSE_E_per_atom=6.5 meV, RMSE_F=87.3 meV / A, RMSE_Mu_per_atom=1.46 mDebye
2023-12-07 11:23:41.772 INFO: Epoch 768: loss=0.7801, RMSE_E_per_atom=6.8 meV, RMSE_F=88.3 meV / A, RMSE_Mu_per_atom=1.45 mDebye
2023-12-07 11:23:48.909 INFO: Epoch 770: loss=0.7531, RMSE_E_per_atom=6.6 meV, RMSE_F=86.8 meV / A, RMSE_Mu_per_atom=1.46 mDebye
2023-12-07 11:23:54.967 INFO: Epoch 772: loss=0.7546, RMSE_E_per_atom=6.5 meV, RMSE_F=86.9 meV / A, RMSE_Mu_per_atom=1.47 mDebye
2023-12-07 11:24:01.302 INFO: Epoch 774: loss=0.7761, RMSE_E_per_atom=6.2 meV, RMSE_F=88.1 meV / A, RMSE_Mu_per_atom=1.47 mDebye
2023-12-07 11:24:05.887 INFO: Epoch 776: loss=0.7716, RMSE_E_per_atom=6.6 meV, RMSE_F=87.8 meV / A, RMSE_Mu_per_atom=1.46 mDebye
2023-12-07 11:24:11.611 INFO: Epoch 778: loss=0.7535, RMSE_E_per_atom=6.5 meV, RMSE_F=86.8 meV / A, RMSE_Mu_per_atom=1.45 mDebye
2023-12-07 11:24:17.785 INFO: Epoch 780: loss=0.7594, RMSE_E_per_atom=6.6 meV, RMSE_F=87.1 meV / A, RMSE_Mu_per_atom=1.45 mDebye
2023-12-07 11:24:23.022 INFO: Epoch 782: loss=0.7511, RMSE_E_per_atom=6.6 meV, RMSE_F=86.6 meV / A, RMSE_Mu_per_atom=1.46 mDebye
2023-12-07 11:24:27.310 INFO: Epoch 784: loss=0.7590, RMSE_E_per_atom=6.6 meV, RMSE_F=87.1 meV / A, RMSE_Mu_per_atom=1.45 mDebye
2023-12-07 11:24:31.312 INFO: Epoch 786: loss=0.7637, RMSE_E_per_atom=6.6 meV, RMSE_F=87.4 meV / A, RMSE_Mu_per_atom=1.46 mDebye
2023-12-07 11:24:36.154 INFO: Epoch 788: loss=0.7556, RMSE_E_per_atom=6.5 meV, RMSE_F=86.9 meV / A, RMSE_Mu_per_atom=1.47 mDebye
2023-12-07 11:24:42.756 INFO: Epoch 790: loss=0.7582, RMSE_E_per_atom=6.5 meV, RMSE_F=87.1 meV / A, RMSE_Mu_per_atom=1.47 mDebye
2023-12-07 11:24:47.638 INFO: Epoch 792: loss=0.7687, RMSE_E_per_atom=6.7 meV, RMSE_F=87.7 meV / A, RMSE_Mu_per_atom=1.47 mDebye
2023-12-07 11:24:54.820 INFO: Epoch 794: loss=0.7674, RMSE_E_per_atom=6.5 meV, RMSE_F=87.6 meV / A, RMSE_Mu_per_atom=1.47 mDebye
2023-12-07 11:25:02.309 INFO: Epoch 796: loss=0.7476, RMSE_E_per_atom=6.8 meV, RMSE_F=86.5 meV / A, RMSE_Mu_per_atom=1.46 mDebye
2023-12-07 11:25:08.333 INFO: Epoch 798: loss=0.7942, RMSE_E_per_atom=6.6 meV, RMSE_F=89.1 meV / A, RMSE_Mu_per_atom=1.47 mDebye
2023-12-07 11:25:11.110 INFO: Changing loss based on SWA
2023-12-07 11:25:14.469 INFO: Epoch 800: loss=0.8302, RMSE_E_per_atom=7.8 meV, RMSE_F=87.7 meV / A, RMSE_Mu_per_atom=1.48 mDebye
2023-12-07 11:25:21.281 INFO: Epoch 802: loss=0.8170, RMSE_E_per_atom=7.5 meV, RMSE_F=87.2 meV / A, RMSE_Mu_per_atom=1.48 mDebye
2023-12-07 11:25:29.744 INFO: Epoch 804: loss=0.8409, RMSE_E_per_atom=8.9 meV, RMSE_F=87.3 meV / A, RMSE_Mu_per_atom=1.48 mDebye
2023-12-07 11:25:35.946 INFO: Epoch 806: loss=0.8629, RMSE_E_per_atom=6.3 meV, RMSE_F=90.7 meV / A, RMSE_Mu_per_atom=1.47 mDebye
2023-12-07 11:25:42.657 INFO: Epoch 808: loss=0.7912, RMSE_E_per_atom=6.5 meV, RMSE_F=86.5 meV / A, RMSE_Mu_per_atom=1.46 mDebye
2023-12-07 11:25:50.001 INFO: Epoch 810: loss=0.8570, RMSE_E_per_atom=8.6 meV, RMSE_F=88.5 meV / A, RMSE_Mu_per_atom=1.46 mDebye
2023-12-07 11:25:54.755 INFO: Epoch 812: loss=0.8801, RMSE_E_per_atom=9.3 meV, RMSE_F=89.1 meV / A, RMSE_Mu_per_atom=1.46 mDebye
2023-12-07 11:26:00.214 INFO: Epoch 814: loss=0.8584, RMSE_E_per_atom=8.1 meV, RMSE_F=89.0 meV / A, RMSE_Mu_per_atom=1.47 mDebye
2023-12-07 11:26:04.893 INFO: Epoch 816: loss=0.8234, RMSE_E_per_atom=7.1 meV, RMSE_F=87.9 meV / A, RMSE_Mu_per_atom=1.45 mDebye
2023-12-07 11:26:09.870 INFO: Epoch 818: loss=0.8073, RMSE_E_per_atom=5.6 meV, RMSE_F=88.1 meV / A, RMSE_Mu_per_atom=1.45 mDebye
2023-12-07 11:26:14.298 INFO: Epoch 820: loss=0.7973, RMSE_E_per_atom=5.7 meV, RMSE_F=87.4 meV / A, RMSE_Mu_per_atom=1.45 mDebye
2023-12-07 11:26:20.057 INFO: Epoch 822: loss=0.7995, RMSE_E_per_atom=6.2 meV, RMSE_F=87.2 meV / A, RMSE_Mu_per_atom=1.47 mDebye
2023-12-07 11:26:26.274 INFO: Epoch 824: loss=0.8811, RMSE_E_per_atom=10.0 meV, RMSE_F=88.4 meV / A, RMSE_Mu_per_atom=1.49 mDebye
2023-12-07 11:26:31.516 INFO: Epoch 826: loss=0.8622, RMSE_E_per_atom=8.3 meV, RMSE_F=89.1 meV / A, RMSE_Mu_per_atom=1.49 mDebye
2023-12-07 11:26:36.946 INFO: Epoch 828: loss=0.8141, RMSE_E_per_atom=6.1 meV, RMSE_F=88.1 meV / A, RMSE_Mu_per_atom=1.47 mDebye
2023-12-07 11:26:43.686 INFO: Epoch 830: loss=0.8449, RMSE_E_per_atom=6.0 meV, RMSE_F=89.9 meV / A, RMSE_Mu_per_atom=1.48 mDebye
2023-12-07 11:26:47.927 INFO: Epoch 832: loss=0.8114, RMSE_E_per_atom=7.9 meV, RMSE_F=86.5 meV / A, RMSE_Mu_per_atom=1.48 mDebye
2023-12-07 11:26:53.290 INFO: Epoch 834: loss=0.8346, RMSE_E_per_atom=6.2 meV, RMSE_F=89.2 meV / A, RMSE_Mu_per_atom=1.47 mDebye
2023-12-07 11:26:57.430 INFO: Epoch 836: loss=0.8215, RMSE_E_per_atom=5.7 meV, RMSE_F=88.8 meV / A, RMSE_Mu_per_atom=1.47 mDebye
2023-12-07 11:27:02.501 INFO: Epoch 838: loss=0.8086, RMSE_E_per_atom=6.0 meV, RMSE_F=87.9 meV / A, RMSE_Mu_per_atom=1.46 mDebye
2023-12-07 11:27:07.342 INFO: Epoch 840: loss=0.9330, RMSE_E_per_atom=11.2 meV, RMSE_F=89.9 meV / A, RMSE_Mu_per_atom=1.50 mDebye
2023-12-07 11:27:12.041 INFO: Epoch 842: loss=0.8573, RMSE_E_per_atom=7.8 meV, RMSE_F=89.3 meV / A, RMSE_Mu_per_atom=1.48 mDebye
2023-12-07 11:27:18.260 INFO: Epoch 844: loss=0.8701, RMSE_E_per_atom=7.4 meV, RMSE_F=90.3 meV / A, RMSE_Mu_per_atom=1.50 mDebye
2023-12-07 11:27:22.925 INFO: Epoch 846: loss=0.8113, RMSE_E_per_atom=7.0 meV, RMSE_F=87.3 meV / A, RMSE_Mu_per_atom=1.48 mDebye
2023-12-07 11:27:29.119 INFO: Epoch 848: loss=0.8269, RMSE_E_per_atom=6.9 meV, RMSE_F=88.2 meV / A, RMSE_Mu_per_atom=1.49 mDebye
2023-12-07 11:27:33.417 INFO: Epoch 850: loss=0.8472, RMSE_E_per_atom=8.1 meV, RMSE_F=88.4 meV / A, RMSE_Mu_per_atom=1.50 mDebye
2023-12-07 11:27:38.683 INFO: Epoch 852: loss=0.8324, RMSE_E_per_atom=6.1 meV, RMSE_F=89.1 meV / A, RMSE_Mu_per_atom=1.50 mDebye
2023-12-07 11:27:44.334 INFO: Epoch 854: loss=0.8057, RMSE_E_per_atom=5.5 meV, RMSE_F=88.1 meV / A, RMSE_Mu_per_atom=1.50 mDebye
2023-12-07 11:27:49.073 INFO: Epoch 856: loss=0.8414, RMSE_E_per_atom=6.8 meV, RMSE_F=89.2 meV / A, RMSE_Mu_per_atom=1.49 mDebye
2023-12-07 11:27:54.022 INFO: Epoch 858: loss=0.8646, RMSE_E_per_atom=9.0 meV, RMSE_F=88.5 meV / A, RMSE_Mu_per_atom=1.48 mDebye
2023-12-07 11:27:59.049 INFO: Epoch 860: loss=0.8606, RMSE_E_per_atom=8.8 meV, RMSE_F=88.5 meV / A, RMSE_Mu_per_atom=1.49 mDebye
2023-12-07 11:28:04.528 INFO: Epoch 862: loss=0.8492, RMSE_E_per_atom=7.2 meV, RMSE_F=89.3 meV / A, RMSE_Mu_per_atom=1.49 mDebye
2023-12-07 11:28:08.897 INFO: Epoch 864: loss=0.8247, RMSE_E_per_atom=5.8 meV, RMSE_F=88.9 meV / A, RMSE_Mu_per_atom=1.48 mDebye
2023-12-07 11:28:13.701 INFO: Epoch 866: loss=0.8293, RMSE_E_per_atom=5.2 meV, RMSE_F=89.5 meV / A, RMSE_Mu_per_atom=1.49 mDebye
2023-12-07 11:28:18.656 INFO: Epoch 868: loss=0.8547, RMSE_E_per_atom=7.2 meV, RMSE_F=89.6 meV / A, RMSE_Mu_per_atom=1.49 mDebye
2023-12-07 11:28:23.668 INFO: Epoch 870: loss=0.8901, RMSE_E_per_atom=8.3 meV, RMSE_F=90.6 meV / A, RMSE_Mu_per_atom=1.50 mDebye
2023-12-07 11:28:30.093 INFO: Epoch 872: loss=0.8965, RMSE_E_per_atom=9.0 meV, RMSE_F=90.3 meV / A, RMSE_Mu_per_atom=1.51 mDebye
2023-12-07 11:28:35.140 INFO: Epoch 874: loss=0.8582, RMSE_E_per_atom=7.4 meV, RMSE_F=89.6 meV / A, RMSE_Mu_per_atom=1.51 mDebye
2023-12-07 11:28:39.201 INFO: Epoch 876: loss=0.8278, RMSE_E_per_atom=7.0 meV, RMSE_F=88.2 meV / A, RMSE_Mu_per_atom=1.50 mDebye
2023-12-07 11:28:43.283 INFO: Epoch 878: loss=0.8824, RMSE_E_per_atom=8.1 meV, RMSE_F=90.4 meV / A, RMSE_Mu_per_atom=1.52 mDebye
2023-12-07 11:28:49.059 INFO: Epoch 880: loss=0.8684, RMSE_E_per_atom=7.4 meV, RMSE_F=90.2 meV / A, RMSE_Mu_per_atom=1.51 mDebye
2023-12-07 11:28:54.740 INFO: Epoch 882: loss=0.8251, RMSE_E_per_atom=6.6 meV, RMSE_F=88.4 meV / A, RMSE_Mu_per_atom=1.50 mDebye
2023-12-07 11:28:58.538 INFO: Epoch 884: loss=0.8594, RMSE_E_per_atom=6.9 meV, RMSE_F=90.0 meV / A, RMSE_Mu_per_atom=1.49 mDebye
2023-12-07 11:29:02.862 INFO: Epoch 886: loss=0.8923, RMSE_E_per_atom=8.5 meV, RMSE_F=90.6 meV / A, RMSE_Mu_per_atom=1.49 mDebye
2023-12-07 11:29:08.563 INFO: Epoch 888: loss=0.9240, RMSE_E_per_atom=9.1 meV, RMSE_F=91.7 meV / A, RMSE_Mu_per_atom=1.51 mDebye
2023-12-07 11:29:12.400 INFO: Epoch 890: loss=0.8923, RMSE_E_per_atom=8.6 meV, RMSE_F=90.4 meV / A, RMSE_Mu_per_atom=1.51 mDebye
2023-12-07 11:29:16.181 INFO: Epoch 892: loss=0.8446, RMSE_E_per_atom=6.7 meV, RMSE_F=89.4 meV / A, RMSE_Mu_per_atom=1.52 mDebye
2023-12-07 11:29:20.888 INFO: Epoch 894: loss=0.8725, RMSE_E_per_atom=7.4 meV, RMSE_F=90.4 meV / A, RMSE_Mu_per_atom=1.51 mDebye
2023-12-07 11:29:24.648 INFO: Epoch 896: loss=0.8874, RMSE_E_per_atom=7.4 meV, RMSE_F=91.2 meV / A, RMSE_Mu_per_atom=1.50 mDebye
2023-12-07 11:29:29.374 INFO: Epoch 898: loss=0.8758, RMSE_E_per_atom=7.5 meV, RMSE_F=90.5 meV / A, RMSE_Mu_per_atom=1.50 mDebye
2023-12-07 11:29:35.088 INFO: Epoch 900: loss=0.8740, RMSE_E_per_atom=7.3 meV, RMSE_F=90.6 meV / A, RMSE_Mu_per_atom=1.52 mDebye
2023-12-07 11:29:39.067 INFO: Epoch 902: loss=0.8612, RMSE_E_per_atom=7.8 meV, RMSE_F=89.5 meV / A, RMSE_Mu_per_atom=1.51 mDebye
2023-12-07 11:29:43.371 INFO: Epoch 904: loss=0.8521, RMSE_E_per_atom=7.8 meV, RMSE_F=88.9 meV / A, RMSE_Mu_per_atom=1.53 mDebye
2023-12-07 11:29:50.006 INFO: Epoch 906: loss=0.8918, RMSE_E_per_atom=8.2 meV, RMSE_F=90.8 meV / A, RMSE_Mu_per_atom=1.53 mDebye
2023-12-07 11:29:53.966 INFO: Epoch 908: loss=0.8958, RMSE_E_per_atom=8.4 meV, RMSE_F=90.8 meV / A, RMSE_Mu_per_atom=1.54 mDebye
2023-12-07 11:29:58.059 INFO: Epoch 910: loss=0.8584, RMSE_E_per_atom=7.1 meV, RMSE_F=89.9 meV / A, RMSE_Mu_per_atom=1.53 mDebye
2023-12-07 11:30:01.826 INFO: Epoch 912: loss=0.8359, RMSE_E_per_atom=5.5 meV, RMSE_F=89.7 meV / A, RMSE_Mu_per_atom=1.51 mDebye
2023-12-07 11:30:06.602 INFO: Epoch 914: loss=0.8336, RMSE_E_per_atom=5.9 meV, RMSE_F=89.4 meV / A, RMSE_Mu_per_atom=1.53 mDebye
2023-12-07 11:30:10.348 INFO: Epoch 916: loss=0.8560, RMSE_E_per_atom=7.1 meV, RMSE_F=89.7 meV / A, RMSE_Mu_per_atom=1.54 mDebye
2023-12-07 11:30:14.783 INFO: Epoch 918: loss=0.8953, RMSE_E_per_atom=7.9 meV, RMSE_F=91.2 meV / A, RMSE_Mu_per_atom=1.51 mDebye
2023-12-07 11:30:19.512 INFO: Epoch 920: loss=0.8589, RMSE_E_per_atom=6.4 meV, RMSE_F=90.4 meV / A, RMSE_Mu_per_atom=1.51 mDebye
2023-12-07 11:30:24.254 INFO: Epoch 922: loss=0.8653, RMSE_E_per_atom=5.6 meV, RMSE_F=91.3 meV / A, RMSE_Mu_per_atom=1.53 mDebye
2023-12-07 11:30:28.770 INFO: Epoch 924: loss=0.8530, RMSE_E_per_atom=5.8 meV, RMSE_F=90.5 meV / A, RMSE_Mu_per_atom=1.53 mDebye
2023-12-07 11:30:33.544 INFO: Epoch 926: loss=0.9089, RMSE_E_per_atom=8.6 meV, RMSE_F=91.4 meV / A, RMSE_Mu_per_atom=1.53 mDebye
2023-12-07 11:30:36.643 INFO: Epoch 928: loss=0.9210, RMSE_E_per_atom=9.9 meV, RMSE_F=90.7 meV / A, RMSE_Mu_per_atom=1.53 mDebye
2023-12-07 11:30:40.608 INFO: Epoch 930: loss=0.8901, RMSE_E_per_atom=7.2 meV, RMSE_F=91.6 meV / A, RMSE_Mu_per_atom=1.52 mDebye
2023-12-07 11:30:43.963 INFO: Epoch 932: loss=0.8511, RMSE_E_per_atom=5.7 meV, RMSE_F=90.5 meV / A, RMSE_Mu_per_atom=1.52 mDebye
2023-12-07 11:30:47.946 INFO: Epoch 934: loss=0.8536, RMSE_E_per_atom=5.2 meV, RMSE_F=90.9 meV / A, RMSE_Mu_per_atom=1.52 mDebye
2023-12-07 11:30:52.423 INFO: Epoch 936: loss=0.9112, RMSE_E_per_atom=6.6 meV, RMSE_F=93.2 meV / A, RMSE_Mu_per_atom=1.53 mDebye
2023-12-07 11:30:57.861 INFO: Epoch 938: loss=0.9201, RMSE_E_per_atom=8.6 meV, RMSE_F=91.9 meV / A, RMSE_Mu_per_atom=1.54 mDebye
2023-12-07 11:31:03.942 INFO: Epoch 940: loss=0.9121, RMSE_E_per_atom=7.5 meV, RMSE_F=92.5 meV / A, RMSE_Mu_per_atom=1.53 mDebye
2023-12-07 11:31:08.926 INFO: Epoch 942: loss=0.8793, RMSE_E_per_atom=6.9 meV, RMSE_F=91.2 meV / A, RMSE_Mu_per_atom=1.54 mDebye
2023-12-07 11:31:13.092 INFO: Epoch 944: loss=0.8844, RMSE_E_per_atom=7.2 meV, RMSE_F=91.2 meV / A, RMSE_Mu_per_atom=1.56 mDebye
2023-12-07 11:31:17.051 INFO: Epoch 946: loss=0.8743, RMSE_E_per_atom=7.0 meV, RMSE_F=90.9 meV / A, RMSE_Mu_per_atom=1.56 mDebye
2023-12-07 11:31:21.268 INFO: Epoch 948: loss=0.8702, RMSE_E_per_atom=5.7 meV, RMSE_F=91.5 meV / A, RMSE_Mu_per_atom=1.55 mDebye
2023-12-07 11:31:27.005 INFO: Epoch 950: loss=0.8957, RMSE_E_per_atom=6.9 meV, RMSE_F=92.1 meV / A, RMSE_Mu_per_atom=1.55 mDebye
2023-12-07 11:31:30.701 INFO: Epoch 952: loss=0.8727, RMSE_E_per_atom=6.7 meV, RMSE_F=91.0 meV / A, RMSE_Mu_per_atom=1.55 mDebye
2023-12-07 11:31:33.955 INFO: Epoch 954: loss=0.9107, RMSE_E_per_atom=6.5 meV, RMSE_F=93.2 meV / A, RMSE_Mu_per_atom=1.54 mDebye
2023-12-07 11:31:37.545 INFO: Epoch 956: loss=0.9042, RMSE_E_per_atom=8.4 meV, RMSE_F=91.3 meV / A, RMSE_Mu_per_atom=1.54 mDebye
2023-12-07 11:31:41.849 INFO: Epoch 958: loss=0.9186, RMSE_E_per_atom=8.0 meV, RMSE_F=92.4 meV / A, RMSE_Mu_per_atom=1.52 mDebye
2023-12-07 11:31:45.068 INFO: Epoch 960: loss=0.8688, RMSE_E_per_atom=5.8 meV, RMSE_F=91.4 meV / A, RMSE_Mu_per_atom=1.49 mDebye
2023-12-07 11:31:47.993 INFO: Epoch 962: loss=0.9016, RMSE_E_per_atom=6.0 meV, RMSE_F=93.0 meV / A, RMSE_Mu_per_atom=1.50 mDebye
2023-12-07 11:31:51.639 INFO: Epoch 964: loss=0.9097, RMSE_E_per_atom=7.1 meV, RMSE_F=92.7 meV / A, RMSE_Mu_per_atom=1.51 mDebye
2023-12-07 11:31:55.229 INFO: Epoch 966: loss=0.8733, RMSE_E_per_atom=6.1 meV, RMSE_F=91.4 meV / A, RMSE_Mu_per_atom=1.54 mDebye
2023-12-07 11:31:59.027 INFO: Epoch 968: loss=0.9036, RMSE_E_per_atom=6.2 meV, RMSE_F=93.0 meV / A, RMSE_Mu_per_atom=1.53 mDebye
2023-12-07 11:32:02.941 INFO: Epoch 970: loss=0.9055, RMSE_E_per_atom=8.1 meV, RMSE_F=91.7 meV / A, RMSE_Mu_per_atom=1.55 mDebye
2023-12-07 11:32:09.078 INFO: Epoch 972: loss=0.9455, RMSE_E_per_atom=9.3 meV, RMSE_F=92.7 meV / A, RMSE_Mu_per_atom=1.55 mDebye
2023-12-07 11:32:13.261 INFO: Epoch 974: loss=0.9282, RMSE_E_per_atom=8.6 meV, RMSE_F=92.4 meV / A, RMSE_Mu_per_atom=1.54 mDebye
2023-12-07 11:32:17.478 INFO: Epoch 976: loss=0.9084, RMSE_E_per_atom=7.9 meV, RMSE_F=92.0 meV / A, RMSE_Mu_per_atom=1.54 mDebye
2023-12-07 11:32:24.120 INFO: Epoch 978: loss=0.9164, RMSE_E_per_atom=7.8 meV, RMSE_F=92.5 meV / A, RMSE_Mu_per_atom=1.54 mDebye
2023-12-07 11:32:29.121 INFO: Epoch 980: loss=0.9291, RMSE_E_per_atom=7.7 meV, RMSE_F=93.3 meV / A, RMSE_Mu_per_atom=1.54 mDebye
2023-12-07 11:32:33.786 INFO: Epoch 982: loss=0.9108, RMSE_E_per_atom=6.7 meV, RMSE_F=93.0 meV / A, RMSE_Mu_per_atom=1.54 mDebye
2023-12-07 11:32:37.081 INFO: Epoch 984: loss=0.8901, RMSE_E_per_atom=5.9 meV, RMSE_F=92.5 meV / A, RMSE_Mu_per_atom=1.55 mDebye
2023-12-07 11:32:40.304 INFO: Epoch 986: loss=0.8639, RMSE_E_per_atom=6.0 meV, RMSE_F=90.9 meV / A, RMSE_Mu_per_atom=1.54 mDebye
2023-12-07 11:32:44.005 INFO: Epoch 988: loss=0.9209, RMSE_E_per_atom=6.6 meV, RMSE_F=93.6 meV / A, RMSE_Mu_per_atom=1.56 mDebye
2023-12-07 11:32:47.195 INFO: Epoch 990: loss=0.8992, RMSE_E_per_atom=6.0 meV, RMSE_F=92.9 meV / A, RMSE_Mu_per_atom=1.55 mDebye
2023-12-07 11:32:50.400 INFO: Epoch 992: loss=0.8817, RMSE_E_per_atom=5.9 meV, RMSE_F=92.0 meV / A, RMSE_Mu_per_atom=1.54 mDebye
2023-12-07 11:32:53.742 INFO: Epoch 994: loss=0.9073, RMSE_E_per_atom=7.2 meV, RMSE_F=92.5 meV / A, RMSE_Mu_per_atom=1.55 mDebye
2023-12-07 11:32:57.618 INFO: Epoch 996: loss=0.9307, RMSE_E_per_atom=8.1 meV, RMSE_F=93.0 meV / A, RMSE_Mu_per_atom=1.54 mDebye
2023-12-07 11:33:01.032 INFO: Epoch 998: loss=0.8894, RMSE_E_per_atom=6.8 meV, RMSE_F=91.8 meV / A, RMSE_Mu_per_atom=1.53 mDebye
2023-12-07 11:33:02.353 INFO: Training complete
2023-12-07 11:33:02.354 INFO: Computing metrics for training, validation, and test sets
2023-12-07 11:33:02.356 INFO: Loading checkpoint: checkpoints/ox_gs_rattled_50x3a_run-1234_epoch-274.pt
2023-12-07 11:33:02.497 INFO: Loaded model from epoch 274
2023-12-07 11:33:02.536 INFO: Evaluating train ...
2023-12-07 11:33:02.682 INFO: Evaluating valid ...
2023-12-07 11:33:02.741 INFO: Evaluating Default ...
2023-12-07 11:33:02.890 INFO: 
+-------------+---------------------+------------------+--------------+-------------------------+---------------+
| config_type | RMSE E / meV / atom | RMSE F / meV / A | rel F RMSE % | RMSE MU / mDebye / atom | rel MU RMSE % |
+-------------+---------------------+------------------+--------------+-------------------------+---------------+
|    train    |         29.2        |       76.3       |     3.5      |           2.3           |      6.3      |
|    valid    |         31.6        |       54.4       |     2.2      |           2.1           |      5.7      |
|   Default   |         29.3        |       75.5       |     3.4      |           2.3           |      6.3      |
+-------------+---------------------+------------------+--------------+-------------------------+---------------+
2023-12-07 11:33:02.890 INFO: Saving model to checkpoints/ox_gs_rattled_50x3a_run-1234.model
2023-12-07 11:33:04.664 INFO: Loading checkpoint: checkpoints/ox_gs_rattled_50x3a_run-1234_epoch-808_swa.pt
2023-12-07 11:33:04.920 INFO: Loaded model from epoch 808
2023-12-07 11:33:04.958 INFO: Evaluating train ...
2023-12-07 11:33:05.122 INFO: Evaluating valid ...
2023-12-07 11:33:05.182 INFO: Evaluating Default ...
2023-12-07 11:33:05.333 INFO: 
+-------------+---------------------+------------------+--------------+-------------------------+---------------+
| config_type | RMSE E / meV / atom | RMSE F / meV / A | rel F RMSE % | RMSE MU / mDebye / atom | rel MU RMSE % |
+-------------+---------------------+------------------+--------------+-------------------------+---------------+
|    train    |         4.2         |       35.2       |     1.6      |           1.8           |      5.1      |
|    valid    |         6.5         |       86.5       |     3.6      |           1.5           |      3.9      |
|   Default   |         4.3         |       38.8       |     1.8      |           1.8           |      5.1      |
+-------------+---------------------+------------------+--------------+-------------------------+---------------+
2023-12-07 11:33:05.333 INFO: Saving model to checkpoints/ox_gs_rattled_50x3a_run-1234_swa.model
2023-12-07 11:33:07.803 INFO: Done
