2023-11-30 16:10:52.380 INFO: MACE version: 0.2.0
2023-11-30 16:10:52.380 INFO: Configuration: Namespace(name='ox_gs_rattled_50x2a', seed=1234, log_dir='logs', model_dir='.', checkpoints_dir='checkpoints', results_dir='results', downloads_dir='downloads', device='cuda', default_dtype='float64', log_level='INFO', error_table='EnergyDipoleRMSE', model='EnergyDipolesMACE', r_max=5.0, num_radial_basis=8, num_cutoff_basis=5, interaction='RealAgnosticResidualInteractionBlock', interaction_first='RealAgnosticResidualInteractionBlock', max_ell=3, correlation=3, num_interactions=2, MLP_irreps='16x0e', radial_MLP='[64, 64, 64]', hidden_irreps='32x0e + 32x1o + 32x2e', num_channels=None, max_L=None, gate='silu', scaling='rms_forces_scaling', avg_num_neighbors=1.0, compute_avg_num_neighbors=True, compute_stress=True, compute_forces=True, train_file='ox_gs_rattled_50x2a_train.xyz', valid_file=None, valid_fraction=0.05, test_file='ox_gs_rattled_50x2a_train.xyz', E0s='{6: -1034.7672562939947, 1: -13.74018495096079, 8: -2057.26969300199}', energy_key='energy', forces_key='forces', virials_key='virials', stress_key='stress', dipole_key='dipole', charges_key='charges', loss='energy_forces_dipole', forces_weight=100.0, swa_forces_weight=100.0, energy_weight=1.0, swa_energy_weight=1000.0, virials_weight=1.0, swa_virials_weight=10.0, stress_weight=1.0, swa_stress_weight=10.0, dipole_weight=1.0, swa_dipole_weight=1.0, config_type_weights='{"Default":1.0}', huber_delta=0.01, optimizer='adam', batch_size=16, valid_batch_size=16, lr=0.01, swa_lr=0.001, weight_decay=5e-07, amsgrad=True, scheduler='ReduceLROnPlateau', lr_factor=0.8, scheduler_patience=50, lr_scheduler_gamma=0.9993, swa=True, start_swa=800, ema=False, ema_decay=0.99, max_num_epochs=1000, patience=2048, eval_interval=2, keep_checkpoints=False, restart_latest=True, save_cpu=False, clip_grad=10.0, wandb=False, wandb_project='', wandb_entity='', wandb_name='', wandb_log_hypers=['num_channels', 'max_L', 'correlation', 'lr', 'swa_lr', 'weight_decay', 'batch_size', 'max_num_epochs', 'start_swa', 'energy_weight', 'forces_weight'])
2023-11-30 16:10:52.441 INFO: CUDA version: 11.7, CUDA device: 0
2023-11-30 16:10:52.475 INFO: Loaded 120 training configurations from 'ox_gs_rattled_50x2a_train.xyz'
2023-11-30 16:10:52.475 INFO: Using random 5.0% of training set for validation
2023-11-30 16:10:52.504 INFO: Loaded 120 test configurations from 'ox_gs_rattled_50x2a_train.xyz'
2023-11-30 16:10:52.504 INFO: Total number of configurations: train=114, valid=6, tests=[Default: 120]
2023-11-30 16:10:52.504 INFO: AtomicNumberTable: (1, 6, 8)
2023-11-30 16:10:52.504 INFO: Atomic Energies not in training file, using command line argument E0s
2023-11-30 16:10:52.504 INFO: Atomic energies: [-13.74018495096079, -1034.7672562939947, -2057.26969300199]
2023-11-30 16:10:52.686 INFO: WeightedEnergyForcesDipoleLoss(energy_weight=1.000, forces_weight=100.000, dipole_weight=1.000)
2023-11-30 16:10:52.720 INFO: Average number of neighbors: 6.0
2023-11-30 16:10:52.720 INFO: Selected the following outputs: {'energy': True, 'forces': True, 'virials': False, 'stress': False, 'dipoles': True}
2023-11-30 16:10:52.720 INFO: Building model
2023-11-30 16:10:52.720 INFO: Hidden irreps: 32x0e + 32x1o + 32x2e
2023-11-30 16:10:54.837 INFO: Using stochastic weight averaging (after 800 epochs) with energy weight : 1000.0, forces weight : 100.0, dipole weight : 1.0 and learning rate : 0.001
2023-11-30 16:10:54.912 WARNING: Cannot find checkpoint with tag 'ox_gs_rattled_50x2a_run-1234' in 'checkpoints'
2023-11-30 16:10:54.912 INFO: EnergyDipolesMACE(
  (node_embedding): LinearNodeEmbeddingBlock(
    (linear): Linear(3x0e -> 32x0e | 96 weights)
  )
  (radial_embedding): RadialEmbeddingBlock(
    (bessel_fn): BesselBasis(r_max=5.0, num_basis=8, trainable=False)
    (cutoff_fn): PolynomialCutoff(p=5.0, r_max=5.0)
  )
  (spherical_harmonics): SphericalHarmonics()
  (atomic_energies_fn): AtomicEnergiesBlock(energies=[-13.7402, -1034.7673, -2057.2697])
  (interactions): ModuleList(
    (0): RealAgnosticInteractionBlock(
      (linear_up): Linear(32x0e -> 32x0e | 1024 weights)
      (conv_tp): TensorProduct(32x0e x 1x0e+1x1o+1x2e+1x3o -> 32x0e+32x1o+32x2e+32x3o | 128 paths | 128 weights)
      (conv_tp_weights): FullyConnectedNet[8, 64, 64, 64, 128]
      (linear): Linear(32x0e+32x1o+32x2e+32x3o -> 32x0e+32x1o+32x2e+32x3o | 4096 weights)
      (skip_tp): FullyConnectedTensorProduct(32x0e+32x1o+32x2e+32x3o x 3x0e -> 32x0e+32x1o+32x2e+32x3o | 12288 paths | 12288 weights)
      (reshape): reshape_irreps()
    )
    (1): RealAgnosticResidualInteractionBlock(
      (linear_up): Linear(32x0e+32x1o+32x2e -> 32x0e+32x1o+32x2e | 3072 weights)
      (conv_tp): TensorProduct(32x0e+32x1o+32x2e x 1x0e+1x1o+1x2e+1x3o -> 96x0e+160x1o+160x2e+128x3o | 544 paths | 544 weights)
      (conv_tp_weights): FullyConnectedNet[8, 64, 64, 64, 544]
      (linear): Linear(96x0e+160x1o+160x2e+128x3o -> 32x0e+32x1o+32x2e+32x3o | 17408 weights)
      (skip_tp): FullyConnectedTensorProduct(32x0e+32x1o+32x2e x 3x0e -> 32x0e+32x1o | 6144 paths | 6144 weights)
      (reshape): reshape_irreps()
    )
  )
  (products): ModuleList(
    (0): EquivariantProductBasisBlock(
      (symmetric_contractions): SymmetricContraction(
        (contractions): ModuleList(
          (0): Contraction(
            (contractions_weighting): ModuleList(
              (0-1): 2 x GraphModule()
            )
            (contractions_features): ModuleList(
              (0-1): 2 x GraphModule()
            )
            (weights): ParameterList(
                (0): Parameter containing: [torch.float64 of size 3x4x32 (GPU 0)]
                (1): Parameter containing: [torch.float64 of size 3x1x32 (GPU 0)]
            )
            (graph_opt_main): GraphModule()
          )
          (1): Contraction(
            (contractions_weighting): ModuleList(
              (0-1): 2 x GraphModule()
            )
            (contractions_features): ModuleList(
              (0-1): 2 x GraphModule()
            )
            (weights): ParameterList(
                (0): Parameter containing: [torch.float64 of size 3x6x32 (GPU 0)]
                (1): Parameter containing: [torch.float64 of size 3x1x32 (GPU 0)]
            )
            (graph_opt_main): GraphModule()
          )
          (2): Contraction(
            (contractions_weighting): ModuleList(
              (0-1): 2 x GraphModule()
            )
            (contractions_features): ModuleList(
              (0-1): 2 x GraphModule()
            )
            (weights): ParameterList(
                (0): Parameter containing: [torch.float64 of size 3x7x32 (GPU 0)]
                (1): Parameter containing: [torch.float64 of size 3x1x32 (GPU 0)]
            )
            (graph_opt_main): GraphModule()
          )
        )
      )
      (linear): Linear(32x0e+32x1o+32x2e -> 32x0e+32x1o+32x2e | 3072 weights)
    )
    (1): EquivariantProductBasisBlock(
      (symmetric_contractions): SymmetricContraction(
        (contractions): ModuleList(
          (0): Contraction(
            (contractions_weighting): ModuleList(
              (0-1): 2 x GraphModule()
            )
            (contractions_features): ModuleList(
              (0-1): 2 x GraphModule()
            )
            (weights): ParameterList(
                (0): Parameter containing: [torch.float64 of size 3x4x32 (GPU 0)]
                (1): Parameter containing: [torch.float64 of size 3x1x32 (GPU 0)]
            )
            (graph_opt_main): GraphModule()
          )
          (1): Contraction(
            (contractions_weighting): ModuleList(
              (0-1): 2 x GraphModule()
            )
            (contractions_features): ModuleList(
              (0-1): 2 x GraphModule()
            )
            (weights): ParameterList(
                (0): Parameter containing: [torch.float64 of size 3x6x32 (GPU 0)]
                (1): Parameter containing: [torch.float64 of size 3x1x32 (GPU 0)]
            )
            (graph_opt_main): GraphModule()
          )
        )
      )
      (linear): Linear(32x0e+32x1o -> 32x0e+32x1o | 2048 weights)
    )
  )
  (readouts): ModuleList(
    (0): LinearDipoleReadoutBlock(
      (linear): Linear(32x0e+32x1o+32x2e -> 1x0e+1x1o | 64 weights)
    )
    (1): NonLinearDipoleReadoutBlock(
      (equivariant_nonlin): Gate (16x0e -> 16x0e)
      (linear_1): Linear(32x0e+32x1o -> 16x0e | 512 weights)
      (linear_2): Linear(16x0e -> 1x0e+1x1o | 16 weights)
    )
  )
)
2023-11-30 16:10:54.915 INFO: Number of parameters: 133776
2023-11-30 16:10:54.915 INFO: Optimizer: Adam (
Parameter Group 0
    amsgrad: True
    betas: (0.9, 0.999)
    capturable: False
    differentiable: False
    eps: 1e-08
    foreach: None
    fused: None
    initial_lr: 0.01
    lr: 0.01
    maximize: False
    name: embedding
    swa_lr: 0.001
    weight_decay: 0.0

Parameter Group 1
    amsgrad: True
    betas: (0.9, 0.999)
    capturable: False
    differentiable: False
    eps: 1e-08
    foreach: None
    fused: None
    initial_lr: 0.01
    lr: 0.01
    maximize: False
    name: interactions_decay
    swa_lr: 0.001
    weight_decay: 5e-07

Parameter Group 2
    amsgrad: True
    betas: (0.9, 0.999)
    capturable: False
    differentiable: False
    eps: 1e-08
    foreach: None
    fused: None
    initial_lr: 0.01
    lr: 0.01
    maximize: False
    name: interactions_no_decay
    swa_lr: 0.001
    weight_decay: 0.0

Parameter Group 3
    amsgrad: True
    betas: (0.9, 0.999)
    capturable: False
    differentiable: False
    eps: 1e-08
    foreach: None
    fused: None
    initial_lr: 0.01
    lr: 0.01
    maximize: False
    name: products
    swa_lr: 0.001
    weight_decay: 5e-07

Parameter Group 4
    amsgrad: True
    betas: (0.9, 0.999)
    capturable: False
    differentiable: False
    eps: 1e-08
    foreach: None
    fused: None
    initial_lr: 0.01
    lr: 0.01
    maximize: False
    name: readouts
    swa_lr: 0.001
    weight_decay: 0.0
)
2023-11-30 16:10:54.915 INFO: Using gradient clipping with tolerance=10.000
2023-11-30 16:10:54.915 INFO: Started training
2023-11-30 16:11:03.802 INFO: Epoch 0: loss=262.7357, RMSE_E_per_atom=585.6 meV, RMSE_F=1619.5 meV / A, RMSE_Mu_per_atom=33.03 mDebye
2023-11-30 16:11:06.443 INFO: Epoch 2: loss=69.7826, RMSE_E_per_atom=1008.6 meV, RMSE_F=827.9 meV / A, RMSE_Mu_per_atom=47.81 mDebye
2023-11-30 16:11:07.981 INFO: Epoch 4: loss=25.9036, RMSE_E_per_atom=1116.6 meV, RMSE_F=496.5 meV / A, RMSE_Mu_per_atom=9.34 mDebye
2023-11-30 16:11:09.549 INFO: Epoch 6: loss=14.3392, RMSE_E_per_atom=1274.0 meV, RMSE_F=356.5 meV / A, RMSE_Mu_per_atom=7.44 mDebye
2023-11-30 16:11:11.091 INFO: Epoch 8: loss=10.8072, RMSE_E_per_atom=1320.8 meV, RMSE_F=300.9 meV / A, RMSE_Mu_per_atom=8.15 mDebye
2023-11-30 16:11:12.634 INFO: Epoch 10: loss=6.1935, RMSE_E_per_atom=1200.8 meV, RMSE_F=217.8 meV / A, RMSE_Mu_per_atom=8.83 mDebye
2023-11-30 16:11:14.176 INFO: Epoch 12: loss=6.4104, RMSE_E_per_atom=1137.1 meV, RMSE_F=226.1 meV / A, RMSE_Mu_per_atom=6.48 mDebye
2023-11-30 16:11:15.455 INFO: Epoch 14: loss=5.5349, RMSE_E_per_atom=1022.5 meV, RMSE_F=211.8 meV / A, RMSE_Mu_per_atom=6.29 mDebye
2023-11-30 16:11:17.000 INFO: Epoch 16: loss=2.9466, RMSE_E_per_atom=910.1 meV, RMSE_F=145.5 meV / A, RMSE_Mu_per_atom=5.17 mDebye
2023-11-30 16:11:18.544 INFO: Epoch 18: loss=3.3271, RMSE_E_per_atom=774.9 meV, RMSE_F=165.1 meV / A, RMSE_Mu_per_atom=3.49 mDebye
2023-11-30 16:11:19.873 INFO: Epoch 20: loss=3.1489, RMSE_E_per_atom=708.4 meV, RMSE_F=162.7 meV / A, RMSE_Mu_per_atom=2.85 mDebye
2023-11-30 16:11:21.180 INFO: Epoch 22: loss=3.1340, RMSE_E_per_atom=654.4 meV, RMSE_F=164.5 meV / A, RMSE_Mu_per_atom=2.81 mDebye
2023-11-30 16:11:22.520 INFO: Epoch 24: loss=2.9844, RMSE_E_per_atom=639.1 meV, RMSE_F=160.5 meV / A, RMSE_Mu_per_atom=2.85 mDebye
2023-11-30 16:11:23.825 INFO: Epoch 26: loss=2.8482, RMSE_E_per_atom=603.1 meV, RMSE_F=157.6 meV / A, RMSE_Mu_per_atom=2.93 mDebye
2023-11-30 16:11:25.374 INFO: Epoch 28: loss=1.4539, RMSE_E_per_atom=580.8 meV, RMSE_F=105.6 meV / A, RMSE_Mu_per_atom=3.41 mDebye
2023-11-30 16:11:26.913 INFO: Epoch 30: loss=2.5891, RMSE_E_per_atom=532.8 meV, RMSE_F=151.8 meV / A, RMSE_Mu_per_atom=2.79 mDebye
2023-11-30 16:11:28.195 INFO: Epoch 32: loss=2.3436, RMSE_E_per_atom=499.7 meV, RMSE_F=144.7 meV / A, RMSE_Mu_per_atom=2.83 mDebye
2023-11-30 16:11:29.495 INFO: Epoch 34: loss=3.0702, RMSE_E_per_atom=431.5 meV, RMSE_F=169.8 meV / A, RMSE_Mu_per_atom=2.84 mDebye
2023-11-30 16:11:30.792 INFO: Epoch 36: loss=1.5576, RMSE_E_per_atom=382.5 meV, RMSE_F=118.8 meV / A, RMSE_Mu_per_atom=2.20 mDebye
2023-11-30 16:11:32.121 INFO: Epoch 38: loss=1.5389, RMSE_E_per_atom=341.0 meV, RMSE_F=119.3 meV / A, RMSE_Mu_per_atom=2.06 mDebye
2023-11-30 16:11:33.390 INFO: Epoch 40: loss=1.3245, RMSE_E_per_atom=294.7 meV, RMSE_F=111.2 meV / A, RMSE_Mu_per_atom=1.79 mDebye
2023-11-30 16:11:34.926 INFO: Epoch 42: loss=1.5097, RMSE_E_per_atom=281.0 meV, RMSE_F=119.6 meV / A, RMSE_Mu_per_atom=1.84 mDebye
2023-11-30 16:11:36.195 INFO: Epoch 44: loss=1.3343, RMSE_E_per_atom=256.2 meV, RMSE_F=112.6 meV / A, RMSE_Mu_per_atom=1.88 mDebye
2023-11-30 16:11:37.461 INFO: Epoch 46: loss=1.5268, RMSE_E_per_atom=224.1 meV, RMSE_F=121.5 meV / A, RMSE_Mu_per_atom=2.98 mDebye
2023-11-30 16:11:38.731 INFO: Epoch 48: loss=2.2725, RMSE_E_per_atom=217.0 meV, RMSE_F=149.2 meV / A, RMSE_Mu_per_atom=2.08 mDebye
2023-11-30 16:11:40.002 INFO: Epoch 50: loss=1.3686, RMSE_E_per_atom=219.5 meV, RMSE_F=114.9 meV / A, RMSE_Mu_per_atom=2.37 mDebye
2023-11-30 16:11:41.271 INFO: Epoch 52: loss=1.1472, RMSE_E_per_atom=215.6 meV, RMSE_F=104.9 meV / A, RMSE_Mu_per_atom=1.78 mDebye
2023-11-30 16:11:42.807 INFO: Epoch 54: loss=2.3449, RMSE_E_per_atom=262.4 meV, RMSE_F=150.8 meV / A, RMSE_Mu_per_atom=2.70 mDebye
2023-11-30 16:11:44.077 INFO: Epoch 56: loss=1.2549, RMSE_E_per_atom=251.2 meV, RMSE_F=109.2 meV / A, RMSE_Mu_per_atom=1.90 mDebye
2023-11-30 16:11:45.350 INFO: Epoch 58: loss=1.8993, RMSE_E_per_atom=303.2 meV, RMSE_F=134.4 meV / A, RMSE_Mu_per_atom=3.14 mDebye
2023-11-30 16:11:46.619 INFO: Epoch 60: loss=1.7126, RMSE_E_per_atom=301.7 meV, RMSE_F=127.3 meV / A, RMSE_Mu_per_atom=2.08 mDebye
2023-11-30 16:11:47.891 INFO: Epoch 62: loss=1.0045, RMSE_E_per_atom=270.9 meV, RMSE_F=96.4 meV / A, RMSE_Mu_per_atom=3.08 mDebye
2023-11-30 16:11:49.423 INFO: Epoch 64: loss=1.0501, RMSE_E_per_atom=239.3 meV, RMSE_F=99.5 meV / A, RMSE_Mu_per_atom=5.77 mDebye
2023-11-30 16:11:50.691 INFO: Epoch 66: loss=1.1945, RMSE_E_per_atom=205.8 meV, RMSE_F=107.2 meV / A, RMSE_Mu_per_atom=4.41 mDebye
2023-11-30 16:11:51.964 INFO: Epoch 68: loss=0.9391, RMSE_E_per_atom=167.2 meV, RMSE_F=95.4 meV / A, RMSE_Mu_per_atom=1.96 mDebye
2023-11-30 16:11:53.499 INFO: Epoch 70: loss=2.1689, RMSE_E_per_atom=135.9 meV, RMSE_F=146.6 meV / A, RMSE_Mu_per_atom=4.82 mDebye
2023-11-30 16:11:54.773 INFO: Epoch 72: loss=1.6587, RMSE_E_per_atom=138.5 meV, RMSE_F=128.0 meV / A, RMSE_Mu_per_atom=2.11 mDebye
2023-11-30 16:11:56.053 INFO: Epoch 74: loss=1.1670, RMSE_E_per_atom=170.5 meV, RMSE_F=106.6 meV / A, RMSE_Mu_per_atom=3.39 mDebye
2023-11-30 16:11:57.329 INFO: Epoch 76: loss=1.6210, RMSE_E_per_atom=146.7 meV, RMSE_F=126.4 meV / A, RMSE_Mu_per_atom=3.28 mDebye
2023-11-30 16:11:58.605 INFO: Epoch 78: loss=1.7319, RMSE_E_per_atom=125.7 meV, RMSE_F=131.0 meV / A, RMSE_Mu_per_atom=2.31 mDebye
2023-11-30 16:11:59.883 INFO: Epoch 80: loss=2.3624, RMSE_E_per_atom=138.3 meV, RMSE_F=153.1 meV / A, RMSE_Mu_per_atom=2.16 mDebye
2023-11-30 16:12:01.160 INFO: Epoch 82: loss=1.9468, RMSE_E_per_atom=131.2 meV, RMSE_F=138.9 meV / A, RMSE_Mu_per_atom=3.67 mDebye
2023-11-30 16:12:02.440 INFO: Epoch 84: loss=1.7872, RMSE_E_per_atom=142.2 meV, RMSE_F=132.9 meV / A, RMSE_Mu_per_atom=2.97 mDebye
2023-11-30 16:12:03.713 INFO: Epoch 86: loss=0.7714, RMSE_E_per_atom=164.0 meV, RMSE_F=86.2 meV / A, RMSE_Mu_per_atom=4.09 mDebye
2023-11-30 16:12:05.257 INFO: Epoch 88: loss=0.8116, RMSE_E_per_atom=167.8 meV, RMSE_F=88.5 meV / A, RMSE_Mu_per_atom=3.09 mDebye
2023-11-30 16:12:06.534 INFO: Epoch 90: loss=2.0514, RMSE_E_per_atom=156.9 meV, RMSE_F=142.3 meV / A, RMSE_Mu_per_atom=3.23 mDebye
2023-11-30 16:12:07.808 INFO: Epoch 92: loss=1.5532, RMSE_E_per_atom=157.6 meV, RMSE_F=123.6 meV / A, RMSE_Mu_per_atom=3.74 mDebye
2023-11-30 16:12:09.083 INFO: Epoch 94: loss=1.8502, RMSE_E_per_atom=175.4 meV, RMSE_F=134.8 meV / A, RMSE_Mu_per_atom=4.05 mDebye
2023-11-30 16:12:10.363 INFO: Epoch 96: loss=1.1950, RMSE_E_per_atom=176.3 meV, RMSE_F=107.9 meV / A, RMSE_Mu_per_atom=2.49 mDebye
2023-11-30 16:12:11.641 INFO: Epoch 98: loss=1.0765, RMSE_E_per_atom=174.4 meV, RMSE_F=102.3 meV / A, RMSE_Mu_per_atom=2.23 mDebye
2023-11-30 16:12:12.920 INFO: Epoch 100: loss=1.4237, RMSE_E_per_atom=188.6 meV, RMSE_F=117.8 meV / A, RMSE_Mu_per_atom=3.13 mDebye
2023-11-30 16:12:14.199 INFO: Epoch 102: loss=1.9363, RMSE_E_per_atom=164.3 meV, RMSE_F=138.2 meV / A, RMSE_Mu_per_atom=2.07 mDebye
2023-11-30 16:12:15.480 INFO: Epoch 104: loss=1.0265, RMSE_E_per_atom=154.1 meV, RMSE_F=100.1 meV / A, RMSE_Mu_per_atom=2.27 mDebye
2023-11-30 16:12:16.759 INFO: Epoch 106: loss=1.8355, RMSE_E_per_atom=159.9 meV, RMSE_F=134.5 meV / A, RMSE_Mu_per_atom=2.14 mDebye
2023-11-30 16:12:18.038 INFO: Epoch 108: loss=1.1475, RMSE_E_per_atom=139.9 meV, RMSE_F=106.2 meV / A, RMSE_Mu_per_atom=2.10 mDebye
2023-11-30 16:12:19.317 INFO: Epoch 110: loss=3.4273, RMSE_E_per_atom=127.9 meV, RMSE_F=184.7 meV / A, RMSE_Mu_per_atom=2.08 mDebye
2023-11-30 16:12:20.596 INFO: Epoch 112: loss=0.6566, RMSE_E_per_atom=130.2 meV, RMSE_F=79.9 meV / A, RMSE_Mu_per_atom=2.13 mDebye
2023-11-30 16:12:22.141 INFO: Epoch 114: loss=0.9135, RMSE_E_per_atom=118.2 meV, RMSE_F=94.8 meV / A, RMSE_Mu_per_atom=2.43 mDebye
2023-11-30 16:12:23.420 INFO: Epoch 116: loss=0.7640, RMSE_E_per_atom=126.0 meV, RMSE_F=86.4 meV / A, RMSE_Mu_per_atom=4.52 mDebye
2023-11-30 16:12:24.702 INFO: Epoch 118: loss=0.8380, RMSE_E_per_atom=108.7 meV, RMSE_F=90.9 meV / A, RMSE_Mu_per_atom=2.57 mDebye
2023-11-30 16:12:25.982 INFO: Epoch 120: loss=1.0973, RMSE_E_per_atom=98.2 meV, RMSE_F=104.3 meV / A, RMSE_Mu_per_atom=2.14 mDebye
2023-11-30 16:12:27.260 INFO: Epoch 122: loss=0.7848, RMSE_E_per_atom=87.5 meV, RMSE_F=88.1 meV / A, RMSE_Mu_per_atom=2.42 mDebye
2023-11-30 16:12:28.540 INFO: Epoch 124: loss=0.9987, RMSE_E_per_atom=109.2 meV, RMSE_F=99.3 meV / A, RMSE_Mu_per_atom=2.15 mDebye
2023-11-30 16:12:29.822 INFO: Epoch 126: loss=0.8465, RMSE_E_per_atom=100.2 meV, RMSE_F=91.4 meV / A, RMSE_Mu_per_atom=3.40 mDebye
2023-11-30 16:12:31.101 INFO: Epoch 128: loss=0.7228, RMSE_E_per_atom=86.0 meV, RMSE_F=84.5 meV / A, RMSE_Mu_per_atom=4.32 mDebye
2023-11-30 16:12:32.384 INFO: Epoch 130: loss=0.6740, RMSE_E_per_atom=74.7 meV, RMSE_F=81.7 meV / A, RMSE_Mu_per_atom=2.17 mDebye
2023-11-30 16:12:33.665 INFO: Epoch 132: loss=1.1291, RMSE_E_per_atom=56.0 meV, RMSE_F=106.1 meV / A, RMSE_Mu_per_atom=3.31 mDebye
2023-11-30 16:12:34.951 INFO: Epoch 134: loss=0.8466, RMSE_E_per_atom=64.8 meV, RMSE_F=91.7 meV / A, RMSE_Mu_per_atom=2.37 mDebye
2023-11-30 16:12:36.241 INFO: Epoch 136: loss=0.9986, RMSE_E_per_atom=73.0 meV, RMSE_F=99.6 meV / A, RMSE_Mu_per_atom=2.40 mDebye
2023-11-30 16:12:37.527 INFO: Epoch 138: loss=0.4916, RMSE_E_per_atom=59.2 meV, RMSE_F=69.8 meV / A, RMSE_Mu_per_atom=2.71 mDebye
2023-11-30 16:12:39.077 INFO: Epoch 140: loss=0.5906, RMSE_E_per_atom=58.9 meV, RMSE_F=76.6 meV / A, RMSE_Mu_per_atom=3.34 mDebye
2023-11-30 16:12:40.365 INFO: Epoch 142: loss=0.4683, RMSE_E_per_atom=76.7 meV, RMSE_F=67.9 meV / A, RMSE_Mu_per_atom=3.03 mDebye
2023-11-30 16:12:41.914 INFO: Epoch 144: loss=0.5229, RMSE_E_per_atom=66.2 meV, RMSE_F=71.9 meV / A, RMSE_Mu_per_atom=3.09 mDebye
2023-11-30 16:12:43.198 INFO: Epoch 146: loss=0.6068, RMSE_E_per_atom=65.2 meV, RMSE_F=77.6 meV / A, RMSE_Mu_per_atom=2.56 mDebye
2023-11-30 16:12:44.482 INFO: Epoch 148: loss=1.0367, RMSE_E_per_atom=65.4 meV, RMSE_F=101.6 meV / A, RMSE_Mu_per_atom=2.96 mDebye
2023-11-30 16:12:45.770 INFO: Epoch 150: loss=1.2830, RMSE_E_per_atom=74.3 meV, RMSE_F=113.0 meV / A, RMSE_Mu_per_atom=2.96 mDebye
2023-11-30 16:12:47.054 INFO: Epoch 152: loss=0.6357, RMSE_E_per_atom=87.5 meV, RMSE_F=79.2 meV / A, RMSE_Mu_per_atom=3.74 mDebye
2023-11-30 16:12:48.338 INFO: Epoch 154: loss=1.5330, RMSE_E_per_atom=82.3 meV, RMSE_F=123.5 meV / A, RMSE_Mu_per_atom=3.53 mDebye
2023-11-30 16:12:49.620 INFO: Epoch 156: loss=0.7301, RMSE_E_per_atom=83.7 meV, RMSE_F=85.0 meV / A, RMSE_Mu_per_atom=2.89 mDebye
2023-11-30 16:12:50.906 INFO: Epoch 158: loss=0.7944, RMSE_E_per_atom=70.8 meV, RMSE_F=88.8 meV / A, RMSE_Mu_per_atom=3.33 mDebye
2023-11-30 16:12:52.189 INFO: Epoch 160: loss=1.0475, RMSE_E_per_atom=67.5 meV, RMSE_F=102.1 meV / A, RMSE_Mu_per_atom=2.42 mDebye
2023-11-30 16:12:53.470 INFO: Epoch 162: loss=0.8416, RMSE_E_per_atom=59.4 meV, RMSE_F=91.5 meV / A, RMSE_Mu_per_atom=2.31 mDebye
2023-11-30 16:12:54.751 INFO: Epoch 164: loss=0.4679, RMSE_E_per_atom=58.6 meV, RMSE_F=68.1 meV / A, RMSE_Mu_per_atom=2.32 mDebye
2023-11-30 16:12:56.302 INFO: Epoch 166: loss=0.4556, RMSE_E_per_atom=57.2 meV, RMSE_F=67.2 meV / A, RMSE_Mu_per_atom=2.19 mDebye
2023-11-30 16:12:57.852 INFO: Epoch 168: loss=0.3334, RMSE_E_per_atom=58.8 meV, RMSE_F=57.4 meV / A, RMSE_Mu_per_atom=2.14 mDebye
2023-11-30 16:12:59.400 INFO: Epoch 170: loss=0.3796, RMSE_E_per_atom=55.4 meV, RMSE_F=61.3 meV / A, RMSE_Mu_per_atom=2.25 mDebye
2023-11-30 16:13:00.683 INFO: Epoch 172: loss=0.5956, RMSE_E_per_atom=52.0 meV, RMSE_F=77.0 meV / A, RMSE_Mu_per_atom=2.38 mDebye
2023-11-30 16:13:01.968 INFO: Epoch 174: loss=0.7696, RMSE_E_per_atom=36.1 meV, RMSE_F=87.6 meV / A, RMSE_Mu_per_atom=2.62 mDebye
2023-11-30 16:13:03.259 INFO: Epoch 176: loss=0.8773, RMSE_E_per_atom=44.6 meV, RMSE_F=93.5 meV / A, RMSE_Mu_per_atom=3.47 mDebye
2023-11-30 16:13:04.543 INFO: Epoch 178: loss=0.3916, RMSE_E_per_atom=51.8 meV, RMSE_F=62.2 meV / A, RMSE_Mu_per_atom=4.69 mDebye
2023-11-30 16:13:05.829 INFO: Epoch 180: loss=0.5932, RMSE_E_per_atom=57.2 meV, RMSE_F=76.7 meV / A, RMSE_Mu_per_atom=4.55 mDebye
2023-11-30 16:13:07.114 INFO: Epoch 182: loss=0.6219, RMSE_E_per_atom=53.5 meV, RMSE_F=78.6 meV / A, RMSE_Mu_per_atom=3.91 mDebye
2023-11-30 16:13:08.400 INFO: Epoch 184: loss=0.4174, RMSE_E_per_atom=55.8 meV, RMSE_F=64.3 meV / A, RMSE_Mu_per_atom=2.79 mDebye
2023-11-30 16:13:09.684 INFO: Epoch 186: loss=0.3044, RMSE_E_per_atom=50.6 meV, RMSE_F=54.9 meV / A, RMSE_Mu_per_atom=2.38 mDebye
2023-11-30 16:13:11.233 INFO: Epoch 188: loss=0.3645, RMSE_E_per_atom=45.8 meV, RMSE_F=60.2 meV / A, RMSE_Mu_per_atom=2.40 mDebye
2023-11-30 16:13:12.518 INFO: Epoch 190: loss=0.4717, RMSE_E_per_atom=62.1 meV, RMSE_F=68.4 meV / A, RMSE_Mu_per_atom=2.54 mDebye
2023-11-30 16:13:13.802 INFO: Epoch 192: loss=0.3056, RMSE_E_per_atom=46.7 meV, RMSE_F=55.0 meV / A, RMSE_Mu_per_atom=2.32 mDebye
2023-11-30 16:13:15.087 INFO: Epoch 194: loss=0.3531, RMSE_E_per_atom=50.6 meV, RMSE_F=59.1 meV / A, RMSE_Mu_per_atom=2.61 mDebye
2023-11-30 16:13:16.371 INFO: Epoch 196: loss=1.6432, RMSE_E_per_atom=56.8 meV, RMSE_F=128.0 meV / A, RMSE_Mu_per_atom=2.32 mDebye
2023-11-30 16:13:17.657 INFO: Epoch 198: loss=0.8718, RMSE_E_per_atom=58.4 meV, RMSE_F=93.1 meV / A, RMSE_Mu_per_atom=3.39 mDebye
2023-11-30 16:13:18.939 INFO: Epoch 200: loss=0.5266, RMSE_E_per_atom=100.1 meV, RMSE_F=71.8 meV / A, RMSE_Mu_per_atom=2.66 mDebye
2023-11-30 16:13:20.222 INFO: Epoch 202: loss=0.6683, RMSE_E_per_atom=91.9 meV, RMSE_F=81.2 meV / A, RMSE_Mu_per_atom=2.42 mDebye
2023-11-30 16:13:21.504 INFO: Epoch 204: loss=0.9317, RMSE_E_per_atom=96.3 meV, RMSE_F=96.0 meV / A, RMSE_Mu_per_atom=2.45 mDebye
2023-11-30 16:13:22.788 INFO: Epoch 206: loss=0.5635, RMSE_E_per_atom=87.3 meV, RMSE_F=74.5 meV / A, RMSE_Mu_per_atom=2.47 mDebye
2023-11-30 16:13:24.074 INFO: Epoch 208: loss=0.3617, RMSE_E_per_atom=66.3 meV, RMSE_F=59.7 meV / A, RMSE_Mu_per_atom=2.28 mDebye
2023-11-30 16:13:25.360 INFO: Epoch 210: loss=0.5314, RMSE_E_per_atom=57.8 meV, RMSE_F=72.6 meV / A, RMSE_Mu_per_atom=2.89 mDebye
2023-11-30 16:13:26.645 INFO: Epoch 212: loss=0.3415, RMSE_E_per_atom=38.5 meV, RMSE_F=58.3 meV / A, RMSE_Mu_per_atom=2.16 mDebye
2023-11-30 16:13:27.934 INFO: Epoch 214: loss=0.5311, RMSE_E_per_atom=36.6 meV, RMSE_F=72.8 meV / A, RMSE_Mu_per_atom=2.20 mDebye
2023-11-30 16:13:29.221 INFO: Epoch 216: loss=0.3778, RMSE_E_per_atom=52.4 meV, RMSE_F=61.2 meV / A, RMSE_Mu_per_atom=2.26 mDebye
2023-11-30 16:13:30.507 INFO: Epoch 218: loss=1.2112, RMSE_E_per_atom=70.3 meV, RMSE_F=109.7 meV / A, RMSE_Mu_per_atom=5.96 mDebye
2023-11-30 16:13:31.795 INFO: Epoch 220: loss=0.7779, RMSE_E_per_atom=81.6 meV, RMSE_F=87.8 meV / A, RMSE_Mu_per_atom=2.28 mDebye
2023-11-30 16:13:33.081 INFO: Epoch 222: loss=0.5261, RMSE_E_per_atom=79.4 meV, RMSE_F=72.1 meV / A, RMSE_Mu_per_atom=2.56 mDebye
2023-11-30 16:13:34.369 INFO: Epoch 224: loss=0.7112, RMSE_E_per_atom=67.7 meV, RMSE_F=84.0 meV / A, RMSE_Mu_per_atom=3.08 mDebye
2023-11-30 16:13:35.659 INFO: Epoch 226: loss=0.3493, RMSE_E_per_atom=65.5 meV, RMSE_F=58.6 meV / A, RMSE_Mu_per_atom=3.62 mDebye
2023-11-30 16:13:36.952 INFO: Epoch 228: loss=0.3660, RMSE_E_per_atom=53.0 meV, RMSE_F=60.2 meV / A, RMSE_Mu_per_atom=2.86 mDebye
2023-11-30 16:13:38.241 INFO: Epoch 230: loss=0.3282, RMSE_E_per_atom=34.9 meV, RMSE_F=57.1 meV / A, RMSE_Mu_per_atom=2.40 mDebye
2023-11-30 16:13:39.531 INFO: Epoch 232: loss=0.6297, RMSE_E_per_atom=31.7 meV, RMSE_F=79.2 meV / A, RMSE_Mu_per_atom=2.61 mDebye
2023-11-30 16:13:40.822 INFO: Epoch 234: loss=0.5288, RMSE_E_per_atom=40.9 meV, RMSE_F=72.6 meV / A, RMSE_Mu_per_atom=2.66 mDebye
2023-11-30 16:13:42.112 INFO: Epoch 236: loss=0.4527, RMSE_E_per_atom=32.0 meV, RMSE_F=67.2 meV / A, RMSE_Mu_per_atom=2.63 mDebye
2023-11-30 16:13:43.402 INFO: Epoch 238: loss=0.4599, RMSE_E_per_atom=49.0 meV, RMSE_F=67.6 meV / A, RMSE_Mu_per_atom=2.22 mDebye
2023-11-30 16:13:44.690 INFO: Epoch 240: loss=0.3386, RMSE_E_per_atom=52.4 meV, RMSE_F=57.9 meV / A, RMSE_Mu_per_atom=2.38 mDebye
2023-11-30 16:13:45.981 INFO: Epoch 242: loss=0.3750, RMSE_E_per_atom=42.9 meV, RMSE_F=61.0 meV / A, RMSE_Mu_per_atom=2.32 mDebye
2023-11-30 16:13:47.271 INFO: Epoch 244: loss=0.2222, RMSE_E_per_atom=41.1 meV, RMSE_F=46.9 meV / A, RMSE_Mu_per_atom=2.33 mDebye
2023-11-30 16:13:48.826 INFO: Epoch 246: loss=0.2459, RMSE_E_per_atom=31.9 meV, RMSE_F=49.4 meV / A, RMSE_Mu_per_atom=2.40 mDebye
2023-11-30 16:13:50.117 INFO: Epoch 248: loss=0.2654, RMSE_E_per_atom=27.2 meV, RMSE_F=51.4 meV / A, RMSE_Mu_per_atom=2.88 mDebye
2023-11-30 16:13:51.407 INFO: Epoch 250: loss=0.3264, RMSE_E_per_atom=25.0 meV, RMSE_F=57.0 meV / A, RMSE_Mu_per_atom=3.17 mDebye
2023-11-30 16:13:52.694 INFO: Epoch 252: loss=0.5969, RMSE_E_per_atom=37.4 meV, RMSE_F=77.1 meV / A, RMSE_Mu_per_atom=3.07 mDebye
2023-11-30 16:13:53.982 INFO: Epoch 254: loss=0.2753, RMSE_E_per_atom=34.0 meV, RMSE_F=52.3 meV / A, RMSE_Mu_per_atom=3.19 mDebye
2023-11-30 16:13:55.270 INFO: Epoch 256: loss=0.8398, RMSE_E_per_atom=39.6 meV, RMSE_F=91.5 meV / A, RMSE_Mu_per_atom=2.53 mDebye
2023-11-30 16:13:56.557 INFO: Epoch 258: loss=1.0419, RMSE_E_per_atom=57.2 meV, RMSE_F=101.9 meV / A, RMSE_Mu_per_atom=2.59 mDebye
2023-11-30 16:13:57.845 INFO: Epoch 260: loss=0.3673, RMSE_E_per_atom=61.4 meV, RMSE_F=60.2 meV / A, RMSE_Mu_per_atom=2.69 mDebye
2023-11-30 16:13:59.137 INFO: Epoch 262: loss=0.4669, RMSE_E_per_atom=44.5 meV, RMSE_F=68.1 meV / A, RMSE_Mu_per_atom=4.13 mDebye
2023-11-30 16:14:00.427 INFO: Epoch 264: loss=0.3160, RMSE_E_per_atom=33.1 meV, RMSE_F=55.9 meV / A, RMSE_Mu_per_atom=4.43 mDebye
2023-11-30 16:14:01.715 INFO: Epoch 266: loss=0.3205, RMSE_E_per_atom=32.6 meV, RMSE_F=56.4 meV / A, RMSE_Mu_per_atom=4.06 mDebye
2023-11-30 16:14:03.004 INFO: Epoch 268: loss=0.3921, RMSE_E_per_atom=42.7 meV, RMSE_F=62.4 meV / A, RMSE_Mu_per_atom=2.50 mDebye
2023-11-30 16:14:04.293 INFO: Epoch 270: loss=1.0451, RMSE_E_per_atom=49.4 meV, RMSE_F=102.1 meV / A, RMSE_Mu_per_atom=2.89 mDebye
2023-11-30 16:14:05.584 INFO: Epoch 272: loss=0.3206, RMSE_E_per_atom=41.0 meV, RMSE_F=56.4 meV / A, RMSE_Mu_per_atom=2.50 mDebye
2023-11-30 16:14:06.873 INFO: Epoch 274: loss=0.2877, RMSE_E_per_atom=48.8 meV, RMSE_F=53.3 meV / A, RMSE_Mu_per_atom=2.72 mDebye
2023-11-30 16:14:08.164 INFO: Epoch 276: loss=0.3230, RMSE_E_per_atom=37.2 meV, RMSE_F=56.6 meV / A, RMSE_Mu_per_atom=2.64 mDebye
2023-11-30 16:14:09.452 INFO: Epoch 278: loss=0.2198, RMSE_E_per_atom=30.1 meV, RMSE_F=46.7 meV / A, RMSE_Mu_per_atom=2.42 mDebye
2023-11-30 16:14:11.006 INFO: Epoch 280: loss=0.1825, RMSE_E_per_atom=34.6 meV, RMSE_F=42.5 meV / A, RMSE_Mu_per_atom=2.59 mDebye
2023-11-30 16:14:12.557 INFO: Epoch 282: loss=0.1484, RMSE_E_per_atom=29.5 meV, RMSE_F=38.3 meV / A, RMSE_Mu_per_atom=2.64 mDebye
2023-11-30 16:14:14.110 INFO: Epoch 284: loss=0.2629, RMSE_E_per_atom=27.9 meV, RMSE_F=51.1 meV / A, RMSE_Mu_per_atom=2.67 mDebye
2023-11-30 16:14:15.398 INFO: Epoch 286: loss=0.2131, RMSE_E_per_atom=12.2 meV, RMSE_F=46.0 meV / A, RMSE_Mu_per_atom=3.61 mDebye
2023-11-30 16:14:16.687 INFO: Epoch 288: loss=0.1965, RMSE_E_per_atom=15.3 meV, RMSE_F=44.1 meV / A, RMSE_Mu_per_atom=3.79 mDebye
2023-11-30 16:14:17.973 INFO: Epoch 290: loss=0.2015, RMSE_E_per_atom=14.6 meV, RMSE_F=44.7 meV / A, RMSE_Mu_per_atom=3.23 mDebye
2023-11-30 16:14:19.263 INFO: Epoch 292: loss=0.1459, RMSE_E_per_atom=17.2 meV, RMSE_F=38.0 meV / A, RMSE_Mu_per_atom=2.90 mDebye
2023-11-30 16:14:20.818 INFO: Epoch 294: loss=0.2803, RMSE_E_per_atom=17.3 meV, RMSE_F=52.8 meV / A, RMSE_Mu_per_atom=2.58 mDebye
2023-11-30 16:14:22.107 INFO: Epoch 296: loss=0.3096, RMSE_E_per_atom=12.2 meV, RMSE_F=55.6 meV / A, RMSE_Mu_per_atom=2.43 mDebye
2023-11-30 16:14:23.396 INFO: Epoch 298: loss=0.4840, RMSE_E_per_atom=15.7 meV, RMSE_F=69.5 meV / A, RMSE_Mu_per_atom=2.35 mDebye
2023-11-30 16:14:24.685 INFO: Epoch 300: loss=0.1724, RMSE_E_per_atom=23.8 meV, RMSE_F=41.4 meV / A, RMSE_Mu_per_atom=2.25 mDebye
2023-11-30 16:14:25.974 INFO: Epoch 302: loss=0.2021, RMSE_E_per_atom=33.1 meV, RMSE_F=44.8 meV / A, RMSE_Mu_per_atom=2.40 mDebye
2023-11-30 16:14:27.263 INFO: Epoch 304: loss=0.3345, RMSE_E_per_atom=25.6 meV, RMSE_F=57.7 meV / A, RMSE_Mu_per_atom=2.74 mDebye
2023-11-30 16:14:28.552 INFO: Epoch 306: loss=0.2888, RMSE_E_per_atom=32.1 meV, RMSE_F=53.6 meV / A, RMSE_Mu_per_atom=2.36 mDebye
2023-11-30 16:14:29.841 INFO: Epoch 308: loss=0.3184, RMSE_E_per_atom=27.9 meV, RMSE_F=56.3 meV / A, RMSE_Mu_per_atom=2.24 mDebye
2023-11-30 16:14:31.128 INFO: Epoch 310: loss=0.2090, RMSE_E_per_atom=22.0 meV, RMSE_F=45.6 meV / A, RMSE_Mu_per_atom=2.36 mDebye
2023-11-30 16:14:32.417 INFO: Epoch 312: loss=0.2557, RMSE_E_per_atom=22.0 meV, RMSE_F=50.4 meV / A, RMSE_Mu_per_atom=2.62 mDebye
2023-11-30 16:14:33.705 INFO: Epoch 314: loss=0.2289, RMSE_E_per_atom=17.7 meV, RMSE_F=47.7 meV / A, RMSE_Mu_per_atom=2.64 mDebye
2023-11-30 16:14:34.995 INFO: Epoch 316: loss=0.3600, RMSE_E_per_atom=17.8 meV, RMSE_F=59.9 meV / A, RMSE_Mu_per_atom=2.23 mDebye
2023-11-30 16:14:36.284 INFO: Epoch 318: loss=0.3457, RMSE_E_per_atom=22.3 meV, RMSE_F=58.7 meV / A, RMSE_Mu_per_atom=2.39 mDebye
2023-11-30 16:14:37.570 INFO: Epoch 320: loss=0.2693, RMSE_E_per_atom=27.2 meV, RMSE_F=51.7 meV / A, RMSE_Mu_per_atom=2.80 mDebye
2023-11-30 16:14:38.855 INFO: Epoch 322: loss=0.4668, RMSE_E_per_atom=27.4 meV, RMSE_F=68.2 meV / A, RMSE_Mu_per_atom=2.85 mDebye
2023-11-30 16:14:40.140 INFO: Epoch 324: loss=0.5088, RMSE_E_per_atom=23.8 meV, RMSE_F=71.3 meV / A, RMSE_Mu_per_atom=2.35 mDebye
2023-11-30 16:14:41.430 INFO: Epoch 326: loss=0.1921, RMSE_E_per_atom=31.4 meV, RMSE_F=43.6 meV / A, RMSE_Mu_per_atom=2.60 mDebye
2023-11-30 16:14:42.718 INFO: Epoch 328: loss=0.1770, RMSE_E_per_atom=23.9 meV, RMSE_F=41.9 meV / A, RMSE_Mu_per_atom=2.71 mDebye
2023-11-30 16:14:44.010 INFO: Epoch 330: loss=0.1343, RMSE_E_per_atom=12.4 meV, RMSE_F=36.5 meV / A, RMSE_Mu_per_atom=2.59 mDebye
2023-11-30 16:14:45.567 INFO: Epoch 332: loss=0.1292, RMSE_E_per_atom=14.0 meV, RMSE_F=35.8 meV / A, RMSE_Mu_per_atom=2.55 mDebye
2023-11-30 16:14:47.117 INFO: Epoch 334: loss=0.1477, RMSE_E_per_atom=12.3 meV, RMSE_F=38.3 meV / A, RMSE_Mu_per_atom=2.42 mDebye
2023-11-30 16:14:48.408 INFO: Epoch 336: loss=0.1418, RMSE_E_per_atom=11.2 meV, RMSE_F=37.6 meV / A, RMSE_Mu_per_atom=2.53 mDebye
2023-11-30 16:14:49.697 INFO: Epoch 338: loss=0.1247, RMSE_E_per_atom=10.0 meV, RMSE_F=35.2 meV / A, RMSE_Mu_per_atom=2.70 mDebye
2023-11-30 16:14:51.251 INFO: Epoch 340: loss=0.2309, RMSE_E_per_atom=13.1 meV, RMSE_F=47.9 meV / A, RMSE_Mu_per_atom=2.84 mDebye
2023-11-30 16:14:52.536 INFO: Epoch 342: loss=0.1766, RMSE_E_per_atom=12.3 meV, RMSE_F=41.9 meV / A, RMSE_Mu_per_atom=2.94 mDebye
2023-11-30 16:14:53.824 INFO: Epoch 344: loss=0.1769, RMSE_E_per_atom=16.2 meV, RMSE_F=42.0 meV / A, RMSE_Mu_per_atom=2.58 mDebye
2023-11-30 16:14:55.117 INFO: Epoch 346: loss=0.1960, RMSE_E_per_atom=13.3 meV, RMSE_F=44.2 meV / A, RMSE_Mu_per_atom=2.18 mDebye
2023-11-30 16:14:56.408 INFO: Epoch 348: loss=0.4951, RMSE_E_per_atom=11.7 meV, RMSE_F=70.3 meV / A, RMSE_Mu_per_atom=2.24 mDebye
2023-11-30 16:14:57.698 INFO: Epoch 350: loss=0.2561, RMSE_E_per_atom=19.7 meV, RMSE_F=50.5 meV / A, RMSE_Mu_per_atom=2.11 mDebye
2023-11-30 16:14:58.989 INFO: Epoch 352: loss=0.1301, RMSE_E_per_atom=21.0 meV, RMSE_F=35.9 meV / A, RMSE_Mu_per_atom=2.26 mDebye
2023-11-30 16:15:00.281 INFO: Epoch 354: loss=0.1302, RMSE_E_per_atom=19.2 meV, RMSE_F=36.0 meV / A, RMSE_Mu_per_atom=2.29 mDebye
2023-11-30 16:15:01.570 INFO: Epoch 356: loss=0.2352, RMSE_E_per_atom=18.5 meV, RMSE_F=48.4 meV / A, RMSE_Mu_per_atom=2.20 mDebye
2023-11-30 16:15:02.859 INFO: Epoch 358: loss=0.2720, RMSE_E_per_atom=19.2 meV, RMSE_F=52.1 meV / A, RMSE_Mu_per_atom=2.45 mDebye
2023-11-30 16:15:04.147 INFO: Epoch 360: loss=0.7548, RMSE_E_per_atom=29.0 meV, RMSE_F=86.8 meV / A, RMSE_Mu_per_atom=2.43 mDebye
2023-11-30 16:15:05.435 INFO: Epoch 362: loss=0.7583, RMSE_E_per_atom=30.0 meV, RMSE_F=87.0 meV / A, RMSE_Mu_per_atom=2.13 mDebye
2023-11-30 16:15:06.724 INFO: Epoch 364: loss=0.2218, RMSE_E_per_atom=39.0 meV, RMSE_F=46.9 meV / A, RMSE_Mu_per_atom=2.40 mDebye
2023-11-30 16:15:08.014 INFO: Epoch 366: loss=0.2116, RMSE_E_per_atom=35.8 meV, RMSE_F=45.8 meV / A, RMSE_Mu_per_atom=2.17 mDebye
2023-11-30 16:15:09.306 INFO: Epoch 368: loss=0.2436, RMSE_E_per_atom=32.5 meV, RMSE_F=49.2 meV / A, RMSE_Mu_per_atom=2.24 mDebye
2023-11-30 16:15:10.597 INFO: Epoch 370: loss=0.1356, RMSE_E_per_atom=27.7 meV, RMSE_F=36.6 meV / A, RMSE_Mu_per_atom=2.22 mDebye
2023-11-30 16:15:11.886 INFO: Epoch 372: loss=0.2313, RMSE_E_per_atom=24.6 meV, RMSE_F=48.0 meV / A, RMSE_Mu_per_atom=2.01 mDebye
2023-11-30 16:15:13.175 INFO: Epoch 374: loss=0.1447, RMSE_E_per_atom=17.6 meV, RMSE_F=37.9 meV / A, RMSE_Mu_per_atom=2.07 mDebye
2023-11-30 16:15:14.461 INFO: Epoch 376: loss=0.1827, RMSE_E_per_atom=12.1 meV, RMSE_F=42.7 meV / A, RMSE_Mu_per_atom=2.05 mDebye
2023-11-30 16:15:15.751 INFO: Epoch 378: loss=0.1900, RMSE_E_per_atom=4.9 meV, RMSE_F=43.5 meV / A, RMSE_Mu_per_atom=2.15 mDebye
2023-11-30 16:15:17.041 INFO: Epoch 380: loss=0.2472, RMSE_E_per_atom=10.9 meV, RMSE_F=49.7 meV / A, RMSE_Mu_per_atom=2.15 mDebye
2023-11-30 16:15:18.329 INFO: Epoch 382: loss=0.4067, RMSE_E_per_atom=8.9 meV, RMSE_F=63.7 meV / A, RMSE_Mu_per_atom=2.00 mDebye
2023-11-30 16:15:19.619 INFO: Epoch 384: loss=0.2498, RMSE_E_per_atom=23.2 meV, RMSE_F=49.9 meV / A, RMSE_Mu_per_atom=2.27 mDebye
2023-11-30 16:15:20.910 INFO: Epoch 386: loss=0.1868, RMSE_E_per_atom=29.2 meV, RMSE_F=43.1 meV / A, RMSE_Mu_per_atom=2.24 mDebye
2023-11-30 16:15:22.200 INFO: Epoch 388: loss=0.8409, RMSE_E_per_atom=47.0 meV, RMSE_F=91.6 meV / A, RMSE_Mu_per_atom=1.99 mDebye
2023-11-30 16:15:23.486 INFO: Epoch 390: loss=0.2089, RMSE_E_per_atom=46.1 meV, RMSE_F=45.4 meV / A, RMSE_Mu_per_atom=2.34 mDebye
2023-11-30 16:15:24.775 INFO: Epoch 392: loss=0.1928, RMSE_E_per_atom=46.9 meV, RMSE_F=43.6 meV / A, RMSE_Mu_per_atom=2.11 mDebye
2023-11-30 16:15:26.065 INFO: Epoch 394: loss=0.2598, RMSE_E_per_atom=41.4 meV, RMSE_F=50.8 meV / A, RMSE_Mu_per_atom=2.15 mDebye
2023-11-30 16:15:27.354 INFO: Epoch 396: loss=0.1878, RMSE_E_per_atom=36.2 meV, RMSE_F=43.1 meV / A, RMSE_Mu_per_atom=2.07 mDebye
2023-11-30 16:15:28.643 INFO: Epoch 398: loss=0.1275, RMSE_E_per_atom=29.4 meV, RMSE_F=35.5 meV / A, RMSE_Mu_per_atom=2.13 mDebye
2023-11-30 16:15:29.935 INFO: Epoch 400: loss=0.0963, RMSE_E_per_atom=21.4 meV, RMSE_F=30.9 meV / A, RMSE_Mu_per_atom=2.12 mDebye
2023-11-30 16:15:31.489 INFO: Epoch 402: loss=0.0987, RMSE_E_per_atom=18.5 meV, RMSE_F=31.3 meV / A, RMSE_Mu_per_atom=2.34 mDebye
2023-11-30 16:15:32.781 INFO: Epoch 404: loss=0.1069, RMSE_E_per_atom=14.5 meV, RMSE_F=32.6 meV / A, RMSE_Mu_per_atom=2.50 mDebye
2023-11-30 16:15:34.067 INFO: Epoch 406: loss=0.0998, RMSE_E_per_atom=11.4 meV, RMSE_F=31.5 meV / A, RMSE_Mu_per_atom=2.38 mDebye
2023-11-30 16:15:35.358 INFO: Epoch 408: loss=0.0896, RMSE_E_per_atom=10.0 meV, RMSE_F=29.8 meV / A, RMSE_Mu_per_atom=2.36 mDebye
2023-11-30 16:15:36.914 INFO: Epoch 410: loss=0.0845, RMSE_E_per_atom=10.4 meV, RMSE_F=29.0 meV / A, RMSE_Mu_per_atom=2.18 mDebye
2023-11-30 16:15:38.468 INFO: Epoch 412: loss=0.0987, RMSE_E_per_atom=7.1 meV, RMSE_F=31.3 meV / A, RMSE_Mu_per_atom=2.18 mDebye
2023-11-30 16:15:39.755 INFO: Epoch 414: loss=0.0941, RMSE_E_per_atom=6.2 meV, RMSE_F=30.6 meV / A, RMSE_Mu_per_atom=2.11 mDebye
2023-11-30 16:15:41.046 INFO: Epoch 416: loss=0.1128, RMSE_E_per_atom=5.6 meV, RMSE_F=33.5 meV / A, RMSE_Mu_per_atom=2.36 mDebye
2023-11-30 16:15:42.335 INFO: Epoch 418: loss=0.1316, RMSE_E_per_atom=6.5 meV, RMSE_F=36.2 meV / A, RMSE_Mu_per_atom=2.26 mDebye
2023-11-30 16:15:43.623 INFO: Epoch 420: loss=0.0845, RMSE_E_per_atom=4.6 meV, RMSE_F=29.0 meV / A, RMSE_Mu_per_atom=2.18 mDebye
2023-11-30 16:15:45.179 INFO: Epoch 422: loss=0.0897, RMSE_E_per_atom=8.0 meV, RMSE_F=29.9 meV / A, RMSE_Mu_per_atom=2.18 mDebye
2023-11-30 16:15:46.466 INFO: Epoch 424: loss=0.1041, RMSE_E_per_atom=7.2 meV, RMSE_F=32.2 meV / A, RMSE_Mu_per_atom=2.10 mDebye
2023-11-30 16:15:47.753 INFO: Epoch 426: loss=0.1056, RMSE_E_per_atom=8.6 meV, RMSE_F=32.4 meV / A, RMSE_Mu_per_atom=2.09 mDebye
2023-11-30 16:15:49.042 INFO: Epoch 428: loss=0.1004, RMSE_E_per_atom=6.2 meV, RMSE_F=31.6 meV / A, RMSE_Mu_per_atom=2.13 mDebye
2023-11-30 16:15:50.331 INFO: Epoch 430: loss=0.0885, RMSE_E_per_atom=5.8 meV, RMSE_F=29.7 meV / A, RMSE_Mu_per_atom=2.23 mDebye
2023-11-30 16:15:51.621 INFO: Epoch 432: loss=0.0747, RMSE_E_per_atom=6.4 meV, RMSE_F=27.2 meV / A, RMSE_Mu_per_atom=2.32 mDebye
2023-11-30 16:15:53.175 INFO: Epoch 434: loss=0.0770, RMSE_E_per_atom=5.1 meV, RMSE_F=27.7 meV / A, RMSE_Mu_per_atom=2.09 mDebye
2023-11-30 16:15:54.461 INFO: Epoch 436: loss=0.0860, RMSE_E_per_atom=7.2 meV, RMSE_F=29.2 meV / A, RMSE_Mu_per_atom=2.11 mDebye
2023-11-30 16:15:55.751 INFO: Epoch 438: loss=0.0907, RMSE_E_per_atom=5.9 meV, RMSE_F=30.0 meV / A, RMSE_Mu_per_atom=2.24 mDebye
2023-11-30 16:15:57.041 INFO: Epoch 440: loss=0.0814, RMSE_E_per_atom=4.4 meV, RMSE_F=28.4 meV / A, RMSE_Mu_per_atom=2.24 mDebye
2023-11-30 16:15:58.330 INFO: Epoch 442: loss=0.1026, RMSE_E_per_atom=4.4 meV, RMSE_F=32.0 meV / A, RMSE_Mu_per_atom=2.04 mDebye
2023-11-30 16:15:59.620 INFO: Epoch 444: loss=0.0845, RMSE_E_per_atom=5.5 meV, RMSE_F=29.0 meV / A, RMSE_Mu_per_atom=2.06 mDebye
2023-11-30 16:16:00.910 INFO: Epoch 446: loss=0.0765, RMSE_E_per_atom=5.1 meV, RMSE_F=27.6 meV / A, RMSE_Mu_per_atom=1.96 mDebye
2023-11-30 16:16:02.197 INFO: Epoch 448: loss=0.0880, RMSE_E_per_atom=5.4 meV, RMSE_F=29.6 meV / A, RMSE_Mu_per_atom=2.07 mDebye
2023-11-30 16:16:03.487 INFO: Epoch 450: loss=0.0820, RMSE_E_per_atom=4.1 meV, RMSE_F=28.6 meV / A, RMSE_Mu_per_atom=2.05 mDebye
2023-11-30 16:16:04.776 INFO: Epoch 452: loss=0.0912, RMSE_E_per_atom=4.9 meV, RMSE_F=30.1 meV / A, RMSE_Mu_per_atom=2.16 mDebye
2023-11-30 16:16:06.064 INFO: Epoch 454: loss=0.1050, RMSE_E_per_atom=10.4 meV, RMSE_F=32.3 meV / A, RMSE_Mu_per_atom=1.97 mDebye
2023-11-30 16:16:07.354 INFO: Epoch 456: loss=0.0814, RMSE_E_per_atom=6.1 meV, RMSE_F=28.5 meV / A, RMSE_Mu_per_atom=1.99 mDebye
2023-11-30 16:16:08.643 INFO: Epoch 458: loss=0.0954, RMSE_E_per_atom=8.2 meV, RMSE_F=30.8 meV / A, RMSE_Mu_per_atom=2.05 mDebye
2023-11-30 16:16:09.932 INFO: Epoch 460: loss=0.0615, RMSE_E_per_atom=5.7 meV, RMSE_F=24.7 meV / A, RMSE_Mu_per_atom=2.04 mDebye
2023-11-30 16:16:11.488 INFO: Epoch 462: loss=0.0877, RMSE_E_per_atom=6.8 meV, RMSE_F=29.5 meV / A, RMSE_Mu_per_atom=1.93 mDebye
2023-11-30 16:16:12.776 INFO: Epoch 464: loss=0.0792, RMSE_E_per_atom=6.3 meV, RMSE_F=28.1 meV / A, RMSE_Mu_per_atom=1.99 mDebye
2023-11-30 16:16:14.067 INFO: Epoch 466: loss=0.0905, RMSE_E_per_atom=6.5 meV, RMSE_F=30.0 meV / A, RMSE_Mu_per_atom=2.09 mDebye
2023-11-30 16:16:15.358 INFO: Epoch 468: loss=0.0957, RMSE_E_per_atom=5.7 meV, RMSE_F=30.9 meV / A, RMSE_Mu_per_atom=2.11 mDebye
2023-11-30 16:16:16.648 INFO: Epoch 470: loss=0.1406, RMSE_E_per_atom=7.5 meV, RMSE_F=37.4 meV / A, RMSE_Mu_per_atom=2.38 mDebye
2023-11-30 16:16:17.935 INFO: Epoch 472: loss=0.1561, RMSE_E_per_atom=7.2 meV, RMSE_F=39.4 meV / A, RMSE_Mu_per_atom=2.14 mDebye
2023-11-30 16:16:19.226 INFO: Epoch 474: loss=0.1109, RMSE_E_per_atom=10.3 meV, RMSE_F=33.2 meV / A, RMSE_Mu_per_atom=2.12 mDebye
2023-11-30 16:16:20.514 INFO: Epoch 476: loss=0.1450, RMSE_E_per_atom=8.7 meV, RMSE_F=38.0 meV / A, RMSE_Mu_per_atom=1.98 mDebye
2023-11-30 16:16:21.804 INFO: Epoch 478: loss=0.1234, RMSE_E_per_atom=6.5 meV, RMSE_F=35.1 meV / A, RMSE_Mu_per_atom=1.90 mDebye
2023-11-30 16:16:23.095 INFO: Epoch 480: loss=0.0557, RMSE_E_per_atom=6.6 meV, RMSE_F=23.5 meV / A, RMSE_Mu_per_atom=2.13 mDebye
2023-11-30 16:16:24.648 INFO: Epoch 482: loss=0.1183, RMSE_E_per_atom=5.4 meV, RMSE_F=34.3 meV / A, RMSE_Mu_per_atom=1.96 mDebye
2023-11-30 16:16:25.937 INFO: Epoch 484: loss=0.1260, RMSE_E_per_atom=7.6 meV, RMSE_F=35.4 meV / A, RMSE_Mu_per_atom=1.93 mDebye
2023-11-30 16:16:27.227 INFO: Epoch 486: loss=0.0804, RMSE_E_per_atom=6.3 meV, RMSE_F=28.3 meV / A, RMSE_Mu_per_atom=1.94 mDebye
2023-11-30 16:16:28.515 INFO: Epoch 488: loss=0.0657, RMSE_E_per_atom=8.2 meV, RMSE_F=25.5 meV / A, RMSE_Mu_per_atom=1.99 mDebye
2023-11-30 16:16:29.803 INFO: Epoch 490: loss=0.0728, RMSE_E_per_atom=7.2 meV, RMSE_F=26.9 meV / A, RMSE_Mu_per_atom=2.24 mDebye
2023-11-30 16:16:31.097 INFO: Epoch 492: loss=0.0738, RMSE_E_per_atom=8.9 meV, RMSE_F=27.1 meV / A, RMSE_Mu_per_atom=2.27 mDebye
2023-11-30 16:16:32.386 INFO: Epoch 494: loss=0.1147, RMSE_E_per_atom=6.9 meV, RMSE_F=33.8 meV / A, RMSE_Mu_per_atom=2.18 mDebye
2023-11-30 16:16:33.676 INFO: Epoch 496: loss=0.0515, RMSE_E_per_atom=7.1 meV, RMSE_F=22.6 meV / A, RMSE_Mu_per_atom=1.92 mDebye
2023-11-30 16:16:35.231 INFO: Epoch 498: loss=0.0880, RMSE_E_per_atom=6.9 meV, RMSE_F=29.6 meV / A, RMSE_Mu_per_atom=1.96 mDebye
2023-11-30 16:16:36.522 INFO: Epoch 500: loss=0.2709, RMSE_E_per_atom=4.0 meV, RMSE_F=52.0 meV / A, RMSE_Mu_per_atom=2.11 mDebye
2023-11-30 16:16:37.812 INFO: Epoch 502: loss=0.1570, RMSE_E_per_atom=8.9 meV, RMSE_F=39.5 meV / A, RMSE_Mu_per_atom=2.38 mDebye
2023-11-30 16:16:39.102 INFO: Epoch 504: loss=0.1223, RMSE_E_per_atom=10.6 meV, RMSE_F=34.9 meV / A, RMSE_Mu_per_atom=2.23 mDebye
2023-11-30 16:16:40.392 INFO: Epoch 506: loss=0.1487, RMSE_E_per_atom=13.7 meV, RMSE_F=38.5 meV / A, RMSE_Mu_per_atom=2.20 mDebye
2023-11-30 16:16:41.682 INFO: Epoch 508: loss=0.0933, RMSE_E_per_atom=13.6 meV, RMSE_F=30.4 meV / A, RMSE_Mu_per_atom=2.01 mDebye
2023-11-30 16:16:42.971 INFO: Epoch 510: loss=0.0692, RMSE_E_per_atom=11.2 meV, RMSE_F=26.2 meV / A, RMSE_Mu_per_atom=1.91 mDebye
2023-11-30 16:16:44.256 INFO: Epoch 512: loss=0.0891, RMSE_E_per_atom=10.6 meV, RMSE_F=29.8 meV / A, RMSE_Mu_per_atom=1.96 mDebye
2023-11-30 16:16:45.546 INFO: Epoch 514: loss=0.1051, RMSE_E_per_atom=9.2 meV, RMSE_F=32.3 meV / A, RMSE_Mu_per_atom=2.08 mDebye
2023-11-30 16:16:46.835 INFO: Epoch 516: loss=0.0840, RMSE_E_per_atom=9.2 meV, RMSE_F=28.9 meV / A, RMSE_Mu_per_atom=2.10 mDebye
2023-11-30 16:16:48.122 INFO: Epoch 518: loss=0.0594, RMSE_E_per_atom=8.8 meV, RMSE_F=24.3 meV / A, RMSE_Mu_per_atom=2.09 mDebye
2023-11-30 16:16:49.408 INFO: Epoch 520: loss=0.0608, RMSE_E_per_atom=8.4 meV, RMSE_F=24.6 meV / A, RMSE_Mu_per_atom=2.10 mDebye
2023-11-30 16:16:50.694 INFO: Epoch 522: loss=0.0729, RMSE_E_per_atom=7.5 meV, RMSE_F=26.9 meV / A, RMSE_Mu_per_atom=2.19 mDebye
2023-11-30 16:16:51.980 INFO: Epoch 524: loss=0.1246, RMSE_E_per_atom=7.1 meV, RMSE_F=35.2 meV / A, RMSE_Mu_per_atom=1.94 mDebye
2023-11-30 16:16:53.270 INFO: Epoch 526: loss=0.0685, RMSE_E_per_atom=10.0 meV, RMSE_F=26.1 meV / A, RMSE_Mu_per_atom=1.95 mDebye
2023-11-30 16:16:54.559 INFO: Epoch 528: loss=0.0717, RMSE_E_per_atom=6.0 meV, RMSE_F=26.7 meV / A, RMSE_Mu_per_atom=1.99 mDebye
2023-11-30 16:16:55.852 INFO: Epoch 530: loss=0.0820, RMSE_E_per_atom=6.4 meV, RMSE_F=28.5 meV / A, RMSE_Mu_per_atom=2.11 mDebye
2023-11-30 16:16:57.141 INFO: Epoch 532: loss=0.0486, RMSE_E_per_atom=6.9 meV, RMSE_F=21.9 meV / A, RMSE_Mu_per_atom=1.94 mDebye
2023-11-30 16:16:58.692 INFO: Epoch 534: loss=0.0674, RMSE_E_per_atom=6.6 meV, RMSE_F=25.9 meV / A, RMSE_Mu_per_atom=2.25 mDebye
2023-11-30 16:16:59.981 INFO: Epoch 536: loss=0.0791, RMSE_E_per_atom=6.3 meV, RMSE_F=28.0 meV / A, RMSE_Mu_per_atom=2.18 mDebye
2023-11-30 16:17:01.267 INFO: Epoch 538: loss=0.0715, RMSE_E_per_atom=7.9 meV, RMSE_F=26.6 meV / A, RMSE_Mu_per_atom=2.02 mDebye
2023-11-30 16:17:02.557 INFO: Epoch 540: loss=0.0511, RMSE_E_per_atom=7.2 meV, RMSE_F=22.5 meV / A, RMSE_Mu_per_atom=2.17 mDebye
2023-11-30 16:17:03.846 INFO: Epoch 542: loss=0.0580, RMSE_E_per_atom=8.6 meV, RMSE_F=24.0 meV / A, RMSE_Mu_per_atom=2.18 mDebye
2023-11-30 16:17:05.136 INFO: Epoch 544: loss=0.0548, RMSE_E_per_atom=7.2 meV, RMSE_F=23.3 meV / A, RMSE_Mu_per_atom=2.11 mDebye
2023-11-30 16:17:06.426 INFO: Epoch 546: loss=0.0624, RMSE_E_per_atom=6.8 meV, RMSE_F=24.9 meV / A, RMSE_Mu_per_atom=2.03 mDebye
2023-11-30 16:17:07.713 INFO: Epoch 548: loss=0.0464, RMSE_E_per_atom=6.2 meV, RMSE_F=21.4 meV / A, RMSE_Mu_per_atom=1.99 mDebye
2023-11-30 16:17:09.264 INFO: Epoch 550: loss=0.0487, RMSE_E_per_atom=5.9 meV, RMSE_F=22.0 meV / A, RMSE_Mu_per_atom=1.86 mDebye
2023-11-30 16:17:10.551 INFO: Epoch 552: loss=0.0472, RMSE_E_per_atom=4.7 meV, RMSE_F=21.6 meV / A, RMSE_Mu_per_atom=1.97 mDebye
2023-11-30 16:17:11.839 INFO: Epoch 554: loss=0.0578, RMSE_E_per_atom=5.3 meV, RMSE_F=23.9 meV / A, RMSE_Mu_per_atom=1.94 mDebye
2023-11-30 16:17:13.125 INFO: Epoch 556: loss=0.0548, RMSE_E_per_atom=5.0 meV, RMSE_F=23.3 meV / A, RMSE_Mu_per_atom=2.09 mDebye
2023-11-30 16:17:14.414 INFO: Epoch 558: loss=0.0478, RMSE_E_per_atom=5.7 meV, RMSE_F=21.8 meV / A, RMSE_Mu_per_atom=2.05 mDebye
2023-11-30 16:17:15.703 INFO: Epoch 560: loss=0.0585, RMSE_E_per_atom=5.4 meV, RMSE_F=24.1 meV / A, RMSE_Mu_per_atom=1.96 mDebye
2023-11-30 16:17:16.991 INFO: Epoch 562: loss=0.0493, RMSE_E_per_atom=4.2 meV, RMSE_F=22.1 meV / A, RMSE_Mu_per_atom=1.95 mDebye
2023-11-30 16:17:18.280 INFO: Epoch 564: loss=0.0480, RMSE_E_per_atom=5.7 meV, RMSE_F=21.8 meV / A, RMSE_Mu_per_atom=1.90 mDebye
2023-11-30 16:17:19.567 INFO: Epoch 566: loss=0.0472, RMSE_E_per_atom=4.8 meV, RMSE_F=21.6 meV / A, RMSE_Mu_per_atom=1.94 mDebye
2023-11-30 16:17:20.856 INFO: Epoch 568: loss=0.0494, RMSE_E_per_atom=4.6 meV, RMSE_F=22.1 meV / A, RMSE_Mu_per_atom=1.91 mDebye
2023-11-30 16:17:22.142 INFO: Epoch 570: loss=0.0599, RMSE_E_per_atom=7.4 meV, RMSE_F=24.4 meV / A, RMSE_Mu_per_atom=1.97 mDebye
2023-11-30 16:17:23.429 INFO: Epoch 572: loss=0.0566, RMSE_E_per_atom=5.8 meV, RMSE_F=23.7 meV / A, RMSE_Mu_per_atom=2.22 mDebye
2023-11-30 16:17:24.716 INFO: Epoch 574: loss=0.0970, RMSE_E_per_atom=5.7 meV, RMSE_F=31.1 meV / A, RMSE_Mu_per_atom=1.96 mDebye
2023-11-30 16:17:26.005 INFO: Epoch 576: loss=0.1013, RMSE_E_per_atom=6.6 meV, RMSE_F=31.8 meV / A, RMSE_Mu_per_atom=2.00 mDebye
2023-11-30 16:17:27.292 INFO: Epoch 578: loss=0.0884, RMSE_E_per_atom=7.0 meV, RMSE_F=29.7 meV / A, RMSE_Mu_per_atom=1.86 mDebye
2023-11-30 16:17:28.582 INFO: Epoch 580: loss=0.0728, RMSE_E_per_atom=7.1 meV, RMSE_F=26.9 meV / A, RMSE_Mu_per_atom=1.98 mDebye
2023-11-30 16:17:29.870 INFO: Epoch 582: loss=0.0976, RMSE_E_per_atom=8.9 meV, RMSE_F=31.2 meV / A, RMSE_Mu_per_atom=1.95 mDebye
2023-11-30 16:17:31.159 INFO: Epoch 584: loss=0.0675, RMSE_E_per_atom=6.6 meV, RMSE_F=25.9 meV / A, RMSE_Mu_per_atom=2.07 mDebye
2023-11-30 16:17:32.445 INFO: Epoch 586: loss=0.1880, RMSE_E_per_atom=11.4 meV, RMSE_F=43.3 meV / A, RMSE_Mu_per_atom=2.10 mDebye
2023-11-30 16:17:33.734 INFO: Epoch 588: loss=0.0976, RMSE_E_per_atom=9.9 meV, RMSE_F=31.2 meV / A, RMSE_Mu_per_atom=1.90 mDebye
2023-11-30 16:17:35.021 INFO: Epoch 590: loss=0.1127, RMSE_E_per_atom=12.8 meV, RMSE_F=33.5 meV / A, RMSE_Mu_per_atom=1.94 mDebye
2023-11-30 16:17:36.310 INFO: Epoch 592: loss=0.0976, RMSE_E_per_atom=15.8 meV, RMSE_F=31.1 meV / A, RMSE_Mu_per_atom=1.92 mDebye
2023-11-30 16:17:37.596 INFO: Epoch 594: loss=0.0910, RMSE_E_per_atom=13.5 meV, RMSE_F=30.1 meV / A, RMSE_Mu_per_atom=2.15 mDebye
2023-11-30 16:17:38.886 INFO: Epoch 596: loss=0.0630, RMSE_E_per_atom=9.6 meV, RMSE_F=25.0 meV / A, RMSE_Mu_per_atom=2.17 mDebye
2023-11-30 16:17:40.177 INFO: Epoch 598: loss=0.0594, RMSE_E_per_atom=12.1 meV, RMSE_F=24.3 meV / A, RMSE_Mu_per_atom=1.91 mDebye
2023-11-30 16:17:41.467 INFO: Epoch 600: loss=0.0571, RMSE_E_per_atom=11.6 meV, RMSE_F=23.8 meV / A, RMSE_Mu_per_atom=2.00 mDebye
2023-11-30 16:17:42.755 INFO: Epoch 602: loss=0.0492, RMSE_E_per_atom=8.9 meV, RMSE_F=22.1 meV / A, RMSE_Mu_per_atom=1.86 mDebye
2023-11-30 16:17:44.042 INFO: Epoch 604: loss=0.0426, RMSE_E_per_atom=7.7 meV, RMSE_F=20.5 meV / A, RMSE_Mu_per_atom=2.04 mDebye
2023-11-30 16:17:45.599 INFO: Epoch 606: loss=0.0475, RMSE_E_per_atom=8.1 meV, RMSE_F=21.7 meV / A, RMSE_Mu_per_atom=1.92 mDebye
2023-11-30 16:17:46.890 INFO: Epoch 608: loss=0.0363, RMSE_E_per_atom=7.4 meV, RMSE_F=18.9 meV / A, RMSE_Mu_per_atom=1.91 mDebye
2023-11-30 16:17:48.447 INFO: Epoch 610: loss=0.0383, RMSE_E_per_atom=6.6 meV, RMSE_F=19.5 meV / A, RMSE_Mu_per_atom=2.00 mDebye
2023-11-30 16:17:49.737 INFO: Epoch 612: loss=0.0405, RMSE_E_per_atom=5.9 meV, RMSE_F=20.0 meV / A, RMSE_Mu_per_atom=2.02 mDebye
2023-11-30 16:17:51.026 INFO: Epoch 614: loss=0.0404, RMSE_E_per_atom=5.4 meV, RMSE_F=20.0 meV / A, RMSE_Mu_per_atom=1.92 mDebye
2023-11-30 16:17:52.314 INFO: Epoch 616: loss=0.0404, RMSE_E_per_atom=5.9 meV, RMSE_F=20.0 meV / A, RMSE_Mu_per_atom=1.91 mDebye
2023-11-30 16:17:53.605 INFO: Epoch 618: loss=0.0374, RMSE_E_per_atom=5.4 meV, RMSE_F=19.2 meV / A, RMSE_Mu_per_atom=1.96 mDebye
2023-11-30 16:17:54.896 INFO: Epoch 620: loss=0.0343, RMSE_E_per_atom=6.4 meV, RMSE_F=18.4 meV / A, RMSE_Mu_per_atom=1.93 mDebye
2023-11-30 16:17:56.454 INFO: Epoch 622: loss=0.0334, RMSE_E_per_atom=5.9 meV, RMSE_F=18.2 meV / A, RMSE_Mu_per_atom=1.97 mDebye
2023-11-30 16:17:58.052 INFO: Epoch 624: loss=0.0346, RMSE_E_per_atom=5.2 meV, RMSE_F=18.5 meV / A, RMSE_Mu_per_atom=1.89 mDebye
2023-11-30 16:17:59.341 INFO: Epoch 626: loss=0.0339, RMSE_E_per_atom=5.4 meV, RMSE_F=18.3 meV / A, RMSE_Mu_per_atom=1.90 mDebye
2023-11-30 16:18:00.631 INFO: Epoch 628: loss=0.0315, RMSE_E_per_atom=5.9 meV, RMSE_F=17.6 meV / A, RMSE_Mu_per_atom=1.92 mDebye
2023-11-30 16:18:02.186 INFO: Epoch 630: loss=0.0301, RMSE_E_per_atom=5.5 meV, RMSE_F=17.2 meV / A, RMSE_Mu_per_atom=1.91 mDebye
2023-11-30 16:18:03.742 INFO: Epoch 632: loss=0.0357, RMSE_E_per_atom=5.3 meV, RMSE_F=18.8 meV / A, RMSE_Mu_per_atom=1.87 mDebye
2023-11-30 16:18:05.035 INFO: Epoch 634: loss=0.0334, RMSE_E_per_atom=5.0 meV, RMSE_F=18.2 meV / A, RMSE_Mu_per_atom=1.92 mDebye
2023-11-30 16:18:06.323 INFO: Epoch 636: loss=0.0325, RMSE_E_per_atom=5.0 meV, RMSE_F=17.9 meV / A, RMSE_Mu_per_atom=1.94 mDebye
2023-11-30 16:18:07.610 INFO: Epoch 638: loss=0.0286, RMSE_E_per_atom=4.9 meV, RMSE_F=16.8 meV / A, RMSE_Mu_per_atom=1.90 mDebye
2023-11-30 16:18:09.167 INFO: Epoch 640: loss=0.0326, RMSE_E_per_atom=5.2 meV, RMSE_F=18.0 meV / A, RMSE_Mu_per_atom=1.93 mDebye
2023-11-30 16:18:10.460 INFO: Epoch 642: loss=0.0331, RMSE_E_per_atom=5.1 meV, RMSE_F=18.1 meV / A, RMSE_Mu_per_atom=1.90 mDebye
2023-11-30 16:18:11.750 INFO: Epoch 644: loss=0.0315, RMSE_E_per_atom=5.4 meV, RMSE_F=17.6 meV / A, RMSE_Mu_per_atom=1.89 mDebye
2023-11-30 16:18:13.040 INFO: Epoch 646: loss=0.0322, RMSE_E_per_atom=5.3 meV, RMSE_F=17.8 meV / A, RMSE_Mu_per_atom=1.97 mDebye
2023-11-30 16:18:14.330 INFO: Epoch 648: loss=0.0274, RMSE_E_per_atom=5.4 meV, RMSE_F=16.4 meV / A, RMSE_Mu_per_atom=1.88 mDebye
2023-11-30 16:18:15.886 INFO: Epoch 650: loss=0.0324, RMSE_E_per_atom=5.5 meV, RMSE_F=17.9 meV / A, RMSE_Mu_per_atom=1.86 mDebye
2023-11-30 16:18:17.178 INFO: Epoch 652: loss=0.0310, RMSE_E_per_atom=5.3 meV, RMSE_F=17.5 meV / A, RMSE_Mu_per_atom=1.90 mDebye
2023-11-30 16:18:18.469 INFO: Epoch 654: loss=0.0268, RMSE_E_per_atom=4.9 meV, RMSE_F=16.2 meV / A, RMSE_Mu_per_atom=1.91 mDebye
2023-11-30 16:18:20.027 INFO: Epoch 656: loss=0.0293, RMSE_E_per_atom=5.4 meV, RMSE_F=17.0 meV / A, RMSE_Mu_per_atom=1.89 mDebye
2023-11-30 16:18:21.317 INFO: Epoch 658: loss=0.0329, RMSE_E_per_atom=4.9 meV, RMSE_F=18.0 meV / A, RMSE_Mu_per_atom=1.86 mDebye
2023-11-30 16:18:22.607 INFO: Epoch 660: loss=0.0277, RMSE_E_per_atom=5.8 meV, RMSE_F=16.5 meV / A, RMSE_Mu_per_atom=1.86 mDebye
2023-11-30 16:18:23.899 INFO: Epoch 662: loss=0.0326, RMSE_E_per_atom=5.2 meV, RMSE_F=17.9 meV / A, RMSE_Mu_per_atom=1.87 mDebye
2023-11-30 16:18:25.194 INFO: Epoch 664: loss=0.0290, RMSE_E_per_atom=5.7 meV, RMSE_F=16.9 meV / A, RMSE_Mu_per_atom=1.87 mDebye
2023-11-30 16:18:26.487 INFO: Epoch 666: loss=0.0301, RMSE_E_per_atom=5.2 meV, RMSE_F=17.2 meV / A, RMSE_Mu_per_atom=1.94 mDebye
2023-11-30 16:18:27.778 INFO: Epoch 668: loss=0.0266, RMSE_E_per_atom=5.1 meV, RMSE_F=16.2 meV / A, RMSE_Mu_per_atom=1.93 mDebye
2023-11-30 16:18:29.336 INFO: Epoch 670: loss=0.0314, RMSE_E_per_atom=5.4 meV, RMSE_F=17.6 meV / A, RMSE_Mu_per_atom=1.92 mDebye
2023-11-30 16:18:30.627 INFO: Epoch 672: loss=0.0302, RMSE_E_per_atom=5.7 meV, RMSE_F=17.3 meV / A, RMSE_Mu_per_atom=1.93 mDebye
2023-11-30 16:18:31.920 INFO: Epoch 674: loss=0.0309, RMSE_E_per_atom=5.0 meV, RMSE_F=17.5 meV / A, RMSE_Mu_per_atom=1.91 mDebye
2023-11-30 16:18:33.212 INFO: Epoch 676: loss=0.0289, RMSE_E_per_atom=5.0 meV, RMSE_F=16.9 meV / A, RMSE_Mu_per_atom=1.88 mDebye
2023-11-30 16:18:34.501 INFO: Epoch 678: loss=0.0272, RMSE_E_per_atom=4.9 meV, RMSE_F=16.4 meV / A, RMSE_Mu_per_atom=1.87 mDebye
2023-11-30 16:18:35.792 INFO: Epoch 680: loss=0.0279, RMSE_E_per_atom=5.3 meV, RMSE_F=16.6 meV / A, RMSE_Mu_per_atom=1.84 mDebye
2023-11-30 16:18:37.086 INFO: Epoch 682: loss=0.0296, RMSE_E_per_atom=5.3 meV, RMSE_F=17.1 meV / A, RMSE_Mu_per_atom=1.87 mDebye
2023-11-30 16:18:38.376 INFO: Epoch 684: loss=0.0286, RMSE_E_per_atom=5.0 meV, RMSE_F=16.8 meV / A, RMSE_Mu_per_atom=1.88 mDebye
2023-11-30 16:18:39.669 INFO: Epoch 686: loss=0.0281, RMSE_E_per_atom=4.7 meV, RMSE_F=16.7 meV / A, RMSE_Mu_per_atom=1.85 mDebye
2023-11-30 16:18:40.961 INFO: Epoch 688: loss=0.0258, RMSE_E_per_atom=4.6 meV, RMSE_F=15.9 meV / A, RMSE_Mu_per_atom=1.82 mDebye
2023-11-30 16:18:42.516 INFO: Epoch 690: loss=0.0293, RMSE_E_per_atom=5.1 meV, RMSE_F=17.0 meV / A, RMSE_Mu_per_atom=1.87 mDebye
2023-11-30 16:18:43.804 INFO: Epoch 692: loss=0.0281, RMSE_E_per_atom=4.8 meV, RMSE_F=16.6 meV / A, RMSE_Mu_per_atom=1.86 mDebye
2023-11-30 16:18:45.096 INFO: Epoch 694: loss=0.0270, RMSE_E_per_atom=4.9 meV, RMSE_F=16.3 meV / A, RMSE_Mu_per_atom=1.81 mDebye
2023-11-30 16:18:46.387 INFO: Epoch 696: loss=0.0270, RMSE_E_per_atom=5.0 meV, RMSE_F=16.3 meV / A, RMSE_Mu_per_atom=1.88 mDebye
2023-11-30 16:18:47.681 INFO: Epoch 698: loss=0.0235, RMSE_E_per_atom=5.0 meV, RMSE_F=15.2 meV / A, RMSE_Mu_per_atom=1.92 mDebye
2023-11-30 16:18:49.236 INFO: Epoch 700: loss=0.0272, RMSE_E_per_atom=5.6 meV, RMSE_F=16.4 meV / A, RMSE_Mu_per_atom=1.87 mDebye
2023-11-30 16:18:50.528 INFO: Epoch 702: loss=0.0266, RMSE_E_per_atom=5.6 meV, RMSE_F=16.2 meV / A, RMSE_Mu_per_atom=1.83 mDebye
2023-11-30 16:18:51.821 INFO: Epoch 704: loss=0.0242, RMSE_E_per_atom=5.0 meV, RMSE_F=15.4 meV / A, RMSE_Mu_per_atom=1.80 mDebye
2023-11-30 16:18:53.110 INFO: Epoch 706: loss=0.0261, RMSE_E_per_atom=5.0 meV, RMSE_F=16.0 meV / A, RMSE_Mu_per_atom=1.91 mDebye
2023-11-30 16:18:54.400 INFO: Epoch 708: loss=0.0378, RMSE_E_per_atom=5.4 meV, RMSE_F=19.4 meV / A, RMSE_Mu_per_atom=1.82 mDebye
2023-11-30 16:18:55.693 INFO: Epoch 710: loss=0.0269, RMSE_E_per_atom=5.0 meV, RMSE_F=16.3 meV / A, RMSE_Mu_per_atom=1.88 mDebye
2023-11-30 16:18:56.984 INFO: Epoch 712: loss=0.0245, RMSE_E_per_atom=4.7 meV, RMSE_F=15.5 meV / A, RMSE_Mu_per_atom=1.82 mDebye
2023-11-30 16:18:58.274 INFO: Epoch 714: loss=0.0246, RMSE_E_per_atom=5.1 meV, RMSE_F=15.6 meV / A, RMSE_Mu_per_atom=1.82 mDebye
2023-11-30 16:18:59.565 INFO: Epoch 716: loss=0.0293, RMSE_E_per_atom=4.9 meV, RMSE_F=17.0 meV / A, RMSE_Mu_per_atom=1.88 mDebye
2023-11-30 16:19:00.855 INFO: Epoch 718: loss=0.0296, RMSE_E_per_atom=5.9 meV, RMSE_F=17.1 meV / A, RMSE_Mu_per_atom=1.85 mDebye
2023-11-30 16:19:02.150 INFO: Epoch 720: loss=0.0296, RMSE_E_per_atom=5.6 meV, RMSE_F=17.1 meV / A, RMSE_Mu_per_atom=1.81 mDebye
2023-11-30 16:19:03.440 INFO: Epoch 722: loss=0.0292, RMSE_E_per_atom=4.8 meV, RMSE_F=17.0 meV / A, RMSE_Mu_per_atom=1.86 mDebye
2023-11-30 16:19:04.734 INFO: Epoch 724: loss=0.0250, RMSE_E_per_atom=5.4 meV, RMSE_F=15.7 meV / A, RMSE_Mu_per_atom=1.86 mDebye
2023-11-30 16:19:06.027 INFO: Epoch 726: loss=0.0237, RMSE_E_per_atom=4.9 meV, RMSE_F=15.3 meV / A, RMSE_Mu_per_atom=1.83 mDebye
2023-11-30 16:19:07.316 INFO: Epoch 728: loss=0.0245, RMSE_E_per_atom=5.5 meV, RMSE_F=15.5 meV / A, RMSE_Mu_per_atom=1.78 mDebye
2023-11-30 16:19:08.606 INFO: Epoch 730: loss=0.0220, RMSE_E_per_atom=4.7 meV, RMSE_F=14.7 meV / A, RMSE_Mu_per_atom=1.80 mDebye
2023-11-30 16:19:10.160 INFO: Epoch 732: loss=0.0255, RMSE_E_per_atom=5.3 meV, RMSE_F=15.9 meV / A, RMSE_Mu_per_atom=1.85 mDebye
2023-11-30 16:19:11.451 INFO: Epoch 734: loss=0.0261, RMSE_E_per_atom=4.9 meV, RMSE_F=16.0 meV / A, RMSE_Mu_per_atom=1.85 mDebye
2023-11-30 16:19:12.741 INFO: Epoch 736: loss=0.0230, RMSE_E_per_atom=4.8 meV, RMSE_F=15.0 meV / A, RMSE_Mu_per_atom=1.84 mDebye
2023-11-30 16:19:14.029 INFO: Epoch 738: loss=0.0245, RMSE_E_per_atom=4.7 meV, RMSE_F=15.5 meV / A, RMSE_Mu_per_atom=1.85 mDebye
2023-11-30 16:19:15.318 INFO: Epoch 740: loss=0.0273, RMSE_E_per_atom=5.1 meV, RMSE_F=16.4 meV / A, RMSE_Mu_per_atom=1.85 mDebye
2023-11-30 16:19:16.609 INFO: Epoch 742: loss=0.0222, RMSE_E_per_atom=5.0 meV, RMSE_F=14.8 meV / A, RMSE_Mu_per_atom=1.82 mDebye
2023-11-30 16:19:17.899 INFO: Epoch 744: loss=0.0262, RMSE_E_per_atom=4.8 meV, RMSE_F=16.1 meV / A, RMSE_Mu_per_atom=1.83 mDebye
2023-11-30 16:19:19.190 INFO: Epoch 746: loss=0.0230, RMSE_E_per_atom=5.1 meV, RMSE_F=15.1 meV / A, RMSE_Mu_per_atom=1.78 mDebye
2023-11-30 16:19:20.482 INFO: Epoch 748: loss=0.0230, RMSE_E_per_atom=5.1 meV, RMSE_F=15.0 meV / A, RMSE_Mu_per_atom=1.76 mDebye
2023-11-30 16:19:21.772 INFO: Epoch 750: loss=0.0323, RMSE_E_per_atom=4.9 meV, RMSE_F=17.9 meV / A, RMSE_Mu_per_atom=1.79 mDebye
2023-11-30 16:19:23.064 INFO: Epoch 752: loss=0.0221, RMSE_E_per_atom=5.0 meV, RMSE_F=14.8 meV / A, RMSE_Mu_per_atom=1.76 mDebye
2023-11-30 16:19:24.358 INFO: Epoch 754: loss=0.0343, RMSE_E_per_atom=5.4 meV, RMSE_F=18.4 meV / A, RMSE_Mu_per_atom=1.84 mDebye
2023-11-30 16:19:25.652 INFO: Epoch 756: loss=0.0279, RMSE_E_per_atom=5.1 meV, RMSE_F=16.6 meV / A, RMSE_Mu_per_atom=1.83 mDebye
2023-11-30 16:19:26.946 INFO: Epoch 758: loss=0.0228, RMSE_E_per_atom=4.9 meV, RMSE_F=15.0 meV / A, RMSE_Mu_per_atom=1.81 mDebye
2023-11-30 16:19:28.240 INFO: Epoch 760: loss=0.0229, RMSE_E_per_atom=5.4 meV, RMSE_F=15.0 meV / A, RMSE_Mu_per_atom=1.84 mDebye
2023-11-30 16:19:29.532 INFO: Epoch 762: loss=0.0233, RMSE_E_per_atom=5.5 meV, RMSE_F=15.1 meV / A, RMSE_Mu_per_atom=1.79 mDebye
2023-11-30 16:19:30.824 INFO: Epoch 764: loss=0.0248, RMSE_E_per_atom=5.0 meV, RMSE_F=15.6 meV / A, RMSE_Mu_per_atom=1.81 mDebye
2023-11-30 16:19:32.115 INFO: Epoch 766: loss=0.0280, RMSE_E_per_atom=5.0 meV, RMSE_F=16.6 meV / A, RMSE_Mu_per_atom=1.77 mDebye
2023-11-30 16:19:33.405 INFO: Epoch 768: loss=0.0601, RMSE_E_per_atom=5.1 meV, RMSE_F=24.4 meV / A, RMSE_Mu_per_atom=1.86 mDebye
2023-11-30 16:19:34.696 INFO: Epoch 770: loss=0.0442, RMSE_E_per_atom=5.9 meV, RMSE_F=20.9 meV / A, RMSE_Mu_per_atom=1.93 mDebye
2023-11-30 16:19:35.989 INFO: Epoch 772: loss=0.0366, RMSE_E_per_atom=7.1 meV, RMSE_F=19.0 meV / A, RMSE_Mu_per_atom=1.74 mDebye
2023-11-30 16:19:37.281 INFO: Epoch 774: loss=0.0375, RMSE_E_per_atom=4.7 meV, RMSE_F=19.3 meV / A, RMSE_Mu_per_atom=1.76 mDebye
2023-11-30 16:19:38.572 INFO: Epoch 776: loss=0.0295, RMSE_E_per_atom=5.9 meV, RMSE_F=17.1 meV / A, RMSE_Mu_per_atom=1.74 mDebye
2023-11-30 16:19:39.866 INFO: Epoch 778: loss=0.0247, RMSE_E_per_atom=4.9 meV, RMSE_F=15.6 meV / A, RMSE_Mu_per_atom=1.78 mDebye
2023-11-30 16:19:41.163 INFO: Epoch 780: loss=0.0233, RMSE_E_per_atom=6.1 meV, RMSE_F=15.2 meV / A, RMSE_Mu_per_atom=1.81 mDebye
2023-11-30 16:19:42.457 INFO: Epoch 782: loss=0.0320, RMSE_E_per_atom=5.5 meV, RMSE_F=17.8 meV / A, RMSE_Mu_per_atom=1.83 mDebye
2023-11-30 16:19:43.748 INFO: Epoch 784: loss=0.0292, RMSE_E_per_atom=5.8 meV, RMSE_F=17.0 meV / A, RMSE_Mu_per_atom=1.77 mDebye
2023-11-30 16:19:45.041 INFO: Epoch 786: loss=0.0215, RMSE_E_per_atom=6.4 meV, RMSE_F=14.6 meV / A, RMSE_Mu_per_atom=1.81 mDebye
2023-11-30 16:19:46.600 INFO: Epoch 788: loss=0.0225, RMSE_E_per_atom=5.8 meV, RMSE_F=14.9 meV / A, RMSE_Mu_per_atom=1.76 mDebye
2023-11-30 16:19:47.892 INFO: Epoch 790: loss=0.0204, RMSE_E_per_atom=5.7 meV, RMSE_F=14.2 meV / A, RMSE_Mu_per_atom=1.78 mDebye
2023-11-30 16:19:49.452 INFO: Epoch 792: loss=0.0201, RMSE_E_per_atom=5.4 meV, RMSE_F=14.1 meV / A, RMSE_Mu_per_atom=1.78 mDebye
2023-11-30 16:19:51.010 INFO: Epoch 794: loss=0.0184, RMSE_E_per_atom=5.3 meV, RMSE_F=13.4 meV / A, RMSE_Mu_per_atom=1.79 mDebye
2023-11-30 16:19:52.569 INFO: Epoch 796: loss=0.0182, RMSE_E_per_atom=5.0 meV, RMSE_F=13.4 meV / A, RMSE_Mu_per_atom=1.74 mDebye
2023-11-30 16:19:54.129 INFO: Epoch 798: loss=0.0184, RMSE_E_per_atom=5.1 meV, RMSE_F=13.4 meV / A, RMSE_Mu_per_atom=1.76 mDebye
2023-11-30 16:19:54.765 INFO: Changing loss based on SWA
2023-11-30 16:19:55.425 INFO: Epoch 800: loss=0.0427, RMSE_E_per_atom=4.9 meV, RMSE_F=13.4 meV / A, RMSE_Mu_per_atom=1.76 mDebye
2023-11-30 16:19:56.992 INFO: Epoch 802: loss=0.0369, RMSE_E_per_atom=4.3 meV, RMSE_F=13.4 meV / A, RMSE_Mu_per_atom=1.77 mDebye
2023-11-30 16:19:58.556 INFO: Epoch 804: loss=0.0366, RMSE_E_per_atom=4.3 meV, RMSE_F=13.4 meV / A, RMSE_Mu_per_atom=1.76 mDebye
2023-11-30 16:20:00.123 INFO: Epoch 806: loss=0.0368, RMSE_E_per_atom=4.3 meV, RMSE_F=13.3 meV / A, RMSE_Mu_per_atom=1.77 mDebye
2023-11-30 16:20:01.423 INFO: Epoch 808: loss=0.0411, RMSE_E_per_atom=4.8 meV, RMSE_F=13.3 meV / A, RMSE_Mu_per_atom=1.77 mDebye
2023-11-30 16:20:02.723 INFO: Epoch 810: loss=0.0584, RMSE_E_per_atom=6.2 meV, RMSE_F=13.8 meV / A, RMSE_Mu_per_atom=1.77 mDebye
2023-11-30 16:20:04.026 INFO: Epoch 812: loss=0.0386, RMSE_E_per_atom=4.5 meV, RMSE_F=13.3 meV / A, RMSE_Mu_per_atom=1.78 mDebye
2023-11-30 16:20:05.328 INFO: Epoch 814: loss=0.0488, RMSE_E_per_atom=5.5 meV, RMSE_F=13.7 meV / A, RMSE_Mu_per_atom=1.77 mDebye
2023-11-30 16:20:06.627 INFO: Epoch 816: loss=0.0547, RMSE_E_per_atom=5.9 meV, RMSE_F=13.8 meV / A, RMSE_Mu_per_atom=1.77 mDebye
2023-11-30 16:20:07.929 INFO: Epoch 818: loss=0.0445, RMSE_E_per_atom=5.1 meV, RMSE_F=13.5 meV / A, RMSE_Mu_per_atom=1.77 mDebye
2023-11-30 16:20:09.227 INFO: Epoch 820: loss=0.0431, RMSE_E_per_atom=4.9 meV, RMSE_F=13.6 meV / A, RMSE_Mu_per_atom=1.78 mDebye
2023-11-30 16:20:10.542 INFO: Epoch 822: loss=0.0364, RMSE_E_per_atom=4.3 meV, RMSE_F=13.3 meV / A, RMSE_Mu_per_atom=1.77 mDebye
2023-11-30 16:20:12.109 INFO: Epoch 824: loss=0.0387, RMSE_E_per_atom=4.5 meV, RMSE_F=13.5 meV / A, RMSE_Mu_per_atom=1.77 mDebye
2023-11-30 16:20:13.413 INFO: Epoch 826: loss=0.0436, RMSE_E_per_atom=5.0 meV, RMSE_F=13.5 meV / A, RMSE_Mu_per_atom=1.77 mDebye
2023-11-30 16:20:14.716 INFO: Epoch 828: loss=0.0402, RMSE_E_per_atom=4.7 meV, RMSE_F=13.4 meV / A, RMSE_Mu_per_atom=1.78 mDebye
2023-11-30 16:20:16.018 INFO: Epoch 830: loss=0.0428, RMSE_E_per_atom=4.9 meV, RMSE_F=13.5 meV / A, RMSE_Mu_per_atom=1.77 mDebye
2023-11-30 16:20:17.320 INFO: Epoch 832: loss=0.0565, RMSE_E_per_atom=6.1 meV, RMSE_F=13.9 meV / A, RMSE_Mu_per_atom=1.78 mDebye
2023-11-30 16:20:18.620 INFO: Epoch 834: loss=0.0420, RMSE_E_per_atom=4.8 meV, RMSE_F=13.6 meV / A, RMSE_Mu_per_atom=1.77 mDebye
2023-11-30 16:20:19.918 INFO: Epoch 836: loss=0.0377, RMSE_E_per_atom=4.4 meV, RMSE_F=13.4 meV / A, RMSE_Mu_per_atom=1.77 mDebye
2023-11-30 16:20:21.218 INFO: Epoch 838: loss=0.0350, RMSE_E_per_atom=4.1 meV, RMSE_F=13.4 meV / A, RMSE_Mu_per_atom=1.76 mDebye
2023-11-30 16:20:22.784 INFO: Epoch 840: loss=0.0518, RMSE_E_per_atom=5.7 meV, RMSE_F=13.7 meV / A, RMSE_Mu_per_atom=1.78 mDebye
2023-11-30 16:20:24.085 INFO: Epoch 842: loss=0.0398, RMSE_E_per_atom=4.6 meV, RMSE_F=13.5 meV / A, RMSE_Mu_per_atom=1.77 mDebye
2023-11-30 16:20:25.386 INFO: Epoch 844: loss=0.0474, RMSE_E_per_atom=5.3 meV, RMSE_F=13.6 meV / A, RMSE_Mu_per_atom=1.76 mDebye
2023-11-30 16:20:26.687 INFO: Epoch 846: loss=0.0448, RMSE_E_per_atom=5.1 meV, RMSE_F=13.6 meV / A, RMSE_Mu_per_atom=1.76 mDebye
2023-11-30 16:20:27.994 INFO: Epoch 848: loss=0.0352, RMSE_E_per_atom=4.1 meV, RMSE_F=13.4 meV / A, RMSE_Mu_per_atom=1.76 mDebye
2023-11-30 16:20:29.293 INFO: Epoch 850: loss=0.0366, RMSE_E_per_atom=4.3 meV, RMSE_F=13.4 meV / A, RMSE_Mu_per_atom=1.75 mDebye
2023-11-30 16:20:30.595 INFO: Epoch 852: loss=0.0388, RMSE_E_per_atom=4.6 meV, RMSE_F=13.3 meV / A, RMSE_Mu_per_atom=1.77 mDebye
2023-11-30 16:20:31.896 INFO: Epoch 854: loss=0.0384, RMSE_E_per_atom=4.5 meV, RMSE_F=13.4 meV / A, RMSE_Mu_per_atom=1.77 mDebye
2023-11-30 16:20:33.194 INFO: Epoch 856: loss=0.0394, RMSE_E_per_atom=4.6 meV, RMSE_F=13.4 meV / A, RMSE_Mu_per_atom=1.76 mDebye
2023-11-30 16:20:34.495 INFO: Epoch 858: loss=0.0392, RMSE_E_per_atom=4.5 meV, RMSE_F=13.6 meV / A, RMSE_Mu_per_atom=1.76 mDebye
2023-11-30 16:20:35.794 INFO: Epoch 860: loss=0.0362, RMSE_E_per_atom=4.2 meV, RMSE_F=13.4 meV / A, RMSE_Mu_per_atom=1.75 mDebye
2023-11-30 16:20:37.094 INFO: Epoch 862: loss=0.0346, RMSE_E_per_atom=4.1 meV, RMSE_F=13.3 meV / A, RMSE_Mu_per_atom=1.76 mDebye
2023-11-30 16:20:38.658 INFO: Epoch 864: loss=0.0371, RMSE_E_per_atom=4.3 meV, RMSE_F=13.5 meV / A, RMSE_Mu_per_atom=1.76 mDebye
2023-11-30 16:20:39.960 INFO: Epoch 866: loss=0.0360, RMSE_E_per_atom=4.2 meV, RMSE_F=13.5 meV / A, RMSE_Mu_per_atom=1.75 mDebye
2023-11-30 16:20:41.258 INFO: Epoch 868: loss=0.0386, RMSE_E_per_atom=4.5 meV, RMSE_F=13.5 meV / A, RMSE_Mu_per_atom=1.76 mDebye
2023-11-30 16:20:42.559 INFO: Epoch 870: loss=0.0347, RMSE_E_per_atom=4.1 meV, RMSE_F=13.3 meV / A, RMSE_Mu_per_atom=1.76 mDebye
2023-11-30 16:20:43.859 INFO: Epoch 872: loss=0.0371, RMSE_E_per_atom=4.3 meV, RMSE_F=13.4 meV / A, RMSE_Mu_per_atom=1.75 mDebye
2023-11-30 16:20:45.160 INFO: Epoch 874: loss=0.0520, RMSE_E_per_atom=5.7 meV, RMSE_F=13.7 meV / A, RMSE_Mu_per_atom=1.76 mDebye
2023-11-30 16:20:46.460 INFO: Epoch 876: loss=0.0349, RMSE_E_per_atom=4.1 meV, RMSE_F=13.3 meV / A, RMSE_Mu_per_atom=1.76 mDebye
2023-11-30 16:20:47.763 INFO: Epoch 878: loss=0.0395, RMSE_E_per_atom=4.6 meV, RMSE_F=13.6 meV / A, RMSE_Mu_per_atom=1.76 mDebye
2023-11-30 16:20:49.064 INFO: Epoch 880: loss=0.0344, RMSE_E_per_atom=4.0 meV, RMSE_F=13.3 meV / A, RMSE_Mu_per_atom=1.76 mDebye
2023-11-30 16:20:50.630 INFO: Epoch 882: loss=0.0421, RMSE_E_per_atom=4.9 meV, RMSE_F=13.4 meV / A, RMSE_Mu_per_atom=1.76 mDebye
2023-11-30 16:20:51.931 INFO: Epoch 884: loss=0.0433, RMSE_E_per_atom=5.0 meV, RMSE_F=13.5 meV / A, RMSE_Mu_per_atom=1.76 mDebye
2023-11-30 16:20:53.231 INFO: Epoch 886: loss=0.0356, RMSE_E_per_atom=4.2 meV, RMSE_F=13.3 meV / A, RMSE_Mu_per_atom=1.74 mDebye
2023-11-30 16:20:54.529 INFO: Epoch 888: loss=0.0358, RMSE_E_per_atom=4.2 meV, RMSE_F=13.3 meV / A, RMSE_Mu_per_atom=1.75 mDebye
2023-11-30 16:20:55.828 INFO: Epoch 890: loss=0.0344, RMSE_E_per_atom=4.1 meV, RMSE_F=13.3 meV / A, RMSE_Mu_per_atom=1.74 mDebye
2023-11-30 16:20:57.127 INFO: Epoch 892: loss=0.0393, RMSE_E_per_atom=4.6 meV, RMSE_F=13.3 meV / A, RMSE_Mu_per_atom=1.75 mDebye
2023-11-30 16:20:58.426 INFO: Epoch 894: loss=0.0432, RMSE_E_per_atom=5.0 meV, RMSE_F=13.4 meV / A, RMSE_Mu_per_atom=1.75 mDebye
2023-11-30 16:20:59.729 INFO: Epoch 896: loss=0.0362, RMSE_E_per_atom=4.3 meV, RMSE_F=13.3 meV / A, RMSE_Mu_per_atom=1.74 mDebye
2023-11-30 16:21:01.028 INFO: Epoch 898: loss=0.0342, RMSE_E_per_atom=4.0 meV, RMSE_F=13.3 meV / A, RMSE_Mu_per_atom=1.75 mDebye
2023-11-30 16:21:02.593 INFO: Epoch 900: loss=0.0383, RMSE_E_per_atom=4.5 meV, RMSE_F=13.4 meV / A, RMSE_Mu_per_atom=1.75 mDebye
2023-11-30 16:21:03.892 INFO: Epoch 902: loss=0.0369, RMSE_E_per_atom=4.3 meV, RMSE_F=13.4 meV / A, RMSE_Mu_per_atom=1.75 mDebye
2023-11-30 16:21:05.192 INFO: Epoch 904: loss=0.0400, RMSE_E_per_atom=4.7 meV, RMSE_F=13.4 meV / A, RMSE_Mu_per_atom=1.75 mDebye
2023-11-30 16:21:06.490 INFO: Epoch 906: loss=0.0356, RMSE_E_per_atom=4.2 meV, RMSE_F=13.3 meV / A, RMSE_Mu_per_atom=1.74 mDebye
2023-11-30 16:21:07.792 INFO: Epoch 908: loss=0.0372, RMSE_E_per_atom=4.4 meV, RMSE_F=13.3 meV / A, RMSE_Mu_per_atom=1.75 mDebye
2023-11-30 16:21:09.094 INFO: Epoch 910: loss=0.0373, RMSE_E_per_atom=4.4 meV, RMSE_F=13.4 meV / A, RMSE_Mu_per_atom=1.75 mDebye
2023-11-30 16:21:10.397 INFO: Epoch 912: loss=0.0342, RMSE_E_per_atom=4.0 meV, RMSE_F=13.4 meV / A, RMSE_Mu_per_atom=1.74 mDebye
2023-11-30 16:21:11.712 INFO: Epoch 914: loss=0.0382, RMSE_E_per_atom=4.5 meV, RMSE_F=13.4 meV / A, RMSE_Mu_per_atom=1.75 mDebye
2023-11-30 16:21:13.012 INFO: Epoch 916: loss=0.0381, RMSE_E_per_atom=4.4 meV, RMSE_F=13.4 meV / A, RMSE_Mu_per_atom=1.75 mDebye
2023-11-30 16:21:14.312 INFO: Epoch 918: loss=0.0523, RMSE_E_per_atom=5.8 meV, RMSE_F=13.6 meV / A, RMSE_Mu_per_atom=1.76 mDebye
2023-11-30 16:21:15.613 INFO: Epoch 920: loss=0.0339, RMSE_E_per_atom=4.0 meV, RMSE_F=13.3 meV / A, RMSE_Mu_per_atom=1.75 mDebye
2023-11-30 16:21:17.180 INFO: Epoch 922: loss=0.0341, RMSE_E_per_atom=4.0 meV, RMSE_F=13.3 meV / A, RMSE_Mu_per_atom=1.74 mDebye
2023-11-30 16:21:18.480 INFO: Epoch 924: loss=0.0347, RMSE_E_per_atom=4.1 meV, RMSE_F=13.2 meV / A, RMSE_Mu_per_atom=1.75 mDebye
2023-11-30 16:21:19.780 INFO: Epoch 926: loss=0.0458, RMSE_E_per_atom=5.2 meV, RMSE_F=13.6 meV / A, RMSE_Mu_per_atom=1.75 mDebye
2023-11-30 16:21:21.082 INFO: Epoch 928: loss=0.0542, RMSE_E_per_atom=5.9 meV, RMSE_F=13.8 meV / A, RMSE_Mu_per_atom=1.75 mDebye
2023-11-30 16:21:22.380 INFO: Epoch 930: loss=0.0513, RMSE_E_per_atom=5.6 meV, RMSE_F=14.0 meV / A, RMSE_Mu_per_atom=1.75 mDebye
2023-11-30 16:21:23.678 INFO: Epoch 932: loss=0.0369, RMSE_E_per_atom=4.3 meV, RMSE_F=13.4 meV / A, RMSE_Mu_per_atom=1.74 mDebye
2023-11-30 16:21:24.975 INFO: Epoch 934: loss=0.0341, RMSE_E_per_atom=4.0 meV, RMSE_F=13.3 meV / A, RMSE_Mu_per_atom=1.75 mDebye
2023-11-30 16:21:26.275 INFO: Epoch 936: loss=0.0612, RMSE_E_per_atom=6.4 meV, RMSE_F=14.0 meV / A, RMSE_Mu_per_atom=1.74 mDebye
2023-11-30 16:21:27.574 INFO: Epoch 938: loss=0.0413, RMSE_E_per_atom=4.8 meV, RMSE_F=13.4 meV / A, RMSE_Mu_per_atom=1.74 mDebye
2023-11-30 16:21:28.873 INFO: Epoch 940: loss=0.0491, RMSE_E_per_atom=5.5 meV, RMSE_F=13.6 meV / A, RMSE_Mu_per_atom=1.75 mDebye
2023-11-30 16:21:30.174 INFO: Epoch 942: loss=0.0420, RMSE_E_per_atom=4.8 meV, RMSE_F=13.5 meV / A, RMSE_Mu_per_atom=1.74 mDebye
2023-11-30 16:21:31.477 INFO: Epoch 944: loss=0.0492, RMSE_E_per_atom=5.5 meV, RMSE_F=13.7 meV / A, RMSE_Mu_per_atom=1.73 mDebye
2023-11-30 16:21:32.777 INFO: Epoch 946: loss=0.0380, RMSE_E_per_atom=4.5 meV, RMSE_F=13.4 meV / A, RMSE_Mu_per_atom=1.74 mDebye
2023-11-30 16:21:34.077 INFO: Epoch 948: loss=0.0394, RMSE_E_per_atom=4.6 meV, RMSE_F=13.4 meV / A, RMSE_Mu_per_atom=1.74 mDebye
2023-11-30 16:21:35.375 INFO: Epoch 950: loss=0.0335, RMSE_E_per_atom=4.0 meV, RMSE_F=13.2 meV / A, RMSE_Mu_per_atom=1.73 mDebye
2023-11-30 16:21:36.939 INFO: Epoch 952: loss=0.0398, RMSE_E_per_atom=4.7 meV, RMSE_F=13.3 meV / A, RMSE_Mu_per_atom=1.75 mDebye
2023-11-30 16:21:38.238 INFO: Epoch 954: loss=0.0357, RMSE_E_per_atom=4.2 meV, RMSE_F=13.2 meV / A, RMSE_Mu_per_atom=1.74 mDebye
2023-11-30 16:21:39.536 INFO: Epoch 956: loss=0.0423, RMSE_E_per_atom=4.9 meV, RMSE_F=13.5 meV / A, RMSE_Mu_per_atom=1.74 mDebye
2023-11-30 16:21:40.835 INFO: Epoch 958: loss=0.0336, RMSE_E_per_atom=4.0 meV, RMSE_F=13.3 meV / A, RMSE_Mu_per_atom=1.74 mDebye
2023-11-30 16:21:42.133 INFO: Epoch 960: loss=0.0371, RMSE_E_per_atom=4.4 meV, RMSE_F=13.3 meV / A, RMSE_Mu_per_atom=1.75 mDebye
2023-11-30 16:21:43.429 INFO: Epoch 962: loss=0.0453, RMSE_E_per_atom=5.2 meV, RMSE_F=13.6 meV / A, RMSE_Mu_per_atom=1.74 mDebye
2023-11-30 16:21:44.726 INFO: Epoch 964: loss=0.0394, RMSE_E_per_atom=4.6 meV, RMSE_F=13.4 meV / A, RMSE_Mu_per_atom=1.75 mDebye
2023-11-30 16:21:46.026 INFO: Epoch 966: loss=0.0433, RMSE_E_per_atom=5.0 meV, RMSE_F=13.5 meV / A, RMSE_Mu_per_atom=1.74 mDebye
2023-11-30 16:21:47.323 INFO: Epoch 968: loss=0.0501, RMSE_E_per_atom=5.6 meV, RMSE_F=13.7 meV / A, RMSE_Mu_per_atom=1.74 mDebye
2023-11-30 16:21:48.623 INFO: Epoch 970: loss=0.0386, RMSE_E_per_atom=4.5 meV, RMSE_F=13.6 meV / A, RMSE_Mu_per_atom=1.74 mDebye
2023-11-30 16:21:49.922 INFO: Epoch 972: loss=0.0359, RMSE_E_per_atom=4.2 meV, RMSE_F=13.3 meV / A, RMSE_Mu_per_atom=1.74 mDebye
2023-11-30 16:21:51.223 INFO: Epoch 974: loss=0.0334, RMSE_E_per_atom=3.9 meV, RMSE_F=13.3 meV / A, RMSE_Mu_per_atom=1.74 mDebye
2023-11-30 16:21:52.794 INFO: Epoch 976: loss=0.0452, RMSE_E_per_atom=5.2 meV, RMSE_F=13.4 meV / A, RMSE_Mu_per_atom=1.75 mDebye
2023-11-30 16:21:54.092 INFO: Epoch 978: loss=0.0388, RMSE_E_per_atom=4.6 meV, RMSE_F=13.2 meV / A, RMSE_Mu_per_atom=1.74 mDebye
2023-11-30 16:21:55.392 INFO: Epoch 980: loss=0.0331, RMSE_E_per_atom=3.9 meV, RMSE_F=13.2 meV / A, RMSE_Mu_per_atom=1.73 mDebye
2023-11-30 16:21:56.958 INFO: Epoch 982: loss=0.0334, RMSE_E_per_atom=4.0 meV, RMSE_F=13.2 meV / A, RMSE_Mu_per_atom=1.73 mDebye
2023-11-30 16:21:58.258 INFO: Epoch 984: loss=0.0389, RMSE_E_per_atom=4.6 meV, RMSE_F=13.3 meV / A, RMSE_Mu_per_atom=1.73 mDebye
2023-11-30 16:21:59.556 INFO: Epoch 986: loss=0.0349, RMSE_E_per_atom=4.1 meV, RMSE_F=13.3 meV / A, RMSE_Mu_per_atom=1.74 mDebye
2023-11-30 16:22:00.856 INFO: Epoch 988: loss=0.0340, RMSE_E_per_atom=4.0 meV, RMSE_F=13.2 meV / A, RMSE_Mu_per_atom=1.73 mDebye
2023-11-30 16:22:02.155 INFO: Epoch 990: loss=0.0361, RMSE_E_per_atom=4.3 meV, RMSE_F=13.2 meV / A, RMSE_Mu_per_atom=1.73 mDebye
2023-11-30 16:22:03.452 INFO: Epoch 992: loss=0.0388, RMSE_E_per_atom=4.5 meV, RMSE_F=13.4 meV / A, RMSE_Mu_per_atom=1.74 mDebye
2023-11-30 16:22:04.749 INFO: Epoch 994: loss=0.0359, RMSE_E_per_atom=4.3 meV, RMSE_F=13.2 meV / A, RMSE_Mu_per_atom=1.73 mDebye
2023-11-30 16:22:06.046 INFO: Epoch 996: loss=0.0441, RMSE_E_per_atom=5.1 meV, RMSE_F=13.4 meV / A, RMSE_Mu_per_atom=1.72 mDebye
2023-11-30 16:22:07.344 INFO: Epoch 998: loss=0.0357, RMSE_E_per_atom=4.3 meV, RMSE_F=13.1 meV / A, RMSE_Mu_per_atom=1.73 mDebye
2023-11-30 16:22:07.982 INFO: Training complete
2023-11-30 16:22:07.983 INFO: Computing metrics for training, validation, and test sets
2023-11-30 16:22:07.984 INFO: Loading checkpoint: checkpoints/ox_gs_rattled_50x2a_run-1234_epoch-796.pt
2023-11-30 16:22:08.015 INFO: Loaded model from epoch 796
2023-11-30 16:22:08.079 INFO: Evaluating train ...
2023-11-30 16:22:08.739 INFO: Evaluating valid ...
2023-11-30 16:22:08.830 INFO: Evaluating Default ...
2023-11-30 16:22:09.077 INFO: 
+-------------+---------------------+------------------+--------------+-------------------------+---------------+
| config_type | RMSE E / meV / atom | RMSE F / meV / A | rel F RMSE % | RMSE MU / mDebye / atom | rel MU RMSE % |
+-------------+---------------------+------------------+--------------+-------------------------+---------------+
|    train    |         3.9         |       9.3        |     0.4      |           1.3           |      3.9      |
|    valid    |         5.0         |       13.4       |     0.6      |           1.7           |      4.9      |
|   Default   |         4.0         |       9.5        |     0.4      |           1.3           |      4.0      |
+-------------+---------------------+------------------+--------------+-------------------------+---------------+
2023-11-30 16:22:09.077 INFO: Saving model to checkpoints/ox_gs_rattled_50x2a_run-1234.model
2023-11-30 16:22:09.578 INFO: Loading checkpoint: checkpoints/ox_gs_rattled_50x2a_run-1234_epoch-980_swa.pt
2023-11-30 16:22:09.607 INFO: Loaded model from epoch 980
2023-11-30 16:22:09.673 INFO: Evaluating train ...
2023-11-30 16:22:09.919 INFO: Evaluating valid ...
2023-11-30 16:22:10.011 INFO: Evaluating Default ...
2023-11-30 16:22:10.256 INFO: 
+-------------+---------------------+------------------+--------------+-------------------------+---------------+
| config_type | RMSE E / meV / atom | RMSE F / meV / A | rel F RMSE % | RMSE MU / mDebye / atom | rel MU RMSE % |
+-------------+---------------------+------------------+--------------+-------------------------+---------------+
|    train    |         4.0         |       9.1        |     0.4      |           1.3           |      3.9      |
|    valid    |         3.9         |       13.2       |     0.6      |           1.7           |      4.9      |
|   Default   |         4.0         |       9.3        |     0.4      |           1.3           |      4.0      |
+-------------+---------------------+------------------+--------------+-------------------------+---------------+
2023-11-30 16:22:10.256 INFO: Saving model to checkpoints/ox_gs_rattled_50x2a_run-1234_swa.model
2023-11-30 16:22:10.755 INFO: Done
