2023-11-30 16:58:38.228 INFO: MACE version: 0.2.0
2023-11-30 16:58:38.228 INFO: Configuration: Namespace(name='ox_gs_rattled_50x2c', seed=3456, log_dir='logs', model_dir='.', checkpoints_dir='checkpoints', results_dir='results', downloads_dir='downloads', device='cuda', default_dtype='float64', log_level='INFO', error_table='EnergyDipoleRMSE', model='EnergyDipolesMACE', r_max=5.0, num_radial_basis=8, num_cutoff_basis=5, interaction='RealAgnosticResidualInteractionBlock', interaction_first='RealAgnosticResidualInteractionBlock', max_ell=3, correlation=3, num_interactions=2, MLP_irreps='16x0e', radial_MLP='[64, 64, 64]', hidden_irreps='32x0e + 32x1o + 32x2e', num_channels=None, max_L=None, gate='silu', scaling='rms_forces_scaling', avg_num_neighbors=1.0, compute_avg_num_neighbors=True, compute_stress=True, compute_forces=True, train_file='ox_gs_rattled_50x2c_train.xyz', valid_file=None, valid_fraction=0.05, test_file='ox_gs_rattled_50x2c_train.xyz', E0s='{6: -1034.7672562939947, 1: -13.74018495096079, 8: -2057.26969300199}', energy_key='energy', forces_key='forces', virials_key='virials', stress_key='stress', dipole_key='dipole', charges_key='charges', loss='energy_forces_dipole', forces_weight=100.0, swa_forces_weight=100.0, energy_weight=1.0, swa_energy_weight=1000.0, virials_weight=1.0, swa_virials_weight=10.0, stress_weight=1.0, swa_stress_weight=10.0, dipole_weight=1.0, swa_dipole_weight=1.0, config_type_weights='{"Default":1.0}', huber_delta=0.01, optimizer='adam', batch_size=16, valid_batch_size=16, lr=0.01, swa_lr=0.001, weight_decay=5e-07, amsgrad=True, scheduler='ReduceLROnPlateau', lr_factor=0.8, scheduler_patience=50, lr_scheduler_gamma=0.9993, swa=True, start_swa=800, ema=False, ema_decay=0.99, max_num_epochs=1000, patience=2048, eval_interval=2, keep_checkpoints=False, restart_latest=True, save_cpu=False, clip_grad=10.0, wandb=False, wandb_project='', wandb_entity='', wandb_name='', wandb_log_hypers=['num_channels', 'max_L', 'correlation', 'lr', 'swa_lr', 'weight_decay', 'batch_size', 'max_num_epochs', 'start_swa', 'energy_weight', 'forces_weight'])
2023-11-30 16:58:38.264 INFO: CUDA version: 11.7, CUDA device: 0
2023-11-30 16:58:38.297 INFO: Loaded 120 training configurations from 'ox_gs_rattled_50x2c_train.xyz'
2023-11-30 16:58:38.297 INFO: Using random 5.0% of training set for validation
2023-11-30 16:58:38.325 INFO: Loaded 120 test configurations from 'ox_gs_rattled_50x2c_train.xyz'
2023-11-30 16:58:38.325 INFO: Total number of configurations: train=114, valid=6, tests=[Default: 120]
2023-11-30 16:58:38.325 INFO: AtomicNumberTable: (1, 6, 8)
2023-11-30 16:58:38.325 INFO: Atomic Energies not in training file, using command line argument E0s
2023-11-30 16:58:38.325 INFO: Atomic energies: [-13.74018495096079, -1034.7672562939947, -2057.26969300199]
2023-11-30 16:58:38.410 INFO: WeightedEnergyForcesDipoleLoss(energy_weight=1.000, forces_weight=100.000, dipole_weight=1.000)
2023-11-30 16:58:38.421 INFO: Average number of neighbors: 6.0
2023-11-30 16:58:38.421 INFO: Selected the following outputs: {'energy': True, 'forces': True, 'virials': False, 'stress': False, 'dipoles': True}
2023-11-30 16:58:38.421 INFO: Building model
2023-11-30 16:58:38.421 INFO: Hidden irreps: 32x0e + 32x1o + 32x2e
2023-11-30 16:58:39.865 INFO: Using stochastic weight averaging (after 800 epochs) with energy weight : 1000.0, forces weight : 100.0, dipole weight : 1.0 and learning rate : 0.001
2023-11-30 16:58:39.925 WARNING: Cannot find checkpoint with tag 'ox_gs_rattled_50x2c_run-3456' in 'checkpoints'
2023-11-30 16:58:39.925 INFO: EnergyDipolesMACE(
  (node_embedding): LinearNodeEmbeddingBlock(
    (linear): Linear(3x0e -> 32x0e | 96 weights)
  )
  (radial_embedding): RadialEmbeddingBlock(
    (bessel_fn): BesselBasis(r_max=5.0, num_basis=8, trainable=False)
    (cutoff_fn): PolynomialCutoff(p=5.0, r_max=5.0)
  )
  (spherical_harmonics): SphericalHarmonics()
  (atomic_energies_fn): AtomicEnergiesBlock(energies=[-13.7402, -1034.7673, -2057.2697])
  (interactions): ModuleList(
    (0): RealAgnosticInteractionBlock(
      (linear_up): Linear(32x0e -> 32x0e | 1024 weights)
      (conv_tp): TensorProduct(32x0e x 1x0e+1x1o+1x2e+1x3o -> 32x0e+32x1o+32x2e+32x3o | 128 paths | 128 weights)
      (conv_tp_weights): FullyConnectedNet[8, 64, 64, 64, 128]
      (linear): Linear(32x0e+32x1o+32x2e+32x3o -> 32x0e+32x1o+32x2e+32x3o | 4096 weights)
      (skip_tp): FullyConnectedTensorProduct(32x0e+32x1o+32x2e+32x3o x 3x0e -> 32x0e+32x1o+32x2e+32x3o | 12288 paths | 12288 weights)
      (reshape): reshape_irreps()
    )
    (1): RealAgnosticResidualInteractionBlock(
      (linear_up): Linear(32x0e+32x1o+32x2e -> 32x0e+32x1o+32x2e | 3072 weights)
      (conv_tp): TensorProduct(32x0e+32x1o+32x2e x 1x0e+1x1o+1x2e+1x3o -> 96x0e+160x1o+160x2e+128x3o | 544 paths | 544 weights)
      (conv_tp_weights): FullyConnectedNet[8, 64, 64, 64, 544]
      (linear): Linear(96x0e+160x1o+160x2e+128x3o -> 32x0e+32x1o+32x2e+32x3o | 17408 weights)
      (skip_tp): FullyConnectedTensorProduct(32x0e+32x1o+32x2e x 3x0e -> 32x0e+32x1o | 6144 paths | 6144 weights)
      (reshape): reshape_irreps()
    )
  )
  (products): ModuleList(
    (0): EquivariantProductBasisBlock(
      (symmetric_contractions): SymmetricContraction(
        (contractions): ModuleList(
          (0): Contraction(
            (contractions_weighting): ModuleList(
              (0-1): 2 x GraphModule()
            )
            (contractions_features): ModuleList(
              (0-1): 2 x GraphModule()
            )
            (weights): ParameterList(
                (0): Parameter containing: [torch.float64 of size 3x4x32 (GPU 0)]
                (1): Parameter containing: [torch.float64 of size 3x1x32 (GPU 0)]
            )
            (graph_opt_main): GraphModule()
          )
          (1): Contraction(
            (contractions_weighting): ModuleList(
              (0-1): 2 x GraphModule()
            )
            (contractions_features): ModuleList(
              (0-1): 2 x GraphModule()
            )
            (weights): ParameterList(
                (0): Parameter containing: [torch.float64 of size 3x6x32 (GPU 0)]
                (1): Parameter containing: [torch.float64 of size 3x1x32 (GPU 0)]
            )
            (graph_opt_main): GraphModule()
          )
          (2): Contraction(
            (contractions_weighting): ModuleList(
              (0-1): 2 x GraphModule()
            )
            (contractions_features): ModuleList(
              (0-1): 2 x GraphModule()
            )
            (weights): ParameterList(
                (0): Parameter containing: [torch.float64 of size 3x7x32 (GPU 0)]
                (1): Parameter containing: [torch.float64 of size 3x1x32 (GPU 0)]
            )
            (graph_opt_main): GraphModule()
          )
        )
      )
      (linear): Linear(32x0e+32x1o+32x2e -> 32x0e+32x1o+32x2e | 3072 weights)
    )
    (1): EquivariantProductBasisBlock(
      (symmetric_contractions): SymmetricContraction(
        (contractions): ModuleList(
          (0): Contraction(
            (contractions_weighting): ModuleList(
              (0-1): 2 x GraphModule()
            )
            (contractions_features): ModuleList(
              (0-1): 2 x GraphModule()
            )
            (weights): ParameterList(
                (0): Parameter containing: [torch.float64 of size 3x4x32 (GPU 0)]
                (1): Parameter containing: [torch.float64 of size 3x1x32 (GPU 0)]
            )
            (graph_opt_main): GraphModule()
          )
          (1): Contraction(
            (contractions_weighting): ModuleList(
              (0-1): 2 x GraphModule()
            )
            (contractions_features): ModuleList(
              (0-1): 2 x GraphModule()
            )
            (weights): ParameterList(
                (0): Parameter containing: [torch.float64 of size 3x6x32 (GPU 0)]
                (1): Parameter containing: [torch.float64 of size 3x1x32 (GPU 0)]
            )
            (graph_opt_main): GraphModule()
          )
        )
      )
      (linear): Linear(32x0e+32x1o -> 32x0e+32x1o | 2048 weights)
    )
  )
  (readouts): ModuleList(
    (0): LinearDipoleReadoutBlock(
      (linear): Linear(32x0e+32x1o+32x2e -> 1x0e+1x1o | 64 weights)
    )
    (1): NonLinearDipoleReadoutBlock(
      (equivariant_nonlin): Gate (16x0e -> 16x0e)
      (linear_1): Linear(32x0e+32x1o -> 16x0e | 512 weights)
      (linear_2): Linear(16x0e -> 1x0e+1x1o | 16 weights)
    )
  )
)
2023-11-30 16:58:39.927 INFO: Number of parameters: 133776
2023-11-30 16:58:39.927 INFO: Optimizer: Adam (
Parameter Group 0
    amsgrad: True
    betas: (0.9, 0.999)
    capturable: False
    differentiable: False
    eps: 1e-08
    foreach: None
    fused: None
    initial_lr: 0.01
    lr: 0.01
    maximize: False
    name: embedding
    swa_lr: 0.001
    weight_decay: 0.0

Parameter Group 1
    amsgrad: True
    betas: (0.9, 0.999)
    capturable: False
    differentiable: False
    eps: 1e-08
    foreach: None
    fused: None
    initial_lr: 0.01
    lr: 0.01
    maximize: False
    name: interactions_decay
    swa_lr: 0.001
    weight_decay: 5e-07

Parameter Group 2
    amsgrad: True
    betas: (0.9, 0.999)
    capturable: False
    differentiable: False
    eps: 1e-08
    foreach: None
    fused: None
    initial_lr: 0.01
    lr: 0.01
    maximize: False
    name: interactions_no_decay
    swa_lr: 0.001
    weight_decay: 0.0

Parameter Group 3
    amsgrad: True
    betas: (0.9, 0.999)
    capturable: False
    differentiable: False
    eps: 1e-08
    foreach: None
    fused: None
    initial_lr: 0.01
    lr: 0.01
    maximize: False
    name: products
    swa_lr: 0.001
    weight_decay: 5e-07

Parameter Group 4
    amsgrad: True
    betas: (0.9, 0.999)
    capturable: False
    differentiable: False
    eps: 1e-08
    foreach: None
    fused: None
    initial_lr: 0.01
    lr: 0.01
    maximize: False
    name: readouts
    swa_lr: 0.001
    weight_decay: 0.0
)
2023-11-30 16:58:39.927 INFO: Using gradient clipping with tolerance=10.000
2023-11-30 16:58:39.927 INFO: Started training
2023-11-30 16:58:47.792 INFO: Epoch 0: loss=150.7970, RMSE_E_per_atom=268.3 meV, RMSE_F=1227.3 meV / A, RMSE_Mu_per_atom=30.28 mDebye
2023-11-30 16:58:50.423 INFO: Epoch 2: loss=36.5893, RMSE_E_per_atom=823.6 meV, RMSE_F=599.0 meV / A, RMSE_Mu_per_atom=15.84 mDebye
2023-11-30 16:58:51.966 INFO: Epoch 4: loss=24.1784, RMSE_E_per_atom=982.6 meV, RMSE_F=481.7 meV / A, RMSE_Mu_per_atom=9.28 mDebye
2023-11-30 16:58:53.508 INFO: Epoch 6: loss=19.2155, RMSE_E_per_atom=1065.9 meV, RMSE_F=425.1 meV / A, RMSE_Mu_per_atom=9.43 mDebye
2023-11-30 16:58:55.051 INFO: Epoch 8: loss=15.1783, RMSE_E_per_atom=969.4 meV, RMSE_F=377.2 meV / A, RMSE_Mu_per_atom=10.19 mDebye
2023-11-30 16:58:56.590 INFO: Epoch 10: loss=12.8707, RMSE_E_per_atom=953.5 meV, RMSE_F=345.7 meV / A, RMSE_Mu_per_atom=9.89 mDebye
2023-11-30 16:58:58.132 INFO: Epoch 12: loss=8.4266, RMSE_E_per_atom=987.2 meV, RMSE_F=272.8 meV / A, RMSE_Mu_per_atom=10.34 mDebye
2023-11-30 16:58:59.679 INFO: Epoch 14: loss=6.1708, RMSE_E_per_atom=926.2 meV, RMSE_F=230.3 meV / A, RMSE_Mu_per_atom=9.18 mDebye
2023-11-30 16:59:01.221 INFO: Epoch 16: loss=7.8035, RMSE_E_per_atom=786.4 meV, RMSE_F=267.9 meV / A, RMSE_Mu_per_atom=8.17 mDebye
2023-11-30 16:59:02.501 INFO: Epoch 18: loss=4.9237, RMSE_E_per_atom=727.0 meV, RMSE_F=209.5 meV / A, RMSE_Mu_per_atom=7.19 mDebye
2023-11-30 16:59:04.043 INFO: Epoch 20: loss=12.1112, RMSE_E_per_atom=650.1 meV, RMSE_F=341.8 meV / A, RMSE_Mu_per_atom=6.22 mDebye
2023-11-30 16:59:05.327 INFO: Epoch 22: loss=6.6680, RMSE_E_per_atom=600.0 meV, RMSE_F=251.1 meV / A, RMSE_Mu_per_atom=5.65 mDebye
2023-11-30 16:59:06.608 INFO: Epoch 24: loss=5.5740, RMSE_E_per_atom=553.6 meV, RMSE_F=229.5 meV / A, RMSE_Mu_per_atom=5.30 mDebye
2023-11-30 16:59:07.890 INFO: Epoch 26: loss=5.4332, RMSE_E_per_atom=474.9 meV, RMSE_F=228.2 meV / A, RMSE_Mu_per_atom=4.68 mDebye
2023-11-30 16:59:09.172 INFO: Epoch 28: loss=8.2799, RMSE_E_per_atom=427.3 meV, RMSE_F=284.5 meV / A, RMSE_Mu_per_atom=4.88 mDebye
2023-11-30 16:59:10.451 INFO: Epoch 30: loss=4.1935, RMSE_E_per_atom=403.0 meV, RMSE_F=200.7 meV / A, RMSE_Mu_per_atom=4.29 mDebye
2023-11-30 16:59:11.994 INFO: Epoch 32: loss=3.4304, RMSE_E_per_atom=407.7 meV, RMSE_F=180.6 meV / A, RMSE_Mu_per_atom=4.23 mDebye
2023-11-30 16:59:13.539 INFO: Epoch 34: loss=3.7612, RMSE_E_per_atom=345.1 meV, RMSE_F=190.8 meV / A, RMSE_Mu_per_atom=4.05 mDebye
2023-11-30 16:59:14.830 INFO: Epoch 36: loss=4.3737, RMSE_E_per_atom=339.3 meV, RMSE_F=206.3 meV / A, RMSE_Mu_per_atom=3.52 mDebye
2023-11-30 16:59:16.120 INFO: Epoch 38: loss=4.8195, RMSE_E_per_atom=301.7 meV, RMSE_F=217.4 meV / A, RMSE_Mu_per_atom=3.94 mDebye
2023-11-30 16:59:17.407 INFO: Epoch 40: loss=4.7000, RMSE_E_per_atom=277.4 meV, RMSE_F=215.0 meV / A, RMSE_Mu_per_atom=3.38 mDebye
2023-11-30 16:59:18.696 INFO: Epoch 42: loss=3.5385, RMSE_E_per_atom=242.6 meV, RMSE_F=186.5 meV / A, RMSE_Mu_per_atom=3.75 mDebye
2023-11-30 16:59:19.989 INFO: Epoch 44: loss=5.4256, RMSE_E_per_atom=165.3 meV, RMSE_F=232.3 meV / A, RMSE_Mu_per_atom=3.18 mDebye
2023-11-30 16:59:21.280 INFO: Epoch 46: loss=4.7832, RMSE_E_per_atom=191.5 meV, RMSE_F=217.8 meV / A, RMSE_Mu_per_atom=4.08 mDebye
2023-11-30 16:59:22.572 INFO: Epoch 48: loss=4.1380, RMSE_E_per_atom=202.3 meV, RMSE_F=202.4 meV / A, RMSE_Mu_per_atom=3.07 mDebye
2023-11-30 16:59:23.865 INFO: Epoch 50: loss=3.1185, RMSE_E_per_atom=183.6 meV, RMSE_F=175.6 meV / A, RMSE_Mu_per_atom=3.13 mDebye
2023-11-30 16:59:25.413 INFO: Epoch 52: loss=3.0398, RMSE_E_per_atom=191.0 meV, RMSE_F=173.3 meV / A, RMSE_Mu_per_atom=3.21 mDebye
2023-11-30 16:59:26.960 INFO: Epoch 54: loss=4.3885, RMSE_E_per_atom=179.1 meV, RMSE_F=208.7 meV / A, RMSE_Mu_per_atom=4.23 mDebye
2023-11-30 16:59:28.246 INFO: Epoch 56: loss=4.4424, RMSE_E_per_atom=190.7 meV, RMSE_F=209.9 meV / A, RMSE_Mu_per_atom=3.48 mDebye
2023-11-30 16:59:29.536 INFO: Epoch 58: loss=3.0711, RMSE_E_per_atom=198.5 meV, RMSE_F=174.1 meV / A, RMSE_Mu_per_atom=2.95 mDebye
2023-11-30 16:59:30.827 INFO: Epoch 60: loss=3.4656, RMSE_E_per_atom=184.6 meV, RMSE_F=185.2 meV / A, RMSE_Mu_per_atom=2.94 mDebye
2023-11-30 16:59:32.113 INFO: Epoch 62: loss=2.6523, RMSE_E_per_atom=160.7 meV, RMSE_F=162.0 meV / A, RMSE_Mu_per_atom=3.10 mDebye
2023-11-30 16:59:33.661 INFO: Epoch 64: loss=3.1027, RMSE_E_per_atom=129.1 meV, RMSE_F=175.6 meV / A, RMSE_Mu_per_atom=3.34 mDebye
2023-11-30 16:59:34.950 INFO: Epoch 66: loss=3.3152, RMSE_E_per_atom=138.3 meV, RMSE_F=181.5 meV / A, RMSE_Mu_per_atom=3.19 mDebye
2023-11-30 16:59:36.238 INFO: Epoch 68: loss=2.9986, RMSE_E_per_atom=143.3 meV, RMSE_F=172.5 meV / A, RMSE_Mu_per_atom=4.48 mDebye
2023-11-30 16:59:37.528 INFO: Epoch 70: loss=2.1941, RMSE_E_per_atom=123.2 meV, RMSE_F=147.6 meV / A, RMSE_Mu_per_atom=3.18 mDebye
2023-11-30 16:59:39.084 INFO: Epoch 72: loss=3.6797, RMSE_E_per_atom=101.6 meV, RMSE_F=191.5 meV / A, RMSE_Mu_per_atom=3.10 mDebye
2023-11-30 16:59:40.375 INFO: Epoch 74: loss=3.3132, RMSE_E_per_atom=113.6 meV, RMSE_F=181.6 meV / A, RMSE_Mu_per_atom=3.06 mDebye
2023-11-30 16:59:41.664 INFO: Epoch 76: loss=3.6773, RMSE_E_per_atom=121.5 meV, RMSE_F=191.3 meV / A, RMSE_Mu_per_atom=3.93 mDebye
2023-11-30 16:59:42.956 INFO: Epoch 78: loss=3.0569, RMSE_E_per_atom=117.3 meV, RMSE_F=174.4 meV / A, RMSE_Mu_per_atom=3.11 mDebye
2023-11-30 16:59:44.247 INFO: Epoch 80: loss=2.9507, RMSE_E_per_atom=128.8 meV, RMSE_F=171.3 meV / A, RMSE_Mu_per_atom=3.54 mDebye
2023-11-30 16:59:45.538 INFO: Epoch 82: loss=3.0833, RMSE_E_per_atom=101.6 meV, RMSE_F=175.3 meV / A, RMSE_Mu_per_atom=3.05 mDebye
2023-11-30 16:59:46.827 INFO: Epoch 84: loss=3.2558, RMSE_E_per_atom=99.6 meV, RMSE_F=180.1 meV / A, RMSE_Mu_per_atom=3.04 mDebye
2023-11-30 16:59:48.117 INFO: Epoch 86: loss=2.4070, RMSE_E_per_atom=83.6 meV, RMSE_F=154.9 meV / A, RMSE_Mu_per_atom=3.94 mDebye
2023-11-30 16:59:49.407 INFO: Epoch 88: loss=2.5223, RMSE_E_per_atom=66.5 meV, RMSE_F=158.6 meV / A, RMSE_Mu_per_atom=4.08 mDebye
2023-11-30 16:59:50.700 INFO: Epoch 90: loss=2.5576, RMSE_E_per_atom=60.7 meV, RMSE_F=159.8 meV / A, RMSE_Mu_per_atom=3.61 mDebye
2023-11-30 16:59:51.993 INFO: Epoch 92: loss=1.9176, RMSE_E_per_atom=63.5 meV, RMSE_F=138.3 meV / A, RMSE_Mu_per_atom=3.51 mDebye
2023-11-30 16:59:53.551 INFO: Epoch 94: loss=2.1458, RMSE_E_per_atom=64.7 meV, RMSE_F=146.3 meV / A, RMSE_Mu_per_atom=2.81 mDebye
2023-11-30 16:59:54.840 INFO: Epoch 96: loss=4.7069, RMSE_E_per_atom=48.6 meV, RMSE_F=216.9 meV / A, RMSE_Mu_per_atom=2.59 mDebye
2023-11-30 16:59:56.129 INFO: Epoch 98: loss=2.4967, RMSE_E_per_atom=59.8 meV, RMSE_F=157.9 meV / A, RMSE_Mu_per_atom=2.84 mDebye
2023-11-30 16:59:57.421 INFO: Epoch 100: loss=2.1907, RMSE_E_per_atom=101.2 meV, RMSE_F=147.6 meV / A, RMSE_Mu_per_atom=2.79 mDebye
2023-11-30 16:59:58.711 INFO: Epoch 102: loss=1.8049, RMSE_E_per_atom=99.5 meV, RMSE_F=134.0 meV / A, RMSE_Mu_per_atom=2.51 mDebye
2023-11-30 17:00:00.266 INFO: Epoch 104: loss=3.1094, RMSE_E_per_atom=70.1 meV, RMSE_F=176.2 meV / A, RMSE_Mu_per_atom=2.42 mDebye
2023-11-30 17:00:01.558 INFO: Epoch 106: loss=1.8627, RMSE_E_per_atom=78.0 meV, RMSE_F=136.2 meV / A, RMSE_Mu_per_atom=2.71 mDebye
2023-11-30 17:00:02.849 INFO: Epoch 108: loss=1.7197, RMSE_E_per_atom=87.0 meV, RMSE_F=130.8 meV / A, RMSE_Mu_per_atom=2.35 mDebye
2023-11-30 17:00:04.407 INFO: Epoch 110: loss=2.1582, RMSE_E_per_atom=50.1 meV, RMSE_F=146.8 meV / A, RMSE_Mu_per_atom=2.32 mDebye
2023-11-30 17:00:05.695 INFO: Epoch 112: loss=1.8741, RMSE_E_per_atom=63.9 meV, RMSE_F=136.7 meV / A, RMSE_Mu_per_atom=2.72 mDebye
2023-11-30 17:00:06.983 INFO: Epoch 114: loss=1.6123, RMSE_E_per_atom=68.9 meV, RMSE_F=126.8 meV / A, RMSE_Mu_per_atom=3.02 mDebye
2023-11-30 17:00:08.542 INFO: Epoch 116: loss=2.0272, RMSE_E_per_atom=59.3 meV, RMSE_F=142.2 meV / A, RMSE_Mu_per_atom=2.32 mDebye
2023-11-30 17:00:09.832 INFO: Epoch 118: loss=1.5043, RMSE_E_per_atom=71.1 meV, RMSE_F=122.4 meV / A, RMSE_Mu_per_atom=2.04 mDebye
2023-11-30 17:00:11.386 INFO: Epoch 120: loss=2.7702, RMSE_E_per_atom=53.8 meV, RMSE_F=166.3 meV / A, RMSE_Mu_per_atom=2.59 mDebye
2023-11-30 17:00:12.679 INFO: Epoch 122: loss=1.3811, RMSE_E_per_atom=76.9 meV, RMSE_F=117.2 meV / A, RMSE_Mu_per_atom=2.29 mDebye
2023-11-30 17:00:14.236 INFO: Epoch 124: loss=1.6543, RMSE_E_per_atom=44.8 meV, RMSE_F=128.5 meV / A, RMSE_Mu_per_atom=2.20 mDebye
2023-11-30 17:00:15.528 INFO: Epoch 126: loss=2.1058, RMSE_E_per_atom=23.3 meV, RMSE_F=145.1 meV / A, RMSE_Mu_per_atom=2.63 mDebye
2023-11-30 17:00:16.816 INFO: Epoch 128: loss=1.9403, RMSE_E_per_atom=34.7 meV, RMSE_F=139.2 meV / A, RMSE_Mu_per_atom=2.07 mDebye
2023-11-30 17:00:18.099 INFO: Epoch 130: loss=2.3231, RMSE_E_per_atom=33.8 meV, RMSE_F=152.4 meV / A, RMSE_Mu_per_atom=2.17 mDebye
2023-11-30 17:00:19.389 INFO: Epoch 132: loss=1.9819, RMSE_E_per_atom=46.0 meV, RMSE_F=140.7 meV / A, RMSE_Mu_per_atom=2.20 mDebye
2023-11-30 17:00:20.678 INFO: Epoch 134: loss=1.7127, RMSE_E_per_atom=71.1 meV, RMSE_F=130.7 meV / A, RMSE_Mu_per_atom=2.03 mDebye
2023-11-30 17:00:21.965 INFO: Epoch 136: loss=1.5386, RMSE_E_per_atom=59.0 meV, RMSE_F=123.9 meV / A, RMSE_Mu_per_atom=2.20 mDebye
2023-11-30 17:00:23.257 INFO: Epoch 138: loss=1.4251, RMSE_E_per_atom=61.7 meV, RMSE_F=119.2 meV / A, RMSE_Mu_per_atom=2.17 mDebye
2023-11-30 17:00:24.546 INFO: Epoch 140: loss=2.5043, RMSE_E_per_atom=50.8 meV, RMSE_F=158.2 meV / A, RMSE_Mu_per_atom=2.23 mDebye
2023-11-30 17:00:25.831 INFO: Epoch 142: loss=1.9885, RMSE_E_per_atom=74.8 meV, RMSE_F=140.8 meV / A, RMSE_Mu_per_atom=1.95 mDebye
2023-11-30 17:00:27.119 INFO: Epoch 144: loss=1.4607, RMSE_E_per_atom=55.9 meV, RMSE_F=120.7 meV / A, RMSE_Mu_per_atom=2.22 mDebye
2023-11-30 17:00:28.407 INFO: Epoch 146: loss=1.7704, RMSE_E_per_atom=62.3 meV, RMSE_F=132.9 meV / A, RMSE_Mu_per_atom=2.00 mDebye
2023-11-30 17:00:29.694 INFO: Epoch 148: loss=1.5064, RMSE_E_per_atom=48.9 meV, RMSE_F=122.6 meV / A, RMSE_Mu_per_atom=2.04 mDebye
2023-11-30 17:00:30.984 INFO: Epoch 150: loss=2.9085, RMSE_E_per_atom=41.3 meV, RMSE_F=170.5 meV / A, RMSE_Mu_per_atom=1.97 mDebye
2023-11-30 17:00:32.273 INFO: Epoch 152: loss=1.6081, RMSE_E_per_atom=43.4 meV, RMSE_F=126.7 meV / A, RMSE_Mu_per_atom=3.03 mDebye
2023-11-30 17:00:33.559 INFO: Epoch 154: loss=1.3611, RMSE_E_per_atom=62.0 meV, RMSE_F=116.5 meV / A, RMSE_Mu_per_atom=2.13 mDebye
2023-11-30 17:00:35.113 INFO: Epoch 156: loss=1.3317, RMSE_E_per_atom=63.7 meV, RMSE_F=115.2 meV / A, RMSE_Mu_per_atom=2.87 mDebye
2023-11-30 17:00:36.668 INFO: Epoch 158: loss=1.3400, RMSE_E_per_atom=49.5 meV, RMSE_F=115.6 meV / A, RMSE_Mu_per_atom=2.29 mDebye
2023-11-30 17:00:37.958 INFO: Epoch 160: loss=1.1374, RMSE_E_per_atom=43.6 meV, RMSE_F=106.5 meV / A, RMSE_Mu_per_atom=2.22 mDebye
2023-11-30 17:00:39.514 INFO: Epoch 162: loss=1.4639, RMSE_E_per_atom=42.1 meV, RMSE_F=120.9 meV / A, RMSE_Mu_per_atom=2.28 mDebye
2023-11-30 17:00:40.803 INFO: Epoch 164: loss=1.3775, RMSE_E_per_atom=48.7 meV, RMSE_F=117.2 meV / A, RMSE_Mu_per_atom=2.54 mDebye
2023-11-30 17:00:42.095 INFO: Epoch 166: loss=1.6227, RMSE_E_per_atom=45.9 meV, RMSE_F=127.3 meV / A, RMSE_Mu_per_atom=2.55 mDebye
2023-11-30 17:00:43.386 INFO: Epoch 168: loss=1.1565, RMSE_E_per_atom=42.6 meV, RMSE_F=107.4 meV / A, RMSE_Mu_per_atom=2.23 mDebye
2023-11-30 17:00:44.677 INFO: Epoch 170: loss=1.0460, RMSE_E_per_atom=33.9 meV, RMSE_F=102.2 meV / A, RMSE_Mu_per_atom=2.04 mDebye
2023-11-30 17:00:46.235 INFO: Epoch 172: loss=0.9579, RMSE_E_per_atom=19.9 meV, RMSE_F=97.8 meV / A, RMSE_Mu_per_atom=2.72 mDebye
2023-11-30 17:00:47.790 INFO: Epoch 174: loss=1.7740, RMSE_E_per_atom=29.9 meV, RMSE_F=133.1 meV / A, RMSE_Mu_per_atom=2.05 mDebye
2023-11-30 17:00:49.080 INFO: Epoch 176: loss=1.1460, RMSE_E_per_atom=29.5 meV, RMSE_F=107.0 meV / A, RMSE_Mu_per_atom=1.95 mDebye
2023-11-30 17:00:50.368 INFO: Epoch 178: loss=1.8792, RMSE_E_per_atom=45.9 meV, RMSE_F=137.0 meV / A, RMSE_Mu_per_atom=1.91 mDebye
2023-11-30 17:00:51.655 INFO: Epoch 180: loss=1.4085, RMSE_E_per_atom=45.9 meV, RMSE_F=118.6 meV / A, RMSE_Mu_per_atom=1.87 mDebye
2023-11-30 17:00:52.942 INFO: Epoch 182: loss=2.0421, RMSE_E_per_atom=79.8 meV, RMSE_F=142.7 meV / A, RMSE_Mu_per_atom=2.20 mDebye
2023-11-30 17:00:54.231 INFO: Epoch 184: loss=1.6372, RMSE_E_per_atom=76.6 meV, RMSE_F=127.7 meV / A, RMSE_Mu_per_atom=1.92 mDebye
2023-11-30 17:00:55.520 INFO: Epoch 186: loss=1.2614, RMSE_E_per_atom=63.8 meV, RMSE_F=112.1 meV / A, RMSE_Mu_per_atom=2.34 mDebye
2023-11-30 17:00:56.811 INFO: Epoch 188: loss=2.1667, RMSE_E_per_atom=50.5 meV, RMSE_F=147.1 meV / A, RMSE_Mu_per_atom=3.31 mDebye
2023-11-30 17:00:58.098 INFO: Epoch 190: loss=1.3652, RMSE_E_per_atom=52.8 meV, RMSE_F=116.7 meV / A, RMSE_Mu_per_atom=2.15 mDebye
2023-11-30 17:00:59.388 INFO: Epoch 192: loss=1.3279, RMSE_E_per_atom=53.6 meV, RMSE_F=115.1 meV / A, RMSE_Mu_per_atom=1.87 mDebye
2023-11-30 17:01:00.678 INFO: Epoch 194: loss=1.2767, RMSE_E_per_atom=59.6 meV, RMSE_F=112.8 meV / A, RMSE_Mu_per_atom=2.50 mDebye
2023-11-30 17:01:01.966 INFO: Epoch 196: loss=1.3324, RMSE_E_per_atom=62.9 meV, RMSE_F=115.2 meV / A, RMSE_Mu_per_atom=2.17 mDebye
2023-11-30 17:01:03.253 INFO: Epoch 198: loss=1.4582, RMSE_E_per_atom=53.7 meV, RMSE_F=120.6 meV / A, RMSE_Mu_per_atom=1.85 mDebye
2023-11-30 17:01:04.542 INFO: Epoch 200: loss=1.2400, RMSE_E_per_atom=52.0 meV, RMSE_F=111.2 meV / A, RMSE_Mu_per_atom=2.33 mDebye
2023-11-30 17:01:05.831 INFO: Epoch 202: loss=1.2545, RMSE_E_per_atom=77.8 meV, RMSE_F=111.7 meV / A, RMSE_Mu_per_atom=2.88 mDebye
2023-11-30 17:01:07.117 INFO: Epoch 204: loss=1.2642, RMSE_E_per_atom=47.7 meV, RMSE_F=112.3 meV / A, RMSE_Mu_per_atom=2.06 mDebye
2023-11-30 17:01:08.408 INFO: Epoch 206: loss=1.4982, RMSE_E_per_atom=47.7 meV, RMSE_F=122.3 meV / A, RMSE_Mu_per_atom=2.02 mDebye
2023-11-30 17:01:09.699 INFO: Epoch 208: loss=0.8085, RMSE_E_per_atom=53.2 meV, RMSE_F=89.7 meV / A, RMSE_Mu_per_atom=2.11 mDebye
2023-11-30 17:01:11.256 INFO: Epoch 210: loss=0.9437, RMSE_E_per_atom=39.6 meV, RMSE_F=97.0 meV / A, RMSE_Mu_per_atom=1.92 mDebye
2023-11-30 17:01:12.542 INFO: Epoch 212: loss=0.7648, RMSE_E_per_atom=30.2 meV, RMSE_F=87.4 meV / A, RMSE_Mu_per_atom=2.05 mDebye
2023-11-30 17:01:14.095 INFO: Epoch 214: loss=1.0397, RMSE_E_per_atom=36.7 meV, RMSE_F=101.9 meV / A, RMSE_Mu_per_atom=2.03 mDebye
2023-11-30 17:01:15.382 INFO: Epoch 216: loss=1.0186, RMSE_E_per_atom=42.0 meV, RMSE_F=100.8 meV / A, RMSE_Mu_per_atom=1.90 mDebye
2023-11-30 17:01:16.669 INFO: Epoch 218: loss=1.0250, RMSE_E_per_atom=35.2 meV, RMSE_F=101.2 meV / A, RMSE_Mu_per_atom=1.97 mDebye
2023-11-30 17:01:17.958 INFO: Epoch 220: loss=0.9996, RMSE_E_per_atom=44.6 meV, RMSE_F=99.9 meV / A, RMSE_Mu_per_atom=2.00 mDebye
2023-11-30 17:01:19.246 INFO: Epoch 222: loss=1.2422, RMSE_E_per_atom=51.9 meV, RMSE_F=111.3 meV / A, RMSE_Mu_per_atom=1.87 mDebye
2023-11-30 17:01:20.537 INFO: Epoch 224: loss=1.7943, RMSE_E_per_atom=43.0 meV, RMSE_F=133.9 meV / A, RMSE_Mu_per_atom=1.99 mDebye
2023-11-30 17:01:21.825 INFO: Epoch 226: loss=1.1235, RMSE_E_per_atom=33.3 meV, RMSE_F=105.9 meV / A, RMSE_Mu_per_atom=2.40 mDebye
2023-11-30 17:01:23.112 INFO: Epoch 228: loss=0.8752, RMSE_E_per_atom=30.6 meV, RMSE_F=93.5 meV / A, RMSE_Mu_per_atom=2.56 mDebye
2023-11-30 17:01:24.401 INFO: Epoch 230: loss=0.8474, RMSE_E_per_atom=26.0 meV, RMSE_F=92.0 meV / A, RMSE_Mu_per_atom=2.12 mDebye
2023-11-30 17:01:25.691 INFO: Epoch 232: loss=1.1268, RMSE_E_per_atom=19.8 meV, RMSE_F=106.1 meV / A, RMSE_Mu_per_atom=2.11 mDebye
2023-11-30 17:01:26.975 INFO: Epoch 234: loss=1.0704, RMSE_E_per_atom=36.6 meV, RMSE_F=103.4 meV / A, RMSE_Mu_per_atom=2.00 mDebye
2023-11-30 17:01:28.267 INFO: Epoch 236: loss=0.7547, RMSE_E_per_atom=37.4 meV, RMSE_F=86.8 meV / A, RMSE_Mu_per_atom=2.60 mDebye
2023-11-30 17:01:29.822 INFO: Epoch 238: loss=1.3144, RMSE_E_per_atom=40.0 meV, RMSE_F=114.6 meV / A, RMSE_Mu_per_atom=2.49 mDebye
2023-11-30 17:01:31.108 INFO: Epoch 240: loss=0.8930, RMSE_E_per_atom=39.5 meV, RMSE_F=94.4 meV / A, RMSE_Mu_per_atom=1.86 mDebye
2023-11-30 17:01:32.405 INFO: Epoch 242: loss=1.0918, RMSE_E_per_atom=46.3 meV, RMSE_F=104.4 meV / A, RMSE_Mu_per_atom=2.17 mDebye
2023-11-30 17:01:33.698 INFO: Epoch 244: loss=1.0572, RMSE_E_per_atom=40.0 meV, RMSE_F=102.7 meV / A, RMSE_Mu_per_atom=2.11 mDebye
2023-11-30 17:01:34.991 INFO: Epoch 246: loss=0.9452, RMSE_E_per_atom=27.2 meV, RMSE_F=97.2 meV / A, RMSE_Mu_per_atom=2.28 mDebye
2023-11-30 17:01:36.277 INFO: Epoch 248: loss=0.7003, RMSE_E_per_atom=36.2 meV, RMSE_F=83.6 meV / A, RMSE_Mu_per_atom=1.79 mDebye
2023-11-30 17:01:37.827 INFO: Epoch 250: loss=0.6410, RMSE_E_per_atom=27.2 meV, RMSE_F=80.0 meV / A, RMSE_Mu_per_atom=1.91 mDebye
2023-11-30 17:01:39.384 INFO: Epoch 252: loss=0.6545, RMSE_E_per_atom=23.6 meV, RMSE_F=80.8 meV / A, RMSE_Mu_per_atom=2.05 mDebye
2023-11-30 17:01:40.677 INFO: Epoch 254: loss=0.6377, RMSE_E_per_atom=16.7 meV, RMSE_F=79.8 meV / A, RMSE_Mu_per_atom=2.36 mDebye
2023-11-30 17:01:42.234 INFO: Epoch 256: loss=0.5872, RMSE_E_per_atom=15.7 meV, RMSE_F=76.6 meV / A, RMSE_Mu_per_atom=2.06 mDebye
2023-11-30 17:01:43.790 INFO: Epoch 258: loss=0.6954, RMSE_E_per_atom=10.9 meV, RMSE_F=83.4 meV / A, RMSE_Mu_per_atom=1.84 mDebye
2023-11-30 17:01:45.079 INFO: Epoch 260: loss=0.7063, RMSE_E_per_atom=23.1 meV, RMSE_F=84.0 meV / A, RMSE_Mu_per_atom=1.84 mDebye
2023-11-30 17:01:46.370 INFO: Epoch 262: loss=0.7812, RMSE_E_per_atom=26.6 meV, RMSE_F=88.3 meV / A, RMSE_Mu_per_atom=1.90 mDebye
2023-11-30 17:01:47.660 INFO: Epoch 264: loss=0.8768, RMSE_E_per_atom=21.1 meV, RMSE_F=93.6 meV / A, RMSE_Mu_per_atom=2.89 mDebye
2023-11-30 17:01:48.950 INFO: Epoch 266: loss=0.5818, RMSE_E_per_atom=23.4 meV, RMSE_F=76.2 meV / A, RMSE_Mu_per_atom=2.25 mDebye
2023-11-30 17:01:50.507 INFO: Epoch 268: loss=0.5785, RMSE_E_per_atom=14.9 meV, RMSE_F=76.0 meV / A, RMSE_Mu_per_atom=2.01 mDebye
2023-11-30 17:01:52.057 INFO: Epoch 270: loss=0.6323, RMSE_E_per_atom=18.0 meV, RMSE_F=79.4 meV / A, RMSE_Mu_per_atom=2.85 mDebye
2023-11-30 17:01:53.348 INFO: Epoch 272: loss=0.8565, RMSE_E_per_atom=30.6 meV, RMSE_F=92.5 meV / A, RMSE_Mu_per_atom=2.11 mDebye
2023-11-30 17:01:54.643 INFO: Epoch 274: loss=0.8842, RMSE_E_per_atom=29.7 meV, RMSE_F=94.0 meV / A, RMSE_Mu_per_atom=2.32 mDebye
2023-11-30 17:01:55.935 INFO: Epoch 276: loss=0.9201, RMSE_E_per_atom=34.1 meV, RMSE_F=95.8 meV / A, RMSE_Mu_per_atom=2.12 mDebye
2023-11-30 17:01:57.228 INFO: Epoch 278: loss=0.8054, RMSE_E_per_atom=41.3 meV, RMSE_F=89.6 meV / A, RMSE_Mu_per_atom=2.02 mDebye
2023-11-30 17:01:58.518 INFO: Epoch 280: loss=1.3817, RMSE_E_per_atom=54.4 meV, RMSE_F=117.4 meV / A, RMSE_Mu_per_atom=1.83 mDebye
2023-11-30 17:01:59.807 INFO: Epoch 282: loss=1.3575, RMSE_E_per_atom=34.1 meV, RMSE_F=116.4 meV / A, RMSE_Mu_per_atom=2.19 mDebye
2023-11-30 17:02:01.097 INFO: Epoch 284: loss=1.1947, RMSE_E_per_atom=54.9 meV, RMSE_F=109.1 meV / A, RMSE_Mu_per_atom=1.95 mDebye
2023-11-30 17:02:02.388 INFO: Epoch 286: loss=0.7414, RMSE_E_per_atom=51.1 meV, RMSE_F=85.9 meV / A, RMSE_Mu_per_atom=2.30 mDebye
2023-11-30 17:02:03.679 INFO: Epoch 288: loss=0.7860, RMSE_E_per_atom=38.9 meV, RMSE_F=88.5 meV / A, RMSE_Mu_per_atom=2.00 mDebye
2023-11-30 17:02:04.970 INFO: Epoch 290: loss=0.7457, RMSE_E_per_atom=35.6 meV, RMSE_F=86.3 meV / A, RMSE_Mu_per_atom=2.08 mDebye
2023-11-30 17:02:06.260 INFO: Epoch 292: loss=0.5875, RMSE_E_per_atom=28.7 meV, RMSE_F=76.5 meV / A, RMSE_Mu_per_atom=2.72 mDebye
2023-11-30 17:02:07.550 INFO: Epoch 294: loss=1.1114, RMSE_E_per_atom=19.3 meV, RMSE_F=105.4 meV / A, RMSE_Mu_per_atom=2.28 mDebye
2023-11-30 17:02:08.840 INFO: Epoch 296: loss=0.7518, RMSE_E_per_atom=34.6 meV, RMSE_F=86.6 meV / A, RMSE_Mu_per_atom=1.98 mDebye
2023-11-30 17:02:10.128 INFO: Epoch 298: loss=0.7043, RMSE_E_per_atom=35.4 meV, RMSE_F=83.8 meV / A, RMSE_Mu_per_atom=2.09 mDebye
2023-11-30 17:02:11.416 INFO: Epoch 300: loss=1.2894, RMSE_E_per_atom=34.5 meV, RMSE_F=113.5 meV / A, RMSE_Mu_per_atom=1.92 mDebye
2023-11-30 17:02:12.706 INFO: Epoch 302: loss=0.8949, RMSE_E_per_atom=37.0 meV, RMSE_F=94.5 meV / A, RMSE_Mu_per_atom=2.06 mDebye
2023-11-30 17:02:13.995 INFO: Epoch 304: loss=0.8184, RMSE_E_per_atom=41.2 meV, RMSE_F=90.3 meV / A, RMSE_Mu_per_atom=2.02 mDebye
2023-11-30 17:02:15.281 INFO: Epoch 306: loss=0.9183, RMSE_E_per_atom=33.9 meV, RMSE_F=95.7 meV / A, RMSE_Mu_per_atom=2.08 mDebye
2023-11-30 17:02:16.570 INFO: Epoch 308: loss=1.1492, RMSE_E_per_atom=35.4 meV, RMSE_F=107.1 meV / A, RMSE_Mu_per_atom=2.09 mDebye
2023-11-30 17:02:17.856 INFO: Epoch 310: loss=0.8182, RMSE_E_per_atom=56.2 meV, RMSE_F=90.3 meV / A, RMSE_Mu_per_atom=2.29 mDebye
2023-11-30 17:02:19.146 INFO: Epoch 312: loss=1.3827, RMSE_E_per_atom=38.0 meV, RMSE_F=117.5 meV / A, RMSE_Mu_per_atom=1.96 mDebye
2023-11-30 17:02:20.435 INFO: Epoch 314: loss=0.6168, RMSE_E_per_atom=59.6 meV, RMSE_F=78.3 meV / A, RMSE_Mu_per_atom=1.85 mDebye
2023-11-30 17:02:21.724 INFO: Epoch 316: loss=0.5338, RMSE_E_per_atom=40.3 meV, RMSE_F=72.9 meV / A, RMSE_Mu_per_atom=1.97 mDebye
2023-11-30 17:02:23.280 INFO: Epoch 318: loss=0.6588, RMSE_E_per_atom=48.6 meV, RMSE_F=81.0 meV / A, RMSE_Mu_per_atom=2.12 mDebye
2023-11-30 17:02:24.569 INFO: Epoch 320: loss=0.5771, RMSE_E_per_atom=43.4 meV, RMSE_F=75.8 meV / A, RMSE_Mu_per_atom=2.15 mDebye
2023-11-30 17:02:25.856 INFO: Epoch 322: loss=0.6356, RMSE_E_per_atom=29.7 meV, RMSE_F=79.6 meV / A, RMSE_Mu_per_atom=2.13 mDebye
2023-11-30 17:02:27.147 INFO: Epoch 324: loss=0.5446, RMSE_E_per_atom=28.3 meV, RMSE_F=73.7 meV / A, RMSE_Mu_per_atom=1.90 mDebye
2023-11-30 17:02:28.432 INFO: Epoch 326: loss=0.5627, RMSE_E_per_atom=28.7 meV, RMSE_F=74.9 meV / A, RMSE_Mu_per_atom=1.83 mDebye
2023-11-30 17:02:29.722 INFO: Epoch 328: loss=0.4630, RMSE_E_per_atom=20.8 meV, RMSE_F=68.0 meV / A, RMSE_Mu_per_atom=2.02 mDebye
2023-11-30 17:02:31.277 INFO: Epoch 330: loss=0.4418, RMSE_E_per_atom=14.3 meV, RMSE_F=66.4 meV / A, RMSE_Mu_per_atom=2.09 mDebye
2023-11-30 17:02:32.830 INFO: Epoch 332: loss=0.5442, RMSE_E_per_atom=8.6 meV, RMSE_F=73.7 meV / A, RMSE_Mu_per_atom=2.27 mDebye
2023-11-30 17:02:34.122 INFO: Epoch 334: loss=0.5581, RMSE_E_per_atom=11.2 meV, RMSE_F=74.6 meV / A, RMSE_Mu_per_atom=3.13 mDebye
2023-11-30 17:02:35.411 INFO: Epoch 336: loss=0.8392, RMSE_E_per_atom=9.9 meV, RMSE_F=91.6 meV / A, RMSE_Mu_per_atom=2.27 mDebye
2023-11-30 17:02:36.701 INFO: Epoch 338: loss=0.5534, RMSE_E_per_atom=30.1 meV, RMSE_F=74.3 meV / A, RMSE_Mu_per_atom=2.10 mDebye
2023-11-30 17:02:37.987 INFO: Epoch 340: loss=0.5537, RMSE_E_per_atom=21.9 meV, RMSE_F=74.3 meV / A, RMSE_Mu_per_atom=2.11 mDebye
2023-11-30 17:02:39.276 INFO: Epoch 342: loss=0.5651, RMSE_E_per_atom=21.4 meV, RMSE_F=75.1 meV / A, RMSE_Mu_per_atom=1.88 mDebye
2023-11-30 17:02:40.564 INFO: Epoch 344: loss=1.3733, RMSE_E_per_atom=23.5 meV, RMSE_F=117.1 meV / A, RMSE_Mu_per_atom=1.90 mDebye
2023-11-30 17:02:41.852 INFO: Epoch 346: loss=1.0094, RMSE_E_per_atom=58.6 meV, RMSE_F=100.3 meV / A, RMSE_Mu_per_atom=1.91 mDebye
2023-11-30 17:02:43.140 INFO: Epoch 348: loss=0.6650, RMSE_E_per_atom=40.3 meV, RMSE_F=81.4 meV / A, RMSE_Mu_per_atom=1.97 mDebye
2023-11-30 17:02:44.433 INFO: Epoch 350: loss=0.5830, RMSE_E_per_atom=46.3 meV, RMSE_F=76.2 meV / A, RMSE_Mu_per_atom=1.91 mDebye
2023-11-30 17:02:45.724 INFO: Epoch 352: loss=0.4677, RMSE_E_per_atom=38.1 meV, RMSE_F=68.3 meV / A, RMSE_Mu_per_atom=2.06 mDebye
2023-11-30 17:02:47.013 INFO: Epoch 354: loss=0.5938, RMSE_E_per_atom=24.2 meV, RMSE_F=77.0 meV / A, RMSE_Mu_per_atom=2.07 mDebye
2023-11-30 17:02:48.305 INFO: Epoch 356: loss=0.5442, RMSE_E_per_atom=26.1 meV, RMSE_F=73.7 meV / A, RMSE_Mu_per_atom=2.11 mDebye
2023-11-30 17:02:49.594 INFO: Epoch 358: loss=0.4299, RMSE_E_per_atom=17.8 meV, RMSE_F=65.5 meV / A, RMSE_Mu_per_atom=2.32 mDebye
2023-11-30 17:02:51.150 INFO: Epoch 360: loss=0.3759, RMSE_E_per_atom=20.2 meV, RMSE_F=61.2 meV / A, RMSE_Mu_per_atom=1.97 mDebye
2023-11-30 17:02:52.707 INFO: Epoch 362: loss=0.3392, RMSE_E_per_atom=13.4 meV, RMSE_F=58.2 meV / A, RMSE_Mu_per_atom=1.93 mDebye
2023-11-30 17:02:54.264 INFO: Epoch 364: loss=0.3816, RMSE_E_per_atom=14.2 meV, RMSE_F=61.7 meV / A, RMSE_Mu_per_atom=2.02 mDebye
2023-11-30 17:02:55.556 INFO: Epoch 366: loss=0.4133, RMSE_E_per_atom=16.1 meV, RMSE_F=64.2 meV / A, RMSE_Mu_per_atom=1.92 mDebye
2023-11-30 17:02:56.845 INFO: Epoch 368: loss=0.3839, RMSE_E_per_atom=13.4 meV, RMSE_F=61.9 meV / A, RMSE_Mu_per_atom=2.21 mDebye
2023-11-30 17:02:58.135 INFO: Epoch 370: loss=0.3940, RMSE_E_per_atom=12.4 meV, RMSE_F=62.7 meV / A, RMSE_Mu_per_atom=2.15 mDebye
2023-11-30 17:02:59.426 INFO: Epoch 372: loss=0.3812, RMSE_E_per_atom=12.0 meV, RMSE_F=61.7 meV / A, RMSE_Mu_per_atom=1.94 mDebye
2023-11-30 17:03:00.717 INFO: Epoch 374: loss=0.3217, RMSE_E_per_atom=13.6 meV, RMSE_F=56.7 meV / A, RMSE_Mu_per_atom=1.89 mDebye
2023-11-30 17:03:02.273 INFO: Epoch 376: loss=0.3102, RMSE_E_per_atom=12.4 meV, RMSE_F=55.6 meV / A, RMSE_Mu_per_atom=2.09 mDebye
2023-11-30 17:03:03.833 INFO: Epoch 378: loss=0.3175, RMSE_E_per_atom=10.7 meV, RMSE_F=56.3 meV / A, RMSE_Mu_per_atom=1.90 mDebye
2023-11-30 17:03:05.126 INFO: Epoch 380: loss=0.3021, RMSE_E_per_atom=7.5 meV, RMSE_F=54.9 meV / A, RMSE_Mu_per_atom=2.14 mDebye
2023-11-30 17:03:06.725 INFO: Epoch 382: loss=0.6686, RMSE_E_per_atom=17.4 meV, RMSE_F=81.7 meV / A, RMSE_Mu_per_atom=2.02 mDebye
2023-11-30 17:03:08.015 INFO: Epoch 384: loss=0.3867, RMSE_E_per_atom=31.7 meV, RMSE_F=62.1 meV / A, RMSE_Mu_per_atom=1.92 mDebye
2023-11-30 17:03:09.309 INFO: Epoch 386: loss=0.8088, RMSE_E_per_atom=30.0 meV, RMSE_F=89.8 meV / A, RMSE_Mu_per_atom=2.50 mDebye
2023-11-30 17:03:10.603 INFO: Epoch 388: loss=0.5390, RMSE_E_per_atom=33.5 meV, RMSE_F=73.3 meV / A, RMSE_Mu_per_atom=2.11 mDebye
2023-11-30 17:03:11.894 INFO: Epoch 390: loss=0.3917, RMSE_E_per_atom=17.4 meV, RMSE_F=62.5 meV / A, RMSE_Mu_per_atom=1.86 mDebye
2023-11-30 17:03:13.184 INFO: Epoch 392: loss=0.4035, RMSE_E_per_atom=19.6 meV, RMSE_F=63.5 meV / A, RMSE_Mu_per_atom=1.94 mDebye
2023-11-30 17:03:14.480 INFO: Epoch 394: loss=0.3562, RMSE_E_per_atom=22.4 meV, RMSE_F=59.6 meV / A, RMSE_Mu_per_atom=1.93 mDebye
2023-11-30 17:03:15.774 INFO: Epoch 396: loss=0.3056, RMSE_E_per_atom=15.9 meV, RMSE_F=55.2 meV / A, RMSE_Mu_per_atom=2.24 mDebye
2023-11-30 17:03:17.064 INFO: Epoch 398: loss=0.4606, RMSE_E_per_atom=15.2 meV, RMSE_F=67.8 meV / A, RMSE_Mu_per_atom=2.16 mDebye
2023-11-30 17:03:18.354 INFO: Epoch 400: loss=0.3018, RMSE_E_per_atom=15.1 meV, RMSE_F=54.9 meV / A, RMSE_Mu_per_atom=1.81 mDebye
2023-11-30 17:03:19.914 INFO: Epoch 402: loss=0.3532, RMSE_E_per_atom=12.7 meV, RMSE_F=59.4 meV / A, RMSE_Mu_per_atom=1.84 mDebye
2023-11-30 17:03:21.212 INFO: Epoch 404: loss=0.2871, RMSE_E_per_atom=18.6 meV, RMSE_F=53.5 meV / A, RMSE_Mu_per_atom=1.97 mDebye
2023-11-30 17:03:22.771 INFO: Epoch 406: loss=0.3358, RMSE_E_per_atom=13.2 meV, RMSE_F=57.9 meV / A, RMSE_Mu_per_atom=1.90 mDebye
2023-11-30 17:03:24.065 INFO: Epoch 408: loss=0.7082, RMSE_E_per_atom=23.3 meV, RMSE_F=84.1 meV / A, RMSE_Mu_per_atom=1.91 mDebye
2023-11-30 17:03:25.360 INFO: Epoch 410: loss=0.3609, RMSE_E_per_atom=26.9 meV, RMSE_F=60.0 meV / A, RMSE_Mu_per_atom=2.60 mDebye
2023-11-30 17:03:26.654 INFO: Epoch 412: loss=0.4781, RMSE_E_per_atom=23.5 meV, RMSE_F=69.1 meV / A, RMSE_Mu_per_atom=2.42 mDebye
2023-11-30 17:03:27.947 INFO: Epoch 414: loss=0.4130, RMSE_E_per_atom=20.9 meV, RMSE_F=64.2 meV / A, RMSE_Mu_per_atom=1.92 mDebye
2023-11-30 17:03:29.242 INFO: Epoch 416: loss=0.5180, RMSE_E_per_atom=27.6 meV, RMSE_F=71.9 meV / A, RMSE_Mu_per_atom=1.81 mDebye
2023-11-30 17:03:30.537 INFO: Epoch 418: loss=0.3241, RMSE_E_per_atom=16.8 meV, RMSE_F=56.9 meV / A, RMSE_Mu_per_atom=2.03 mDebye
2023-11-30 17:03:31.833 INFO: Epoch 420: loss=0.4048, RMSE_E_per_atom=22.0 meV, RMSE_F=63.5 meV / A, RMSE_Mu_per_atom=2.34 mDebye
2023-11-30 17:03:33.128 INFO: Epoch 422: loss=0.5613, RMSE_E_per_atom=17.9 meV, RMSE_F=74.9 meV / A, RMSE_Mu_per_atom=2.68 mDebye
2023-11-30 17:03:34.422 INFO: Epoch 424: loss=0.5230, RMSE_E_per_atom=26.5 meV, RMSE_F=72.2 meV / A, RMSE_Mu_per_atom=2.29 mDebye
2023-11-30 17:03:35.717 INFO: Epoch 426: loss=0.4474, RMSE_E_per_atom=18.5 meV, RMSE_F=66.8 meV / A, RMSE_Mu_per_atom=2.59 mDebye
2023-11-30 17:03:37.014 INFO: Epoch 428: loss=0.3652, RMSE_E_per_atom=17.1 meV, RMSE_F=60.4 meV / A, RMSE_Mu_per_atom=1.83 mDebye
2023-11-30 17:03:38.309 INFO: Epoch 430: loss=0.5428, RMSE_E_per_atom=25.0 meV, RMSE_F=73.6 meV / A, RMSE_Mu_per_atom=1.81 mDebye
2023-11-30 17:03:39.605 INFO: Epoch 432: loss=0.2834, RMSE_E_per_atom=17.8 meV, RMSE_F=53.2 meV / A, RMSE_Mu_per_atom=1.93 mDebye
2023-11-30 17:03:41.166 INFO: Epoch 434: loss=0.3204, RMSE_E_per_atom=19.0 meV, RMSE_F=56.5 meV / A, RMSE_Mu_per_atom=1.98 mDebye
2023-11-30 17:03:42.461 INFO: Epoch 436: loss=0.3687, RMSE_E_per_atom=14.5 meV, RMSE_F=60.7 meV / A, RMSE_Mu_per_atom=1.76 mDebye
2023-11-30 17:03:43.755 INFO: Epoch 438: loss=0.2814, RMSE_E_per_atom=20.2 meV, RMSE_F=53.0 meV / A, RMSE_Mu_per_atom=1.82 mDebye
2023-11-30 17:03:45.316 INFO: Epoch 440: loss=0.2617, RMSE_E_per_atom=12.8 meV, RMSE_F=51.1 meV / A, RMSE_Mu_per_atom=1.94 mDebye
2023-11-30 17:03:46.876 INFO: Epoch 442: loss=0.4515, RMSE_E_per_atom=16.8 meV, RMSE_F=67.1 meV / A, RMSE_Mu_per_atom=1.80 mDebye
2023-11-30 17:03:48.168 INFO: Epoch 444: loss=0.9410, RMSE_E_per_atom=25.3 meV, RMSE_F=96.9 meV / A, RMSE_Mu_per_atom=2.60 mDebye
2023-11-30 17:03:49.461 INFO: Epoch 446: loss=0.8922, RMSE_E_per_atom=27.4 meV, RMSE_F=94.4 meV / A, RMSE_Mu_per_atom=1.96 mDebye
2023-11-30 17:03:50.755 INFO: Epoch 448: loss=0.3701, RMSE_E_per_atom=41.0 meV, RMSE_F=60.7 meV / A, RMSE_Mu_per_atom=1.72 mDebye
2023-11-30 17:03:52.046 INFO: Epoch 450: loss=0.3574, RMSE_E_per_atom=46.8 meV, RMSE_F=59.6 meV / A, RMSE_Mu_per_atom=2.24 mDebye
2023-11-30 17:03:53.342 INFO: Epoch 452: loss=0.2531, RMSE_E_per_atom=28.7 meV, RMSE_F=50.1 meV / A, RMSE_Mu_per_atom=2.80 mDebye
2023-11-30 17:03:54.904 INFO: Epoch 454: loss=0.2500, RMSE_E_per_atom=23.9 meV, RMSE_F=49.9 meV / A, RMSE_Mu_per_atom=2.76 mDebye
2023-11-30 17:03:56.460 INFO: Epoch 456: loss=0.3289, RMSE_E_per_atom=18.7 meV, RMSE_F=57.3 meV / A, RMSE_Mu_per_atom=2.58 mDebye
2023-11-30 17:03:57.755 INFO: Epoch 458: loss=0.2696, RMSE_E_per_atom=17.4 meV, RMSE_F=51.9 meV / A, RMSE_Mu_per_atom=1.85 mDebye
2023-11-30 17:03:59.046 INFO: Epoch 460: loss=0.2891, RMSE_E_per_atom=17.0 meV, RMSE_F=53.7 meV / A, RMSE_Mu_per_atom=1.81 mDebye
2023-11-30 17:04:00.339 INFO: Epoch 462: loss=0.2278, RMSE_E_per_atom=17.2 meV, RMSE_F=47.7 meV / A, RMSE_Mu_per_atom=1.91 mDebye
2023-11-30 17:04:01.898 INFO: Epoch 464: loss=0.3005, RMSE_E_per_atom=16.2 meV, RMSE_F=54.8 meV / A, RMSE_Mu_per_atom=2.03 mDebye
2023-11-30 17:04:03.193 INFO: Epoch 466: loss=0.2225, RMSE_E_per_atom=13.5 meV, RMSE_F=47.1 meV / A, RMSE_Mu_per_atom=1.92 mDebye
2023-11-30 17:04:04.753 INFO: Epoch 468: loss=0.2814, RMSE_E_per_atom=16.9 meV, RMSE_F=53.0 meV / A, RMSE_Mu_per_atom=1.87 mDebye
2023-11-30 17:04:06.047 INFO: Epoch 470: loss=0.2594, RMSE_E_per_atom=17.6 meV, RMSE_F=50.9 meV / A, RMSE_Mu_per_atom=1.89 mDebye
2023-11-30 17:04:07.338 INFO: Epoch 472: loss=0.2034, RMSE_E_per_atom=10.9 meV, RMSE_F=45.0 meV / A, RMSE_Mu_per_atom=2.09 mDebye
2023-11-30 17:04:08.898 INFO: Epoch 474: loss=0.1906, RMSE_E_per_atom=13.5 meV, RMSE_F=43.6 meV / A, RMSE_Mu_per_atom=1.91 mDebye
2023-11-30 17:04:10.459 INFO: Epoch 476: loss=0.1768, RMSE_E_per_atom=9.3 meV, RMSE_F=42.0 meV / A, RMSE_Mu_per_atom=1.87 mDebye
2023-11-30 17:04:12.017 INFO: Epoch 478: loss=0.1864, RMSE_E_per_atom=10.4 meV, RMSE_F=43.1 meV / A, RMSE_Mu_per_atom=1.95 mDebye
2023-11-30 17:04:13.313 INFO: Epoch 480: loss=0.2068, RMSE_E_per_atom=9.2 meV, RMSE_F=45.4 meV / A, RMSE_Mu_per_atom=1.80 mDebye
2023-11-30 17:04:14.607 INFO: Epoch 482: loss=0.3395, RMSE_E_per_atom=11.3 meV, RMSE_F=58.2 meV / A, RMSE_Mu_per_atom=1.81 mDebye
2023-11-30 17:04:15.899 INFO: Epoch 484: loss=0.2395, RMSE_E_per_atom=17.3 meV, RMSE_F=48.9 meV / A, RMSE_Mu_per_atom=1.95 mDebye
2023-11-30 17:04:17.192 INFO: Epoch 486: loss=0.2323, RMSE_E_per_atom=19.0 meV, RMSE_F=48.1 meV / A, RMSE_Mu_per_atom=1.94 mDebye
2023-11-30 17:04:18.486 INFO: Epoch 488: loss=0.7175, RMSE_E_per_atom=18.8 meV, RMSE_F=84.7 meV / A, RMSE_Mu_per_atom=1.83 mDebye
2023-11-30 17:04:19.782 INFO: Epoch 490: loss=0.4733, RMSE_E_per_atom=28.4 meV, RMSE_F=68.7 meV / A, RMSE_Mu_per_atom=2.07 mDebye
2023-11-30 17:04:21.078 INFO: Epoch 492: loss=0.2933, RMSE_E_per_atom=27.3 meV, RMSE_F=54.0 meV / A, RMSE_Mu_per_atom=2.81 mDebye
2023-11-30 17:04:22.368 INFO: Epoch 494: loss=0.2649, RMSE_E_per_atom=15.7 meV, RMSE_F=51.4 meV / A, RMSE_Mu_per_atom=1.79 mDebye
2023-11-30 17:04:23.659 INFO: Epoch 496: loss=0.1996, RMSE_E_per_atom=17.3 meV, RMSE_F=44.6 meV / A, RMSE_Mu_per_atom=2.02 mDebye
2023-11-30 17:04:24.953 INFO: Epoch 498: loss=0.1848, RMSE_E_per_atom=12.3 meV, RMSE_F=42.9 meV / A, RMSE_Mu_per_atom=1.79 mDebye
2023-11-30 17:04:26.246 INFO: Epoch 500: loss=0.1577, RMSE_E_per_atom=11.6 meV, RMSE_F=39.6 meV / A, RMSE_Mu_per_atom=1.79 mDebye
2023-11-30 17:04:27.808 INFO: Epoch 502: loss=0.1536, RMSE_E_per_atom=9.7 meV, RMSE_F=39.1 meV / A, RMSE_Mu_per_atom=1.74 mDebye
2023-11-30 17:04:29.367 INFO: Epoch 504: loss=0.1443, RMSE_E_per_atom=8.5 meV, RMSE_F=37.9 meV / A, RMSE_Mu_per_atom=1.86 mDebye
2023-11-30 17:04:30.926 INFO: Epoch 506: loss=0.1533, RMSE_E_per_atom=7.1 meV, RMSE_F=39.1 meV / A, RMSE_Mu_per_atom=1.84 mDebye
2023-11-30 17:04:32.221 INFO: Epoch 508: loss=0.1298, RMSE_E_per_atom=10.3 meV, RMSE_F=36.0 meV / A, RMSE_Mu_per_atom=1.80 mDebye
2023-11-30 17:04:33.778 INFO: Epoch 510: loss=0.1406, RMSE_E_per_atom=6.5 meV, RMSE_F=37.4 meV / A, RMSE_Mu_per_atom=1.83 mDebye
2023-11-30 17:04:35.073 INFO: Epoch 512: loss=0.1433, RMSE_E_per_atom=8.5 meV, RMSE_F=37.8 meV / A, RMSE_Mu_per_atom=1.86 mDebye
2023-11-30 17:04:36.367 INFO: Epoch 514: loss=0.1267, RMSE_E_per_atom=8.8 meV, RMSE_F=35.5 meV / A, RMSE_Mu_per_atom=1.83 mDebye
2023-11-30 17:04:37.927 INFO: Epoch 516: loss=0.1221, RMSE_E_per_atom=7.8 meV, RMSE_F=34.9 meV / A, RMSE_Mu_per_atom=1.77 mDebye
2023-11-30 17:04:39.488 INFO: Epoch 518: loss=0.1223, RMSE_E_per_atom=7.3 meV, RMSE_F=34.9 meV / A, RMSE_Mu_per_atom=1.75 mDebye
2023-11-30 17:04:40.784 INFO: Epoch 520: loss=0.1196, RMSE_E_per_atom=7.9 meV, RMSE_F=34.5 meV / A, RMSE_Mu_per_atom=1.86 mDebye
2023-11-30 17:04:42.341 INFO: Epoch 522: loss=0.1086, RMSE_E_per_atom=7.4 meV, RMSE_F=32.9 meV / A, RMSE_Mu_per_atom=1.90 mDebye
2023-11-30 17:04:43.903 INFO: Epoch 524: loss=0.1077, RMSE_E_per_atom=7.4 meV, RMSE_F=32.8 meV / A, RMSE_Mu_per_atom=1.87 mDebye
2023-11-30 17:04:45.463 INFO: Epoch 526: loss=0.1083, RMSE_E_per_atom=7.1 meV, RMSE_F=32.8 meV / A, RMSE_Mu_per_atom=1.93 mDebye
2023-11-30 17:04:46.758 INFO: Epoch 528: loss=0.1061, RMSE_E_per_atom=6.7 meV, RMSE_F=32.5 meV / A, RMSE_Mu_per_atom=1.99 mDebye
2023-11-30 17:04:48.315 INFO: Epoch 530: loss=0.1150, RMSE_E_per_atom=7.0 meV, RMSE_F=33.8 meV / A, RMSE_Mu_per_atom=1.96 mDebye
2023-11-30 17:04:49.608 INFO: Epoch 532: loss=0.1084, RMSE_E_per_atom=6.4 meV, RMSE_F=32.9 meV / A, RMSE_Mu_per_atom=1.83 mDebye
2023-11-30 17:04:50.899 INFO: Epoch 534: loss=0.1256, RMSE_E_per_atom=8.7 meV, RMSE_F=35.4 meV / A, RMSE_Mu_per_atom=1.80 mDebye
2023-11-30 17:04:52.192 INFO: Epoch 536: loss=0.1398, RMSE_E_per_atom=9.7 meV, RMSE_F=37.3 meV / A, RMSE_Mu_per_atom=1.84 mDebye
2023-11-30 17:04:53.485 INFO: Epoch 538: loss=0.2287, RMSE_E_per_atom=8.1 meV, RMSE_F=47.8 meV / A, RMSE_Mu_per_atom=1.92 mDebye
2023-11-30 17:04:54.777 INFO: Epoch 540: loss=0.1449, RMSE_E_per_atom=8.9 meV, RMSE_F=38.0 meV / A, RMSE_Mu_per_atom=1.70 mDebye
2023-11-30 17:04:56.071 INFO: Epoch 542: loss=0.1274, RMSE_E_per_atom=8.7 meV, RMSE_F=35.6 meV / A, RMSE_Mu_per_atom=1.76 mDebye
2023-11-30 17:04:57.364 INFO: Epoch 544: loss=0.1402, RMSE_E_per_atom=11.4 meV, RMSE_F=37.4 meV / A, RMSE_Mu_per_atom=1.77 mDebye
2023-11-30 17:04:58.658 INFO: Epoch 546: loss=0.1770, RMSE_E_per_atom=7.8 meV, RMSE_F=42.0 meV / A, RMSE_Mu_per_atom=1.95 mDebye
2023-11-30 17:04:59.950 INFO: Epoch 548: loss=0.1807, RMSE_E_per_atom=10.3 meV, RMSE_F=42.5 meV / A, RMSE_Mu_per_atom=1.91 mDebye
2023-11-30 17:05:01.242 INFO: Epoch 550: loss=0.1547, RMSE_E_per_atom=13.6 meV, RMSE_F=39.3 meV / A, RMSE_Mu_per_atom=1.77 mDebye
2023-11-30 17:05:02.536 INFO: Epoch 552: loss=0.1337, RMSE_E_per_atom=12.0 meV, RMSE_F=36.5 meV / A, RMSE_Mu_per_atom=1.83 mDebye
2023-11-30 17:05:03.832 INFO: Epoch 554: loss=0.1177, RMSE_E_per_atom=10.3 meV, RMSE_F=34.3 meV / A, RMSE_Mu_per_atom=1.72 mDebye
2023-11-30 17:05:05.125 INFO: Epoch 556: loss=0.1096, RMSE_E_per_atom=6.9 meV, RMSE_F=33.0 meV / A, RMSE_Mu_per_atom=1.94 mDebye
2023-11-30 17:05:06.418 INFO: Epoch 558: loss=0.1062, RMSE_E_per_atom=8.3 meV, RMSE_F=32.5 meV / A, RMSE_Mu_per_atom=1.82 mDebye
2023-11-30 17:05:07.715 INFO: Epoch 560: loss=0.1149, RMSE_E_per_atom=7.3 meV, RMSE_F=33.8 meV / A, RMSE_Mu_per_atom=1.95 mDebye
2023-11-30 17:05:09.009 INFO: Epoch 562: loss=0.1572, RMSE_E_per_atom=9.8 meV, RMSE_F=39.6 meV / A, RMSE_Mu_per_atom=2.08 mDebye
2023-11-30 17:05:10.302 INFO: Epoch 564: loss=0.1481, RMSE_E_per_atom=7.8 meV, RMSE_F=38.4 meV / A, RMSE_Mu_per_atom=2.09 mDebye
2023-11-30 17:05:11.598 INFO: Epoch 566: loss=0.1107, RMSE_E_per_atom=7.5 meV, RMSE_F=33.2 meV / A, RMSE_Mu_per_atom=2.05 mDebye
2023-11-30 17:05:12.889 INFO: Epoch 568: loss=0.1186, RMSE_E_per_atom=8.2 meV, RMSE_F=34.4 meV / A, RMSE_Mu_per_atom=2.07 mDebye
2023-11-30 17:05:14.181 INFO: Epoch 570: loss=0.1246, RMSE_E_per_atom=6.0 meV, RMSE_F=35.2 meV / A, RMSE_Mu_per_atom=1.88 mDebye
2023-11-30 17:05:15.474 INFO: Epoch 572: loss=0.0929, RMSE_E_per_atom=10.8 meV, RMSE_F=30.4 meV / A, RMSE_Mu_per_atom=1.75 mDebye
2023-11-30 17:05:17.035 INFO: Epoch 574: loss=0.1250, RMSE_E_per_atom=10.5 meV, RMSE_F=35.3 meV / A, RMSE_Mu_per_atom=1.75 mDebye
2023-11-30 17:05:18.328 INFO: Epoch 576: loss=0.2128, RMSE_E_per_atom=7.9 meV, RMSE_F=46.1 meV / A, RMSE_Mu_per_atom=1.84 mDebye
2023-11-30 17:05:19.625 INFO: Epoch 578: loss=0.1584, RMSE_E_per_atom=7.5 meV, RMSE_F=39.8 meV / A, RMSE_Mu_per_atom=1.75 mDebye
2023-11-30 17:05:20.917 INFO: Epoch 580: loss=0.1288, RMSE_E_per_atom=14.0 meV, RMSE_F=35.8 meV / A, RMSE_Mu_per_atom=1.95 mDebye
2023-11-30 17:05:22.214 INFO: Epoch 582: loss=0.1645, RMSE_E_per_atom=9.0 meV, RMSE_F=40.5 meV / A, RMSE_Mu_per_atom=2.11 mDebye
2023-11-30 17:05:23.508 INFO: Epoch 584: loss=0.1262, RMSE_E_per_atom=8.3 meV, RMSE_F=35.5 meV / A, RMSE_Mu_per_atom=1.97 mDebye
2023-11-30 17:05:24.803 INFO: Epoch 586: loss=0.2109, RMSE_E_per_atom=8.2 meV, RMSE_F=45.9 meV / A, RMSE_Mu_per_atom=1.72 mDebye
2023-11-30 17:05:26.096 INFO: Epoch 588: loss=0.1176, RMSE_E_per_atom=8.0 meV, RMSE_F=34.2 meV / A, RMSE_Mu_per_atom=1.97 mDebye
2023-11-30 17:05:27.389 INFO: Epoch 590: loss=0.3496, RMSE_E_per_atom=13.6 meV, RMSE_F=59.1 meV / A, RMSE_Mu_per_atom=2.32 mDebye
2023-11-30 17:05:28.683 INFO: Epoch 592: loss=0.2547, RMSE_E_per_atom=19.7 meV, RMSE_F=50.4 meV / A, RMSE_Mu_per_atom=2.77 mDebye
2023-11-30 17:05:29.979 INFO: Epoch 594: loss=0.3437, RMSE_E_per_atom=12.2 meV, RMSE_F=58.6 meV / A, RMSE_Mu_per_atom=2.48 mDebye
2023-11-30 17:05:31.273 INFO: Epoch 596: loss=0.1921, RMSE_E_per_atom=20.5 meV, RMSE_F=43.7 meV / A, RMSE_Mu_per_atom=2.10 mDebye
2023-11-30 17:05:32.565 INFO: Epoch 598: loss=0.1905, RMSE_E_per_atom=23.8 meV, RMSE_F=43.5 meV / A, RMSE_Mu_per_atom=1.75 mDebye
2023-11-30 17:05:33.857 INFO: Epoch 600: loss=0.2501, RMSE_E_per_atom=10.4 meV, RMSE_F=50.0 meV / A, RMSE_Mu_per_atom=1.93 mDebye
2023-11-30 17:05:35.151 INFO: Epoch 602: loss=0.1756, RMSE_E_per_atom=16.5 meV, RMSE_F=41.8 meV / A, RMSE_Mu_per_atom=2.16 mDebye
2023-11-30 17:05:36.442 INFO: Epoch 604: loss=0.1510, RMSE_E_per_atom=17.0 meV, RMSE_F=38.8 meV / A, RMSE_Mu_per_atom=1.82 mDebye
2023-11-30 17:05:37.733 INFO: Epoch 606: loss=0.1197, RMSE_E_per_atom=13.0 meV, RMSE_F=34.5 meV / A, RMSE_Mu_per_atom=1.86 mDebye
2023-11-30 17:05:39.025 INFO: Epoch 608: loss=0.0880, RMSE_E_per_atom=13.0 meV, RMSE_F=29.6 meV / A, RMSE_Mu_per_atom=1.76 mDebye
2023-11-30 17:05:40.584 INFO: Epoch 610: loss=0.0928, RMSE_E_per_atom=12.3 meV, RMSE_F=30.4 meV / A, RMSE_Mu_per_atom=1.79 mDebye
2023-11-30 17:05:41.924 INFO: Epoch 612: loss=0.0924, RMSE_E_per_atom=11.8 meV, RMSE_F=30.3 meV / A, RMSE_Mu_per_atom=1.99 mDebye
2023-11-30 17:05:43.220 INFO: Epoch 614: loss=0.1135, RMSE_E_per_atom=9.2 meV, RMSE_F=33.6 meV / A, RMSE_Mu_per_atom=1.80 mDebye
2023-11-30 17:05:44.526 INFO: Epoch 616: loss=0.1487, RMSE_E_per_atom=15.2 meV, RMSE_F=38.5 meV / A, RMSE_Mu_per_atom=1.76 mDebye
2023-11-30 17:05:45.824 INFO: Epoch 618: loss=0.2460, RMSE_E_per_atom=15.5 meV, RMSE_F=49.5 meV / A, RMSE_Mu_per_atom=1.72 mDebye
2023-11-30 17:05:47.117 INFO: Epoch 620: loss=0.1433, RMSE_E_per_atom=15.1 meV, RMSE_F=37.8 meV / A, RMSE_Mu_per_atom=1.87 mDebye
2023-11-30 17:05:48.411 INFO: Epoch 622: loss=0.1329, RMSE_E_per_atom=7.6 meV, RMSE_F=36.4 meV / A, RMSE_Mu_per_atom=1.91 mDebye
2023-11-30 17:05:49.708 INFO: Epoch 624: loss=0.3518, RMSE_E_per_atom=12.2 meV, RMSE_F=59.3 meV / A, RMSE_Mu_per_atom=1.91 mDebye
2023-11-30 17:05:51.003 INFO: Epoch 626: loss=0.7318, RMSE_E_per_atom=18.6 meV, RMSE_F=85.5 meV / A, RMSE_Mu_per_atom=1.87 mDebye
2023-11-30 17:05:52.294 INFO: Epoch 628: loss=0.3624, RMSE_E_per_atom=24.5 meV, RMSE_F=60.1 meV / A, RMSE_Mu_per_atom=1.88 mDebye
2023-11-30 17:05:53.588 INFO: Epoch 630: loss=0.4380, RMSE_E_per_atom=24.8 meV, RMSE_F=66.1 meV / A, RMSE_Mu_per_atom=2.28 mDebye
2023-11-30 17:05:54.884 INFO: Epoch 632: loss=0.2658, RMSE_E_per_atom=28.2 meV, RMSE_F=51.4 meV / A, RMSE_Mu_per_atom=1.91 mDebye
2023-11-30 17:05:56.177 INFO: Epoch 634: loss=0.2429, RMSE_E_per_atom=14.9 meV, RMSE_F=49.2 meV / A, RMSE_Mu_per_atom=1.83 mDebye
2023-11-30 17:05:57.474 INFO: Epoch 636: loss=0.1753, RMSE_E_per_atom=20.1 meV, RMSE_F=41.8 meV / A, RMSE_Mu_per_atom=1.75 mDebye
2023-11-30 17:05:58.781 INFO: Epoch 638: loss=0.2607, RMSE_E_per_atom=23.6 meV, RMSE_F=51.0 meV / A, RMSE_Mu_per_atom=1.79 mDebye
2023-11-30 17:06:00.076 INFO: Epoch 640: loss=0.2695, RMSE_E_per_atom=22.1 meV, RMSE_F=51.8 meV / A, RMSE_Mu_per_atom=1.71 mDebye
2023-11-30 17:06:01.381 INFO: Epoch 642: loss=0.1872, RMSE_E_per_atom=19.0 meV, RMSE_F=43.2 meV / A, RMSE_Mu_per_atom=1.82 mDebye
2023-11-30 17:06:02.676 INFO: Epoch 644: loss=0.1576, RMSE_E_per_atom=16.3 meV, RMSE_F=39.6 meV / A, RMSE_Mu_per_atom=1.92 mDebye
2023-11-30 17:06:03.969 INFO: Epoch 646: loss=0.1061, RMSE_E_per_atom=21.2 meV, RMSE_F=32.4 meV / A, RMSE_Mu_per_atom=1.82 mDebye
2023-11-30 17:06:05.264 INFO: Epoch 648: loss=0.1471, RMSE_E_per_atom=13.0 meV, RMSE_F=38.3 meV / A, RMSE_Mu_per_atom=2.07 mDebye
2023-11-30 17:06:06.558 INFO: Epoch 650: loss=0.0971, RMSE_E_per_atom=12.2 meV, RMSE_F=31.1 meV / A, RMSE_Mu_per_atom=1.86 mDebye
2023-11-30 17:06:07.852 INFO: Epoch 652: loss=0.0855, RMSE_E_per_atom=10.0 meV, RMSE_F=29.2 meV / A, RMSE_Mu_per_atom=1.73 mDebye
2023-11-30 17:06:09.415 INFO: Epoch 654: loss=0.0841, RMSE_E_per_atom=8.0 meV, RMSE_F=28.9 meV / A, RMSE_Mu_per_atom=1.75 mDebye
2023-11-30 17:06:10.976 INFO: Epoch 656: loss=0.0786, RMSE_E_per_atom=8.4 meV, RMSE_F=28.0 meV / A, RMSE_Mu_per_atom=1.75 mDebye
2023-11-30 17:06:12.538 INFO: Epoch 658: loss=0.0656, RMSE_E_per_atom=8.1 meV, RMSE_F=25.5 meV / A, RMSE_Mu_per_atom=1.76 mDebye
2023-11-30 17:06:14.097 INFO: Epoch 660: loss=0.0666, RMSE_E_per_atom=9.5 meV, RMSE_F=25.7 meV / A, RMSE_Mu_per_atom=1.72 mDebye
2023-11-30 17:06:15.392 INFO: Epoch 662: loss=0.0626, RMSE_E_per_atom=8.2 meV, RMSE_F=24.9 meV / A, RMSE_Mu_per_atom=1.83 mDebye
2023-11-30 17:06:16.951 INFO: Epoch 664: loss=0.0566, RMSE_E_per_atom=8.0 meV, RMSE_F=23.7 meV / A, RMSE_Mu_per_atom=1.94 mDebye
2023-11-30 17:06:18.508 INFO: Epoch 666: loss=0.0586, RMSE_E_per_atom=9.8 meV, RMSE_F=24.1 meV / A, RMSE_Mu_per_atom=1.83 mDebye
2023-11-30 17:06:19.804 INFO: Epoch 668: loss=0.0860, RMSE_E_per_atom=9.3 meV, RMSE_F=29.3 meV / A, RMSE_Mu_per_atom=1.82 mDebye
2023-11-30 17:06:21.100 INFO: Epoch 670: loss=0.0719, RMSE_E_per_atom=8.4 meV, RMSE_F=26.7 meV / A, RMSE_Mu_per_atom=1.93 mDebye
2023-11-30 17:06:22.396 INFO: Epoch 672: loss=0.0656, RMSE_E_per_atom=8.2 meV, RMSE_F=25.5 meV / A, RMSE_Mu_per_atom=2.25 mDebye
2023-11-30 17:06:23.687 INFO: Epoch 674: loss=0.1111, RMSE_E_per_atom=8.5 meV, RMSE_F=33.3 meV / A, RMSE_Mu_per_atom=2.07 mDebye
2023-11-30 17:06:24.981 INFO: Epoch 676: loss=0.0748, RMSE_E_per_atom=11.3 meV, RMSE_F=27.3 meV / A, RMSE_Mu_per_atom=1.87 mDebye
2023-11-30 17:06:26.275 INFO: Epoch 678: loss=0.0553, RMSE_E_per_atom=8.3 meV, RMSE_F=23.4 meV / A, RMSE_Mu_per_atom=1.75 mDebye
2023-11-30 17:06:27.837 INFO: Epoch 680: loss=0.0694, RMSE_E_per_atom=10.4 meV, RMSE_F=26.3 meV / A, RMSE_Mu_per_atom=1.73 mDebye
2023-11-30 17:06:29.134 INFO: Epoch 682: loss=0.1164, RMSE_E_per_atom=10.0 meV, RMSE_F=34.1 meV / A, RMSE_Mu_per_atom=1.75 mDebye
2023-11-30 17:06:30.434 INFO: Epoch 684: loss=0.1503, RMSE_E_per_atom=13.0 meV, RMSE_F=38.7 meV / A, RMSE_Mu_per_atom=1.66 mDebye
2023-11-30 17:06:31.726 INFO: Epoch 686: loss=0.2655, RMSE_E_per_atom=7.0 meV, RMSE_F=51.5 meV / A, RMSE_Mu_per_atom=1.70 mDebye
2023-11-30 17:06:33.025 INFO: Epoch 688: loss=0.2569, RMSE_E_per_atom=10.5 meV, RMSE_F=50.6 meV / A, RMSE_Mu_per_atom=1.73 mDebye
2023-11-30 17:06:34.317 INFO: Epoch 690: loss=0.3511, RMSE_E_per_atom=28.9 meV, RMSE_F=59.2 meV / A, RMSE_Mu_per_atom=1.76 mDebye
2023-11-30 17:06:35.612 INFO: Epoch 692: loss=0.6963, RMSE_E_per_atom=20.8 meV, RMSE_F=83.4 meV / A, RMSE_Mu_per_atom=1.93 mDebye
2023-11-30 17:06:36.907 INFO: Epoch 694: loss=0.4253, RMSE_E_per_atom=21.5 meV, RMSE_F=65.2 meV / A, RMSE_Mu_per_atom=1.88 mDebye
2023-11-30 17:06:38.206 INFO: Epoch 696: loss=0.5411, RMSE_E_per_atom=24.5 meV, RMSE_F=73.5 meV / A, RMSE_Mu_per_atom=1.82 mDebye
2023-11-30 17:06:39.496 INFO: Epoch 698: loss=0.1677, RMSE_E_per_atom=29.1 meV, RMSE_F=40.8 meV / A, RMSE_Mu_per_atom=1.65 mDebye
2023-11-30 17:06:40.789 INFO: Epoch 700: loss=0.1965, RMSE_E_per_atom=19.3 meV, RMSE_F=44.2 meV / A, RMSE_Mu_per_atom=2.00 mDebye
2023-11-30 17:06:42.079 INFO: Epoch 702: loss=0.1083, RMSE_E_per_atom=19.2 meV, RMSE_F=32.8 meV / A, RMSE_Mu_per_atom=2.18 mDebye
2023-11-30 17:06:43.373 INFO: Epoch 704: loss=0.2467, RMSE_E_per_atom=16.9 meV, RMSE_F=49.6 meV / A, RMSE_Mu_per_atom=2.15 mDebye
2023-11-30 17:06:44.670 INFO: Epoch 706: loss=0.0967, RMSE_E_per_atom=25.6 meV, RMSE_F=30.9 meV / A, RMSE_Mu_per_atom=1.75 mDebye
2023-11-30 17:06:45.964 INFO: Epoch 708: loss=0.0965, RMSE_E_per_atom=19.1 meV, RMSE_F=31.0 meV / A, RMSE_Mu_per_atom=1.78 mDebye
2023-11-30 17:06:47.256 INFO: Epoch 710: loss=0.0718, RMSE_E_per_atom=14.0 meV, RMSE_F=26.7 meV / A, RMSE_Mu_per_atom=1.94 mDebye
2023-11-30 17:06:48.550 INFO: Epoch 712: loss=0.0666, RMSE_E_per_atom=9.5 meV, RMSE_F=25.7 meV / A, RMSE_Mu_per_atom=1.85 mDebye
2023-11-30 17:06:49.847 INFO: Epoch 714: loss=0.0606, RMSE_E_per_atom=10.3 meV, RMSE_F=24.5 meV / A, RMSE_Mu_per_atom=1.87 mDebye
2023-11-30 17:06:51.142 INFO: Epoch 716: loss=0.0549, RMSE_E_per_atom=8.2 meV, RMSE_F=23.4 meV / A, RMSE_Mu_per_atom=1.73 mDebye
2023-11-30 17:06:52.700 INFO: Epoch 718: loss=0.0503, RMSE_E_per_atom=9.2 meV, RMSE_F=22.3 meV / A, RMSE_Mu_per_atom=1.75 mDebye
2023-11-30 17:06:54.258 INFO: Epoch 720: loss=0.0497, RMSE_E_per_atom=8.7 meV, RMSE_F=22.2 meV / A, RMSE_Mu_per_atom=1.83 mDebye
2023-11-30 17:06:55.818 INFO: Epoch 722: loss=0.0491, RMSE_E_per_atom=9.7 meV, RMSE_F=22.1 meV / A, RMSE_Mu_per_atom=1.76 mDebye
2023-11-30 17:06:57.374 INFO: Epoch 724: loss=0.0502, RMSE_E_per_atom=9.8 meV, RMSE_F=22.3 meV / A, RMSE_Mu_per_atom=1.82 mDebye
2023-11-30 17:06:58.668 INFO: Epoch 726: loss=0.0610, RMSE_E_per_atom=8.0 meV, RMSE_F=24.6 meV / A, RMSE_Mu_per_atom=1.83 mDebye
2023-11-30 17:06:59.963 INFO: Epoch 728: loss=0.0683, RMSE_E_per_atom=6.9 meV, RMSE_F=26.1 meV / A, RMSE_Mu_per_atom=1.92 mDebye
2023-11-30 17:07:01.258 INFO: Epoch 730: loss=0.0512, RMSE_E_per_atom=9.9 meV, RMSE_F=22.5 meV / A, RMSE_Mu_per_atom=1.71 mDebye
2023-11-30 17:07:02.549 INFO: Epoch 732: loss=0.0811, RMSE_E_per_atom=6.7 meV, RMSE_F=28.4 meV / A, RMSE_Mu_per_atom=1.87 mDebye
2023-11-30 17:07:03.846 INFO: Epoch 734: loss=0.1156, RMSE_E_per_atom=8.2 meV, RMSE_F=33.9 meV / A, RMSE_Mu_per_atom=1.85 mDebye
2023-11-30 17:07:05.139 INFO: Epoch 736: loss=0.0969, RMSE_E_per_atom=14.2 meV, RMSE_F=31.1 meV / A, RMSE_Mu_per_atom=1.73 mDebye
2023-11-30 17:07:06.433 INFO: Epoch 738: loss=0.1056, RMSE_E_per_atom=18.9 meV, RMSE_F=32.4 meV / A, RMSE_Mu_per_atom=2.02 mDebye
2023-11-30 17:07:07.727 INFO: Epoch 740: loss=0.1970, RMSE_E_per_atom=26.1 meV, RMSE_F=44.3 meV / A, RMSE_Mu_per_atom=2.06 mDebye
2023-11-30 17:07:09.022 INFO: Epoch 742: loss=0.1399, RMSE_E_per_atom=12.6 meV, RMSE_F=37.3 meV / A, RMSE_Mu_per_atom=2.22 mDebye
2023-11-30 17:07:10.319 INFO: Epoch 744: loss=0.1343, RMSE_E_per_atom=9.7 meV, RMSE_F=36.6 meV / A, RMSE_Mu_per_atom=2.19 mDebye
2023-11-30 17:07:11.613 INFO: Epoch 746: loss=0.4857, RMSE_E_per_atom=21.3 meV, RMSE_F=69.6 meV / A, RMSE_Mu_per_atom=1.75 mDebye
2023-11-30 17:07:12.909 INFO: Epoch 748: loss=0.3101, RMSE_E_per_atom=20.6 meV, RMSE_F=55.6 meV / A, RMSE_Mu_per_atom=1.81 mDebye
2023-11-30 17:07:14.203 INFO: Epoch 750: loss=0.3075, RMSE_E_per_atom=28.2 meV, RMSE_F=55.4 meV / A, RMSE_Mu_per_atom=1.88 mDebye
2023-11-30 17:07:15.497 INFO: Epoch 752: loss=0.3186, RMSE_E_per_atom=25.6 meV, RMSE_F=56.3 meV / A, RMSE_Mu_per_atom=2.19 mDebye
2023-11-30 17:07:16.791 INFO: Epoch 754: loss=0.3050, RMSE_E_per_atom=34.1 meV, RMSE_F=55.1 meV / A, RMSE_Mu_per_atom=1.73 mDebye
2023-11-30 17:07:18.084 INFO: Epoch 756: loss=0.1610, RMSE_E_per_atom=33.6 meV, RMSE_F=39.9 meV / A, RMSE_Mu_per_atom=1.85 mDebye
2023-11-30 17:07:19.377 INFO: Epoch 758: loss=0.2890, RMSE_E_per_atom=27.5 meV, RMSE_F=53.7 meV / A, RMSE_Mu_per_atom=1.85 mDebye
2023-11-30 17:07:20.670 INFO: Epoch 760: loss=0.2396, RMSE_E_per_atom=21.3 meV, RMSE_F=48.9 meV / A, RMSE_Mu_per_atom=2.01 mDebye
2023-11-30 17:07:21.962 INFO: Epoch 762: loss=0.3829, RMSE_E_per_atom=33.3 meV, RMSE_F=61.8 meV / A, RMSE_Mu_per_atom=1.75 mDebye
2023-11-30 17:07:23.254 INFO: Epoch 764: loss=0.1688, RMSE_E_per_atom=25.6 meV, RMSE_F=41.0 meV / A, RMSE_Mu_per_atom=1.86 mDebye
2023-11-30 17:07:24.550 INFO: Epoch 766: loss=0.2528, RMSE_E_per_atom=13.1 meV, RMSE_F=50.2 meV / A, RMSE_Mu_per_atom=1.91 mDebye
2023-11-30 17:07:25.844 INFO: Epoch 768: loss=0.1603, RMSE_E_per_atom=21.4 meV, RMSE_F=39.9 meV / A, RMSE_Mu_per_atom=2.09 mDebye
2023-11-30 17:07:27.134 INFO: Epoch 770: loss=0.1286, RMSE_E_per_atom=17.5 meV, RMSE_F=35.8 meV / A, RMSE_Mu_per_atom=1.89 mDebye
2023-11-30 17:07:28.424 INFO: Epoch 772: loss=0.1692, RMSE_E_per_atom=23.5 meV, RMSE_F=41.0 meV / A, RMSE_Mu_per_atom=1.72 mDebye
2023-11-30 17:07:29.720 INFO: Epoch 774: loss=0.0948, RMSE_E_per_atom=15.6 meV, RMSE_F=30.7 meV / A, RMSE_Mu_per_atom=1.74 mDebye
2023-11-30 17:07:31.012 INFO: Epoch 776: loss=0.0537, RMSE_E_per_atom=15.4 meV, RMSE_F=23.0 meV / A, RMSE_Mu_per_atom=1.84 mDebye
2023-11-30 17:07:32.303 INFO: Epoch 778: loss=0.0564, RMSE_E_per_atom=15.3 meV, RMSE_F=23.6 meV / A, RMSE_Mu_per_atom=1.78 mDebye
2023-11-30 17:07:33.596 INFO: Epoch 780: loss=0.0524, RMSE_E_per_atom=12.5 meV, RMSE_F=22.8 meV / A, RMSE_Mu_per_atom=1.70 mDebye
2023-11-30 17:07:34.890 INFO: Epoch 782: loss=0.0453, RMSE_E_per_atom=12.4 meV, RMSE_F=21.2 meV / A, RMSE_Mu_per_atom=1.79 mDebye
2023-11-30 17:07:36.448 INFO: Epoch 784: loss=0.0430, RMSE_E_per_atom=10.9 meV, RMSE_F=20.6 meV / A, RMSE_Mu_per_atom=1.82 mDebye
2023-11-30 17:07:38.007 INFO: Epoch 786: loss=0.0389, RMSE_E_per_atom=10.1 meV, RMSE_F=19.6 meV / A, RMSE_Mu_per_atom=1.74 mDebye
2023-11-30 17:07:39.563 INFO: Epoch 788: loss=0.0363, RMSE_E_per_atom=9.1 meV, RMSE_F=18.9 meV / A, RMSE_Mu_per_atom=1.79 mDebye
2023-11-30 17:07:41.119 INFO: Epoch 790: loss=0.0341, RMSE_E_per_atom=8.1 meV, RMSE_F=18.4 meV / A, RMSE_Mu_per_atom=1.80 mDebye
2023-11-30 17:07:42.674 INFO: Epoch 792: loss=0.0349, RMSE_E_per_atom=7.3 meV, RMSE_F=18.6 meV / A, RMSE_Mu_per_atom=1.72 mDebye
2023-11-30 17:07:43.967 INFO: Epoch 794: loss=0.0327, RMSE_E_per_atom=7.9 meV, RMSE_F=18.0 meV / A, RMSE_Mu_per_atom=1.75 mDebye
2023-11-30 17:07:45.526 INFO: Epoch 796: loss=0.0319, RMSE_E_per_atom=7.3 meV, RMSE_F=17.8 meV / A, RMSE_Mu_per_atom=1.77 mDebye
2023-11-30 17:07:47.083 INFO: Epoch 798: loss=0.0309, RMSE_E_per_atom=7.2 meV, RMSE_F=17.5 meV / A, RMSE_Mu_per_atom=1.72 mDebye
2023-11-30 17:07:47.983 INFO: Changing loss based on SWA
2023-11-30 17:07:48.643 INFO: Epoch 800: loss=0.0770, RMSE_E_per_atom=6.9 meV, RMSE_F=17.1 meV / A, RMSE_Mu_per_atom=1.74 mDebye
2023-11-30 17:07:50.207 INFO: Epoch 802: loss=0.0679, RMSE_E_per_atom=6.1 meV, RMSE_F=17.4 meV / A, RMSE_Mu_per_atom=1.74 mDebye
2023-11-30 17:07:51.772 INFO: Epoch 804: loss=0.0700, RMSE_E_per_atom=6.4 meV, RMSE_F=17.0 meV / A, RMSE_Mu_per_atom=1.74 mDebye
2023-11-30 17:07:53.069 INFO: Epoch 806: loss=0.0694, RMSE_E_per_atom=6.3 meV, RMSE_F=17.0 meV / A, RMSE_Mu_per_atom=1.75 mDebye
2023-11-30 17:07:54.371 INFO: Epoch 808: loss=0.0670, RMSE_E_per_atom=6.1 meV, RMSE_F=17.1 meV / A, RMSE_Mu_per_atom=1.75 mDebye
2023-11-30 17:07:55.933 INFO: Epoch 810: loss=0.0654, RMSE_E_per_atom=6.0 meV, RMSE_F=17.1 meV / A, RMSE_Mu_per_atom=1.75 mDebye
2023-11-30 17:07:57.494 INFO: Epoch 812: loss=0.0901, RMSE_E_per_atom=7.8 meV, RMSE_F=16.9 meV / A, RMSE_Mu_per_atom=1.74 mDebye
2023-11-30 17:07:58.791 INFO: Epoch 814: loss=0.0649, RMSE_E_per_atom=6.0 meV, RMSE_F=17.0 meV / A, RMSE_Mu_per_atom=1.74 mDebye
2023-11-30 17:08:00.357 INFO: Epoch 816: loss=0.0695, RMSE_E_per_atom=6.4 meV, RMSE_F=16.8 meV / A, RMSE_Mu_per_atom=1.75 mDebye
2023-11-30 17:08:01.658 INFO: Epoch 818: loss=0.0761, RMSE_E_per_atom=6.9 meV, RMSE_F=16.9 meV / A, RMSE_Mu_per_atom=1.75 mDebye
2023-11-30 17:08:02.960 INFO: Epoch 820: loss=0.0647, RMSE_E_per_atom=5.9 meV, RMSE_F=17.1 meV / A, RMSE_Mu_per_atom=1.75 mDebye
2023-11-30 17:08:04.523 INFO: Epoch 822: loss=0.0698, RMSE_E_per_atom=6.4 meV, RMSE_F=16.7 meV / A, RMSE_Mu_per_atom=1.75 mDebye
2023-11-30 17:08:05.824 INFO: Epoch 824: loss=0.0661, RMSE_E_per_atom=6.0 meV, RMSE_F=17.3 meV / A, RMSE_Mu_per_atom=1.76 mDebye
2023-11-30 17:08:07.125 INFO: Epoch 826: loss=0.0917, RMSE_E_per_atom=7.9 meV, RMSE_F=16.8 meV / A, RMSE_Mu_per_atom=1.74 mDebye
2023-11-30 17:08:08.424 INFO: Epoch 828: loss=0.0704, RMSE_E_per_atom=6.5 meV, RMSE_F=16.9 meV / A, RMSE_Mu_per_atom=1.74 mDebye
2023-11-30 17:08:09.723 INFO: Epoch 830: loss=0.0637, RMSE_E_per_atom=5.9 meV, RMSE_F=16.9 meV / A, RMSE_Mu_per_atom=1.74 mDebye
2023-11-30 17:08:11.286 INFO: Epoch 832: loss=0.0661, RMSE_E_per_atom=6.2 meV, RMSE_F=16.7 meV / A, RMSE_Mu_per_atom=1.74 mDebye
2023-11-30 17:08:12.584 INFO: Epoch 834: loss=0.0669, RMSE_E_per_atom=6.2 meV, RMSE_F=16.6 meV / A, RMSE_Mu_per_atom=1.75 mDebye
2023-11-30 17:08:13.884 INFO: Epoch 836: loss=0.0674, RMSE_E_per_atom=6.3 meV, RMSE_F=16.6 meV / A, RMSE_Mu_per_atom=1.74 mDebye
2023-11-30 17:08:15.184 INFO: Epoch 838: loss=0.0635, RMSE_E_per_atom=6.0 meV, RMSE_F=16.6 meV / A, RMSE_Mu_per_atom=1.74 mDebye
2023-11-30 17:08:16.750 INFO: Epoch 840: loss=0.0650, RMSE_E_per_atom=6.1 meV, RMSE_F=16.7 meV / A, RMSE_Mu_per_atom=1.74 mDebye
2023-11-30 17:08:18.050 INFO: Epoch 842: loss=0.0666, RMSE_E_per_atom=6.2 meV, RMSE_F=16.6 meV / A, RMSE_Mu_per_atom=1.74 mDebye
2023-11-30 17:08:19.351 INFO: Epoch 844: loss=0.0630, RMSE_E_per_atom=5.9 meV, RMSE_F=16.8 meV / A, RMSE_Mu_per_atom=1.74 mDebye
2023-11-30 17:08:20.915 INFO: Epoch 846: loss=0.0694, RMSE_E_per_atom=6.5 meV, RMSE_F=16.5 meV / A, RMSE_Mu_per_atom=1.73 mDebye
2023-11-30 17:08:22.211 INFO: Epoch 848: loss=0.0638, RMSE_E_per_atom=6.0 meV, RMSE_F=16.5 meV / A, RMSE_Mu_per_atom=1.75 mDebye
2023-11-30 17:08:23.506 INFO: Epoch 850: loss=0.0659, RMSE_E_per_atom=6.2 meV, RMSE_F=16.5 meV / A, RMSE_Mu_per_atom=1.75 mDebye
2023-11-30 17:08:24.809 INFO: Epoch 852: loss=0.0632, RMSE_E_per_atom=6.0 meV, RMSE_F=16.5 meV / A, RMSE_Mu_per_atom=1.74 mDebye
2023-11-30 17:08:26.110 INFO: Epoch 854: loss=0.0676, RMSE_E_per_atom=6.3 meV, RMSE_F=16.4 meV / A, RMSE_Mu_per_atom=1.74 mDebye
2023-11-30 17:08:27.407 INFO: Epoch 856: loss=0.0636, RMSE_E_per_atom=6.0 meV, RMSE_F=16.6 meV / A, RMSE_Mu_per_atom=1.74 mDebye
2023-11-30 17:08:28.703 INFO: Epoch 858: loss=0.0634, RMSE_E_per_atom=6.0 meV, RMSE_F=16.4 meV / A, RMSE_Mu_per_atom=1.72 mDebye
2023-11-30 17:08:30.006 INFO: Epoch 860: loss=0.0672, RMSE_E_per_atom=6.4 meV, RMSE_F=16.3 meV / A, RMSE_Mu_per_atom=1.74 mDebye
2023-11-30 17:08:31.309 INFO: Epoch 862: loss=0.0697, RMSE_E_per_atom=6.6 meV, RMSE_F=16.3 meV / A, RMSE_Mu_per_atom=1.75 mDebye
2023-11-30 17:08:32.610 INFO: Epoch 864: loss=0.0679, RMSE_E_per_atom=6.4 meV, RMSE_F=16.3 meV / A, RMSE_Mu_per_atom=1.73 mDebye
2023-11-30 17:08:33.911 INFO: Epoch 866: loss=0.0643, RMSE_E_per_atom=6.1 meV, RMSE_F=16.3 meV / A, RMSE_Mu_per_atom=1.74 mDebye
2023-11-30 17:08:35.212 INFO: Epoch 868: loss=0.0621, RMSE_E_per_atom=5.9 meV, RMSE_F=16.4 meV / A, RMSE_Mu_per_atom=1.73 mDebye
2023-11-30 17:08:36.777 INFO: Epoch 870: loss=0.0676, RMSE_E_per_atom=6.4 meV, RMSE_F=16.2 meV / A, RMSE_Mu_per_atom=1.74 mDebye
2023-11-30 17:08:38.075 INFO: Epoch 872: loss=0.0653, RMSE_E_per_atom=6.2 meV, RMSE_F=16.2 meV / A, RMSE_Mu_per_atom=1.74 mDebye
2023-11-30 17:08:39.374 INFO: Epoch 874: loss=0.0692, RMSE_E_per_atom=6.6 meV, RMSE_F=16.0 meV / A, RMSE_Mu_per_atom=1.73 mDebye
2023-11-30 17:08:40.673 INFO: Epoch 876: loss=0.0645, RMSE_E_per_atom=6.2 meV, RMSE_F=16.1 meV / A, RMSE_Mu_per_atom=1.74 mDebye
2023-11-30 17:08:41.971 INFO: Epoch 878: loss=0.0647, RMSE_E_per_atom=6.2 meV, RMSE_F=16.3 meV / A, RMSE_Mu_per_atom=1.75 mDebye
2023-11-30 17:08:43.268 INFO: Epoch 880: loss=0.0648, RMSE_E_per_atom=6.2 meV, RMSE_F=16.2 meV / A, RMSE_Mu_per_atom=1.74 mDebye
2023-11-30 17:08:44.566 INFO: Epoch 882: loss=0.0692, RMSE_E_per_atom=6.6 meV, RMSE_F=16.1 meV / A, RMSE_Mu_per_atom=1.73 mDebye
2023-11-30 17:08:45.865 INFO: Epoch 884: loss=0.0617, RMSE_E_per_atom=5.9 meV, RMSE_F=16.2 meV / A, RMSE_Mu_per_atom=1.75 mDebye
2023-11-30 17:08:47.429 INFO: Epoch 886: loss=0.0622, RMSE_E_per_atom=6.0 meV, RMSE_F=16.2 meV / A, RMSE_Mu_per_atom=1.75 mDebye
2023-11-30 17:08:48.729 INFO: Epoch 888: loss=0.0632, RMSE_E_per_atom=6.1 meV, RMSE_F=16.1 meV / A, RMSE_Mu_per_atom=1.74 mDebye
2023-11-30 17:08:50.033 INFO: Epoch 890: loss=0.0625, RMSE_E_per_atom=6.0 meV, RMSE_F=16.1 meV / A, RMSE_Mu_per_atom=1.75 mDebye
2023-11-30 17:08:51.332 INFO: Epoch 892: loss=0.0671, RMSE_E_per_atom=6.4 meV, RMSE_F=16.0 meV / A, RMSE_Mu_per_atom=1.74 mDebye
2023-11-30 17:08:52.633 INFO: Epoch 894: loss=0.0680, RMSE_E_per_atom=6.5 meV, RMSE_F=16.0 meV / A, RMSE_Mu_per_atom=1.74 mDebye
2023-11-30 17:08:53.933 INFO: Epoch 896: loss=0.0609, RMSE_E_per_atom=5.9 meV, RMSE_F=16.1 meV / A, RMSE_Mu_per_atom=1.75 mDebye
2023-11-30 17:08:55.495 INFO: Epoch 898: loss=0.0660, RMSE_E_per_atom=6.4 meV, RMSE_F=15.9 meV / A, RMSE_Mu_per_atom=1.74 mDebye
2023-11-30 17:08:56.794 INFO: Epoch 900: loss=0.0693, RMSE_E_per_atom=6.6 meV, RMSE_F=15.9 meV / A, RMSE_Mu_per_atom=1.74 mDebye
2023-11-30 17:08:58.095 INFO: Epoch 902: loss=0.0601, RMSE_E_per_atom=5.9 meV, RMSE_F=16.0 meV / A, RMSE_Mu_per_atom=1.74 mDebye
2023-11-30 17:08:59.659 INFO: Epoch 904: loss=0.0615, RMSE_E_per_atom=6.0 meV, RMSE_F=15.9 meV / A, RMSE_Mu_per_atom=1.73 mDebye
2023-11-30 17:09:00.960 INFO: Epoch 906: loss=0.0706, RMSE_E_per_atom=6.7 meV, RMSE_F=15.7 meV / A, RMSE_Mu_per_atom=1.73 mDebye
2023-11-30 17:09:02.258 INFO: Epoch 908: loss=0.0597, RMSE_E_per_atom=5.8 meV, RMSE_F=16.1 meV / A, RMSE_Mu_per_atom=1.74 mDebye
2023-11-30 17:09:03.823 INFO: Epoch 910: loss=0.0714, RMSE_E_per_atom=6.8 meV, RMSE_F=15.6 meV / A, RMSE_Mu_per_atom=1.73 mDebye
2023-11-30 17:09:05.124 INFO: Epoch 912: loss=0.0619, RMSE_E_per_atom=6.1 meV, RMSE_F=15.8 meV / A, RMSE_Mu_per_atom=1.74 mDebye
2023-11-30 17:09:06.423 INFO: Epoch 914: loss=0.0598, RMSE_E_per_atom=5.8 meV, RMSE_F=15.9 meV / A, RMSE_Mu_per_atom=1.74 mDebye
2023-11-30 17:09:07.724 INFO: Epoch 916: loss=0.0598, RMSE_E_per_atom=5.8 meV, RMSE_F=15.9 meV / A, RMSE_Mu_per_atom=1.73 mDebye
2023-11-30 17:09:09.025 INFO: Epoch 918: loss=0.0603, RMSE_E_per_atom=5.9 meV, RMSE_F=15.8 meV / A, RMSE_Mu_per_atom=1.74 mDebye
2023-11-30 17:09:10.323 INFO: Epoch 920: loss=0.0612, RMSE_E_per_atom=6.0 meV, RMSE_F=15.7 meV / A, RMSE_Mu_per_atom=1.73 mDebye
2023-11-30 17:09:11.618 INFO: Epoch 922: loss=0.0629, RMSE_E_per_atom=6.2 meV, RMSE_F=15.6 meV / A, RMSE_Mu_per_atom=1.73 mDebye
2023-11-30 17:09:12.917 INFO: Epoch 924: loss=0.0721, RMSE_E_per_atom=6.9 meV, RMSE_F=15.5 meV / A, RMSE_Mu_per_atom=1.73 mDebye
2023-11-30 17:09:14.218 INFO: Epoch 926: loss=0.0591, RMSE_E_per_atom=5.8 meV, RMSE_F=15.8 meV / A, RMSE_Mu_per_atom=1.74 mDebye
2023-11-30 17:09:15.784 INFO: Epoch 928: loss=0.0661, RMSE_E_per_atom=6.5 meV, RMSE_F=15.5 meV / A, RMSE_Mu_per_atom=1.75 mDebye
2023-11-30 17:09:17.084 INFO: Epoch 930: loss=0.0589, RMSE_E_per_atom=5.8 meV, RMSE_F=15.7 meV / A, RMSE_Mu_per_atom=1.75 mDebye
2023-11-30 17:09:18.645 INFO: Epoch 932: loss=0.0585, RMSE_E_per_atom=5.8 meV, RMSE_F=15.7 meV / A, RMSE_Mu_per_atom=1.73 mDebye
2023-11-30 17:09:20.209 INFO: Epoch 934: loss=0.0674, RMSE_E_per_atom=6.6 meV, RMSE_F=15.4 meV / A, RMSE_Mu_per_atom=1.72 mDebye
2023-11-30 17:09:21.508 INFO: Epoch 936: loss=0.0585, RMSE_E_per_atom=5.8 meV, RMSE_F=15.6 meV / A, RMSE_Mu_per_atom=1.73 mDebye
2023-11-30 17:09:22.807 INFO: Epoch 938: loss=0.0736, RMSE_E_per_atom=7.0 meV, RMSE_F=15.4 meV / A, RMSE_Mu_per_atom=1.72 mDebye
2023-11-30 17:09:24.106 INFO: Epoch 940: loss=0.0639, RMSE_E_per_atom=6.3 meV, RMSE_F=15.4 meV / A, RMSE_Mu_per_atom=1.74 mDebye
2023-11-30 17:09:25.408 INFO: Epoch 942: loss=0.0582, RMSE_E_per_atom=5.8 meV, RMSE_F=15.7 meV / A, RMSE_Mu_per_atom=1.74 mDebye
2023-11-30 17:09:26.973 INFO: Epoch 944: loss=0.0645, RMSE_E_per_atom=6.4 meV, RMSE_F=15.4 meV / A, RMSE_Mu_per_atom=1.72 mDebye
2023-11-30 17:09:28.269 INFO: Epoch 946: loss=0.0630, RMSE_E_per_atom=6.2 meV, RMSE_F=15.5 meV / A, RMSE_Mu_per_atom=1.74 mDebye
2023-11-30 17:09:29.568 INFO: Epoch 948: loss=0.0579, RMSE_E_per_atom=5.8 meV, RMSE_F=15.6 meV / A, RMSE_Mu_per_atom=1.74 mDebye
2023-11-30 17:09:31.132 INFO: Epoch 950: loss=0.0793, RMSE_E_per_atom=7.4 meV, RMSE_F=15.4 meV / A, RMSE_Mu_per_atom=1.73 mDebye
2023-11-30 17:09:32.430 INFO: Epoch 952: loss=0.0585, RMSE_E_per_atom=5.8 meV, RMSE_F=15.8 meV / A, RMSE_Mu_per_atom=1.72 mDebye
2023-11-30 17:09:33.728 INFO: Epoch 954: loss=0.0647, RMSE_E_per_atom=6.4 meV, RMSE_F=15.3 meV / A, RMSE_Mu_per_atom=1.73 mDebye
2023-11-30 17:09:35.028 INFO: Epoch 956: loss=0.0606, RMSE_E_per_atom=6.1 meV, RMSE_F=15.3 meV / A, RMSE_Mu_per_atom=1.74 mDebye
2023-11-30 17:09:36.328 INFO: Epoch 958: loss=0.0682, RMSE_E_per_atom=6.7 meV, RMSE_F=15.2 meV / A, RMSE_Mu_per_atom=1.73 mDebye
2023-11-30 17:09:37.628 INFO: Epoch 960: loss=0.0575, RMSE_E_per_atom=5.8 meV, RMSE_F=15.3 meV / A, RMSE_Mu_per_atom=1.74 mDebye
2023-11-30 17:09:39.193 INFO: Epoch 962: loss=0.0657, RMSE_E_per_atom=6.5 meV, RMSE_F=15.2 meV / A, RMSE_Mu_per_atom=1.73 mDebye
2023-11-30 17:09:40.492 INFO: Epoch 964: loss=0.0604, RMSE_E_per_atom=6.1 meV, RMSE_F=15.1 meV / A, RMSE_Mu_per_atom=1.74 mDebye
2023-11-30 17:09:41.788 INFO: Epoch 966: loss=0.0689, RMSE_E_per_atom=6.7 meV, RMSE_F=15.2 meV / A, RMSE_Mu_per_atom=1.73 mDebye
2023-11-30 17:09:43.088 INFO: Epoch 968: loss=0.0672, RMSE_E_per_atom=6.6 meV, RMSE_F=15.3 meV / A, RMSE_Mu_per_atom=1.72 mDebye
2023-11-30 17:09:44.389 INFO: Epoch 970: loss=0.0597, RMSE_E_per_atom=6.0 meV, RMSE_F=15.3 meV / A, RMSE_Mu_per_atom=1.73 mDebye
2023-11-30 17:09:45.692 INFO: Epoch 972: loss=0.0621, RMSE_E_per_atom=6.2 meV, RMSE_F=15.2 meV / A, RMSE_Mu_per_atom=1.72 mDebye
2023-11-30 17:09:46.990 INFO: Epoch 974: loss=0.0595, RMSE_E_per_atom=6.0 meV, RMSE_F=15.2 meV / A, RMSE_Mu_per_atom=1.72 mDebye
2023-11-30 17:09:48.292 INFO: Epoch 976: loss=0.0795, RMSE_E_per_atom=7.5 meV, RMSE_F=15.1 meV / A, RMSE_Mu_per_atom=1.72 mDebye
2023-11-30 17:09:49.592 INFO: Epoch 978: loss=0.0568, RMSE_E_per_atom=5.7 meV, RMSE_F=15.3 meV / A, RMSE_Mu_per_atom=1.74 mDebye
2023-11-30 17:09:51.157 INFO: Epoch 980: loss=0.0617, RMSE_E_per_atom=6.2 meV, RMSE_F=15.1 meV / A, RMSE_Mu_per_atom=1.73 mDebye
2023-11-30 17:09:52.455 INFO: Epoch 982: loss=0.0588, RMSE_E_per_atom=5.9 meV, RMSE_F=15.2 meV / A, RMSE_Mu_per_atom=1.73 mDebye
2023-11-30 17:09:53.757 INFO: Epoch 984: loss=0.0637, RMSE_E_per_atom=6.4 meV, RMSE_F=15.0 meV / A, RMSE_Mu_per_atom=1.73 mDebye
2023-11-30 17:09:55.057 INFO: Epoch 986: loss=0.0628, RMSE_E_per_atom=6.3 meV, RMSE_F=15.0 meV / A, RMSE_Mu_per_atom=1.73 mDebye
2023-11-30 17:09:56.358 INFO: Epoch 988: loss=0.0575, RMSE_E_per_atom=5.9 meV, RMSE_F=15.1 meV / A, RMSE_Mu_per_atom=1.73 mDebye
2023-11-30 17:09:57.657 INFO: Epoch 990: loss=0.0579, RMSE_E_per_atom=5.9 meV, RMSE_F=15.1 meV / A, RMSE_Mu_per_atom=1.74 mDebye
2023-11-30 17:09:58.958 INFO: Epoch 992: loss=0.0656, RMSE_E_per_atom=6.6 meV, RMSE_F=14.9 meV / A, RMSE_Mu_per_atom=1.73 mDebye
2023-11-30 17:10:00.256 INFO: Epoch 994: loss=0.0581, RMSE_E_per_atom=5.9 meV, RMSE_F=15.1 meV / A, RMSE_Mu_per_atom=1.72 mDebye
2023-11-30 17:10:01.555 INFO: Epoch 996: loss=0.0613, RMSE_E_per_atom=6.2 meV, RMSE_F=14.9 meV / A, RMSE_Mu_per_atom=1.72 mDebye
2023-11-30 17:10:02.854 INFO: Epoch 998: loss=0.0625, RMSE_E_per_atom=6.3 meV, RMSE_F=14.8 meV / A, RMSE_Mu_per_atom=1.73 mDebye
2023-11-30 17:10:03.495 INFO: Training complete
2023-11-30 17:10:03.496 INFO: Computing metrics for training, validation, and test sets
2023-11-30 17:10:03.497 INFO: Loading checkpoint: checkpoints/ox_gs_rattled_50x2c_run-3456_epoch-798.pt
2023-11-30 17:10:03.526 INFO: Loaded model from epoch 798
2023-11-30 17:10:03.593 INFO: Evaluating train ...
2023-11-30 17:10:04.253 INFO: Evaluating valid ...
2023-11-30 17:10:04.345 INFO: Evaluating Default ...
2023-11-30 17:10:04.592 INFO: 
+-------------+---------------------+------------------+--------------+-------------------------+---------------+
| config_type | RMSE E / meV / atom | RMSE F / meV / A | rel F RMSE % | RMSE MU / mDebye / atom | rel MU RMSE % |
+-------------+---------------------+------------------+--------------+-------------------------+---------------+
|    train    |         4.0         |       10.9       |     0.5      |           1.1           |      3.4      |
|    valid    |         7.2         |       17.5       |     1.0      |           1.7           |      5.4      |
|   Default   |         4.2         |       11.3       |     0.5      |           1.2           |      3.5      |
+-------------+---------------------+------------------+--------------+-------------------------+---------------+
2023-11-30 17:10:04.592 INFO: Saving model to checkpoints/ox_gs_rattled_50x2c_run-3456.model
2023-11-30 17:10:05.093 INFO: Loading checkpoint: checkpoints/ox_gs_rattled_50x2c_run-3456_epoch-978_swa.pt
2023-11-30 17:10:05.122 INFO: Loaded model from epoch 978
2023-11-30 17:10:05.189 INFO: Evaluating train ...
2023-11-30 17:10:05.432 INFO: Evaluating valid ...
2023-11-30 17:10:05.523 INFO: Evaluating Default ...
2023-11-30 17:10:05.769 INFO: 
+-------------+---------------------+------------------+--------------+-------------------------+---------------+
| config_type | RMSE E / meV / atom | RMSE F / meV / A | rel F RMSE % | RMSE MU / mDebye / atom | rel MU RMSE % |
+-------------+---------------------+------------------+--------------+-------------------------+---------------+
|    train    |         3.6         |       9.8        |     0.4      |           1.1           |      3.3      |
|    valid    |         5.7         |       15.3       |     0.9      |           1.7           |      5.5      |
|   Default   |         3.7         |       10.1       |     0.5      |           1.2           |      3.5      |
+-------------+---------------------+------------------+--------------+-------------------------+---------------+
2023-11-30 17:10:05.769 INFO: Saving model to checkpoints/ox_gs_rattled_50x2c_run-3456_swa.model
2023-11-30 17:10:06.269 INFO: Done
