2023-11-30 20:24:19.920 INFO: MACE version: 0.2.0
2023-11-30 20:24:19.920 INFO: Configuration: Namespace(name='ox_gs_rattled_50x3c', seed=3456, log_dir='logs', model_dir='.', checkpoints_dir='checkpoints', results_dir='results', downloads_dir='downloads', device='cuda', default_dtype='float64', log_level='INFO', error_table='EnergyDipoleRMSE', model='EnergyDipolesMACE', r_max=5.0, num_radial_basis=8, num_cutoff_basis=5, interaction='RealAgnosticResidualInteractionBlock', interaction_first='RealAgnosticResidualInteractionBlock', max_ell=3, correlation=3, num_interactions=2, MLP_irreps='16x0e', radial_MLP='[64, 64, 64]', hidden_irreps='32x0e + 32x1o + 32x2e', num_channels=None, max_L=None, gate='silu', scaling='rms_forces_scaling', avg_num_neighbors=1.0, compute_avg_num_neighbors=True, compute_stress=True, compute_forces=True, train_file='ox_gs_rattled_50x3c_train.xyz', valid_file=None, valid_fraction=0.05, test_file='ox_gs_rattled_50x3c_train.xyz', E0s='{6: -1034.7672562939947, 1: -13.74018495096079, 8: -2057.26969300199}', energy_key='energy', forces_key='forces', virials_key='virials', stress_key='stress', dipole_key='dipole', charges_key='charges', loss='energy_forces_dipole', forces_weight=100.0, swa_forces_weight=100.0, energy_weight=1.0, swa_energy_weight=1000.0, virials_weight=1.0, swa_virials_weight=10.0, stress_weight=1.0, swa_stress_weight=10.0, dipole_weight=1.0, swa_dipole_weight=1.0, config_type_weights='{"Default":1.0}', huber_delta=0.01, optimizer='adam', batch_size=16, valid_batch_size=16, lr=0.01, swa_lr=0.001, weight_decay=5e-07, amsgrad=True, scheduler='ReduceLROnPlateau', lr_factor=0.8, scheduler_patience=50, lr_scheduler_gamma=0.9993, swa=True, start_swa=800, ema=False, ema_decay=0.99, max_num_epochs=1000, patience=2048, eval_interval=2, keep_checkpoints=False, restart_latest=True, save_cpu=False, clip_grad=10.0, wandb=False, wandb_project='', wandb_entity='', wandb_name='', wandb_log_hypers=['num_channels', 'max_L', 'correlation', 'lr', 'swa_lr', 'weight_decay', 'batch_size', 'max_num_epochs', 'start_swa', 'energy_weight', 'forces_weight'])
2023-11-30 20:24:19.968 INFO: CUDA version: 11.7, CUDA device: 0
2023-11-30 20:24:20.016 INFO: Loaded 210 training configurations from 'ox_gs_rattled_50x3c_train.xyz'
2023-11-30 20:24:20.016 INFO: Using random 5.0% of training set for validation
2023-11-30 20:24:20.058 INFO: Loaded 210 test configurations from 'ox_gs_rattled_50x3c_train.xyz'
2023-11-30 20:24:20.058 INFO: Total number of configurations: train=200, valid=10, tests=[Default: 210]
2023-11-30 20:24:20.058 INFO: AtomicNumberTable: (1, 6, 8)
2023-11-30 20:24:20.058 INFO: Atomic Energies not in training file, using command line argument E0s
2023-11-30 20:24:20.058 INFO: Atomic energies: [-13.74018495096079, -1034.7672562939947, -2057.26969300199]
2023-11-30 20:24:20.195 INFO: WeightedEnergyForcesDipoleLoss(energy_weight=1.000, forces_weight=100.000, dipole_weight=1.000)
2023-11-30 20:24:20.213 INFO: Average number of neighbors: 6.0
2023-11-30 20:24:20.214 INFO: Selected the following outputs: {'energy': True, 'forces': True, 'virials': False, 'stress': False, 'dipoles': True}
2023-11-30 20:24:20.214 INFO: Building model
2023-11-30 20:24:20.214 INFO: Hidden irreps: 32x0e + 32x1o + 32x2e
2023-11-30 20:24:21.657 INFO: Using stochastic weight averaging (after 800 epochs) with energy weight : 1000.0, forces weight : 100.0, dipole weight : 1.0 and learning rate : 0.001
2023-11-30 20:24:21.718 WARNING: Cannot find checkpoint with tag 'ox_gs_rattled_50x3c_run-3456' in 'checkpoints'
2023-11-30 20:24:21.718 INFO: EnergyDipolesMACE(
  (node_embedding): LinearNodeEmbeddingBlock(
    (linear): Linear(3x0e -> 32x0e | 96 weights)
  )
  (radial_embedding): RadialEmbeddingBlock(
    (bessel_fn): BesselBasis(r_max=5.0, num_basis=8, trainable=False)
    (cutoff_fn): PolynomialCutoff(p=5.0, r_max=5.0)
  )
  (spherical_harmonics): SphericalHarmonics()
  (atomic_energies_fn): AtomicEnergiesBlock(energies=[-13.7402, -1034.7673, -2057.2697])
  (interactions): ModuleList(
    (0): RealAgnosticInteractionBlock(
      (linear_up): Linear(32x0e -> 32x0e | 1024 weights)
      (conv_tp): TensorProduct(32x0e x 1x0e+1x1o+1x2e+1x3o -> 32x0e+32x1o+32x2e+32x3o | 128 paths | 128 weights)
      (conv_tp_weights): FullyConnectedNet[8, 64, 64, 64, 128]
      (linear): Linear(32x0e+32x1o+32x2e+32x3o -> 32x0e+32x1o+32x2e+32x3o | 4096 weights)
      (skip_tp): FullyConnectedTensorProduct(32x0e+32x1o+32x2e+32x3o x 3x0e -> 32x0e+32x1o+32x2e+32x3o | 12288 paths | 12288 weights)
      (reshape): reshape_irreps()
    )
    (1): RealAgnosticResidualInteractionBlock(
      (linear_up): Linear(32x0e+32x1o+32x2e -> 32x0e+32x1o+32x2e | 3072 weights)
      (conv_tp): TensorProduct(32x0e+32x1o+32x2e x 1x0e+1x1o+1x2e+1x3o -> 96x0e+160x1o+160x2e+128x3o | 544 paths | 544 weights)
      (conv_tp_weights): FullyConnectedNet[8, 64, 64, 64, 544]
      (linear): Linear(96x0e+160x1o+160x2e+128x3o -> 32x0e+32x1o+32x2e+32x3o | 17408 weights)
      (skip_tp): FullyConnectedTensorProduct(32x0e+32x1o+32x2e x 3x0e -> 32x0e+32x1o | 6144 paths | 6144 weights)
      (reshape): reshape_irreps()
    )
  )
  (products): ModuleList(
    (0): EquivariantProductBasisBlock(
      (symmetric_contractions): SymmetricContraction(
        (contractions): ModuleList(
          (0): Contraction(
            (contractions_weighting): ModuleList(
              (0-1): 2 x GraphModule()
            )
            (contractions_features): ModuleList(
              (0-1): 2 x GraphModule()
            )
            (weights): ParameterList(
                (0): Parameter containing: [torch.float64 of size 3x4x32 (GPU 0)]
                (1): Parameter containing: [torch.float64 of size 3x1x32 (GPU 0)]
            )
            (graph_opt_main): GraphModule()
          )
          (1): Contraction(
            (contractions_weighting): ModuleList(
              (0-1): 2 x GraphModule()
            )
            (contractions_features): ModuleList(
              (0-1): 2 x GraphModule()
            )
            (weights): ParameterList(
                (0): Parameter containing: [torch.float64 of size 3x6x32 (GPU 0)]
                (1): Parameter containing: [torch.float64 of size 3x1x32 (GPU 0)]
            )
            (graph_opt_main): GraphModule()
          )
          (2): Contraction(
            (contractions_weighting): ModuleList(
              (0-1): 2 x GraphModule()
            )
            (contractions_features): ModuleList(
              (0-1): 2 x GraphModule()
            )
            (weights): ParameterList(
                (0): Parameter containing: [torch.float64 of size 3x7x32 (GPU 0)]
                (1): Parameter containing: [torch.float64 of size 3x1x32 (GPU 0)]
            )
            (graph_opt_main): GraphModule()
          )
        )
      )
      (linear): Linear(32x0e+32x1o+32x2e -> 32x0e+32x1o+32x2e | 3072 weights)
    )
    (1): EquivariantProductBasisBlock(
      (symmetric_contractions): SymmetricContraction(
        (contractions): ModuleList(
          (0): Contraction(
            (contractions_weighting): ModuleList(
              (0-1): 2 x GraphModule()
            )
            (contractions_features): ModuleList(
              (0-1): 2 x GraphModule()
            )
            (weights): ParameterList(
                (0): Parameter containing: [torch.float64 of size 3x4x32 (GPU 0)]
                (1): Parameter containing: [torch.float64 of size 3x1x32 (GPU 0)]
            )
            (graph_opt_main): GraphModule()
          )
          (1): Contraction(
            (contractions_weighting): ModuleList(
              (0-1): 2 x GraphModule()
            )
            (contractions_features): ModuleList(
              (0-1): 2 x GraphModule()
            )
            (weights): ParameterList(
                (0): Parameter containing: [torch.float64 of size 3x6x32 (GPU 0)]
                (1): Parameter containing: [torch.float64 of size 3x1x32 (GPU 0)]
            )
            (graph_opt_main): GraphModule()
          )
        )
      )
      (linear): Linear(32x0e+32x1o -> 32x0e+32x1o | 2048 weights)
    )
  )
  (readouts): ModuleList(
    (0): LinearDipoleReadoutBlock(
      (linear): Linear(32x0e+32x1o+32x2e -> 1x0e+1x1o | 64 weights)
    )
    (1): NonLinearDipoleReadoutBlock(
      (equivariant_nonlin): Gate (16x0e -> 16x0e)
      (linear_1): Linear(32x0e+32x1o -> 16x0e | 512 weights)
      (linear_2): Linear(16x0e -> 1x0e+1x1o | 16 weights)
    )
  )
)
2023-11-30 20:24:21.720 INFO: Number of parameters: 133776
2023-11-30 20:24:21.720 INFO: Optimizer: Adam (
Parameter Group 0
    amsgrad: True
    betas: (0.9, 0.999)
    capturable: False
    differentiable: False
    eps: 1e-08
    foreach: None
    fused: None
    initial_lr: 0.01
    lr: 0.01
    maximize: False
    name: embedding
    swa_lr: 0.001
    weight_decay: 0.0

Parameter Group 1
    amsgrad: True
    betas: (0.9, 0.999)
    capturable: False
    differentiable: False
    eps: 1e-08
    foreach: None
    fused: None
    initial_lr: 0.01
    lr: 0.01
    maximize: False
    name: interactions_decay
    swa_lr: 0.001
    weight_decay: 5e-07

Parameter Group 2
    amsgrad: True
    betas: (0.9, 0.999)
    capturable: False
    differentiable: False
    eps: 1e-08
    foreach: None
    fused: None
    initial_lr: 0.01
    lr: 0.01
    maximize: False
    name: interactions_no_decay
    swa_lr: 0.001
    weight_decay: 0.0

Parameter Group 3
    amsgrad: True
    betas: (0.9, 0.999)
    capturable: False
    differentiable: False
    eps: 1e-08
    foreach: None
    fused: None
    initial_lr: 0.01
    lr: 0.01
    maximize: False
    name: products
    swa_lr: 0.001
    weight_decay: 5e-07

Parameter Group 4
    amsgrad: True
    betas: (0.9, 0.999)
    capturable: False
    differentiable: False
    eps: 1e-08
    foreach: None
    fused: None
    initial_lr: 0.01
    lr: 0.01
    maximize: False
    name: readouts
    swa_lr: 0.001
    weight_decay: 0.0
)
2023-11-30 20:24:21.720 INFO: Using gradient clipping with tolerance=10.000
2023-11-30 20:24:21.720 INFO: Started training
2023-11-30 20:24:29.834 INFO: Epoch 0: loss=271.3896, RMSE_E_per_atom=1072.4 meV, RMSE_F=1643.3 meV / A, RMSE_Mu_per_atom=43.73 mDebye
2023-11-30 20:24:33.339 INFO: Epoch 2: loss=27.0520, RMSE_E_per_atom=1077.6 meV, RMSE_F=508.2 meV / A, RMSE_Mu_per_atom=26.11 mDebye
2023-11-30 20:24:35.764 INFO: Epoch 4: loss=14.0407, RMSE_E_per_atom=1024.0 meV, RMSE_F=359.8 meV / A, RMSE_Mu_per_atom=22.41 mDebye
2023-11-30 20:24:38.196 INFO: Epoch 6: loss=7.3660, RMSE_E_per_atom=1058.8 meV, RMSE_F=249.1 meV / A, RMSE_Mu_per_atom=19.44 mDebye
2023-11-30 20:24:40.634 INFO: Epoch 8: loss=7.1510, RMSE_E_per_atom=906.7 meV, RMSE_F=251.0 meV / A, RMSE_Mu_per_atom=16.84 mDebye
2023-11-30 20:24:43.063 INFO: Epoch 10: loss=5.5320, RMSE_E_per_atom=865.2 meV, RMSE_F=218.4 meV / A, RMSE_Mu_per_atom=11.62 mDebye
2023-11-30 20:24:45.502 INFO: Epoch 12: loss=3.3776, RMSE_E_per_atom=759.5 meV, RMSE_F=167.1 meV / A, RMSE_Mu_per_atom=9.61 mDebye
2023-11-30 20:24:47.938 INFO: Epoch 14: loss=2.5819, RMSE_E_per_atom=650.7 meV, RMSE_F=146.7 meV / A, RMSE_Mu_per_atom=7.59 mDebye
2023-11-30 20:24:50.357 INFO: Epoch 16: loss=3.3550, RMSE_E_per_atom=604.5 meV, RMSE_F=172.7 meV / A, RMSE_Mu_per_atom=7.26 mDebye
2023-11-30 20:24:52.514 INFO: Epoch 18: loss=2.4281, RMSE_E_per_atom=468.8 meV, RMSE_F=148.5 meV / A, RMSE_Mu_per_atom=6.66 mDebye
2023-11-30 20:24:54.931 INFO: Epoch 20: loss=3.8714, RMSE_E_per_atom=363.1 meV, RMSE_F=193.3 meV / A, RMSE_Mu_per_atom=4.86 mDebye
2023-11-30 20:24:57.088 INFO: Epoch 22: loss=2.5343, RMSE_E_per_atom=316.6 meV, RMSE_F=155.9 meV / A, RMSE_Mu_per_atom=5.04 mDebye
2023-11-30 20:24:59.250 INFO: Epoch 24: loss=2.5413, RMSE_E_per_atom=298.1 meV, RMSE_F=156.5 meV / A, RMSE_Mu_per_atom=4.11 mDebye
2023-11-30 20:25:01.410 INFO: Epoch 26: loss=2.3957, RMSE_E_per_atom=246.4 meV, RMSE_F=152.7 meV / A, RMSE_Mu_per_atom=4.42 mDebye
2023-11-30 20:25:03.836 INFO: Epoch 28: loss=1.4772, RMSE_E_per_atom=212.3 meV, RMSE_F=119.6 meV / A, RMSE_Mu_per_atom=4.08 mDebye
2023-11-30 20:25:06.266 INFO: Epoch 30: loss=4.5210, RMSE_E_per_atom=182.1 meV, RMSE_F=211.8 meV / A, RMSE_Mu_per_atom=3.41 mDebye
2023-11-30 20:25:08.425 INFO: Epoch 32: loss=3.3531, RMSE_E_per_atom=224.0 meV, RMSE_F=181.7 meV / A, RMSE_Mu_per_atom=4.27 mDebye
2023-11-30 20:25:10.590 INFO: Epoch 34: loss=1.8398, RMSE_E_per_atom=242.3 meV, RMSE_F=133.4 meV / A, RMSE_Mu_per_atom=4.08 mDebye
2023-11-30 20:25:12.766 INFO: Epoch 36: loss=1.5016, RMSE_E_per_atom=198.9 meV, RMSE_F=120.9 meV / A, RMSE_Mu_per_atom=3.25 mDebye
2023-11-30 20:25:14.940 INFO: Epoch 38: loss=3.7445, RMSE_E_per_atom=159.7 meV, RMSE_F=192.8 meV / A, RMSE_Mu_per_atom=3.65 mDebye
2023-11-30 20:25:17.116 INFO: Epoch 40: loss=1.9100, RMSE_E_per_atom=180.9 meV, RMSE_F=137.0 meV / A, RMSE_Mu_per_atom=3.71 mDebye
2023-11-30 20:25:19.292 INFO: Epoch 42: loss=2.6949, RMSE_E_per_atom=204.5 meV, RMSE_F=162.8 meV / A, RMSE_Mu_per_atom=4.36 mDebye
2023-11-30 20:25:21.468 INFO: Epoch 44: loss=1.4092, RMSE_E_per_atom=186.4 meV, RMSE_F=117.2 meV / A, RMSE_Mu_per_atom=3.43 mDebye
2023-11-30 20:25:23.908 INFO: Epoch 46: loss=1.3395, RMSE_E_per_atom=106.7 meV, RMSE_F=115.2 meV / A, RMSE_Mu_per_atom=3.97 mDebye
2023-11-30 20:25:26.356 INFO: Epoch 48: loss=2.0193, RMSE_E_per_atom=100.0 meV, RMSE_F=141.7 meV / A, RMSE_Mu_per_atom=4.13 mDebye
2023-11-30 20:25:28.533 INFO: Epoch 50: loss=1.4802, RMSE_E_per_atom=94.5 meV, RMSE_F=121.2 meV / A, RMSE_Mu_per_atom=3.43 mDebye
2023-11-30 20:25:30.712 INFO: Epoch 52: loss=2.8001, RMSE_E_per_atom=101.2 meV, RMSE_F=167.0 meV / A, RMSE_Mu_per_atom=3.05 mDebye
2023-11-30 20:25:32.896 INFO: Epoch 54: loss=1.4127, RMSE_E_per_atom=115.0 meV, RMSE_F=118.3 meV / A, RMSE_Mu_per_atom=3.21 mDebye
2023-11-30 20:25:35.076 INFO: Epoch 56: loss=1.8302, RMSE_E_per_atom=115.1 meV, RMSE_F=134.8 meV / A, RMSE_Mu_per_atom=3.32 mDebye
2023-11-30 20:25:37.253 INFO: Epoch 58: loss=1.1731, RMSE_E_per_atom=84.8 meV, RMSE_F=107.9 meV / A, RMSE_Mu_per_atom=3.10 mDebye
2023-11-30 20:25:39.701 INFO: Epoch 60: loss=1.1382, RMSE_E_per_atom=81.8 meV, RMSE_F=106.3 meV / A, RMSE_Mu_per_atom=3.06 mDebye
2023-11-30 20:25:42.148 INFO: Epoch 62: loss=1.0996, RMSE_E_per_atom=79.7 meV, RMSE_F=104.5 meV / A, RMSE_Mu_per_atom=3.01 mDebye
2023-11-30 20:25:44.597 INFO: Epoch 64: loss=1.8762, RMSE_E_per_atom=68.3 meV, RMSE_F=136.8 meV / A, RMSE_Mu_per_atom=3.18 mDebye
2023-11-30 20:25:46.787 INFO: Epoch 66: loss=1.6752, RMSE_E_per_atom=44.8 meV, RMSE_F=129.3 meV / A, RMSE_Mu_per_atom=4.15 mDebye
2023-11-30 20:25:48.971 INFO: Epoch 68: loss=1.2304, RMSE_E_per_atom=88.1 meV, RMSE_F=110.5 meV / A, RMSE_Mu_per_atom=3.48 mDebye
2023-11-30 20:25:51.155 INFO: Epoch 70: loss=1.6218, RMSE_E_per_atom=85.4 meV, RMSE_F=127.0 meV / A, RMSE_Mu_per_atom=3.33 mDebye
2023-11-30 20:25:53.340 INFO: Epoch 72: loss=1.7505, RMSE_E_per_atom=89.6 meV, RMSE_F=132.0 meV / A, RMSE_Mu_per_atom=3.37 mDebye
2023-11-30 20:25:55.521 INFO: Epoch 74: loss=0.7841, RMSE_E_per_atom=64.7 meV, RMSE_F=88.3 meV / A, RMSE_Mu_per_atom=2.62 mDebye
2023-11-30 20:25:57.970 INFO: Epoch 76: loss=1.2950, RMSE_E_per_atom=76.1 meV, RMSE_F=113.5 meV / A, RMSE_Mu_per_atom=2.86 mDebye
2023-11-30 20:26:00.154 INFO: Epoch 78: loss=1.0239, RMSE_E_per_atom=71.8 meV, RMSE_F=100.9 meV / A, RMSE_Mu_per_atom=2.95 mDebye
2023-11-30 20:26:02.339 INFO: Epoch 80: loss=1.2089, RMSE_E_per_atom=78.5 meV, RMSE_F=109.6 meV / A, RMSE_Mu_per_atom=2.79 mDebye
2023-11-30 20:26:04.529 INFO: Epoch 82: loss=1.2753, RMSE_E_per_atom=71.3 meV, RMSE_F=112.7 meV / A, RMSE_Mu_per_atom=3.18 mDebye
2023-11-30 20:26:06.720 INFO: Epoch 84: loss=0.8213, RMSE_E_per_atom=71.4 meV, RMSE_F=90.3 meV / A, RMSE_Mu_per_atom=2.87 mDebye
2023-11-30 20:26:08.911 INFO: Epoch 86: loss=2.0170, RMSE_E_per_atom=40.0 meV, RMSE_F=141.9 meV / A, RMSE_Mu_per_atom=3.23 mDebye
2023-11-30 20:26:11.106 INFO: Epoch 88: loss=0.7273, RMSE_E_per_atom=53.4 meV, RMSE_F=85.1 meV / A, RMSE_Mu_per_atom=3.26 mDebye
2023-11-30 20:26:13.569 INFO: Epoch 90: loss=1.0378, RMSE_E_per_atom=57.8 meV, RMSE_F=101.7 meV / A, RMSE_Mu_per_atom=2.74 mDebye
2023-11-30 20:26:15.759 INFO: Epoch 92: loss=1.1648, RMSE_E_per_atom=44.9 meV, RMSE_F=107.8 meV / A, RMSE_Mu_per_atom=3.81 mDebye
2023-11-30 20:26:17.953 INFO: Epoch 94: loss=1.0129, RMSE_E_per_atom=88.7 meV, RMSE_F=100.2 meV / A, RMSE_Mu_per_atom=2.59 mDebye
2023-11-30 20:26:20.147 INFO: Epoch 96: loss=1.1038, RMSE_E_per_atom=81.1 meV, RMSE_F=104.7 meV / A, RMSE_Mu_per_atom=2.97 mDebye
2023-11-30 20:26:22.337 INFO: Epoch 98: loss=0.7450, RMSE_E_per_atom=61.7 meV, RMSE_F=86.0 meV / A, RMSE_Mu_per_atom=3.10 mDebye
2023-11-30 20:26:24.529 INFO: Epoch 100: loss=0.9262, RMSE_E_per_atom=52.5 meV, RMSE_F=96.1 meV / A, RMSE_Mu_per_atom=2.93 mDebye
2023-11-30 20:26:26.723 INFO: Epoch 102: loss=1.0768, RMSE_E_per_atom=55.3 meV, RMSE_F=103.6 meV / A, RMSE_Mu_per_atom=2.91 mDebye
2023-11-30 20:26:28.914 INFO: Epoch 104: loss=0.5603, RMSE_E_per_atom=61.8 meV, RMSE_F=74.5 meV / A, RMSE_Mu_per_atom=2.80 mDebye
2023-11-30 20:26:31.376 INFO: Epoch 106: loss=0.7455, RMSE_E_per_atom=56.4 meV, RMSE_F=86.1 meV / A, RMSE_Mu_per_atom=3.19 mDebye
2023-11-30 20:26:33.565 INFO: Epoch 108: loss=0.7067, RMSE_E_per_atom=21.7 meV, RMSE_F=83.9 meV / A, RMSE_Mu_per_atom=3.85 mDebye
2023-11-30 20:26:35.755 INFO: Epoch 110: loss=0.7045, RMSE_E_per_atom=23.6 meV, RMSE_F=83.9 meV / A, RMSE_Mu_per_atom=2.63 mDebye
2023-11-30 20:26:37.947 INFO: Epoch 112: loss=1.7479, RMSE_E_per_atom=27.5 meV, RMSE_F=132.1 meV / A, RMSE_Mu_per_atom=3.25 mDebye
2023-11-30 20:26:40.137 INFO: Epoch 114: loss=0.5363, RMSE_E_per_atom=48.2 meV, RMSE_F=73.0 meV / A, RMSE_Mu_per_atom=2.58 mDebye
2023-11-30 20:26:42.597 INFO: Epoch 116: loss=0.4733, RMSE_E_per_atom=38.9 meV, RMSE_F=68.6 meV / A, RMSE_Mu_per_atom=2.93 mDebye
2023-11-30 20:26:45.051 INFO: Epoch 118: loss=0.6378, RMSE_E_per_atom=25.9 meV, RMSE_F=79.8 meV / A, RMSE_Mu_per_atom=2.68 mDebye
2023-11-30 20:26:47.245 INFO: Epoch 120: loss=0.8034, RMSE_E_per_atom=40.3 meV, RMSE_F=89.5 meV / A, RMSE_Mu_per_atom=2.92 mDebye
2023-11-30 20:26:49.429 INFO: Epoch 122: loss=0.7318, RMSE_E_per_atom=41.4 meV, RMSE_F=85.4 meV / A, RMSE_Mu_per_atom=3.00 mDebye
2023-11-30 20:26:51.623 INFO: Epoch 124: loss=0.7975, RMSE_E_per_atom=36.9 meV, RMSE_F=89.2 meV / A, RMSE_Mu_per_atom=3.11 mDebye
2023-11-30 20:26:53.818 INFO: Epoch 126: loss=0.7626, RMSE_E_per_atom=23.2 meV, RMSE_F=87.3 meV / A, RMSE_Mu_per_atom=2.57 mDebye
2023-11-30 20:26:56.012 INFO: Epoch 128: loss=0.5212, RMSE_E_per_atom=50.3 meV, RMSE_F=72.0 meV / A, RMSE_Mu_per_atom=2.59 mDebye
2023-11-30 20:26:58.203 INFO: Epoch 130: loss=0.6318, RMSE_E_per_atom=32.9 meV, RMSE_F=79.4 meV / A, RMSE_Mu_per_atom=2.55 mDebye
2023-11-30 20:27:00.397 INFO: Epoch 132: loss=0.5255, RMSE_E_per_atom=26.2 meV, RMSE_F=72.4 meV / A, RMSE_Mu_per_atom=2.37 mDebye
2023-11-30 20:27:02.585 INFO: Epoch 134: loss=0.6509, RMSE_E_per_atom=48.8 meV, RMSE_F=80.5 meV / A, RMSE_Mu_per_atom=2.49 mDebye
2023-11-30 20:27:04.779 INFO: Epoch 136: loss=0.5504, RMSE_E_per_atom=45.7 meV, RMSE_F=74.0 meV / A, RMSE_Mu_per_atom=2.45 mDebye
2023-11-30 20:27:06.983 INFO: Epoch 138: loss=0.4985, RMSE_E_per_atom=42.7 meV, RMSE_F=70.4 meV / A, RMSE_Mu_per_atom=3.37 mDebye
2023-11-30 20:27:09.178 INFO: Epoch 140: loss=0.6272, RMSE_E_per_atom=45.6 meV, RMSE_F=79.0 meV / A, RMSE_Mu_per_atom=2.65 mDebye
2023-11-30 20:27:11.376 INFO: Epoch 142: loss=0.5145, RMSE_E_per_atom=32.8 meV, RMSE_F=71.6 meV / A, RMSE_Mu_per_atom=2.57 mDebye
2023-11-30 20:27:13.572 INFO: Epoch 144: loss=0.4836, RMSE_E_per_atom=21.4 meV, RMSE_F=69.5 meV / A, RMSE_Mu_per_atom=2.53 mDebye
2023-11-30 20:27:15.771 INFO: Epoch 146: loss=0.8528, RMSE_E_per_atom=35.7 meV, RMSE_F=92.2 meV / A, RMSE_Mu_per_atom=2.87 mDebye
2023-11-30 20:27:17.972 INFO: Epoch 148: loss=0.4709, RMSE_E_per_atom=44.3 meV, RMSE_F=68.4 meV / A, RMSE_Mu_per_atom=3.40 mDebye
2023-11-30 20:27:20.436 INFO: Epoch 150: loss=0.6913, RMSE_E_per_atom=42.6 meV, RMSE_F=83.0 meV / A, RMSE_Mu_per_atom=2.32 mDebye
2023-11-30 20:27:22.636 INFO: Epoch 152: loss=0.5447, RMSE_E_per_atom=42.7 meV, RMSE_F=73.6 meV / A, RMSE_Mu_per_atom=2.28 mDebye
2023-11-30 20:27:24.837 INFO: Epoch 154: loss=0.4063, RMSE_E_per_atom=32.2 meV, RMSE_F=63.6 meV / A, RMSE_Mu_per_atom=2.66 mDebye
2023-11-30 20:27:27.304 INFO: Epoch 156: loss=0.4978, RMSE_E_per_atom=33.2 meV, RMSE_F=70.4 meV / A, RMSE_Mu_per_atom=2.58 mDebye
2023-11-30 20:27:29.498 INFO: Epoch 158: loss=0.6783, RMSE_E_per_atom=27.2 meV, RMSE_F=82.3 meV / A, RMSE_Mu_per_atom=2.72 mDebye
2023-11-30 20:27:31.699 INFO: Epoch 160: loss=0.6867, RMSE_E_per_atom=33.5 meV, RMSE_F=82.7 meV / A, RMSE_Mu_per_atom=3.17 mDebye
2023-11-30 20:27:33.896 INFO: Epoch 162: loss=0.5124, RMSE_E_per_atom=25.4 meV, RMSE_F=71.5 meV / A, RMSE_Mu_per_atom=2.69 mDebye
2023-11-30 20:27:36.090 INFO: Epoch 164: loss=0.6388, RMSE_E_per_atom=20.9 meV, RMSE_F=79.9 meV / A, RMSE_Mu_per_atom=2.63 mDebye
2023-11-30 20:27:38.287 INFO: Epoch 166: loss=0.3586, RMSE_E_per_atom=21.0 meV, RMSE_F=59.8 meV / A, RMSE_Mu_per_atom=2.60 mDebye
2023-11-30 20:27:40.753 INFO: Epoch 168: loss=0.7003, RMSE_E_per_atom=15.1 meV, RMSE_F=83.6 meV / A, RMSE_Mu_per_atom=2.27 mDebye
2023-11-30 20:27:42.953 INFO: Epoch 170: loss=0.6662, RMSE_E_per_atom=33.8 meV, RMSE_F=81.5 meV / A, RMSE_Mu_per_atom=2.43 mDebye
2023-11-30 20:27:45.154 INFO: Epoch 172: loss=0.8186, RMSE_E_per_atom=47.0 meV, RMSE_F=90.3 meV / A, RMSE_Mu_per_atom=2.30 mDebye
2023-11-30 20:27:47.357 INFO: Epoch 174: loss=1.0596, RMSE_E_per_atom=53.1 meV, RMSE_F=102.8 meV / A, RMSE_Mu_per_atom=2.34 mDebye
2023-11-30 20:27:49.554 INFO: Epoch 176: loss=0.6229, RMSE_E_per_atom=52.2 meV, RMSE_F=78.7 meV / A, RMSE_Mu_per_atom=2.26 mDebye
2023-11-30 20:27:51.750 INFO: Epoch 178: loss=0.7726, RMSE_E_per_atom=47.8 meV, RMSE_F=87.7 meV / A, RMSE_Mu_per_atom=2.37 mDebye
2023-11-30 20:27:53.947 INFO: Epoch 180: loss=0.7379, RMSE_E_per_atom=63.3 meV, RMSE_F=85.6 meV / A, RMSE_Mu_per_atom=2.82 mDebye
2023-11-30 20:27:56.147 INFO: Epoch 182: loss=0.6758, RMSE_E_per_atom=25.1 meV, RMSE_F=82.1 meV / A, RMSE_Mu_per_atom=2.71 mDebye
2023-11-30 20:27:58.349 INFO: Epoch 184: loss=0.6276, RMSE_E_per_atom=33.1 meV, RMSE_F=79.1 meV / A, RMSE_Mu_per_atom=1.91 mDebye
2023-11-30 20:28:00.555 INFO: Epoch 186: loss=0.8495, RMSE_E_per_atom=28.9 meV, RMSE_F=92.1 meV / A, RMSE_Mu_per_atom=2.06 mDebye
2023-11-30 20:28:02.755 INFO: Epoch 188: loss=0.6888, RMSE_E_per_atom=52.5 meV, RMSE_F=82.8 meV / A, RMSE_Mu_per_atom=2.32 mDebye
2023-11-30 20:28:04.960 INFO: Epoch 190: loss=1.1572, RMSE_E_per_atom=36.3 meV, RMSE_F=107.5 meV / A, RMSE_Mu_per_atom=2.24 mDebye
2023-11-30 20:28:07.161 INFO: Epoch 192: loss=0.5695, RMSE_E_per_atom=43.1 meV, RMSE_F=75.3 meV / A, RMSE_Mu_per_atom=2.70 mDebye
2023-11-30 20:28:09.359 INFO: Epoch 194: loss=0.3825, RMSE_E_per_atom=35.2 meV, RMSE_F=61.7 meV / A, RMSE_Mu_per_atom=2.33 mDebye
2023-11-30 20:28:11.557 INFO: Epoch 196: loss=0.3461, RMSE_E_per_atom=38.2 meV, RMSE_F=58.6 meV / A, RMSE_Mu_per_atom=3.07 mDebye
2023-11-30 20:28:14.027 INFO: Epoch 198: loss=0.6361, RMSE_E_per_atom=17.5 meV, RMSE_F=79.7 meV / A, RMSE_Mu_per_atom=2.47 mDebye
2023-11-30 20:28:16.225 INFO: Epoch 200: loss=0.4434, RMSE_E_per_atom=25.0 meV, RMSE_F=66.5 meV / A, RMSE_Mu_per_atom=2.33 mDebye
2023-11-30 20:28:18.425 INFO: Epoch 202: loss=0.3943, RMSE_E_per_atom=24.2 meV, RMSE_F=62.7 meV / A, RMSE_Mu_per_atom=2.16 mDebye
2023-11-30 20:28:20.631 INFO: Epoch 204: loss=0.3623, RMSE_E_per_atom=18.5 meV, RMSE_F=60.1 meV / A, RMSE_Mu_per_atom=2.18 mDebye
2023-11-30 20:28:22.826 INFO: Epoch 206: loss=0.3032, RMSE_E_per_atom=39.1 meV, RMSE_F=54.9 meV / A, RMSE_Mu_per_atom=2.11 mDebye
2023-11-30 20:28:25.293 INFO: Epoch 208: loss=0.6041, RMSE_E_per_atom=43.7 meV, RMSE_F=77.5 meV / A, RMSE_Mu_per_atom=3.05 mDebye
2023-11-30 20:28:27.496 INFO: Epoch 210: loss=2.2718, RMSE_E_per_atom=63.4 meV, RMSE_F=150.6 meV / A, RMSE_Mu_per_atom=2.76 mDebye
2023-11-30 20:28:29.693 INFO: Epoch 212: loss=0.4580, RMSE_E_per_atom=52.8 meV, RMSE_F=67.4 meV / A, RMSE_Mu_per_atom=2.08 mDebye
2023-11-30 20:28:31.897 INFO: Epoch 214: loss=0.2234, RMSE_E_per_atom=39.6 meV, RMSE_F=47.1 meV / A, RMSE_Mu_per_atom=1.96 mDebye
2023-11-30 20:28:34.368 INFO: Epoch 216: loss=0.2286, RMSE_E_per_atom=21.5 meV, RMSE_F=47.7 meV / A, RMSE_Mu_per_atom=2.02 mDebye
2023-11-30 20:28:36.572 INFO: Epoch 218: loss=0.2077, RMSE_E_per_atom=10.4 meV, RMSE_F=45.5 meV / A, RMSE_Mu_per_atom=1.96 mDebye
2023-11-30 20:28:39.038 INFO: Epoch 220: loss=0.2072, RMSE_E_per_atom=18.2 meV, RMSE_F=45.4 meV / A, RMSE_Mu_per_atom=2.01 mDebye
2023-11-30 20:28:41.506 INFO: Epoch 222: loss=0.2927, RMSE_E_per_atom=16.9 meV, RMSE_F=54.0 meV / A, RMSE_Mu_per_atom=2.20 mDebye
2023-11-30 20:28:43.700 INFO: Epoch 224: loss=0.2394, RMSE_E_per_atom=15.7 meV, RMSE_F=48.9 meV / A, RMSE_Mu_per_atom=2.12 mDebye
2023-11-30 20:28:45.901 INFO: Epoch 226: loss=0.2524, RMSE_E_per_atom=13.8 meV, RMSE_F=50.2 meV / A, RMSE_Mu_per_atom=1.82 mDebye
2023-11-30 20:28:48.103 INFO: Epoch 228: loss=0.3163, RMSE_E_per_atom=28.3 meV, RMSE_F=56.1 meV / A, RMSE_Mu_per_atom=2.61 mDebye
2023-11-30 20:28:50.304 INFO: Epoch 230: loss=0.2641, RMSE_E_per_atom=36.0 meV, RMSE_F=51.2 meV / A, RMSE_Mu_per_atom=1.83 mDebye
2023-11-30 20:28:52.508 INFO: Epoch 232: loss=0.5447, RMSE_E_per_atom=21.2 meV, RMSE_F=73.8 meV / A, RMSE_Mu_per_atom=1.86 mDebye
2023-11-30 20:28:54.709 INFO: Epoch 234: loss=0.3436, RMSE_E_per_atom=22.1 meV, RMSE_F=58.5 meV / A, RMSE_Mu_per_atom=2.04 mDebye
2023-11-30 20:28:56.908 INFO: Epoch 236: loss=0.1757, RMSE_E_per_atom=19.2 meV, RMSE_F=41.8 meV / A, RMSE_Mu_per_atom=2.09 mDebye
2023-11-30 20:28:59.373 INFO: Epoch 238: loss=0.1690, RMSE_E_per_atom=16.4 meV, RMSE_F=41.0 meV / A, RMSE_Mu_per_atom=1.94 mDebye
2023-11-30 20:29:01.837 INFO: Epoch 240: loss=0.2139, RMSE_E_per_atom=4.5 meV, RMSE_F=46.2 meV / A, RMSE_Mu_per_atom=1.86 mDebye
2023-11-30 20:29:04.038 INFO: Epoch 242: loss=0.4569, RMSE_E_per_atom=18.0 meV, RMSE_F=67.6 meV / A, RMSE_Mu_per_atom=1.65 mDebye
2023-11-30 20:29:06.236 INFO: Epoch 244: loss=0.1938, RMSE_E_per_atom=20.7 meV, RMSE_F=43.9 meV / A, RMSE_Mu_per_atom=1.66 mDebye
2023-11-30 20:29:08.437 INFO: Epoch 246: loss=0.1841, RMSE_E_per_atom=6.2 meV, RMSE_F=42.8 meV / A, RMSE_Mu_per_atom=2.28 mDebye
2023-11-30 20:29:10.638 INFO: Epoch 248: loss=0.2051, RMSE_E_per_atom=22.1 meV, RMSE_F=45.2 meV / A, RMSE_Mu_per_atom=1.76 mDebye
2023-11-30 20:29:12.841 INFO: Epoch 250: loss=0.1699, RMSE_E_per_atom=9.1 meV, RMSE_F=41.2 meV / A, RMSE_Mu_per_atom=1.69 mDebye
2023-11-30 20:29:15.038 INFO: Epoch 252: loss=0.1455, RMSE_E_per_atom=4.3 meV, RMSE_F=38.1 meV / A, RMSE_Mu_per_atom=1.66 mDebye
2023-11-30 20:29:17.506 INFO: Epoch 254: loss=0.1909, RMSE_E_per_atom=11.8 meV, RMSE_F=43.6 meV / A, RMSE_Mu_per_atom=1.78 mDebye
2023-11-30 20:29:19.704 INFO: Epoch 256: loss=0.2178, RMSE_E_per_atom=18.1 meV, RMSE_F=46.6 meV / A, RMSE_Mu_per_atom=2.19 mDebye
2023-11-30 20:29:21.902 INFO: Epoch 258: loss=0.3975, RMSE_E_per_atom=13.4 meV, RMSE_F=63.0 meV / A, RMSE_Mu_per_atom=1.82 mDebye
2023-11-30 20:29:24.104 INFO: Epoch 260: loss=0.1655, RMSE_E_per_atom=19.1 meV, RMSE_F=40.6 meV / A, RMSE_Mu_per_atom=1.78 mDebye
2023-11-30 20:29:26.306 INFO: Epoch 262: loss=0.1640, RMSE_E_per_atom=15.8 meV, RMSE_F=40.4 meV / A, RMSE_Mu_per_atom=1.53 mDebye
2023-11-30 20:29:28.506 INFO: Epoch 264: loss=0.6975, RMSE_E_per_atom=8.0 meV, RMSE_F=83.5 meV / A, RMSE_Mu_per_atom=1.78 mDebye
2023-11-30 20:29:30.707 INFO: Epoch 266: loss=0.3501, RMSE_E_per_atom=35.2 meV, RMSE_F=59.0 meV / A, RMSE_Mu_per_atom=2.14 mDebye
2023-11-30 20:29:32.907 INFO: Epoch 268: loss=0.1219, RMSE_E_per_atom=22.7 meV, RMSE_F=34.8 meV / A, RMSE_Mu_per_atom=1.58 mDebye
2023-11-30 20:29:35.371 INFO: Epoch 270: loss=0.2768, RMSE_E_per_atom=25.6 meV, RMSE_F=52.5 meV / A, RMSE_Mu_per_atom=1.65 mDebye
2023-11-30 20:29:37.575 INFO: Epoch 272: loss=0.2385, RMSE_E_per_atom=11.7 meV, RMSE_F=48.8 meV / A, RMSE_Mu_per_atom=1.51 mDebye
2023-11-30 20:29:39.779 INFO: Epoch 274: loss=0.1184, RMSE_E_per_atom=13.5 meV, RMSE_F=34.3 meV / A, RMSE_Mu_per_atom=1.62 mDebye
2023-11-30 20:29:42.248 INFO: Epoch 276: loss=0.1058, RMSE_E_per_atom=6.7 meV, RMSE_F=32.5 meV / A, RMSE_Mu_per_atom=1.44 mDebye
2023-11-30 20:29:44.708 INFO: Epoch 278: loss=0.1041, RMSE_E_per_atom=9.9 meV, RMSE_F=32.2 meV / A, RMSE_Mu_per_atom=1.58 mDebye
2023-11-30 20:29:47.173 INFO: Epoch 280: loss=0.0986, RMSE_E_per_atom=4.1 meV, RMSE_F=31.4 meV / A, RMSE_Mu_per_atom=1.55 mDebye
2023-11-30 20:29:49.630 INFO: Epoch 282: loss=0.0953, RMSE_E_per_atom=6.1 meV, RMSE_F=30.8 meV / A, RMSE_Mu_per_atom=1.54 mDebye
2023-11-30 20:29:52.138 INFO: Epoch 284: loss=0.0766, RMSE_E_per_atom=5.4 meV, RMSE_F=27.6 meV / A, RMSE_Mu_per_atom=1.53 mDebye
2023-11-30 20:29:54.609 INFO: Epoch 286: loss=0.0875, RMSE_E_per_atom=4.7 meV, RMSE_F=29.5 meV / A, RMSE_Mu_per_atom=1.49 mDebye
2023-11-30 20:29:56.813 INFO: Epoch 288: loss=0.0977, RMSE_E_per_atom=5.2 meV, RMSE_F=31.2 meV / A, RMSE_Mu_per_atom=1.39 mDebye
2023-11-30 20:29:59.017 INFO: Epoch 290: loss=0.1590, RMSE_E_per_atom=4.9 meV, RMSE_F=39.8 meV / A, RMSE_Mu_per_atom=1.65 mDebye
2023-11-30 20:30:01.219 INFO: Epoch 292: loss=0.1416, RMSE_E_per_atom=5.7 meV, RMSE_F=37.6 meV / A, RMSE_Mu_per_atom=1.39 mDebye
2023-11-30 20:30:03.418 INFO: Epoch 294: loss=0.2559, RMSE_E_per_atom=4.1 meV, RMSE_F=50.6 meV / A, RMSE_Mu_per_atom=1.46 mDebye
2023-11-30 20:30:05.615 INFO: Epoch 296: loss=0.0726, RMSE_E_per_atom=9.3 meV, RMSE_F=26.9 meV / A, RMSE_Mu_per_atom=1.47 mDebye
2023-11-30 20:30:08.083 INFO: Epoch 298: loss=0.0749, RMSE_E_per_atom=5.1 meV, RMSE_F=27.3 meV / A, RMSE_Mu_per_atom=1.47 mDebye
2023-11-30 20:30:10.282 INFO: Epoch 300: loss=0.1028, RMSE_E_per_atom=7.7 meV, RMSE_F=32.0 meV / A, RMSE_Mu_per_atom=1.45 mDebye
2023-11-30 20:30:12.489 INFO: Epoch 302: loss=0.0804, RMSE_E_per_atom=5.0 meV, RMSE_F=28.3 meV / A, RMSE_Mu_per_atom=1.37 mDebye
2023-11-30 20:30:14.691 INFO: Epoch 304: loss=0.2366, RMSE_E_per_atom=6.5 meV, RMSE_F=48.6 meV / A, RMSE_Mu_per_atom=1.37 mDebye
2023-11-30 20:30:16.897 INFO: Epoch 306: loss=0.6748, RMSE_E_per_atom=13.5 meV, RMSE_F=82.1 meV / A, RMSE_Mu_per_atom=1.91 mDebye
2023-11-30 20:30:19.094 INFO: Epoch 308: loss=0.1318, RMSE_E_per_atom=9.2 meV, RMSE_F=36.3 meV / A, RMSE_Mu_per_atom=1.23 mDebye
2023-11-30 20:30:21.298 INFO: Epoch 310: loss=0.3208, RMSE_E_per_atom=25.1 meV, RMSE_F=56.6 meV / A, RMSE_Mu_per_atom=1.43 mDebye
2023-11-30 20:30:23.501 INFO: Epoch 312: loss=0.1389, RMSE_E_per_atom=27.8 meV, RMSE_F=37.1 meV / A, RMSE_Mu_per_atom=1.38 mDebye
2023-11-30 20:30:25.706 INFO: Epoch 314: loss=0.2876, RMSE_E_per_atom=20.0 meV, RMSE_F=53.6 meV / A, RMSE_Mu_per_atom=1.60 mDebye
2023-11-30 20:30:27.913 INFO: Epoch 316: loss=0.1879, RMSE_E_per_atom=24.1 meV, RMSE_F=43.3 meV / A, RMSE_Mu_per_atom=1.28 mDebye
2023-11-30 20:30:30.115 INFO: Epoch 318: loss=0.2796, RMSE_E_per_atom=13.5 meV, RMSE_F=52.8 meV / A, RMSE_Mu_per_atom=1.72 mDebye
2023-11-30 20:30:32.324 INFO: Epoch 320: loss=0.1690, RMSE_E_per_atom=27.3 meV, RMSE_F=41.0 meV / A, RMSE_Mu_per_atom=1.33 mDebye
2023-11-30 20:30:34.530 INFO: Epoch 322: loss=0.7031, RMSE_E_per_atom=15.3 meV, RMSE_F=83.8 meV / A, RMSE_Mu_per_atom=1.55 mDebye
2023-11-30 20:30:36.729 INFO: Epoch 324: loss=0.5329, RMSE_E_per_atom=12.0 meV, RMSE_F=73.0 meV / A, RMSE_Mu_per_atom=1.40 mDebye
2023-11-30 20:30:38.930 INFO: Epoch 326: loss=0.2905, RMSE_E_per_atom=13.2 meV, RMSE_F=53.9 meV / A, RMSE_Mu_per_atom=1.23 mDebye
2023-11-30 20:30:41.134 INFO: Epoch 328: loss=0.1200, RMSE_E_per_atom=20.6 meV, RMSE_F=34.6 meV / A, RMSE_Mu_per_atom=1.32 mDebye
2023-11-30 20:30:43.335 INFO: Epoch 330: loss=0.2855, RMSE_E_per_atom=20.3 meV, RMSE_F=53.4 meV / A, RMSE_Mu_per_atom=1.64 mDebye
2023-11-30 20:30:45.541 INFO: Epoch 332: loss=0.3874, RMSE_E_per_atom=29.2 meV, RMSE_F=62.2 meV / A, RMSE_Mu_per_atom=1.75 mDebye
2023-11-30 20:30:47.748 INFO: Epoch 334: loss=0.2510, RMSE_E_per_atom=6.1 meV, RMSE_F=50.1 meV / A, RMSE_Mu_per_atom=1.23 mDebye
2023-11-30 20:30:49.950 INFO: Epoch 336: loss=0.1872, RMSE_E_per_atom=20.7 meV, RMSE_F=43.2 meV / A, RMSE_Mu_per_atom=1.53 mDebye
2023-11-30 20:30:52.156 INFO: Epoch 338: loss=0.3452, RMSE_E_per_atom=29.4 meV, RMSE_F=58.7 meV / A, RMSE_Mu_per_atom=1.43 mDebye
2023-11-30 20:30:54.360 INFO: Epoch 340: loss=0.1700, RMSE_E_per_atom=22.2 meV, RMSE_F=41.1 meV / A, RMSE_Mu_per_atom=1.65 mDebye
2023-11-30 20:30:56.565 INFO: Epoch 342: loss=0.4207, RMSE_E_per_atom=25.5 meV, RMSE_F=64.8 meV / A, RMSE_Mu_per_atom=1.49 mDebye
2023-11-30 20:30:58.767 INFO: Epoch 344: loss=0.2030, RMSE_E_per_atom=10.5 meV, RMSE_F=45.0 meV / A, RMSE_Mu_per_atom=1.26 mDebye
2023-11-30 20:31:00.972 INFO: Epoch 346: loss=0.2058, RMSE_E_per_atom=12.5 meV, RMSE_F=45.3 meV / A, RMSE_Mu_per_atom=1.31 mDebye
2023-11-30 20:31:03.175 INFO: Epoch 348: loss=0.1238, RMSE_E_per_atom=10.7 meV, RMSE_F=35.1 meV / A, RMSE_Mu_per_atom=1.40 mDebye
2023-11-30 20:31:05.377 INFO: Epoch 350: loss=0.0563, RMSE_E_per_atom=9.1 meV, RMSE_F=23.7 meV / A, RMSE_Mu_per_atom=1.40 mDebye
2023-11-30 20:31:07.845 INFO: Epoch 352: loss=0.0584, RMSE_E_per_atom=8.5 meV, RMSE_F=24.1 meV / A, RMSE_Mu_per_atom=1.35 mDebye
2023-11-30 20:31:10.045 INFO: Epoch 354: loss=0.0970, RMSE_E_per_atom=5.2 meV, RMSE_F=31.1 meV / A, RMSE_Mu_per_atom=1.31 mDebye
2023-11-30 20:31:12.251 INFO: Epoch 356: loss=0.0396, RMSE_E_per_atom=5.7 meV, RMSE_F=19.8 meV / A, RMSE_Mu_per_atom=1.35 mDebye
2023-11-30 20:31:14.723 INFO: Epoch 358: loss=0.0564, RMSE_E_per_atom=6.1 meV, RMSE_F=23.7 meV / A, RMSE_Mu_per_atom=1.24 mDebye
2023-11-30 20:31:16.924 INFO: Epoch 360: loss=0.0481, RMSE_E_per_atom=5.3 meV, RMSE_F=21.9 meV / A, RMSE_Mu_per_atom=1.38 mDebye
2023-11-30 20:31:19.127 INFO: Epoch 362: loss=0.0474, RMSE_E_per_atom=4.5 meV, RMSE_F=21.7 meV / A, RMSE_Mu_per_atom=1.49 mDebye
2023-11-30 20:31:21.337 INFO: Epoch 364: loss=0.0429, RMSE_E_per_atom=4.0 meV, RMSE_F=20.7 meV / A, RMSE_Mu_per_atom=1.34 mDebye
2023-11-30 20:31:23.543 INFO: Epoch 366: loss=0.0400, RMSE_E_per_atom=4.3 meV, RMSE_F=19.9 meV / A, RMSE_Mu_per_atom=1.33 mDebye
2023-11-30 20:31:25.739 INFO: Epoch 368: loss=0.0309, RMSE_E_per_atom=4.5 meV, RMSE_F=17.5 meV / A, RMSE_Mu_per_atom=1.33 mDebye
2023-11-30 20:31:28.210 INFO: Epoch 370: loss=0.0324, RMSE_E_per_atom=4.3 meV, RMSE_F=18.0 meV / A, RMSE_Mu_per_atom=1.28 mDebye
2023-11-30 20:31:30.418 INFO: Epoch 372: loss=0.0311, RMSE_E_per_atom=4.1 meV, RMSE_F=17.6 meV / A, RMSE_Mu_per_atom=1.20 mDebye
2023-11-30 20:31:32.624 INFO: Epoch 374: loss=0.0287, RMSE_E_per_atom=4.0 meV, RMSE_F=16.9 meV / A, RMSE_Mu_per_atom=1.25 mDebye
2023-11-30 20:31:35.096 INFO: Epoch 376: loss=0.0277, RMSE_E_per_atom=4.7 meV, RMSE_F=16.6 meV / A, RMSE_Mu_per_atom=1.18 mDebye
2023-11-30 20:31:37.566 INFO: Epoch 378: loss=0.0291, RMSE_E_per_atom=4.4 meV, RMSE_F=17.0 meV / A, RMSE_Mu_per_atom=1.29 mDebye
2023-11-30 20:31:39.770 INFO: Epoch 380: loss=0.0249, RMSE_E_per_atom=4.0 meV, RMSE_F=15.7 meV / A, RMSE_Mu_per_atom=1.25 mDebye
2023-11-30 20:31:42.246 INFO: Epoch 382: loss=0.0250, RMSE_E_per_atom=4.2 meV, RMSE_F=15.8 meV / A, RMSE_Mu_per_atom=1.21 mDebye
2023-11-30 20:31:44.447 INFO: Epoch 384: loss=0.0246, RMSE_E_per_atom=4.1 meV, RMSE_F=15.6 meV / A, RMSE_Mu_per_atom=1.24 mDebye
2023-11-30 20:31:46.923 INFO: Epoch 386: loss=0.0258, RMSE_E_per_atom=4.1 meV, RMSE_F=16.0 meV / A, RMSE_Mu_per_atom=1.29 mDebye
2023-11-30 20:31:49.133 INFO: Epoch 388: loss=0.0244, RMSE_E_per_atom=4.0 meV, RMSE_F=15.6 meV / A, RMSE_Mu_per_atom=1.24 mDebye
2023-11-30 20:31:51.606 INFO: Epoch 390: loss=0.0224, RMSE_E_per_atom=4.1 meV, RMSE_F=14.9 meV / A, RMSE_Mu_per_atom=1.19 mDebye
2023-11-30 20:31:54.074 INFO: Epoch 392: loss=0.0264, RMSE_E_per_atom=4.0 meV, RMSE_F=16.2 meV / A, RMSE_Mu_per_atom=1.19 mDebye
2023-11-30 20:31:56.279 INFO: Epoch 394: loss=0.0289, RMSE_E_per_atom=4.3 meV, RMSE_F=17.0 meV / A, RMSE_Mu_per_atom=1.14 mDebye
2023-11-30 20:31:58.483 INFO: Epoch 396: loss=0.0253, RMSE_E_per_atom=3.9 meV, RMSE_F=15.9 meV / A, RMSE_Mu_per_atom=1.19 mDebye
2023-11-30 20:32:00.688 INFO: Epoch 398: loss=0.0215, RMSE_E_per_atom=3.8 meV, RMSE_F=14.6 meV / A, RMSE_Mu_per_atom=1.24 mDebye
2023-11-30 20:32:03.151 INFO: Epoch 400: loss=0.0212, RMSE_E_per_atom=4.4 meV, RMSE_F=14.5 meV / A, RMSE_Mu_per_atom=1.21 mDebye
2023-11-30 20:32:05.621 INFO: Epoch 402: loss=0.0216, RMSE_E_per_atom=4.0 meV, RMSE_F=14.7 meV / A, RMSE_Mu_per_atom=1.23 mDebye
2023-11-30 20:32:07.827 INFO: Epoch 404: loss=0.0209, RMSE_E_per_atom=4.3 meV, RMSE_F=14.4 meV / A, RMSE_Mu_per_atom=1.15 mDebye
2023-11-30 20:32:10.290 INFO: Epoch 406: loss=0.0211, RMSE_E_per_atom=4.4 meV, RMSE_F=14.5 meV / A, RMSE_Mu_per_atom=1.19 mDebye
2023-11-30 20:32:12.498 INFO: Epoch 408: loss=0.0182, RMSE_E_per_atom=4.2 meV, RMSE_F=13.4 meV / A, RMSE_Mu_per_atom=1.19 mDebye
2023-11-30 20:32:14.965 INFO: Epoch 410: loss=0.0187, RMSE_E_per_atom=3.9 meV, RMSE_F=13.6 meV / A, RMSE_Mu_per_atom=1.19 mDebye
2023-11-30 20:32:17.170 INFO: Epoch 412: loss=0.0192, RMSE_E_per_atom=4.2 meV, RMSE_F=13.8 meV / A, RMSE_Mu_per_atom=1.16 mDebye
2023-11-30 20:32:19.377 INFO: Epoch 414: loss=0.0190, RMSE_E_per_atom=4.1 meV, RMSE_F=13.7 meV / A, RMSE_Mu_per_atom=1.08 mDebye
2023-11-30 20:32:21.579 INFO: Epoch 416: loss=0.0193, RMSE_E_per_atom=4.3 meV, RMSE_F=13.8 meV / A, RMSE_Mu_per_atom=1.18 mDebye
2023-11-30 20:32:23.780 INFO: Epoch 418: loss=0.0172, RMSE_E_per_atom=3.9 meV, RMSE_F=13.1 meV / A, RMSE_Mu_per_atom=1.17 mDebye
2023-11-30 20:32:26.252 INFO: Epoch 420: loss=0.0176, RMSE_E_per_atom=4.0 meV, RMSE_F=13.2 meV / A, RMSE_Mu_per_atom=1.10 mDebye
2023-11-30 20:32:28.455 INFO: Epoch 422: loss=0.0159, RMSE_E_per_atom=4.1 meV, RMSE_F=12.5 meV / A, RMSE_Mu_per_atom=1.14 mDebye
2023-11-30 20:32:30.929 INFO: Epoch 424: loss=0.0160, RMSE_E_per_atom=4.1 meV, RMSE_F=12.6 meV / A, RMSE_Mu_per_atom=1.11 mDebye
2023-11-30 20:32:33.141 INFO: Epoch 426: loss=0.0185, RMSE_E_per_atom=4.0 meV, RMSE_F=13.5 meV / A, RMSE_Mu_per_atom=1.15 mDebye
2023-11-30 20:32:35.343 INFO: Epoch 428: loss=0.0175, RMSE_E_per_atom=3.9 meV, RMSE_F=13.2 meV / A, RMSE_Mu_per_atom=1.13 mDebye
2023-11-30 20:32:37.542 INFO: Epoch 430: loss=0.0178, RMSE_E_per_atom=4.0 meV, RMSE_F=13.3 meV / A, RMSE_Mu_per_atom=1.12 mDebye
2023-11-30 20:32:39.748 INFO: Epoch 432: loss=0.0159, RMSE_E_per_atom=4.0 meV, RMSE_F=12.6 meV / A, RMSE_Mu_per_atom=1.18 mDebye
2023-11-30 20:32:41.952 INFO: Epoch 434: loss=0.0143, RMSE_E_per_atom=4.0 meV, RMSE_F=11.9 meV / A, RMSE_Mu_per_atom=1.11 mDebye
2023-11-30 20:32:44.420 INFO: Epoch 436: loss=0.0155, RMSE_E_per_atom=4.1 meV, RMSE_F=12.4 meV / A, RMSE_Mu_per_atom=1.06 mDebye
2023-11-30 20:32:46.622 INFO: Epoch 438: loss=0.0161, RMSE_E_per_atom=4.0 meV, RMSE_F=12.6 meV / A, RMSE_Mu_per_atom=1.10 mDebye
2023-11-30 20:32:48.823 INFO: Epoch 440: loss=0.0149, RMSE_E_per_atom=3.9 meV, RMSE_F=12.2 meV / A, RMSE_Mu_per_atom=1.10 mDebye
2023-11-30 20:32:51.028 INFO: Epoch 442: loss=0.0163, RMSE_E_per_atom=4.0 meV, RMSE_F=12.7 meV / A, RMSE_Mu_per_atom=1.10 mDebye
2023-11-30 20:32:53.230 INFO: Epoch 444: loss=0.0147, RMSE_E_per_atom=4.1 meV, RMSE_F=12.1 meV / A, RMSE_Mu_per_atom=1.17 mDebye
2023-11-30 20:32:55.431 INFO: Epoch 446: loss=0.0141, RMSE_E_per_atom=4.0 meV, RMSE_F=11.8 meV / A, RMSE_Mu_per_atom=1.09 mDebye
2023-11-30 20:32:57.898 INFO: Epoch 448: loss=0.0153, RMSE_E_per_atom=4.1 meV, RMSE_F=12.3 meV / A, RMSE_Mu_per_atom=1.13 mDebye
2023-11-30 20:33:00.103 INFO: Epoch 450: loss=0.0136, RMSE_E_per_atom=3.9 meV, RMSE_F=11.6 meV / A, RMSE_Mu_per_atom=1.10 mDebye
2023-11-30 20:33:02.578 INFO: Epoch 452: loss=0.0151, RMSE_E_per_atom=3.9 meV, RMSE_F=12.2 meV / A, RMSE_Mu_per_atom=1.07 mDebye
2023-11-30 20:33:04.777 INFO: Epoch 454: loss=0.0137, RMSE_E_per_atom=4.0 meV, RMSE_F=11.6 meV / A, RMSE_Mu_per_atom=1.09 mDebye
2023-11-30 20:33:06.982 INFO: Epoch 456: loss=0.0126, RMSE_E_per_atom=4.0 meV, RMSE_F=11.2 meV / A, RMSE_Mu_per_atom=1.00 mDebye
2023-11-30 20:33:09.450 INFO: Epoch 458: loss=0.0118, RMSE_E_per_atom=4.0 meV, RMSE_F=10.8 meV / A, RMSE_Mu_per_atom=1.04 mDebye
2023-11-30 20:33:11.919 INFO: Epoch 460: loss=0.0125, RMSE_E_per_atom=4.1 meV, RMSE_F=11.1 meV / A, RMSE_Mu_per_atom=1.08 mDebye
2023-11-30 20:33:14.123 INFO: Epoch 462: loss=0.0134, RMSE_E_per_atom=4.0 meV, RMSE_F=11.5 meV / A, RMSE_Mu_per_atom=0.99 mDebye
2023-11-30 20:33:16.329 INFO: Epoch 464: loss=0.0134, RMSE_E_per_atom=3.8 meV, RMSE_F=11.5 meV / A, RMSE_Mu_per_atom=1.19 mDebye
2023-11-30 20:33:18.529 INFO: Epoch 466: loss=0.0141, RMSE_E_per_atom=3.8 meV, RMSE_F=11.8 meV / A, RMSE_Mu_per_atom=1.05 mDebye
2023-11-30 20:33:20.732 INFO: Epoch 468: loss=0.0131, RMSE_E_per_atom=4.0 meV, RMSE_F=11.4 meV / A, RMSE_Mu_per_atom=1.04 mDebye
2023-11-30 20:33:22.937 INFO: Epoch 470: loss=0.0120, RMSE_E_per_atom=3.9 meV, RMSE_F=10.9 meV / A, RMSE_Mu_per_atom=1.10 mDebye
2023-11-30 20:33:25.143 INFO: Epoch 472: loss=0.0124, RMSE_E_per_atom=4.0 meV, RMSE_F=11.1 meV / A, RMSE_Mu_per_atom=0.98 mDebye
2023-11-30 20:33:27.348 INFO: Epoch 474: loss=0.0125, RMSE_E_per_atom=4.1 meV, RMSE_F=11.1 meV / A, RMSE_Mu_per_atom=1.02 mDebye
2023-11-30 20:33:29.555 INFO: Epoch 476: loss=0.0120, RMSE_E_per_atom=4.2 meV, RMSE_F=10.9 meV / A, RMSE_Mu_per_atom=0.99 mDebye
2023-11-30 20:33:31.767 INFO: Epoch 478: loss=0.0111, RMSE_E_per_atom=4.0 meV, RMSE_F=10.5 meV / A, RMSE_Mu_per_atom=0.99 mDebye
2023-11-30 20:33:34.246 INFO: Epoch 480: loss=0.0143, RMSE_E_per_atom=4.1 meV, RMSE_F=11.9 meV / A, RMSE_Mu_per_atom=0.99 mDebye
2023-11-30 20:33:36.460 INFO: Epoch 482: loss=0.0158, RMSE_E_per_atom=4.4 meV, RMSE_F=12.5 meV / A, RMSE_Mu_per_atom=1.04 mDebye
2023-11-30 20:33:38.680 INFO: Epoch 484: loss=0.0158, RMSE_E_per_atom=3.9 meV, RMSE_F=12.5 meV / A, RMSE_Mu_per_atom=1.01 mDebye
2023-11-30 20:33:40.897 INFO: Epoch 486: loss=0.0161, RMSE_E_per_atom=4.2 meV, RMSE_F=12.6 meV / A, RMSE_Mu_per_atom=1.06 mDebye
2023-11-30 20:33:43.110 INFO: Epoch 488: loss=0.0252, RMSE_E_per_atom=3.9 meV, RMSE_F=15.8 meV / A, RMSE_Mu_per_atom=0.98 mDebye
2023-11-30 20:33:45.328 INFO: Epoch 490: loss=0.0121, RMSE_E_per_atom=3.9 meV, RMSE_F=10.9 meV / A, RMSE_Mu_per_atom=1.01 mDebye
2023-11-30 20:33:47.543 INFO: Epoch 492: loss=0.0149, RMSE_E_per_atom=4.0 meV, RMSE_F=12.1 meV / A, RMSE_Mu_per_atom=0.98 mDebye
2023-11-30 20:33:49.758 INFO: Epoch 494: loss=0.0172, RMSE_E_per_atom=4.1 meV, RMSE_F=13.1 meV / A, RMSE_Mu_per_atom=1.08 mDebye
2023-11-30 20:33:51.975 INFO: Epoch 496: loss=0.0130, RMSE_E_per_atom=4.1 meV, RMSE_F=11.4 meV / A, RMSE_Mu_per_atom=0.97 mDebye
2023-11-30 20:33:54.191 INFO: Epoch 498: loss=0.0138, RMSE_E_per_atom=3.8 meV, RMSE_F=11.7 meV / A, RMSE_Mu_per_atom=1.03 mDebye
2023-11-30 20:33:56.402 INFO: Epoch 500: loss=0.0151, RMSE_E_per_atom=4.1 meV, RMSE_F=12.3 meV / A, RMSE_Mu_per_atom=0.95 mDebye
2023-11-30 20:33:58.613 INFO: Epoch 502: loss=0.0120, RMSE_E_per_atom=4.0 meV, RMSE_F=10.9 meV / A, RMSE_Mu_per_atom=0.91 mDebye
2023-11-30 20:34:00.821 INFO: Epoch 504: loss=0.0103, RMSE_E_per_atom=4.0 meV, RMSE_F=10.1 meV / A, RMSE_Mu_per_atom=1.00 mDebye
2023-11-30 20:34:03.296 INFO: Epoch 506: loss=0.0106, RMSE_E_per_atom=4.0 meV, RMSE_F=10.3 meV / A, RMSE_Mu_per_atom=0.93 mDebye
2023-11-30 20:34:05.509 INFO: Epoch 508: loss=0.0104, RMSE_E_per_atom=4.0 meV, RMSE_F=10.2 meV / A, RMSE_Mu_per_atom=0.97 mDebye
2023-11-30 20:34:07.725 INFO: Epoch 510: loss=0.0162, RMSE_E_per_atom=4.3 meV, RMSE_F=12.7 meV / A, RMSE_Mu_per_atom=0.95 mDebye
2023-11-30 20:34:09.936 INFO: Epoch 512: loss=0.0117, RMSE_E_per_atom=4.0 meV, RMSE_F=10.8 meV / A, RMSE_Mu_per_atom=0.96 mDebye
2023-11-30 20:34:12.152 INFO: Epoch 514: loss=0.0116, RMSE_E_per_atom=4.3 meV, RMSE_F=10.7 meV / A, RMSE_Mu_per_atom=0.96 mDebye
2023-11-30 20:34:14.363 INFO: Epoch 516: loss=0.0150, RMSE_E_per_atom=3.8 meV, RMSE_F=12.2 meV / A, RMSE_Mu_per_atom=1.01 mDebye
2023-11-30 20:34:16.578 INFO: Epoch 518: loss=0.0148, RMSE_E_per_atom=4.3 meV, RMSE_F=12.1 meV / A, RMSE_Mu_per_atom=0.97 mDebye
2023-11-30 20:34:18.789 INFO: Epoch 520: loss=0.0110, RMSE_E_per_atom=4.0 meV, RMSE_F=10.4 meV / A, RMSE_Mu_per_atom=0.96 mDebye
2023-11-30 20:34:21.004 INFO: Epoch 522: loss=0.0092, RMSE_E_per_atom=3.9 meV, RMSE_F=9.5 meV / A, RMSE_Mu_per_atom=0.96 mDebye
2023-11-30 20:34:23.484 INFO: Epoch 524: loss=0.0154, RMSE_E_per_atom=4.5 meV, RMSE_F=12.4 meV / A, RMSE_Mu_per_atom=0.93 mDebye
2023-11-30 20:34:25.690 INFO: Epoch 526: loss=0.0126, RMSE_E_per_atom=4.1 meV, RMSE_F=11.2 meV / A, RMSE_Mu_per_atom=0.96 mDebye
2023-11-30 20:34:27.900 INFO: Epoch 528: loss=0.0115, RMSE_E_per_atom=4.1 meV, RMSE_F=10.7 meV / A, RMSE_Mu_per_atom=0.99 mDebye
2023-11-30 20:34:30.115 INFO: Epoch 530: loss=0.0088, RMSE_E_per_atom=3.9 meV, RMSE_F=9.3 meV / A, RMSE_Mu_per_atom=0.96 mDebye
2023-11-30 20:34:32.589 INFO: Epoch 532: loss=0.0091, RMSE_E_per_atom=4.0 meV, RMSE_F=9.5 meV / A, RMSE_Mu_per_atom=0.92 mDebye
2023-11-30 20:34:34.805 INFO: Epoch 534: loss=0.0094, RMSE_E_per_atom=3.8 meV, RMSE_F=9.6 meV / A, RMSE_Mu_per_atom=0.91 mDebye
2023-11-30 20:34:37.021 INFO: Epoch 536: loss=0.0114, RMSE_E_per_atom=3.8 meV, RMSE_F=10.7 meV / A, RMSE_Mu_per_atom=0.92 mDebye
2023-11-30 20:34:39.233 INFO: Epoch 538: loss=0.0081, RMSE_E_per_atom=3.9 meV, RMSE_F=9.0 meV / A, RMSE_Mu_per_atom=0.93 mDebye
2023-11-30 20:34:41.716 INFO: Epoch 540: loss=0.0097, RMSE_E_per_atom=3.9 meV, RMSE_F=9.8 meV / A, RMSE_Mu_per_atom=0.90 mDebye
2023-11-30 20:34:43.927 INFO: Epoch 542: loss=0.0093, RMSE_E_per_atom=4.0 meV, RMSE_F=9.6 meV / A, RMSE_Mu_per_atom=0.98 mDebye
2023-11-30 20:34:46.139 INFO: Epoch 544: loss=0.0078, RMSE_E_per_atom=3.9 meV, RMSE_F=8.8 meV / A, RMSE_Mu_per_atom=0.92 mDebye
2023-11-30 20:34:48.615 INFO: Epoch 546: loss=0.0077, RMSE_E_per_atom=3.9 meV, RMSE_F=8.7 meV / A, RMSE_Mu_per_atom=0.91 mDebye
2023-11-30 20:34:51.093 INFO: Epoch 548: loss=0.0072, RMSE_E_per_atom=4.0 meV, RMSE_F=8.4 meV / A, RMSE_Mu_per_atom=0.92 mDebye
2023-11-30 20:34:53.567 INFO: Epoch 550: loss=0.0079, RMSE_E_per_atom=3.9 meV, RMSE_F=8.8 meV / A, RMSE_Mu_per_atom=0.94 mDebye
2023-11-30 20:34:55.771 INFO: Epoch 552: loss=0.0088, RMSE_E_per_atom=3.9 meV, RMSE_F=9.3 meV / A, RMSE_Mu_per_atom=0.91 mDebye
2023-11-30 20:34:57.986 INFO: Epoch 554: loss=0.0074, RMSE_E_per_atom=4.0 meV, RMSE_F=8.5 meV / A, RMSE_Mu_per_atom=0.98 mDebye
2023-11-30 20:35:00.194 INFO: Epoch 556: loss=0.0082, RMSE_E_per_atom=3.9 meV, RMSE_F=9.0 meV / A, RMSE_Mu_per_atom=0.93 mDebye
2023-11-30 20:35:02.410 INFO: Epoch 558: loss=0.0075, RMSE_E_per_atom=4.1 meV, RMSE_F=8.6 meV / A, RMSE_Mu_per_atom=0.88 mDebye
2023-11-30 20:35:04.621 INFO: Epoch 560: loss=0.0077, RMSE_E_per_atom=3.9 meV, RMSE_F=8.7 meV / A, RMSE_Mu_per_atom=0.92 mDebye
2023-11-30 20:35:06.833 INFO: Epoch 562: loss=0.0072, RMSE_E_per_atom=4.0 meV, RMSE_F=8.4 meV / A, RMSE_Mu_per_atom=0.89 mDebye
2023-11-30 20:35:09.314 INFO: Epoch 564: loss=0.0070, RMSE_E_per_atom=4.0 meV, RMSE_F=8.3 meV / A, RMSE_Mu_per_atom=0.90 mDebye
2023-11-30 20:35:11.794 INFO: Epoch 566: loss=0.0111, RMSE_E_per_atom=3.9 meV, RMSE_F=10.5 meV / A, RMSE_Mu_per_atom=0.87 mDebye
2023-11-30 20:35:14.006 INFO: Epoch 568: loss=0.0113, RMSE_E_per_atom=4.1 meV, RMSE_F=10.6 meV / A, RMSE_Mu_per_atom=0.90 mDebye
2023-11-30 20:35:16.219 INFO: Epoch 570: loss=0.0085, RMSE_E_per_atom=3.9 meV, RMSE_F=9.2 meV / A, RMSE_Mu_per_atom=0.91 mDebye
2023-11-30 20:35:18.434 INFO: Epoch 572: loss=0.0066, RMSE_E_per_atom=3.9 meV, RMSE_F=8.1 meV / A, RMSE_Mu_per_atom=0.90 mDebye
2023-11-30 20:35:20.912 INFO: Epoch 574: loss=0.0072, RMSE_E_per_atom=4.0 meV, RMSE_F=8.4 meV / A, RMSE_Mu_per_atom=0.90 mDebye
2023-11-30 20:35:23.125 INFO: Epoch 576: loss=0.0064, RMSE_E_per_atom=3.9 meV, RMSE_F=7.9 meV / A, RMSE_Mu_per_atom=0.94 mDebye
2023-11-30 20:35:25.605 INFO: Epoch 578: loss=0.0066, RMSE_E_per_atom=3.9 meV, RMSE_F=8.1 meV / A, RMSE_Mu_per_atom=0.85 mDebye
2023-11-30 20:35:27.814 INFO: Epoch 580: loss=0.0060, RMSE_E_per_atom=3.9 meV, RMSE_F=7.7 meV / A, RMSE_Mu_per_atom=0.90 mDebye
2023-11-30 20:35:30.289 INFO: Epoch 582: loss=0.0066, RMSE_E_per_atom=3.9 meV, RMSE_F=8.1 meV / A, RMSE_Mu_per_atom=0.93 mDebye
2023-11-30 20:35:32.500 INFO: Epoch 584: loss=0.0065, RMSE_E_per_atom=3.9 meV, RMSE_F=8.0 meV / A, RMSE_Mu_per_atom=0.88 mDebye
2023-11-30 20:35:34.708 INFO: Epoch 586: loss=0.0059, RMSE_E_per_atom=3.9 meV, RMSE_F=7.6 meV / A, RMSE_Mu_per_atom=0.87 mDebye
2023-11-30 20:35:37.187 INFO: Epoch 588: loss=0.0059, RMSE_E_per_atom=3.9 meV, RMSE_F=7.6 meV / A, RMSE_Mu_per_atom=0.92 mDebye
2023-11-30 20:35:39.661 INFO: Epoch 590: loss=0.0057, RMSE_E_per_atom=3.9 meV, RMSE_F=7.5 meV / A, RMSE_Mu_per_atom=0.83 mDebye
2023-11-30 20:35:42.136 INFO: Epoch 592: loss=0.0061, RMSE_E_per_atom=3.9 meV, RMSE_F=7.7 meV / A, RMSE_Mu_per_atom=0.85 mDebye
2023-11-30 20:35:44.344 INFO: Epoch 594: loss=0.0062, RMSE_E_per_atom=4.0 meV, RMSE_F=7.8 meV / A, RMSE_Mu_per_atom=0.87 mDebye
2023-11-30 20:35:46.554 INFO: Epoch 596: loss=0.0065, RMSE_E_per_atom=3.9 meV, RMSE_F=8.0 meV / A, RMSE_Mu_per_atom=0.84 mDebye
2023-11-30 20:35:48.766 INFO: Epoch 598: loss=0.0061, RMSE_E_per_atom=3.9 meV, RMSE_F=7.8 meV / A, RMSE_Mu_per_atom=0.91 mDebye
2023-11-30 20:35:50.980 INFO: Epoch 600: loss=0.0065, RMSE_E_per_atom=3.9 meV, RMSE_F=8.0 meV / A, RMSE_Mu_per_atom=0.89 mDebye
2023-11-30 20:35:53.193 INFO: Epoch 602: loss=0.0058, RMSE_E_per_atom=4.0 meV, RMSE_F=7.6 meV / A, RMSE_Mu_per_atom=0.92 mDebye
2023-11-30 20:35:55.406 INFO: Epoch 604: loss=0.0062, RMSE_E_per_atom=3.9 meV, RMSE_F=7.8 meV / A, RMSE_Mu_per_atom=0.91 mDebye
2023-11-30 20:35:57.618 INFO: Epoch 606: loss=0.0060, RMSE_E_per_atom=4.0 meV, RMSE_F=7.7 meV / A, RMSE_Mu_per_atom=0.88 mDebye
2023-11-30 20:35:59.824 INFO: Epoch 608: loss=0.0065, RMSE_E_per_atom=3.9 meV, RMSE_F=8.0 meV / A, RMSE_Mu_per_atom=0.86 mDebye
2023-11-30 20:36:02.037 INFO: Epoch 610: loss=0.0059, RMSE_E_per_atom=3.8 meV, RMSE_F=7.7 meV / A, RMSE_Mu_per_atom=0.84 mDebye
2023-11-30 20:36:04.250 INFO: Epoch 612: loss=0.0077, RMSE_E_per_atom=3.8 meV, RMSE_F=8.7 meV / A, RMSE_Mu_per_atom=0.85 mDebye
2023-11-30 20:36:06.464 INFO: Epoch 614: loss=0.0066, RMSE_E_per_atom=4.0 meV, RMSE_F=8.1 meV / A, RMSE_Mu_per_atom=0.88 mDebye
2023-11-30 20:36:08.678 INFO: Epoch 616: loss=0.0062, RMSE_E_per_atom=3.9 meV, RMSE_F=7.8 meV / A, RMSE_Mu_per_atom=0.89 mDebye
2023-11-30 20:36:10.887 INFO: Epoch 618: loss=0.0056, RMSE_E_per_atom=3.9 meV, RMSE_F=7.4 meV / A, RMSE_Mu_per_atom=0.87 mDebye
2023-11-30 20:36:13.365 INFO: Epoch 620: loss=0.0055, RMSE_E_per_atom=3.8 meV, RMSE_F=7.3 meV / A, RMSE_Mu_per_atom=0.84 mDebye
2023-11-30 20:36:15.844 INFO: Epoch 622: loss=0.0053, RMSE_E_per_atom=3.9 meV, RMSE_F=7.2 meV / A, RMSE_Mu_per_atom=0.94 mDebye
2023-11-30 20:36:18.327 INFO: Epoch 624: loss=0.0050, RMSE_E_per_atom=4.0 meV, RMSE_F=7.0 meV / A, RMSE_Mu_per_atom=0.87 mDebye
2023-11-30 20:36:20.805 INFO: Epoch 626: loss=0.0055, RMSE_E_per_atom=3.9 meV, RMSE_F=7.3 meV / A, RMSE_Mu_per_atom=0.83 mDebye
2023-11-30 20:36:23.021 INFO: Epoch 628: loss=0.0063, RMSE_E_per_atom=4.0 meV, RMSE_F=7.9 meV / A, RMSE_Mu_per_atom=0.85 mDebye
2023-11-30 20:36:25.234 INFO: Epoch 630: loss=0.0069, RMSE_E_per_atom=3.8 meV, RMSE_F=8.2 meV / A, RMSE_Mu_per_atom=0.87 mDebye
2023-11-30 20:36:27.447 INFO: Epoch 632: loss=0.0082, RMSE_E_per_atom=3.7 meV, RMSE_F=9.0 meV / A, RMSE_Mu_per_atom=0.83 mDebye
2023-11-30 20:36:29.658 INFO: Epoch 634: loss=0.0054, RMSE_E_per_atom=3.9 meV, RMSE_F=7.3 meV / A, RMSE_Mu_per_atom=0.85 mDebye
2023-11-30 20:36:31.873 INFO: Epoch 636: loss=0.0062, RMSE_E_per_atom=3.9 meV, RMSE_F=7.8 meV / A, RMSE_Mu_per_atom=0.90 mDebye
2023-11-30 20:36:34.083 INFO: Epoch 638: loss=0.0055, RMSE_E_per_atom=3.8 meV, RMSE_F=7.4 meV / A, RMSE_Mu_per_atom=0.81 mDebye
2023-11-30 20:36:36.296 INFO: Epoch 640: loss=0.0074, RMSE_E_per_atom=4.0 meV, RMSE_F=8.6 meV / A, RMSE_Mu_per_atom=0.90 mDebye
2023-11-30 20:36:38.507 INFO: Epoch 642: loss=0.0133, RMSE_E_per_atom=3.7 meV, RMSE_F=11.5 meV / A, RMSE_Mu_per_atom=0.85 mDebye
2023-11-30 20:36:40.721 INFO: Epoch 644: loss=0.0091, RMSE_E_per_atom=3.9 meV, RMSE_F=9.5 meV / A, RMSE_Mu_per_atom=0.88 mDebye
2023-11-30 20:36:42.936 INFO: Epoch 646: loss=0.0085, RMSE_E_per_atom=3.9 meV, RMSE_F=9.2 meV / A, RMSE_Mu_per_atom=0.90 mDebye
2023-11-30 20:36:45.142 INFO: Epoch 648: loss=0.0054, RMSE_E_per_atom=3.8 meV, RMSE_F=7.3 meV / A, RMSE_Mu_per_atom=0.88 mDebye
2023-11-30 20:36:47.358 INFO: Epoch 650: loss=0.0075, RMSE_E_per_atom=3.8 meV, RMSE_F=8.6 meV / A, RMSE_Mu_per_atom=0.79 mDebye
2023-11-30 20:36:49.569 INFO: Epoch 652: loss=0.0063, RMSE_E_per_atom=3.9 meV, RMSE_F=7.9 meV / A, RMSE_Mu_per_atom=0.81 mDebye
2023-11-30 20:36:51.783 INFO: Epoch 654: loss=0.0129, RMSE_E_per_atom=4.1 meV, RMSE_F=11.3 meV / A, RMSE_Mu_per_atom=0.86 mDebye
2023-11-30 20:36:53.995 INFO: Epoch 656: loss=0.0282, RMSE_E_per_atom=5.9 meV, RMSE_F=16.7 meV / A, RMSE_Mu_per_atom=1.02 mDebye
2023-11-30 20:36:56.208 INFO: Epoch 658: loss=0.0514, RMSE_E_per_atom=5.5 meV, RMSE_F=22.7 meV / A, RMSE_Mu_per_atom=0.81 mDebye
2023-11-30 20:36:58.417 INFO: Epoch 660: loss=0.0433, RMSE_E_per_atom=5.1 meV, RMSE_F=20.8 meV / A, RMSE_Mu_per_atom=0.84 mDebye
2023-11-30 20:37:00.630 INFO: Epoch 662: loss=0.0478, RMSE_E_per_atom=5.1 meV, RMSE_F=21.8 meV / A, RMSE_Mu_per_atom=0.85 mDebye
2023-11-30 20:37:02.844 INFO: Epoch 664: loss=0.0176, RMSE_E_per_atom=4.1 meV, RMSE_F=13.2 meV / A, RMSE_Mu_per_atom=0.93 mDebye
2023-11-30 20:37:05.060 INFO: Epoch 666: loss=0.0263, RMSE_E_per_atom=3.8 meV, RMSE_F=16.2 meV / A, RMSE_Mu_per_atom=0.87 mDebye
2023-11-30 20:37:07.275 INFO: Epoch 668: loss=0.0155, RMSE_E_per_atom=3.5 meV, RMSE_F=12.4 meV / A, RMSE_Mu_per_atom=0.95 mDebye
2023-11-30 20:37:09.487 INFO: Epoch 670: loss=0.0106, RMSE_E_per_atom=4.2 meV, RMSE_F=10.2 meV / A, RMSE_Mu_per_atom=0.87 mDebye
2023-11-30 20:37:11.699 INFO: Epoch 672: loss=0.0146, RMSE_E_per_atom=4.0 meV, RMSE_F=12.0 meV / A, RMSE_Mu_per_atom=0.79 mDebye
2023-11-30 20:37:13.908 INFO: Epoch 674: loss=0.0069, RMSE_E_per_atom=4.5 meV, RMSE_F=8.2 meV / A, RMSE_Mu_per_atom=0.81 mDebye
2023-11-30 20:37:16.121 INFO: Epoch 676: loss=0.0064, RMSE_E_per_atom=3.7 meV, RMSE_F=7.9 meV / A, RMSE_Mu_per_atom=0.84 mDebye
2023-11-30 20:37:18.327 INFO: Epoch 678: loss=0.0048, RMSE_E_per_atom=3.9 meV, RMSE_F=6.8 meV / A, RMSE_Mu_per_atom=0.83 mDebye
2023-11-30 20:37:20.806 INFO: Epoch 680: loss=0.0044, RMSE_E_per_atom=3.9 meV, RMSE_F=6.6 meV / A, RMSE_Mu_per_atom=0.80 mDebye
2023-11-30 20:37:23.284 INFO: Epoch 682: loss=0.0042, RMSE_E_per_atom=3.9 meV, RMSE_F=6.4 meV / A, RMSE_Mu_per_atom=0.85 mDebye
2023-11-30 20:37:25.760 INFO: Epoch 684: loss=0.0040, RMSE_E_per_atom=3.8 meV, RMSE_F=6.3 meV / A, RMSE_Mu_per_atom=0.82 mDebye
2023-11-30 20:37:28.239 INFO: Epoch 686: loss=0.0041, RMSE_E_per_atom=3.9 meV, RMSE_F=6.4 meV / A, RMSE_Mu_per_atom=0.81 mDebye
2023-11-30 20:37:30.450 INFO: Epoch 688: loss=0.0040, RMSE_E_per_atom=3.8 meV, RMSE_F=6.2 meV / A, RMSE_Mu_per_atom=0.86 mDebye
2023-11-30 20:37:32.925 INFO: Epoch 690: loss=0.0041, RMSE_E_per_atom=3.8 meV, RMSE_F=6.3 meV / A, RMSE_Mu_per_atom=0.81 mDebye
2023-11-30 20:37:35.134 INFO: Epoch 692: loss=0.0040, RMSE_E_per_atom=3.9 meV, RMSE_F=6.2 meV / A, RMSE_Mu_per_atom=0.81 mDebye
2023-11-30 20:37:37.612 INFO: Epoch 694: loss=0.0040, RMSE_E_per_atom=3.8 meV, RMSE_F=6.2 meV / A, RMSE_Mu_per_atom=0.82 mDebye
2023-11-30 20:37:39.821 INFO: Epoch 696: loss=0.0042, RMSE_E_per_atom=3.9 meV, RMSE_F=6.4 meV / A, RMSE_Mu_per_atom=0.81 mDebye
2023-11-30 20:37:42.032 INFO: Epoch 698: loss=0.0041, RMSE_E_per_atom=3.9 meV, RMSE_F=6.3 meV / A, RMSE_Mu_per_atom=0.82 mDebye
2023-11-30 20:37:44.242 INFO: Epoch 700: loss=0.0039, RMSE_E_per_atom=3.8 meV, RMSE_F=6.2 meV / A, RMSE_Mu_per_atom=0.86 mDebye
2023-11-30 20:37:46.720 INFO: Epoch 702: loss=0.0039, RMSE_E_per_atom=3.8 meV, RMSE_F=6.2 meV / A, RMSE_Mu_per_atom=0.79 mDebye
2023-11-30 20:37:49.202 INFO: Epoch 704: loss=0.0037, RMSE_E_per_atom=3.9 meV, RMSE_F=6.0 meV / A, RMSE_Mu_per_atom=0.85 mDebye
2023-11-30 20:37:51.683 INFO: Epoch 706: loss=0.0040, RMSE_E_per_atom=3.9 meV, RMSE_F=6.2 meV / A, RMSE_Mu_per_atom=0.86 mDebye
2023-11-30 20:37:53.893 INFO: Epoch 708: loss=0.0040, RMSE_E_per_atom=3.9 meV, RMSE_F=6.2 meV / A, RMSE_Mu_per_atom=0.83 mDebye
2023-11-30 20:37:56.110 INFO: Epoch 710: loss=0.0041, RMSE_E_per_atom=3.8 meV, RMSE_F=6.3 meV / A, RMSE_Mu_per_atom=0.86 mDebye
2023-11-30 20:37:58.324 INFO: Epoch 712: loss=0.0038, RMSE_E_per_atom=3.9 meV, RMSE_F=6.1 meV / A, RMSE_Mu_per_atom=0.81 mDebye
2023-11-30 20:38:00.540 INFO: Epoch 714: loss=0.0036, RMSE_E_per_atom=3.8 meV, RMSE_F=6.0 meV / A, RMSE_Mu_per_atom=0.81 mDebye
2023-11-30 20:38:03.022 INFO: Epoch 716: loss=0.0037, RMSE_E_per_atom=3.9 meV, RMSE_F=6.1 meV / A, RMSE_Mu_per_atom=0.79 mDebye
2023-11-30 20:38:05.237 INFO: Epoch 718: loss=0.0038, RMSE_E_per_atom=3.9 meV, RMSE_F=6.1 meV / A, RMSE_Mu_per_atom=0.81 mDebye
2023-11-30 20:38:07.452 INFO: Epoch 720: loss=0.0037, RMSE_E_per_atom=3.9 meV, RMSE_F=6.1 meV / A, RMSE_Mu_per_atom=0.80 mDebye
2023-11-30 20:38:09.661 INFO: Epoch 722: loss=0.0037, RMSE_E_per_atom=3.9 meV, RMSE_F=6.0 meV / A, RMSE_Mu_per_atom=0.85 mDebye
2023-11-30 20:38:11.870 INFO: Epoch 724: loss=0.0036, RMSE_E_per_atom=3.9 meV, RMSE_F=6.0 meV / A, RMSE_Mu_per_atom=0.80 mDebye
2023-11-30 20:38:14.346 INFO: Epoch 726: loss=0.0036, RMSE_E_per_atom=3.9 meV, RMSE_F=5.9 meV / A, RMSE_Mu_per_atom=0.82 mDebye
2023-11-30 20:38:16.821 INFO: Epoch 728: loss=0.0035, RMSE_E_per_atom=3.9 meV, RMSE_F=5.9 meV / A, RMSE_Mu_per_atom=0.84 mDebye
2023-11-30 20:38:19.301 INFO: Epoch 730: loss=0.0036, RMSE_E_per_atom=3.9 meV, RMSE_F=5.9 meV / A, RMSE_Mu_per_atom=0.83 mDebye
2023-11-30 20:38:21.509 INFO: Epoch 732: loss=0.0036, RMSE_E_per_atom=3.8 meV, RMSE_F=5.9 meV / A, RMSE_Mu_per_atom=0.80 mDebye
2023-11-30 20:38:23.723 INFO: Epoch 734: loss=0.0035, RMSE_E_per_atom=3.9 meV, RMSE_F=5.9 meV / A, RMSE_Mu_per_atom=0.81 mDebye
2023-11-30 20:38:26.197 INFO: Epoch 736: loss=0.0035, RMSE_E_per_atom=3.8 meV, RMSE_F=5.9 meV / A, RMSE_Mu_per_atom=0.80 mDebye
2023-11-30 20:38:28.675 INFO: Epoch 738: loss=0.0035, RMSE_E_per_atom=3.9 meV, RMSE_F=5.8 meV / A, RMSE_Mu_per_atom=0.80 mDebye
2023-11-30 20:38:31.154 INFO: Epoch 740: loss=0.0035, RMSE_E_per_atom=3.8 meV, RMSE_F=5.9 meV / A, RMSE_Mu_per_atom=0.81 mDebye
2023-11-30 20:38:33.363 INFO: Epoch 742: loss=0.0033, RMSE_E_per_atom=3.8 meV, RMSE_F=5.7 meV / A, RMSE_Mu_per_atom=0.85 mDebye
2023-11-30 20:38:35.840 INFO: Epoch 744: loss=0.0034, RMSE_E_per_atom=3.9 meV, RMSE_F=5.7 meV / A, RMSE_Mu_per_atom=0.80 mDebye
2023-11-30 20:38:38.056 INFO: Epoch 746: loss=0.0033, RMSE_E_per_atom=3.8 meV, RMSE_F=5.7 meV / A, RMSE_Mu_per_atom=0.85 mDebye
2023-11-30 20:38:40.526 INFO: Epoch 748: loss=0.0034, RMSE_E_per_atom=3.9 meV, RMSE_F=5.8 meV / A, RMSE_Mu_per_atom=0.81 mDebye
2023-11-30 20:38:42.737 INFO: Epoch 750: loss=0.0035, RMSE_E_per_atom=3.8 meV, RMSE_F=5.8 meV / A, RMSE_Mu_per_atom=0.84 mDebye
2023-11-30 20:38:44.946 INFO: Epoch 752: loss=0.0033, RMSE_E_per_atom=3.9 meV, RMSE_F=5.7 meV / A, RMSE_Mu_per_atom=0.78 mDebye
2023-11-30 20:38:47.155 INFO: Epoch 754: loss=0.0033, RMSE_E_per_atom=3.8 meV, RMSE_F=5.7 meV / A, RMSE_Mu_per_atom=0.81 mDebye
2023-11-30 20:38:49.628 INFO: Epoch 756: loss=0.0033, RMSE_E_per_atom=3.9 meV, RMSE_F=5.6 meV / A, RMSE_Mu_per_atom=0.82 mDebye
2023-11-30 20:38:52.105 INFO: Epoch 758: loss=0.0033, RMSE_E_per_atom=3.9 meV, RMSE_F=5.7 meV / A, RMSE_Mu_per_atom=0.80 mDebye
2023-11-30 20:38:54.318 INFO: Epoch 760: loss=0.0032, RMSE_E_per_atom=3.8 meV, RMSE_F=5.6 meV / A, RMSE_Mu_per_atom=0.85 mDebye
2023-11-30 20:38:56.797 INFO: Epoch 762: loss=0.0031, RMSE_E_per_atom=3.8 meV, RMSE_F=5.5 meV / A, RMSE_Mu_per_atom=0.80 mDebye
2023-11-30 20:38:59.277 INFO: Epoch 764: loss=0.0033, RMSE_E_per_atom=3.8 meV, RMSE_F=5.7 meV / A, RMSE_Mu_per_atom=0.79 mDebye
2023-11-30 20:39:01.491 INFO: Epoch 766: loss=0.0031, RMSE_E_per_atom=3.8 meV, RMSE_F=5.5 meV / A, RMSE_Mu_per_atom=0.77 mDebye
2023-11-30 20:39:03.708 INFO: Epoch 768: loss=0.0034, RMSE_E_per_atom=3.9 meV, RMSE_F=5.8 meV / A, RMSE_Mu_per_atom=0.87 mDebye
2023-11-30 20:39:05.926 INFO: Epoch 770: loss=0.0032, RMSE_E_per_atom=3.8 meV, RMSE_F=5.6 meV / A, RMSE_Mu_per_atom=0.79 mDebye
2023-11-30 20:39:08.135 INFO: Epoch 772: loss=0.0032, RMSE_E_per_atom=3.8 meV, RMSE_F=5.6 meV / A, RMSE_Mu_per_atom=0.78 mDebye
2023-11-30 20:39:10.347 INFO: Epoch 774: loss=0.0031, RMSE_E_per_atom=3.8 meV, RMSE_F=5.5 meV / A, RMSE_Mu_per_atom=0.81 mDebye
2023-11-30 20:39:12.564 INFO: Epoch 776: loss=0.0031, RMSE_E_per_atom=3.8 meV, RMSE_F=5.5 meV / A, RMSE_Mu_per_atom=0.80 mDebye
2023-11-30 20:39:15.042 INFO: Epoch 778: loss=0.0032, RMSE_E_per_atom=3.8 meV, RMSE_F=5.6 meV / A, RMSE_Mu_per_atom=0.78 mDebye
2023-11-30 20:39:17.258 INFO: Epoch 780: loss=0.0033, RMSE_E_per_atom=3.8 meV, RMSE_F=5.6 meV / A, RMSE_Mu_per_atom=0.82 mDebye
2023-11-30 20:39:19.470 INFO: Epoch 782: loss=0.0031, RMSE_E_per_atom=3.9 meV, RMSE_F=5.5 meV / A, RMSE_Mu_per_atom=0.78 mDebye
2023-11-30 20:39:21.946 INFO: Epoch 784: loss=0.0030, RMSE_E_per_atom=3.8 meV, RMSE_F=5.4 meV / A, RMSE_Mu_per_atom=0.77 mDebye
2023-11-30 20:39:24.423 INFO: Epoch 786: loss=0.0031, RMSE_E_per_atom=3.8 meV, RMSE_F=5.5 meV / A, RMSE_Mu_per_atom=0.78 mDebye
2023-11-30 20:39:26.637 INFO: Epoch 788: loss=0.0030, RMSE_E_per_atom=3.8 meV, RMSE_F=5.4 meV / A, RMSE_Mu_per_atom=0.79 mDebye
2023-11-30 20:39:28.847 INFO: Epoch 790: loss=0.0030, RMSE_E_per_atom=3.8 meV, RMSE_F=5.4 meV / A, RMSE_Mu_per_atom=0.81 mDebye
2023-11-30 20:39:31.060 INFO: Epoch 792: loss=0.0031, RMSE_E_per_atom=3.8 meV, RMSE_F=5.5 meV / A, RMSE_Mu_per_atom=0.74 mDebye
2023-11-30 20:39:33.272 INFO: Epoch 794: loss=0.0030, RMSE_E_per_atom=3.8 meV, RMSE_F=5.4 meV / A, RMSE_Mu_per_atom=0.80 mDebye
2023-11-30 20:39:35.748 INFO: Epoch 796: loss=0.0030, RMSE_E_per_atom=3.8 meV, RMSE_F=5.4 meV / A, RMSE_Mu_per_atom=0.82 mDebye
2023-11-30 20:39:38.223 INFO: Epoch 798: loss=0.0029, RMSE_E_per_atom=3.8 meV, RMSE_F=5.3 meV / A, RMSE_Mu_per_atom=0.83 mDebye
2023-11-30 20:39:39.581 INFO: Changing loss based on SWA
2023-11-30 20:39:40.702 INFO: Epoch 800: loss=0.0170, RMSE_E_per_atom=3.7 meV, RMSE_F=6.0 meV / A, RMSE_Mu_per_atom=0.78 mDebye
2023-11-30 20:39:43.186 INFO: Epoch 802: loss=0.0198, RMSE_E_per_atom=4.0 meV, RMSE_F=6.1 meV / A, RMSE_Mu_per_atom=0.78 mDebye
2023-11-30 20:39:45.404 INFO: Epoch 804: loss=0.0161, RMSE_E_per_atom=3.5 meV, RMSE_F=5.9 meV / A, RMSE_Mu_per_atom=0.79 mDebye
2023-11-30 20:39:47.888 INFO: Epoch 806: loss=0.0151, RMSE_E_per_atom=3.4 meV, RMSE_F=5.9 meV / A, RMSE_Mu_per_atom=0.79 mDebye
2023-11-30 20:39:50.368 INFO: Epoch 808: loss=0.0154, RMSE_E_per_atom=3.4 meV, RMSE_F=6.0 meV / A, RMSE_Mu_per_atom=0.78 mDebye
2023-11-30 20:39:52.591 INFO: Epoch 810: loss=0.0151, RMSE_E_per_atom=3.4 meV, RMSE_F=5.8 meV / A, RMSE_Mu_per_atom=0.78 mDebye
2023-11-30 20:39:55.071 INFO: Epoch 812: loss=0.0153, RMSE_E_per_atom=3.4 meV, RMSE_F=5.9 meV / A, RMSE_Mu_per_atom=0.79 mDebye
2023-11-30 20:39:57.293 INFO: Epoch 814: loss=0.0146, RMSE_E_per_atom=3.3 meV, RMSE_F=6.2 meV / A, RMSE_Mu_per_atom=0.80 mDebye
2023-11-30 20:39:59.781 INFO: Epoch 816: loss=0.0145, RMSE_E_per_atom=3.3 meV, RMSE_F=5.9 meV / A, RMSE_Mu_per_atom=0.79 mDebye
2023-11-30 20:40:02.261 INFO: Epoch 818: loss=0.0183, RMSE_E_per_atom=3.8 meV, RMSE_F=6.3 meV / A, RMSE_Mu_per_atom=0.79 mDebye
2023-11-30 20:40:04.481 INFO: Epoch 820: loss=0.0144, RMSE_E_per_atom=3.3 meV, RMSE_F=6.0 meV / A, RMSE_Mu_per_atom=0.80 mDebye
2023-11-30 20:40:06.967 INFO: Epoch 822: loss=0.0214, RMSE_E_per_atom=4.1 meV, RMSE_F=6.7 meV / A, RMSE_Mu_per_atom=0.80 mDebye
2023-11-30 20:40:09.186 INFO: Epoch 824: loss=0.0146, RMSE_E_per_atom=3.3 meV, RMSE_F=6.0 meV / A, RMSE_Mu_per_atom=0.80 mDebye
2023-11-30 20:40:11.405 INFO: Epoch 826: loss=0.0166, RMSE_E_per_atom=3.6 meV, RMSE_F=6.3 meV / A, RMSE_Mu_per_atom=0.80 mDebye
2023-11-30 20:40:13.620 INFO: Epoch 828: loss=0.0143, RMSE_E_per_atom=3.2 meV, RMSE_F=6.1 meV / A, RMSE_Mu_per_atom=0.79 mDebye
2023-11-30 20:40:16.106 INFO: Epoch 830: loss=0.0190, RMSE_E_per_atom=3.9 meV, RMSE_F=6.3 meV / A, RMSE_Mu_per_atom=0.80 mDebye
2023-11-30 20:40:18.328 INFO: Epoch 832: loss=0.0183, RMSE_E_per_atom=3.8 meV, RMSE_F=6.0 meV / A, RMSE_Mu_per_atom=0.80 mDebye
2023-11-30 20:40:20.544 INFO: Epoch 834: loss=0.0147, RMSE_E_per_atom=3.3 meV, RMSE_F=6.1 meV / A, RMSE_Mu_per_atom=0.79 mDebye
2023-11-30 20:40:22.765 INFO: Epoch 836: loss=0.0144, RMSE_E_per_atom=3.3 meV, RMSE_F=6.0 meV / A, RMSE_Mu_per_atom=0.80 mDebye
2023-11-30 20:40:24.986 INFO: Epoch 838: loss=0.0137, RMSE_E_per_atom=3.2 meV, RMSE_F=6.0 meV / A, RMSE_Mu_per_atom=0.80 mDebye
2023-11-30 20:40:27.467 INFO: Epoch 840: loss=0.0154, RMSE_E_per_atom=3.4 meV, RMSE_F=5.9 meV / A, RMSE_Mu_per_atom=0.80 mDebye
2023-11-30 20:40:29.686 INFO: Epoch 842: loss=0.0282, RMSE_E_per_atom=4.8 meV, RMSE_F=7.3 meV / A, RMSE_Mu_per_atom=0.80 mDebye
2023-11-30 20:40:31.903 INFO: Epoch 844: loss=0.0144, RMSE_E_per_atom=3.3 meV, RMSE_F=6.0 meV / A, RMSE_Mu_per_atom=0.79 mDebye
2023-11-30 20:40:34.118 INFO: Epoch 846: loss=0.0183, RMSE_E_per_atom=3.8 meV, RMSE_F=6.4 meV / A, RMSE_Mu_per_atom=0.80 mDebye
2023-11-30 20:40:36.334 INFO: Epoch 848: loss=0.0135, RMSE_E_per_atom=3.2 meV, RMSE_F=5.9 meV / A, RMSE_Mu_per_atom=0.80 mDebye
2023-11-30 20:40:38.819 INFO: Epoch 850: loss=0.0135, RMSE_E_per_atom=3.1 meV, RMSE_F=6.0 meV / A, RMSE_Mu_per_atom=0.81 mDebye
2023-11-30 20:40:41.301 INFO: Epoch 852: loss=0.0141, RMSE_E_per_atom=3.2 meV, RMSE_F=6.0 meV / A, RMSE_Mu_per_atom=0.80 mDebye
2023-11-30 20:40:43.522 INFO: Epoch 854: loss=0.0146, RMSE_E_per_atom=3.2 meV, RMSE_F=6.3 meV / A, RMSE_Mu_per_atom=0.80 mDebye
2023-11-30 20:40:45.738 INFO: Epoch 856: loss=0.0148, RMSE_E_per_atom=3.3 meV, RMSE_F=6.1 meV / A, RMSE_Mu_per_atom=0.80 mDebye
2023-11-30 20:40:47.961 INFO: Epoch 858: loss=0.0242, RMSE_E_per_atom=4.5 meV, RMSE_F=6.6 meV / A, RMSE_Mu_per_atom=0.79 mDebye
2023-11-30 20:40:50.179 INFO: Epoch 860: loss=0.0145, RMSE_E_per_atom=3.3 meV, RMSE_F=5.9 meV / A, RMSE_Mu_per_atom=0.80 mDebye
2023-11-30 20:40:52.397 INFO: Epoch 862: loss=0.0161, RMSE_E_per_atom=3.5 meV, RMSE_F=6.1 meV / A, RMSE_Mu_per_atom=0.79 mDebye
2023-11-30 20:40:54.615 INFO: Epoch 864: loss=0.0169, RMSE_E_per_atom=3.6 meV, RMSE_F=6.3 meV / A, RMSE_Mu_per_atom=0.80 mDebye
2023-11-30 20:40:56.838 INFO: Epoch 866: loss=0.0139, RMSE_E_per_atom=3.2 meV, RMSE_F=6.0 meV / A, RMSE_Mu_per_atom=0.80 mDebye
2023-11-30 20:40:59.054 INFO: Epoch 868: loss=0.0136, RMSE_E_per_atom=3.1 meV, RMSE_F=6.1 meV / A, RMSE_Mu_per_atom=0.80 mDebye
2023-11-30 20:41:01.272 INFO: Epoch 870: loss=0.0134, RMSE_E_per_atom=3.1 meV, RMSE_F=6.0 meV / A, RMSE_Mu_per_atom=0.79 mDebye
2023-11-30 20:41:03.754 INFO: Epoch 872: loss=0.0157, RMSE_E_per_atom=3.5 meV, RMSE_F=6.1 meV / A, RMSE_Mu_per_atom=0.80 mDebye
2023-11-30 20:41:05.972 INFO: Epoch 874: loss=0.0138, RMSE_E_per_atom=3.2 meV, RMSE_F=6.0 meV / A, RMSE_Mu_per_atom=0.80 mDebye
2023-11-30 20:41:08.183 INFO: Epoch 876: loss=0.0130, RMSE_E_per_atom=3.0 meV, RMSE_F=6.0 meV / A, RMSE_Mu_per_atom=0.80 mDebye
2023-11-30 20:41:10.662 INFO: Epoch 878: loss=0.0136, RMSE_E_per_atom=3.1 meV, RMSE_F=6.2 meV / A, RMSE_Mu_per_atom=0.80 mDebye
2023-11-30 20:41:12.880 INFO: Epoch 880: loss=0.0169, RMSE_E_per_atom=3.6 meV, RMSE_F=6.2 meV / A, RMSE_Mu_per_atom=0.81 mDebye
2023-11-30 20:41:15.093 INFO: Epoch 882: loss=0.0130, RMSE_E_per_atom=3.1 meV, RMSE_F=5.9 meV / A, RMSE_Mu_per_atom=0.80 mDebye
2023-11-30 20:41:17.315 INFO: Epoch 884: loss=0.0130, RMSE_E_per_atom=3.0 meV, RMSE_F=6.0 meV / A, RMSE_Mu_per_atom=0.80 mDebye
2023-11-30 20:41:19.794 INFO: Epoch 886: loss=0.0142, RMSE_E_per_atom=3.3 meV, RMSE_F=6.0 meV / A, RMSE_Mu_per_atom=0.80 mDebye
2023-11-30 20:41:22.008 INFO: Epoch 888: loss=0.0182, RMSE_E_per_atom=3.7 meV, RMSE_F=6.5 meV / A, RMSE_Mu_per_atom=0.79 mDebye
2023-11-30 20:41:24.221 INFO: Epoch 890: loss=0.0143, RMSE_E_per_atom=3.2 meV, RMSE_F=6.2 meV / A, RMSE_Mu_per_atom=0.81 mDebye
2023-11-30 20:41:26.436 INFO: Epoch 892: loss=0.0132, RMSE_E_per_atom=3.1 meV, RMSE_F=6.1 meV / A, RMSE_Mu_per_atom=0.80 mDebye
2023-11-30 20:41:28.651 INFO: Epoch 894: loss=0.0126, RMSE_E_per_atom=3.0 meV, RMSE_F=6.0 meV / A, RMSE_Mu_per_atom=0.80 mDebye
2023-11-30 20:41:31.133 INFO: Epoch 896: loss=0.0126, RMSE_E_per_atom=3.0 meV, RMSE_F=6.0 meV / A, RMSE_Mu_per_atom=0.80 mDebye
2023-11-30 20:41:33.353 INFO: Epoch 898: loss=0.0127, RMSE_E_per_atom=3.0 meV, RMSE_F=6.0 meV / A, RMSE_Mu_per_atom=0.80 mDebye
2023-11-30 20:41:35.562 INFO: Epoch 900: loss=0.0128, RMSE_E_per_atom=3.0 meV, RMSE_F=6.0 meV / A, RMSE_Mu_per_atom=0.79 mDebye
2023-11-30 20:41:37.780 INFO: Epoch 902: loss=0.0137, RMSE_E_per_atom=3.2 meV, RMSE_F=6.0 meV / A, RMSE_Mu_per_atom=0.81 mDebye
2023-11-30 20:41:39.997 INFO: Epoch 904: loss=0.0126, RMSE_E_per_atom=3.0 meV, RMSE_F=5.9 meV / A, RMSE_Mu_per_atom=0.81 mDebye
2023-11-30 20:41:42.215 INFO: Epoch 906: loss=0.0153, RMSE_E_per_atom=3.3 meV, RMSE_F=6.4 meV / A, RMSE_Mu_per_atom=0.79 mDebye
2023-11-30 20:41:44.432 INFO: Epoch 908: loss=0.0132, RMSE_E_per_atom=3.1 meV, RMSE_F=6.0 meV / A, RMSE_Mu_per_atom=0.80 mDebye
2023-11-30 20:41:46.652 INFO: Epoch 910: loss=0.0145, RMSE_E_per_atom=3.3 meV, RMSE_F=6.1 meV / A, RMSE_Mu_per_atom=0.80 mDebye
2023-11-30 20:41:48.870 INFO: Epoch 912: loss=0.0132, RMSE_E_per_atom=3.1 meV, RMSE_F=6.0 meV / A, RMSE_Mu_per_atom=0.80 mDebye
2023-11-30 20:41:51.087 INFO: Epoch 914: loss=0.0132, RMSE_E_per_atom=3.1 meV, RMSE_F=6.1 meV / A, RMSE_Mu_per_atom=0.80 mDebye
2023-11-30 20:41:53.310 INFO: Epoch 916: loss=0.0133, RMSE_E_per_atom=3.1 meV, RMSE_F=6.2 meV / A, RMSE_Mu_per_atom=0.79 mDebye
2023-11-30 20:41:55.531 INFO: Epoch 918: loss=0.0158, RMSE_E_per_atom=3.4 meV, RMSE_F=6.5 meV / A, RMSE_Mu_per_atom=0.80 mDebye
2023-11-30 20:41:57.747 INFO: Epoch 920: loss=0.0148, RMSE_E_per_atom=3.3 meV, RMSE_F=6.2 meV / A, RMSE_Mu_per_atom=0.80 mDebye
2023-11-30 20:41:59.967 INFO: Epoch 922: loss=0.0129, RMSE_E_per_atom=3.0 meV, RMSE_F=6.1 meV / A, RMSE_Mu_per_atom=0.81 mDebye
2023-11-30 20:42:02.197 INFO: Epoch 924: loss=0.0132, RMSE_E_per_atom=3.0 meV, RMSE_F=6.2 meV / A, RMSE_Mu_per_atom=0.81 mDebye
2023-11-30 20:42:04.423 INFO: Epoch 926: loss=0.0170, RMSE_E_per_atom=3.6 meV, RMSE_F=6.5 meV / A, RMSE_Mu_per_atom=0.81 mDebye
2023-11-30 20:42:06.640 INFO: Epoch 928: loss=0.0161, RMSE_E_per_atom=3.4 meV, RMSE_F=6.4 meV / A, RMSE_Mu_per_atom=0.81 mDebye
2023-11-30 20:42:08.870 INFO: Epoch 930: loss=0.0150, RMSE_E_per_atom=3.3 meV, RMSE_F=6.4 meV / A, RMSE_Mu_per_atom=0.81 mDebye
2023-11-30 20:42:11.089 INFO: Epoch 932: loss=0.0129, RMSE_E_per_atom=3.1 meV, RMSE_F=6.0 meV / A, RMSE_Mu_per_atom=0.80 mDebye
2023-11-30 20:42:13.308 INFO: Epoch 934: loss=0.0124, RMSE_E_per_atom=2.9 meV, RMSE_F=6.1 meV / A, RMSE_Mu_per_atom=0.81 mDebye
2023-11-30 20:42:15.793 INFO: Epoch 936: loss=0.0133, RMSE_E_per_atom=3.1 meV, RMSE_F=5.9 meV / A, RMSE_Mu_per_atom=0.80 mDebye
2023-11-30 20:42:18.033 INFO: Epoch 938: loss=0.0122, RMSE_E_per_atom=2.9 meV, RMSE_F=6.0 meV / A, RMSE_Mu_per_atom=0.80 mDebye
2023-11-30 20:42:20.523 INFO: Epoch 940: loss=0.0122, RMSE_E_per_atom=2.9 meV, RMSE_F=6.0 meV / A, RMSE_Mu_per_atom=0.80 mDebye
2023-11-30 20:42:22.742 INFO: Epoch 942: loss=0.0138, RMSE_E_per_atom=3.2 meV, RMSE_F=5.9 meV / A, RMSE_Mu_per_atom=0.80 mDebye
2023-11-30 20:42:24.964 INFO: Epoch 944: loss=0.0127, RMSE_E_per_atom=3.0 meV, RMSE_F=6.1 meV / A, RMSE_Mu_per_atom=0.81 mDebye
2023-11-30 20:42:27.187 INFO: Epoch 946: loss=0.0259, RMSE_E_per_atom=4.6 meV, RMSE_F=6.6 meV / A, RMSE_Mu_per_atom=0.80 mDebye
2023-11-30 20:42:29.406 INFO: Epoch 948: loss=0.0124, RMSE_E_per_atom=2.9 meV, RMSE_F=6.1 meV / A, RMSE_Mu_per_atom=0.81 mDebye
2023-11-30 20:42:31.647 INFO: Epoch 950: loss=0.0123, RMSE_E_per_atom=2.9 meV, RMSE_F=6.0 meV / A, RMSE_Mu_per_atom=0.80 mDebye
2023-11-30 20:42:33.862 INFO: Epoch 952: loss=0.0136, RMSE_E_per_atom=3.2 meV, RMSE_F=6.0 meV / A, RMSE_Mu_per_atom=0.81 mDebye
2023-11-30 20:42:36.090 INFO: Epoch 954: loss=0.0133, RMSE_E_per_atom=3.1 meV, RMSE_F=6.2 meV / A, RMSE_Mu_per_atom=0.82 mDebye
2023-11-30 20:42:38.310 INFO: Epoch 956: loss=0.0125, RMSE_E_per_atom=3.0 meV, RMSE_F=6.0 meV / A, RMSE_Mu_per_atom=0.80 mDebye
2023-11-30 20:42:40.527 INFO: Epoch 958: loss=0.0122, RMSE_E_per_atom=2.9 meV, RMSE_F=6.1 meV / A, RMSE_Mu_per_atom=0.81 mDebye
2023-11-30 20:42:42.747 INFO: Epoch 960: loss=0.0117, RMSE_E_per_atom=2.8 meV, RMSE_F=5.9 meV / A, RMSE_Mu_per_atom=0.81 mDebye
2023-11-30 20:42:45.235 INFO: Epoch 962: loss=0.0117, RMSE_E_per_atom=2.9 meV, RMSE_F=5.9 meV / A, RMSE_Mu_per_atom=0.81 mDebye
2023-11-30 20:42:47.460 INFO: Epoch 964: loss=0.0120, RMSE_E_per_atom=2.9 meV, RMSE_F=5.9 meV / A, RMSE_Mu_per_atom=0.80 mDebye
2023-11-30 20:42:49.684 INFO: Epoch 966: loss=0.0119, RMSE_E_per_atom=2.9 meV, RMSE_F=6.1 meV / A, RMSE_Mu_per_atom=0.79 mDebye
2023-11-30 20:42:51.901 INFO: Epoch 968: loss=0.0169, RMSE_E_per_atom=3.6 meV, RMSE_F=6.3 meV / A, RMSE_Mu_per_atom=0.79 mDebye
2023-11-30 20:42:54.117 INFO: Epoch 970: loss=0.0237, RMSE_E_per_atom=4.3 meV, RMSE_F=6.9 meV / A, RMSE_Mu_per_atom=0.80 mDebye
2023-11-30 20:42:56.335 INFO: Epoch 972: loss=0.0126, RMSE_E_per_atom=3.0 meV, RMSE_F=6.0 meV / A, RMSE_Mu_per_atom=0.80 mDebye
2023-11-30 20:42:58.550 INFO: Epoch 974: loss=0.0125, RMSE_E_per_atom=3.0 meV, RMSE_F=5.9 meV / A, RMSE_Mu_per_atom=0.81 mDebye
2023-11-30 20:43:00.765 INFO: Epoch 976: loss=0.0194, RMSE_E_per_atom=3.9 meV, RMSE_F=6.2 meV / A, RMSE_Mu_per_atom=0.81 mDebye
2023-11-30 20:43:02.989 INFO: Epoch 978: loss=0.0122, RMSE_E_per_atom=3.0 meV, RMSE_F=5.9 meV / A, RMSE_Mu_per_atom=0.80 mDebye
2023-11-30 20:43:05.205 INFO: Epoch 980: loss=0.0145, RMSE_E_per_atom=3.3 meV, RMSE_F=6.1 meV / A, RMSE_Mu_per_atom=0.80 mDebye
2023-11-30 20:43:07.425 INFO: Epoch 982: loss=0.0119, RMSE_E_per_atom=2.9 meV, RMSE_F=6.0 meV / A, RMSE_Mu_per_atom=0.81 mDebye
2023-11-30 20:43:09.645 INFO: Epoch 984: loss=0.0115, RMSE_E_per_atom=2.8 meV, RMSE_F=5.9 meV / A, RMSE_Mu_per_atom=0.79 mDebye
2023-11-30 20:43:12.127 INFO: Epoch 986: loss=0.0143, RMSE_E_per_atom=3.2 meV, RMSE_F=6.1 meV / A, RMSE_Mu_per_atom=0.80 mDebye
2023-11-30 20:43:14.343 INFO: Epoch 988: loss=0.0121, RMSE_E_per_atom=2.9 meV, RMSE_F=6.3 meV / A, RMSE_Mu_per_atom=0.81 mDebye
2023-11-30 20:43:16.560 INFO: Epoch 990: loss=0.0136, RMSE_E_per_atom=3.2 meV, RMSE_F=5.9 meV / A, RMSE_Mu_per_atom=0.80 mDebye
2023-11-30 20:43:18.777 INFO: Epoch 992: loss=0.0175, RMSE_E_per_atom=3.7 meV, RMSE_F=6.4 meV / A, RMSE_Mu_per_atom=0.81 mDebye
2023-11-30 20:43:20.995 INFO: Epoch 994: loss=0.0128, RMSE_E_per_atom=3.0 meV, RMSE_F=5.8 meV / A, RMSE_Mu_per_atom=0.80 mDebye
2023-11-30 20:43:23.214 INFO: Epoch 996: loss=0.0223, RMSE_E_per_atom=4.3 meV, RMSE_F=6.3 meV / A, RMSE_Mu_per_atom=0.80 mDebye
2023-11-30 20:43:25.435 INFO: Epoch 998: loss=0.0172, RMSE_E_per_atom=3.7 meV, RMSE_F=6.0 meV / A, RMSE_Mu_per_atom=0.82 mDebye
2023-11-30 20:43:26.531 INFO: Training complete
2023-11-30 20:43:26.532 INFO: Computing metrics for training, validation, and test sets
2023-11-30 20:43:26.533 INFO: Loading checkpoint: checkpoints/ox_gs_rattled_50x3c_run-3456_epoch-798.pt
2023-11-30 20:43:26.563 INFO: Loaded model from epoch 798
2023-11-30 20:43:26.678 INFO: Evaluating train ...
2023-11-30 20:43:27.299 INFO: Evaluating valid ...
2023-11-30 20:43:27.447 INFO: Evaluating Default ...
2023-11-30 20:43:28.291 INFO: 
+-------------+---------------------+------------------+--------------+-------------------------+---------------+
| config_type | RMSE E / meV / atom | RMSE F / meV / A | rel F RMSE % | RMSE MU / mDebye / atom | rel MU RMSE % |
+-------------+---------------------+------------------+--------------+-------------------------+---------------+
|    train    |         4.3         |       5.1        |     0.2      |           1.0           |      2.7      |
|    valid    |         3.8         |       5.3        |     0.3      |           0.8           |      2.1      |
|   Default   |         4.3         |       5.1        |     0.2      |           0.9           |      2.6      |
+-------------+---------------------+------------------+--------------+-------------------------+---------------+
2023-11-30 20:43:28.292 INFO: Saving model to checkpoints/ox_gs_rattled_50x3c_run-3456.model
2023-11-30 20:43:28.796 INFO: Loading checkpoint: checkpoints/ox_gs_rattled_50x3c_run-3456_epoch-984_swa.pt
2023-11-30 20:43:28.827 INFO: Loaded model from epoch 984
2023-11-30 20:43:28.944 INFO: Evaluating train ...
2023-11-30 20:43:29.356 INFO: Evaluating valid ...
2023-11-30 20:43:29.502 INFO: Evaluating Default ...
2023-11-30 20:43:29.938 INFO: 
+-------------+---------------------+------------------+--------------+-------------------------+---------------+
| config_type | RMSE E / meV / atom | RMSE F / meV / A | rel F RMSE % | RMSE MU / mDebye / atom | rel MU RMSE % |
+-------------+---------------------+------------------+--------------+-------------------------+---------------+
|    train    |         3.4         |       6.4        |     0.3      |           1.0           |      2.6      |
|    valid    |         2.8         |       5.9        |     0.3      |           0.8           |      2.0      |
|   Default   |         3.4         |       6.4        |     0.3      |           0.9           |      2.6      |
+-------------+---------------------+------------------+--------------+-------------------------+---------------+
2023-11-30 20:43:29.938 INFO: Saving model to checkpoints/ox_gs_rattled_50x3c_run-3456_swa.model
2023-11-30 20:43:30.443 INFO: Done
