# ESTEEM version 1.0.0 started at 26-10-2023, 11:17:43


# Processing clusters for ox (oxirane) for trajectory A
# 1 frames loaded
# Calculating energies and forces for state [0] in orca.
# Reading from input trajectory ox_gs_A_carved.traj
# Not writing to output trajectory as range is subset of trajectory.
# Post-process to combine whole trajectory.
0018  0   -4180.93408144     7 [   0.109490   0.726509  -0.041986 ] [ -3.542575555  2.211904256  0.050942188 ] [  -0.077763  -0.354591   0.034391 ]

# ESTEEM finished at 26-10-2023, 11:17:48 (       4.289 seconds elapsed)
# ESTEEM version 1.0.0 started at 27-10-2023, 11:40:03


# Processing clusters for ox (oxirane) for trajectory A
# 1 frames loaded
# Calculating energies and forces for state [0] in orca.
# Reading from input trajectory ox_gs_A_carved.traj
# Not writing to output trajectory as range is subset of trajectory.
# Post-process to combine whole trajectory.
0018  0   -4180.93408144     7 [   0.109490   0.726509  -0.041986 ] [ -3.542575555  2.211904256  0.050942188 ] [  -0.077763  -0.354591   0.034391 ]

# ESTEEM finished at 27-10-2023, 11:40:03 (       0.011 seconds elapsed)
# ESTEEM version 1.0.0 started at 27-10-2023, 11:56:35


# Processing clusters for ox (oxirane) for trajectory A
# 1 frames loaded
# Calculating energies and forces for state [0] in orca.
# Reading from input trajectory ox_gs_A_carved.traj
# Not writing to output trajectory as range is subset of trajectory.
# Post-process to combine whole trajectory.
0018  0   -4180.93408144     7 [   0.109490   0.726509  -0.041986 ] [ -3.542575555  2.211904256  0.050942188 ] [  -0.077763  -0.354591   0.034391 ]

# ESTEEM finished at 27-10-2023, 11:56:35 (       0.009 seconds elapsed)
# ESTEEM version 1.0.0 started at 27-10-2023, 16:08:42


# Processing clusters for ox (oxirane) for trajectory A
# 1 frames loaded
# Calculating energies and forces for states [0, 1] in orca.
# Reading from input trajectory ox_gs_A_carved.traj
# Not writing to output trajectory as range is subset of trajectory.
# Post-process to combine whole trajectory.
# Not writing to output trajectory as range is subset of trajectory.
# Post-process to combine whole trajectory.
0018  0   -4180.93408144     7 [   0.109490   0.726509  -0.041986 ] [ -3.542575555  2.211904256  0.050942188 ] [  -0.077763  -0.354591   0.034391 ]
# Copying from ox_gs_A_orca0018.gbw to ox_es1_A_orca0018.gbw
0018  1   -4174.19500601     7 [   0.109490   0.726509  -0.041986 ] [  4.009501524 10.291661868 -0.343280501 ] [   0.424617   0.007313   0.013198 ]

# ESTEEM finished at 27-10-2023, 16:08:51 (       8.369 seconds elapsed)
# ESTEEM version 1.0.0 started at 27-10-2023, 16:10:16


# Processing clusters for ox (oxirane) for trajectory A
# 1 frames loaded
# Calculating energies and forces for states [0, 1] in orca.
# Reading from input trajectory ox_gs_A_carved.traj
# Not writing to output trajectory as range is subset of trajectory.
# Post-process to combine whole trajectory.
# Not writing to output trajectory as range is subset of trajectory.
# Post-process to combine whole trajectory.
0018  0   -4180.93408144     7 [   0.109490   0.726509  -0.041986 ] [ -3.542575555  2.211904256  0.050942188 ] [  -0.077763  -0.354591   0.034391 ]
0018  1   -4174.19500601     7 [   0.109490   0.726509  -0.041986 ] [  4.009501524 10.291661868 -0.343280501 ] [   0.424617   0.007313   0.013198 ]

# ESTEEM finished at 27-10-2023, 16:10:16 (       0.034 seconds elapsed)
# ESTEEM version 1.0.0 started at 27-10-2023, 16:10:42


# Processing clusters for ox (oxirane) for trajectory A
# 1 frames loaded
# Calculating energies and forces for states [0, 1] in orca.
# Reading from input trajectory ox_gs_A_carved.traj
# Not writing to output trajectory as range is subset of trajectory.
# Post-process to combine whole trajectory.
# Not writing to output trajectory as range is subset of trajectory.
# Post-process to combine whole trajectory.
0018  0   -4180.93408144     7 [   0.109490   0.726509  -0.041986 ] [ -3.542575555  2.211904256  0.050942188 ] [  -0.077763  -0.354591   0.034391 ]
0018  1   -4174.19500601     7 [   0.109490   0.726509  -0.041986 ] [  4.009501524 10.291661868 -0.343280501 ] [   0.424617   0.007313   0.013198 ]

# ESTEEM finished at 27-10-2023, 16:10:42 (       0.013 seconds elapsed)
# ESTEEM version 1.0.0 started at 27-10-2023, 16:11:10


# Processing clusters for ox (oxirane) for trajectory A
# 1 frames loaded
# Calculating energies and forces for states [0, 1] in orca.
# Reading from input trajectory ox_gs_A_carved.traj
# Not writing to output trajectory as range is subset of trajectory.
# Post-process to combine whole trajectory.
# Not writing to output trajectory as range is subset of trajectory.
# Post-process to combine whole trajectory.
0018  0   -4180.93408144     7 [   0.109490   0.726509  -0.041986 ] [ -3.542575555  2.211904256  0.050942188 ] [  -0.077763  -0.354591   0.034391 ]
0018  1   -4174.19500601     7 [   0.109490   0.726509  -0.041986 ] [  4.009501524 10.291661868 -0.343280501 ] [   0.424617   0.007313   0.013198 ]

# ESTEEM finished at 27-10-2023, 16:11:10 (       0.010 seconds elapsed)
# ESTEEM version 1.0.0 started at 27-10-2023, 16:11:35


# Processing clusters for ox (oxirane) for trajectory A
# 1 frames loaded
# Calculating energies and forces for states [0, 1] in orca.
# Reading from input trajectory ox_gs_A_carved.traj
# Not writing to output trajectory as range is subset of trajectory.
# Post-process to combine whole trajectory.
# Not writing to output trajectory as range is subset of trajectory.
# Post-process to combine whole trajectory.
0018  0   -4180.93408144     7 [   0.109490   0.726509  -0.041986 ] [ -3.542575555  2.211904256  0.050942188 ] [  -0.077763  -0.354591   0.034391 ]
0018  1   -4174.19500601     7 [   0.109490   0.726509  -0.041986 ] [  4.009501524 10.291661868 -0.343280501 ] [   0.424617   0.007313   0.013198 ]

# ESTEEM finished at 27-10-2023, 16:11:35 (       0.009 seconds elapsed)
# ESTEEM version 1.0.0 started at 27-10-2023, 16:12:01


# Processing clusters for ox (oxirane) for trajectory A
# 1 frames loaded
# Calculating energies and forces for states [0, 1] in orca.
# Reading from input trajectory ox_gs_A_carved.traj
# Not writing to output trajectory as range is subset of trajectory.
# Post-process to combine whole trajectory.
# Not writing to output trajectory as range is subset of trajectory.
# Post-process to combine whole trajectory.
0018  0   -4180.93408144     7 [   0.109490   0.726509  -0.041986 ] [ -3.542575555  2.211904256  0.050942188 ] [  -0.077763  -0.354591   0.034391 ]
0018  1   -4174.19500601     7 [   0.109490   0.726509  -0.041986 ] [  4.009501524 10.291661868 -0.343280501 ] [   0.424617   0.007313   0.013198 ]

# ESTEEM finished at 27-10-2023, 16:12:01 (       0.024 seconds elapsed)
# ESTEEM version 1.0.0 started at 30-10-2023, 09:01:39


# Processing clusters for ox (oxirane) for trajectory A
# 1 frames loaded
# Calculating energies and forces for states [0, 1] in orca.
# Reading from input trajectory ox_gs_A_carved.traj
# Not writing to output trajectory as range is subset of trajectory.
# Post-process to combine whole trajectory.
# Not writing to output trajectory as range is subset of trajectory.
# Post-process to combine whole trajectory.
0018  0   -4180.93408144     7 [   0.109490   0.726509  -0.041986 ] [ -3.542575555  2.211904256  0.050942188 ] [  -0.077763  -0.354591   0.034391 ]
0018  1   -4174.19500601     7 [   0.109490   0.726509  -0.041986 ] [  4.009501524 10.291661868 -0.343280501 ] [   0.424617   0.007313   0.013198 ]

# ESTEEM finished at 30-10-2023, 09:01:39 (       0.010 seconds elapsed)
# ESTEEM version 1.0.0 started at 30-10-2023, 14:42:45


# Processing clusters for ox (oxirane) for trajectory A
# 1 frames loaded
# Calculating energies and forces for states [0, 1] in orca.
# Reading from input trajectory ox_gs_A_carved.traj
# Not writing to output trajectory as range is subset of trajectory.
# Post-process to combine whole trajectory.
# Not writing to output trajectory as range is subset of trajectory.
# Post-process to combine whole trajectory.
0018  0   -4180.93408144     7 [   0.109490   0.726509  -0.041986 ] [ -3.542575555  2.211904256  0.050942188 ] [  -0.077763  -0.354591   0.034391 ]
0018  1   -4174.19500601     7 [   0.109490   0.726509  -0.041986 ] [  4.009501524 10.291661868 -0.343280501 ] [   0.424617   0.007313   0.013198 ]

# ESTEEM finished at 30-10-2023, 14:42:45 (       0.168 seconds elapsed)
