# ESTEEM version 1.0.0 started at 26-10-2023, 11:17:44


# Processing clusters for ox (oxirane) for trajectory A
# 1 frames loaded
# Calculating energies and forces for state [0] in orca.
# Reading from input trajectory ox_gs_A_carved.traj
# Not writing to output trajectory as range is subset of trajectory.
# Post-process to combine whole trajectory.
0020  0   -4180.91831605     7 [   0.103037   0.854691  -0.012448 ] [ -1.873589349 -0.845169801  1.293317402 ] [  -0.062866  -0.431364   0.043826 ]

# ESTEEM finished at 26-10-2023, 11:17:48 (       4.262 seconds elapsed)
# ESTEEM version 1.0.0 started at 27-10-2023, 11:40:05


# Processing clusters for ox (oxirane) for trajectory A
# 1 frames loaded
# Calculating energies and forces for state [0] in orca.
# Reading from input trajectory ox_gs_A_carved.traj
# Not writing to output trajectory as range is subset of trajectory.
# Post-process to combine whole trajectory.
0020  0   -4180.91831605     7 [   0.103037   0.854691  -0.012448 ] [ -1.873589349 -0.845169801  1.293317402 ] [  -0.062866  -0.431364   0.043826 ]

# ESTEEM finished at 27-10-2023, 11:40:05 (       0.010 seconds elapsed)
# ESTEEM version 1.0.0 started at 27-10-2023, 11:56:36


# Processing clusters for ox (oxirane) for trajectory A
# 1 frames loaded
# Calculating energies and forces for state [0] in orca.
# Reading from input trajectory ox_gs_A_carved.traj
# Not writing to output trajectory as range is subset of trajectory.
# Post-process to combine whole trajectory.
0020  0   -4180.91831605     7 [   0.103037   0.854691  -0.012448 ] [ -1.873589349 -0.845169801  1.293317402 ] [  -0.062866  -0.431364   0.043826 ]

# ESTEEM finished at 27-10-2023, 11:56:36 (       0.009 seconds elapsed)
# ESTEEM version 1.0.0 started at 27-10-2023, 16:08:45


# Processing clusters for ox (oxirane) for trajectory A
# 1 frames loaded
# Calculating energies and forces for states [0, 1] in orca.
# Reading from input trajectory ox_gs_A_carved.traj
# Not writing to output trajectory as range is subset of trajectory.
# Post-process to combine whole trajectory.
# Not writing to output trajectory as range is subset of trajectory.
# Post-process to combine whole trajectory.
0020  0   -4180.91831605     7 [   0.103037   0.854691  -0.012448 ] [ -1.873589349 -0.845169801  1.293317402 ] [  -0.062866  -0.431364   0.043826 ]
# Copying from ox_gs_A_orca0020.gbw to ox_es1_A_orca0020.gbw
0020  1   -4173.64712808     7 [   0.103037   0.854691  -0.012448 ] [  4.503549879  7.474788540 -0.785562443 ] [   0.295429  -0.076064  -0.000598 ]

# ESTEEM finished at 27-10-2023, 16:08:54 (       8.511 seconds elapsed)
# ESTEEM version 1.0.0 started at 27-10-2023, 16:10:17


# Processing clusters for ox (oxirane) for trajectory A
# 1 frames loaded
# Calculating energies and forces for states [0, 1] in orca.
# Reading from input trajectory ox_gs_A_carved.traj
# Not writing to output trajectory as range is subset of trajectory.
# Post-process to combine whole trajectory.
# Not writing to output trajectory as range is subset of trajectory.
# Post-process to combine whole trajectory.
0020  0   -4180.91831605     7 [   0.103037   0.854691  -0.012448 ] [ -1.873589349 -0.845169801  1.293317402 ] [  -0.062866  -0.431364   0.043826 ]
0020  1   -4173.64712808     7 [   0.103037   0.854691  -0.012448 ] [  4.503549879  7.474788540 -0.785562443 ] [   0.295429  -0.076064  -0.000598 ]

# ESTEEM finished at 27-10-2023, 16:10:17 (       0.011 seconds elapsed)
# ESTEEM version 1.0.0 started at 27-10-2023, 16:10:45


# Processing clusters for ox (oxirane) for trajectory A
# 1 frames loaded
# Calculating energies and forces for states [0, 1] in orca.
# Reading from input trajectory ox_gs_A_carved.traj
# Not writing to output trajectory as range is subset of trajectory.
# Post-process to combine whole trajectory.
# Not writing to output trajectory as range is subset of trajectory.
# Post-process to combine whole trajectory.
0020  0   -4180.91831605     7 [   0.103037   0.854691  -0.012448 ] [ -1.873589349 -0.845169801  1.293317402 ] [  -0.062866  -0.431364   0.043826 ]
0020  1   -4173.64712808     7 [   0.103037   0.854691  -0.012448 ] [  4.503549879  7.474788540 -0.785562443 ] [   0.295429  -0.076064  -0.000598 ]

# ESTEEM finished at 27-10-2023, 16:10:45 (       0.015 seconds elapsed)
# ESTEEM version 1.0.0 started at 27-10-2023, 16:11:10


# Processing clusters for ox (oxirane) for trajectory A
# 1 frames loaded
# Calculating energies and forces for states [0, 1] in orca.
# Reading from input trajectory ox_gs_A_carved.traj
# Not writing to output trajectory as range is subset of trajectory.
# Post-process to combine whole trajectory.
# Not writing to output trajectory as range is subset of trajectory.
# Post-process to combine whole trajectory.
0020  0   -4180.91831605     7 [   0.103037   0.854691  -0.012448 ] [ -1.873589349 -0.845169801  1.293317402 ] [  -0.062866  -0.431364   0.043826 ]
0020  1   -4173.64712808     7 [   0.103037   0.854691  -0.012448 ] [  4.503549879  7.474788540 -0.785562443 ] [   0.295429  -0.076064  -0.000598 ]

# ESTEEM finished at 27-10-2023, 16:11:10 (       0.014 seconds elapsed)
# ESTEEM version 1.0.0 started at 27-10-2023, 16:11:43


# Processing clusters for ox (oxirane) for trajectory A
# 1 frames loaded
# Calculating energies and forces for states [0, 1] in orca.
# Reading from input trajectory ox_gs_A_carved.traj
# Not writing to output trajectory as range is subset of trajectory.
# Post-process to combine whole trajectory.
# Not writing to output trajectory as range is subset of trajectory.
# Post-process to combine whole trajectory.
0020  0   -4180.91831605     7 [   0.103037   0.854691  -0.012448 ] [ -1.873589349 -0.845169801  1.293317402 ] [  -0.062866  -0.431364   0.043826 ]
0020  1   -4173.64712808     7 [   0.103037   0.854691  -0.012448 ] [  4.503549879  7.474788540 -0.785562443 ] [   0.295429  -0.076064  -0.000598 ]

# ESTEEM finished at 27-10-2023, 16:11:43 (       0.077 seconds elapsed)
# ESTEEM version 1.0.0 started at 27-10-2023, 16:12:01


# Processing clusters for ox (oxirane) for trajectory A
# 1 frames loaded
# Calculating energies and forces for states [0, 1] in orca.
# Reading from input trajectory ox_gs_A_carved.traj
# Not writing to output trajectory as range is subset of trajectory.
# Post-process to combine whole trajectory.
# Not writing to output trajectory as range is subset of trajectory.
# Post-process to combine whole trajectory.
0020  0   -4180.91831605     7 [   0.103037   0.854691  -0.012448 ] [ -1.873589349 -0.845169801  1.293317402 ] [  -0.062866  -0.431364   0.043826 ]
0020  1   -4173.64712808     7 [   0.103037   0.854691  -0.012448 ] [  4.503549879  7.474788540 -0.785562443 ] [   0.295429  -0.076064  -0.000598 ]

# ESTEEM finished at 27-10-2023, 16:12:01 (       0.010 seconds elapsed)
# ESTEEM version 1.0.0 started at 30-10-2023, 09:01:40


# Processing clusters for ox (oxirane) for trajectory A
# 1 frames loaded
# Calculating energies and forces for states [0, 1] in orca.
# Reading from input trajectory ox_gs_A_carved.traj
# Not writing to output trajectory as range is subset of trajectory.
# Post-process to combine whole trajectory.
# Not writing to output trajectory as range is subset of trajectory.
# Post-process to combine whole trajectory.
0020  0   -4180.91831605     7 [   0.103037   0.854691  -0.012448 ] [ -1.873589349 -0.845169801  1.293317402 ] [  -0.062866  -0.431364   0.043826 ]
0020  1   -4173.64712808     7 [   0.103037   0.854691  -0.012448 ] [  4.503549879  7.474788540 -0.785562443 ] [   0.295429  -0.076064  -0.000598 ]

# ESTEEM finished at 30-10-2023, 09:01:40 (       0.010 seconds elapsed)
# ESTEEM version 1.0.0 started at 30-10-2023, 14:42:41


# Processing clusters for ox (oxirane) for trajectory A
# 1 frames loaded
# Calculating energies and forces for states [0, 1] in orca.
# Reading from input trajectory ox_gs_A_carved.traj
# Not writing to output trajectory as range is subset of trajectory.
# Post-process to combine whole trajectory.
# Not writing to output trajectory as range is subset of trajectory.
# Post-process to combine whole trajectory.
0020  0   -4180.91831605     7 [   0.103037   0.854691  -0.012448 ] [ -1.873589349 -0.845169801  1.293317402 ] [  -0.062866  -0.431364   0.043826 ]
0020  1   -4173.64712808     7 [   0.103037   0.854691  -0.012448 ] [  4.503549879  7.474788540 -0.785562443 ] [   0.295429  -0.076064  -0.000598 ]

# ESTEEM finished at 30-10-2023, 14:42:41 (       0.126 seconds elapsed)
