# ESTEEM version 1.0.0 started at 26-10-2023, 11:17:25


# Processing clusters for ox (oxirane) for trajectory A
# 1 frames loaded
# Calculating energies and forces for state [0] in orca.
# Reading from input trajectory ox_gs_A_carved.traj
# Not writing to output trajectory as range is subset of trajectory.
# Post-process to combine whole trajectory.
0008  0   -4181.46793898     7 [  -0.012269   0.729238  -0.044476 ] [ -0.450811789  1.780065802  0.327194040 ] [   0.014870  -0.345330   0.015854 ]

# ESTEEM finished at 26-10-2023, 11:17:29 (       4.284 seconds elapsed)
# ESTEEM version 1.0.0 started at 27-10-2023, 11:39:59


# Processing clusters for ox (oxirane) for trajectory A
# 1 frames loaded
# Calculating energies and forces for state [0] in orca.
# Reading from input trajectory ox_gs_A_carved.traj
# Not writing to output trajectory as range is subset of trajectory.
# Post-process to combine whole trajectory.
0008  0   -4181.46793898     7 [  -0.012269   0.729238  -0.044476 ] [ -0.450811789  1.780065802  0.327194040 ] [   0.014870  -0.345330   0.015854 ]

# ESTEEM finished at 27-10-2023, 11:39:59 (       0.010 seconds elapsed)
# ESTEEM version 1.0.0 started at 27-10-2023, 11:56:30


# Processing clusters for ox (oxirane) for trajectory A
# 1 frames loaded
# Calculating energies and forces for state [0] in orca.
# Reading from input trajectory ox_gs_A_carved.traj
# Not writing to output trajectory as range is subset of trajectory.
# Post-process to combine whole trajectory.
0008  0   -4181.46793898     7 [  -0.012269   0.729238  -0.044476 ] [ -0.450811789  1.780065802  0.327194040 ] [   0.014870  -0.345330   0.015854 ]

# ESTEEM finished at 27-10-2023, 11:56:30 (       0.009 seconds elapsed)
# ESTEEM version 1.0.0 started at 27-10-2023, 16:08:15


# Processing clusters for ox (oxirane) for trajectory A
# 1 frames loaded
# Calculating energies and forces for states [0, 1] in orca.
# Reading from input trajectory ox_gs_A_carved.traj
# Not writing to output trajectory as range is subset of trajectory.
# Post-process to combine whole trajectory.
# Not writing to output trajectory as range is subset of trajectory.
# Post-process to combine whole trajectory.
0008  0   -4181.46793898     7 [  -0.012269   0.729238  -0.044476 ] [ -0.450811789  1.780065802  0.327194040 ] [   0.014870  -0.345330   0.015854 ]
# Copying from ox_gs_A_orca0008.gbw to ox_es1_A_orca0008.gbw
0008  1   -4173.33546389     7 [  -0.012269   0.729238  -0.044476 ] [ -0.084734861  1.890057388 -0.272338524 ] [   0.359391   0.171369  -0.002122 ]

# ESTEEM finished at 27-10-2023, 16:08:24 (       8.909 seconds elapsed)
# ESTEEM version 1.0.0 started at 27-10-2023, 16:10:11


# Processing clusters for ox (oxirane) for trajectory A
# 1 frames loaded
# Calculating energies and forces for states [0, 1] in orca.
# Reading from input trajectory ox_gs_A_carved.traj
# Not writing to output trajectory as range is subset of trajectory.
# Post-process to combine whole trajectory.
# Not writing to output trajectory as range is subset of trajectory.
# Post-process to combine whole trajectory.
0008  0   -4181.46793898     7 [  -0.012269   0.729238  -0.044476 ] [ -0.450811789  1.780065802  0.327194040 ] [   0.014870  -0.345330   0.015854 ]
0008  1   -4173.33546389     7 [  -0.012269   0.729238  -0.044476 ] [ -0.084734861  1.890057388 -0.272338524 ] [   0.359391   0.171369  -0.002122 ]

# ESTEEM finished at 27-10-2023, 16:10:11 (       0.015 seconds elapsed)
# ESTEEM version 1.0.0 started at 27-10-2023, 16:10:37


# Processing clusters for ox (oxirane) for trajectory A
# 1 frames loaded
# Calculating energies and forces for states [0, 1] in orca.
# Reading from input trajectory ox_gs_A_carved.traj
# Not writing to output trajectory as range is subset of trajectory.
# Post-process to combine whole trajectory.
# Not writing to output trajectory as range is subset of trajectory.
# Post-process to combine whole trajectory.
0008  0   -4181.46793898     7 [  -0.012269   0.729238  -0.044476 ] [ -0.450811789  1.780065802  0.327194040 ] [   0.014870  -0.345330   0.015854 ]
0008  1   -4173.33546389     7 [  -0.012269   0.729238  -0.044476 ] [ -0.084734861  1.890057388 -0.272338524 ] [   0.359391   0.171369  -0.002122 ]

# ESTEEM finished at 27-10-2023, 16:10:37 (       0.011 seconds elapsed)
# ESTEEM version 1.0.0 started at 27-10-2023, 16:11:04


# Processing clusters for ox (oxirane) for trajectory A
# 1 frames loaded
# Calculating energies and forces for states [0, 1] in orca.
# Reading from input trajectory ox_gs_A_carved.traj
# Not writing to output trajectory as range is subset of trajectory.
# Post-process to combine whole trajectory.
# Not writing to output trajectory as range is subset of trajectory.
# Post-process to combine whole trajectory.
0008  0   -4181.46793898     7 [  -0.012269   0.729238  -0.044476 ] [ -0.450811789  1.780065802  0.327194040 ] [   0.014870  -0.345330   0.015854 ]
0008  1   -4173.33546389     7 [  -0.012269   0.729238  -0.044476 ] [ -0.084734861  1.890057388 -0.272338524 ] [   0.359391   0.171369  -0.002122 ]

# ESTEEM finished at 27-10-2023, 16:11:04 (       0.012 seconds elapsed)
# ESTEEM version 1.0.0 started at 27-10-2023, 16:11:30


# Processing clusters for ox (oxirane) for trajectory A
# 1 frames loaded
# Calculating energies and forces for states [0, 1] in orca.
# Reading from input trajectory ox_gs_A_carved.traj
# Not writing to output trajectory as range is subset of trajectory.
# Post-process to combine whole trajectory.
# Not writing to output trajectory as range is subset of trajectory.
# Post-process to combine whole trajectory.
0008  0   -4181.46793898     7 [  -0.012269   0.729238  -0.044476 ] [ -0.450811789  1.780065802  0.327194040 ] [   0.014870  -0.345330   0.015854 ]
0008  1   -4173.33546389     7 [  -0.012269   0.729238  -0.044476 ] [ -0.084734861  1.890057388 -0.272338524 ] [   0.359391   0.171369  -0.002122 ]

# ESTEEM finished at 27-10-2023, 16:11:30 (       0.015 seconds elapsed)
# ESTEEM version 1.0.0 started at 27-10-2023, 16:11:55


# Processing clusters for ox (oxirane) for trajectory A
# 1 frames loaded
# Calculating energies and forces for states [0, 1] in orca.
# Reading from input trajectory ox_gs_A_carved.traj
# Not writing to output trajectory as range is subset of trajectory.
# Post-process to combine whole trajectory.
# Not writing to output trajectory as range is subset of trajectory.
# Post-process to combine whole trajectory.
0008  0   -4181.46793898     7 [  -0.012269   0.729238  -0.044476 ] [ -0.450811789  1.780065802  0.327194040 ] [   0.014870  -0.345330   0.015854 ]
0008  1   -4173.33546389     7 [  -0.012269   0.729238  -0.044476 ] [ -0.084734861  1.890057388 -0.272338524 ] [   0.359391   0.171369  -0.002122 ]

# ESTEEM finished at 27-10-2023, 16:11:55 (       0.010 seconds elapsed)
# ESTEEM version 1.0.0 started at 30-10-2023, 09:01:34


# Processing clusters for ox (oxirane) for trajectory A
# 1 frames loaded
# Calculating energies and forces for states [0, 1] in orca.
# Reading from input trajectory ox_gs_A_carved.traj
# Not writing to output trajectory as range is subset of trajectory.
# Post-process to combine whole trajectory.
# Not writing to output trajectory as range is subset of trajectory.
# Post-process to combine whole trajectory.
0008  0   -4181.46793898     7 [  -0.012269   0.729238  -0.044476 ] [ -0.450811789  1.780065802  0.327194040 ] [   0.014870  -0.345330   0.015854 ]
0008  1   -4173.33546389     7 [  -0.012269   0.729238  -0.044476 ] [ -0.084734861  1.890057388 -0.272338524 ] [   0.359391   0.171369  -0.002122 ]

# ESTEEM finished at 30-10-2023, 09:01:34 (       0.012 seconds elapsed)
# ESTEEM version 1.0.0 started at 30-10-2023, 14:42:31


# Processing clusters for ox (oxirane) for trajectory A
# 1 frames loaded
# Calculating energies and forces for states [0, 1] in orca.
# Reading from input trajectory ox_gs_A_carved.traj
# Not writing to output trajectory as range is subset of trajectory.
# Post-process to combine whole trajectory.
# Not writing to output trajectory as range is subset of trajectory.
# Post-process to combine whole trajectory.
0008  0   -4181.46793898     7 [  -0.012269   0.729238  -0.044476 ] [ -0.450811789  1.780065802  0.327194040 ] [   0.014870  -0.345330   0.015854 ]
0008  1   -4173.33546389     7 [  -0.012269   0.729238  -0.044476 ] [ -0.084734861  1.890057388 -0.272338524 ] [   0.359391   0.171369  -0.002122 ]

# ESTEEM finished at 30-10-2023, 14:42:31 (       0.086 seconds elapsed)
