# ESTEEM version 1.0.0 started at 26-10-2023, 11:17:38


# Processing clusters for ox (oxirane) for trajectory A
# 1 frames loaded
# Calculating energies and forces for state [0] in orca.
# Reading from input trajectory ox_gs_A_carved.traj
# Not writing to output trajectory as range is subset of trajectory.
# Post-process to combine whole trajectory.
0017  0   -4181.48550626     7 [  -0.014433   0.783060  -0.041361 ] [  0.979437152  1.980633449  0.042874767 ] [   0.032116  -0.352115   0.004022 ]

# ESTEEM finished at 26-10-2023, 11:17:42 (       4.215 seconds elapsed)
# ESTEEM version 1.0.0 started at 27-10-2023, 11:40:03


# Processing clusters for ox (oxirane) for trajectory A
# 1 frames loaded
# Calculating energies and forces for state [0] in orca.
# Reading from input trajectory ox_gs_A_carved.traj
# Not writing to output trajectory as range is subset of trajectory.
# Post-process to combine whole trajectory.
0017  0   -4181.48550626     7 [  -0.014433   0.783060  -0.041361 ] [  0.979437152  1.980633449  0.042874767 ] [   0.032116  -0.352115   0.004022 ]

# ESTEEM finished at 27-10-2023, 11:40:03 (       0.010 seconds elapsed)
# ESTEEM version 1.0.0 started at 27-10-2023, 11:56:35


# Processing clusters for ox (oxirane) for trajectory A
# 1 frames loaded
# Calculating energies and forces for state [0] in orca.
# Reading from input trajectory ox_gs_A_carved.traj
# Not writing to output trajectory as range is subset of trajectory.
# Post-process to combine whole trajectory.
0017  0   -4181.48550626     7 [  -0.014433   0.783060  -0.041361 ] [  0.979437152  1.980633449  0.042874767 ] [   0.032116  -0.352115   0.004022 ]

# ESTEEM finished at 27-10-2023, 11:56:35 (       0.009 seconds elapsed)
# ESTEEM version 1.0.0 started at 27-10-2023, 16:08:46


# Processing clusters for ox (oxirane) for trajectory A
# 1 frames loaded
# Calculating energies and forces for states [0, 1] in orca.
# Reading from input trajectory ox_gs_A_carved.traj
# Not writing to output trajectory as range is subset of trajectory.
# Post-process to combine whole trajectory.
# Not writing to output trajectory as range is subset of trajectory.
# Post-process to combine whole trajectory.
0017  0   -4181.48550626     7 [  -0.014433   0.783060  -0.041361 ] [  0.979437152  1.980633449  0.042874767 ] [   0.032116  -0.352115   0.004022 ]
# Copying from ox_gs_A_orca0017.gbw to ox_es1_A_orca0017.gbw
0017  1   -4173.24892893     7 [  -0.014433   0.783060  -0.041361 ] [ -2.985614983  6.575808704 -0.515815674 ] [  -0.124431   0.169368  -0.024638 ]

# ESTEEM finished at 27-10-2023, 16:09:07 (      20.976 seconds elapsed)
# ESTEEM version 1.0.0 started at 27-10-2023, 16:10:16


# Processing clusters for ox (oxirane) for trajectory A
# 1 frames loaded
# Calculating energies and forces for states [0, 1] in orca.
# Reading from input trajectory ox_gs_A_carved.traj
# Not writing to output trajectory as range is subset of trajectory.
# Post-process to combine whole trajectory.
# Not writing to output trajectory as range is subset of trajectory.
# Post-process to combine whole trajectory.
0017  0   -4181.48550626     7 [  -0.014433   0.783060  -0.041361 ] [  0.979437152  1.980633449  0.042874767 ] [   0.032116  -0.352115   0.004022 ]
0017  1   -4173.24892893     7 [  -0.014433   0.783060  -0.041361 ] [ -2.985614983  6.575808704 -0.515815674 ] [  -0.124431   0.169368  -0.024638 ]

# ESTEEM finished at 27-10-2023, 16:10:16 (       0.012 seconds elapsed)
# ESTEEM version 1.0.0 started at 27-10-2023, 16:10:42


# Processing clusters for ox (oxirane) for trajectory A
# 1 frames loaded
# Calculating energies and forces for states [0, 1] in orca.
# Reading from input trajectory ox_gs_A_carved.traj
# Not writing to output trajectory as range is subset of trajectory.
# Post-process to combine whole trajectory.
# Not writing to output trajectory as range is subset of trajectory.
# Post-process to combine whole trajectory.
0017  0   -4181.48550626     7 [  -0.014433   0.783060  -0.041361 ] [  0.979437152  1.980633449  0.042874767 ] [   0.032116  -0.352115   0.004022 ]
0017  1   -4173.24892893     7 [  -0.014433   0.783060  -0.041361 ] [ -2.985614983  6.575808704 -0.515815674 ] [  -0.124431   0.169368  -0.024638 ]

# ESTEEM finished at 27-10-2023, 16:10:42 (       0.012 seconds elapsed)
# ESTEEM version 1.0.0 started at 27-10-2023, 16:11:08


# Processing clusters for ox (oxirane) for trajectory A
# 1 frames loaded
# Calculating energies and forces for states [0, 1] in orca.
# Reading from input trajectory ox_gs_A_carved.traj
# Not writing to output trajectory as range is subset of trajectory.
# Post-process to combine whole trajectory.
# Not writing to output trajectory as range is subset of trajectory.
# Post-process to combine whole trajectory.
0017  0   -4181.48550626     7 [  -0.014433   0.783060  -0.041361 ] [  0.979437152  1.980633449  0.042874767 ] [   0.032116  -0.352115   0.004022 ]
0017  1   -4173.24892893     7 [  -0.014433   0.783060  -0.041361 ] [ -2.985614983  6.575808704 -0.515815674 ] [  -0.124431   0.169368  -0.024638 ]

# ESTEEM finished at 27-10-2023, 16:11:08 (       0.009 seconds elapsed)
# ESTEEM version 1.0.0 started at 27-10-2023, 16:11:35


# Processing clusters for ox (oxirane) for trajectory A
# 1 frames loaded
# Calculating energies and forces for states [0, 1] in orca.
# Reading from input trajectory ox_gs_A_carved.traj
# Not writing to output trajectory as range is subset of trajectory.
# Post-process to combine whole trajectory.
# Not writing to output trajectory as range is subset of trajectory.
# Post-process to combine whole trajectory.
0017  0   -4181.48550626     7 [  -0.014433   0.783060  -0.041361 ] [  0.979437152  1.980633449  0.042874767 ] [   0.032116  -0.352115   0.004022 ]
0017  1   -4173.24892893     7 [  -0.014433   0.783060  -0.041361 ] [ -2.985614983  6.575808704 -0.515815674 ] [  -0.124431   0.169368  -0.024638 ]

# ESTEEM finished at 27-10-2023, 16:11:35 (       0.013 seconds elapsed)
# ESTEEM version 1.0.0 started at 27-10-2023, 16:11:59


# Processing clusters for ox (oxirane) for trajectory A
# 1 frames loaded
# Calculating energies and forces for states [0, 1] in orca.
# Reading from input trajectory ox_gs_A_carved.traj
# Not writing to output trajectory as range is subset of trajectory.
# Post-process to combine whole trajectory.
# Not writing to output trajectory as range is subset of trajectory.
# Post-process to combine whole trajectory.
0017  0   -4181.48550626     7 [  -0.014433   0.783060  -0.041361 ] [  0.979437152  1.980633449  0.042874767 ] [   0.032116  -0.352115   0.004022 ]
0017  1   -4173.24892893     7 [  -0.014433   0.783060  -0.041361 ] [ -2.985614983  6.575808704 -0.515815674 ] [  -0.124431   0.169368  -0.024638 ]

# ESTEEM finished at 27-10-2023, 16:11:59 (       0.011 seconds elapsed)
# ESTEEM version 1.0.0 started at 30-10-2023, 09:01:38


# Processing clusters for ox (oxirane) for trajectory A
# 1 frames loaded
# Calculating energies and forces for states [0, 1] in orca.
# Reading from input trajectory ox_gs_A_carved.traj
# Not writing to output trajectory as range is subset of trajectory.
# Post-process to combine whole trajectory.
# Not writing to output trajectory as range is subset of trajectory.
# Post-process to combine whole trajectory.
0017  0   -4181.48550626     7 [  -0.014433   0.783060  -0.041361 ] [  0.979437152  1.980633449  0.042874767 ] [   0.032116  -0.352115   0.004022 ]
0017  1   -4173.24892893     7 [  -0.014433   0.783060  -0.041361 ] [ -2.985614983  6.575808704 -0.515815674 ] [  -0.124431   0.169368  -0.024638 ]

# ESTEEM finished at 30-10-2023, 09:01:38 (       0.013 seconds elapsed)
# ESTEEM version 1.0.0 started at 30-10-2023, 14:42:39


# Processing clusters for ox (oxirane) for trajectory A
# 1 frames loaded
# Calculating energies and forces for states [0, 1] in orca.
# Reading from input trajectory ox_gs_A_carved.traj
# Not writing to output trajectory as range is subset of trajectory.
# Post-process to combine whole trajectory.
# Not writing to output trajectory as range is subset of trajectory.
# Post-process to combine whole trajectory.
0017  0   -4181.48550626     7 [  -0.014433   0.783060  -0.041361 ] [  0.979437152  1.980633449  0.042874767 ] [   0.032116  -0.352115   0.004022 ]
0017  1   -4173.24892893     7 [  -0.014433   0.783060  -0.041361 ] [ -2.985614983  6.575808704 -0.515815674 ] [  -0.124431   0.169368  -0.024638 ]

# ESTEEM finished at 30-10-2023, 14:42:39 (       0.123 seconds elapsed)
