# ESTEEM version 1.0.0 started at 26-10-2023, 11:18:23


# Processing clusters for ox (oxirane) for trajectory A
# 1 frames loaded
# Calculating energies and forces for state [0] in orca.
# Reading from input trajectory ox_gs_A_carved.traj
# Not writing to output trajectory as range is subset of trajectory.
# Post-process to combine whole trajectory.
0044  0   -4180.13629173     7 [   0.059752   0.690765  -0.027946 ] [ -2.588639404 11.493021427 -0.396021700 ] [  -0.057807  -0.225414  -0.062977 ]

# ESTEEM finished at 26-10-2023, 11:18:28 (       4.442 seconds elapsed)
# ESTEEM version 1.0.0 started at 27-10-2023, 11:40:18


# Processing clusters for ox (oxirane) for trajectory A
# 1 frames loaded
# Calculating energies and forces for state [0] in orca.
# Reading from input trajectory ox_gs_A_carved.traj
# Not writing to output trajectory as range is subset of trajectory.
# Post-process to combine whole trajectory.
0044  0   -4180.13629173     7 [   0.059752   0.690765  -0.027946 ] [ -2.588639404 11.493021427 -0.396021700 ] [  -0.057807  -0.225414  -0.062977 ]

# ESTEEM finished at 27-10-2023, 11:40:18 (       0.010 seconds elapsed)
# ESTEEM version 1.0.0 started at 27-10-2023, 11:56:49


# Processing clusters for ox (oxirane) for trajectory A
# 1 frames loaded
# Calculating energies and forces for state [0] in orca.
# Reading from input trajectory ox_gs_A_carved.traj
# Not writing to output trajectory as range is subset of trajectory.
# Post-process to combine whole trajectory.
0044  0   -4180.13629173     7 [   0.059752   0.690765  -0.027946 ] [ -2.588639404 11.493021427 -0.396021700 ] [  -0.057807  -0.225414  -0.062977 ]

# ESTEEM finished at 27-10-2023, 11:56:49 (       0.008 seconds elapsed)
# ESTEEM version 1.0.0 started at 27-10-2023, 16:09:48


# Processing clusters for ox (oxirane) for trajectory A
# 1 frames loaded
# Calculating energies and forces for states [0, 1] in orca.
# Reading from input trajectory ox_gs_A_carved.traj
# Not writing to output trajectory as range is subset of trajectory.
# Post-process to combine whole trajectory.
# Not writing to output trajectory as range is subset of trajectory.
# Post-process to combine whole trajectory.
0044  0   -4180.13629173     7 [   0.059752   0.690765  -0.027946 ] [ -2.588639404 11.493021427 -0.396021700 ] [  -0.057807  -0.225414  -0.062977 ]
# Copying from ox_gs_A_orca0044.gbw to ox_es1_A_orca0044.gbw
0044  1   -4171.97299507     7 [   0.059752   0.690765  -0.027946 ] [ -1.781146676 11.100750738  0.367226874 ] [  -0.021061   0.259577  -0.182847 ]

# ESTEEM finished at 27-10-2023, 16:09:57 (       9.078 seconds elapsed)
# ESTEEM version 1.0.0 started at 27-10-2023, 16:10:30


# Processing clusters for ox (oxirane) for trajectory A
# 1 frames loaded
# Calculating energies and forces for states [0, 1] in orca.
# Reading from input trajectory ox_gs_A_carved.traj
# Not writing to output trajectory as range is subset of trajectory.
# Post-process to combine whole trajectory.
# Not writing to output trajectory as range is subset of trajectory.
# Post-process to combine whole trajectory.
0044  0   -4180.13629173     7 [   0.059752   0.690765  -0.027946 ] [ -2.588639404 11.493021427 -0.396021700 ] [  -0.057807  -0.225414  -0.062977 ]
0044  1   -4171.97299507     7 [   0.059752   0.690765  -0.027946 ] [ -1.781146676 11.100750738  0.367226874 ] [  -0.021061   0.259577  -0.182847 ]

# ESTEEM finished at 27-10-2023, 16:10:30 (       0.015 seconds elapsed)
# ESTEEM version 1.0.0 started at 27-10-2023, 16:10:56


# Processing clusters for ox (oxirane) for trajectory A
# 1 frames loaded
# Calculating energies and forces for states [0, 1] in orca.
# Reading from input trajectory ox_gs_A_carved.traj
# Not writing to output trajectory as range is subset of trajectory.
# Post-process to combine whole trajectory.
# Not writing to output trajectory as range is subset of trajectory.
# Post-process to combine whole trajectory.
0044  0   -4180.13629173     7 [   0.059752   0.690765  -0.027946 ] [ -2.588639404 11.493021427 -0.396021700 ] [  -0.057807  -0.225414  -0.062977 ]
0044  1   -4171.97299507     7 [   0.059752   0.690765  -0.027946 ] [ -1.781146676 11.100750738  0.367226874 ] [  -0.021061   0.259577  -0.182847 ]

# ESTEEM finished at 27-10-2023, 16:10:56 (       0.013 seconds elapsed)
# ESTEEM version 1.0.0 started at 27-10-2023, 16:11:23


# Processing clusters for ox (oxirane) for trajectory A
# 1 frames loaded
# Calculating energies and forces for states [0, 1] in orca.
# Reading from input trajectory ox_gs_A_carved.traj
# Not writing to output trajectory as range is subset of trajectory.
# Post-process to combine whole trajectory.
# Not writing to output trajectory as range is subset of trajectory.
# Post-process to combine whole trajectory.
0044  0   -4180.13629173     7 [   0.059752   0.690765  -0.027946 ] [ -2.588639404 11.493021427 -0.396021700 ] [  -0.057807  -0.225414  -0.062977 ]
0044  1   -4171.97299507     7 [   0.059752   0.690765  -0.027946 ] [ -1.781146676 11.100750738  0.367226874 ] [  -0.021061   0.259577  -0.182847 ]

# ESTEEM finished at 27-10-2023, 16:11:23 (       0.012 seconds elapsed)
# ESTEEM version 1.0.0 started at 27-10-2023, 16:11:48


# Processing clusters for ox (oxirane) for trajectory A
# 1 frames loaded
# Calculating energies and forces for states [0, 1] in orca.
# Reading from input trajectory ox_gs_A_carved.traj
# Not writing to output trajectory as range is subset of trajectory.
# Post-process to combine whole trajectory.
# Not writing to output trajectory as range is subset of trajectory.
# Post-process to combine whole trajectory.
0044  0   -4180.13629173     7 [   0.059752   0.690765  -0.027946 ] [ -2.588639404 11.493021427 -0.396021700 ] [  -0.057807  -0.225414  -0.062977 ]
0044  1   -4171.97299507     7 [   0.059752   0.690765  -0.027946 ] [ -1.781146676 11.100750738  0.367226874 ] [  -0.021061   0.259577  -0.182847 ]

# ESTEEM finished at 27-10-2023, 16:11:48 (       0.012 seconds elapsed)
# ESTEEM version 1.0.0 started at 27-10-2023, 16:12:14


# Processing clusters for ox (oxirane) for trajectory A
# 1 frames loaded
# Calculating energies and forces for states [0, 1] in orca.
# Reading from input trajectory ox_gs_A_carved.traj
# Not writing to output trajectory as range is subset of trajectory.
# Post-process to combine whole trajectory.
# Not writing to output trajectory as range is subset of trajectory.
# Post-process to combine whole trajectory.
0044  0   -4180.13629173     7 [   0.059752   0.690765  -0.027946 ] [ -2.588639404 11.493021427 -0.396021700 ] [  -0.057807  -0.225414  -0.062977 ]
0044  1   -4171.97299507     7 [   0.059752   0.690765  -0.027946 ] [ -1.781146676 11.100750738  0.367226874 ] [  -0.021061   0.259577  -0.182847 ]

# ESTEEM finished at 27-10-2023, 16:12:15 (       0.167 seconds elapsed)
# ESTEEM version 1.0.0 started at 30-10-2023, 09:01:50


# Processing clusters for ox (oxirane) for trajectory A
# 1 frames loaded
# Calculating energies and forces for states [0, 1] in orca.
# Reading from input trajectory ox_gs_A_carved.traj
# Not writing to output trajectory as range is subset of trajectory.
# Post-process to combine whole trajectory.
# Not writing to output trajectory as range is subset of trajectory.
# Post-process to combine whole trajectory.
0044  0   -4180.13629173     7 [   0.059752   0.690765  -0.027946 ] [ -2.588639404 11.493021427 -0.396021700 ] [  -0.057807  -0.225414  -0.062977 ]
0044  1   -4171.97299507     7 [   0.059752   0.690765  -0.027946 ] [ -1.781146676 11.100750738  0.367226874 ] [  -0.021061   0.259577  -0.182847 ]

# ESTEEM finished at 30-10-2023, 09:01:50 (       0.010 seconds elapsed)
# ESTEEM version 1.0.0 started at 30-10-2023, 14:42:56


# Processing clusters for ox (oxirane) for trajectory A
# 1 frames loaded
# Calculating energies and forces for states [0, 1] in orca.
# Reading from input trajectory ox_gs_A_carved.traj
# Not writing to output trajectory as range is subset of trajectory.
# Post-process to combine whole trajectory.
# Not writing to output trajectory as range is subset of trajectory.
# Post-process to combine whole trajectory.
0044  0   -4180.13629173     7 [   0.059752   0.690765  -0.027946 ] [ -2.588639404 11.493021427 -0.396021700 ] [  -0.057807  -0.225414  -0.062977 ]
0044  1   -4171.97299507     7 [   0.059752   0.690765  -0.027946 ] [ -1.781146676 11.100750738  0.367226874 ] [  -0.021061   0.259577  -0.182847 ]

# ESTEEM finished at 30-10-2023, 14:42:56 (       0.235 seconds elapsed)
