# ESTEEM version 1.0.0 started at 26-10-2023, 11:17:44


# Processing clusters for ox (oxirane) for trajectory A
# 1 frames loaded
# Calculating energies and forces for state [0] in orca.
# Reading from input trajectory ox_gs_A_carved.traj
# Not writing to output trajectory as range is subset of trajectory.
# Post-process to combine whole trajectory.
0021  0   -4181.16533263     7 [  -0.001635   0.663552  -0.004456 ] [ -0.524141638  5.615668655 -0.791583983 ] [  -0.014404  -0.286608  -0.000529 ]

# ESTEEM finished at 26-10-2023, 11:17:48 (       4.216 seconds elapsed)
# ESTEEM version 1.0.0 started at 27-10-2023, 11:40:05


# Processing clusters for ox (oxirane) for trajectory A
# 1 frames loaded
# Calculating energies and forces for state [0] in orca.
# Reading from input trajectory ox_gs_A_carved.traj
# Not writing to output trajectory as range is subset of trajectory.
# Post-process to combine whole trajectory.
0021  0   -4181.16533263     7 [  -0.001635   0.663552  -0.004456 ] [ -0.524141638  5.615668655 -0.791583983 ] [  -0.014404  -0.286608  -0.000529 ]

# ESTEEM finished at 27-10-2023, 11:40:05 (       0.010 seconds elapsed)
# ESTEEM version 1.0.0 started at 27-10-2023, 11:56:37


# Processing clusters for ox (oxirane) for trajectory A
# 1 frames loaded
# Calculating energies and forces for state [0] in orca.
# Reading from input trajectory ox_gs_A_carved.traj
# Not writing to output trajectory as range is subset of trajectory.
# Post-process to combine whole trajectory.
0021  0   -4181.16533263     7 [  -0.001635   0.663552  -0.004456 ] [ -0.524141638  5.615668655 -0.791583983 ] [  -0.014404  -0.286608  -0.000529 ]

# ESTEEM finished at 27-10-2023, 11:56:37 (       0.010 seconds elapsed)
# ESTEEM version 1.0.0 started at 27-10-2023, 16:08:47


# Processing clusters for ox (oxirane) for trajectory A
# 1 frames loaded
# Calculating energies and forces for states [0, 1] in orca.
# Reading from input trajectory ox_gs_A_carved.traj
# Not writing to output trajectory as range is subset of trajectory.
# Post-process to combine whole trajectory.
# Not writing to output trajectory as range is subset of trajectory.
# Post-process to combine whole trajectory.
0021  0   -4181.16533263     7 [  -0.001635   0.663552  -0.004456 ] [ -0.524141638  5.615668655 -0.791583983 ] [  -0.014404  -0.286608  -0.000529 ]
# Copying from ox_gs_A_orca0021.gbw to ox_es1_A_orca0021.gbw
0021  1   -4173.03271627     7 [  -0.001635   0.663552  -0.004456 ] [  0.220577299  5.258520898 -0.176022496 ] [  -0.395687   0.039180  -0.052092 ]

# ESTEEM finished at 27-10-2023, 16:08:56 (       8.529 seconds elapsed)
# ESTEEM version 1.0.0 started at 27-10-2023, 16:10:18


# Processing clusters for ox (oxirane) for trajectory A
# 1 frames loaded
# Calculating energies and forces for states [0, 1] in orca.
# Reading from input trajectory ox_gs_A_carved.traj
# Not writing to output trajectory as range is subset of trajectory.
# Post-process to combine whole trajectory.
# Not writing to output trajectory as range is subset of trajectory.
# Post-process to combine whole trajectory.
0021  0   -4181.16533263     7 [  -0.001635   0.663552  -0.004456 ] [ -0.524141638  5.615668655 -0.791583983 ] [  -0.014404  -0.286608  -0.000529 ]
0021  1   -4173.03271627     7 [  -0.001635   0.663552  -0.004456 ] [  0.220577299  5.258520898 -0.176022496 ] [  -0.395687   0.039180  -0.052092 ]

# ESTEEM finished at 27-10-2023, 16:10:18 (       0.012 seconds elapsed)
# ESTEEM version 1.0.0 started at 27-10-2023, 16:10:45


# Processing clusters for ox (oxirane) for trajectory A
# 1 frames loaded
# Calculating energies and forces for states [0, 1] in orca.
# Reading from input trajectory ox_gs_A_carved.traj
# Not writing to output trajectory as range is subset of trajectory.
# Post-process to combine whole trajectory.
# Not writing to output trajectory as range is subset of trajectory.
# Post-process to combine whole trajectory.
0021  0   -4181.16533263     7 [  -0.001635   0.663552  -0.004456 ] [ -0.524141638  5.615668655 -0.791583983 ] [  -0.014404  -0.286608  -0.000529 ]
0021  1   -4173.03271627     7 [  -0.001635   0.663552  -0.004456 ] [  0.220577299  5.258520898 -0.176022496 ] [  -0.395687   0.039180  -0.052092 ]

# ESTEEM finished at 27-10-2023, 16:10:45 (       0.033 seconds elapsed)
# ESTEEM version 1.0.0 started at 27-10-2023, 16:11:10


# Processing clusters for ox (oxirane) for trajectory A
# 1 frames loaded
# Calculating energies and forces for states [0, 1] in orca.
# Reading from input trajectory ox_gs_A_carved.traj
# Not writing to output trajectory as range is subset of trajectory.
# Post-process to combine whole trajectory.
# Not writing to output trajectory as range is subset of trajectory.
# Post-process to combine whole trajectory.
0021  0   -4181.16533263     7 [  -0.001635   0.663552  -0.004456 ] [ -0.524141638  5.615668655 -0.791583983 ] [  -0.014404  -0.286608  -0.000529 ]
0021  1   -4173.03271627     7 [  -0.001635   0.663552  -0.004456 ] [  0.220577299  5.258520898 -0.176022496 ] [  -0.395687   0.039180  -0.052092 ]

# ESTEEM finished at 27-10-2023, 16:11:10 (       0.019 seconds elapsed)
# ESTEEM version 1.0.0 started at 27-10-2023, 16:11:37


# Processing clusters for ox (oxirane) for trajectory A
# 1 frames loaded
# Calculating energies and forces for states [0, 1] in orca.
# Reading from input trajectory ox_gs_A_carved.traj
# Not writing to output trajectory as range is subset of trajectory.
# Post-process to combine whole trajectory.
# Not writing to output trajectory as range is subset of trajectory.
# Post-process to combine whole trajectory.
0021  0   -4181.16533263     7 [  -0.001635   0.663552  -0.004456 ] [ -0.524141638  5.615668655 -0.791583983 ] [  -0.014404  -0.286608  -0.000529 ]
0021  1   -4173.03271627     7 [  -0.001635   0.663552  -0.004456 ] [  0.220577299  5.258520898 -0.176022496 ] [  -0.395687   0.039180  -0.052092 ]

# ESTEEM finished at 27-10-2023, 16:11:37 (       0.010 seconds elapsed)
# ESTEEM version 1.0.0 started at 27-10-2023, 16:12:01


# Processing clusters for ox (oxirane) for trajectory A
# 1 frames loaded
# Calculating energies and forces for states [0, 1] in orca.
# Reading from input trajectory ox_gs_A_carved.traj
# Not writing to output trajectory as range is subset of trajectory.
# Post-process to combine whole trajectory.
# Not writing to output trajectory as range is subset of trajectory.
# Post-process to combine whole trajectory.
0021  0   -4181.16533263     7 [  -0.001635   0.663552  -0.004456 ] [ -0.524141638  5.615668655 -0.791583983 ] [  -0.014404  -0.286608  -0.000529 ]
0021  1   -4173.03271627     7 [  -0.001635   0.663552  -0.004456 ] [  0.220577299  5.258520898 -0.176022496 ] [  -0.395687   0.039180  -0.052092 ]

# ESTEEM finished at 27-10-2023, 16:12:01 (       0.009 seconds elapsed)
# ESTEEM version 1.0.0 started at 30-10-2023, 09:01:40


# Processing clusters for ox (oxirane) for trajectory A
# 1 frames loaded
# Calculating energies and forces for states [0, 1] in orca.
# Reading from input trajectory ox_gs_A_carved.traj
# Not writing to output trajectory as range is subset of trajectory.
# Post-process to combine whole trajectory.
# Not writing to output trajectory as range is subset of trajectory.
# Post-process to combine whole trajectory.
0021  0   -4181.16533263     7 [  -0.001635   0.663552  -0.004456 ] [ -0.524141638  5.615668655 -0.791583983 ] [  -0.014404  -0.286608  -0.000529 ]
0021  1   -4173.03271627     7 [  -0.001635   0.663552  -0.004456 ] [  0.220577299  5.258520898 -0.176022496 ] [  -0.395687   0.039180  -0.052092 ]

# ESTEEM finished at 30-10-2023, 09:01:40 (       0.015 seconds elapsed)
# ESTEEM version 1.0.0 started at 30-10-2023, 14:42:41


# Processing clusters for ox (oxirane) for trajectory A
# 1 frames loaded
# Calculating energies and forces for states [0, 1] in orca.
# Reading from input trajectory ox_gs_A_carved.traj
# Not writing to output trajectory as range is subset of trajectory.
# Post-process to combine whole trajectory.
# Not writing to output trajectory as range is subset of trajectory.
# Post-process to combine whole trajectory.
0021  0   -4181.16533263     7 [  -0.001635   0.663552  -0.004456 ] [ -0.524141638  5.615668655 -0.791583983 ] [  -0.014404  -0.286608  -0.000529 ]
0021  1   -4173.03271627     7 [  -0.001635   0.663552  -0.004456 ] [  0.220577299  5.258520898 -0.176022496 ] [  -0.395687   0.039180  -0.052092 ]

# ESTEEM finished at 30-10-2023, 14:42:42 (       0.124 seconds elapsed)
