gs rattled_50x1 1
gs rattled_50x1 ['A']
gs rattled_50x2 2
gs rattled_50x2 ['A', 'B', 'A', 'B']
gs rattled_50x3 3
gs rattled_50x3 ['A', 'B', 'C', 'A', 'B', 'C', 'A', 'B', 'C']
gs rattled_50x4 4
gs rattled_50x4 ['A', 'B', 'C', 'D', 'A', 'B', 'C', 'D', 'A', 'B', 'C', 'D', 'A', 'B', 'C', 'D']
es1 rattled_50x1 1
es1 rattled_50x1 ['AA']
es1 rattled_50x2 2
es1 rattled_50x2 ['AA', 'AB', 'AA', 'AB']
es1 rattled_50x3 3
es1 rattled_50x3 ['AA', 'AB', 'AC', 'AA', 'AB', 'AC', 'AA', 'AB', 'AC']
es1 rattled_50x4 4
es1 rattled_50x4 ['AA', 'AB', 'AC', 'AD', 'AA', 'AB', 'AC', 'AD', 'AA', 'AB', 'AC', 'AD', 'AA', 'AB', 'AC', 'AD']
done
# ESTEEM version 1.0.0 started at 29-11-2023, 16:59:05


# Processing clusters for ox (oxirane) for trajectory C
# 1 frames loaded
# Calculating energies and forces for states [0, 1] in orca.
# Reading from input trajectory ox_gs_C_carved.traj
# Not writing to output trajectory as range is subset of trajectory.
# Post-process to combine whole trajectory.
# Not writing to output trajectory as range is subset of trajectory.
# Post-process to combine whole trajectory.
0009  0   -4179.53635096     7 [  -0.506478   1.037180   0.016974 ] [  3.022145929 -3.779472757 -0.809924406 ] [   0.199770  -0.645654  -0.025120 ]
# Copying from ox_gs_C_orca0009.gbw to ox_es1_C_orca0009.gbw
0009  1   -4176.72435233     7 [  -0.506478   1.037180   0.016974 ] [ -2.416623431  0.179837701 -0.343995192 ] [  -0.123261  -0.380494  -0.022241 ]

# ESTEEM finished at 29-11-2023, 16:59:18 (      12.802 seconds elapsed)
gs rattled_50x1 1
gs rattled_50x1 ['A']
gs rattled_50x2 2
gs rattled_50x2 ['A', 'B', 'A', 'B']
gs rattled_50x3 3
gs rattled_50x3 ['A', 'B', 'C', 'A', 'B', 'C', 'A', 'B', 'C']
gs rattled_50x4 4
gs rattled_50x4 ['A', 'B', 'C', 'D', 'A', 'B', 'C', 'D', 'A', 'B', 'C', 'D', 'A', 'B', 'C', 'D']
gs rattled_50x5 5
gs rattled_50x5 ['A', 'B', 'C', 'D', 'E', 'A', 'B', 'C', 'D', 'E', 'A', 'B', 'C', 'D', 'E', 'A', 'B', 'C', 'D', 'E', 'A', 'B', 'C', 'D', 'E']
gs rattled_50x6 6
gs rattled_50x6 ['A', 'B', 'C', 'D', 'E', 'F', 'A', 'B', 'C', 'D', 'E', 'F', 'A', 'B', 'C', 'D', 'E', 'F', 'A', 'B', 'C', 'D', 'E', 'F', 'A', 'B', 'C', 'D', 'E', 'F', 'A', 'B', 'C', 'D', 'E', 'F']
gs rattled_50x7 7
gs rattled_50x7 ['A', 'B', 'C', 'D', 'E', 'F', 'G', 'A', 'B', 'C', 'D', 'E', 'F', 'G', 'A', 'B', 'C', 'D', 'E', 'F', 'G', 'A', 'B', 'C', 'D', 'E', 'F', 'G', 'A', 'B', 'C', 'D', 'E', 'F', 'G', 'A', 'B', 'C', 'D', 'E', 'F', 'G', 'A', 'B', 'C', 'D', 'E', 'F', 'G']
gs rattled_50x8 8
gs rattled_50x8 ['A', 'B', 'C', 'D', 'E', 'F', 'G', 'H', 'A', 'B', 'C', 'D', 'E', 'F', 'G', 'H', 'A', 'B', 'C', 'D', 'E', 'F', 'G', 'H', 'A', 'B', 'C', 'D', 'E', 'F', 'G', 'H', 'A', 'B', 'C', 'D', 'E', 'F', 'G', 'H', 'A', 'B', 'C', 'D', 'E', 'F', 'G', 'H', 'A', 'B', 'C', 'D', 'E', 'F', 'G', 'H', 'A', 'B', 'C', 'D', 'E', 'F', 'G', 'H']
gs rattled_50x9 9
gs rattled_50x9 ['A', 'B', 'C', 'D', 'E', 'F', 'G', 'H', 'I', 'A', 'B', 'C', 'D', 'E', 'F', 'G', 'H', 'I', 'A', 'B', 'C', 'D', 'E', 'F', 'G', 'H', 'I', 'A', 'B', 'C', 'D', 'E', 'F', 'G', 'H', 'I', 'A', 'B', 'C', 'D', 'E', 'F', 'G', 'H', 'I', 'A', 'B', 'C', 'D', 'E', 'F', 'G', 'H', 'I', 'A', 'B', 'C', 'D', 'E', 'F', 'G', 'H', 'I', 'A', 'B', 'C', 'D', 'E', 'F', 'G', 'H', 'I', 'A', 'B', 'C', 'D', 'E', 'F', 'G', 'H', 'I']
gs rattled_50x10 10
gs rattled_50x10 ['A', 'B', 'C', 'D', 'E', 'F', 'G', 'H', 'I', 'J', 'A', 'B', 'C', 'D', 'E', 'F', 'G', 'H', 'I', 'J', 'A', 'B', 'C', 'D', 'E', 'F', 'G', 'H', 'I', 'J', 'A', 'B', 'C', 'D', 'E', 'F', 'G', 'H', 'I', 'J', 'A', 'B', 'C', 'D', 'E', 'F', 'G', 'H', 'I', 'J', 'A', 'B', 'C', 'D', 'E', 'F', 'G', 'H', 'I', 'J', 'A', 'B', 'C', 'D', 'E', 'F', 'G', 'H', 'I', 'J', 'A', 'B', 'C', 'D', 'E', 'F', 'G', 'H', 'I', 'J', 'A', 'B', 'C', 'D', 'E', 'F', 'G', 'H', 'I', 'J', 'A', 'B', 'C', 'D', 'E', 'F', 'G', 'H', 'I', 'J']
es1 rattled_50x1 1
es1 rattled_50x1 ['AA']
es1 rattled_50x2 2
es1 rattled_50x2 ['AA', 'AB', 'AA', 'AB']
es1 rattled_50x3 3
es1 rattled_50x3 ['AA', 'AB', 'AC', 'AA', 'AB', 'AC', 'AA', 'AB', 'AC']
es1 rattled_50x4 4
es1 rattled_50x4 ['AA', 'AB', 'AC', 'AD', 'AA', 'AB', 'AC', 'AD', 'AA', 'AB', 'AC', 'AD', 'AA', 'AB', 'AC', 'AD']
es1 rattled_50x5 5
es1 rattled_50x5 ['AA', 'AB', 'AC', 'AD', 'AE', 'AA', 'AB', 'AC', 'AD', 'AE', 'AA', 'AB', 'AC', 'AD', 'AE', 'AA', 'AB', 'AC', 'AD', 'AE', 'AA', 'AB', 'AC', 'AD', 'AE']
es1 rattled_50x6 6
es1 rattled_50x6 ['AA', 'AB', 'AC', 'AD', 'AE', 'AF', 'AA', 'AB', 'AC', 'AD', 'AE', 'AF', 'AA', 'AB', 'AC', 'AD', 'AE', 'AF', 'AA', 'AB', 'AC', 'AD', 'AE', 'AF', 'AA', 'AB', 'AC', 'AD', 'AE', 'AF', 'AA', 'AB', 'AC', 'AD', 'AE', 'AF']
es1 rattled_50x7 7
es1 rattled_50x7 ['AA', 'AB', 'AC', 'AD', 'AE', 'AF', 'AG', 'AA', 'AB', 'AC', 'AD', 'AE', 'AF', 'AG', 'AA', 'AB', 'AC', 'AD', 'AE', 'AF', 'AG', 'AA', 'AB', 'AC', 'AD', 'AE', 'AF', 'AG', 'AA', 'AB', 'AC', 'AD', 'AE', 'AF', 'AG', 'AA', 'AB', 'AC', 'AD', 'AE', 'AF', 'AG', 'AA', 'AB', 'AC', 'AD', 'AE', 'AF', 'AG']
es1 rattled_50x8 8
es1 rattled_50x8 ['AA', 'AB', 'AC', 'AD', 'AE', 'AF', 'AG', 'AH', 'AA', 'AB', 'AC', 'AD', 'AE', 'AF', 'AG', 'AH', 'AA', 'AB', 'AC', 'AD', 'AE', 'AF', 'AG', 'AH', 'AA', 'AB', 'AC', 'AD', 'AE', 'AF', 'AG', 'AH', 'AA', 'AB', 'AC', 'AD', 'AE', 'AF', 'AG', 'AH', 'AA', 'AB', 'AC', 'AD', 'AE', 'AF', 'AG', 'AH', 'AA', 'AB', 'AC', 'AD', 'AE', 'AF', 'AG', 'AH', 'AA', 'AB', 'AC', 'AD', 'AE', 'AF', 'AG', 'AH']
es1 rattled_50x9 9
es1 rattled_50x9 ['AA', 'AB', 'AC', 'AD', 'AE', 'AF', 'AG', 'AH', 'AI', 'AA', 'AB', 'AC', 'AD', 'AE', 'AF', 'AG', 'AH', 'AI', 'AA', 'AB', 'AC', 'AD', 'AE', 'AF', 'AG', 'AH', 'AI', 'AA', 'AB', 'AC', 'AD', 'AE', 'AF', 'AG', 'AH', 'AI', 'AA', 'AB', 'AC', 'AD', 'AE', 'AF', 'AG', 'AH', 'AI', 'AA', 'AB', 'AC', 'AD', 'AE', 'AF', 'AG', 'AH', 'AI', 'AA', 'AB', 'AC', 'AD', 'AE', 'AF', 'AG', 'AH', 'AI', 'AA', 'AB', 'AC', 'AD', 'AE', 'AF', 'AG', 'AH', 'AI', 'AA', 'AB', 'AC', 'AD', 'AE', 'AF', 'AG', 'AH', 'AI']
es1 rattled_50x10 10
es1 rattled_50x10 ['AA', 'AB', 'AC', 'AD', 'AE', 'AF', 'AG', 'AH', 'AI', 'AJ', 'AA', 'AB', 'AC', 'AD', 'AE', 'AF', 'AG', 'AH', 'AI', 'AJ', 'AA', 'AB', 'AC', 'AD', 'AE', 'AF', 'AG', 'AH', 'AI', 'AJ', 'AA', 'AB', 'AC', 'AD', 'AE', 'AF', 'AG', 'AH', 'AI', 'AJ', 'AA', 'AB', 'AC', 'AD', 'AE', 'AF', 'AG', 'AH', 'AI', 'AJ', 'AA', 'AB', 'AC', 'AD', 'AE', 'AF', 'AG', 'AH', 'AI', 'AJ', 'AA', 'AB', 'AC', 'AD', 'AE', 'AF', 'AG', 'AH', 'AI', 'AJ', 'AA', 'AB', 'AC', 'AD', 'AE', 'AF', 'AG', 'AH', 'AI', 'AJ', 'AA', 'AB', 'AC', 'AD', 'AE', 'AF', 'AG', 'AH', 'AI', 'AJ', 'AA', 'AB', 'AC', 'AD', 'AE', 'AF', 'AG', 'AH', 'AI', 'AJ']
done
# ESTEEM version 1.0.0 started at 29-11-2023, 17:29:13


# Processing clusters for ox (oxirane) for trajectory C
# 1 frames loaded
# Calculating energies and forces for states [0, 1] in orca.
# Reading from input trajectory ox_gs_C_carved.traj
# Not writing to output trajectory as range is subset of trajectory.
# Post-process to combine whole trajectory.
# Not writing to output trajectory as range is subset of trajectory.
# Post-process to combine whole trajectory.
0009  0   -4179.53635096     7 [  -0.506478   1.037180   0.016974 ] [  3.022145929 -3.779472757 -0.809924406 ] [   0.199770  -0.645654  -0.025120 ]
0009  1   -4176.72435233     7 [  -0.506478   1.037180   0.016974 ] [ -2.416623431  0.179837701 -0.343995192 ] [  -0.123261  -0.380494  -0.022241 ]

# ESTEEM finished at 29-11-2023, 17:29:13 (       0.009 seconds elapsed)
gs rattled_50x1 1
gs rattled_50x1 ['A']
gs rattled_50x2 2
gs rattled_50x2 ['A', 'B', 'A', 'B']
gs rattled_50x3 3
gs rattled_50x3 ['A', 'B', 'C', 'A', 'B', 'C', 'A', 'B', 'C']
gs rattled_50x4 4
gs rattled_50x4 ['A', 'B', 'C', 'D', 'A', 'B', 'C', 'D', 'A', 'B', 'C', 'D', 'A', 'B', 'C', 'D']
gs rattled_50x5 5
gs rattled_50x5 ['A', 'B', 'C', 'D', 'E', 'A', 'B', 'C', 'D', 'E', 'A', 'B', 'C', 'D', 'E', 'A', 'B', 'C', 'D', 'E', 'A', 'B', 'C', 'D', 'E']
gs rattled_50x6 6
gs rattled_50x6 ['A', 'B', 'C', 'D', 'E', 'F', 'A', 'B', 'C', 'D', 'E', 'F', 'A', 'B', 'C', 'D', 'E', 'F', 'A', 'B', 'C', 'D', 'E', 'F', 'A', 'B', 'C', 'D', 'E', 'F', 'A', 'B', 'C', 'D', 'E', 'F']
gs rattled_50x7 7
gs rattled_50x7 ['A', 'B', 'C', 'D', 'E', 'F', 'G', 'A', 'B', 'C', 'D', 'E', 'F', 'G', 'A', 'B', 'C', 'D', 'E', 'F', 'G', 'A', 'B', 'C', 'D', 'E', 'F', 'G', 'A', 'B', 'C', 'D', 'E', 'F', 'G', 'A', 'B', 'C', 'D', 'E', 'F', 'G', 'A', 'B', 'C', 'D', 'E', 'F', 'G']
gs rattled_50x8 8
gs rattled_50x8 ['A', 'B', 'C', 'D', 'E', 'F', 'G', 'H', 'A', 'B', 'C', 'D', 'E', 'F', 'G', 'H', 'A', 'B', 'C', 'D', 'E', 'F', 'G', 'H', 'A', 'B', 'C', 'D', 'E', 'F', 'G', 'H', 'A', 'B', 'C', 'D', 'E', 'F', 'G', 'H', 'A', 'B', 'C', 'D', 'E', 'F', 'G', 'H', 'A', 'B', 'C', 'D', 'E', 'F', 'G', 'H', 'A', 'B', 'C', 'D', 'E', 'F', 'G', 'H']
gs rattled_50x9 9
gs rattled_50x9 ['A', 'B', 'C', 'D', 'E', 'F', 'G', 'H', 'I', 'A', 'B', 'C', 'D', 'E', 'F', 'G', 'H', 'I', 'A', 'B', 'C', 'D', 'E', 'F', 'G', 'H', 'I', 'A', 'B', 'C', 'D', 'E', 'F', 'G', 'H', 'I', 'A', 'B', 'C', 'D', 'E', 'F', 'G', 'H', 'I', 'A', 'B', 'C', 'D', 'E', 'F', 'G', 'H', 'I', 'A', 'B', 'C', 'D', 'E', 'F', 'G', 'H', 'I', 'A', 'B', 'C', 'D', 'E', 'F', 'G', 'H', 'I', 'A', 'B', 'C', 'D', 'E', 'F', 'G', 'H', 'I']
gs rattled_50x10 10
gs rattled_50x10 ['A', 'B', 'C', 'D', 'E', 'F', 'G', 'H', 'I', 'J', 'A', 'B', 'C', 'D', 'E', 'F', 'G', 'H', 'I', 'J', 'A', 'B', 'C', 'D', 'E', 'F', 'G', 'H', 'I', 'J', 'A', 'B', 'C', 'D', 'E', 'F', 'G', 'H', 'I', 'J', 'A', 'B', 'C', 'D', 'E', 'F', 'G', 'H', 'I', 'J', 'A', 'B', 'C', 'D', 'E', 'F', 'G', 'H', 'I', 'J', 'A', 'B', 'C', 'D', 'E', 'F', 'G', 'H', 'I', 'J', 'A', 'B', 'C', 'D', 'E', 'F', 'G', 'H', 'I', 'J', 'A', 'B', 'C', 'D', 'E', 'F', 'G', 'H', 'I', 'J', 'A', 'B', 'C', 'D', 'E', 'F', 'G', 'H', 'I', 'J']
es1 rattled_50x1 1
es1 rattled_50x1 ['AA']
es1 rattled_50x2 2
es1 rattled_50x2 ['AA', 'AB', 'AA', 'AB']
es1 rattled_50x3 3
es1 rattled_50x3 ['AA', 'AB', 'AC', 'AA', 'AB', 'AC', 'AA', 'AB', 'AC']
es1 rattled_50x4 4
es1 rattled_50x4 ['AA', 'AB', 'AC', 'AD', 'AA', 'AB', 'AC', 'AD', 'AA', 'AB', 'AC', 'AD', 'AA', 'AB', 'AC', 'AD']
es1 rattled_50x5 5
es1 rattled_50x5 ['AA', 'AB', 'AC', 'AD', 'AE', 'AA', 'AB', 'AC', 'AD', 'AE', 'AA', 'AB', 'AC', 'AD', 'AE', 'AA', 'AB', 'AC', 'AD', 'AE', 'AA', 'AB', 'AC', 'AD', 'AE']
es1 rattled_50x6 6
es1 rattled_50x6 ['AA', 'AB', 'AC', 'AD', 'AE', 'AF', 'AA', 'AB', 'AC', 'AD', 'AE', 'AF', 'AA', 'AB', 'AC', 'AD', 'AE', 'AF', 'AA', 'AB', 'AC', 'AD', 'AE', 'AF', 'AA', 'AB', 'AC', 'AD', 'AE', 'AF', 'AA', 'AB', 'AC', 'AD', 'AE', 'AF']
es1 rattled_50x7 7
es1 rattled_50x7 ['AA', 'AB', 'AC', 'AD', 'AE', 'AF', 'AG', 'AA', 'AB', 'AC', 'AD', 'AE', 'AF', 'AG', 'AA', 'AB', 'AC', 'AD', 'AE', 'AF', 'AG', 'AA', 'AB', 'AC', 'AD', 'AE', 'AF', 'AG', 'AA', 'AB', 'AC', 'AD', 'AE', 'AF', 'AG', 'AA', 'AB', 'AC', 'AD', 'AE', 'AF', 'AG', 'AA', 'AB', 'AC', 'AD', 'AE', 'AF', 'AG']
es1 rattled_50x8 8
es1 rattled_50x8 ['AA', 'AB', 'AC', 'AD', 'AE', 'AF', 'AG', 'AH', 'AA', 'AB', 'AC', 'AD', 'AE', 'AF', 'AG', 'AH', 'AA', 'AB', 'AC', 'AD', 'AE', 'AF', 'AG', 'AH', 'AA', 'AB', 'AC', 'AD', 'AE', 'AF', 'AG', 'AH', 'AA', 'AB', 'AC', 'AD', 'AE', 'AF', 'AG', 'AH', 'AA', 'AB', 'AC', 'AD', 'AE', 'AF', 'AG', 'AH', 'AA', 'AB', 'AC', 'AD', 'AE', 'AF', 'AG', 'AH', 'AA', 'AB', 'AC', 'AD', 'AE', 'AF', 'AG', 'AH']
es1 rattled_50x9 9
es1 rattled_50x9 ['AA', 'AB', 'AC', 'AD', 'AE', 'AF', 'AG', 'AH', 'AI', 'AA', 'AB', 'AC', 'AD', 'AE', 'AF', 'AG', 'AH', 'AI', 'AA', 'AB', 'AC', 'AD', 'AE', 'AF', 'AG', 'AH', 'AI', 'AA', 'AB', 'AC', 'AD', 'AE', 'AF', 'AG', 'AH', 'AI', 'AA', 'AB', 'AC', 'AD', 'AE', 'AF', 'AG', 'AH', 'AI', 'AA', 'AB', 'AC', 'AD', 'AE', 'AF', 'AG', 'AH', 'AI', 'AA', 'AB', 'AC', 'AD', 'AE', 'AF', 'AG', 'AH', 'AI', 'AA', 'AB', 'AC', 'AD', 'AE', 'AF', 'AG', 'AH', 'AI', 'AA', 'AB', 'AC', 'AD', 'AE', 'AF', 'AG', 'AH', 'AI']
es1 rattled_50x10 10
es1 rattled_50x10 ['AA', 'AB', 'AC', 'AD', 'AE', 'AF', 'AG', 'AH', 'AI', 'AJ', 'AA', 'AB', 'AC', 'AD', 'AE', 'AF', 'AG', 'AH', 'AI', 'AJ', 'AA', 'AB', 'AC', 'AD', 'AE', 'AF', 'AG', 'AH', 'AI', 'AJ', 'AA', 'AB', 'AC', 'AD', 'AE', 'AF', 'AG', 'AH', 'AI', 'AJ', 'AA', 'AB', 'AC', 'AD', 'AE', 'AF', 'AG', 'AH', 'AI', 'AJ', 'AA', 'AB', 'AC', 'AD', 'AE', 'AF', 'AG', 'AH', 'AI', 'AJ', 'AA', 'AB', 'AC', 'AD', 'AE', 'AF', 'AG', 'AH', 'AI', 'AJ', 'AA', 'AB', 'AC', 'AD', 'AE', 'AF', 'AG', 'AH', 'AI', 'AJ', 'AA', 'AB', 'AC', 'AD', 'AE', 'AF', 'AG', 'AH', 'AI', 'AJ', 'AA', 'AB', 'AC', 'AD', 'AE', 'AF', 'AG', 'AH', 'AI', 'AJ']
done
# ESTEEM version 1.0.0 started at 06-12-2023, 14:20:10


# Processing clusters for ox (oxirane) for trajectory C
# 1 frames loaded
# Calculating energies and forces for states [0, 1] in orca.
# Reading from input trajectory ox_gs_C_carved.traj
# Not writing to output trajectory as range is subset of trajectory.
# Post-process to combine whole trajectory.
# Not writing to output trajectory as range is subset of trajectory.
# Post-process to combine whole trajectory.
0009  0   -4179.53635096     7 [  -0.506478   1.037180   0.016974 ] [  3.022145929 -3.779472757 -0.809924406 ] [   0.199770  -0.645654  -0.025120 ]
0009  1   -4176.72435233     7 [  -0.506478   1.037180   0.016974 ] [ -2.416623431  0.179837701 -0.343995192 ] [  -0.123261  -0.380494  -0.022241 ]

# ESTEEM finished at 06-12-2023, 14:20:10 (       0.061 seconds elapsed)
