# ESTEEM version 1.0.0 started at 26-10-2023, 11:18:10


# Processing clusters for ox (oxirane) for trajectory A
# 1 frames loaded
# Calculating energies and forces for state [0] in orca.
# Reading from input trajectory ox_gs_A_carved.traj
# Not writing to output trajectory as range is subset of trajectory.
# Post-process to combine whole trajectory.
0034  0   -4181.25762966     7 [  -0.001882   0.822089   0.005711 ] [  0.512445019 -3.358985111 -0.222049761 ] [   0.000794  -0.465496  -0.018161 ]

# ESTEEM finished at 26-10-2023, 11:18:14 (       4.318 seconds elapsed)
# ESTEEM version 1.0.0 started at 27-10-2023, 11:40:12


# Processing clusters for ox (oxirane) for trajectory A
# 1 frames loaded
# Calculating energies and forces for state [0] in orca.
# Reading from input trajectory ox_gs_A_carved.traj
# Not writing to output trajectory as range is subset of trajectory.
# Post-process to combine whole trajectory.
0034  0   -4181.25762966     7 [  -0.001882   0.822089   0.005711 ] [  0.512445019 -3.358985111 -0.222049761 ] [   0.000794  -0.465496  -0.018161 ]

# ESTEEM finished at 27-10-2023, 11:40:12 (       0.010 seconds elapsed)
# ESTEEM version 1.0.0 started at 27-10-2023, 11:56:44


# Processing clusters for ox (oxirane) for trajectory A
# 1 frames loaded
# Calculating energies and forces for state [0] in orca.
# Reading from input trajectory ox_gs_A_carved.traj
# Not writing to output trajectory as range is subset of trajectory.
# Post-process to combine whole trajectory.
0034  0   -4181.25762966     7 [  -0.001882   0.822089   0.005711 ] [  0.512445019 -3.358985111 -0.222049761 ] [   0.000794  -0.465496  -0.018161 ]

# ESTEEM finished at 27-10-2023, 11:56:44 (       0.009 seconds elapsed)
# ESTEEM version 1.0.0 started at 27-10-2023, 16:09:20


# Processing clusters for ox (oxirane) for trajectory A
# 1 frames loaded
# Calculating energies and forces for states [0, 1] in orca.
# Reading from input trajectory ox_gs_A_carved.traj
# Not writing to output trajectory as range is subset of trajectory.
# Post-process to combine whole trajectory.
# Not writing to output trajectory as range is subset of trajectory.
# Post-process to combine whole trajectory.
0034  0   -4181.25762966     7 [  -0.001882   0.822089   0.005711 ] [  0.512445019 -3.358985111 -0.222049761 ] [   0.000794  -0.465496  -0.018161 ]
# Copying from ox_gs_A_orca0034.gbw to ox_es1_A_orca0034.gbw
0034  1   -4174.20864995     7 [  -0.001882   0.822089   0.005711 ] [ -4.688128574  6.036058114  0.329243755 ] [  -0.350019  -0.032068   0.015198 ]

# ESTEEM finished at 27-10-2023, 16:09:29 (       8.377 seconds elapsed)
# ESTEEM version 1.0.0 started at 27-10-2023, 16:10:31


# Processing clusters for ox (oxirane) for trajectory A
# 1 frames loaded
# Calculating energies and forces for states [0, 1] in orca.
# Reading from input trajectory ox_gs_A_carved.traj
# Not writing to output trajectory as range is subset of trajectory.
# Post-process to combine whole trajectory.
# Not writing to output trajectory as range is subset of trajectory.
# Post-process to combine whole trajectory.
0034  0   -4181.25762966     7 [  -0.001882   0.822089   0.005711 ] [  0.512445019 -3.358985111 -0.222049761 ] [   0.000794  -0.465496  -0.018161 ]
0034  1   -4174.20864995     7 [  -0.001882   0.822089   0.005711 ] [ -4.688128574  6.036058114  0.329243755 ] [  -0.350019  -0.032068   0.015198 ]

# ESTEEM finished at 27-10-2023, 16:10:31 (       0.047 seconds elapsed)
# ESTEEM version 1.0.0 started at 27-10-2023, 16:10:51


# Processing clusters for ox (oxirane) for trajectory A
# 1 frames loaded
# Calculating energies and forces for states [0, 1] in orca.
# Reading from input trajectory ox_gs_A_carved.traj
# Not writing to output trajectory as range is subset of trajectory.
# Post-process to combine whole trajectory.
# Not writing to output trajectory as range is subset of trajectory.
# Post-process to combine whole trajectory.
0034  0   -4181.25762966     7 [  -0.001882   0.822089   0.005711 ] [  0.512445019 -3.358985111 -0.222049761 ] [   0.000794  -0.465496  -0.018161 ]
0034  1   -4174.20864995     7 [  -0.001882   0.822089   0.005711 ] [ -4.688128574  6.036058114  0.329243755 ] [  -0.350019  -0.032068   0.015198 ]

# ESTEEM finished at 27-10-2023, 16:10:51 (       0.013 seconds elapsed)
# ESTEEM version 1.0.0 started at 27-10-2023, 16:11:18


# Processing clusters for ox (oxirane) for trajectory A
# 1 frames loaded
# Calculating energies and forces for states [0, 1] in orca.
# Reading from input trajectory ox_gs_A_carved.traj
# Not writing to output trajectory as range is subset of trajectory.
# Post-process to combine whole trajectory.
# Not writing to output trajectory as range is subset of trajectory.
# Post-process to combine whole trajectory.
0034  0   -4181.25762966     7 [  -0.001882   0.822089   0.005711 ] [  0.512445019 -3.358985111 -0.222049761 ] [   0.000794  -0.465496  -0.018161 ]
0034  1   -4174.20864995     7 [  -0.001882   0.822089   0.005711 ] [ -4.688128574  6.036058114  0.329243755 ] [  -0.350019  -0.032068   0.015198 ]

# ESTEEM finished at 27-10-2023, 16:11:18 (       0.014 seconds elapsed)
# ESTEEM version 1.0.0 started at 27-10-2023, 16:11:43


# Processing clusters for ox (oxirane) for trajectory A
# 1 frames loaded
# Calculating energies and forces for states [0, 1] in orca.
# Reading from input trajectory ox_gs_A_carved.traj
# Not writing to output trajectory as range is subset of trajectory.
# Post-process to combine whole trajectory.
# Not writing to output trajectory as range is subset of trajectory.
# Post-process to combine whole trajectory.
0034  0   -4181.25762966     7 [  -0.001882   0.822089   0.005711 ] [  0.512445019 -3.358985111 -0.222049761 ] [   0.000794  -0.465496  -0.018161 ]
0034  1   -4174.20864995     7 [  -0.001882   0.822089   0.005711 ] [ -4.688128574  6.036058114  0.329243755 ] [  -0.350019  -0.032068   0.015198 ]

# ESTEEM finished at 27-10-2023, 16:11:43 (       0.013 seconds elapsed)
# ESTEEM version 1.0.0 started at 27-10-2023, 16:12:08


# Processing clusters for ox (oxirane) for trajectory A
# 1 frames loaded
# Calculating energies and forces for states [0, 1] in orca.
# Reading from input trajectory ox_gs_A_carved.traj
# Not writing to output trajectory as range is subset of trajectory.
# Post-process to combine whole trajectory.
# Not writing to output trajectory as range is subset of trajectory.
# Post-process to combine whole trajectory.
0034  0   -4181.25762966     7 [  -0.001882   0.822089   0.005711 ] [  0.512445019 -3.358985111 -0.222049761 ] [   0.000794  -0.465496  -0.018161 ]
0034  1   -4174.20864995     7 [  -0.001882   0.822089   0.005711 ] [ -4.688128574  6.036058114  0.329243755 ] [  -0.350019  -0.032068   0.015198 ]

# ESTEEM finished at 27-10-2023, 16:12:08 (       0.119 seconds elapsed)
# ESTEEM version 1.0.0 started at 30-10-2023, 09:01:46


# Processing clusters for ox (oxirane) for trajectory A
# 1 frames loaded
# Calculating energies and forces for states [0, 1] in orca.
# Reading from input trajectory ox_gs_A_carved.traj
# Not writing to output trajectory as range is subset of trajectory.
# Post-process to combine whole trajectory.
# Not writing to output trajectory as range is subset of trajectory.
# Post-process to combine whole trajectory.
0034  0   -4181.25762966     7 [  -0.001882   0.822089   0.005711 ] [  0.512445019 -3.358985111 -0.222049761 ] [   0.000794  -0.465496  -0.018161 ]
0034  1   -4174.20864995     7 [  -0.001882   0.822089   0.005711 ] [ -4.688128574  6.036058114  0.329243755 ] [  -0.350019  -0.032068   0.015198 ]

# ESTEEM finished at 30-10-2023, 09:01:46 (       0.011 seconds elapsed)
# ESTEEM version 1.0.0 started at 30-10-2023, 14:42:49


# Processing clusters for ox (oxirane) for trajectory A
# 1 frames loaded
# Calculating energies and forces for states [0, 1] in orca.
# Reading from input trajectory ox_gs_A_carved.traj
# Not writing to output trajectory as range is subset of trajectory.
# Post-process to combine whole trajectory.
# Not writing to output trajectory as range is subset of trajectory.
# Post-process to combine whole trajectory.
0034  0   -4181.25762966     7 [  -0.001882   0.822089   0.005711 ] [  0.512445019 -3.358985111 -0.222049761 ] [   0.000794  -0.465496  -0.018161 ]
0034  1   -4174.20864995     7 [  -0.001882   0.822089   0.005711 ] [ -4.688128574  6.036058114  0.329243755 ] [  -0.350019  -0.032068   0.015198 ]

# ESTEEM finished at 30-10-2023, 14:42:50 (       0.121 seconds elapsed)
