# ESTEEM version 1.0.0 started at 26-10-2023, 11:18:03


# Processing clusters for ox (oxirane) for trajectory A
# 1 frames loaded
# Calculating energies and forces for state [0] in orca.
# Reading from input trajectory ox_gs_A_carved.traj
# Not writing to output trajectory as range is subset of trajectory.
# Post-process to combine whole trajectory.
0030  0   -4180.65262215     7 [  -0.084623   0.843402  -0.007900 ] [  0.907700993 -3.824657269 -1.415230658 ] [   0.024411  -0.462924  -0.047266 ]

# ESTEEM finished at 26-10-2023, 11:18:08 (       4.643 seconds elapsed)
# ESTEEM version 1.0.0 started at 27-10-2023, 11:40:17


# Processing clusters for ox (oxirane) for trajectory A
# 1 frames loaded
# Calculating energies and forces for state [0] in orca.
# Reading from input trajectory ox_gs_A_carved.traj
# Not writing to output trajectory as range is subset of trajectory.
# Post-process to combine whole trajectory.
0030  0   -4180.65262215     7 [  -0.084623   0.843402  -0.007900 ] [  0.907700993 -3.824657269 -1.415230658 ] [   0.024411  -0.462924  -0.047266 ]

# ESTEEM finished at 27-10-2023, 11:40:17 (       0.049 seconds elapsed)
# ESTEEM version 1.0.0 started at 27-10-2023, 11:56:42


# Processing clusters for ox (oxirane) for trajectory A
# 1 frames loaded
# Calculating energies and forces for state [0] in orca.
# Reading from input trajectory ox_gs_A_carved.traj
# Not writing to output trajectory as range is subset of trajectory.
# Post-process to combine whole trajectory.
0030  0   -4180.65262215     7 [  -0.084623   0.843402  -0.007900 ] [  0.907700993 -3.824657269 -1.415230658 ] [   0.024411  -0.462924  -0.047266 ]

# ESTEEM finished at 27-10-2023, 11:56:42 (       0.009 seconds elapsed)
# ESTEEM version 1.0.0 started at 27-10-2023, 16:09:19


# Processing clusters for ox (oxirane) for trajectory A
# 1 frames loaded
# Calculating energies and forces for states [0, 1] in orca.
# Reading from input trajectory ox_gs_A_carved.traj
# Not writing to output trajectory as range is subset of trajectory.
# Post-process to combine whole trajectory.
# Not writing to output trajectory as range is subset of trajectory.
# Post-process to combine whole trajectory.
0030  0   -4180.65262215     7 [  -0.084623   0.843402  -0.007900 ] [  0.907700993 -3.824657269 -1.415230658 ] [   0.024411  -0.462924  -0.047266 ]
# Copying from ox_gs_A_orca0030.gbw to ox_es1_A_orca0030.gbw
0030  1   -4173.69259064     7 [  -0.084623   0.843402  -0.007900 ] [ -5.415981260  4.715938832  0.278187579 ] [  -0.382685  -0.106227   0.025342 ]

# ESTEEM finished at 27-10-2023, 16:09:39 (      20.528 seconds elapsed)
# ESTEEM version 1.0.0 started at 27-10-2023, 16:10:23


# Processing clusters for ox (oxirane) for trajectory A
# 1 frames loaded
# Calculating energies and forces for states [0, 1] in orca.
# Reading from input trajectory ox_gs_A_carved.traj
# Not writing to output trajectory as range is subset of trajectory.
# Post-process to combine whole trajectory.
# Not writing to output trajectory as range is subset of trajectory.
# Post-process to combine whole trajectory.
0030  0   -4180.65262215     7 [  -0.084623   0.843402  -0.007900 ] [  0.907700993 -3.824657269 -1.415230658 ] [   0.024411  -0.462924  -0.047266 ]
0030  1   -4173.69259064     7 [  -0.084623   0.843402  -0.007900 ] [ -5.415981260  4.715938832  0.278187579 ] [  -0.382685  -0.106227   0.025342 ]

# ESTEEM finished at 27-10-2023, 16:10:23 (       0.017 seconds elapsed)
# ESTEEM version 1.0.0 started at 27-10-2023, 16:10:49


# Processing clusters for ox (oxirane) for trajectory A
# 1 frames loaded
# Calculating energies and forces for states [0, 1] in orca.
# Reading from input trajectory ox_gs_A_carved.traj
# Not writing to output trajectory as range is subset of trajectory.
# Post-process to combine whole trajectory.
# Not writing to output trajectory as range is subset of trajectory.
# Post-process to combine whole trajectory.
0030  0   -4180.65262215     7 [  -0.084623   0.843402  -0.007900 ] [  0.907700993 -3.824657269 -1.415230658 ] [   0.024411  -0.462924  -0.047266 ]
0030  1   -4173.69259064     7 [  -0.084623   0.843402  -0.007900 ] [ -5.415981260  4.715938832  0.278187579 ] [  -0.382685  -0.106227   0.025342 ]

# ESTEEM finished at 27-10-2023, 16:10:49 (       0.011 seconds elapsed)
# ESTEEM version 1.0.0 started at 27-10-2023, 16:11:23


# Processing clusters for ox (oxirane) for trajectory A
# 1 frames loaded
# Calculating energies and forces for states [0, 1] in orca.
# Reading from input trajectory ox_gs_A_carved.traj
# Not writing to output trajectory as range is subset of trajectory.
# Post-process to combine whole trajectory.
# Not writing to output trajectory as range is subset of trajectory.
# Post-process to combine whole trajectory.
0030  0   -4180.65262215     7 [  -0.084623   0.843402  -0.007900 ] [  0.907700993 -3.824657269 -1.415230658 ] [   0.024411  -0.462924  -0.047266 ]
0030  1   -4173.69259064     7 [  -0.084623   0.843402  -0.007900 ] [ -5.415981260  4.715938832  0.278187579 ] [  -0.382685  -0.106227   0.025342 ]

# ESTEEM finished at 27-10-2023, 16:11:24 (       0.048 seconds elapsed)
# ESTEEM version 1.0.0 started at 27-10-2023, 16:11:41


# Processing clusters for ox (oxirane) for trajectory A
# 1 frames loaded
# Calculating energies and forces for states [0, 1] in orca.
# Reading from input trajectory ox_gs_A_carved.traj
# Not writing to output trajectory as range is subset of trajectory.
# Post-process to combine whole trajectory.
# Not writing to output trajectory as range is subset of trajectory.
# Post-process to combine whole trajectory.
0030  0   -4180.65262215     7 [  -0.084623   0.843402  -0.007900 ] [  0.907700993 -3.824657269 -1.415230658 ] [   0.024411  -0.462924  -0.047266 ]
0030  1   -4173.69259064     7 [  -0.084623   0.843402  -0.007900 ] [ -5.415981260  4.715938832  0.278187579 ] [  -0.382685  -0.106227   0.025342 ]

# ESTEEM finished at 27-10-2023, 16:11:41 (       0.013 seconds elapsed)
# ESTEEM version 1.0.0 started at 27-10-2023, 16:12:12


# Processing clusters for ox (oxirane) for trajectory A
# 1 frames loaded
# Calculating energies and forces for states [0, 1] in orca.
# Reading from input trajectory ox_gs_A_carved.traj
# Not writing to output trajectory as range is subset of trajectory.
# Post-process to combine whole trajectory.
# Not writing to output trajectory as range is subset of trajectory.
# Post-process to combine whole trajectory.
0030  0   -4180.65262215     7 [  -0.084623   0.843402  -0.007900 ] [  0.907700993 -3.824657269 -1.415230658 ] [   0.024411  -0.462924  -0.047266 ]
0030  1   -4173.69259064     7 [  -0.084623   0.843402  -0.007900 ] [ -5.415981260  4.715938832  0.278187579 ] [  -0.382685  -0.106227   0.025342 ]

# ESTEEM finished at 27-10-2023, 16:12:12 (       0.051 seconds elapsed)
# ESTEEM version 1.0.0 started at 30-10-2023, 09:01:44


# Processing clusters for ox (oxirane) for trajectory A
# 1 frames loaded
# Calculating energies and forces for states [0, 1] in orca.
# Reading from input trajectory ox_gs_A_carved.traj
# Not writing to output trajectory as range is subset of trajectory.
# Post-process to combine whole trajectory.
# Not writing to output trajectory as range is subset of trajectory.
# Post-process to combine whole trajectory.
0030  0   -4180.65262215     7 [  -0.084623   0.843402  -0.007900 ] [  0.907700993 -3.824657269 -1.415230658 ] [   0.024411  -0.462924  -0.047266 ]
0030  1   -4173.69259064     7 [  -0.084623   0.843402  -0.007900 ] [ -5.415981260  4.715938832  0.278187579 ] [  -0.382685  -0.106227   0.025342 ]

# ESTEEM finished at 30-10-2023, 09:01:44 (       0.013 seconds elapsed)
# ESTEEM version 1.0.0 started at 30-10-2023, 14:42:47


# Processing clusters for ox (oxirane) for trajectory A
# 1 frames loaded
# Calculating energies and forces for states [0, 1] in orca.
# Reading from input trajectory ox_gs_A_carved.traj
# Not writing to output trajectory as range is subset of trajectory.
# Post-process to combine whole trajectory.
# Not writing to output trajectory as range is subset of trajectory.
# Post-process to combine whole trajectory.
0030  0   -4180.65262215     7 [  -0.084623   0.843402  -0.007900 ] [  0.907700993 -3.824657269 -1.415230658 ] [   0.024411  -0.462924  -0.047266 ]
0030  1   -4173.69259064     7 [  -0.084623   0.843402  -0.007900 ] [ -5.415981260  4.715938832  0.278187579 ] [  -0.382685  -0.106227   0.025342 ]

# ESTEEM finished at 30-10-2023, 14:42:47 (       0.077 seconds elapsed)
