# ESTEEM version 1.0.0 started at 26-10-2023, 11:17:18


# Processing clusters for ox (oxirane) for trajectory A
# 1 frames loaded
# Calculating energies and forces for state [0] in orca.
# Reading from input trajectory ox_gs_A_carved.traj
# Not writing to output trajectory as range is subset of trajectory.
# Post-process to combine whole trajectory.
0005  0   -4180.99913816     7 [   0.020203   0.861234   0.008729 ] [ -0.076615694 -3.265988349 -0.140691178 ] [  -0.011092  -0.455151   0.002334 ]

# ESTEEM finished at 26-10-2023, 11:17:22 (       4.200 seconds elapsed)
# ESTEEM version 1.0.0 started at 27-10-2023, 11:39:56


# Processing clusters for ox (oxirane) for trajectory A
# 1 frames loaded
# Calculating energies and forces for state [0] in orca.
# Reading from input trajectory ox_gs_A_carved.traj
# Not writing to output trajectory as range is subset of trajectory.
# Post-process to combine whole trajectory.
0005  0   -4180.99913816     7 [   0.020203   0.861234   0.008729 ] [ -0.076615694 -3.265988349 -0.140691178 ] [  -0.011092  -0.455151   0.002334 ]

# ESTEEM finished at 27-10-2023, 11:39:57 (       0.049 seconds elapsed)
# ESTEEM version 1.0.0 started at 27-10-2023, 11:56:26


# Processing clusters for ox (oxirane) for trajectory A
# 1 frames loaded
# Calculating energies and forces for state [0] in orca.
# Reading from input trajectory ox_gs_A_carved.traj
# Not writing to output trajectory as range is subset of trajectory.
# Post-process to combine whole trajectory.
0005  0   -4180.99913816     7 [   0.020203   0.861234   0.008729 ] [ -0.076615694 -3.265988349 -0.140691178 ] [  -0.011092  -0.455151   0.002334 ]

# ESTEEM finished at 27-10-2023, 11:56:26 (       0.007 seconds elapsed)
# ESTEEM version 1.0.0 started at 27-10-2023, 16:08:10


# Processing clusters for ox (oxirane) for trajectory A
# 1 frames loaded
# Calculating energies and forces for states [0, 1] in orca.
# Reading from input trajectory ox_gs_A_carved.traj
# Not writing to output trajectory as range is subset of trajectory.
# Post-process to combine whole trajectory.
# Not writing to output trajectory as range is subset of trajectory.
# Post-process to combine whole trajectory.
0005  0   -4180.99913816     7 [   0.020203   0.861234   0.008729 ] [ -0.076615694 -3.265988349 -0.140691178 ] [  -0.011092  -0.455151   0.002334 ]
# Copying from ox_gs_A_orca0005.gbw to ox_es1_A_orca0005.gbw
0005  1   -4173.60279857     7 [   0.020203   0.861234   0.008729 ] [  2.551641079  6.137785630  0.250798573 ] [   0.177359  -0.031460   0.043393 ]

# ESTEEM finished at 27-10-2023, 16:08:19 (       8.869 seconds elapsed)
# ESTEEM version 1.0.0 started at 27-10-2023, 16:10:09


# Processing clusters for ox (oxirane) for trajectory A
# 1 frames loaded
# Calculating energies and forces for states [0, 1] in orca.
# Reading from input trajectory ox_gs_A_carved.traj
# Not writing to output trajectory as range is subset of trajectory.
# Post-process to combine whole trajectory.
# Not writing to output trajectory as range is subset of trajectory.
# Post-process to combine whole trajectory.
0005  0   -4180.99913816     7 [   0.020203   0.861234   0.008729 ] [ -0.076615694 -3.265988349 -0.140691178 ] [  -0.011092  -0.455151   0.002334 ]
0005  1   -4173.60279857     7 [   0.020203   0.861234   0.008729 ] [  2.551641079  6.137785630  0.250798573 ] [   0.177359  -0.031460   0.043393 ]

# ESTEEM finished at 27-10-2023, 16:10:09 (       0.032 seconds elapsed)
# ESTEEM version 1.0.0 started at 27-10-2023, 16:10:35


# Processing clusters for ox (oxirane) for trajectory A
# 1 frames loaded
# Calculating energies and forces for states [0, 1] in orca.
# Reading from input trajectory ox_gs_A_carved.traj
# Not writing to output trajectory as range is subset of trajectory.
# Post-process to combine whole trajectory.
# Not writing to output trajectory as range is subset of trajectory.
# Post-process to combine whole trajectory.
0005  0   -4180.99913816     7 [   0.020203   0.861234   0.008729 ] [ -0.076615694 -3.265988349 -0.140691178 ] [  -0.011092  -0.455151   0.002334 ]
0005  1   -4173.60279857     7 [   0.020203   0.861234   0.008729 ] [  2.551641079  6.137785630  0.250798573 ] [   0.177359  -0.031460   0.043393 ]

# ESTEEM finished at 27-10-2023, 16:10:35 (       0.021 seconds elapsed)
# ESTEEM version 1.0.0 started at 27-10-2023, 16:11:03


# Processing clusters for ox (oxirane) for trajectory A
# 1 frames loaded
# Calculating energies and forces for states [0, 1] in orca.
# Reading from input trajectory ox_gs_A_carved.traj
# Not writing to output trajectory as range is subset of trajectory.
# Post-process to combine whole trajectory.
# Not writing to output trajectory as range is subset of trajectory.
# Post-process to combine whole trajectory.
0005  0   -4180.99913816     7 [   0.020203   0.861234   0.008729 ] [ -0.076615694 -3.265988349 -0.140691178 ] [  -0.011092  -0.455151   0.002334 ]
0005  1   -4173.60279857     7 [   0.020203   0.861234   0.008729 ] [  2.551641079  6.137785630  0.250798573 ] [   0.177359  -0.031460   0.043393 ]

# ESTEEM finished at 27-10-2023, 16:11:03 (       0.010 seconds elapsed)
# ESTEEM version 1.0.0 started at 27-10-2023, 16:11:29


# Processing clusters for ox (oxirane) for trajectory A
# 1 frames loaded
# Calculating energies and forces for states [0, 1] in orca.
# Reading from input trajectory ox_gs_A_carved.traj
# Not writing to output trajectory as range is subset of trajectory.
# Post-process to combine whole trajectory.
# Not writing to output trajectory as range is subset of trajectory.
# Post-process to combine whole trajectory.
0005  0   -4180.99913816     7 [   0.020203   0.861234   0.008729 ] [ -0.076615694 -3.265988349 -0.140691178 ] [  -0.011092  -0.455151   0.002334 ]
0005  1   -4173.60279857     7 [   0.020203   0.861234   0.008729 ] [  2.551641079  6.137785630  0.250798573 ] [   0.177359  -0.031460   0.043393 ]

# ESTEEM finished at 27-10-2023, 16:11:29 (       0.011 seconds elapsed)
# ESTEEM version 1.0.0 started at 27-10-2023, 16:11:54


# Processing clusters for ox (oxirane) for trajectory A
# 1 frames loaded
# Calculating energies and forces for states [0, 1] in orca.
# Reading from input trajectory ox_gs_A_carved.traj
# Not writing to output trajectory as range is subset of trajectory.
# Post-process to combine whole trajectory.
# Not writing to output trajectory as range is subset of trajectory.
# Post-process to combine whole trajectory.
0005  0   -4180.99913816     7 [   0.020203   0.861234   0.008729 ] [ -0.076615694 -3.265988349 -0.140691178 ] [  -0.011092  -0.455151   0.002334 ]
0005  1   -4173.60279857     7 [   0.020203   0.861234   0.008729 ] [  2.551641079  6.137785630  0.250798573 ] [   0.177359  -0.031460   0.043393 ]

# ESTEEM finished at 27-10-2023, 16:11:54 (       0.012 seconds elapsed)
# ESTEEM version 1.0.0 started at 30-10-2023, 09:01:33


# Processing clusters for ox (oxirane) for trajectory A
# 1 frames loaded
# Calculating energies and forces for states [0, 1] in orca.
# Reading from input trajectory ox_gs_A_carved.traj
# Not writing to output trajectory as range is subset of trajectory.
# Post-process to combine whole trajectory.
# Not writing to output trajectory as range is subset of trajectory.
# Post-process to combine whole trajectory.
0005  0   -4180.99913816     7 [   0.020203   0.861234   0.008729 ] [ -0.076615694 -3.265988349 -0.140691178 ] [  -0.011092  -0.455151   0.002334 ]
0005  1   -4173.60279857     7 [   0.020203   0.861234   0.008729 ] [  2.551641079  6.137785630  0.250798573 ] [   0.177359  -0.031460   0.043393 ]

# ESTEEM finished at 30-10-2023, 09:01:33 (       0.009 seconds elapsed)
# ESTEEM version 1.0.0 started at 30-10-2023, 14:42:31


# Processing clusters for ox (oxirane) for trajectory A
# 1 frames loaded
# Calculating energies and forces for states [0, 1] in orca.
# Reading from input trajectory ox_gs_A_carved.traj
# Not writing to output trajectory as range is subset of trajectory.
# Post-process to combine whole trajectory.
# Not writing to output trajectory as range is subset of trajectory.
# Post-process to combine whole trajectory.
0005  0   -4180.99913816     7 [   0.020203   0.861234   0.008729 ] [ -0.076615694 -3.265988349 -0.140691178 ] [  -0.011092  -0.455151   0.002334 ]
0005  1   -4173.60279857     7 [   0.020203   0.861234   0.008729 ] [  2.551641079  6.137785630  0.250798573 ] [   0.177359  -0.031460   0.043393 ]

# ESTEEM finished at 30-10-2023, 14:42:31 (       0.083 seconds elapsed)
