# ESTEEM version 1.0.0 started at 26-10-2023, 11:17:31


# Processing clusters for ox (oxirane) for trajectory A
# 1 frames loaded
# Calculating energies and forces for state [0] in orca.
# Reading from input trajectory ox_gs_A_carved.traj
# Not writing to output trajectory as range is subset of trajectory.
# Post-process to combine whole trajectory.
0013  0   -4181.51295960     7 [   0.000512   0.717849   0.023105 ] [ -0.554784503  2.019458154 -0.036506989 ] [  -0.006588  -0.344891  -0.001614 ]

# ESTEEM finished at 26-10-2023, 11:17:36 (       4.213 seconds elapsed)
# ESTEEM version 1.0.0 started at 27-10-2023, 11:40:01


# Processing clusters for ox (oxirane) for trajectory A
# 1 frames loaded
# Calculating energies and forces for state [0] in orca.
# Reading from input trajectory ox_gs_A_carved.traj
# Not writing to output trajectory as range is subset of trajectory.
# Post-process to combine whole trajectory.
0013  0   -4181.51295960     7 [   0.000512   0.717849   0.023105 ] [ -0.554784503  2.019458154 -0.036506989 ] [  -0.006588  -0.344891  -0.001614 ]

# ESTEEM finished at 27-10-2023, 11:40:01 (       0.069 seconds elapsed)
# ESTEEM version 1.0.0 started at 27-10-2023, 11:56:33


# Processing clusters for ox (oxirane) for trajectory A
# 1 frames loaded
# Calculating energies and forces for state [0] in orca.
# Reading from input trajectory ox_gs_A_carved.traj
# Not writing to output trajectory as range is subset of trajectory.
# Post-process to combine whole trajectory.
0013  0   -4181.51295960     7 [   0.000512   0.717849   0.023105 ] [ -0.554784503  2.019458154 -0.036506989 ] [  -0.006588  -0.344891  -0.001614 ]

# ESTEEM finished at 27-10-2023, 11:56:33 (       0.011 seconds elapsed)
# ESTEEM version 1.0.0 started at 27-10-2023, 16:08:32


# Processing clusters for ox (oxirane) for trajectory A
# 1 frames loaded
# Calculating energies and forces for states [0, 1] in orca.
# Reading from input trajectory ox_gs_A_carved.traj
# Not writing to output trajectory as range is subset of trajectory.
# Post-process to combine whole trajectory.
# Not writing to output trajectory as range is subset of trajectory.
# Post-process to combine whole trajectory.
0013  0   -4181.51295960     7 [   0.000512   0.717849   0.023105 ] [ -0.554784503  2.019458154 -0.036506989 ] [  -0.006588  -0.344891  -0.001614 ]
# Copying from ox_gs_A_orca0013.gbw to ox_es1_A_orca0013.gbw
0013  1   -4173.37217322     7 [   0.000512   0.717849   0.023105 ] [ -0.494440457  2.353722039 -0.136923651 ] [   0.083218   0.166437  -0.070529 ]

# ESTEEM finished at 27-10-2023, 16:08:40 (       8.289 seconds elapsed)
# ESTEEM version 1.0.0 started at 27-10-2023, 16:10:14


# Processing clusters for ox (oxirane) for trajectory A
# 1 frames loaded
# Calculating energies and forces for states [0, 1] in orca.
# Reading from input trajectory ox_gs_A_carved.traj
# Not writing to output trajectory as range is subset of trajectory.
# Post-process to combine whole trajectory.
# Not writing to output trajectory as range is subset of trajectory.
# Post-process to combine whole trajectory.
0013  0   -4181.51295960     7 [   0.000512   0.717849   0.023105 ] [ -0.554784503  2.019458154 -0.036506989 ] [  -0.006588  -0.344891  -0.001614 ]
0013  1   -4173.37217322     7 [   0.000512   0.717849   0.023105 ] [ -0.494440457  2.353722039 -0.136923651 ] [   0.083218   0.166437  -0.070529 ]

# ESTEEM finished at 27-10-2023, 16:10:14 (       0.017 seconds elapsed)
# ESTEEM version 1.0.0 started at 27-10-2023, 16:10:40


# Processing clusters for ox (oxirane) for trajectory A
# 1 frames loaded
# Calculating energies and forces for states [0, 1] in orca.
# Reading from input trajectory ox_gs_A_carved.traj
# Not writing to output trajectory as range is subset of trajectory.
# Post-process to combine whole trajectory.
# Not writing to output trajectory as range is subset of trajectory.
# Post-process to combine whole trajectory.
0013  0   -4181.51295960     7 [   0.000512   0.717849   0.023105 ] [ -0.554784503  2.019458154 -0.036506989 ] [  -0.006588  -0.344891  -0.001614 ]
0013  1   -4173.37217322     7 [   0.000512   0.717849   0.023105 ] [ -0.494440457  2.353722039 -0.136923651 ] [   0.083218   0.166437  -0.070529 ]

# ESTEEM finished at 27-10-2023, 16:10:40 (       0.017 seconds elapsed)
# ESTEEM version 1.0.0 started at 27-10-2023, 16:11:06


# Processing clusters for ox (oxirane) for trajectory A
# 1 frames loaded
# Calculating energies and forces for states [0, 1] in orca.
# Reading from input trajectory ox_gs_A_carved.traj
# Not writing to output trajectory as range is subset of trajectory.
# Post-process to combine whole trajectory.
# Not writing to output trajectory as range is subset of trajectory.
# Post-process to combine whole trajectory.
0013  0   -4181.51295960     7 [   0.000512   0.717849   0.023105 ] [ -0.554784503  2.019458154 -0.036506989 ] [  -0.006588  -0.344891  -0.001614 ]
0013  1   -4173.37217322     7 [   0.000512   0.717849   0.023105 ] [ -0.494440457  2.353722039 -0.136923651 ] [   0.083218   0.166437  -0.070529 ]

# ESTEEM finished at 27-10-2023, 16:11:06 (       0.022 seconds elapsed)
# ESTEEM version 1.0.0 started at 27-10-2023, 16:11:33


# Processing clusters for ox (oxirane) for trajectory A
# 1 frames loaded
# Calculating energies and forces for states [0, 1] in orca.
# Reading from input trajectory ox_gs_A_carved.traj
# Not writing to output trajectory as range is subset of trajectory.
# Post-process to combine whole trajectory.
# Not writing to output trajectory as range is subset of trajectory.
# Post-process to combine whole trajectory.
0013  0   -4181.51295960     7 [   0.000512   0.717849   0.023105 ] [ -0.554784503  2.019458154 -0.036506989 ] [  -0.006588  -0.344891  -0.001614 ]
0013  1   -4173.37217322     7 [   0.000512   0.717849   0.023105 ] [ -0.494440457  2.353722039 -0.136923651 ] [   0.083218   0.166437  -0.070529 ]

# ESTEEM finished at 27-10-2023, 16:11:33 (       0.009 seconds elapsed)
# ESTEEM version 1.0.0 started at 27-10-2023, 16:11:57


# Processing clusters for ox (oxirane) for trajectory A
# 1 frames loaded
# Calculating energies and forces for states [0, 1] in orca.
# Reading from input trajectory ox_gs_A_carved.traj
# Not writing to output trajectory as range is subset of trajectory.
# Post-process to combine whole trajectory.
# Not writing to output trajectory as range is subset of trajectory.
# Post-process to combine whole trajectory.
0013  0   -4181.51295960     7 [   0.000512   0.717849   0.023105 ] [ -0.554784503  2.019458154 -0.036506989 ] [  -0.006588  -0.344891  -0.001614 ]
0013  1   -4173.37217322     7 [   0.000512   0.717849   0.023105 ] [ -0.494440457  2.353722039 -0.136923651 ] [   0.083218   0.166437  -0.070529 ]

# ESTEEM finished at 27-10-2023, 16:11:57 (       0.012 seconds elapsed)
# ESTEEM version 1.0.0 started at 30-10-2023, 09:01:37


# Processing clusters for ox (oxirane) for trajectory A
# 1 frames loaded
# Calculating energies and forces for states [0, 1] in orca.
# Reading from input trajectory ox_gs_A_carved.traj
# Not writing to output trajectory as range is subset of trajectory.
# Post-process to combine whole trajectory.
# Not writing to output trajectory as range is subset of trajectory.
# Post-process to combine whole trajectory.
0013  0   -4181.51295960     7 [   0.000512   0.717849   0.023105 ] [ -0.554784503  2.019458154 -0.036506989 ] [  -0.006588  -0.344891  -0.001614 ]
0013  1   -4173.37217322     7 [   0.000512   0.717849   0.023105 ] [ -0.494440457  2.353722039 -0.136923651 ] [   0.083218   0.166437  -0.070529 ]

# ESTEEM finished at 30-10-2023, 09:01:37 (       0.009 seconds elapsed)
# ESTEEM version 1.0.0 started at 30-10-2023, 14:42:36


# Processing clusters for ox (oxirane) for trajectory A
# 1 frames loaded
# Calculating energies and forces for states [0, 1] in orca.
# Reading from input trajectory ox_gs_A_carved.traj
# Not writing to output trajectory as range is subset of trajectory.
# Post-process to combine whole trajectory.
# Not writing to output trajectory as range is subset of trajectory.
# Post-process to combine whole trajectory.
0013  0   -4181.51295960     7 [   0.000512   0.717849   0.023105 ] [ -0.554784503  2.019458154 -0.036506989 ] [  -0.006588  -0.344891  -0.001614 ]
0013  1   -4173.37217322     7 [   0.000512   0.717849   0.023105 ] [ -0.494440457  2.353722039 -0.136923651 ] [   0.083218   0.166437  -0.070529 ]

# ESTEEM finished at 30-10-2023, 14:42:37 (       0.123 seconds elapsed)
