# ESTEEM version 1.0.0 started at 26-10-2023, 11:18:03


# Processing clusters for ox (oxirane) for trajectory A
# 1 frames loaded
# Calculating energies and forces for state [0] in orca.
# Reading from input trajectory ox_gs_A_carved.traj
# Not writing to output trajectory as range is subset of trajectory.
# Post-process to combine whole trajectory.
0031  0   -4180.80813192     7 [   0.056328   0.753480  -0.055326 ] [ -0.689886868  2.545073308  0.628677034 ] [   0.013737  -0.343732   0.032132 ]

# ESTEEM finished at 26-10-2023, 11:18:08 (       4.495 seconds elapsed)
# ESTEEM version 1.0.0 started at 27-10-2023, 11:40:10


# Processing clusters for ox (oxirane) for trajectory A
# 1 frames loaded
# Calculating energies and forces for state [0] in orca.
# Reading from input trajectory ox_gs_A_carved.traj
# Not writing to output trajectory as range is subset of trajectory.
# Post-process to combine whole trajectory.
0031  0   -4180.80813192     7 [   0.056328   0.753480  -0.055326 ] [ -0.689886868  2.545073308  0.628677034 ] [   0.013737  -0.343732   0.032132 ]

# ESTEEM finished at 27-10-2023, 11:40:10 (       0.010 seconds elapsed)
# ESTEEM version 1.0.0 started at 27-10-2023, 11:56:43


# Processing clusters for ox (oxirane) for trajectory A
# 1 frames loaded
# Calculating energies and forces for state [0] in orca.
# Reading from input trajectory ox_gs_A_carved.traj
# Not writing to output trajectory as range is subset of trajectory.
# Post-process to combine whole trajectory.
0031  0   -4180.80813192     7 [   0.056328   0.753480  -0.055326 ] [ -0.689886868  2.545073308  0.628677034 ] [   0.013737  -0.343732   0.032132 ]

# ESTEEM finished at 27-10-2023, 11:56:43 (       0.008 seconds elapsed)
# ESTEEM version 1.0.0 started at 27-10-2023, 16:09:14


# Processing clusters for ox (oxirane) for trajectory A
# 1 frames loaded
# Calculating energies and forces for states [0, 1] in orca.
# Reading from input trajectory ox_gs_A_carved.traj
# Not writing to output trajectory as range is subset of trajectory.
# Post-process to combine whole trajectory.
# Not writing to output trajectory as range is subset of trajectory.
# Post-process to combine whole trajectory.
0031  0   -4180.80813192     7 [   0.056328   0.753480  -0.055326 ] [ -0.689886868  2.545073308  0.628677034 ] [   0.013737  -0.343732   0.032132 ]
# Copying from ox_gs_A_orca0031.gbw to ox_es1_A_orca0031.gbw
0031  1   -4172.80218113     7 [   0.056328   0.753480  -0.055326 ] [ -1.106414590  3.528196259 -0.500805287 ] [  -0.004514  -0.024072   0.504729 ]

# ESTEEM finished at 27-10-2023, 16:09:23 (       8.657 seconds elapsed)
# ESTEEM version 1.0.0 started at 27-10-2023, 16:10:23


# Processing clusters for ox (oxirane) for trajectory A
# 1 frames loaded
# Calculating energies and forces for states [0, 1] in orca.
# Reading from input trajectory ox_gs_A_carved.traj
# Not writing to output trajectory as range is subset of trajectory.
# Post-process to combine whole trajectory.
# Not writing to output trajectory as range is subset of trajectory.
# Post-process to combine whole trajectory.
0031  0   -4180.80813192     7 [   0.056328   0.753480  -0.055326 ] [ -0.689886868  2.545073308  0.628677034 ] [   0.013737  -0.343732   0.032132 ]
0031  1   -4172.80218113     7 [   0.056328   0.753480  -0.055326 ] [ -1.106414590  3.528196259 -0.500805287 ] [  -0.004514  -0.024072   0.504729 ]

# ESTEEM finished at 27-10-2023, 16:10:23 (       0.011 seconds elapsed)
# ESTEEM version 1.0.0 started at 27-10-2023, 16:10:50


# Processing clusters for ox (oxirane) for trajectory A
# 1 frames loaded
# Calculating energies and forces for states [0, 1] in orca.
# Reading from input trajectory ox_gs_A_carved.traj
# Not writing to output trajectory as range is subset of trajectory.
# Post-process to combine whole trajectory.
# Not writing to output trajectory as range is subset of trajectory.
# Post-process to combine whole trajectory.
0031  0   -4180.80813192     7 [   0.056328   0.753480  -0.055326 ] [ -0.689886868  2.545073308  0.628677034 ] [   0.013737  -0.343732   0.032132 ]
0031  1   -4172.80218113     7 [   0.056328   0.753480  -0.055326 ] [ -1.106414590  3.528196259 -0.500805287 ] [  -0.004514  -0.024072   0.504729 ]

# ESTEEM finished at 27-10-2023, 16:10:50 (       0.012 seconds elapsed)
# ESTEEM version 1.0.0 started at 27-10-2023, 16:11:16


# Processing clusters for ox (oxirane) for trajectory A
# 1 frames loaded
# Calculating energies and forces for states [0, 1] in orca.
# Reading from input trajectory ox_gs_A_carved.traj
# Not writing to output trajectory as range is subset of trajectory.
# Post-process to combine whole trajectory.
# Not writing to output trajectory as range is subset of trajectory.
# Post-process to combine whole trajectory.
0031  0   -4180.80813192     7 [   0.056328   0.753480  -0.055326 ] [ -0.689886868  2.545073308  0.628677034 ] [   0.013737  -0.343732   0.032132 ]
0031  1   -4172.80218113     7 [   0.056328   0.753480  -0.055326 ] [ -1.106414590  3.528196259 -0.500805287 ] [  -0.004514  -0.024072   0.504729 ]

# ESTEEM finished at 27-10-2023, 16:11:16 (       0.016 seconds elapsed)
# ESTEEM version 1.0.0 started at 27-10-2023, 16:11:42


# Processing clusters for ox (oxirane) for trajectory A
# 1 frames loaded
# Calculating energies and forces for states [0, 1] in orca.
# Reading from input trajectory ox_gs_A_carved.traj
# Not writing to output trajectory as range is subset of trajectory.
# Post-process to combine whole trajectory.
# Not writing to output trajectory as range is subset of trajectory.
# Post-process to combine whole trajectory.
0031  0   -4180.80813192     7 [   0.056328   0.753480  -0.055326 ] [ -0.689886868  2.545073308  0.628677034 ] [   0.013737  -0.343732   0.032132 ]
0031  1   -4172.80218113     7 [   0.056328   0.753480  -0.055326 ] [ -1.106414590  3.528196259 -0.500805287 ] [  -0.004514  -0.024072   0.504729 ]

# ESTEEM finished at 27-10-2023, 16:11:42 (       0.016 seconds elapsed)
# ESTEEM version 1.0.0 started at 27-10-2023, 16:12:07


# Processing clusters for ox (oxirane) for trajectory A
# 1 frames loaded
# Calculating energies and forces for states [0, 1] in orca.
# Reading from input trajectory ox_gs_A_carved.traj
# Not writing to output trajectory as range is subset of trajectory.
# Post-process to combine whole trajectory.
# Not writing to output trajectory as range is subset of trajectory.
# Post-process to combine whole trajectory.
0031  0   -4180.80813192     7 [   0.056328   0.753480  -0.055326 ] [ -0.689886868  2.545073308  0.628677034 ] [   0.013737  -0.343732   0.032132 ]
0031  1   -4172.80218113     7 [   0.056328   0.753480  -0.055326 ] [ -1.106414590  3.528196259 -0.500805287 ] [  -0.004514  -0.024072   0.504729 ]

# ESTEEM finished at 27-10-2023, 16:12:07 (       0.029 seconds elapsed)
# ESTEEM version 1.0.0 started at 30-10-2023, 09:01:46


# Processing clusters for ox (oxirane) for trajectory A
# 1 frames loaded
# Calculating energies and forces for states [0, 1] in orca.
# Reading from input trajectory ox_gs_A_carved.traj
# Not writing to output trajectory as range is subset of trajectory.
# Post-process to combine whole trajectory.
# Not writing to output trajectory as range is subset of trajectory.
# Post-process to combine whole trajectory.
0031  0   -4180.80813192     7 [   0.056328   0.753480  -0.055326 ] [ -0.689886868  2.545073308  0.628677034 ] [   0.013737  -0.343732   0.032132 ]
0031  1   -4172.80218113     7 [   0.056328   0.753480  -0.055326 ] [ -1.106414590  3.528196259 -0.500805287 ] [  -0.004514  -0.024072   0.504729 ]

# ESTEEM finished at 30-10-2023, 09:01:46 (       0.032 seconds elapsed)
# ESTEEM version 1.0.0 started at 30-10-2023, 14:42:47


# Processing clusters for ox (oxirane) for trajectory A
# 1 frames loaded
# Calculating energies and forces for states [0, 1] in orca.
# Reading from input trajectory ox_gs_A_carved.traj
# Not writing to output trajectory as range is subset of trajectory.
# Post-process to combine whole trajectory.
# Not writing to output trajectory as range is subset of trajectory.
# Post-process to combine whole trajectory.
0031  0   -4180.80813192     7 [   0.056328   0.753480  -0.055326 ] [ -0.689886868  2.545073308  0.628677034 ] [   0.013737  -0.343732   0.032132 ]
0031  1   -4172.80218113     7 [   0.056328   0.753480  -0.055326 ] [ -1.106414590  3.528196259 -0.500805287 ] [  -0.004514  -0.024072   0.504729 ]

# ESTEEM finished at 30-10-2023, 14:42:47 (       0.073 seconds elapsed)
