# ESTEEM version 1.0.0 started at 26-10-2023, 11:18:23


# Processing clusters for ox (oxirane) for trajectory A
# 1 frames loaded
# Calculating energies and forces for state [0] in orca.
# Reading from input trajectory ox_gs_A_carved.traj
# Not writing to output trajectory as range is subset of trajectory.
# Post-process to combine whole trajectory.
0046  0   -4180.96586345     7 [  -0.033820   0.856971  -0.002008 ] [  0.405644761 -4.165352509 -0.157742850 ] [  -0.009790  -0.468729  -0.013589 ]

# ESTEEM finished at 26-10-2023, 11:18:28 (       4.585 seconds elapsed)
# ESTEEM version 1.0.0 started at 27-10-2023, 11:40:18


# Processing clusters for ox (oxirane) for trajectory A
# 1 frames loaded
# Calculating energies and forces for state [0] in orca.
# Reading from input trajectory ox_gs_A_carved.traj
# Not writing to output trajectory as range is subset of trajectory.
# Post-process to combine whole trajectory.
0046  0   -4180.96586345     7 [  -0.033820   0.856971  -0.002008 ] [  0.405644761 -4.165352509 -0.157742850 ] [  -0.009790  -0.468729  -0.013589 ]

# ESTEEM finished at 27-10-2023, 11:40:18 (       0.011 seconds elapsed)
# ESTEEM version 1.0.0 started at 27-10-2023, 11:56:51


# Processing clusters for ox (oxirane) for trajectory A
# 1 frames loaded
# Calculating energies and forces for state [0] in orca.
# Reading from input trajectory ox_gs_A_carved.traj
# Not writing to output trajectory as range is subset of trajectory.
# Post-process to combine whole trajectory.
0046  0   -4180.96586345     7 [  -0.033820   0.856971  -0.002008 ] [  0.405644761 -4.165352509 -0.157742850 ] [  -0.009790  -0.468729  -0.013589 ]

# ESTEEM finished at 27-10-2023, 11:56:51 (       0.009 seconds elapsed)
# ESTEEM version 1.0.0 started at 27-10-2023, 16:09:51


# Processing clusters for ox (oxirane) for trajectory A
# 1 frames loaded
# Calculating energies and forces for states [0, 1] in orca.
# Reading from input trajectory ox_gs_A_carved.traj
# Not writing to output trajectory as range is subset of trajectory.
# Post-process to combine whole trajectory.
# Not writing to output trajectory as range is subset of trajectory.
# Post-process to combine whole trajectory.
0046  0   -4180.96586345     7 [  -0.033820   0.856971  -0.002008 ] [  0.405644761 -4.165352509 -0.157742850 ] [  -0.009790  -0.468729  -0.013589 ]
# Copying from ox_gs_A_orca0046.gbw to ox_es1_A_orca0046.gbw
0046  1   -4173.97483689     7 [  -0.033820   0.856971  -0.002008 ] [ -5.262941409  4.156252885  0.068180888 ] [  -0.391914  -0.066666   0.001016 ]

# ESTEEM finished at 27-10-2023, 16:10:00 (       9.232 seconds elapsed)
# ESTEEM version 1.0.0 started at 27-10-2023, 16:10:30


# Processing clusters for ox (oxirane) for trajectory A
# 1 frames loaded
# Calculating energies and forces for states [0, 1] in orca.
# Reading from input trajectory ox_gs_A_carved.traj
# Not writing to output trajectory as range is subset of trajectory.
# Post-process to combine whole trajectory.
# Not writing to output trajectory as range is subset of trajectory.
# Post-process to combine whole trajectory.
0046  0   -4180.96586345     7 [  -0.033820   0.856971  -0.002008 ] [  0.405644761 -4.165352509 -0.157742850 ] [  -0.009790  -0.468729  -0.013589 ]
0046  1   -4173.97483689     7 [  -0.033820   0.856971  -0.002008 ] [ -5.262941409  4.156252885  0.068180888 ] [  -0.391914  -0.066666   0.001016 ]

# ESTEEM finished at 27-10-2023, 16:10:30 (       0.012 seconds elapsed)
# ESTEEM version 1.0.0 started at 27-10-2023, 16:10:57


# Processing clusters for ox (oxirane) for trajectory A
# 1 frames loaded
# Calculating energies and forces for states [0, 1] in orca.
# Reading from input trajectory ox_gs_A_carved.traj
# Not writing to output trajectory as range is subset of trajectory.
# Post-process to combine whole trajectory.
# Not writing to output trajectory as range is subset of trajectory.
# Post-process to combine whole trajectory.
0046  0   -4180.96586345     7 [  -0.033820   0.856971  -0.002008 ] [  0.405644761 -4.165352509 -0.157742850 ] [  -0.009790  -0.468729  -0.013589 ]
0046  1   -4173.97483689     7 [  -0.033820   0.856971  -0.002008 ] [ -5.262941409  4.156252885  0.068180888 ] [  -0.391914  -0.066666   0.001016 ]

# ESTEEM finished at 27-10-2023, 16:10:57 (       0.012 seconds elapsed)
# ESTEEM version 1.0.0 started at 27-10-2023, 16:11:24


# Processing clusters for ox (oxirane) for trajectory A
# 1 frames loaded
# Calculating energies and forces for states [0, 1] in orca.
# Reading from input trajectory ox_gs_A_carved.traj
# Not writing to output trajectory as range is subset of trajectory.
# Post-process to combine whole trajectory.
# Not writing to output trajectory as range is subset of trajectory.
# Post-process to combine whole trajectory.
0046  0   -4180.96586345     7 [  -0.033820   0.856971  -0.002008 ] [  0.405644761 -4.165352509 -0.157742850 ] [  -0.009790  -0.468729  -0.013589 ]
0046  1   -4173.97483689     7 [  -0.033820   0.856971  -0.002008 ] [ -5.262941409  4.156252885  0.068180888 ] [  -0.391914  -0.066666   0.001016 ]

# ESTEEM finished at 27-10-2023, 16:11:25 (       0.013 seconds elapsed)
# ESTEEM version 1.0.0 started at 27-10-2023, 16:11:49


# Processing clusters for ox (oxirane) for trajectory A
# 1 frames loaded
# Calculating energies and forces for states [0, 1] in orca.
# Reading from input trajectory ox_gs_A_carved.traj
# Not writing to output trajectory as range is subset of trajectory.
# Post-process to combine whole trajectory.
# Not writing to output trajectory as range is subset of trajectory.
# Post-process to combine whole trajectory.
0046  0   -4180.96586345     7 [  -0.033820   0.856971  -0.002008 ] [  0.405644761 -4.165352509 -0.157742850 ] [  -0.009790  -0.468729  -0.013589 ]
0046  1   -4173.97483689     7 [  -0.033820   0.856971  -0.002008 ] [ -5.262941409  4.156252885  0.068180888 ] [  -0.391914  -0.066666   0.001016 ]

# ESTEEM finished at 27-10-2023, 16:11:49 (       0.010 seconds elapsed)
# ESTEEM version 1.0.0 started at 27-10-2023, 16:12:15


# Processing clusters for ox (oxirane) for trajectory A
# 1 frames loaded
# Calculating energies and forces for states [0, 1] in orca.
# Reading from input trajectory ox_gs_A_carved.traj
# Not writing to output trajectory as range is subset of trajectory.
# Post-process to combine whole trajectory.
# Not writing to output trajectory as range is subset of trajectory.
# Post-process to combine whole trajectory.
0046  0   -4180.96586345     7 [  -0.033820   0.856971  -0.002008 ] [  0.405644761 -4.165352509 -0.157742850 ] [  -0.009790  -0.468729  -0.013589 ]
0046  1   -4173.97483689     7 [  -0.033820   0.856971  -0.002008 ] [ -5.262941409  4.156252885  0.068180888 ] [  -0.391914  -0.066666   0.001016 ]

# ESTEEM finished at 27-10-2023, 16:12:15 (       0.074 seconds elapsed)
# ESTEEM version 1.0.0 started at 30-10-2023, 09:01:53


# Processing clusters for ox (oxirane) for trajectory A
# 1 frames loaded
# Calculating energies and forces for states [0, 1] in orca.
# Reading from input trajectory ox_gs_A_carved.traj
# Not writing to output trajectory as range is subset of trajectory.
# Post-process to combine whole trajectory.
# Not writing to output trajectory as range is subset of trajectory.
# Post-process to combine whole trajectory.
0046  0   -4180.96586345     7 [  -0.033820   0.856971  -0.002008 ] [  0.405644761 -4.165352509 -0.157742850 ] [  -0.009790  -0.468729  -0.013589 ]
0046  1   -4173.97483689     7 [  -0.033820   0.856971  -0.002008 ] [ -5.262941409  4.156252885  0.068180888 ] [  -0.391914  -0.066666   0.001016 ]

# ESTEEM finished at 30-10-2023, 09:01:53 (       0.031 seconds elapsed)
# ESTEEM version 1.0.0 started at 30-10-2023, 14:42:58


# Processing clusters for ox (oxirane) for trajectory A
# 1 frames loaded
# Calculating energies and forces for states [0, 1] in orca.
# Reading from input trajectory ox_gs_A_carved.traj
# Not writing to output trajectory as range is subset of trajectory.
# Post-process to combine whole trajectory.
# Not writing to output trajectory as range is subset of trajectory.
# Post-process to combine whole trajectory.
0046  0   -4180.96586345     7 [  -0.033820   0.856971  -0.002008 ] [  0.405644761 -4.165352509 -0.157742850 ] [  -0.009790  -0.468729  -0.013589 ]
0046  1   -4173.97483689     7 [  -0.033820   0.856971  -0.002008 ] [ -5.262941409  4.156252885  0.068180888 ] [  -0.391914  -0.066666   0.001016 ]

# ESTEEM finished at 30-10-2023, 14:42:58 (       0.242 seconds elapsed)
