# ESTEEM version 1.0.0 started at 26-10-2023, 11:18:17


# Processing clusters for ox (oxirane) for trajectory A
# 1 frames loaded
# Calculating energies and forces for state [0] in orca.
# Reading from input trajectory ox_gs_A_carved.traj
# Not writing to output trajectory as range is subset of trajectory.
# Post-process to combine whole trajectory.
0041  0   -4180.99940360     7 [  -0.075787   0.844300   0.089794 ] [  0.414634671 -2.932135240 -0.288317480 ] [   0.006530  -0.442704  -0.001905 ]

# ESTEEM finished at 26-10-2023, 11:18:21 (       4.205 seconds elapsed)
# ESTEEM version 1.0.0 started at 27-10-2023, 11:40:15


# Processing clusters for ox (oxirane) for trajectory A
# 1 frames loaded
# Calculating energies and forces for state [0] in orca.
# Reading from input trajectory ox_gs_A_carved.traj
# Not writing to output trajectory as range is subset of trajectory.
# Post-process to combine whole trajectory.
0041  0   -4180.99940360     7 [  -0.075787   0.844300   0.089794 ] [  0.414634671 -2.932135240 -0.288317480 ] [   0.006530  -0.442704  -0.001905 ]

# ESTEEM finished at 27-10-2023, 11:40:15 (       0.019 seconds elapsed)
# ESTEEM version 1.0.0 started at 27-10-2023, 11:56:47


# Processing clusters for ox (oxirane) for trajectory A
# 1 frames loaded
# Calculating energies and forces for state [0] in orca.
# Reading from input trajectory ox_gs_A_carved.traj
# Not writing to output trajectory as range is subset of trajectory.
# Post-process to combine whole trajectory.
0041  0   -4180.99940360     7 [  -0.075787   0.844300   0.089794 ] [  0.414634671 -2.932135240 -0.288317480 ] [   0.006530  -0.442704  -0.001905 ]

# ESTEEM finished at 27-10-2023, 11:56:47 (       0.009 seconds elapsed)
# ESTEEM version 1.0.0 started at 27-10-2023, 16:09:40


# Processing clusters for ox (oxirane) for trajectory A
# 1 frames loaded
# Calculating energies and forces for states [0, 1] in orca.
# Reading from input trajectory ox_gs_A_carved.traj
# Not writing to output trajectory as range is subset of trajectory.
# Post-process to combine whole trajectory.
# Not writing to output trajectory as range is subset of trajectory.
# Post-process to combine whole trajectory.
0041  0   -4180.99940360     7 [  -0.075787   0.844300   0.089794 ] [  0.414634671 -2.932135240 -0.288317480 ] [   0.006530  -0.442704  -0.001905 ]
# Copying from ox_gs_A_orca0041.gbw to ox_es1_A_orca0041.gbw
0041  1   -4173.48848760     7 [  -0.075787   0.844300   0.089794 ] [ -4.908768896  4.750296816  0.244339250 ] [  -0.385850  -0.034000  -0.028586 ]

# ESTEEM finished at 27-10-2023, 16:09:49 (       9.285 seconds elapsed)
# ESTEEM version 1.0.0 started at 27-10-2023, 16:10:28


# Processing clusters for ox (oxirane) for trajectory A
# 1 frames loaded
# Calculating energies and forces for states [0, 1] in orca.
# Reading from input trajectory ox_gs_A_carved.traj
# Not writing to output trajectory as range is subset of trajectory.
# Post-process to combine whole trajectory.
# Not writing to output trajectory as range is subset of trajectory.
# Post-process to combine whole trajectory.
0041  0   -4180.99940360     7 [  -0.075787   0.844300   0.089794 ] [  0.414634671 -2.932135240 -0.288317480 ] [   0.006530  -0.442704  -0.001905 ]
0041  1   -4173.48848760     7 [  -0.075787   0.844300   0.089794 ] [ -4.908768896  4.750296816  0.244339250 ] [  -0.385850  -0.034000  -0.028586 ]

# ESTEEM finished at 27-10-2023, 16:10:28 (       0.014 seconds elapsed)
# ESTEEM version 1.0.0 started at 27-10-2023, 16:10:55


# Processing clusters for ox (oxirane) for trajectory A
# 1 frames loaded
# Calculating energies and forces for states [0, 1] in orca.
# Reading from input trajectory ox_gs_A_carved.traj
# Not writing to output trajectory as range is subset of trajectory.
# Post-process to combine whole trajectory.
# Not writing to output trajectory as range is subset of trajectory.
# Post-process to combine whole trajectory.
0041  0   -4180.99940360     7 [  -0.075787   0.844300   0.089794 ] [  0.414634671 -2.932135240 -0.288317480 ] [   0.006530  -0.442704  -0.001905 ]
0041  1   -4173.48848760     7 [  -0.075787   0.844300   0.089794 ] [ -4.908768896  4.750296816  0.244339250 ] [  -0.385850  -0.034000  -0.028586 ]

# ESTEEM finished at 27-10-2023, 16:10:55 (       0.013 seconds elapsed)
# ESTEEM version 1.0.0 started at 27-10-2023, 16:11:22


# Processing clusters for ox (oxirane) for trajectory A
# 1 frames loaded
# Calculating energies and forces for states [0, 1] in orca.
# Reading from input trajectory ox_gs_A_carved.traj
# Not writing to output trajectory as range is subset of trajectory.
# Post-process to combine whole trajectory.
# Not writing to output trajectory as range is subset of trajectory.
# Post-process to combine whole trajectory.
0041  0   -4180.99940360     7 [  -0.075787   0.844300   0.089794 ] [  0.414634671 -2.932135240 -0.288317480 ] [   0.006530  -0.442704  -0.001905 ]
0041  1   -4173.48848760     7 [  -0.075787   0.844300   0.089794 ] [ -4.908768896  4.750296816  0.244339250 ] [  -0.385850  -0.034000  -0.028586 ]

# ESTEEM finished at 27-10-2023, 16:11:22 (       0.010 seconds elapsed)
# ESTEEM version 1.0.0 started at 27-10-2023, 16:11:46


# Processing clusters for ox (oxirane) for trajectory A
# 1 frames loaded
# Calculating energies and forces for states [0, 1] in orca.
# Reading from input trajectory ox_gs_A_carved.traj
# Not writing to output trajectory as range is subset of trajectory.
# Post-process to combine whole trajectory.
# Not writing to output trajectory as range is subset of trajectory.
# Post-process to combine whole trajectory.
0041  0   -4180.99940360     7 [  -0.075787   0.844300   0.089794 ] [  0.414634671 -2.932135240 -0.288317480 ] [   0.006530  -0.442704  -0.001905 ]
0041  1   -4173.48848760     7 [  -0.075787   0.844300   0.089794 ] [ -4.908768896  4.750296816  0.244339250 ] [  -0.385850  -0.034000  -0.028586 ]

# ESTEEM finished at 27-10-2023, 16:11:46 (       0.011 seconds elapsed)
# ESTEEM version 1.0.0 started at 27-10-2023, 16:12:13


# Processing clusters for ox (oxirane) for trajectory A
# 1 frames loaded
# Calculating energies and forces for states [0, 1] in orca.
# Reading from input trajectory ox_gs_A_carved.traj
# Not writing to output trajectory as range is subset of trajectory.
# Post-process to combine whole trajectory.
# Not writing to output trajectory as range is subset of trajectory.
# Post-process to combine whole trajectory.
0041  0   -4180.99940360     7 [  -0.075787   0.844300   0.089794 ] [  0.414634671 -2.932135240 -0.288317480 ] [   0.006530  -0.442704  -0.001905 ]
0041  1   -4173.48848760     7 [  -0.075787   0.844300   0.089794 ] [ -4.908768896  4.750296816  0.244339250 ] [  -0.385850  -0.034000  -0.028586 ]

# ESTEEM finished at 27-10-2023, 16:12:13 (       0.028 seconds elapsed)
# ESTEEM version 1.0.0 started at 30-10-2023, 09:01:49


# Processing clusters for ox (oxirane) for trajectory A
# 1 frames loaded
# Calculating energies and forces for states [0, 1] in orca.
# Reading from input trajectory ox_gs_A_carved.traj
# Not writing to output trajectory as range is subset of trajectory.
# Post-process to combine whole trajectory.
# Not writing to output trajectory as range is subset of trajectory.
# Post-process to combine whole trajectory.
0041  0   -4180.99940360     7 [  -0.075787   0.844300   0.089794 ] [  0.414634671 -2.932135240 -0.288317480 ] [   0.006530  -0.442704  -0.001905 ]
0041  1   -4173.48848760     7 [  -0.075787   0.844300   0.089794 ] [ -4.908768896  4.750296816  0.244339250 ] [  -0.385850  -0.034000  -0.028586 ]

# ESTEEM finished at 30-10-2023, 09:01:49 (       0.009 seconds elapsed)
# ESTEEM version 1.0.0 started at 30-10-2023, 14:42:55


# Processing clusters for ox (oxirane) for trajectory A
# 1 frames loaded
# Calculating energies and forces for states [0, 1] in orca.
# Reading from input trajectory ox_gs_A_carved.traj
# Not writing to output trajectory as range is subset of trajectory.
# Post-process to combine whole trajectory.
# Not writing to output trajectory as range is subset of trajectory.
# Post-process to combine whole trajectory.
0041  0   -4180.99940360     7 [  -0.075787   0.844300   0.089794 ] [  0.414634671 -2.932135240 -0.288317480 ] [   0.006530  -0.442704  -0.001905 ]
0041  1   -4173.48848760     7 [  -0.075787   0.844300   0.089794 ] [ -4.908768896  4.750296816  0.244339250 ] [  -0.385850  -0.034000  -0.028586 ]

# ESTEEM finished at 30-10-2023, 14:42:55 (       0.275 seconds elapsed)
