# ESTEEM version 1.0.0 started at 26-10-2023, 11:18:30


# Processing clusters for ox (oxirane) for trajectory A
# 1 frames loaded
# Calculating energies and forces for state [0] in orca.
# Reading from input trajectory ox_gs_A_carved.traj
# Not writing to output trajectory as range is subset of trajectory.
# Post-process to combine whole trajectory.
0049  0   -4180.71505003     7 [  -0.051140   0.754055  -0.083429 ] [  2.161990804  0.521310061 -0.087643428 ] [   0.045483  -0.356396  -0.001180 ]

# ESTEEM finished at 26-10-2023, 11:18:35 (       4.746 seconds elapsed)
# ESTEEM version 1.0.0 started at 27-10-2023, 11:40:20


# Processing clusters for ox (oxirane) for trajectory A
# 1 frames loaded
# Calculating energies and forces for state [0] in orca.
# Reading from input trajectory ox_gs_A_carved.traj
# Not writing to output trajectory as range is subset of trajectory.
# Post-process to combine whole trajectory.
0049  0   -4180.71505003     7 [  -0.051140   0.754055  -0.083429 ] [  2.161990804  0.521310061 -0.087643428 ] [   0.045483  -0.356396  -0.001180 ]

# ESTEEM finished at 27-10-2023, 11:40:20 (       0.011 seconds elapsed)
# ESTEEM version 1.0.0 started at 27-10-2023, 11:56:51


# Processing clusters for ox (oxirane) for trajectory A
# 1 frames loaded
# Calculating energies and forces for state [0] in orca.
# Reading from input trajectory ox_gs_A_carved.traj
# Not writing to output trajectory as range is subset of trajectory.
# Post-process to combine whole trajectory.
0049  0   -4180.71505003     7 [  -0.051140   0.754055  -0.083429 ] [  2.161990804  0.521310061 -0.087643428 ] [   0.045483  -0.356396  -0.001180 ]

# ESTEEM finished at 27-10-2023, 11:56:51 (       0.010 seconds elapsed)
# ESTEEM version 1.0.0 started at 27-10-2023, 16:10:00


# Processing clusters for ox (oxirane) for trajectory A
# 1 frames loaded
# Calculating energies and forces for states [0, 1] in orca.
# Reading from input trajectory ox_gs_A_carved.traj
# Not writing to output trajectory as range is subset of trajectory.
# Post-process to combine whole trajectory.
# Not writing to output trajectory as range is subset of trajectory.
# Post-process to combine whole trajectory.
0049  0   -4180.71505003     7 [  -0.051140   0.754055  -0.083429 ] [  2.161990804  0.521310061 -0.087643428 ] [   0.045483  -0.356396  -0.001180 ]
# Copying from ox_gs_A_orca0049.gbw to ox_es1_A_orca0049.gbw
0049  1   -4173.56065630     7 [  -0.051140   0.754055  -0.083429 ] [ -4.077082034  8.186224828 -0.139306780 ] [  -0.423590   0.007779   0.033158 ]

# ESTEEM finished at 27-10-2023, 16:10:09 (       9.069 seconds elapsed)
# ESTEEM version 1.0.0 started at 27-10-2023, 16:10:32


# Processing clusters for ox (oxirane) for trajectory A
# 1 frames loaded
# Calculating energies and forces for states [0, 1] in orca.
# Reading from input trajectory ox_gs_A_carved.traj
# Not writing to output trajectory as range is subset of trajectory.
# Post-process to combine whole trajectory.
# Not writing to output trajectory as range is subset of trajectory.
# Post-process to combine whole trajectory.
0049  0   -4180.71505003     7 [  -0.051140   0.754055  -0.083429 ] [  2.161990804  0.521310061 -0.087643428 ] [   0.045483  -0.356396  -0.001180 ]
0049  1   -4173.56065630     7 [  -0.051140   0.754055  -0.083429 ] [ -4.077082034  8.186224828 -0.139306780 ] [  -0.423590   0.007779   0.033158 ]

# ESTEEM finished at 27-10-2023, 16:10:32 (       0.019 seconds elapsed)
# ESTEEM version 1.0.0 started at 27-10-2023, 16:10:58


# Processing clusters for ox (oxirane) for trajectory A
# 1 frames loaded
# Calculating energies and forces for states [0, 1] in orca.
# Reading from input trajectory ox_gs_A_carved.traj
# Not writing to output trajectory as range is subset of trajectory.
# Post-process to combine whole trajectory.
# Not writing to output trajectory as range is subset of trajectory.
# Post-process to combine whole trajectory.
0049  0   -4180.71505003     7 [  -0.051140   0.754055  -0.083429 ] [  2.161990804  0.521310061 -0.087643428 ] [   0.045483  -0.356396  -0.001180 ]
0049  1   -4173.56065630     7 [  -0.051140   0.754055  -0.083429 ] [ -4.077082034  8.186224828 -0.139306780 ] [  -0.423590   0.007779   0.033158 ]

# ESTEEM finished at 27-10-2023, 16:10:58 (       0.011 seconds elapsed)
# ESTEEM version 1.0.0 started at 27-10-2023, 16:11:33


# Processing clusters for ox (oxirane) for trajectory A
# 1 frames loaded
# Calculating energies and forces for states [0, 1] in orca.
# Reading from input trajectory ox_gs_A_carved.traj
# Not writing to output trajectory as range is subset of trajectory.
# Post-process to combine whole trajectory.
# Not writing to output trajectory as range is subset of trajectory.
# Post-process to combine whole trajectory.
0049  0   -4180.71505003     7 [  -0.051140   0.754055  -0.083429 ] [  2.161990804  0.521310061 -0.087643428 ] [   0.045483  -0.356396  -0.001180 ]
0049  1   -4173.56065630     7 [  -0.051140   0.754055  -0.083429 ] [ -4.077082034  8.186224828 -0.139306780 ] [  -0.423590   0.007779   0.033158 ]

# ESTEEM finished at 27-10-2023, 16:11:33 (       0.048 seconds elapsed)
# ESTEEM version 1.0.0 started at 27-10-2023, 16:11:50


# Processing clusters for ox (oxirane) for trajectory A
# 1 frames loaded
# Calculating energies and forces for states [0, 1] in orca.
# Reading from input trajectory ox_gs_A_carved.traj
# Not writing to output trajectory as range is subset of trajectory.
# Post-process to combine whole trajectory.
# Not writing to output trajectory as range is subset of trajectory.
# Post-process to combine whole trajectory.
0049  0   -4180.71505003     7 [  -0.051140   0.754055  -0.083429 ] [  2.161990804  0.521310061 -0.087643428 ] [   0.045483  -0.356396  -0.001180 ]
0049  1   -4173.56065630     7 [  -0.051140   0.754055  -0.083429 ] [ -4.077082034  8.186224828 -0.139306780 ] [  -0.423590   0.007779   0.033158 ]

# ESTEEM finished at 27-10-2023, 16:11:50 (       0.012 seconds elapsed)
# ESTEEM version 1.0.0 started at 27-10-2023, 16:12:17


# Processing clusters for ox (oxirane) for trajectory A
# 1 frames loaded
# Calculating energies and forces for states [0, 1] in orca.
# Reading from input trajectory ox_gs_A_carved.traj
# Not writing to output trajectory as range is subset of trajectory.
# Post-process to combine whole trajectory.
# Not writing to output trajectory as range is subset of trajectory.
# Post-process to combine whole trajectory.
0049  0   -4180.71505003     7 [  -0.051140   0.754055  -0.083429 ] [  2.161990804  0.521310061 -0.087643428 ] [   0.045483  -0.356396  -0.001180 ]
0049  1   -4173.56065630     7 [  -0.051140   0.754055  -0.083429 ] [ -4.077082034  8.186224828 -0.139306780 ] [  -0.423590   0.007779   0.033158 ]

# ESTEEM finished at 27-10-2023, 16:12:17 (       0.061 seconds elapsed)
# ESTEEM version 1.0.0 started at 30-10-2023, 09:01:52


# Processing clusters for ox (oxirane) for trajectory A
# 1 frames loaded
# Calculating energies and forces for states [0, 1] in orca.
# Reading from input trajectory ox_gs_A_carved.traj
# Not writing to output trajectory as range is subset of trajectory.
# Post-process to combine whole trajectory.
# Not writing to output trajectory as range is subset of trajectory.
# Post-process to combine whole trajectory.
0049  0   -4180.71505003     7 [  -0.051140   0.754055  -0.083429 ] [  2.161990804  0.521310061 -0.087643428 ] [   0.045483  -0.356396  -0.001180 ]
0049  1   -4173.56065630     7 [  -0.051140   0.754055  -0.083429 ] [ -4.077082034  8.186224828 -0.139306780 ] [  -0.423590   0.007779   0.033158 ]

# ESTEEM finished at 30-10-2023, 09:01:52 (       0.011 seconds elapsed)
# ESTEEM version 1.0.0 started at 30-10-2023, 14:42:59


# Processing clusters for ox (oxirane) for trajectory A
# 1 frames loaded
# Calculating energies and forces for states [0, 1] in orca.
# Reading from input trajectory ox_gs_A_carved.traj
# Not writing to output trajectory as range is subset of trajectory.
# Post-process to combine whole trajectory.
# Not writing to output trajectory as range is subset of trajectory.
# Post-process to combine whole trajectory.
0049  0   -4180.71505003     7 [  -0.051140   0.754055  -0.083429 ] [  2.161990804  0.521310061 -0.087643428 ] [   0.045483  -0.356396  -0.001180 ]
0049  1   -4173.56065630     7 [  -0.051140   0.754055  -0.083429 ] [ -4.077082034  8.186224828 -0.139306780 ] [  -0.423590   0.007779   0.033158 ]

# ESTEEM finished at 30-10-2023, 14:42:59 (       0.190 seconds elapsed)
