# ESTEEM version 1.0.0 started at 26-10-2023, 11:17:37


# Processing clusters for ox (oxirane) for trajectory A
# 1 frames loaded
# Calculating energies and forces for state [0] in orca.
# Reading from input trajectory ox_gs_A_carved.traj
# Not writing to output trajectory as range is subset of trajectory.
# Post-process to combine whole trajectory.
0014  0   -4181.51824495     7 [   0.017851   0.732279   0.044980 ] [  0.160066063  2.747640318 -0.303249408 ] [  -0.002609  -0.347304  -0.008700 ]

# ESTEEM finished at 26-10-2023, 11:17:41 (       4.291 seconds elapsed)
# ESTEEM version 1.0.0 started at 27-10-2023, 11:40:01


# Processing clusters for ox (oxirane) for trajectory A
# 1 frames loaded
# Calculating energies and forces for state [0] in orca.
# Reading from input trajectory ox_gs_A_carved.traj
# Not writing to output trajectory as range is subset of trajectory.
# Post-process to combine whole trajectory.
0014  0   -4181.51824495     7 [   0.017851   0.732279   0.044980 ] [  0.160066063  2.747640318 -0.303249408 ] [  -0.002609  -0.347304  -0.008700 ]

# ESTEEM finished at 27-10-2023, 11:40:01 (       0.043 seconds elapsed)
# ESTEEM version 1.0.0 started at 27-10-2023, 11:56:33


# Processing clusters for ox (oxirane) for trajectory A
# 1 frames loaded
# Calculating energies and forces for state [0] in orca.
# Reading from input trajectory ox_gs_A_carved.traj
# Not writing to output trajectory as range is subset of trajectory.
# Post-process to combine whole trajectory.
0014  0   -4181.51824495     7 [   0.017851   0.732279   0.044980 ] [  0.160066063  2.747640318 -0.303249408 ] [  -0.002609  -0.347304  -0.008700 ]

# ESTEEM finished at 27-10-2023, 11:56:33 (       0.008 seconds elapsed)
# ESTEEM version 1.0.0 started at 27-10-2023, 16:08:33


# Processing clusters for ox (oxirane) for trajectory A
# 1 frames loaded
# Calculating energies and forces for states [0, 1] in orca.
# Reading from input trajectory ox_gs_A_carved.traj
# Not writing to output trajectory as range is subset of trajectory.
# Post-process to combine whole trajectory.
# Not writing to output trajectory as range is subset of trajectory.
# Post-process to combine whole trajectory.
0014  0   -4181.51824495     7 [   0.017851   0.732279   0.044980 ] [  0.160066063  2.747640318 -0.303249408 ] [  -0.002609  -0.347304  -0.008700 ]
# Copying from ox_gs_A_orca0014.gbw to ox_es1_A_orca0014.gbw
0014  1   -4173.26023942     7 [   0.017851   0.732279   0.044980 ] [  0.484551158  3.206656596  0.054196904 ] [  -0.339134   0.026602  -0.126415 ]

# ESTEEM finished at 27-10-2023, 16:08:42 (       8.571 seconds elapsed)
# ESTEEM version 1.0.0 started at 27-10-2023, 16:10:14


# Processing clusters for ox (oxirane) for trajectory A
# 1 frames loaded
# Calculating energies and forces for states [0, 1] in orca.
# Reading from input trajectory ox_gs_A_carved.traj
# Not writing to output trajectory as range is subset of trajectory.
# Post-process to combine whole trajectory.
# Not writing to output trajectory as range is subset of trajectory.
# Post-process to combine whole trajectory.
0014  0   -4181.51824495     7 [   0.017851   0.732279   0.044980 ] [  0.160066063  2.747640318 -0.303249408 ] [  -0.002609  -0.347304  -0.008700 ]
0014  1   -4173.26023942     7 [   0.017851   0.732279   0.044980 ] [  0.484551158  3.206656596  0.054196904 ] [  -0.339134   0.026602  -0.126415 ]

# ESTEEM finished at 27-10-2023, 16:10:14 (       0.015 seconds elapsed)
# ESTEEM version 1.0.0 started at 27-10-2023, 16:10:40


# Processing clusters for ox (oxirane) for trajectory A
# 1 frames loaded
# Calculating energies and forces for states [0, 1] in orca.
# Reading from input trajectory ox_gs_A_carved.traj
# Not writing to output trajectory as range is subset of trajectory.
# Post-process to combine whole trajectory.
# Not writing to output trajectory as range is subset of trajectory.
# Post-process to combine whole trajectory.
0014  0   -4181.51824495     7 [   0.017851   0.732279   0.044980 ] [  0.160066063  2.747640318 -0.303249408 ] [  -0.002609  -0.347304  -0.008700 ]
0014  1   -4173.26023942     7 [   0.017851   0.732279   0.044980 ] [  0.484551158  3.206656596  0.054196904 ] [  -0.339134   0.026602  -0.126415 ]

# ESTEEM finished at 27-10-2023, 16:10:40 (       0.012 seconds elapsed)
# ESTEEM version 1.0.0 started at 27-10-2023, 16:11:07


# Processing clusters for ox (oxirane) for trajectory A
# 1 frames loaded
# Calculating energies and forces for states [0, 1] in orca.
# Reading from input trajectory ox_gs_A_carved.traj
# Not writing to output trajectory as range is subset of trajectory.
# Post-process to combine whole trajectory.
# Not writing to output trajectory as range is subset of trajectory.
# Post-process to combine whole trajectory.
0014  0   -4181.51824495     7 [   0.017851   0.732279   0.044980 ] [  0.160066063  2.747640318 -0.303249408 ] [  -0.002609  -0.347304  -0.008700 ]
0014  1   -4173.26023942     7 [   0.017851   0.732279   0.044980 ] [  0.484551158  3.206656596  0.054196904 ] [  -0.339134   0.026602  -0.126415 ]

# ESTEEM finished at 27-10-2023, 16:11:07 (       0.012 seconds elapsed)
# ESTEEM version 1.0.0 started at 27-10-2023, 16:11:33


# Processing clusters for ox (oxirane) for trajectory A
# 1 frames loaded
# Calculating energies and forces for states [0, 1] in orca.
# Reading from input trajectory ox_gs_A_carved.traj
# Not writing to output trajectory as range is subset of trajectory.
# Post-process to combine whole trajectory.
# Not writing to output trajectory as range is subset of trajectory.
# Post-process to combine whole trajectory.
0014  0   -4181.51824495     7 [   0.017851   0.732279   0.044980 ] [  0.160066063  2.747640318 -0.303249408 ] [  -0.002609  -0.347304  -0.008700 ]
0014  1   -4173.26023942     7 [   0.017851   0.732279   0.044980 ] [  0.484551158  3.206656596  0.054196904 ] [  -0.339134   0.026602  -0.126415 ]

# ESTEEM finished at 27-10-2023, 16:11:33 (       0.010 seconds elapsed)
# ESTEEM version 1.0.0 started at 27-10-2023, 16:11:59


# Processing clusters for ox (oxirane) for trajectory A
# 1 frames loaded
# Calculating energies and forces for states [0, 1] in orca.
# Reading from input trajectory ox_gs_A_carved.traj
# Not writing to output trajectory as range is subset of trajectory.
# Post-process to combine whole trajectory.
# Not writing to output trajectory as range is subset of trajectory.
# Post-process to combine whole trajectory.
0014  0   -4181.51824495     7 [   0.017851   0.732279   0.044980 ] [  0.160066063  2.747640318 -0.303249408 ] [  -0.002609  -0.347304  -0.008700 ]
0014  1   -4173.26023942     7 [   0.017851   0.732279   0.044980 ] [  0.484551158  3.206656596  0.054196904 ] [  -0.339134   0.026602  -0.126415 ]

# ESTEEM finished at 27-10-2023, 16:11:59 (       0.013 seconds elapsed)
# ESTEEM version 1.0.0 started at 30-10-2023, 09:01:39


# Processing clusters for ox (oxirane) for trajectory A
# 1 frames loaded
# Calculating energies and forces for states [0, 1] in orca.
# Reading from input trajectory ox_gs_A_carved.traj
# Not writing to output trajectory as range is subset of trajectory.
# Post-process to combine whole trajectory.
# Not writing to output trajectory as range is subset of trajectory.
# Post-process to combine whole trajectory.
0014  0   -4181.51824495     7 [   0.017851   0.732279   0.044980 ] [  0.160066063  2.747640318 -0.303249408 ] [  -0.002609  -0.347304  -0.008700 ]
0014  1   -4173.26023942     7 [   0.017851   0.732279   0.044980 ] [  0.484551158  3.206656596  0.054196904 ] [  -0.339134   0.026602  -0.126415 ]

# ESTEEM finished at 30-10-2023, 09:01:39 (       0.030 seconds elapsed)
# ESTEEM version 1.0.0 started at 30-10-2023, 14:42:37


# Processing clusters for ox (oxirane) for trajectory A
# 1 frames loaded
# Calculating energies and forces for states [0, 1] in orca.
# Reading from input trajectory ox_gs_A_carved.traj
# Not writing to output trajectory as range is subset of trajectory.
# Post-process to combine whole trajectory.
# Not writing to output trajectory as range is subset of trajectory.
# Post-process to combine whole trajectory.
0014  0   -4181.51824495     7 [   0.017851   0.732279   0.044980 ] [  0.160066063  2.747640318 -0.303249408 ] [  -0.002609  -0.347304  -0.008700 ]
0014  1   -4173.26023942     7 [   0.017851   0.732279   0.044980 ] [  0.484551158  3.206656596  0.054196904 ] [  -0.339134   0.026602  -0.126415 ]

# ESTEEM finished at 30-10-2023, 14:42:37 (       0.110 seconds elapsed)
