# ESTEEM version 1.0.0 started at 26-10-2023, 11:17:50


# Processing clusters for ox (oxirane) for trajectory A
# 1 frames loaded
# Calculating energies and forces for state [0] in orca.
# Reading from input trajectory ox_gs_A_carved.traj
# Not writing to output trajectory as range is subset of trajectory.
# Post-process to combine whole trajectory.
0023  0   -4181.41289236     7 [   0.010173   0.729107  -0.071113 ] [ -0.297929688 -0.550428474  1.593368154 ] [  -0.001185  -0.382881   0.056209 ]

# ESTEEM finished at 26-10-2023, 11:17:55 (       4.320 seconds elapsed)
# ESTEEM version 1.0.0 started at 27-10-2023, 11:40:07


# Processing clusters for ox (oxirane) for trajectory A
# 1 frames loaded
# Calculating energies and forces for state [0] in orca.
# Reading from input trajectory ox_gs_A_carved.traj
# Not writing to output trajectory as range is subset of trajectory.
# Post-process to combine whole trajectory.
0023  0   -4181.41289236     7 [   0.010173   0.729107  -0.071113 ] [ -0.297929688 -0.550428474  1.593368154 ] [  -0.001185  -0.382881   0.056209 ]

# ESTEEM finished at 27-10-2023, 11:40:07 (       0.010 seconds elapsed)
# ESTEEM version 1.0.0 started at 27-10-2023, 11:56:38


# Processing clusters for ox (oxirane) for trajectory A
# 1 frames loaded
# Calculating energies and forces for state [0] in orca.
# Reading from input trajectory ox_gs_A_carved.traj
# Not writing to output trajectory as range is subset of trajectory.
# Post-process to combine whole trajectory.
0023  0   -4181.41289236     7 [   0.010173   0.729107  -0.071113 ] [ -0.297929688 -0.550428474  1.593368154 ] [  -0.001185  -0.382881   0.056209 ]

# ESTEEM finished at 27-10-2023, 11:56:38 (       0.007 seconds elapsed)
# ESTEEM version 1.0.0 started at 27-10-2023, 16:08:55


# Processing clusters for ox (oxirane) for trajectory A
# 1 frames loaded
# Calculating energies and forces for states [0, 1] in orca.
# Reading from input trajectory ox_gs_A_carved.traj
# Not writing to output trajectory as range is subset of trajectory.
# Post-process to combine whole trajectory.
# Not writing to output trajectory as range is subset of trajectory.
# Post-process to combine whole trajectory.
0023  0   -4181.41289236     7 [   0.010173   0.729107  -0.071113 ] [ -0.297929688 -0.550428474  1.593368154 ] [  -0.001185  -0.382881   0.056209 ]
# Copying from ox_gs_A_orca0023.gbw to ox_es1_A_orca0023.gbw
0023  1   -4173.57565498     7 [   0.010173   0.729107  -0.071113 ] [  3.122031416  4.292364916 -0.288730695 ] [   0.350178  -0.075254   0.027909 ]

# ESTEEM finished at 27-10-2023, 16:09:03 (       8.409 seconds elapsed)
# ESTEEM version 1.0.0 started at 27-10-2023, 16:10:19


# Processing clusters for ox (oxirane) for trajectory A
# 1 frames loaded
# Calculating energies and forces for states [0, 1] in orca.
# Reading from input trajectory ox_gs_A_carved.traj
# Not writing to output trajectory as range is subset of trajectory.
# Post-process to combine whole trajectory.
# Not writing to output trajectory as range is subset of trajectory.
# Post-process to combine whole trajectory.
0023  0   -4181.41289236     7 [   0.010173   0.729107  -0.071113 ] [ -0.297929688 -0.550428474  1.593368154 ] [  -0.001185  -0.382881   0.056209 ]
0023  1   -4173.57565498     7 [   0.010173   0.729107  -0.071113 ] [  3.122031416  4.292364916 -0.288730695 ] [   0.350178  -0.075254   0.027909 ]

# ESTEEM finished at 27-10-2023, 16:10:19 (       0.018 seconds elapsed)
# ESTEEM version 1.0.0 started at 27-10-2023, 16:10:52


# Processing clusters for ox (oxirane) for trajectory A
# 1 frames loaded
# Calculating energies and forces for states [0, 1] in orca.
# Reading from input trajectory ox_gs_A_carved.traj
# Not writing to output trajectory as range is subset of trajectory.
# Post-process to combine whole trajectory.
# Not writing to output trajectory as range is subset of trajectory.
# Post-process to combine whole trajectory.
0023  0   -4181.41289236     7 [   0.010173   0.729107  -0.071113 ] [ -0.297929688 -0.550428474  1.593368154 ] [  -0.001185  -0.382881   0.056209 ]
0023  1   -4173.57565498     7 [   0.010173   0.729107  -0.071113 ] [  3.122031416  4.292364916 -0.288730695 ] [   0.350178  -0.075254   0.027909 ]

# ESTEEM finished at 27-10-2023, 16:10:52 (       0.076 seconds elapsed)
# ESTEEM version 1.0.0 started at 27-10-2023, 16:11:12


# Processing clusters for ox (oxirane) for trajectory A
# 1 frames loaded
# Calculating energies and forces for states [0, 1] in orca.
# Reading from input trajectory ox_gs_A_carved.traj
# Not writing to output trajectory as range is subset of trajectory.
# Post-process to combine whole trajectory.
# Not writing to output trajectory as range is subset of trajectory.
# Post-process to combine whole trajectory.
0023  0   -4181.41289236     7 [   0.010173   0.729107  -0.071113 ] [ -0.297929688 -0.550428474  1.593368154 ] [  -0.001185  -0.382881   0.056209 ]
0023  1   -4173.57565498     7 [   0.010173   0.729107  -0.071113 ] [  3.122031416  4.292364916 -0.288730695 ] [   0.350178  -0.075254   0.027909 ]

# ESTEEM finished at 27-10-2023, 16:11:12 (       0.015 seconds elapsed)
# ESTEEM version 1.0.0 started at 27-10-2023, 16:11:38


# Processing clusters for ox (oxirane) for trajectory A
# 1 frames loaded
# Calculating energies and forces for states [0, 1] in orca.
# Reading from input trajectory ox_gs_A_carved.traj
# Not writing to output trajectory as range is subset of trajectory.
# Post-process to combine whole trajectory.
# Not writing to output trajectory as range is subset of trajectory.
# Post-process to combine whole trajectory.
0023  0   -4181.41289236     7 [   0.010173   0.729107  -0.071113 ] [ -0.297929688 -0.550428474  1.593368154 ] [  -0.001185  -0.382881   0.056209 ]
0023  1   -4173.57565498     7 [   0.010173   0.729107  -0.071113 ] [  3.122031416  4.292364916 -0.288730695 ] [   0.350178  -0.075254   0.027909 ]

# ESTEEM finished at 27-10-2023, 16:11:38 (       0.014 seconds elapsed)
# ESTEEM version 1.0.0 started at 27-10-2023, 16:12:03


# Processing clusters for ox (oxirane) for trajectory A
# 1 frames loaded
# Calculating energies and forces for states [0, 1] in orca.
# Reading from input trajectory ox_gs_A_carved.traj
# Not writing to output trajectory as range is subset of trajectory.
# Post-process to combine whole trajectory.
# Not writing to output trajectory as range is subset of trajectory.
# Post-process to combine whole trajectory.
0023  0   -4181.41289236     7 [   0.010173   0.729107  -0.071113 ] [ -0.297929688 -0.550428474  1.593368154 ] [  -0.001185  -0.382881   0.056209 ]
0023  1   -4173.57565498     7 [   0.010173   0.729107  -0.071113 ] [  3.122031416  4.292364916 -0.288730695 ] [   0.350178  -0.075254   0.027909 ]

# ESTEEM finished at 27-10-2023, 16:12:03 (       0.014 seconds elapsed)
# ESTEEM version 1.0.0 started at 30-10-2023, 09:01:41


# Processing clusters for ox (oxirane) for trajectory A
# 1 frames loaded
# Calculating energies and forces for states [0, 1] in orca.
# Reading from input trajectory ox_gs_A_carved.traj
# Not writing to output trajectory as range is subset of trajectory.
# Post-process to combine whole trajectory.
# Not writing to output trajectory as range is subset of trajectory.
# Post-process to combine whole trajectory.
0023  0   -4181.41289236     7 [   0.010173   0.729107  -0.071113 ] [ -0.297929688 -0.550428474  1.593368154 ] [  -0.001185  -0.382881   0.056209 ]
0023  1   -4173.57565498     7 [   0.010173   0.729107  -0.071113 ] [  3.122031416  4.292364916 -0.288730695 ] [   0.350178  -0.075254   0.027909 ]

# ESTEEM finished at 30-10-2023, 09:01:41 (       0.010 seconds elapsed)
# ESTEEM version 1.0.0 started at 30-10-2023, 14:42:42


# Processing clusters for ox (oxirane) for trajectory A
# 1 frames loaded
# Calculating energies and forces for states [0, 1] in orca.
# Reading from input trajectory ox_gs_A_carved.traj
# Not writing to output trajectory as range is subset of trajectory.
# Post-process to combine whole trajectory.
# Not writing to output trajectory as range is subset of trajectory.
# Post-process to combine whole trajectory.
0023  0   -4181.41289236     7 [   0.010173   0.729107  -0.071113 ] [ -0.297929688 -0.550428474  1.593368154 ] [  -0.001185  -0.382881   0.056209 ]
0023  1   -4173.57565498     7 [   0.010173   0.729107  -0.071113 ] [  3.122031416  4.292364916 -0.288730695 ] [   0.350178  -0.075254   0.027909 ]

# ESTEEM finished at 30-10-2023, 14:42:42 (       0.125 seconds elapsed)
