# ESTEEM version 1.0.0 started at 26-10-2023, 11:17:25


# Processing clusters for ox (oxirane) for trajectory A
# 1 frames loaded
# Calculating energies and forces for state [0] in orca.
# Reading from input trajectory ox_gs_A_carved.traj
# Not writing to output trajectory as range is subset of trajectory.
# Post-process to combine whole trajectory.
0007  0   -4181.28798628     7 [  -0.066023   0.793021   0.014849 ] [  1.488505764 -0.134793960 -1.107373205 ] [   0.009335  -0.403736  -0.030306 ]

# ESTEEM finished at 26-10-2023, 11:17:29 (       4.221 seconds elapsed)
# ESTEEM version 1.0.0 started at 27-10-2023, 11:39:58


# Processing clusters for ox (oxirane) for trajectory A
# 1 frames loaded
# Calculating energies and forces for state [0] in orca.
# Reading from input trajectory ox_gs_A_carved.traj
# Not writing to output trajectory as range is subset of trajectory.
# Post-process to combine whole trajectory.
0007  0   -4181.28798628     7 [  -0.066023   0.793021   0.014849 ] [  1.488505764 -0.134793960 -1.107373205 ] [   0.009335  -0.403736  -0.030306 ]

# ESTEEM finished at 27-10-2023, 11:39:58 (       0.011 seconds elapsed)
# ESTEEM version 1.0.0 started at 27-10-2023, 11:56:30


# Processing clusters for ox (oxirane) for trajectory A
# 1 frames loaded
# Calculating energies and forces for state [0] in orca.
# Reading from input trajectory ox_gs_A_carved.traj
# Not writing to output trajectory as range is subset of trajectory.
# Post-process to combine whole trajectory.
0007  0   -4181.28798628     7 [  -0.066023   0.793021   0.014849 ] [  1.488505764 -0.134793960 -1.107373205 ] [   0.009335  -0.403736  -0.030306 ]

# ESTEEM finished at 27-10-2023, 11:56:30 (       0.008 seconds elapsed)
# ESTEEM version 1.0.0 started at 27-10-2023, 16:08:14


# Processing clusters for ox (oxirane) for trajectory A
# 1 frames loaded
# Calculating energies and forces for states [0, 1] in orca.
# Reading from input trajectory ox_gs_A_carved.traj
# Not writing to output trajectory as range is subset of trajectory.
# Post-process to combine whole trajectory.
# Not writing to output trajectory as range is subset of trajectory.
# Post-process to combine whole trajectory.
0007  0   -4181.28798628     7 [  -0.066023   0.793021   0.014849 ] [  1.488505764 -0.134793960 -1.107373205 ] [   0.009335  -0.403736  -0.030306 ]
# Copying from ox_gs_A_orca0007.gbw to ox_es1_A_orca0007.gbw
0007  1   -4173.45303189     7 [  -0.066023   0.793021   0.014849 ] [ -4.276084800  7.520133458  0.384258859 ] [  -0.384569  -0.022564   0.024146 ]

# ESTEEM finished at 27-10-2023, 16:08:22 (       8.209 seconds elapsed)
# ESTEEM version 1.0.0 started at 27-10-2023, 16:10:11


# Processing clusters for ox (oxirane) for trajectory A
# 1 frames loaded
# Calculating energies and forces for states [0, 1] in orca.
# Reading from input trajectory ox_gs_A_carved.traj
# Not writing to output trajectory as range is subset of trajectory.
# Post-process to combine whole trajectory.
# Not writing to output trajectory as range is subset of trajectory.
# Post-process to combine whole trajectory.
0007  0   -4181.28798628     7 [  -0.066023   0.793021   0.014849 ] [  1.488505764 -0.134793960 -1.107373205 ] [   0.009335  -0.403736  -0.030306 ]
0007  1   -4173.45303189     7 [  -0.066023   0.793021   0.014849 ] [ -4.276084800  7.520133458  0.384258859 ] [  -0.384569  -0.022564   0.024146 ]

# ESTEEM finished at 27-10-2023, 16:10:11 (       0.035 seconds elapsed)
# ESTEEM version 1.0.0 started at 27-10-2023, 16:10:36


# Processing clusters for ox (oxirane) for trajectory A
# 1 frames loaded
# Calculating energies and forces for states [0, 1] in orca.
# Reading from input trajectory ox_gs_A_carved.traj
# Not writing to output trajectory as range is subset of trajectory.
# Post-process to combine whole trajectory.
# Not writing to output trajectory as range is subset of trajectory.
# Post-process to combine whole trajectory.
0007  0   -4181.28798628     7 [  -0.066023   0.793021   0.014849 ] [  1.488505764 -0.134793960 -1.107373205 ] [   0.009335  -0.403736  -0.030306 ]
0007  1   -4173.45303189     7 [  -0.066023   0.793021   0.014849 ] [ -4.276084800  7.520133458  0.384258859 ] [  -0.384569  -0.022564   0.024146 ]

# ESTEEM finished at 27-10-2023, 16:10:36 (       0.010 seconds elapsed)
# ESTEEM version 1.0.0 started at 27-10-2023, 16:11:04


# Processing clusters for ox (oxirane) for trajectory A
# 1 frames loaded
# Calculating energies and forces for states [0, 1] in orca.
# Reading from input trajectory ox_gs_A_carved.traj
# Not writing to output trajectory as range is subset of trajectory.
# Post-process to combine whole trajectory.
# Not writing to output trajectory as range is subset of trajectory.
# Post-process to combine whole trajectory.
0007  0   -4181.28798628     7 [  -0.066023   0.793021   0.014849 ] [  1.488505764 -0.134793960 -1.107373205 ] [   0.009335  -0.403736  -0.030306 ]
0007  1   -4173.45303189     7 [  -0.066023   0.793021   0.014849 ] [ -4.276084800  7.520133458  0.384258859 ] [  -0.384569  -0.022564   0.024146 ]

# ESTEEM finished at 27-10-2023, 16:11:04 (       0.018 seconds elapsed)
# ESTEEM version 1.0.0 started at 27-10-2023, 16:11:29


# Processing clusters for ox (oxirane) for trajectory A
# 1 frames loaded
# Calculating energies and forces for states [0, 1] in orca.
# Reading from input trajectory ox_gs_A_carved.traj
# Not writing to output trajectory as range is subset of trajectory.
# Post-process to combine whole trajectory.
# Not writing to output trajectory as range is subset of trajectory.
# Post-process to combine whole trajectory.
0007  0   -4181.28798628     7 [  -0.066023   0.793021   0.014849 ] [  1.488505764 -0.134793960 -1.107373205 ] [   0.009335  -0.403736  -0.030306 ]
0007  1   -4173.45303189     7 [  -0.066023   0.793021   0.014849 ] [ -4.276084800  7.520133458  0.384258859 ] [  -0.384569  -0.022564   0.024146 ]

# ESTEEM finished at 27-10-2023, 16:11:29 (       0.012 seconds elapsed)
# ESTEEM version 1.0.0 started at 27-10-2023, 16:11:55


# Processing clusters for ox (oxirane) for trajectory A
# 1 frames loaded
# Calculating energies and forces for states [0, 1] in orca.
# Reading from input trajectory ox_gs_A_carved.traj
# Not writing to output trajectory as range is subset of trajectory.
# Post-process to combine whole trajectory.
# Not writing to output trajectory as range is subset of trajectory.
# Post-process to combine whole trajectory.
0007  0   -4181.28798628     7 [  -0.066023   0.793021   0.014849 ] [  1.488505764 -0.134793960 -1.107373205 ] [   0.009335  -0.403736  -0.030306 ]
0007  1   -4173.45303189     7 [  -0.066023   0.793021   0.014849 ] [ -4.276084800  7.520133458  0.384258859 ] [  -0.384569  -0.022564   0.024146 ]

# ESTEEM finished at 27-10-2023, 16:11:55 (       0.010 seconds elapsed)
# ESTEEM version 1.0.0 started at 30-10-2023, 09:01:34


# Processing clusters for ox (oxirane) for trajectory A
# 1 frames loaded
# Calculating energies and forces for states [0, 1] in orca.
# Reading from input trajectory ox_gs_A_carved.traj
# Not writing to output trajectory as range is subset of trajectory.
# Post-process to combine whole trajectory.
# Not writing to output trajectory as range is subset of trajectory.
# Post-process to combine whole trajectory.
0007  0   -4181.28798628     7 [  -0.066023   0.793021   0.014849 ] [  1.488505764 -0.134793960 -1.107373205 ] [   0.009335  -0.403736  -0.030306 ]
0007  1   -4173.45303189     7 [  -0.066023   0.793021   0.014849 ] [ -4.276084800  7.520133458  0.384258859 ] [  -0.384569  -0.022564   0.024146 ]

# ESTEEM finished at 30-10-2023, 09:01:34 (       0.014 seconds elapsed)
# ESTEEM version 1.0.0 started at 30-10-2023, 14:42:31


# Processing clusters for ox (oxirane) for trajectory A
# 1 frames loaded
# Calculating energies and forces for states [0, 1] in orca.
# Reading from input trajectory ox_gs_A_carved.traj
# Not writing to output trajectory as range is subset of trajectory.
# Post-process to combine whole trajectory.
# Not writing to output trajectory as range is subset of trajectory.
# Post-process to combine whole trajectory.
0007  0   -4181.28798628     7 [  -0.066023   0.793021   0.014849 ] [  1.488505764 -0.134793960 -1.107373205 ] [   0.009335  -0.403736  -0.030306 ]
0007  1   -4173.45303189     7 [  -0.066023   0.793021   0.014849 ] [ -4.276084800  7.520133458  0.384258859 ] [  -0.384569  -0.022564   0.024146 ]

# ESTEEM finished at 30-10-2023, 14:42:31 (       0.131 seconds elapsed)
