# ESTEEM version 1.0.0 started at 26-10-2023, 11:18:17


# Processing clusters for ox (oxirane) for trajectory A
# 1 frames loaded
# Calculating energies and forces for state [0] in orca.
# Reading from input trajectory ox_gs_A_carved.traj
# Not writing to output trajectory as range is subset of trajectory.
# Post-process to combine whole trajectory.
0039  0   -4180.92565726     7 [   0.053274   0.741060   0.070467 ] [ -1.161833537  3.245384821 -1.086598618 ] [   0.018611  -0.338483  -0.024644 ]

# ESTEEM finished at 26-10-2023, 11:18:21 (       4.341 seconds elapsed)
# ESTEEM version 1.0.0 started at 27-10-2023, 11:40:14


# Processing clusters for ox (oxirane) for trajectory A
# 1 frames loaded
# Calculating energies and forces for state [0] in orca.
# Reading from input trajectory ox_gs_A_carved.traj
# Not writing to output trajectory as range is subset of trajectory.
# Post-process to combine whole trajectory.
0039  0   -4180.92565726     7 [   0.053274   0.741060   0.070467 ] [ -1.161833537  3.245384821 -1.086598618 ] [   0.018611  -0.338483  -0.024644 ]

# ESTEEM finished at 27-10-2023, 11:40:14 (       0.011 seconds elapsed)
# ESTEEM version 1.0.0 started at 27-10-2023, 11:56:46


# Processing clusters for ox (oxirane) for trajectory A
# 1 frames loaded
# Calculating energies and forces for state [0] in orca.
# Reading from input trajectory ox_gs_A_carved.traj
# Not writing to output trajectory as range is subset of trajectory.
# Post-process to combine whole trajectory.
0039  0   -4180.92565726     7 [   0.053274   0.741060   0.070467 ] [ -1.161833537  3.245384821 -1.086598618 ] [   0.018611  -0.338483  -0.024644 ]

# ESTEEM finished at 27-10-2023, 11:56:47 (       0.015 seconds elapsed)
# ESTEEM version 1.0.0 started at 27-10-2023, 16:09:36


# Processing clusters for ox (oxirane) for trajectory A
# 1 frames loaded
# Calculating energies and forces for states [0, 1] in orca.
# Reading from input trajectory ox_gs_A_carved.traj
# Not writing to output trajectory as range is subset of trajectory.
# Post-process to combine whole trajectory.
# Not writing to output trajectory as range is subset of trajectory.
# Post-process to combine whole trajectory.
0039  0   -4180.92565726     7 [   0.053274   0.741060   0.070467 ] [ -1.161833537  3.245384821 -1.086598618 ] [   0.018611  -0.338483  -0.024644 ]
# Copying from ox_gs_A_orca0039.gbw to ox_es1_A_orca0039.gbw
0039  1   -4172.69654440     7 [   0.053274   0.741060   0.070467 ] [ -2.010171209  3.077717788 -0.610125302 ] [   0.662577   0.110868  -0.053288 ]

# ESTEEM finished at 27-10-2023, 16:09:46 (       9.315 seconds elapsed)
# ESTEEM version 1.0.0 started at 27-10-2023, 16:10:27


# Processing clusters for ox (oxirane) for trajectory A
# 1 frames loaded
# Calculating energies and forces for states [0, 1] in orca.
# Reading from input trajectory ox_gs_A_carved.traj
# Not writing to output trajectory as range is subset of trajectory.
# Post-process to combine whole trajectory.
# Not writing to output trajectory as range is subset of trajectory.
# Post-process to combine whole trajectory.
0039  0   -4180.92565726     7 [   0.053274   0.741060   0.070467 ] [ -1.161833537  3.245384821 -1.086598618 ] [   0.018611  -0.338483  -0.024644 ]
0039  1   -4172.69654440     7 [   0.053274   0.741060   0.070467 ] [ -2.010171209  3.077717788 -0.610125302 ] [   0.662577   0.110868  -0.053288 ]

# ESTEEM finished at 27-10-2023, 16:10:27 (       0.016 seconds elapsed)
# ESTEEM version 1.0.0 started at 27-10-2023, 16:10:54


# Processing clusters for ox (oxirane) for trajectory A
# 1 frames loaded
# Calculating energies and forces for states [0, 1] in orca.
# Reading from input trajectory ox_gs_A_carved.traj
# Not writing to output trajectory as range is subset of trajectory.
# Post-process to combine whole trajectory.
# Not writing to output trajectory as range is subset of trajectory.
# Post-process to combine whole trajectory.
0039  0   -4180.92565726     7 [   0.053274   0.741060   0.070467 ] [ -1.161833537  3.245384821 -1.086598618 ] [   0.018611  -0.338483  -0.024644 ]
0039  1   -4172.69654440     7 [   0.053274   0.741060   0.070467 ] [ -2.010171209  3.077717788 -0.610125302 ] [   0.662577   0.110868  -0.053288 ]

# ESTEEM finished at 27-10-2023, 16:10:54 (       0.015 seconds elapsed)
# ESTEEM version 1.0.0 started at 27-10-2023, 16:11:21


# Processing clusters for ox (oxirane) for trajectory A
# 1 frames loaded
# Calculating energies and forces for states [0, 1] in orca.
# Reading from input trajectory ox_gs_A_carved.traj
# Not writing to output trajectory as range is subset of trajectory.
# Post-process to combine whole trajectory.
# Not writing to output trajectory as range is subset of trajectory.
# Post-process to combine whole trajectory.
0039  0   -4180.92565726     7 [   0.053274   0.741060   0.070467 ] [ -1.161833537  3.245384821 -1.086598618 ] [   0.018611  -0.338483  -0.024644 ]
0039  1   -4172.69654440     7 [   0.053274   0.741060   0.070467 ] [ -2.010171209  3.077717788 -0.610125302 ] [   0.662577   0.110868  -0.053288 ]

# ESTEEM finished at 27-10-2023, 16:11:21 (       0.011 seconds elapsed)
# ESTEEM version 1.0.0 started at 27-10-2023, 16:11:52


# Processing clusters for ox (oxirane) for trajectory A
# 1 frames loaded
# Calculating energies and forces for states [0, 1] in orca.
# Reading from input trajectory ox_gs_A_carved.traj
# Not writing to output trajectory as range is subset of trajectory.
# Post-process to combine whole trajectory.
# Not writing to output trajectory as range is subset of trajectory.
# Post-process to combine whole trajectory.
0039  0   -4180.92565726     7 [   0.053274   0.741060   0.070467 ] [ -1.161833537  3.245384821 -1.086598618 ] [   0.018611  -0.338483  -0.024644 ]
0039  1   -4172.69654440     7 [   0.053274   0.741060   0.070467 ] [ -2.010171209  3.077717788 -0.610125302 ] [   0.662577   0.110868  -0.053288 ]

# ESTEEM finished at 27-10-2023, 16:11:52 (       0.056 seconds elapsed)
# ESTEEM version 1.0.0 started at 27-10-2023, 16:12:12


# Processing clusters for ox (oxirane) for trajectory A
# 1 frames loaded
# Calculating energies and forces for states [0, 1] in orca.
# Reading from input trajectory ox_gs_A_carved.traj
# Not writing to output trajectory as range is subset of trajectory.
# Post-process to combine whole trajectory.
# Not writing to output trajectory as range is subset of trajectory.
# Post-process to combine whole trajectory.
0039  0   -4180.92565726     7 [   0.053274   0.741060   0.070467 ] [ -1.161833537  3.245384821 -1.086598618 ] [   0.018611  -0.338483  -0.024644 ]
0039  1   -4172.69654440     7 [   0.053274   0.741060   0.070467 ] [ -2.010171209  3.077717788 -0.610125302 ] [   0.662577   0.110868  -0.053288 ]

# ESTEEM finished at 27-10-2023, 16:12:12 (       0.010 seconds elapsed)
# ESTEEM version 1.0.0 started at 30-10-2023, 09:01:48


# Processing clusters for ox (oxirane) for trajectory A
# 1 frames loaded
# Calculating energies and forces for states [0, 1] in orca.
# Reading from input trajectory ox_gs_A_carved.traj
# Not writing to output trajectory as range is subset of trajectory.
# Post-process to combine whole trajectory.
# Not writing to output trajectory as range is subset of trajectory.
# Post-process to combine whole trajectory.
0039  0   -4180.92565726     7 [   0.053274   0.741060   0.070467 ] [ -1.161833537  3.245384821 -1.086598618 ] [   0.018611  -0.338483  -0.024644 ]
0039  1   -4172.69654440     7 [   0.053274   0.741060   0.070467 ] [ -2.010171209  3.077717788 -0.610125302 ] [   0.662577   0.110868  -0.053288 ]

# ESTEEM finished at 30-10-2023, 09:01:48 (       0.010 seconds elapsed)
# ESTEEM version 1.0.0 started at 30-10-2023, 14:42:52


# Processing clusters for ox (oxirane) for trajectory A
# 1 frames loaded
# Calculating energies and forces for states [0, 1] in orca.
# Reading from input trajectory ox_gs_A_carved.traj
# Not writing to output trajectory as range is subset of trajectory.
# Post-process to combine whole trajectory.
# Not writing to output trajectory as range is subset of trajectory.
# Post-process to combine whole trajectory.
0039  0   -4180.92565726     7 [   0.053274   0.741060   0.070467 ] [ -1.161833537  3.245384821 -1.086598618 ] [   0.018611  -0.338483  -0.024644 ]
0039  1   -4172.69654440     7 [   0.053274   0.741060   0.070467 ] [ -2.010171209  3.077717788 -0.610125302 ] [   0.662577   0.110868  -0.053288 ]

# ESTEEM finished at 30-10-2023, 14:42:53 (       0.224 seconds elapsed)
