# ESTEEM version 1.0.0 started at 27-10-2023, 11:39:54


# Processing clusters for ox (oxirane) for trajectory A
# 1 frames loaded
# Calculating energies and forces for state [0] in orca.
# Reading from input trajectory ox_gs_A_carved.traj
# Not writing to output trajectory as range is subset of trajectory.
# Post-process to combine whole trajectory.
0000  0   -4181.29988997     7 [   0.024836   0.760011   0.032385 ] [  0.262345014  0.486335420 -0.677504740 ] [   0.008959  -0.380754  -0.012356 ]

# ESTEEM finished at 27-10-2023, 11:39:54 (       0.018 seconds elapsed)
# ESTEEM version 1.0.0 started at 27-10-2023, 11:56:24


# Processing clusters for ox (oxirane) for trajectory A
# 1 frames loaded
# Calculating energies and forces for state [0] in orca.
# Reading from input trajectory ox_gs_A_carved.traj
# Not writing to output trajectory as range is subset of trajectory.
# Post-process to combine whole trajectory.
0000  0   -4181.29988997     7 [   0.024836   0.760011   0.032385 ] [  0.262345014  0.486335420 -0.677504740 ] [   0.008959  -0.380754  -0.012356 ]

# ESTEEM finished at 27-10-2023, 11:56:24 (       0.007 seconds elapsed)
# ESTEEM version 1.0.0 started at 27-10-2023, 16:07:57


# Processing clusters for ox (oxirane) for trajectory A
# 1 frames loaded
# Calculating energies and forces for states [0, 1] in orca.
# Reading from input trajectory ox_gs_A_carved.traj
# Not writing to output trajectory as range is subset of trajectory.
# Post-process to combine whole trajectory.
# Not writing to output trajectory as range is subset of trajectory.
# Post-process to combine whole trajectory.
0000  0   -4181.29988997     7 [   0.024836   0.760011   0.032385 ] [  0.262345014  0.486335420 -0.677504740 ] [   0.008959  -0.380754  -0.012356 ]
# Copying from ox_gs_A_orca0000.gbw to ox_es1_A_orca0000.gbw
0000  1   -4173.18688959     7 [   0.024836   0.760011   0.032385 ] [ -1.388969135  1.942090906 -0.318819678 ] [   0.068243   0.265271  -0.036714 ]

# ESTEEM finished at 27-10-2023, 16:08:08 (      11.165 seconds elapsed)
# ESTEEM version 1.0.0 started at 27-10-2023, 16:10:02


# Processing clusters for ox (oxirane) for trajectory A
# 1 frames loaded
# Calculating energies and forces for states [0, 1] in orca.
# Reading from input trajectory ox_gs_A_carved.traj
# Not writing to output trajectory as range is subset of trajectory.
# Post-process to combine whole trajectory.
# Not writing to output trajectory as range is subset of trajectory.
# Post-process to combine whole trajectory.
0000  0   -4181.29988997     7 [   0.024836   0.760011   0.032385 ] [  0.262345014  0.486335420 -0.677504740 ] [   0.008959  -0.380754  -0.012356 ]
0000  1   -4173.18688959     7 [   0.024836   0.760011   0.032385 ] [ -1.388969135  1.942090906 -0.318819678 ] [   0.068243   0.265271  -0.036714 ]

# ESTEEM finished at 27-10-2023, 16:10:03 (       0.029 seconds elapsed)
# ESTEEM version 1.0.0 started at 27-10-2023, 16:10:33


# Processing clusters for ox (oxirane) for trajectory A
# 1 frames loaded
# Calculating energies and forces for states [0, 1] in orca.
# Reading from input trajectory ox_gs_A_carved.traj
# Not writing to output trajectory as range is subset of trajectory.
# Post-process to combine whole trajectory.
# Not writing to output trajectory as range is subset of trajectory.
# Post-process to combine whole trajectory.
0000  0   -4181.29988997     7 [   0.024836   0.760011   0.032385 ] [  0.262345014  0.486335420 -0.677504740 ] [   0.008959  -0.380754  -0.012356 ]
0000  1   -4173.18688959     7 [   0.024836   0.760011   0.032385 ] [ -1.388969135  1.942090906 -0.318819678 ] [   0.068243   0.265271  -0.036714 ]

# ESTEEM finished at 27-10-2023, 16:10:33 (       0.015 seconds elapsed)
# ESTEEM version 1.0.0 started at 27-10-2023, 16:10:59


# Processing clusters for ox (oxirane) for trajectory A
# 1 frames loaded
# Calculating energies and forces for states [0, 1] in orca.
# Reading from input trajectory ox_gs_A_carved.traj
# Not writing to output trajectory as range is subset of trajectory.
# Post-process to combine whole trajectory.
# Not writing to output trajectory as range is subset of trajectory.
# Post-process to combine whole trajectory.
0000  0   -4181.29988997     7 [   0.024836   0.760011   0.032385 ] [  0.262345014  0.486335420 -0.677504740 ] [   0.008959  -0.380754  -0.012356 ]
0000  1   -4173.18688959     7 [   0.024836   0.760011   0.032385 ] [ -1.388969135  1.942090906 -0.318819678 ] [   0.068243   0.265271  -0.036714 ]

# ESTEEM finished at 27-10-2023, 16:10:59 (       0.014 seconds elapsed)
# ESTEEM version 1.0.0 started at 27-10-2023, 16:11:26


# Processing clusters for ox (oxirane) for trajectory A
# 1 frames loaded
# Calculating energies and forces for states [0, 1] in orca.
# Reading from input trajectory ox_gs_A_carved.traj
# Not writing to output trajectory as range is subset of trajectory.
# Post-process to combine whole trajectory.
# Not writing to output trajectory as range is subset of trajectory.
# Post-process to combine whole trajectory.
0000  0   -4181.29988997     7 [   0.024836   0.760011   0.032385 ] [  0.262345014  0.486335420 -0.677504740 ] [   0.008959  -0.380754  -0.012356 ]
0000  1   -4173.18688959     7 [   0.024836   0.760011   0.032385 ] [ -1.388969135  1.942090906 -0.318819678 ] [   0.068243   0.265271  -0.036714 ]

# ESTEEM finished at 27-10-2023, 16:11:26 (       0.011 seconds elapsed)
# ESTEEM version 1.0.0 started at 27-10-2023, 16:11:51


# Processing clusters for ox (oxirane) for trajectory A
# 1 frames loaded
# Calculating energies and forces for states [0, 1] in orca.
# Reading from input trajectory ox_gs_A_carved.traj
# Not writing to output trajectory as range is subset of trajectory.
# Post-process to combine whole trajectory.
# Not writing to output trajectory as range is subset of trajectory.
# Post-process to combine whole trajectory.
0000  0   -4181.29988997     7 [   0.024836   0.760011   0.032385 ] [  0.262345014  0.486335420 -0.677504740 ] [   0.008959  -0.380754  -0.012356 ]
0000  1   -4173.18688959     7 [   0.024836   0.760011   0.032385 ] [ -1.388969135  1.942090906 -0.318819678 ] [   0.068243   0.265271  -0.036714 ]

# ESTEEM finished at 27-10-2023, 16:11:51 (       0.011 seconds elapsed)
# ESTEEM version 1.0.0 started at 30-10-2023, 09:01:31


# Processing clusters for ox (oxirane) for trajectory A
# 1 frames loaded
# Calculating energies and forces for states [0, 1] in orca.
# Reading from input trajectory ox_gs_A_carved.traj
# Not writing to output trajectory as range is subset of trajectory.
# Post-process to combine whole trajectory.
# Not writing to output trajectory as range is subset of trajectory.
# Post-process to combine whole trajectory.
0000  0   -4181.29988997     7 [   0.024836   0.760011   0.032385 ] [  0.262345014  0.486335420 -0.677504740 ] [   0.008959  -0.380754  -0.012356 ]
0000  1   -4173.18688959     7 [   0.024836   0.760011   0.032385 ] [ -1.388969135  1.942090906 -0.318819678 ] [   0.068243   0.265271  -0.036714 ]

# ESTEEM finished at 30-10-2023, 09:01:31 (       0.009 seconds elapsed)
# ESTEEM version 1.0.0 started at 30-10-2023, 14:42:28


# Processing clusters for ox (oxirane) for trajectory A
# 1 frames loaded
# Calculating energies and forces for states [0, 1] in orca.
# Reading from input trajectory ox_gs_A_carved.traj
# Not writing to output trajectory as range is subset of trajectory.
# Post-process to combine whole trajectory.
# Not writing to output trajectory as range is subset of trajectory.
# Post-process to combine whole trajectory.
0000  0   -4181.29988997     7 [   0.024836   0.760011   0.032385 ] [  0.262345014  0.486335420 -0.677504740 ] [   0.008959  -0.380754  -0.012356 ]
0000  1   -4173.18688959     7 [   0.024836   0.760011   0.032385 ] [ -1.388969135  1.942090906 -0.318819678 ] [   0.068243   0.265271  -0.036714 ]

# ESTEEM finished at 30-10-2023, 14:42:28 (       0.038 seconds elapsed)
