[file orca_scfgrad/orca_scfgrad.cpp, line 843, Process 0]: No orbitals were found in the gbw file

[file orca_scfgrad/orca_scfgrad.cpp, line 843, Process 1]: No orbitals were found in the gbw file

[file orca_scfgrad/orca_scfgrad.cpp, line 843, Process 2]: No orbitals were found in the gbw file

[file orca_scfgrad/orca_scfgrad.cpp, line 843, Process 4]: No orbitals were found in the gbw file

[file orca_scfgrad/orca_scfgrad.cpp, line 843, Process 3]: No orbitals were found in the gbw file

[file orca_scfgrad/orca_scfgrad.cpp, line 843, Process 5]: No orbitals were found in the gbw file

[file orca_scfgrad/orca_scfgrad.cpp, line 843, Process 6]: No orbitals were found in the gbw file

[file orca_scfgrad/orca_scfgrad.cpp, line 843, Process 7]: No orbitals were found in the gbw file

--------------------------------------------------------------------------
Primary job  terminated normally, but 1 process returned
a non-zero exit code. Per user-direction, the job has been aborted.
--------------------------------------------------------------------------
--------------------------------------------------------------------------
mpirun detected that one or more processes exited with non-zero status, thus causing
the job to be terminated. The first process to do so was:

  Process name: [[24069,1],4]
  Exit code:    55
--------------------------------------------------------------------------
[file orca_tools/qcmsg.cpp, line 465]: 
  .... aborting the run

