gs rattled_50x1 1
gs rattled_50x1 ['A']
gs rattled_50x2 2
gs rattled_50x2 ['A', 'B', 'A', 'B']
es1 rattled_50x1 1
es1 rattled_50x1 ['AA']
es1 rattled_50x2 2
es1 rattled_50x2 ['AA', 'AB', 'AA', 'AB']
done
# ESTEEM version 1.0.0 started at 06-12-2023, 14:27:10


# Processing clusters for ox (oxirane) for trajectory F
# 1 frames loaded
# Calculating energies and forces for states [0, 1] in orca.
# Reading from input trajectory ox_gs_F_carved.traj
# Not writing to output trajectory as range is subset of trajectory.
# Post-process to combine whole trajectory.
# Not writing to output trajectory as range is subset of trajectory.
# Post-process to combine whole trajectory.
0009  0   -4176.35153587     7 [  -1.235413   0.923139   0.056665 ] [  3.424240117  0.448142674 -0.649135170 ] [   0.527748  -0.648867   0.007297 ]
0009  1   -4176.48281988     7 [  -1.235413   0.923139   0.056665 ] [  4.671643531  3.061933733  0.393037197 ] [   0.565045  -0.611575  -0.077498 ]

# ESTEEM finished at 06-12-2023, 14:27:10 (       0.073 seconds elapsed)
