gs rattled_50x1 1
gs rattled_50x1 ['A']
gs rattled_50x2 2
gs rattled_50x2 ['A', 'B', 'A', 'B']
es1 rattled_50x1 1
es1 rattled_50x1 ['AA']
es1 rattled_50x2 2
es1 rattled_50x2 ['AA', 'AB', 'AA', 'AB']
done
# ESTEEM version 1.0.0 started at 06-12-2023, 14:28:10


# Processing clusters for ox (oxirane) for trajectory G
# 1 frames loaded
# Calculating energies and forces for states [0, 1] in orca.
# Reading from input trajectory ox_gs_G_carved.traj
# Not writing to output trajectory as range is subset of trajectory.
# Post-process to combine whole trajectory.
# Not writing to output trajectory as range is subset of trajectory.
# Post-process to combine whole trajectory.
0007  0   -4176.45945036     7 [  -1.421244   0.792868  -0.008660 ] [  1.354766929  1.825443293 -1.891737750 ] [   0.555742  -0.603288   0.015145 ]
0007  1   -4176.26683519     7 [  -1.421244   0.792868  -0.008660 ] [  0.375055314  3.203029210 -1.112271544 ] [   0.513439  -0.508539   0.008731 ]

# ESTEEM finished at 06-12-2023, 14:28:10 (       0.049 seconds elapsed)
