gs rattled_50x1 1
gs rattled_50x1 ['A']
gs rattled_50x2 2
gs rattled_50x2 ['A', 'B', 'A', 'B']
es1 rattled_50x1 1
es1 rattled_50x1 ['AA']
es1 rattled_50x2 2
es1 rattled_50x2 ['AA', 'AB', 'AA', 'AB']
done
# ESTEEM version 1.0.0 started at 06-12-2023, 14:27:40


# Processing clusters for ox (oxirane) for trajectory G
# 1 frames loaded
# Calculating energies and forces for states [0, 1] in orca.
# Reading from input trajectory ox_gs_G_carved.traj
# Not writing to output trajectory as range is subset of trajectory.
# Post-process to combine whole trajectory.
# Not writing to output trajectory as range is subset of trajectory.
# Post-process to combine whole trajectory.
0002  0   -4175.67855229     7 [  -1.498519   0.677581  -0.000469 ] [ -2.270136980  4.692606003  2.440700005 ] [   0.527944  -0.494939   0.006514 ]
0002  1   -4175.81452203     7 [  -1.498519   0.677581  -0.000469 ] [ -4.117926715  4.590017963 -6.056880809 ] [   0.478508  -0.474212  -0.119525 ]

# ESTEEM finished at 06-12-2023, 14:27:40 (       0.052 seconds elapsed)
