gs rattled_50x1 1
gs rattled_50x1 ['A']
gs rattled_50x2 2
gs rattled_50x2 ['A', 'B', 'A', 'B']
es1 rattled_50x1 1
es1 rattled_50x1 ['AA']
es1 rattled_50x2 2
es1 rattled_50x2 ['AA', 'AB', 'AA', 'AB']
done
# ESTEEM version 1.0.0 started at 06-12-2023, 14:28:40


# Processing clusters for ox (oxirane) for trajectory G
# 1 frames loaded
# Calculating energies and forces for states [0, 1] in orca.
# Reading from input trajectory ox_gs_G_carved.traj
# Not writing to output trajectory as range is subset of trajectory.
# Post-process to combine whole trajectory.
# Not writing to output trajectory as range is subset of trajectory.
# Post-process to combine whole trajectory.
0009  0   -4175.99218050     7 [  -1.363870   0.759185   0.045154 ] [  1.118477224  2.489837624  1.483696455 ] [   0.566050  -0.554445  -0.032661 ]
0009  1   -4175.82600384     7 [  -1.363870   0.759185   0.045154 ] [  1.435680498  4.607688604  0.160257507 ] [   0.503676  -0.489949  -0.004366 ]

# ESTEEM finished at 06-12-2023, 14:28:40 (       0.062 seconds elapsed)
