gs rattled_50x1 1
gs rattled_50x1 ['A']
gs rattled_50x2 2
gs rattled_50x2 ['A', 'B', 'A', 'B']
es1 rattled_50x1 1
es1 rattled_50x1 ['AA']
es1 rattled_50x2 2
es1 rattled_50x2 ['AA', 'AB', 'AA', 'AB']
done
# ESTEEM version 1.0.0 started at 06-12-2023, 14:28:40


# Processing clusters for ox (oxirane) for trajectory G
# 1 frames loaded
# Calculating energies and forces for states [0, 1] in orca.
# Reading from input trajectory ox_gs_G_carved.traj
# Not writing to output trajectory as range is subset of trajectory.
# Post-process to combine whole trajectory.
# Not writing to output trajectory as range is subset of trajectory.
# Post-process to combine whole trajectory.
0008  0   -4176.18658838     7 [  -1.481005   0.712974  -0.076369 ] [ -1.418207771  2.771438231 -2.229997541 ] [   0.394639  -0.498406  -0.062882 ]
0008  1   -4175.57575497     7 [  -1.481005   0.712974  -0.076369 ] [ -1.466150502  4.492793034  1.070222798 ] [   0.261514  -0.434783   0.058225 ]

# ESTEEM finished at 06-12-2023, 14:28:40 (       0.005 seconds elapsed)
