gs rattled_50x1 1
gs rattled_50x1 ['A']
gs rattled_50x2 2
gs rattled_50x2 ['A', 'B', 'A', 'B']
es1 rattled_50x1 1
es1 rattled_50x1 ['AA']
es1 rattled_50x2 2
es1 rattled_50x2 ['AA', 'AB', 'AA', 'AB']
done
# ESTEEM version 1.0.0 started at 06-12-2023, 14:27:40


# Processing clusters for ox (oxirane) for trajectory G
# 1 frames loaded
# Calculating energies and forces for states [0, 1] in orca.
# Reading from input trajectory ox_gs_G_carved.traj
# Not writing to output trajectory as range is subset of trajectory.
# Post-process to combine whole trajectory.
# Not writing to output trajectory as range is subset of trajectory.
# Post-process to combine whole trajectory.
0000  0   -4175.51698880     7 [  -1.472359   0.778377   0.015971 ] [  0.757244251  1.502660391 -1.544718970 ] [   0.606495  -0.596129   0.007006 ]
0000  1   -4175.27620650     7 [  -1.472359   0.778377   0.015971 ] [  1.273887864  3.394546781  0.115799543 ] [   0.508344  -0.512423   0.007234 ]

# ESTEEM finished at 06-12-2023, 14:27:40 (       0.005 seconds elapsed)
