2023-11-08 09:42:36.188 INFO: MACE version: 0.2.0
2023-11-08 09:42:36.188 INFO: Configuration: Namespace(name='ox_es1_rattled_50x1b', seed=2345, log_dir='logs', model_dir='.', checkpoints_dir='checkpoints', results_dir='results', downloads_dir='downloads', device='cuda', default_dtype='float64', log_level='INFO', error_table='EnergyDipoleRMSE', model='EnergyDipolesMACE', r_max=5.0, num_radial_basis=8, num_cutoff_basis=5, interaction='RealAgnosticResidualInteractionBlock', interaction_first='RealAgnosticResidualInteractionBlock', max_ell=3, correlation=3, num_interactions=2, MLP_irreps='16x0e', radial_MLP='[64, 64, 64]', hidden_irreps='32x0e + 32x1o + 32x2e', num_channels=None, max_L=None, gate='silu', scaling='rms_forces_scaling', avg_num_neighbors=1.0, compute_avg_num_neighbors=True, compute_stress=True, compute_forces=True, train_file='ox_es1_rattled_50x1b_train.xyz', valid_file=None, valid_fraction=0.05, test_file='ox_es1_rattled_50x1b_train.xyz', E0s='{1: -13.74018495096079, 6: -1034.7672562939947, 8: -2057.26969300199}', energy_key='energy', forces_key='forces', virials_key='virials', stress_key='stress', dipole_key='dipole', charges_key='charges', loss='energy_forces_dipole', forces_weight=100.0, swa_forces_weight=100.0, energy_weight=1.0, swa_energy_weight=1000.0, virials_weight=1.0, swa_virials_weight=10.0, stress_weight=1.0, swa_stress_weight=10.0, dipole_weight=1.0, swa_dipole_weight=1.0, config_type_weights='{"Default":1.0}', huber_delta=0.01, optimizer='adam', batch_size=16, valid_batch_size=16, lr=0.01, swa_lr=0.001, weight_decay=5e-07, amsgrad=True, scheduler='ReduceLROnPlateau', lr_factor=0.8, scheduler_patience=50, lr_scheduler_gamma=0.9993, swa=True, start_swa=800, ema=False, ema_decay=0.99, max_num_epochs=1000, patience=2048, eval_interval=2, keep_checkpoints=False, restart_latest=True, save_cpu=False, clip_grad=10.0, wandb=False, wandb_project='', wandb_entity='', wandb_name='', wandb_log_hypers=['num_channels', 'max_L', 'correlation', 'lr', 'swa_lr', 'weight_decay', 'batch_size', 'max_num_epochs', 'start_swa', 'energy_weight', 'forces_weight'])
2023-11-08 09:42:36.233 INFO: CUDA version: 11.7, CUDA device: 0
2023-11-08 09:42:36.317 INFO: Loaded 50 training configurations from 'ox_es1_rattled_50x1b_train.xyz'
2023-11-08 09:42:36.317 INFO: Using random 5.0% of training set for validation
2023-11-08 09:42:36.334 INFO: Loaded 50 test configurations from 'ox_es1_rattled_50x1b_train.xyz'
2023-11-08 09:42:36.334 INFO: Total number of configurations: train=48, valid=2, tests=[Default: 50]
2023-11-08 09:42:36.334 INFO: AtomicNumberTable: (1, 6, 8)
2023-11-08 09:42:36.335 INFO: Atomic Energies not in training file, using command line argument E0s
2023-11-08 09:42:36.335 INFO: Atomic energies: [-13.74018495096079, -1034.7672562939947, -2057.26969300199]
2023-11-08 09:42:36.383 INFO: WeightedEnergyForcesDipoleLoss(energy_weight=1.000, forces_weight=100.000, dipole_weight=1.000)
2023-11-08 09:42:36.389 INFO: Average number of neighbors: 6.0
2023-11-08 09:42:36.389 INFO: Selected the following outputs: {'energy': True, 'forces': True, 'virials': False, 'stress': False, 'dipoles': True}
2023-11-08 09:42:36.389 INFO: Building model
2023-11-08 09:42:36.389 INFO: Hidden irreps: 32x0e + 32x1o + 32x2e
2023-11-08 09:42:38.020 INFO: Using stochastic weight averaging (after 800 epochs) with energy weight : 1000.0, forces weight : 100.0, dipole weight : 1.0 and learning rate : 0.001
2023-11-08 09:42:38.088 WARNING: Cannot find checkpoint with tag 'ox_es1_rattled_50x1b_run-2345' in 'checkpoints'
2023-11-08 09:42:38.088 INFO: EnergyDipolesMACE(
  (node_embedding): LinearNodeEmbeddingBlock(
    (linear): Linear(3x0e -> 32x0e | 96 weights)
  )
  (radial_embedding): RadialEmbeddingBlock(
    (bessel_fn): BesselBasis(r_max=5.0, num_basis=8, trainable=False)
    (cutoff_fn): PolynomialCutoff(p=5.0, r_max=5.0)
  )
  (spherical_harmonics): SphericalHarmonics()
  (atomic_energies_fn): AtomicEnergiesBlock(energies=[-13.7402, -1034.7673, -2057.2697])
  (interactions): ModuleList(
    (0): RealAgnosticInteractionBlock(
      (linear_up): Linear(32x0e -> 32x0e | 1024 weights)
      (conv_tp): TensorProduct(32x0e x 1x0e+1x1o+1x2e+1x3o -> 32x0e+32x1o+32x2e+32x3o | 128 paths | 128 weights)
      (conv_tp_weights): FullyConnectedNet[8, 64, 64, 64, 128]
      (linear): Linear(32x0e+32x1o+32x2e+32x3o -> 32x0e+32x1o+32x2e+32x3o | 4096 weights)
      (skip_tp): FullyConnectedTensorProduct(32x0e+32x1o+32x2e+32x3o x 3x0e -> 32x0e+32x1o+32x2e+32x3o | 12288 paths | 12288 weights)
      (reshape): reshape_irreps()
    )
    (1): RealAgnosticResidualInteractionBlock(
      (linear_up): Linear(32x0e+32x1o+32x2e -> 32x0e+32x1o+32x2e | 3072 weights)
      (conv_tp): TensorProduct(32x0e+32x1o+32x2e x 1x0e+1x1o+1x2e+1x3o -> 96x0e+160x1o+160x2e+128x3o | 544 paths | 544 weights)
      (conv_tp_weights): FullyConnectedNet[8, 64, 64, 64, 544]
      (linear): Linear(96x0e+160x1o+160x2e+128x3o -> 32x0e+32x1o+32x2e+32x3o | 17408 weights)
      (skip_tp): FullyConnectedTensorProduct(32x0e+32x1o+32x2e x 3x0e -> 32x0e+32x1o | 6144 paths | 6144 weights)
      (reshape): reshape_irreps()
    )
  )
  (products): ModuleList(
    (0): EquivariantProductBasisBlock(
      (symmetric_contractions): SymmetricContraction(
        (contractions): ModuleList(
          (0): Contraction(
            (contractions_weighting): ModuleList(
              (0-1): 2 x GraphModule()
            )
            (contractions_features): ModuleList(
              (0-1): 2 x GraphModule()
            )
            (weights): ParameterList(
                (0): Parameter containing: [torch.float64 of size 3x4x32 (GPU 0)]
                (1): Parameter containing: [torch.float64 of size 3x1x32 (GPU 0)]
            )
            (graph_opt_main): GraphModule()
          )
          (1): Contraction(
            (contractions_weighting): ModuleList(
              (0-1): 2 x GraphModule()
            )
            (contractions_features): ModuleList(
              (0-1): 2 x GraphModule()
            )
            (weights): ParameterList(
                (0): Parameter containing: [torch.float64 of size 3x6x32 (GPU 0)]
                (1): Parameter containing: [torch.float64 of size 3x1x32 (GPU 0)]
            )
            (graph_opt_main): GraphModule()
          )
          (2): Contraction(
            (contractions_weighting): ModuleList(
              (0-1): 2 x GraphModule()
            )
            (contractions_features): ModuleList(
              (0-1): 2 x GraphModule()
            )
            (weights): ParameterList(
                (0): Parameter containing: [torch.float64 of size 3x7x32 (GPU 0)]
                (1): Parameter containing: [torch.float64 of size 3x1x32 (GPU 0)]
            )
            (graph_opt_main): GraphModule()
          )
        )
      )
      (linear): Linear(32x0e+32x1o+32x2e -> 32x0e+32x1o+32x2e | 3072 weights)
    )
    (1): EquivariantProductBasisBlock(
      (symmetric_contractions): SymmetricContraction(
        (contractions): ModuleList(
          (0): Contraction(
            (contractions_weighting): ModuleList(
              (0-1): 2 x GraphModule()
            )
            (contractions_features): ModuleList(
              (0-1): 2 x GraphModule()
            )
            (weights): ParameterList(
                (0): Parameter containing: [torch.float64 of size 3x4x32 (GPU 0)]
                (1): Parameter containing: [torch.float64 of size 3x1x32 (GPU 0)]
            )
            (graph_opt_main): GraphModule()
          )
          (1): Contraction(
            (contractions_weighting): ModuleList(
              (0-1): 2 x GraphModule()
            )
            (contractions_features): ModuleList(
              (0-1): 2 x GraphModule()
            )
            (weights): ParameterList(
                (0): Parameter containing: [torch.float64 of size 3x6x32 (GPU 0)]
                (1): Parameter containing: [torch.float64 of size 3x1x32 (GPU 0)]
            )
            (graph_opt_main): GraphModule()
          )
        )
      )
      (linear): Linear(32x0e+32x1o -> 32x0e+32x1o | 2048 weights)
    )
  )
  (readouts): ModuleList(
    (0): LinearDipoleReadoutBlock(
      (linear): Linear(32x0e+32x1o+32x2e -> 1x0e+1x1o | 64 weights)
    )
    (1): NonLinearDipoleReadoutBlock(
      (equivariant_nonlin): Gate (16x0e -> 16x0e)
      (linear_1): Linear(32x0e+32x1o -> 16x0e | 512 weights)
      (linear_2): Linear(16x0e -> 1x0e+1x1o | 16 weights)
    )
  )
)
2023-11-08 09:42:38.089 INFO: Number of parameters: 133776
2023-11-08 09:42:38.090 INFO: Optimizer: Adam (
Parameter Group 0
    amsgrad: True
    betas: (0.9, 0.999)
    capturable: False
    differentiable: False
    eps: 1e-08
    foreach: None
    fused: None
    initial_lr: 0.01
    lr: 0.01
    maximize: False
    name: embedding
    swa_lr: 0.001
    weight_decay: 0.0

Parameter Group 1
    amsgrad: True
    betas: (0.9, 0.999)
    capturable: False
    differentiable: False
    eps: 1e-08
    foreach: None
    fused: None
    initial_lr: 0.01
    lr: 0.01
    maximize: False
    name: interactions_decay
    swa_lr: 0.001
    weight_decay: 5e-07

Parameter Group 2
    amsgrad: True
    betas: (0.9, 0.999)
    capturable: False
    differentiable: False
    eps: 1e-08
    foreach: None
    fused: None
    initial_lr: 0.01
    lr: 0.01
    maximize: False
    name: interactions_no_decay
    swa_lr: 0.001
    weight_decay: 0.0

Parameter Group 3
    amsgrad: True
    betas: (0.9, 0.999)
    capturable: False
    differentiable: False
    eps: 1e-08
    foreach: None
    fused: None
    initial_lr: 0.01
    lr: 0.01
    maximize: False
    name: products
    swa_lr: 0.001
    weight_decay: 5e-07

Parameter Group 4
    amsgrad: True
    betas: (0.9, 0.999)
    capturable: False
    differentiable: False
    eps: 1e-08
    foreach: None
    fused: None
    initial_lr: 0.01
    lr: 0.01
    maximize: False
    name: readouts
    swa_lr: 0.001
    weight_decay: 0.0
)
2023-11-08 09:42:38.090 INFO: Using gradient clipping with tolerance=10.000
2023-11-08 09:42:38.090 INFO: Started training
2023-11-08 09:42:53.240 INFO: Epoch 0: loss=540.5906, RMSE_E_per_atom=1188.8 meV, RMSE_F=2321.9 meV / A, RMSE_Mu_per_atom=27.47 mDebye
2023-11-08 09:42:58.501 INFO: Epoch 2: loss=260.9333, RMSE_E_per_atom=1540.4 meV, RMSE_F=1607.6 meV / A, RMSE_Mu_per_atom=32.97 mDebye
2023-11-08 09:43:00.034 INFO: Epoch 4: loss=500.6779, RMSE_E_per_atom=1724.8 meV, RMSE_F=2230.7 meV / A, RMSE_Mu_per_atom=28.61 mDebye
2023-11-08 09:43:00.968 INFO: Epoch 6: loss=278.1892, RMSE_E_per_atom=1647.2 meV, RMSE_F=1659.5 meV / A, RMSE_Mu_per_atom=26.05 mDebye
2023-11-08 09:43:02.274 INFO: Epoch 8: loss=259.4555, RMSE_E_per_atom=1572.8 meV, RMSE_F=1602.9 meV / A, RMSE_Mu_per_atom=25.98 mDebye
2023-11-08 09:43:04.354 INFO: Epoch 10: loss=231.3283, RMSE_E_per_atom=1604.3 meV, RMSE_F=1512.2 meV / A, RMSE_Mu_per_atom=29.11 mDebye
2023-11-08 09:43:06.016 INFO: Epoch 12: loss=201.8033, RMSE_E_per_atom=1499.8 meV, RMSE_F=1412.2 meV / A, RMSE_Mu_per_atom=34.56 mDebye
2023-11-08 09:43:07.820 INFO: Epoch 14: loss=200.9323, RMSE_E_per_atom=1653.7 meV, RMSE_F=1406.8 meV / A, RMSE_Mu_per_atom=53.49 mDebye
2023-11-08 09:43:10.018 INFO: Epoch 16: loss=59.5247, RMSE_E_per_atom=1685.0 meV, RMSE_F=751.1 meV / A, RMSE_Mu_per_atom=52.19 mDebye
2023-11-08 09:43:11.572 INFO: Epoch 18: loss=116.4512, RMSE_E_per_atom=1702.0 meV, RMSE_F=1065.2 meV / A, RMSE_Mu_per_atom=31.07 mDebye
2023-11-08 09:43:12.622 INFO: Epoch 20: loss=69.6374, RMSE_E_per_atom=1743.9 meV, RMSE_F=814.8 meV / A, RMSE_Mu_per_atom=45.62 mDebye
2023-11-08 09:43:13.754 INFO: Epoch 22: loss=53.2841, RMSE_E_per_atom=1691.2 meV, RMSE_F=709.2 meV / A, RMSE_Mu_per_atom=35.39 mDebye
2023-11-08 09:43:15.842 INFO: Epoch 24: loss=50.6256, RMSE_E_per_atom=1693.3 meV, RMSE_F=690.5 meV / A, RMSE_Mu_per_atom=28.25 mDebye
2023-11-08 09:43:17.272 INFO: Epoch 26: loss=51.7446, RMSE_E_per_atom=1690.5 meV, RMSE_F=698.5 meV / A, RMSE_Mu_per_atom=30.94 mDebye
2023-11-08 09:43:18.337 INFO: Epoch 28: loss=77.6207, RMSE_E_per_atom=1666.9 meV, RMSE_F=864.7 meV / A, RMSE_Mu_per_atom=28.18 mDebye
2023-11-08 09:43:19.373 INFO: Epoch 30: loss=71.4161, RMSE_E_per_atom=1632.7 meV, RMSE_F=828.7 meV / A, RMSE_Mu_per_atom=26.91 mDebye
2023-11-08 09:43:20.383 INFO: Epoch 32: loss=76.9557, RMSE_E_per_atom=1623.8 meV, RMSE_F=861.7 meV / A, RMSE_Mu_per_atom=26.49 mDebye
2023-11-08 09:43:21.491 INFO: Epoch 34: loss=64.4779, RMSE_E_per_atom=1630.5 meV, RMSE_F=785.8 meV / A, RMSE_Mu_per_atom=26.89 mDebye
2023-11-08 09:43:22.510 INFO: Epoch 36: loss=43.7456, RMSE_E_per_atom=1699.0 meV, RMSE_F=638.6 meV / A, RMSE_Mu_per_atom=27.67 mDebye
2023-11-08 09:43:23.957 INFO: Epoch 38: loss=49.0270, RMSE_E_per_atom=1629.8 meV, RMSE_F=680.5 meV / A, RMSE_Mu_per_atom=26.21 mDebye
2023-11-08 09:43:25.549 INFO: Epoch 40: loss=56.1350, RMSE_E_per_atom=1548.9 meV, RMSE_F=732.6 meV / A, RMSE_Mu_per_atom=26.45 mDebye
2023-11-08 09:43:26.517 INFO: Epoch 42: loss=91.3178, RMSE_E_per_atom=1548.5 meV, RMSE_F=942.6 meV / A, RMSE_Mu_per_atom=26.38 mDebye
2023-11-08 09:43:27.512 INFO: Epoch 44: loss=42.1752, RMSE_E_per_atom=1552.4 meV, RMSE_F=630.0 meV / A, RMSE_Mu_per_atom=26.97 mDebye
2023-11-08 09:43:29.357 INFO: Epoch 46: loss=33.5186, RMSE_E_per_atom=1559.0 meV, RMSE_F=556.9 meV / A, RMSE_Mu_per_atom=26.95 mDebye
2023-11-08 09:43:31.308 INFO: Epoch 48: loss=42.8648, RMSE_E_per_atom=1486.8 meV, RMSE_F=637.0 meV / A, RMSE_Mu_per_atom=26.68 mDebye
2023-11-08 09:43:32.352 INFO: Epoch 50: loss=62.6156, RMSE_E_per_atom=1478.8 meV, RMSE_F=776.9 meV / A, RMSE_Mu_per_atom=26.64 mDebye
2023-11-08 09:43:33.319 INFO: Epoch 52: loss=67.7613, RMSE_E_per_atom=1402.2 meV, RMSE_F=810.7 meV / A, RMSE_Mu_per_atom=26.62 mDebye
2023-11-08 09:43:34.349 INFO: Epoch 54: loss=35.8117, RMSE_E_per_atom=1500.3 meV, RMSE_F=578.7 meV / A, RMSE_Mu_per_atom=26.90 mDebye
2023-11-08 09:43:35.343 INFO: Epoch 56: loss=22.2229, RMSE_E_per_atom=1462.1 meV, RMSE_F=447.4 meV / A, RMSE_Mu_per_atom=26.72 mDebye
2023-11-08 09:43:36.889 INFO: Epoch 58: loss=41.7161, RMSE_E_per_atom=1395.6 meV, RMSE_F=630.1 meV / A, RMSE_Mu_per_atom=26.55 mDebye
2023-11-08 09:43:37.944 INFO: Epoch 60: loss=44.0418, RMSE_E_per_atom=1370.6 meV, RMSE_F=648.8 meV / A, RMSE_Mu_per_atom=26.78 mDebye
2023-11-08 09:43:38.931 INFO: Epoch 62: loss=50.8344, RMSE_E_per_atom=1385.7 meV, RMSE_F=698.9 meV / A, RMSE_Mu_per_atom=26.69 mDebye
2023-11-08 09:43:39.972 INFO: Epoch 64: loss=31.7576, RMSE_E_per_atom=1308.0 meV, RMSE_F=547.5 meV / A, RMSE_Mu_per_atom=26.76 mDebye
2023-11-08 09:43:41.071 INFO: Epoch 66: loss=35.1516, RMSE_E_per_atom=1345.7 meV, RMSE_F=576.8 meV / A, RMSE_Mu_per_atom=26.53 mDebye
2023-11-08 09:43:42.106 INFO: Epoch 68: loss=28.3352, RMSE_E_per_atom=1294.1 meV, RMSE_F=515.7 meV / A, RMSE_Mu_per_atom=26.52 mDebye
2023-11-08 09:43:43.017 INFO: Epoch 70: loss=46.6884, RMSE_E_per_atom=1235.4 meV, RMSE_F=671.5 meV / A, RMSE_Mu_per_atom=26.54 mDebye
2023-11-08 09:43:43.970 INFO: Epoch 72: loss=47.2703, RMSE_E_per_atom=1234.4 meV, RMSE_F=675.8 meV / A, RMSE_Mu_per_atom=26.65 mDebye
2023-11-08 09:43:45.028 INFO: Epoch 74: loss=37.5262, RMSE_E_per_atom=1185.6 meV, RMSE_F=600.4 meV / A, RMSE_Mu_per_atom=26.87 mDebye
2023-11-08 09:43:46.318 INFO: Epoch 76: loss=26.6996, RMSE_E_per_atom=1186.4 meV, RMSE_F=502.2 meV / A, RMSE_Mu_per_atom=27.31 mDebye
2023-11-08 09:43:48.223 INFO: Epoch 78: loss=23.9820, RMSE_E_per_atom=1157.1 meV, RMSE_F=475.1 meV / A, RMSE_Mu_per_atom=27.26 mDebye
2023-11-08 09:43:49.750 INFO: Epoch 80: loss=26.4541, RMSE_E_per_atom=1167.6 meV, RMSE_F=500.2 meV / A, RMSE_Mu_per_atom=26.94 mDebye
2023-11-08 09:43:50.999 INFO: Epoch 82: loss=33.9708, RMSE_E_per_atom=1113.5 meV, RMSE_F=571.5 meV / A, RMSE_Mu_per_atom=26.83 mDebye
2023-11-08 09:43:52.216 INFO: Epoch 84: loss=18.7178, RMSE_E_per_atom=1096.8 meV, RMSE_F=417.6 meV / A, RMSE_Mu_per_atom=26.82 mDebye
2023-11-08 09:43:54.082 INFO: Epoch 86: loss=27.0420, RMSE_E_per_atom=1055.7 meV, RMSE_F=508.5 meV / A, RMSE_Mu_per_atom=27.07 mDebye
2023-11-08 09:43:55.247 INFO: Epoch 88: loss=40.0246, RMSE_E_per_atom=1040.2 meV, RMSE_F=623.5 meV / A, RMSE_Mu_per_atom=26.90 mDebye
2023-11-08 09:43:56.350 INFO: Epoch 90: loss=28.4524, RMSE_E_per_atom=1009.5 meV, RMSE_F=523.1 meV / A, RMSE_Mu_per_atom=26.92 mDebye
2023-11-08 09:43:57.735 INFO: Epoch 92: loss=12.8568, RMSE_E_per_atom=989.9 meV, RMSE_F=343.6 meV / A, RMSE_Mu_per_atom=26.58 mDebye
2023-11-08 09:43:59.645 INFO: Epoch 94: loss=24.1216, RMSE_E_per_atom=1001.6 meV, RMSE_F=480.1 meV / A, RMSE_Mu_per_atom=26.54 mDebye
2023-11-08 09:44:01.337 INFO: Epoch 96: loss=33.4351, RMSE_E_per_atom=1022.8 meV, RMSE_F=568.5 meV / A, RMSE_Mu_per_atom=26.43 mDebye
2023-11-08 09:44:03.413 INFO: Epoch 98: loss=28.1763, RMSE_E_per_atom=991.9 meV, RMSE_F=520.8 meV / A, RMSE_Mu_per_atom=26.45 mDebye
2023-11-08 09:44:05.503 INFO: Epoch 100: loss=28.0735, RMSE_E_per_atom=972.1 meV, RMSE_F=520.2 meV / A, RMSE_Mu_per_atom=26.28 mDebye
2023-11-08 09:44:07.886 INFO: Epoch 102: loss=35.3157, RMSE_E_per_atom=944.8 meV, RMSE_F=586.1 meV / A, RMSE_Mu_per_atom=26.22 mDebye
2023-11-08 09:44:10.566 INFO: Epoch 104: loss=28.1285, RMSE_E_per_atom=928.4 meV, RMSE_F=521.5 meV / A, RMSE_Mu_per_atom=26.05 mDebye
2023-11-08 09:44:13.271 INFO: Epoch 106: loss=15.0997, RMSE_E_per_atom=890.1 meV, RMSE_F=377.4 meV / A, RMSE_Mu_per_atom=25.83 mDebye
2023-11-08 09:44:15.826 INFO: Epoch 108: loss=23.2971, RMSE_E_per_atom=874.0 meV, RMSE_F=474.0 meV / A, RMSE_Mu_per_atom=26.02 mDebye
2023-11-08 09:44:18.697 INFO: Epoch 110: loss=16.1469, RMSE_E_per_atom=870.1 meV, RMSE_F=391.5 meV / A, RMSE_Mu_per_atom=25.68 mDebye
2023-11-08 09:44:21.326 INFO: Epoch 112: loss=19.4558, RMSE_E_per_atom=895.3 meV, RMSE_F=431.1 meV / A, RMSE_Mu_per_atom=25.58 mDebye
2023-11-08 09:44:24.581 INFO: Epoch 114: loss=20.6263, RMSE_E_per_atom=899.6 meV, RMSE_F=444.4 meV / A, RMSE_Mu_per_atom=25.50 mDebye
2023-11-08 09:44:27.267 INFO: Epoch 116: loss=21.0424, RMSE_E_per_atom=903.7 meV, RMSE_F=449.0 meV / A, RMSE_Mu_per_atom=25.49 mDebye
2023-11-08 09:44:28.765 INFO: Epoch 118: loss=24.2227, RMSE_E_per_atom=884.1 meV, RMSE_F=483.5 meV / A, RMSE_Mu_per_atom=25.35 mDebye
2023-11-08 09:44:30.537 INFO: Epoch 120: loss=31.2534, RMSE_E_per_atom=880.2 meV, RMSE_F=551.5 meV / A, RMSE_Mu_per_atom=25.36 mDebye
2023-11-08 09:44:31.670 INFO: Epoch 122: loss=25.7067, RMSE_E_per_atom=862.7 meV, RMSE_F=499.0 meV / A, RMSE_Mu_per_atom=25.21 mDebye
2023-11-08 09:44:33.283 INFO: Epoch 124: loss=33.7946, RMSE_E_per_atom=824.7 meV, RMSE_F=574.9 meV / A, RMSE_Mu_per_atom=25.37 mDebye
2023-11-08 09:44:34.325 INFO: Epoch 126: loss=18.0075, RMSE_E_per_atom=830.8 meV, RMSE_F=415.4 meV / A, RMSE_Mu_per_atom=25.14 mDebye
2023-11-08 09:44:35.374 INFO: Epoch 128: loss=13.7146, RMSE_E_per_atom=807.4 meV, RMSE_F=360.6 meV / A, RMSE_Mu_per_atom=24.93 mDebye
2023-11-08 09:44:36.465 INFO: Epoch 130: loss=18.5121, RMSE_E_per_atom=779.9 meV, RMSE_F=422.4 meV / A, RMSE_Mu_per_atom=24.86 mDebye
2023-11-08 09:44:37.722 INFO: Epoch 132: loss=16.1968, RMSE_E_per_atom=758.5 meV, RMSE_F=394.5 meV / A, RMSE_Mu_per_atom=24.87 mDebye
2023-11-08 09:44:39.012 INFO: Epoch 134: loss=12.8151, RMSE_E_per_atom=749.1 meV, RMSE_F=349.2 meV / A, RMSE_Mu_per_atom=24.62 mDebye
2023-11-08 09:44:40.623 INFO: Epoch 136: loss=25.1152, RMSE_E_per_atom=734.0 meV, RMSE_F=495.1 meV / A, RMSE_Mu_per_atom=24.61 mDebye
2023-11-08 09:44:41.765 INFO: Epoch 138: loss=13.6664, RMSE_E_per_atom=724.2 meV, RMSE_F=361.7 meV / A, RMSE_Mu_per_atom=24.18 mDebye
2023-11-08 09:44:43.001 INFO: Epoch 140: loss=22.1074, RMSE_E_per_atom=708.2 meV, RMSE_F=464.2 meV / A, RMSE_Mu_per_atom=24.19 mDebye
2023-11-08 09:44:44.276 INFO: Epoch 142: loss=12.4460, RMSE_E_per_atom=698.4 meV, RMSE_F=345.0 meV / A, RMSE_Mu_per_atom=24.01 mDebye
2023-11-08 09:44:45.937 INFO: Epoch 144: loss=10.8469, RMSE_E_per_atom=698.7 meV, RMSE_F=320.9 meV / A, RMSE_Mu_per_atom=24.16 mDebye
2023-11-08 09:44:48.076 INFO: Epoch 146: loss=13.1203, RMSE_E_per_atom=681.5 meV, RMSE_F=354.9 meV / A, RMSE_Mu_per_atom=24.32 mDebye
2023-11-08 09:44:49.404 INFO: Epoch 148: loss=22.7414, RMSE_E_per_atom=653.0 meV, RMSE_F=471.8 meV / A, RMSE_Mu_per_atom=23.77 mDebye
2023-11-08 09:44:50.810 INFO: Epoch 150: loss=9.3765, RMSE_E_per_atom=651.5 meV, RMSE_F=298.3 meV / A, RMSE_Mu_per_atom=23.55 mDebye
2023-11-08 09:44:52.699 INFO: Epoch 152: loss=10.8338, RMSE_E_per_atom=633.4 meV, RMSE_F=322.1 meV / A, RMSE_Mu_per_atom=23.61 mDebye
2023-11-08 09:44:54.237 INFO: Epoch 154: loss=19.1124, RMSE_E_per_atom=612.2 meV, RMSE_F=432.2 meV / A, RMSE_Mu_per_atom=23.51 mDebye
2023-11-08 09:44:56.510 INFO: Epoch 156: loss=27.0979, RMSE_E_per_atom=599.0 meV, RMSE_F=516.6 meV / A, RMSE_Mu_per_atom=23.59 mDebye
2023-11-08 09:44:57.821 INFO: Epoch 158: loss=18.9828, RMSE_E_per_atom=574.8 meV, RMSE_F=431.3 meV / A, RMSE_Mu_per_atom=23.00 mDebye
2023-11-08 09:44:59.135 INFO: Epoch 160: loss=10.0626, RMSE_E_per_atom=560.8 meV, RMSE_F=311.4 meV / A, RMSE_Mu_per_atom=23.23 mDebye
2023-11-08 09:45:00.467 INFO: Epoch 162: loss=31.8521, RMSE_E_per_atom=557.1 meV, RMSE_F=561.2 meV / A, RMSE_Mu_per_atom=22.95 mDebye
2023-11-08 09:45:02.275 INFO: Epoch 164: loss=29.7884, RMSE_E_per_atom=572.5 meV, RMSE_F=542.3 meV / A, RMSE_Mu_per_atom=23.08 mDebye
2023-11-08 09:45:03.622 INFO: Epoch 166: loss=26.9947, RMSE_E_per_atom=525.6 meV, RMSE_F=516.4 meV / A, RMSE_Mu_per_atom=23.46 mDebye
2023-11-08 09:45:04.946 INFO: Epoch 168: loss=32.2910, RMSE_E_per_atom=586.6 meV, RMSE_F=564.8 meV / A, RMSE_Mu_per_atom=22.58 mDebye
2023-11-08 09:45:06.226 INFO: Epoch 170: loss=21.6601, RMSE_E_per_atom=587.7 meV, RMSE_F=461.1 meV / A, RMSE_Mu_per_atom=22.54 mDebye
2023-11-08 09:45:07.701 INFO: Epoch 172: loss=18.2330, RMSE_E_per_atom=591.6 meV, RMSE_F=422.3 meV / A, RMSE_Mu_per_atom=22.83 mDebye
2023-11-08 09:45:09.279 INFO: Epoch 174: loss=27.2723, RMSE_E_per_atom=590.1 meV, RMSE_F=518.4 meV / A, RMSE_Mu_per_atom=21.68 mDebye
2023-11-08 09:45:10.943 INFO: Epoch 176: loss=20.3614, RMSE_E_per_atom=557.4 meV, RMSE_F=447.3 meV / A, RMSE_Mu_per_atom=21.63 mDebye
2023-11-08 09:45:12.639 INFO: Epoch 178: loss=18.9487, RMSE_E_per_atom=551.7 meV, RMSE_F=431.2 meV / A, RMSE_Mu_per_atom=21.66 mDebye
2023-11-08 09:45:14.387 INFO: Epoch 180: loss=29.0858, RMSE_E_per_atom=519.5 meV, RMSE_F=536.4 meV / A, RMSE_Mu_per_atom=21.73 mDebye
2023-11-08 09:45:16.011 INFO: Epoch 182: loss=36.1062, RMSE_E_per_atom=522.6 meV, RMSE_F=598.2 meV / A, RMSE_Mu_per_atom=21.37 mDebye
2023-11-08 09:45:17.720 INFO: Epoch 184: loss=23.8270, RMSE_E_per_atom=530.8 meV, RMSE_F=484.8 meV / A, RMSE_Mu_per_atom=21.53 mDebye
2023-11-08 09:45:19.656 INFO: Epoch 186: loss=20.3475, RMSE_E_per_atom=528.2 meV, RMSE_F=447.5 meV / A, RMSE_Mu_per_atom=20.89 mDebye
2023-11-08 09:45:21.245 INFO: Epoch 188: loss=25.7237, RMSE_E_per_atom=504.1 meV, RMSE_F=504.3 meV / A, RMSE_Mu_per_atom=20.09 mDebye
2023-11-08 09:45:23.027 INFO: Epoch 190: loss=28.3204, RMSE_E_per_atom=491.9 meV, RMSE_F=529.5 meV / A, RMSE_Mu_per_atom=20.08 mDebye
2023-11-08 09:45:24.766 INFO: Epoch 192: loss=22.7384, RMSE_E_per_atom=501.3 meV, RMSE_F=473.8 meV / A, RMSE_Mu_per_atom=20.41 mDebye
2023-11-08 09:45:26.455 INFO: Epoch 194: loss=26.5823, RMSE_E_per_atom=499.1 meV, RMSE_F=512.8 meV / A, RMSE_Mu_per_atom=20.27 mDebye
2023-11-08 09:45:28.456 INFO: Epoch 196: loss=33.3295, RMSE_E_per_atom=488.1 meV, RMSE_F=574.9 meV / A, RMSE_Mu_per_atom=19.73 mDebye
2023-11-08 09:45:30.830 INFO: Epoch 198: loss=26.2984, RMSE_E_per_atom=463.6 meV, RMSE_F=510.4 meV / A, RMSE_Mu_per_atom=19.31 mDebye
2023-11-08 09:45:32.319 INFO: Epoch 200: loss=10.9081, RMSE_E_per_atom=451.5 meV, RMSE_F=326.5 meV / A, RMSE_Mu_per_atom=20.48 mDebye
2023-11-08 09:45:34.340 INFO: Epoch 202: loss=19.4382, RMSE_E_per_atom=429.1 meV, RMSE_F=438.4 meV / A, RMSE_Mu_per_atom=19.01 mDebye
2023-11-08 09:45:36.575 INFO: Epoch 204: loss=23.7019, RMSE_E_per_atom=410.2 meV, RMSE_F=484.7 meV / A, RMSE_Mu_per_atom=19.63 mDebye
2023-11-08 09:45:38.166 INFO: Epoch 206: loss=24.6011, RMSE_E_per_atom=401.0 meV, RMSE_F=494.0 meV / A, RMSE_Mu_per_atom=18.98 mDebye
2023-11-08 09:45:39.874 INFO: Epoch 208: loss=20.4518, RMSE_E_per_atom=398.4 meV, RMSE_F=450.1 meV / A, RMSE_Mu_per_atom=18.99 mDebye
2023-11-08 09:45:41.713 INFO: Epoch 210: loss=22.3005, RMSE_E_per_atom=377.1 meV, RMSE_F=470.3 meV / A, RMSE_Mu_per_atom=19.19 mDebye
2023-11-08 09:45:43.169 INFO: Epoch 212: loss=43.1580, RMSE_E_per_atom=344.4 meV, RMSE_F=655.8 meV / A, RMSE_Mu_per_atom=18.93 mDebye
2023-11-08 09:45:44.646 INFO: Epoch 214: loss=15.5231, RMSE_E_per_atom=353.6 meV, RMSE_F=391.9 meV / A, RMSE_Mu_per_atom=19.21 mDebye
2023-11-08 09:45:46.243 INFO: Epoch 216: loss=28.1726, RMSE_E_per_atom=347.8 meV, RMSE_F=529.3 meV / A, RMSE_Mu_per_atom=19.40 mDebye
2023-11-08 09:45:47.966 INFO: Epoch 218: loss=42.7996, RMSE_E_per_atom=362.7 meV, RMSE_F=652.9 meV / A, RMSE_Mu_per_atom=18.58 mDebye
2023-11-08 09:45:49.633 INFO: Epoch 220: loss=34.5861, RMSE_E_per_atom=346.3 meV, RMSE_F=586.8 meV / A, RMSE_Mu_per_atom=18.57 mDebye
2023-11-08 09:45:51.078 INFO: Epoch 222: loss=29.6297, RMSE_E_per_atom=342.6 meV, RMSE_F=542.9 meV / A, RMSE_Mu_per_atom=19.26 mDebye
2023-11-08 09:45:52.321 INFO: Epoch 224: loss=16.6302, RMSE_E_per_atom=331.2 meV, RMSE_F=406.1 meV / A, RMSE_Mu_per_atom=17.45 mDebye
2023-11-08 09:45:53.573 INFO: Epoch 226: loss=17.9287, RMSE_E_per_atom=331.6 meV, RMSE_F=421.8 meV / A, RMSE_Mu_per_atom=17.63 mDebye
2023-11-08 09:45:55.013 INFO: Epoch 228: loss=20.7633, RMSE_E_per_atom=328.3 meV, RMSE_F=454.1 meV / A, RMSE_Mu_per_atom=17.74 mDebye
2023-11-08 09:45:56.189 INFO: Epoch 230: loss=21.2264, RMSE_E_per_atom=338.9 meV, RMSE_F=459.1 meV / A, RMSE_Mu_per_atom=17.29 mDebye
2023-11-08 09:45:57.354 INFO: Epoch 232: loss=14.8769, RMSE_E_per_atom=347.9 meV, RMSE_F=383.7 meV / A, RMSE_Mu_per_atom=17.79 mDebye
2023-11-08 09:45:58.480 INFO: Epoch 234: loss=24.4176, RMSE_E_per_atom=332.0 meV, RMSE_F=492.7 meV / A, RMSE_Mu_per_atom=17.38 mDebye
2023-11-08 09:45:59.588 INFO: Epoch 236: loss=26.7475, RMSE_E_per_atom=314.7 meV, RMSE_F=515.9 meV / A, RMSE_Mu_per_atom=17.97 mDebye
2023-11-08 09:46:00.854 INFO: Epoch 238: loss=13.2335, RMSE_E_per_atom=322.9 meV, RMSE_F=361.9 meV / A, RMSE_Mu_per_atom=17.04 mDebye
2023-11-08 09:46:01.913 INFO: Epoch 240: loss=16.1334, RMSE_E_per_atom=309.1 meV, RMSE_F=400.1 meV / A, RMSE_Mu_per_atom=17.60 mDebye
2023-11-08 09:46:04.007 INFO: Epoch 242: loss=16.9657, RMSE_E_per_atom=298.4 meV, RMSE_F=410.5 meV / A, RMSE_Mu_per_atom=16.88 mDebye
2023-11-08 09:46:05.383 INFO: Epoch 244: loss=13.2342, RMSE_E_per_atom=290.3 meV, RMSE_F=362.1 meV / A, RMSE_Mu_per_atom=19.40 mDebye
2023-11-08 09:46:06.646 INFO: Epoch 246: loss=31.4130, RMSE_E_per_atom=280.9 meV, RMSE_F=559.5 meV / A, RMSE_Mu_per_atom=16.57 mDebye
2023-11-08 09:46:08.002 INFO: Epoch 248: loss=14.1719, RMSE_E_per_atom=287.1 meV, RMSE_F=375.0 meV / A, RMSE_Mu_per_atom=16.78 mDebye
2023-11-08 09:46:09.233 INFO: Epoch 250: loss=19.9959, RMSE_E_per_atom=264.1 meV, RMSE_F=446.1 meV / A, RMSE_Mu_per_atom=16.70 mDebye
2023-11-08 09:46:10.929 INFO: Epoch 252: loss=25.6029, RMSE_E_per_atom=284.5 meV, RMSE_F=504.9 meV / A, RMSE_Mu_per_atom=16.77 mDebye
2023-11-08 09:46:12.151 INFO: Epoch 254: loss=39.3268, RMSE_E_per_atom=267.7 meV, RMSE_F=626.3 meV / A, RMSE_Mu_per_atom=16.68 mDebye
2023-11-08 09:46:13.381 INFO: Epoch 256: loss=39.5784, RMSE_E_per_atom=269.3 meV, RMSE_F=628.3 meV / A, RMSE_Mu_per_atom=15.66 mDebye
2023-11-08 09:46:14.619 INFO: Epoch 258: loss=33.5482, RMSE_E_per_atom=261.1 meV, RMSE_F=578.4 meV / A, RMSE_Mu_per_atom=15.55 mDebye
2023-11-08 09:46:15.750 INFO: Epoch 260: loss=19.6637, RMSE_E_per_atom=253.5 meV, RMSE_F=442.3 meV / A, RMSE_Mu_per_atom=18.21 mDebye
2023-11-08 09:46:17.018 INFO: Epoch 262: loss=26.6677, RMSE_E_per_atom=244.7 meV, RMSE_F=515.6 meV / A, RMSE_Mu_per_atom=15.11 mDebye
2023-11-08 09:46:18.199 INFO: Epoch 264: loss=10.2245, RMSE_E_per_atom=249.8 meV, RMSE_F=318.4 meV / A, RMSE_Mu_per_atom=15.01 mDebye
2023-11-08 09:46:19.447 INFO: Epoch 266: loss=28.5365, RMSE_E_per_atom=225.8 meV, RMSE_F=533.4 meV / A, RMSE_Mu_per_atom=18.59 mDebye
2023-11-08 09:46:20.492 INFO: Epoch 268: loss=18.9321, RMSE_E_per_atom=231.5 meV, RMSE_F=434.3 meV / A, RMSE_Mu_per_atom=14.55 mDebye
2023-11-08 09:46:21.514 INFO: Epoch 270: loss=15.7381, RMSE_E_per_atom=227.8 meV, RMSE_F=395.7 meV / A, RMSE_Mu_per_atom=16.74 mDebye
2023-11-08 09:46:22.674 INFO: Epoch 272: loss=15.7837, RMSE_E_per_atom=200.2 meV, RMSE_F=396.5 meV / A, RMSE_Mu_per_atom=15.04 mDebye
2023-11-08 09:46:23.858 INFO: Epoch 274: loss=24.2006, RMSE_E_per_atom=188.2 meV, RMSE_F=491.4 meV / A, RMSE_Mu_per_atom=14.77 mDebye
2023-11-08 09:46:24.957 INFO: Epoch 276: loss=26.4664, RMSE_E_per_atom=164.4 meV, RMSE_F=513.9 meV / A, RMSE_Mu_per_atom=17.93 mDebye
2023-11-08 09:46:26.258 INFO: Epoch 278: loss=14.8019, RMSE_E_per_atom=166.0 meV, RMSE_F=384.1 meV / A, RMSE_Mu_per_atom=14.67 mDebye
2023-11-08 09:46:27.409 INFO: Epoch 280: loss=28.1973, RMSE_E_per_atom=157.9 meV, RMSE_F=530.6 meV / A, RMSE_Mu_per_atom=15.12 mDebye
2023-11-08 09:46:28.534 INFO: Epoch 282: loss=18.2144, RMSE_E_per_atom=163.4 meV, RMSE_F=426.2 meV / A, RMSE_Mu_per_atom=15.04 mDebye
2023-11-08 09:46:29.736 INFO: Epoch 284: loss=18.5100, RMSE_E_per_atom=158.0 meV, RMSE_F=429.7 meV / A, RMSE_Mu_per_atom=15.34 mDebye
2023-11-08 09:46:30.830 INFO: Epoch 286: loss=31.1233, RMSE_E_per_atom=141.4 meV, RMSE_F=557.5 meV / A, RMSE_Mu_per_atom=15.73 mDebye
2023-11-08 09:46:32.139 INFO: Epoch 288: loss=22.2581, RMSE_E_per_atom=140.2 meV, RMSE_F=471.3 meV / A, RMSE_Mu_per_atom=15.17 mDebye
2023-11-08 09:46:33.258 INFO: Epoch 290: loss=17.1633, RMSE_E_per_atom=138.6 meV, RMSE_F=413.8 meV / A, RMSE_Mu_per_atom=14.50 mDebye
2023-11-08 09:46:34.393 INFO: Epoch 292: loss=14.6946, RMSE_E_per_atom=148.9 meV, RMSE_F=382.8 meV / A, RMSE_Mu_per_atom=14.61 mDebye
2023-11-08 09:46:35.868 INFO: Epoch 294: loss=36.5825, RMSE_E_per_atom=141.1 meV, RMSE_F=604.5 meV / A, RMSE_Mu_per_atom=14.61 mDebye
2023-11-08 09:46:37.439 INFO: Epoch 296: loss=18.2741, RMSE_E_per_atom=135.0 meV, RMSE_F=427.0 meV / A, RMSE_Mu_per_atom=16.30 mDebye
2023-11-08 09:46:38.624 INFO: Epoch 298: loss=19.7314, RMSE_E_per_atom=130.4 meV, RMSE_F=443.8 meV / A, RMSE_Mu_per_atom=13.64 mDebye
2023-11-08 09:46:39.838 INFO: Epoch 300: loss=19.1241, RMSE_E_per_atom=146.9 meV, RMSE_F=436.8 meV / A, RMSE_Mu_per_atom=14.79 mDebye
2023-11-08 09:46:40.900 INFO: Epoch 302: loss=15.7363, RMSE_E_per_atom=141.7 meV, RMSE_F=396.2 meV / A, RMSE_Mu_per_atom=13.92 mDebye
2023-11-08 09:46:42.927 INFO: Epoch 304: loss=22.9582, RMSE_E_per_atom=131.0 meV, RMSE_F=478.7 meV / A, RMSE_Mu_per_atom=14.99 mDebye
2023-11-08 09:46:45.172 INFO: Epoch 306: loss=13.8027, RMSE_E_per_atom=126.5 meV, RMSE_F=371.1 meV / A, RMSE_Mu_per_atom=13.43 mDebye
2023-11-08 09:46:47.438 INFO: Epoch 308: loss=31.6761, RMSE_E_per_atom=105.8 meV, RMSE_F=562.5 meV / A, RMSE_Mu_per_atom=15.43 mDebye
2023-11-08 09:46:49.885 INFO: Epoch 310: loss=15.1403, RMSE_E_per_atom=120.9 meV, RMSE_F=388.6 meV / A, RMSE_Mu_per_atom=15.29 mDebye
2023-11-08 09:46:52.226 INFO: Epoch 312: loss=29.8720, RMSE_E_per_atom=108.1 meV, RMSE_F=546.3 meV / A, RMSE_Mu_per_atom=13.67 mDebye
2023-11-08 09:46:54.415 INFO: Epoch 314: loss=12.9187, RMSE_E_per_atom=107.6 meV, RMSE_F=359.0 meV / A, RMSE_Mu_per_atom=13.77 mDebye
2023-11-08 09:46:56.167 INFO: Epoch 316: loss=17.9856, RMSE_E_per_atom=97.6 meV, RMSE_F=423.7 meV / A, RMSE_Mu_per_atom=15.49 mDebye
2023-11-08 09:46:57.394 INFO: Epoch 318: loss=21.6071, RMSE_E_per_atom=99.3 meV, RMSE_F=464.5 meV / A, RMSE_Mu_per_atom=13.90 mDebye
2023-11-08 09:46:58.585 INFO: Epoch 320: loss=26.7420, RMSE_E_per_atom=95.4 meV, RMSE_F=516.8 meV / A, RMSE_Mu_per_atom=14.17 mDebye
2023-11-08 09:46:59.780 INFO: Epoch 322: loss=24.2613, RMSE_E_per_atom=100.3 meV, RMSE_F=492.2 meV / A, RMSE_Mu_per_atom=15.99 mDebye
2023-11-08 09:47:00.927 INFO: Epoch 324: loss=19.5202, RMSE_E_per_atom=103.8 meV, RMSE_F=441.5 meV / A, RMSE_Mu_per_atom=13.80 mDebye
2023-11-08 09:47:02.231 INFO: Epoch 326: loss=25.8879, RMSE_E_per_atom=103.7 meV, RMSE_F=508.5 meV / A, RMSE_Mu_per_atom=14.87 mDebye
2023-11-08 09:47:03.452 INFO: Epoch 328: loss=18.6752, RMSE_E_per_atom=104.2 meV, RMSE_F=431.8 meV / A, RMSE_Mu_per_atom=14.93 mDebye
2023-11-08 09:47:04.581 INFO: Epoch 330: loss=23.0027, RMSE_E_per_atom=94.9 meV, RMSE_F=479.3 meV / A, RMSE_Mu_per_atom=14.17 mDebye
2023-11-08 09:47:05.638 INFO: Epoch 332: loss=22.8477, RMSE_E_per_atom=87.5 meV, RMSE_F=477.7 meV / A, RMSE_Mu_per_atom=15.38 mDebye
2023-11-08 09:47:06.802 INFO: Epoch 334: loss=22.1700, RMSE_E_per_atom=96.2 meV, RMSE_F=470.5 meV / A, RMSE_Mu_per_atom=14.04 mDebye
2023-11-08 09:47:07.917 INFO: Epoch 336: loss=19.1968, RMSE_E_per_atom=98.1 meV, RMSE_F=437.8 meV / A, RMSE_Mu_per_atom=13.98 mDebye
2023-11-08 09:47:09.291 INFO: Epoch 338: loss=22.5335, RMSE_E_per_atom=84.2 meV, RMSE_F=474.4 meV / A, RMSE_Mu_per_atom=15.23 mDebye
2023-11-08 09:47:11.534 INFO: Epoch 340: loss=20.2011, RMSE_E_per_atom=86.7 meV, RMSE_F=449.2 meV / A, RMSE_Mu_per_atom=13.86 mDebye
2023-11-08 09:47:12.716 INFO: Epoch 342: loss=28.8292, RMSE_E_per_atom=84.2 meV, RMSE_F=536.7 meV / A, RMSE_Mu_per_atom=14.79 mDebye
2023-11-08 09:47:13.917 INFO: Epoch 344: loss=22.3240, RMSE_E_per_atom=85.7 meV, RMSE_F=472.2 meV / A, RMSE_Mu_per_atom=14.69 mDebye
2023-11-08 09:47:15.128 INFO: Epoch 346: loss=24.1370, RMSE_E_per_atom=83.3 meV, RMSE_F=491.0 meV / A, RMSE_Mu_per_atom=14.51 mDebye
2023-11-08 09:47:16.330 INFO: Epoch 348: loss=22.4847, RMSE_E_per_atom=90.1 meV, RMSE_F=473.9 meV / A, RMSE_Mu_per_atom=14.50 mDebye
2023-11-08 09:47:17.574 INFO: Epoch 350: loss=19.1836, RMSE_E_per_atom=93.6 meV, RMSE_F=437.7 meV / A, RMSE_Mu_per_atom=13.86 mDebye
2023-11-08 09:47:18.650 INFO: Epoch 352: loss=19.4619, RMSE_E_per_atom=92.2 meV, RMSE_F=440.8 meV / A, RMSE_Mu_per_atom=16.47 mDebye
2023-11-08 09:47:19.609 INFO: Epoch 354: loss=21.1991, RMSE_E_per_atom=95.1 meV, RMSE_F=460.1 meV / A, RMSE_Mu_per_atom=13.64 mDebye
2023-11-08 09:47:20.942 INFO: Epoch 356: loss=19.4125, RMSE_E_per_atom=92.3 meV, RMSE_F=440.3 meV / A, RMSE_Mu_per_atom=14.70 mDebye
2023-11-08 09:47:22.183 INFO: Epoch 358: loss=22.7335, RMSE_E_per_atom=78.7 meV, RMSE_F=476.5 meV / A, RMSE_Mu_per_atom=14.86 mDebye
2023-11-08 09:47:23.402 INFO: Epoch 360: loss=18.2539, RMSE_E_per_atom=79.7 meV, RMSE_F=427.0 meV / A, RMSE_Mu_per_atom=13.71 mDebye
2023-11-08 09:47:24.442 INFO: Epoch 362: loss=15.4192, RMSE_E_per_atom=76.9 meV, RMSE_F=392.3 meV / A, RMSE_Mu_per_atom=14.52 mDebye
2023-11-08 09:47:25.593 INFO: Epoch 364: loss=27.9998, RMSE_E_per_atom=63.3 meV, RMSE_F=528.9 meV / A, RMSE_Mu_per_atom=14.56 mDebye
2023-11-08 09:47:26.743 INFO: Epoch 366: loss=19.2896, RMSE_E_per_atom=62.8 meV, RMSE_F=438.9 meV / A, RMSE_Mu_per_atom=13.80 mDebye
2023-11-08 09:47:27.901 INFO: Epoch 368: loss=21.6591, RMSE_E_per_atom=71.4 meV, RMSE_F=465.1 meV / A, RMSE_Mu_per_atom=16.25 mDebye
2023-11-08 09:47:29.001 INFO: Epoch 370: loss=17.4130, RMSE_E_per_atom=76.6 meV, RMSE_F=417.0 meV / A, RMSE_Mu_per_atom=13.92 mDebye
2023-11-08 09:47:30.142 INFO: Epoch 372: loss=27.9202, RMSE_E_per_atom=66.8 meV, RMSE_F=528.2 meV / A, RMSE_Mu_per_atom=14.00 mDebye
2023-11-08 09:47:31.325 INFO: Epoch 374: loss=18.2161, RMSE_E_per_atom=63.1 meV, RMSE_F=426.5 meV / A, RMSE_Mu_per_atom=15.01 mDebye
2023-11-08 09:47:32.922 INFO: Epoch 376: loss=23.5677, RMSE_E_per_atom=69.4 meV, RMSE_F=485.2 meV / A, RMSE_Mu_per_atom=13.82 mDebye
2023-11-08 09:47:34.224 INFO: Epoch 378: loss=17.2345, RMSE_E_per_atom=69.3 meV, RMSE_F=414.9 meV / A, RMSE_Mu_per_atom=13.78 mDebye
2023-11-08 09:47:35.367 INFO: Epoch 380: loss=19.2712, RMSE_E_per_atom=61.8 meV, RMSE_F=438.7 meV / A, RMSE_Mu_per_atom=14.40 mDebye
2023-11-08 09:47:36.589 INFO: Epoch 382: loss=20.3048, RMSE_E_per_atom=60.6 meV, RMSE_F=450.3 meV / A, RMSE_Mu_per_atom=15.09 mDebye
2023-11-08 09:47:37.872 INFO: Epoch 384: loss=21.2690, RMSE_E_per_atom=58.1 meV, RMSE_F=460.9 meV / A, RMSE_Mu_per_atom=14.07 mDebye
2023-11-08 09:47:39.016 INFO: Epoch 386: loss=19.3816, RMSE_E_per_atom=56.7 meV, RMSE_F=440.0 meV / A, RMSE_Mu_per_atom=13.79 mDebye
2023-11-08 09:47:40.156 INFO: Epoch 388: loss=15.1340, RMSE_E_per_atom=63.5 meV, RMSE_F=388.7 meV / A, RMSE_Mu_per_atom=14.74 mDebye
2023-11-08 09:47:41.243 INFO: Epoch 390: loss=18.1054, RMSE_E_per_atom=56.0 meV, RMSE_F=425.2 meV / A, RMSE_Mu_per_atom=13.89 mDebye
2023-11-08 09:47:42.434 INFO: Epoch 392: loss=16.7750, RMSE_E_per_atom=54.7 meV, RMSE_F=409.3 meV / A, RMSE_Mu_per_atom=13.69 mDebye
2023-11-08 09:47:43.666 INFO: Epoch 394: loss=18.3235, RMSE_E_per_atom=56.6 meV, RMSE_F=427.8 meV / A, RMSE_Mu_per_atom=14.57 mDebye
2023-11-08 09:47:45.072 INFO: Epoch 396: loss=15.9127, RMSE_E_per_atom=64.8 meV, RMSE_F=398.6 meV / A, RMSE_Mu_per_atom=13.81 mDebye
2023-11-08 09:47:46.360 INFO: Epoch 398: loss=18.7661, RMSE_E_per_atom=66.7 meV, RMSE_F=432.9 meV / A, RMSE_Mu_per_atom=13.89 mDebye
2023-11-08 09:47:47.742 INFO: Epoch 400: loss=17.9755, RMSE_E_per_atom=68.0 meV, RMSE_F=423.7 meV / A, RMSE_Mu_per_atom=14.35 mDebye
2023-11-08 09:47:49.123 INFO: Epoch 402: loss=20.0495, RMSE_E_per_atom=61.1 meV, RMSE_F=447.5 meV / A, RMSE_Mu_per_atom=13.61 mDebye
2023-11-08 09:47:50.260 INFO: Epoch 404: loss=16.8548, RMSE_E_per_atom=69.0 meV, RMSE_F=410.3 meV / A, RMSE_Mu_per_atom=13.74 mDebye
2023-11-08 09:47:51.527 INFO: Epoch 406: loss=17.6260, RMSE_E_per_atom=72.8 meV, RMSE_F=419.5 meV / A, RMSE_Mu_per_atom=14.10 mDebye
2023-11-08 09:47:52.812 INFO: Epoch 408: loss=25.0535, RMSE_E_per_atom=62.1 meV, RMSE_F=500.3 meV / A, RMSE_Mu_per_atom=14.71 mDebye
2023-11-08 09:47:54.190 INFO: Epoch 410: loss=20.4937, RMSE_E_per_atom=63.1 meV, RMSE_F=452.4 meV / A, RMSE_Mu_per_atom=13.66 mDebye
2023-11-08 09:47:55.696 INFO: Epoch 412: loss=18.9604, RMSE_E_per_atom=62.3 meV, RMSE_F=435.2 meV / A, RMSE_Mu_per_atom=14.11 mDebye
2023-11-08 09:47:57.008 INFO: Epoch 414: loss=23.4242, RMSE_E_per_atom=58.9 meV, RMSE_F=483.7 meV / A, RMSE_Mu_per_atom=14.88 mDebye
2023-11-08 09:47:58.550 INFO: Epoch 416: loss=25.1256, RMSE_E_per_atom=56.0 meV, RMSE_F=501.0 meV / A, RMSE_Mu_per_atom=13.66 mDebye
2023-11-08 09:48:00.121 INFO: Epoch 418: loss=18.5858, RMSE_E_per_atom=49.7 meV, RMSE_F=430.8 meV / A, RMSE_Mu_per_atom=14.72 mDebye
2023-11-08 09:48:01.591 INFO: Epoch 420: loss=20.1547, RMSE_E_per_atom=45.3 meV, RMSE_F=448.7 meV / A, RMSE_Mu_per_atom=13.73 mDebye
2023-11-08 09:48:03.096 INFO: Epoch 422: loss=22.6599, RMSE_E_per_atom=45.9 meV, RMSE_F=475.8 meV / A, RMSE_Mu_per_atom=14.08 mDebye
2023-11-08 09:48:04.595 INFO: Epoch 424: loss=17.8288, RMSE_E_per_atom=50.4 meV, RMSE_F=422.0 meV / A, RMSE_Mu_per_atom=14.00 mDebye
2023-11-08 09:48:06.223 INFO: Epoch 426: loss=21.5516, RMSE_E_per_atom=45.5 meV, RMSE_F=464.0 meV / A, RMSE_Mu_per_atom=14.49 mDebye
2023-11-08 09:48:07.637 INFO: Epoch 428: loss=21.0322, RMSE_E_per_atom=41.4 meV, RMSE_F=458.4 meV / A, RMSE_Mu_per_atom=13.64 mDebye
2023-11-08 09:48:09.139 INFO: Epoch 430: loss=15.6012, RMSE_E_per_atom=49.1 meV, RMSE_F=394.7 meV / A, RMSE_Mu_per_atom=13.99 mDebye
2023-11-08 09:48:10.880 INFO: Epoch 432: loss=21.5927, RMSE_E_per_atom=45.1 meV, RMSE_F=464.5 meV / A, RMSE_Mu_per_atom=13.48 mDebye
2023-11-08 09:48:12.415 INFO: Epoch 434: loss=18.4863, RMSE_E_per_atom=48.4 meV, RMSE_F=429.7 meV / A, RMSE_Mu_per_atom=14.13 mDebye
2023-11-08 09:48:13.794 INFO: Epoch 436: loss=21.1010, RMSE_E_per_atom=42.2 meV, RMSE_F=459.1 meV / A, RMSE_Mu_per_atom=13.91 mDebye
2023-11-08 09:48:15.387 INFO: Epoch 438: loss=17.7227, RMSE_E_per_atom=39.3 meV, RMSE_F=420.7 meV / A, RMSE_Mu_per_atom=13.85 mDebye
2023-11-08 09:48:17.037 INFO: Epoch 440: loss=20.9323, RMSE_E_per_atom=37.9 meV, RMSE_F=457.3 meV / A, RMSE_Mu_per_atom=13.74 mDebye
2023-11-08 09:48:19.175 INFO: Epoch 442: loss=22.5844, RMSE_E_per_atom=31.2 meV, RMSE_F=475.0 meV / A, RMSE_Mu_per_atom=13.98 mDebye
2023-11-08 09:48:20.345 INFO: Epoch 444: loss=18.6484, RMSE_E_per_atom=37.2 meV, RMSE_F=431.6 meV / A, RMSE_Mu_per_atom=13.89 mDebye
2023-11-08 09:48:21.736 INFO: Epoch 446: loss=18.3188, RMSE_E_per_atom=38.6 meV, RMSE_F=427.8 meV / A, RMSE_Mu_per_atom=13.96 mDebye
2023-11-08 09:48:23.173 INFO: Epoch 448: loss=23.6200, RMSE_E_per_atom=34.5 meV, RMSE_F=485.8 meV / A, RMSE_Mu_per_atom=14.45 mDebye
2023-11-08 09:48:24.446 INFO: Epoch 450: loss=20.7308, RMSE_E_per_atom=38.2 meV, RMSE_F=455.1 meV / A, RMSE_Mu_per_atom=13.59 mDebye
2023-11-08 09:48:25.738 INFO: Epoch 452: loss=20.6674, RMSE_E_per_atom=33.9 meV, RMSE_F=454.4 meV / A, RMSE_Mu_per_atom=14.89 mDebye
2023-11-08 09:48:27.049 INFO: Epoch 454: loss=21.5477, RMSE_E_per_atom=39.6 meV, RMSE_F=464.0 meV / A, RMSE_Mu_per_atom=13.81 mDebye
2023-11-08 09:48:28.819 INFO: Epoch 456: loss=18.5258, RMSE_E_per_atom=39.7 meV, RMSE_F=430.2 meV / A, RMSE_Mu_per_atom=13.73 mDebye
2023-11-08 09:48:30.513 INFO: Epoch 458: loss=20.6035, RMSE_E_per_atom=36.9 meV, RMSE_F=453.7 meV / A, RMSE_Mu_per_atom=14.29 mDebye
2023-11-08 09:48:31.828 INFO: Epoch 460: loss=21.7912, RMSE_E_per_atom=37.8 meV, RMSE_F=466.6 meV / A, RMSE_Mu_per_atom=13.82 mDebye
2023-11-08 09:48:33.522 INFO: Epoch 462: loss=21.1552, RMSE_E_per_atom=31.4 meV, RMSE_F=459.7 meV / A, RMSE_Mu_per_atom=13.75 mDebye
2023-11-08 09:48:36.175 INFO: Epoch 464: loss=19.7074, RMSE_E_per_atom=27.5 meV, RMSE_F=443.7 meV / A, RMSE_Mu_per_atom=14.20 mDebye
2023-11-08 09:48:38.356 INFO: Epoch 466: loss=20.1952, RMSE_E_per_atom=28.4 meV, RMSE_F=449.2 meV / A, RMSE_Mu_per_atom=13.75 mDebye
2023-11-08 09:48:40.429 INFO: Epoch 468: loss=18.0501, RMSE_E_per_atom=25.6 meV, RMSE_F=424.6 meV / A, RMSE_Mu_per_atom=13.89 mDebye
2023-11-08 09:48:42.176 INFO: Epoch 470: loss=18.7089, RMSE_E_per_atom=24.8 meV, RMSE_F=432.3 meV / A, RMSE_Mu_per_atom=13.94 mDebye
2023-11-08 09:48:43.581 INFO: Epoch 472: loss=19.3329, RMSE_E_per_atom=22.2 meV, RMSE_F=439.5 meV / A, RMSE_Mu_per_atom=13.75 mDebye
2023-11-08 09:48:45.172 INFO: Epoch 474: loss=19.5123, RMSE_E_per_atom=20.1 meV, RMSE_F=441.5 meV / A, RMSE_Mu_per_atom=13.92 mDebye
2023-11-08 09:48:46.661 INFO: Epoch 476: loss=18.5335, RMSE_E_per_atom=20.5 meV, RMSE_F=430.3 meV / A, RMSE_Mu_per_atom=14.05 mDebye
2023-11-08 09:48:48.048 INFO: Epoch 478: loss=20.9307, RMSE_E_per_atom=16.9 meV, RMSE_F=457.3 meV / A, RMSE_Mu_per_atom=13.85 mDebye
2023-11-08 09:48:49.413 INFO: Epoch 480: loss=20.0895, RMSE_E_per_atom=17.8 meV, RMSE_F=448.0 meV / A, RMSE_Mu_per_atom=13.80 mDebye
2023-11-08 09:48:50.705 INFO: Epoch 482: loss=16.3185, RMSE_E_per_atom=19.4 meV, RMSE_F=403.7 meV / A, RMSE_Mu_per_atom=14.09 mDebye
2023-11-08 09:48:52.844 INFO: Epoch 484: loss=20.3462, RMSE_E_per_atom=15.5 meV, RMSE_F=450.8 meV / A, RMSE_Mu_per_atom=13.93 mDebye
2023-11-08 09:48:54.234 INFO: Epoch 486: loss=18.0810, RMSE_E_per_atom=13.3 meV, RMSE_F=425.0 meV / A, RMSE_Mu_per_atom=13.64 mDebye
2023-11-08 09:48:55.611 INFO: Epoch 488: loss=20.7579, RMSE_E_per_atom=10.2 meV, RMSE_F=455.4 meV / A, RMSE_Mu_per_atom=14.40 mDebye
2023-11-08 09:48:56.985 INFO: Epoch 490: loss=19.0352, RMSE_E_per_atom=13.7 meV, RMSE_F=436.1 meV / A, RMSE_Mu_per_atom=13.95 mDebye
2023-11-08 09:48:58.559 INFO: Epoch 492: loss=20.6078, RMSE_E_per_atom=13.0 meV, RMSE_F=453.7 meV / A, RMSE_Mu_per_atom=14.21 mDebye
2023-11-08 09:49:00.251 INFO: Epoch 494: loss=22.2150, RMSE_E_per_atom=14.0 meV, RMSE_F=471.1 meV / A, RMSE_Mu_per_atom=14.26 mDebye
2023-11-08 09:49:02.211 INFO: Epoch 496: loss=20.9942, RMSE_E_per_atom=11.9 meV, RMSE_F=458.0 meV / A, RMSE_Mu_per_atom=13.99 mDebye
2023-11-08 09:49:03.786 INFO: Epoch 498: loss=19.7813, RMSE_E_per_atom=16.3 meV, RMSE_F=444.5 meV / A, RMSE_Mu_per_atom=14.14 mDebye
2023-11-08 09:49:05.183 INFO: Epoch 500: loss=19.1859, RMSE_E_per_atom=15.9 meV, RMSE_F=437.8 meV / A, RMSE_Mu_per_atom=14.33 mDebye
2023-11-08 09:49:06.736 INFO: Epoch 502: loss=17.5983, RMSE_E_per_atom=18.0 meV, RMSE_F=419.3 meV / A, RMSE_Mu_per_atom=13.94 mDebye
2023-11-08 09:49:08.348 INFO: Epoch 504: loss=19.8072, RMSE_E_per_atom=16.2 meV, RMSE_F=444.8 meV / A, RMSE_Mu_per_atom=14.08 mDebye
2023-11-08 09:49:09.774 INFO: Epoch 506: loss=19.1770, RMSE_E_per_atom=13.5 meV, RMSE_F=437.7 meV / A, RMSE_Mu_per_atom=13.87 mDebye
2023-11-08 09:49:11.241 INFO: Epoch 508: loss=19.2595, RMSE_E_per_atom=11.2 meV, RMSE_F=438.6 meV / A, RMSE_Mu_per_atom=13.98 mDebye
2023-11-08 09:49:12.842 INFO: Epoch 510: loss=20.8452, RMSE_E_per_atom=10.6 meV, RMSE_F=456.3 meV / A, RMSE_Mu_per_atom=14.02 mDebye
2023-11-08 09:49:14.242 INFO: Epoch 512: loss=19.7346, RMSE_E_per_atom=10.5 meV, RMSE_F=444.0 meV / A, RMSE_Mu_per_atom=14.16 mDebye
2023-11-08 09:49:15.752 INFO: Epoch 514: loss=20.3386, RMSE_E_per_atom=12.7 meV, RMSE_F=450.8 meV / A, RMSE_Mu_per_atom=14.05 mDebye
2023-11-08 09:49:17.354 INFO: Epoch 516: loss=18.8563, RMSE_E_per_atom=13.8 meV, RMSE_F=434.0 meV / A, RMSE_Mu_per_atom=13.93 mDebye
2023-11-08 09:49:18.772 INFO: Epoch 518: loss=20.8086, RMSE_E_per_atom=13.0 meV, RMSE_F=455.9 meV / A, RMSE_Mu_per_atom=14.16 mDebye
2023-11-08 09:49:19.913 INFO: Epoch 520: loss=19.5415, RMSE_E_per_atom=9.7 meV, RMSE_F=441.8 meV / A, RMSE_Mu_per_atom=13.90 mDebye
2023-11-08 09:49:21.290 INFO: Epoch 522: loss=19.3322, RMSE_E_per_atom=12.1 meV, RMSE_F=439.5 meV / A, RMSE_Mu_per_atom=14.12 mDebye
2023-11-08 09:49:22.359 INFO: Epoch 524: loss=18.6099, RMSE_E_per_atom=11.5 meV, RMSE_F=431.2 meV / A, RMSE_Mu_per_atom=14.01 mDebye
2023-11-08 09:49:23.929 INFO: Epoch 526: loss=19.7715, RMSE_E_per_atom=11.0 meV, RMSE_F=444.4 meV / A, RMSE_Mu_per_atom=13.91 mDebye
2023-11-08 09:49:25.199 INFO: Epoch 528: loss=21.3460, RMSE_E_per_atom=11.5 meV, RMSE_F=461.8 meV / A, RMSE_Mu_per_atom=14.25 mDebye
2023-11-08 09:49:27.147 INFO: Epoch 530: loss=18.3886, RMSE_E_per_atom=14.4 meV, RMSE_F=428.6 meV / A, RMSE_Mu_per_atom=13.89 mDebye
2023-11-08 09:49:28.425 INFO: Epoch 532: loss=18.8282, RMSE_E_per_atom=12.0 meV, RMSE_F=433.7 meV / A, RMSE_Mu_per_atom=13.98 mDebye
2023-11-08 09:49:29.620 INFO: Epoch 534: loss=18.9735, RMSE_E_per_atom=13.3 meV, RMSE_F=435.4 meV / A, RMSE_Mu_per_atom=14.04 mDebye
2023-11-08 09:49:30.864 INFO: Epoch 536: loss=20.0319, RMSE_E_per_atom=10.1 meV, RMSE_F=447.3 meV / A, RMSE_Mu_per_atom=14.41 mDebye
2023-11-08 09:49:32.114 INFO: Epoch 538: loss=19.1711, RMSE_E_per_atom=10.0 meV, RMSE_F=437.6 meV / A, RMSE_Mu_per_atom=14.03 mDebye
2023-11-08 09:49:33.300 INFO: Epoch 540: loss=17.5221, RMSE_E_per_atom=12.0 meV, RMSE_F=418.4 meV / A, RMSE_Mu_per_atom=13.93 mDebye
2023-11-08 09:49:34.751 INFO: Epoch 542: loss=16.7672, RMSE_E_per_atom=12.6 meV, RMSE_F=409.2 meV / A, RMSE_Mu_per_atom=14.12 mDebye
2023-11-08 09:49:36.092 INFO: Epoch 544: loss=18.2059, RMSE_E_per_atom=10.5 meV, RMSE_F=426.5 meV / A, RMSE_Mu_per_atom=14.01 mDebye
2023-11-08 09:49:37.286 INFO: Epoch 546: loss=18.4225, RMSE_E_per_atom=6.9 meV, RMSE_F=429.0 meV / A, RMSE_Mu_per_atom=13.96 mDebye
2023-11-08 09:49:38.391 INFO: Epoch 548: loss=16.8375, RMSE_E_per_atom=17.6 meV, RMSE_F=410.1 meV / A, RMSE_Mu_per_atom=14.23 mDebye
2023-11-08 09:49:39.441 INFO: Epoch 550: loss=18.4626, RMSE_E_per_atom=14.9 meV, RMSE_F=429.5 meV / A, RMSE_Mu_per_atom=13.88 mDebye
2023-11-08 09:49:40.575 INFO: Epoch 552: loss=18.9890, RMSE_E_per_atom=12.6 meV, RMSE_F=435.5 meV / A, RMSE_Mu_per_atom=14.27 mDebye
2023-11-08 09:49:41.796 INFO: Epoch 554: loss=21.9381, RMSE_E_per_atom=12.0 meV, RMSE_F=468.2 meV / A, RMSE_Mu_per_atom=14.07 mDebye
2023-11-08 09:49:42.771 INFO: Epoch 556: loss=19.0167, RMSE_E_per_atom=11.0 meV, RMSE_F=435.9 meV / A, RMSE_Mu_per_atom=14.00 mDebye
2023-11-08 09:49:43.797 INFO: Epoch 558: loss=21.4200, RMSE_E_per_atom=5.2 meV, RMSE_F=462.6 meV / A, RMSE_Mu_per_atom=14.14 mDebye
2023-11-08 09:49:44.923 INFO: Epoch 560: loss=20.4674, RMSE_E_per_atom=10.9 meV, RMSE_F=452.2 meV / A, RMSE_Mu_per_atom=13.96 mDebye
2023-11-08 09:49:46.882 INFO: Epoch 562: loss=18.1216, RMSE_E_per_atom=12.2 meV, RMSE_F=425.5 meV / A, RMSE_Mu_per_atom=14.06 mDebye
2023-11-08 09:49:48.976 INFO: Epoch 564: loss=19.6396, RMSE_E_per_atom=11.2 meV, RMSE_F=442.9 meV / A, RMSE_Mu_per_atom=14.27 mDebye
2023-11-08 09:49:51.176 INFO: Epoch 566: loss=19.6763, RMSE_E_per_atom=11.4 meV, RMSE_F=443.4 meV / A, RMSE_Mu_per_atom=14.06 mDebye
2023-11-08 09:49:52.639 INFO: Epoch 568: loss=19.9391, RMSE_E_per_atom=8.3 meV, RMSE_F=446.3 meV / A, RMSE_Mu_per_atom=14.17 mDebye
2023-11-08 09:49:53.744 INFO: Epoch 570: loss=19.6957, RMSE_E_per_atom=10.8 meV, RMSE_F=443.6 meV / A, RMSE_Mu_per_atom=14.25 mDebye
2023-11-08 09:49:54.879 INFO: Epoch 572: loss=19.4592, RMSE_E_per_atom=9.9 meV, RMSE_F=440.9 meV / A, RMSE_Mu_per_atom=14.05 mDebye
2023-11-08 09:49:56.208 INFO: Epoch 574: loss=19.4104, RMSE_E_per_atom=8.1 meV, RMSE_F=440.3 meV / A, RMSE_Mu_per_atom=14.11 mDebye
2023-11-08 09:49:57.326 INFO: Epoch 576: loss=19.0433, RMSE_E_per_atom=8.6 meV, RMSE_F=436.2 meV / A, RMSE_Mu_per_atom=14.24 mDebye
2023-11-08 09:49:58.604 INFO: Epoch 578: loss=19.5310, RMSE_E_per_atom=7.6 meV, RMSE_F=441.7 meV / A, RMSE_Mu_per_atom=14.11 mDebye
2023-11-08 09:50:00.706 INFO: Epoch 580: loss=19.2243, RMSE_E_per_atom=8.2 meV, RMSE_F=438.2 meV / A, RMSE_Mu_per_atom=14.15 mDebye
2023-11-08 09:50:02.003 INFO: Epoch 582: loss=19.4117, RMSE_E_per_atom=7.3 meV, RMSE_F=440.4 meV / A, RMSE_Mu_per_atom=14.19 mDebye
2023-11-08 09:50:03.219 INFO: Epoch 584: loss=19.4098, RMSE_E_per_atom=5.7 meV, RMSE_F=440.3 meV / A, RMSE_Mu_per_atom=14.19 mDebye
2023-11-08 09:50:04.389 INFO: Epoch 586: loss=19.5642, RMSE_E_per_atom=6.2 meV, RMSE_F=442.1 meV / A, RMSE_Mu_per_atom=14.28 mDebye
2023-11-08 09:50:05.565 INFO: Epoch 588: loss=19.2867, RMSE_E_per_atom=6.2 meV, RMSE_F=438.9 meV / A, RMSE_Mu_per_atom=14.19 mDebye
2023-11-08 09:50:06.791 INFO: Epoch 590: loss=19.0937, RMSE_E_per_atom=6.1 meV, RMSE_F=436.7 meV / A, RMSE_Mu_per_atom=14.23 mDebye
2023-11-08 09:50:07.975 INFO: Epoch 592: loss=19.6617, RMSE_E_per_atom=4.1 meV, RMSE_F=443.2 meV / A, RMSE_Mu_per_atom=14.25 mDebye
2023-11-08 09:50:09.153 INFO: Epoch 594: loss=18.8641, RMSE_E_per_atom=4.8 meV, RMSE_F=434.1 meV / A, RMSE_Mu_per_atom=14.18 mDebye
2023-11-08 09:50:10.447 INFO: Epoch 596: loss=18.9929, RMSE_E_per_atom=4.9 meV, RMSE_F=435.6 meV / A, RMSE_Mu_per_atom=14.21 mDebye
2023-11-08 09:50:11.567 INFO: Epoch 598: loss=18.6158, RMSE_E_per_atom=4.7 meV, RMSE_F=431.2 meV / A, RMSE_Mu_per_atom=14.32 mDebye
2023-11-08 09:50:12.712 INFO: Epoch 600: loss=18.8389, RMSE_E_per_atom=4.3 meV, RMSE_F=433.8 meV / A, RMSE_Mu_per_atom=14.22 mDebye
2023-11-08 09:50:13.946 INFO: Epoch 602: loss=19.0214, RMSE_E_per_atom=4.0 meV, RMSE_F=435.9 meV / A, RMSE_Mu_per_atom=14.24 mDebye
2023-11-08 09:50:14.998 INFO: Epoch 604: loss=19.2062, RMSE_E_per_atom=3.8 meV, RMSE_F=438.0 meV / A, RMSE_Mu_per_atom=14.32 mDebye
2023-11-08 09:50:16.207 INFO: Epoch 606: loss=19.1588, RMSE_E_per_atom=3.8 meV, RMSE_F=437.5 meV / A, RMSE_Mu_per_atom=14.32 mDebye
2023-11-08 09:50:17.316 INFO: Epoch 608: loss=19.4855, RMSE_E_per_atom=3.0 meV, RMSE_F=441.2 meV / A, RMSE_Mu_per_atom=14.30 mDebye
2023-11-08 09:50:18.738 INFO: Epoch 610: loss=19.2513, RMSE_E_per_atom=3.4 meV, RMSE_F=438.5 meV / A, RMSE_Mu_per_atom=14.33 mDebye
2023-11-08 09:50:21.458 INFO: Epoch 612: loss=19.2698, RMSE_E_per_atom=3.2 meV, RMSE_F=438.7 meV / A, RMSE_Mu_per_atom=14.36 mDebye
2023-11-08 09:50:24.063 INFO: Epoch 614: loss=18.9990, RMSE_E_per_atom=2.8 meV, RMSE_F=435.6 meV / A, RMSE_Mu_per_atom=14.33 mDebye
2023-11-08 09:50:25.731 INFO: Epoch 616: loss=19.0606, RMSE_E_per_atom=3.3 meV, RMSE_F=436.3 meV / A, RMSE_Mu_per_atom=14.32 mDebye
2023-11-08 09:50:26.827 INFO: Epoch 618: loss=19.1701, RMSE_E_per_atom=2.9 meV, RMSE_F=437.6 meV / A, RMSE_Mu_per_atom=14.29 mDebye
2023-11-08 09:50:27.922 INFO: Epoch 620: loss=19.4760, RMSE_E_per_atom=2.8 meV, RMSE_F=441.1 meV / A, RMSE_Mu_per_atom=14.39 mDebye
2023-11-08 09:50:29.908 INFO: Epoch 622: loss=19.3478, RMSE_E_per_atom=2.7 meV, RMSE_F=439.6 meV / A, RMSE_Mu_per_atom=14.40 mDebye
2023-11-08 09:50:30.998 INFO: Epoch 624: loss=18.8235, RMSE_E_per_atom=3.2 meV, RMSE_F=433.6 meV / A, RMSE_Mu_per_atom=14.34 mDebye
2023-11-08 09:50:32.165 INFO: Epoch 626: loss=19.4509, RMSE_E_per_atom=2.4 meV, RMSE_F=440.8 meV / A, RMSE_Mu_per_atom=14.36 mDebye
2023-11-08 09:50:33.554 INFO: Epoch 628: loss=18.9880, RMSE_E_per_atom=2.7 meV, RMSE_F=435.5 meV / A, RMSE_Mu_per_atom=14.37 mDebye
2023-11-08 09:50:34.903 INFO: Epoch 630: loss=19.0748, RMSE_E_per_atom=2.6 meV, RMSE_F=436.5 meV / A, RMSE_Mu_per_atom=14.45 mDebye
2023-11-08 09:50:36.020 INFO: Epoch 632: loss=19.2530, RMSE_E_per_atom=2.7 meV, RMSE_F=438.5 meV / A, RMSE_Mu_per_atom=14.37 mDebye
2023-11-08 09:50:37.973 INFO: Epoch 634: loss=19.2974, RMSE_E_per_atom=2.5 meV, RMSE_F=439.1 meV / A, RMSE_Mu_per_atom=14.34 mDebye
2023-11-08 09:50:39.055 INFO: Epoch 636: loss=19.3256, RMSE_E_per_atom=2.2 meV, RMSE_F=439.4 meV / A, RMSE_Mu_per_atom=14.45 mDebye
2023-11-08 09:50:40.305 INFO: Epoch 638: loss=19.0261, RMSE_E_per_atom=2.4 meV, RMSE_F=436.0 meV / A, RMSE_Mu_per_atom=14.39 mDebye
2023-11-08 09:50:41.374 INFO: Epoch 640: loss=19.1982, RMSE_E_per_atom=2.3 meV, RMSE_F=437.9 meV / A, RMSE_Mu_per_atom=14.38 mDebye
2023-11-08 09:50:42.482 INFO: Epoch 642: loss=19.1768, RMSE_E_per_atom=2.2 meV, RMSE_F=437.7 meV / A, RMSE_Mu_per_atom=14.45 mDebye
2023-11-08 09:50:43.538 INFO: Epoch 644: loss=19.4461, RMSE_E_per_atom=2.4 meV, RMSE_F=440.7 meV / A, RMSE_Mu_per_atom=14.45 mDebye
2023-11-08 09:50:44.685 INFO: Epoch 646: loss=19.3991, RMSE_E_per_atom=2.4 meV, RMSE_F=440.2 meV / A, RMSE_Mu_per_atom=14.44 mDebye
2023-11-08 09:50:45.844 INFO: Epoch 648: loss=19.0764, RMSE_E_per_atom=2.5 meV, RMSE_F=436.5 meV / A, RMSE_Mu_per_atom=14.43 mDebye
2023-11-08 09:50:46.992 INFO: Epoch 650: loss=19.0945, RMSE_E_per_atom=2.2 meV, RMSE_F=436.7 meV / A, RMSE_Mu_per_atom=14.49 mDebye
2023-11-08 09:50:48.190 INFO: Epoch 652: loss=18.8108, RMSE_E_per_atom=2.1 meV, RMSE_F=433.5 meV / A, RMSE_Mu_per_atom=14.45 mDebye
2023-11-08 09:50:49.346 INFO: Epoch 654: loss=19.1916, RMSE_E_per_atom=2.0 meV, RMSE_F=437.8 meV / A, RMSE_Mu_per_atom=14.47 mDebye
2023-11-08 09:50:50.532 INFO: Epoch 656: loss=19.0322, RMSE_E_per_atom=2.0 meV, RMSE_F=436.0 meV / A, RMSE_Mu_per_atom=14.48 mDebye
2023-11-08 09:50:51.824 INFO: Epoch 658: loss=19.1163, RMSE_E_per_atom=2.3 meV, RMSE_F=437.0 meV / A, RMSE_Mu_per_atom=14.51 mDebye
2023-11-08 09:50:52.928 INFO: Epoch 660: loss=19.1389, RMSE_E_per_atom=2.1 meV, RMSE_F=437.2 meV / A, RMSE_Mu_per_atom=14.50 mDebye
2023-11-08 09:50:54.006 INFO: Epoch 662: loss=19.2424, RMSE_E_per_atom=2.2 meV, RMSE_F=438.4 meV / A, RMSE_Mu_per_atom=14.49 mDebye
2023-11-08 09:50:55.086 INFO: Epoch 664: loss=19.1776, RMSE_E_per_atom=2.2 meV, RMSE_F=437.7 meV / A, RMSE_Mu_per_atom=14.53 mDebye
2023-11-08 09:50:56.462 INFO: Epoch 666: loss=19.1178, RMSE_E_per_atom=2.1 meV, RMSE_F=437.0 meV / A, RMSE_Mu_per_atom=14.54 mDebye
2023-11-08 09:50:57.730 INFO: Epoch 668: loss=19.1244, RMSE_E_per_atom=2.1 meV, RMSE_F=437.1 meV / A, RMSE_Mu_per_atom=14.51 mDebye
2023-11-08 09:50:59.065 INFO: Epoch 670: loss=19.1360, RMSE_E_per_atom=2.2 meV, RMSE_F=437.2 meV / A, RMSE_Mu_per_atom=14.57 mDebye
2023-11-08 09:51:00.268 INFO: Epoch 672: loss=19.1864, RMSE_E_per_atom=2.1 meV, RMSE_F=437.8 meV / A, RMSE_Mu_per_atom=14.55 mDebye
2023-11-08 09:51:01.532 INFO: Epoch 674: loss=19.3006, RMSE_E_per_atom=2.1 meV, RMSE_F=439.1 meV / A, RMSE_Mu_per_atom=14.53 mDebye
2023-11-08 09:51:02.801 INFO: Epoch 676: loss=19.1129, RMSE_E_per_atom=2.1 meV, RMSE_F=436.9 meV / A, RMSE_Mu_per_atom=14.57 mDebye
2023-11-08 09:51:04.047 INFO: Epoch 678: loss=19.1360, RMSE_E_per_atom=2.1 meV, RMSE_F=437.2 meV / A, RMSE_Mu_per_atom=14.57 mDebye
2023-11-08 09:51:05.294 INFO: Epoch 680: loss=18.9876, RMSE_E_per_atom=2.0 meV, RMSE_F=435.5 meV / A, RMSE_Mu_per_atom=14.57 mDebye
2023-11-08 09:51:06.542 INFO: Epoch 682: loss=19.2971, RMSE_E_per_atom=2.1 meV, RMSE_F=439.0 meV / A, RMSE_Mu_per_atom=14.56 mDebye
2023-11-08 09:51:08.634 INFO: Epoch 684: loss=19.0549, RMSE_E_per_atom=2.1 meV, RMSE_F=436.3 meV / A, RMSE_Mu_per_atom=14.62 mDebye
2023-11-08 09:51:09.907 INFO: Epoch 686: loss=19.1088, RMSE_E_per_atom=2.0 meV, RMSE_F=436.9 meV / A, RMSE_Mu_per_atom=14.59 mDebye
2023-11-08 09:51:11.267 INFO: Epoch 688: loss=19.1804, RMSE_E_per_atom=2.0 meV, RMSE_F=437.7 meV / A, RMSE_Mu_per_atom=14.62 mDebye
2023-11-08 09:51:12.729 INFO: Epoch 690: loss=19.1028, RMSE_E_per_atom=2.1 meV, RMSE_F=436.8 meV / A, RMSE_Mu_per_atom=14.61 mDebye
2023-11-08 09:51:14.157 INFO: Epoch 692: loss=19.2040, RMSE_E_per_atom=2.1 meV, RMSE_F=438.0 meV / A, RMSE_Mu_per_atom=14.64 mDebye
2023-11-08 09:51:16.006 INFO: Epoch 694: loss=19.0003, RMSE_E_per_atom=2.0 meV, RMSE_F=435.6 meV / A, RMSE_Mu_per_atom=14.62 mDebye
2023-11-08 09:51:18.069 INFO: Epoch 696: loss=19.1063, RMSE_E_per_atom=2.1 meV, RMSE_F=436.9 meV / A, RMSE_Mu_per_atom=14.60 mDebye
2023-11-08 09:51:19.832 INFO: Epoch 698: loss=19.1504, RMSE_E_per_atom=2.1 meV, RMSE_F=437.4 meV / A, RMSE_Mu_per_atom=14.68 mDebye
2023-11-08 09:51:21.115 INFO: Epoch 700: loss=19.1069, RMSE_E_per_atom=2.1 meV, RMSE_F=436.9 meV / A, RMSE_Mu_per_atom=14.65 mDebye
2023-11-08 09:51:22.307 INFO: Epoch 702: loss=19.2642, RMSE_E_per_atom=2.1 meV, RMSE_F=438.7 meV / A, RMSE_Mu_per_atom=14.67 mDebye
2023-11-08 09:51:23.599 INFO: Epoch 704: loss=19.1350, RMSE_E_per_atom=2.1 meV, RMSE_F=437.2 meV / A, RMSE_Mu_per_atom=14.64 mDebye
2023-11-08 09:51:24.901 INFO: Epoch 706: loss=19.1306, RMSE_E_per_atom=2.1 meV, RMSE_F=437.1 meV / A, RMSE_Mu_per_atom=14.65 mDebye
2023-11-08 09:51:26.250 INFO: Epoch 708: loss=19.1106, RMSE_E_per_atom=2.1 meV, RMSE_F=436.9 meV / A, RMSE_Mu_per_atom=14.68 mDebye
2023-11-08 09:51:27.518 INFO: Epoch 710: loss=19.0381, RMSE_E_per_atom=2.0 meV, RMSE_F=436.1 meV / A, RMSE_Mu_per_atom=14.68 mDebye
2023-11-08 09:51:28.779 INFO: Epoch 712: loss=18.9676, RMSE_E_per_atom=2.0 meV, RMSE_F=435.3 meV / A, RMSE_Mu_per_atom=14.69 mDebye
2023-11-08 09:51:30.231 INFO: Epoch 714: loss=19.1398, RMSE_E_per_atom=2.1 meV, RMSE_F=437.2 meV / A, RMSE_Mu_per_atom=14.71 mDebye
2023-11-08 09:51:31.598 INFO: Epoch 716: loss=19.1039, RMSE_E_per_atom=2.0 meV, RMSE_F=436.8 meV / A, RMSE_Mu_per_atom=14.68 mDebye
2023-11-08 09:51:32.833 INFO: Epoch 718: loss=19.0437, RMSE_E_per_atom=2.0 meV, RMSE_F=436.1 meV / A, RMSE_Mu_per_atom=14.70 mDebye
2023-11-08 09:51:34.117 INFO: Epoch 720: loss=19.1370, RMSE_E_per_atom=2.1 meV, RMSE_F=437.2 meV / A, RMSE_Mu_per_atom=14.71 mDebye
2023-11-08 09:51:35.391 INFO: Epoch 722: loss=19.0021, RMSE_E_per_atom=2.0 meV, RMSE_F=435.7 meV / A, RMSE_Mu_per_atom=14.69 mDebye
2023-11-08 09:51:36.609 INFO: Epoch 724: loss=19.1377, RMSE_E_per_atom=2.1 meV, RMSE_F=437.2 meV / A, RMSE_Mu_per_atom=14.73 mDebye
2023-11-08 09:51:37.787 INFO: Epoch 726: loss=18.9777, RMSE_E_per_atom=2.0 meV, RMSE_F=435.4 meV / A, RMSE_Mu_per_atom=14.72 mDebye
2023-11-08 09:51:38.932 INFO: Epoch 728: loss=19.1513, RMSE_E_per_atom=2.1 meV, RMSE_F=437.4 meV / A, RMSE_Mu_per_atom=14.75 mDebye
2023-11-08 09:51:40.226 INFO: Epoch 730: loss=19.0828, RMSE_E_per_atom=2.1 meV, RMSE_F=436.6 meV / A, RMSE_Mu_per_atom=14.74 mDebye
2023-11-08 09:51:41.888 INFO: Epoch 732: loss=18.9949, RMSE_E_per_atom=2.0 meV, RMSE_F=435.6 meV / A, RMSE_Mu_per_atom=14.72 mDebye
2023-11-08 09:51:43.122 INFO: Epoch 734: loss=19.1310, RMSE_E_per_atom=2.1 meV, RMSE_F=437.1 meV / A, RMSE_Mu_per_atom=14.77 mDebye
2023-11-08 09:51:44.336 INFO: Epoch 736: loss=19.0237, RMSE_E_per_atom=2.1 meV, RMSE_F=435.9 meV / A, RMSE_Mu_per_atom=14.77 mDebye
2023-11-08 09:51:45.644 INFO: Epoch 738: loss=18.9971, RMSE_E_per_atom=2.0 meV, RMSE_F=435.6 meV / A, RMSE_Mu_per_atom=14.75 mDebye
2023-11-08 09:51:46.926 INFO: Epoch 740: loss=19.0790, RMSE_E_per_atom=2.0 meV, RMSE_F=436.5 meV / A, RMSE_Mu_per_atom=14.77 mDebye
2023-11-08 09:51:48.154 INFO: Epoch 742: loss=19.0401, RMSE_E_per_atom=2.1 meV, RMSE_F=436.1 meV / A, RMSE_Mu_per_atom=14.76 mDebye
2023-11-08 09:51:49.459 INFO: Epoch 744: loss=19.0634, RMSE_E_per_atom=2.0 meV, RMSE_F=436.4 meV / A, RMSE_Mu_per_atom=14.78 mDebye
2023-11-08 09:51:50.720 INFO: Epoch 746: loss=18.9667, RMSE_E_per_atom=2.1 meV, RMSE_F=435.3 meV / A, RMSE_Mu_per_atom=14.78 mDebye
2023-11-08 09:51:52.005 INFO: Epoch 748: loss=19.0992, RMSE_E_per_atom=2.1 meV, RMSE_F=436.8 meV / A, RMSE_Mu_per_atom=14.78 mDebye
2023-11-08 09:51:53.279 INFO: Epoch 750: loss=19.1315, RMSE_E_per_atom=2.2 meV, RMSE_F=437.1 meV / A, RMSE_Mu_per_atom=14.83 mDebye
2023-11-08 09:51:54.514 INFO: Epoch 752: loss=19.0360, RMSE_E_per_atom=2.0 meV, RMSE_F=436.1 meV / A, RMSE_Mu_per_atom=14.80 mDebye
2023-11-08 09:51:55.956 INFO: Epoch 754: loss=18.9566, RMSE_E_per_atom=2.0 meV, RMSE_F=435.1 meV / A, RMSE_Mu_per_atom=14.82 mDebye
2023-11-08 09:51:57.442 INFO: Epoch 756: loss=18.9355, RMSE_E_per_atom=2.0 meV, RMSE_F=434.9 meV / A, RMSE_Mu_per_atom=14.81 mDebye
2023-11-08 09:51:58.905 INFO: Epoch 758: loss=19.0864, RMSE_E_per_atom=2.1 meV, RMSE_F=436.6 meV / A, RMSE_Mu_per_atom=14.85 mDebye
2023-11-08 09:52:00.304 INFO: Epoch 760: loss=19.0455, RMSE_E_per_atom=2.1 meV, RMSE_F=436.2 meV / A, RMSE_Mu_per_atom=14.82 mDebye
2023-11-08 09:52:01.577 INFO: Epoch 762: loss=18.9057, RMSE_E_per_atom=2.0 meV, RMSE_F=434.6 meV / A, RMSE_Mu_per_atom=14.83 mDebye
2023-11-08 09:52:02.955 INFO: Epoch 764: loss=19.0774, RMSE_E_per_atom=2.1 meV, RMSE_F=436.5 meV / A, RMSE_Mu_per_atom=14.84 mDebye
2023-11-08 09:52:04.485 INFO: Epoch 766: loss=19.0140, RMSE_E_per_atom=2.1 meV, RMSE_F=435.8 meV / A, RMSE_Mu_per_atom=14.85 mDebye
2023-11-08 09:52:06.034 INFO: Epoch 768: loss=18.9644, RMSE_E_per_atom=2.0 meV, RMSE_F=435.2 meV / A, RMSE_Mu_per_atom=14.85 mDebye
2023-11-08 09:52:07.496 INFO: Epoch 770: loss=19.0625, RMSE_E_per_atom=2.1 meV, RMSE_F=436.4 meV / A, RMSE_Mu_per_atom=14.84 mDebye
2023-11-08 09:52:08.876 INFO: Epoch 772: loss=19.0302, RMSE_E_per_atom=2.0 meV, RMSE_F=436.0 meV / A, RMSE_Mu_per_atom=14.87 mDebye
2023-11-08 09:52:10.273 INFO: Epoch 774: loss=18.9920, RMSE_E_per_atom=2.1 meV, RMSE_F=435.5 meV / A, RMSE_Mu_per_atom=14.87 mDebye
2023-11-08 09:52:11.660 INFO: Epoch 776: loss=18.9548, RMSE_E_per_atom=2.0 meV, RMSE_F=435.1 meV / A, RMSE_Mu_per_atom=14.89 mDebye
2023-11-08 09:52:13.015 INFO: Epoch 778: loss=18.9591, RMSE_E_per_atom=2.1 meV, RMSE_F=435.2 meV / A, RMSE_Mu_per_atom=14.87 mDebye
2023-11-08 09:52:14.406 INFO: Epoch 780: loss=18.9889, RMSE_E_per_atom=2.1 meV, RMSE_F=435.5 meV / A, RMSE_Mu_per_atom=14.87 mDebye
2023-11-08 09:52:16.303 INFO: Epoch 782: loss=19.0849, RMSE_E_per_atom=2.2 meV, RMSE_F=436.6 meV / A, RMSE_Mu_per_atom=14.89 mDebye
2023-11-08 09:52:17.542 INFO: Epoch 784: loss=18.9173, RMSE_E_per_atom=2.0 meV, RMSE_F=434.7 meV / A, RMSE_Mu_per_atom=14.89 mDebye
2023-11-08 09:52:18.701 INFO: Epoch 786: loss=18.9750, RMSE_E_per_atom=2.1 meV, RMSE_F=435.3 meV / A, RMSE_Mu_per_atom=14.92 mDebye
2023-11-08 09:52:19.857 INFO: Epoch 788: loss=19.0007, RMSE_E_per_atom=2.1 meV, RMSE_F=435.6 meV / A, RMSE_Mu_per_atom=14.90 mDebye
2023-11-08 09:52:21.035 INFO: Epoch 790: loss=19.0533, RMSE_E_per_atom=2.1 meV, RMSE_F=436.2 meV / A, RMSE_Mu_per_atom=14.90 mDebye
2023-11-08 09:52:22.246 INFO: Epoch 792: loss=18.8779, RMSE_E_per_atom=2.1 meV, RMSE_F=434.2 meV / A, RMSE_Mu_per_atom=14.91 mDebye
2023-11-08 09:52:23.408 INFO: Epoch 794: loss=19.0112, RMSE_E_per_atom=2.0 meV, RMSE_F=435.8 meV / A, RMSE_Mu_per_atom=14.91 mDebye
2023-11-08 09:52:24.623 INFO: Epoch 796: loss=18.9741, RMSE_E_per_atom=2.1 meV, RMSE_F=435.3 meV / A, RMSE_Mu_per_atom=14.93 mDebye
2023-11-08 09:52:25.865 INFO: Epoch 798: loss=18.9956, RMSE_E_per_atom=2.1 meV, RMSE_F=435.6 meV / A, RMSE_Mu_per_atom=14.94 mDebye
2023-11-08 09:52:26.371 INFO: Changing loss based on SWA
2023-11-08 09:52:27.198 INFO: Epoch 800: loss=18.9298, RMSE_E_per_atom=3.7 meV, RMSE_F=434.7 meV / A, RMSE_Mu_per_atom=14.93 mDebye
2023-11-08 09:52:28.962 INFO: Epoch 802: loss=19.0942, RMSE_E_per_atom=2.6 meV, RMSE_F=436.6 meV / A, RMSE_Mu_per_atom=14.93 mDebye
2023-11-08 09:52:30.223 INFO: Epoch 804: loss=19.3149, RMSE_E_per_atom=2.5 meV, RMSE_F=439.2 meV / A, RMSE_Mu_per_atom=14.96 mDebye
2023-11-08 09:52:31.383 INFO: Epoch 806: loss=19.1304, RMSE_E_per_atom=2.1 meV, RMSE_F=437.1 meV / A, RMSE_Mu_per_atom=14.97 mDebye
2023-11-08 09:52:32.746 INFO: Epoch 808: loss=19.1962, RMSE_E_per_atom=2.3 meV, RMSE_F=437.8 meV / A, RMSE_Mu_per_atom=14.96 mDebye
2023-11-08 09:52:33.992 INFO: Epoch 810: loss=19.1911, RMSE_E_per_atom=3.1 meV, RMSE_F=437.7 meV / A, RMSE_Mu_per_atom=14.97 mDebye
2023-11-08 09:52:35.287 INFO: Epoch 812: loss=19.0947, RMSE_E_per_atom=2.8 meV, RMSE_F=436.6 meV / A, RMSE_Mu_per_atom=14.93 mDebye
2023-11-08 09:52:36.619 INFO: Epoch 814: loss=18.8941, RMSE_E_per_atom=3.3 meV, RMSE_F=434.3 meV / A, RMSE_Mu_per_atom=14.97 mDebye
2023-11-08 09:52:38.665 INFO: Epoch 816: loss=19.1602, RMSE_E_per_atom=2.6 meV, RMSE_F=437.4 meV / A, RMSE_Mu_per_atom=15.00 mDebye
2023-11-08 09:52:39.967 INFO: Epoch 818: loss=19.1240, RMSE_E_per_atom=2.3 meV, RMSE_F=437.0 meV / A, RMSE_Mu_per_atom=14.97 mDebye
2023-11-08 09:52:41.200 INFO: Epoch 820: loss=19.1346, RMSE_E_per_atom=2.9 meV, RMSE_F=437.1 meV / A, RMSE_Mu_per_atom=14.98 mDebye
2023-11-08 09:52:42.190 INFO: Epoch 822: loss=19.1201, RMSE_E_per_atom=2.4 meV, RMSE_F=436.9 meV / A, RMSE_Mu_per_atom=14.98 mDebye
2023-11-08 09:52:43.303 INFO: Epoch 824: loss=19.2774, RMSE_E_per_atom=2.3 meV, RMSE_F=438.7 meV / A, RMSE_Mu_per_atom=15.00 mDebye
2023-11-08 09:52:44.423 INFO: Epoch 826: loss=19.2320, RMSE_E_per_atom=2.4 meV, RMSE_F=438.2 meV / A, RMSE_Mu_per_atom=15.02 mDebye
2023-11-08 09:52:45.578 INFO: Epoch 828: loss=18.9818, RMSE_E_per_atom=2.3 meV, RMSE_F=435.4 meV / A, RMSE_Mu_per_atom=15.03 mDebye
2023-11-08 09:52:46.658 INFO: Epoch 830: loss=19.0912, RMSE_E_per_atom=3.2 meV, RMSE_F=436.6 meV / A, RMSE_Mu_per_atom=15.01 mDebye
2023-11-08 09:52:47.883 INFO: Epoch 832: loss=19.1477, RMSE_E_per_atom=4.5 meV, RMSE_F=437.1 meV / A, RMSE_Mu_per_atom=15.03 mDebye
2023-11-08 09:52:49.636 INFO: Epoch 834: loss=18.9364, RMSE_E_per_atom=6.6 meV, RMSE_F=434.4 meV / A, RMSE_Mu_per_atom=15.04 mDebye
2023-11-08 09:52:50.791 INFO: Epoch 836: loss=18.8121, RMSE_E_per_atom=7.1 meV, RMSE_F=432.9 meV / A, RMSE_Mu_per_atom=15.04 mDebye
2023-11-08 09:52:52.311 INFO: Epoch 838: loss=18.9164, RMSE_E_per_atom=6.4 meV, RMSE_F=434.2 meV / A, RMSE_Mu_per_atom=15.05 mDebye
2023-11-08 09:52:53.488 INFO: Epoch 840: loss=19.1280, RMSE_E_per_atom=5.4 meV, RMSE_F=436.8 meV / A, RMSE_Mu_per_atom=15.07 mDebye
2023-11-08 09:52:54.763 INFO: Epoch 842: loss=18.9177, RMSE_E_per_atom=5.2 meV, RMSE_F=434.4 meV / A, RMSE_Mu_per_atom=15.06 mDebye
2023-11-08 09:52:55.902 INFO: Epoch 844: loss=19.1095, RMSE_E_per_atom=3.3 meV, RMSE_F=436.8 meV / A, RMSE_Mu_per_atom=15.09 mDebye
2023-11-08 09:52:57.005 INFO: Epoch 846: loss=19.3378, RMSE_E_per_atom=2.2 meV, RMSE_F=439.4 meV / A, RMSE_Mu_per_atom=15.10 mDebye
2023-11-08 09:52:58.705 INFO: Epoch 848: loss=19.1479, RMSE_E_per_atom=2.3 meV, RMSE_F=437.3 meV / A, RMSE_Mu_per_atom=15.08 mDebye
2023-11-08 09:53:01.079 INFO: Epoch 850: loss=19.4818, RMSE_E_per_atom=2.8 meV, RMSE_F=441.0 meV / A, RMSE_Mu_per_atom=15.12 mDebye
2023-11-08 09:53:03.315 INFO: Epoch 852: loss=19.3413, RMSE_E_per_atom=2.4 meV, RMSE_F=439.5 meV / A, RMSE_Mu_per_atom=15.11 mDebye
2023-11-08 09:53:05.551 INFO: Epoch 854: loss=19.1121, RMSE_E_per_atom=2.3 meV, RMSE_F=436.9 meV / A, RMSE_Mu_per_atom=15.11 mDebye
2023-11-08 09:53:07.958 INFO: Epoch 856: loss=19.2170, RMSE_E_per_atom=2.9 meV, RMSE_F=438.0 meV / A, RMSE_Mu_per_atom=15.12 mDebye
2023-11-08 09:53:10.105 INFO: Epoch 858: loss=19.0253, RMSE_E_per_atom=4.2 meV, RMSE_F=435.7 meV / A, RMSE_Mu_per_atom=15.10 mDebye
2023-11-08 09:53:11.376 INFO: Epoch 860: loss=19.1255, RMSE_E_per_atom=4.3 meV, RMSE_F=436.9 meV / A, RMSE_Mu_per_atom=15.13 mDebye
2023-11-08 09:53:12.525 INFO: Epoch 862: loss=19.1012, RMSE_E_per_atom=3.4 meV, RMSE_F=436.7 meV / A, RMSE_Mu_per_atom=15.14 mDebye
2023-11-08 09:53:13.642 INFO: Epoch 864: loss=19.1706, RMSE_E_per_atom=3.5 meV, RMSE_F=437.4 meV / A, RMSE_Mu_per_atom=15.14 mDebye
2023-11-08 09:53:14.718 INFO: Epoch 866: loss=19.2493, RMSE_E_per_atom=2.4 meV, RMSE_F=438.4 meV / A, RMSE_Mu_per_atom=15.17 mDebye
2023-11-08 09:53:15.820 INFO: Epoch 868: loss=18.9838, RMSE_E_per_atom=3.6 meV, RMSE_F=435.3 meV / A, RMSE_Mu_per_atom=15.16 mDebye
2023-11-08 09:53:17.040 INFO: Epoch 870: loss=19.0474, RMSE_E_per_atom=4.7 meV, RMSE_F=435.9 meV / A, RMSE_Mu_per_atom=15.16 mDebye
2023-11-08 09:53:18.102 INFO: Epoch 872: loss=19.2629, RMSE_E_per_atom=2.7 meV, RMSE_F=438.6 meV / A, RMSE_Mu_per_atom=15.20 mDebye
2023-11-08 09:53:19.231 INFO: Epoch 874: loss=19.2323, RMSE_E_per_atom=2.3 meV, RMSE_F=438.2 meV / A, RMSE_Mu_per_atom=15.21 mDebye
2023-11-08 09:53:20.393 INFO: Epoch 876: loss=19.2204, RMSE_E_per_atom=2.3 meV, RMSE_F=438.1 meV / A, RMSE_Mu_per_atom=15.20 mDebye
2023-11-08 09:53:21.685 INFO: Epoch 878: loss=19.2728, RMSE_E_per_atom=2.1 meV, RMSE_F=438.7 meV / A, RMSE_Mu_per_atom=15.21 mDebye
2023-11-08 09:53:23.579 INFO: Epoch 880: loss=19.2034, RMSE_E_per_atom=2.7 meV, RMSE_F=437.9 meV / A, RMSE_Mu_per_atom=15.24 mDebye
2023-11-08 09:53:24.887 INFO: Epoch 882: loss=19.4793, RMSE_E_per_atom=3.1 meV, RMSE_F=441.0 meV / A, RMSE_Mu_per_atom=15.22 mDebye
2023-11-08 09:53:26.280 INFO: Epoch 884: loss=19.2601, RMSE_E_per_atom=2.2 meV, RMSE_F=438.5 meV / A, RMSE_Mu_per_atom=15.23 mDebye
2023-11-08 09:53:27.826 INFO: Epoch 886: loss=19.0763, RMSE_E_per_atom=2.1 meV, RMSE_F=436.5 meV / A, RMSE_Mu_per_atom=15.23 mDebye
2023-11-08 09:53:29.107 INFO: Epoch 888: loss=19.1365, RMSE_E_per_atom=4.0 meV, RMSE_F=437.0 meV / A, RMSE_Mu_per_atom=15.25 mDebye
2023-11-08 09:53:30.540 INFO: Epoch 890: loss=19.2309, RMSE_E_per_atom=2.5 meV, RMSE_F=438.2 meV / A, RMSE_Mu_per_atom=15.26 mDebye
2023-11-08 09:53:31.977 INFO: Epoch 892: loss=19.0031, RMSE_E_per_atom=4.2 meV, RMSE_F=435.5 meV / A, RMSE_Mu_per_atom=15.24 mDebye
2023-11-08 09:53:33.198 INFO: Epoch 894: loss=19.0089, RMSE_E_per_atom=5.1 meV, RMSE_F=435.4 meV / A, RMSE_Mu_per_atom=15.25 mDebye
2023-11-08 09:53:34.397 INFO: Epoch 896: loss=18.9880, RMSE_E_per_atom=5.6 meV, RMSE_F=435.1 meV / A, RMSE_Mu_per_atom=15.27 mDebye
2023-11-08 09:53:35.671 INFO: Epoch 898: loss=18.9664, RMSE_E_per_atom=5.7 meV, RMSE_F=434.9 meV / A, RMSE_Mu_per_atom=15.28 mDebye
2023-11-08 09:53:36.904 INFO: Epoch 900: loss=19.3464, RMSE_E_per_atom=4.6 meV, RMSE_F=439.3 meV / A, RMSE_Mu_per_atom=15.29 mDebye
2023-11-08 09:53:38.045 INFO: Epoch 902: loss=19.0607, RMSE_E_per_atom=4.2 meV, RMSE_F=436.1 meV / A, RMSE_Mu_per_atom=15.27 mDebye
2023-11-08 09:53:39.306 INFO: Epoch 904: loss=19.2568, RMSE_E_per_atom=2.6 meV, RMSE_F=438.5 meV / A, RMSE_Mu_per_atom=15.32 mDebye
2023-11-08 09:53:40.725 INFO: Epoch 906: loss=19.2738, RMSE_E_per_atom=2.8 meV, RMSE_F=438.7 meV / A, RMSE_Mu_per_atom=15.31 mDebye
2023-11-08 09:53:42.066 INFO: Epoch 908: loss=19.2344, RMSE_E_per_atom=3.2 meV, RMSE_F=438.2 meV / A, RMSE_Mu_per_atom=15.30 mDebye
2023-11-08 09:53:43.271 INFO: Epoch 910: loss=19.0054, RMSE_E_per_atom=4.8 meV, RMSE_F=435.4 meV / A, RMSE_Mu_per_atom=15.30 mDebye
2023-11-08 09:53:44.719 INFO: Epoch 912: loss=18.9747, RMSE_E_per_atom=6.1 meV, RMSE_F=434.9 meV / A, RMSE_Mu_per_atom=15.31 mDebye
2023-11-08 09:53:46.136 INFO: Epoch 914: loss=18.9339, RMSE_E_per_atom=6.7 meV, RMSE_F=434.3 meV / A, RMSE_Mu_per_atom=15.32 mDebye
2023-11-08 09:53:47.383 INFO: Epoch 916: loss=19.1243, RMSE_E_per_atom=4.4 meV, RMSE_F=436.8 meV / A, RMSE_Mu_per_atom=15.34 mDebye
2023-11-08 09:53:48.690 INFO: Epoch 918: loss=19.1610, RMSE_E_per_atom=3.8 meV, RMSE_F=437.3 meV / A, RMSE_Mu_per_atom=15.35 mDebye
2023-11-08 09:53:49.919 INFO: Epoch 920: loss=19.4669, RMSE_E_per_atom=2.3 meV, RMSE_F=440.9 meV / A, RMSE_Mu_per_atom=15.36 mDebye
2023-11-08 09:53:51.178 INFO: Epoch 922: loss=19.2798, RMSE_E_per_atom=2.9 meV, RMSE_F=438.7 meV / A, RMSE_Mu_per_atom=15.37 mDebye
2023-11-08 09:53:52.609 INFO: Epoch 924: loss=19.1950, RMSE_E_per_atom=2.7 meV, RMSE_F=437.8 meV / A, RMSE_Mu_per_atom=15.36 mDebye
2023-11-08 09:53:53.974 INFO: Epoch 926: loss=19.1128, RMSE_E_per_atom=3.8 meV, RMSE_F=436.7 meV / A, RMSE_Mu_per_atom=15.36 mDebye
2023-11-08 09:53:55.322 INFO: Epoch 928: loss=19.1210, RMSE_E_per_atom=3.8 meV, RMSE_F=436.8 meV / A, RMSE_Mu_per_atom=15.38 mDebye
2023-11-08 09:53:57.111 INFO: Epoch 930: loss=19.1929, RMSE_E_per_atom=3.2 meV, RMSE_F=437.7 meV / A, RMSE_Mu_per_atom=15.39 mDebye
2023-11-08 09:53:58.403 INFO: Epoch 932: loss=19.1696, RMSE_E_per_atom=4.4 meV, RMSE_F=437.3 meV / A, RMSE_Mu_per_atom=15.39 mDebye
2023-11-08 09:54:00.021 INFO: Epoch 934: loss=19.1983, RMSE_E_per_atom=5.1 meV, RMSE_F=437.6 meV / A, RMSE_Mu_per_atom=15.38 mDebye
2023-11-08 09:54:02.516 INFO: Epoch 936: loss=19.1994, RMSE_E_per_atom=3.2 meV, RMSE_F=437.8 meV / A, RMSE_Mu_per_atom=15.40 mDebye
2023-11-08 09:54:04.356 INFO: Epoch 938: loss=19.2105, RMSE_E_per_atom=3.8 meV, RMSE_F=437.9 meV / A, RMSE_Mu_per_atom=15.42 mDebye
2023-11-08 09:54:05.621 INFO: Epoch 940: loss=19.2748, RMSE_E_per_atom=3.8 meV, RMSE_F=438.6 meV / A, RMSE_Mu_per_atom=15.44 mDebye
2023-11-08 09:54:06.825 INFO: Epoch 942: loss=19.0234, RMSE_E_per_atom=5.4 meV, RMSE_F=435.6 meV / A, RMSE_Mu_per_atom=15.43 mDebye
2023-11-08 09:54:08.162 INFO: Epoch 944: loss=18.8764, RMSE_E_per_atom=7.0 meV, RMSE_F=433.6 meV / A, RMSE_Mu_per_atom=15.42 mDebye
2023-11-08 09:54:09.556 INFO: Epoch 946: loss=19.0046, RMSE_E_per_atom=5.5 meV, RMSE_F=435.3 meV / A, RMSE_Mu_per_atom=15.44 mDebye
2023-11-08 09:54:10.897 INFO: Epoch 948: loss=19.3559, RMSE_E_per_atom=4.2 meV, RMSE_F=439.5 meV / A, RMSE_Mu_per_atom=15.47 mDebye
2023-11-08 09:54:12.196 INFO: Epoch 950: loss=19.4286, RMSE_E_per_atom=3.3 meV, RMSE_F=440.4 meV / A, RMSE_Mu_per_atom=15.45 mDebye
2023-11-08 09:54:13.555 INFO: Epoch 952: loss=19.1870, RMSE_E_per_atom=4.4 meV, RMSE_F=437.5 meV / A, RMSE_Mu_per_atom=15.45 mDebye
2023-11-08 09:54:14.954 INFO: Epoch 954: loss=19.0366, RMSE_E_per_atom=3.7 meV, RMSE_F=435.9 meV / A, RMSE_Mu_per_atom=15.46 mDebye
2023-11-08 09:54:16.535 INFO: Epoch 956: loss=19.1929, RMSE_E_per_atom=3.7 meV, RMSE_F=437.7 meV / A, RMSE_Mu_per_atom=15.47 mDebye
2023-11-08 09:54:18.288 INFO: Epoch 958: loss=19.3225, RMSE_E_per_atom=3.0 meV, RMSE_F=439.2 meV / A, RMSE_Mu_per_atom=15.48 mDebye
2023-11-08 09:54:19.522 INFO: Epoch 960: loss=19.4120, RMSE_E_per_atom=3.0 meV, RMSE_F=440.2 meV / A, RMSE_Mu_per_atom=15.50 mDebye
2023-11-08 09:54:20.854 INFO: Epoch 962: loss=19.1797, RMSE_E_per_atom=2.8 meV, RMSE_F=437.6 meV / A, RMSE_Mu_per_atom=15.51 mDebye
2023-11-08 09:54:22.101 INFO: Epoch 964: loss=19.1924, RMSE_E_per_atom=2.9 meV, RMSE_F=437.7 meV / A, RMSE_Mu_per_atom=15.51 mDebye
2023-11-08 09:54:23.344 INFO: Epoch 966: loss=19.2492, RMSE_E_per_atom=3.3 meV, RMSE_F=438.3 meV / A, RMSE_Mu_per_atom=15.52 mDebye
2023-11-08 09:54:24.710 INFO: Epoch 968: loss=19.2177, RMSE_E_per_atom=3.2 meV, RMSE_F=438.0 meV / A, RMSE_Mu_per_atom=15.53 mDebye
2023-11-08 09:54:26.094 INFO: Epoch 970: loss=19.1523, RMSE_E_per_atom=3.9 meV, RMSE_F=437.2 meV / A, RMSE_Mu_per_atom=15.51 mDebye
2023-11-08 09:54:27.406 INFO: Epoch 972: loss=19.3205, RMSE_E_per_atom=3.8 meV, RMSE_F=439.1 meV / A, RMSE_Mu_per_atom=15.54 mDebye
2023-11-08 09:54:28.605 INFO: Epoch 974: loss=19.2555, RMSE_E_per_atom=3.2 meV, RMSE_F=438.4 meV / A, RMSE_Mu_per_atom=15.54 mDebye
2023-11-08 09:54:30.396 INFO: Epoch 976: loss=19.1942, RMSE_E_per_atom=2.4 meV, RMSE_F=437.8 meV / A, RMSE_Mu_per_atom=15.56 mDebye
2023-11-08 09:54:31.822 INFO: Epoch 978: loss=19.1270, RMSE_E_per_atom=3.2 meV, RMSE_F=437.0 meV / A, RMSE_Mu_per_atom=15.55 mDebye
2023-11-08 09:54:33.143 INFO: Epoch 980: loss=19.1951, RMSE_E_per_atom=4.1 meV, RMSE_F=437.7 meV / A, RMSE_Mu_per_atom=15.56 mDebye
2023-11-08 09:54:34.540 INFO: Epoch 982: loss=19.0914, RMSE_E_per_atom=4.7 meV, RMSE_F=436.4 meV / A, RMSE_Mu_per_atom=15.56 mDebye
2023-11-08 09:54:35.968 INFO: Epoch 984: loss=19.3535, RMSE_E_per_atom=3.5 meV, RMSE_F=439.5 meV / A, RMSE_Mu_per_atom=15.58 mDebye
2023-11-08 09:54:37.408 INFO: Epoch 986: loss=19.2520, RMSE_E_per_atom=3.3 meV, RMSE_F=438.4 meV / A, RMSE_Mu_per_atom=15.57 mDebye
2023-11-08 09:54:39.105 INFO: Epoch 988: loss=19.3238, RMSE_E_per_atom=2.3 meV, RMSE_F=439.3 meV / A, RMSE_Mu_per_atom=15.60 mDebye
2023-11-08 09:54:40.877 INFO: Epoch 990: loss=19.3945, RMSE_E_per_atom=2.3 meV, RMSE_F=440.1 meV / A, RMSE_Mu_per_atom=15.61 mDebye
2023-11-08 09:54:42.255 INFO: Epoch 992: loss=19.3037, RMSE_E_per_atom=2.4 meV, RMSE_F=439.0 meV / A, RMSE_Mu_per_atom=15.61 mDebye
2023-11-08 09:54:43.596 INFO: Epoch 994: loss=19.3675, RMSE_E_per_atom=2.3 meV, RMSE_F=439.7 meV / A, RMSE_Mu_per_atom=15.62 mDebye
2023-11-08 09:54:44.956 INFO: Epoch 996: loss=19.2656, RMSE_E_per_atom=3.2 meV, RMSE_F=438.5 meV / A, RMSE_Mu_per_atom=15.62 mDebye
2023-11-08 09:54:46.438 INFO: Epoch 998: loss=19.2197, RMSE_E_per_atom=2.7 meV, RMSE_F=438.0 meV / A, RMSE_Mu_per_atom=15.64 mDebye
2023-11-08 09:54:47.093 INFO: Training complete
2023-11-08 09:54:47.094 INFO: Computing metrics for training, validation, and test sets
2023-11-08 09:54:47.095 INFO: Loading checkpoint: checkpoints/ox_es1_rattled_50x1b_run-2345_epoch-150.pt
2023-11-08 09:54:47.183 INFO: Loaded model from epoch 150
2023-11-08 09:54:47.211 INFO: Evaluating train ...
2023-11-08 09:54:47.309 INFO: Evaluating valid ...
2023-11-08 09:54:47.357 INFO: Evaluating Default ...
2023-11-08 09:54:47.472 INFO: 
+-------------+---------------------+------------------+--------------+-------------------------+---------------+
| config_type | RMSE E / meV / atom | RMSE F / meV / A | rel F RMSE % | RMSE MU / mDebye / atom | rel MU RMSE % |
+-------------+---------------------+------------------+--------------+-------------------------+---------------+
|    train    |        647.6        |      294.9       |     11.4     |           26.2          |      83.3     |
|    valid    |        651.5        |      298.3       |     12.1     |           23.6          |      94.6     |
|   Default   |        647.8        |      295.1       |     11.4     |           26.1          |      83.6     |
+-------------+---------------------+------------------+--------------+-------------------------+---------------+
2023-11-08 09:54:47.472 INFO: Saving model to checkpoints/ox_es1_rattled_50x1b_run-2345.model
2023-11-08 09:54:48.467 INFO: Loading checkpoint: checkpoints/ox_es1_rattled_50x1b_run-2345_epoch-836_swa.pt
2023-11-08 09:54:48.596 INFO: Loaded model from epoch 836
2023-11-08 09:54:48.624 INFO: Evaluating train ...
2023-11-08 09:54:48.722 INFO: Evaluating valid ...
2023-11-08 09:54:48.770 INFO: Evaluating Default ...
2023-11-08 09:54:48.884 INFO: 
+-------------+---------------------+------------------+--------------+-------------------------+---------------+
| config_type | RMSE E / meV / atom | RMSE F / meV / A | rel F RMSE % | RMSE MU / mDebye / atom | rel MU RMSE % |
+-------------+---------------------+------------------+--------------+-------------------------+---------------+
|    train    |         6.1         |       32.5       |     1.3      |           17.7          |      56.3     |
|    valid    |         7.1         |      432.9       |     17.6     |           15.0          |      60.4     |
|   Default   |         6.1         |       92.2       |     3.6      |           17.6          |      56.4     |
+-------------+---------------------+------------------+--------------+-------------------------+---------------+
2023-11-08 09:54:48.884 INFO: Saving model to checkpoints/ox_es1_rattled_50x1b_run-2345_swa.model
2023-11-08 09:54:49.725 INFO: Done
