2023-12-06 15:55:20.116 INFO: MACE version: 0.2.0
2023-12-06 15:55:20.116 INFO: Configuration: Namespace(name='ox_es1_rattled_50x1c', seed=3456, log_dir='logs', model_dir='.', checkpoints_dir='checkpoints', results_dir='results', downloads_dir='downloads', device='cuda', default_dtype='float64', log_level='INFO', error_table='EnergyDipoleRMSE', model='EnergyDipolesMACE', r_max=5.0, num_radial_basis=8, num_cutoff_basis=5, interaction='RealAgnosticResidualInteractionBlock', interaction_first='RealAgnosticResidualInteractionBlock', max_ell=3, correlation=3, num_interactions=2, MLP_irreps='16x0e', radial_MLP='[64, 64, 64]', hidden_irreps='32x0e + 32x1o + 32x2e', num_channels=None, max_L=None, gate='silu', scaling='rms_forces_scaling', avg_num_neighbors=1.0, compute_avg_num_neighbors=True, compute_stress=True, compute_forces=True, train_file='ox_es1_rattled_50x1c_train.xyz', valid_file=None, valid_fraction=0.05, test_file='ox_es1_rattled_50x1c_train.xyz', E0s='{6: -1034.7672562939947, 1: -13.74018495096079, 8: -2057.26969300199}', energy_key='energy', forces_key='forces', virials_key='virials', stress_key='stress', dipole_key='dipole', charges_key='charges', loss='energy_forces_dipole', forces_weight=100.0, swa_forces_weight=100.0, energy_weight=1.0, swa_energy_weight=1000.0, virials_weight=1.0, swa_virials_weight=10.0, stress_weight=1.0, swa_stress_weight=10.0, dipole_weight=1.0, swa_dipole_weight=1.0, config_type_weights='{"Default":1.0}', huber_delta=0.01, optimizer='adam', batch_size=16, valid_batch_size=16, lr=0.01, swa_lr=0.001, weight_decay=5e-07, amsgrad=True, scheduler='ReduceLROnPlateau', lr_factor=0.8, scheduler_patience=50, lr_scheduler_gamma=0.9993, swa=True, start_swa=800, ema=False, ema_decay=0.99, max_num_epochs=1000, patience=2048, eval_interval=2, keep_checkpoints=False, restart_latest=True, save_cpu=False, clip_grad=10.0, wandb=False, wandb_project='', wandb_entity='', wandb_name='', wandb_log_hypers=['num_channels', 'max_L', 'correlation', 'lr', 'swa_lr', 'weight_decay', 'batch_size', 'max_num_epochs', 'start_swa', 'energy_weight', 'forces_weight'])
2023-12-06 15:55:20.151 INFO: CUDA version: 11.7, CUDA device: 0
2023-12-06 15:55:20.172 INFO: Loaded 50 training configurations from 'ox_es1_rattled_50x1c_train.xyz'
2023-12-06 15:55:20.172 INFO: Using random 5.0% of training set for validation
2023-12-06 15:55:20.187 INFO: Loaded 50 test configurations from 'ox_es1_rattled_50x1c_train.xyz'
2023-12-06 15:55:20.187 INFO: Total number of configurations: train=48, valid=2, tests=[Default: 50]
2023-12-06 15:55:20.187 INFO: AtomicNumberTable: (1, 6, 8)
2023-12-06 15:55:20.187 INFO: Atomic Energies not in training file, using command line argument E0s
2023-12-06 15:55:20.187 INFO: Atomic energies: [-13.74018495096079, -1034.7672562939947, -2057.26969300199]
2023-12-06 15:55:20.231 INFO: WeightedEnergyForcesDipoleLoss(energy_weight=1.000, forces_weight=100.000, dipole_weight=1.000)
2023-12-06 15:55:20.236 INFO: Average number of neighbors: 6.0
2023-12-06 15:55:20.236 INFO: Selected the following outputs: {'energy': True, 'forces': True, 'virials': False, 'stress': False, 'dipoles': True}
2023-12-06 15:55:20.236 INFO: Building model
2023-12-06 15:55:20.236 INFO: Hidden irreps: 32x0e + 32x1o + 32x2e
2023-12-06 15:55:21.668 INFO: Using stochastic weight averaging (after 800 epochs) with energy weight : 1000.0, forces weight : 100.0, dipole weight : 1.0 and learning rate : 0.001
2023-12-06 15:55:21.731 WARNING: Cannot find checkpoint with tag 'ox_es1_rattled_50x1c_run-3456' in 'checkpoints'
2023-12-06 15:55:21.731 INFO: EnergyDipolesMACE(
  (node_embedding): LinearNodeEmbeddingBlock(
    (linear): Linear(3x0e -> 32x0e | 96 weights)
  )
  (radial_embedding): RadialEmbeddingBlock(
    (bessel_fn): BesselBasis(r_max=5.0, num_basis=8, trainable=False)
    (cutoff_fn): PolynomialCutoff(p=5.0, r_max=5.0)
  )
  (spherical_harmonics): SphericalHarmonics()
  (atomic_energies_fn): AtomicEnergiesBlock(energies=[-13.7402, -1034.7673, -2057.2697])
  (interactions): ModuleList(
    (0): RealAgnosticInteractionBlock(
      (linear_up): Linear(32x0e -> 32x0e | 1024 weights)
      (conv_tp): TensorProduct(32x0e x 1x0e+1x1o+1x2e+1x3o -> 32x0e+32x1o+32x2e+32x3o | 128 paths | 128 weights)
      (conv_tp_weights): FullyConnectedNet[8, 64, 64, 64, 128]
      (linear): Linear(32x0e+32x1o+32x2e+32x3o -> 32x0e+32x1o+32x2e+32x3o | 4096 weights)
      (skip_tp): FullyConnectedTensorProduct(32x0e+32x1o+32x2e+32x3o x 3x0e -> 32x0e+32x1o+32x2e+32x3o | 12288 paths | 12288 weights)
      (reshape): reshape_irreps()
    )
    (1): RealAgnosticResidualInteractionBlock(
      (linear_up): Linear(32x0e+32x1o+32x2e -> 32x0e+32x1o+32x2e | 3072 weights)
      (conv_tp): TensorProduct(32x0e+32x1o+32x2e x 1x0e+1x1o+1x2e+1x3o -> 96x0e+160x1o+160x2e+128x3o | 544 paths | 544 weights)
      (conv_tp_weights): FullyConnectedNet[8, 64, 64, 64, 544]
      (linear): Linear(96x0e+160x1o+160x2e+128x3o -> 32x0e+32x1o+32x2e+32x3o | 17408 weights)
      (skip_tp): FullyConnectedTensorProduct(32x0e+32x1o+32x2e x 3x0e -> 32x0e+32x1o | 6144 paths | 6144 weights)
      (reshape): reshape_irreps()
    )
  )
  (products): ModuleList(
    (0): EquivariantProductBasisBlock(
      (symmetric_contractions): SymmetricContraction(
        (contractions): ModuleList(
          (0): Contraction(
            (contractions_weighting): ModuleList(
              (0-1): 2 x GraphModule()
            )
            (contractions_features): ModuleList(
              (0-1): 2 x GraphModule()
            )
            (weights): ParameterList(
                (0): Parameter containing: [torch.float64 of size 3x4x32 (GPU 0)]
                (1): Parameter containing: [torch.float64 of size 3x1x32 (GPU 0)]
            )
            (graph_opt_main): GraphModule()
          )
          (1): Contraction(
            (contractions_weighting): ModuleList(
              (0-1): 2 x GraphModule()
            )
            (contractions_features): ModuleList(
              (0-1): 2 x GraphModule()
            )
            (weights): ParameterList(
                (0): Parameter containing: [torch.float64 of size 3x6x32 (GPU 0)]
                (1): Parameter containing: [torch.float64 of size 3x1x32 (GPU 0)]
            )
            (graph_opt_main): GraphModule()
          )
          (2): Contraction(
            (contractions_weighting): ModuleList(
              (0-1): 2 x GraphModule()
            )
            (contractions_features): ModuleList(
              (0-1): 2 x GraphModule()
            )
            (weights): ParameterList(
                (0): Parameter containing: [torch.float64 of size 3x7x32 (GPU 0)]
                (1): Parameter containing: [torch.float64 of size 3x1x32 (GPU 0)]
            )
            (graph_opt_main): GraphModule()
          )
        )
      )
      (linear): Linear(32x0e+32x1o+32x2e -> 32x0e+32x1o+32x2e | 3072 weights)
    )
    (1): EquivariantProductBasisBlock(
      (symmetric_contractions): SymmetricContraction(
        (contractions): ModuleList(
          (0): Contraction(
            (contractions_weighting): ModuleList(
              (0-1): 2 x GraphModule()
            )
            (contractions_features): ModuleList(
              (0-1): 2 x GraphModule()
            )
            (weights): ParameterList(
                (0): Parameter containing: [torch.float64 of size 3x4x32 (GPU 0)]
                (1): Parameter containing: [torch.float64 of size 3x1x32 (GPU 0)]
            )
            (graph_opt_main): GraphModule()
          )
          (1): Contraction(
            (contractions_weighting): ModuleList(
              (0-1): 2 x GraphModule()
            )
            (contractions_features): ModuleList(
              (0-1): 2 x GraphModule()
            )
            (weights): ParameterList(
                (0): Parameter containing: [torch.float64 of size 3x6x32 (GPU 0)]
                (1): Parameter containing: [torch.float64 of size 3x1x32 (GPU 0)]
            )
            (graph_opt_main): GraphModule()
          )
        )
      )
      (linear): Linear(32x0e+32x1o -> 32x0e+32x1o | 2048 weights)
    )
  )
  (readouts): ModuleList(
    (0): LinearDipoleReadoutBlock(
      (linear): Linear(32x0e+32x1o+32x2e -> 1x0e+1x1o | 64 weights)
    )
    (1): NonLinearDipoleReadoutBlock(
      (equivariant_nonlin): Gate (16x0e -> 16x0e)
      (linear_1): Linear(32x0e+32x1o -> 16x0e | 512 weights)
      (linear_2): Linear(16x0e -> 1x0e+1x1o | 16 weights)
    )
  )
)
2023-12-06 15:55:21.733 INFO: Number of parameters: 133776
2023-12-06 15:55:21.733 INFO: Optimizer: Adam (
Parameter Group 0
    amsgrad: True
    betas: (0.9, 0.999)
    capturable: False
    differentiable: False
    eps: 1e-08
    foreach: None
    fused: None
    initial_lr: 0.01
    lr: 0.01
    maximize: False
    name: embedding
    swa_lr: 0.001
    weight_decay: 0.0

Parameter Group 1
    amsgrad: True
    betas: (0.9, 0.999)
    capturable: False
    differentiable: False
    eps: 1e-08
    foreach: None
    fused: None
    initial_lr: 0.01
    lr: 0.01
    maximize: False
    name: interactions_decay
    swa_lr: 0.001
    weight_decay: 5e-07

Parameter Group 2
    amsgrad: True
    betas: (0.9, 0.999)
    capturable: False
    differentiable: False
    eps: 1e-08
    foreach: None
    fused: None
    initial_lr: 0.01
    lr: 0.01
    maximize: False
    name: interactions_no_decay
    swa_lr: 0.001
    weight_decay: 0.0

Parameter Group 3
    amsgrad: True
    betas: (0.9, 0.999)
    capturable: False
    differentiable: False
    eps: 1e-08
    foreach: None
    fused: None
    initial_lr: 0.01
    lr: 0.01
    maximize: False
    name: products
    swa_lr: 0.001
    weight_decay: 5e-07

Parameter Group 4
    amsgrad: True
    betas: (0.9, 0.999)
    capturable: False
    differentiable: False
    eps: 1e-08
    foreach: None
    fused: None
    initial_lr: 0.01
    lr: 0.01
    maximize: False
    name: readouts
    swa_lr: 0.001
    weight_decay: 0.0
)
2023-12-06 15:55:21.733 INFO: Using gradient clipping with tolerance=10.000
2023-12-06 15:55:21.733 INFO: Started training
2023-12-06 15:55:27.210 INFO: Epoch 0: loss=140.7263, RMSE_E_per_atom=1200.8 meV, RMSE_F=1180.0 meV / A, RMSE_Mu_per_atom=23.68 mDebye
2023-12-06 15:55:31.566 INFO: Epoch 2: loss=357.9740, RMSE_E_per_atom=1436.7 meV, RMSE_F=1886.4 meV / A, RMSE_Mu_per_atom=23.82 mDebye
2023-12-06 15:55:32.130 INFO: Epoch 4: loss=145.6747, RMSE_E_per_atom=1685.2 meV, RMSE_F=1195.0 meV / A, RMSE_Mu_per_atom=19.81 mDebye
2023-12-06 15:55:32.698 INFO: Epoch 6: loss=79.0850, RMSE_E_per_atom=1721.0 meV, RMSE_F=872.2 meV / A, RMSE_Mu_per_atom=22.69 mDebye
2023-12-06 15:55:33.557 INFO: Epoch 8: loss=123.9933, RMSE_E_per_atom=1575.2 meV, RMSE_F=1102.0 meV / A, RMSE_Mu_per_atom=26.26 mDebye
2023-12-06 15:55:34.118 INFO: Epoch 10: loss=67.1208, RMSE_E_per_atom=1648.1 meV, RMSE_F=802.2 meV / A, RMSE_Mu_per_atom=21.53 mDebye
2023-12-06 15:55:34.947 INFO: Epoch 12: loss=56.0334, RMSE_E_per_atom=1553.2 meV, RMSE_F=732.0 meV / A, RMSE_Mu_per_atom=19.94 mDebye
2023-12-06 15:55:35.786 INFO: Epoch 14: loss=54.0714, RMSE_E_per_atom=1521.6 meV, RMSE_F=719.2 meV / A, RMSE_Mu_per_atom=19.34 mDebye
2023-12-06 15:55:36.618 INFO: Epoch 16: loss=60.5260, RMSE_E_per_atom=1424.5 meV, RMSE_F=764.6 meV / A, RMSE_Mu_per_atom=17.98 mDebye
2023-12-06 15:55:37.180 INFO: Epoch 18: loss=135.3898, RMSE_E_per_atom=1346.0 meV, RMSE_F=1155.7 meV / A, RMSE_Mu_per_atom=14.68 mDebye
2023-12-06 15:55:37.749 INFO: Epoch 20: loss=49.4139, RMSE_E_per_atom=1281.1 meV, RMSE_F=690.9 meV / A, RMSE_Mu_per_atom=18.57 mDebye
2023-12-06 15:55:38.600 INFO: Epoch 22: loss=71.0109, RMSE_E_per_atom=1383.1 meV, RMSE_F=831.1 meV / A, RMSE_Mu_per_atom=16.43 mDebye
2023-12-06 15:55:39.177 INFO: Epoch 24: loss=85.3599, RMSE_E_per_atom=1332.2 meV, RMSE_F=914.1 meV / A, RMSE_Mu_per_atom=15.57 mDebye
2023-12-06 15:55:39.755 INFO: Epoch 26: loss=51.4971, RMSE_E_per_atom=1387.5 meV, RMSE_F=703.9 meV / A, RMSE_Mu_per_atom=15.99 mDebye
2023-12-06 15:55:40.344 INFO: Epoch 28: loss=46.2468, RMSE_E_per_atom=1364.9 meV, RMSE_F=666.0 meV / A, RMSE_Mu_per_atom=16.01 mDebye
2023-12-06 15:55:41.201 INFO: Epoch 30: loss=135.9365, RMSE_E_per_atom=1357.1 meV, RMSE_F=1157.9 meV / A, RMSE_Mu_per_atom=15.06 mDebye
2023-12-06 15:55:41.774 INFO: Epoch 32: loss=59.9907, RMSE_E_per_atom=1325.2 meV, RMSE_F=763.0 meV / A, RMSE_Mu_per_atom=14.66 mDebye
2023-12-06 15:55:42.342 INFO: Epoch 34: loss=66.3182, RMSE_E_per_atom=1398.4 meV, RMSE_F=802.1 meV / A, RMSE_Mu_per_atom=15.10 mDebye
2023-12-06 15:55:42.908 INFO: Epoch 36: loss=36.3967, RMSE_E_per_atom=1320.8 meV, RMSE_F=588.5 meV / A, RMSE_Mu_per_atom=14.39 mDebye
2023-12-06 15:55:43.743 INFO: Epoch 38: loss=84.7515, RMSE_E_per_atom=1384.5 meV, RMSE_F=910.0 meV / A, RMSE_Mu_per_atom=14.06 mDebye
2023-12-06 15:55:44.309 INFO: Epoch 40: loss=63.1149, RMSE_E_per_atom=1316.9 meV, RMSE_F=783.3 meV / A, RMSE_Mu_per_atom=14.05 mDebye
2023-12-06 15:55:44.874 INFO: Epoch 42: loss=57.6084, RMSE_E_per_atom=1368.9 meV, RMSE_F=746.4 meV / A, RMSE_Mu_per_atom=15.82 mDebye
2023-12-06 15:55:45.439 INFO: Epoch 44: loss=35.1159, RMSE_E_per_atom=1339.2 meV, RMSE_F=577.0 meV / A, RMSE_Mu_per_atom=16.34 mDebye
2023-12-06 15:55:46.264 INFO: Epoch 46: loss=28.1646, RMSE_E_per_atom=1340.1 meV, RMSE_F=513.3 meV / A, RMSE_Mu_per_atom=14.72 mDebye
2023-12-06 15:55:47.100 INFO: Epoch 48: loss=34.8623, RMSE_E_per_atom=1383.4 meV, RMSE_F=573.8 meV / A, RMSE_Mu_per_atom=14.80 mDebye
2023-12-06 15:55:47.675 INFO: Epoch 50: loss=27.7249, RMSE_E_per_atom=1318.6 meV, RMSE_F=509.6 meV / A, RMSE_Mu_per_atom=14.02 mDebye
2023-12-06 15:55:48.518 INFO: Epoch 52: loss=31.3853, RMSE_E_per_atom=1321.0 meV, RMSE_F=544.3 meV / A, RMSE_Mu_per_atom=13.51 mDebye
2023-12-06 15:55:49.084 INFO: Epoch 54: loss=34.1712, RMSE_E_per_atom=1319.2 meV, RMSE_F=569.2 meV / A, RMSE_Mu_per_atom=17.04 mDebye
2023-12-06 15:55:49.650 INFO: Epoch 56: loss=22.2244, RMSE_E_per_atom=1287.2 meV, RMSE_F=453.3 meV / A, RMSE_Mu_per_atom=14.40 mDebye
2023-12-06 15:55:50.490 INFO: Epoch 58: loss=80.1355, RMSE_E_per_atom=1290.7 meV, RMSE_F=885.7 meV / A, RMSE_Mu_per_atom=12.49 mDebye
2023-12-06 15:55:51.073 INFO: Epoch 60: loss=22.0587, RMSE_E_per_atom=1269.6 meV, RMSE_F=452.0 meV / A, RMSE_Mu_per_atom=12.93 mDebye
2023-12-06 15:55:51.922 INFO: Epoch 62: loss=31.3549, RMSE_E_per_atom=1293.1 meV, RMSE_F=544.6 meV / A, RMSE_Mu_per_atom=14.95 mDebye
2023-12-06 15:55:52.496 INFO: Epoch 64: loss=40.6393, RMSE_E_per_atom=1249.9 meV, RMSE_F=624.9 meV / A, RMSE_Mu_per_atom=14.43 mDebye
2023-12-06 15:55:53.075 INFO: Epoch 66: loss=30.6857, RMSE_E_per_atom=1254.3 meV, RMSE_F=539.4 meV / A, RMSE_Mu_per_atom=13.19 mDebye
2023-12-06 15:55:53.647 INFO: Epoch 68: loss=17.7966, RMSE_E_per_atom=1262.3 meV, RMSE_F=402.3 meV / A, RMSE_Mu_per_atom=14.52 mDebye
2023-12-06 15:55:54.490 INFO: Epoch 70: loss=29.9831, RMSE_E_per_atom=1258.2 meV, RMSE_F=532.7 meV / A, RMSE_Mu_per_atom=13.38 mDebye
2023-12-06 15:55:55.057 INFO: Epoch 72: loss=25.3592, RMSE_E_per_atom=1253.0 meV, RMSE_F=487.6 meV / A, RMSE_Mu_per_atom=13.36 mDebye
2023-12-06 15:55:55.623 INFO: Epoch 74: loss=35.0950, RMSE_E_per_atom=1254.3 meV, RMSE_F=578.8 meV / A, RMSE_Mu_per_atom=13.35 mDebye
2023-12-06 15:55:56.198 INFO: Epoch 76: loss=61.5577, RMSE_E_per_atom=1244.9 meV, RMSE_F=774.5 meV / A, RMSE_Mu_per_atom=15.12 mDebye
2023-12-06 15:55:56.780 INFO: Epoch 78: loss=33.0018, RMSE_E_per_atom=1207.7 meV, RMSE_F=561.5 meV / A, RMSE_Mu_per_atom=12.60 mDebye
2023-12-06 15:55:57.376 INFO: Epoch 80: loss=25.1538, RMSE_E_per_atom=1217.6 meV, RMSE_F=486.3 meV / A, RMSE_Mu_per_atom=15.20 mDebye
2023-12-06 15:55:57.982 INFO: Epoch 82: loss=23.5091, RMSE_E_per_atom=1186.2 meV, RMSE_F=469.9 meV / A, RMSE_Mu_per_atom=13.09 mDebye
2023-12-06 15:55:58.576 INFO: Epoch 84: loss=30.5701, RMSE_E_per_atom=1191.0 meV, RMSE_F=539.8 meV / A, RMSE_Mu_per_atom=13.00 mDebye
2023-12-06 15:55:59.149 INFO: Epoch 86: loss=33.1066, RMSE_E_per_atom=1184.2 meV, RMSE_F=562.9 meV / A, RMSE_Mu_per_atom=14.15 mDebye
2023-12-06 15:55:59.728 INFO: Epoch 88: loss=51.1319, RMSE_E_per_atom=1167.3 meV, RMSE_F=705.3 meV / A, RMSE_Mu_per_atom=13.33 mDebye
2023-12-06 15:56:00.307 INFO: Epoch 90: loss=33.4305, RMSE_E_per_atom=1158.9 meV, RMSE_F=566.3 meV / A, RMSE_Mu_per_atom=11.85 mDebye
2023-12-06 15:56:00.886 INFO: Epoch 92: loss=32.6600, RMSE_E_per_atom=1139.6 meV, RMSE_F=559.9 meV / A, RMSE_Mu_per_atom=13.30 mDebye
2023-12-06 15:56:01.466 INFO: Epoch 94: loss=29.4730, RMSE_E_per_atom=1124.9 meV, RMSE_F=531.0 meV / A, RMSE_Mu_per_atom=11.74 mDebye
2023-12-06 15:56:02.039 INFO: Epoch 96: loss=31.1811, RMSE_E_per_atom=1133.2 meV, RMSE_F=546.7 meV / A, RMSE_Mu_per_atom=11.97 mDebye
2023-12-06 15:56:02.617 INFO: Epoch 98: loss=26.3602, RMSE_E_per_atom=1099.9 meV, RMSE_F=501.3 meV / A, RMSE_Mu_per_atom=14.15 mDebye
2023-12-06 15:56:03.201 INFO: Epoch 100: loss=33.0423, RMSE_E_per_atom=1105.8 meV, RMSE_F=564.0 meV / A, RMSE_Mu_per_atom=11.69 mDebye
2023-12-06 15:56:03.782 INFO: Epoch 102: loss=43.3203, RMSE_E_per_atom=1093.0 meV, RMSE_F=648.9 meV / A, RMSE_Mu_per_atom=12.59 mDebye
2023-12-06 15:56:04.360 INFO: Epoch 104: loss=32.3804, RMSE_E_per_atom=1105.0 meV, RMSE_F=558.1 meV / A, RMSE_Mu_per_atom=12.72 mDebye
2023-12-06 15:56:04.936 INFO: Epoch 106: loss=27.7151, RMSE_E_per_atom=1090.0 meV, RMSE_F=514.9 meV / A, RMSE_Mu_per_atom=12.39 mDebye
2023-12-06 15:56:05.514 INFO: Epoch 108: loss=35.5349, RMSE_E_per_atom=1080.0 meV, RMSE_F=586.1 meV / A, RMSE_Mu_per_atom=12.11 mDebye
2023-12-06 15:56:06.098 INFO: Epoch 110: loss=17.5708, RMSE_E_per_atom=1071.4 meV, RMSE_F=405.1 meV / A, RMSE_Mu_per_atom=12.26 mDebye
2023-12-06 15:56:06.948 INFO: Epoch 112: loss=45.1612, RMSE_E_per_atom=1051.7 meV, RMSE_F=663.6 meV / A, RMSE_Mu_per_atom=13.12 mDebye
2023-12-06 15:56:07.528 INFO: Epoch 114: loss=17.7572, RMSE_E_per_atom=1048.5 meV, RMSE_F=407.9 meV / A, RMSE_Mu_per_atom=15.05 mDebye
2023-12-06 15:56:08.104 INFO: Epoch 116: loss=30.0639, RMSE_E_per_atom=1024.9 meV, RMSE_F=538.5 meV / A, RMSE_Mu_per_atom=13.74 mDebye
2023-12-06 15:56:08.686 INFO: Epoch 118: loss=58.2976, RMSE_E_per_atom=1045.0 meV, RMSE_F=756.2 meV / A, RMSE_Mu_per_atom=12.79 mDebye
2023-12-06 15:56:09.265 INFO: Epoch 120: loss=29.0707, RMSE_E_per_atom=1027.4 meV, RMSE_F=529.1 meV / A, RMSE_Mu_per_atom=15.04 mDebye
2023-12-06 15:56:09.832 INFO: Epoch 122: loss=24.9179, RMSE_E_per_atom=1019.4 meV, RMSE_F=488.4 meV / A, RMSE_Mu_per_atom=14.74 mDebye
2023-12-06 15:56:10.400 INFO: Epoch 124: loss=23.5678, RMSE_E_per_atom=1030.1 meV, RMSE_F=474.2 meV / A, RMSE_Mu_per_atom=13.46 mDebye
2023-12-06 15:56:10.978 INFO: Epoch 126: loss=28.7837, RMSE_E_per_atom=1014.5 meV, RMSE_F=526.7 meV / A, RMSE_Mu_per_atom=12.30 mDebye
2023-12-06 15:56:11.547 INFO: Epoch 128: loss=28.8642, RMSE_E_per_atom=998.7 meV, RMSE_F=527.7 meV / A, RMSE_Mu_per_atom=13.73 mDebye
2023-12-06 15:56:12.115 INFO: Epoch 130: loss=30.3970, RMSE_E_per_atom=1001.5 meV, RMSE_F=542.0 meV / A, RMSE_Mu_per_atom=13.58 mDebye
2023-12-06 15:56:12.681 INFO: Epoch 132: loss=39.7291, RMSE_E_per_atom=1005.0 meV, RMSE_F=622.1 meV / A, RMSE_Mu_per_atom=13.97 mDebye
2023-12-06 15:56:13.246 INFO: Epoch 134: loss=30.7871, RMSE_E_per_atom=984.3 meV, RMSE_F=545.9 meV / A, RMSE_Mu_per_atom=13.34 mDebye
2023-12-06 15:56:13.813 INFO: Epoch 136: loss=51.0570, RMSE_E_per_atom=985.3 meV, RMSE_F=707.6 meV / A, RMSE_Mu_per_atom=13.84 mDebye
2023-12-06 15:56:14.378 INFO: Epoch 138: loss=38.0700, RMSE_E_per_atom=981.2 meV, RMSE_F=609.0 meV / A, RMSE_Mu_per_atom=13.63 mDebye
2023-12-06 15:56:14.945 INFO: Epoch 140: loss=26.6300, RMSE_E_per_atom=964.5 meV, RMSE_F=506.8 meV / A, RMSE_Mu_per_atom=13.79 mDebye
2023-12-06 15:56:15.512 INFO: Epoch 142: loss=29.8255, RMSE_E_per_atom=936.0 meV, RMSE_F=537.9 meV / A, RMSE_Mu_per_atom=13.54 mDebye
2023-12-06 15:56:16.078 INFO: Epoch 144: loss=37.1299, RMSE_E_per_atom=954.5 meV, RMSE_F=601.6 meV / A, RMSE_Mu_per_atom=14.37 mDebye
2023-12-06 15:56:16.646 INFO: Epoch 146: loss=24.2477, RMSE_E_per_atom=952.9 meV, RMSE_F=482.9 meV / A, RMSE_Mu_per_atom=13.55 mDebye
2023-12-06 15:56:17.218 INFO: Epoch 148: loss=22.0798, RMSE_E_per_atom=931.2 meV, RMSE_F=460.3 meV / A, RMSE_Mu_per_atom=15.33 mDebye
2023-12-06 15:56:17.786 INFO: Epoch 150: loss=27.6333, RMSE_E_per_atom=946.7 meV, RMSE_F=516.8 meV / A, RMSE_Mu_per_atom=15.41 mDebye
2023-12-06 15:56:18.353 INFO: Epoch 152: loss=25.2100, RMSE_E_per_atom=930.5 meV, RMSE_F=493.2 meV / A, RMSE_Mu_per_atom=15.18 mDebye
2023-12-06 15:56:18.920 INFO: Epoch 154: loss=20.6753, RMSE_E_per_atom=900.5 meV, RMSE_F=445.5 meV / A, RMSE_Mu_per_atom=14.53 mDebye
2023-12-06 15:56:19.492 INFO: Epoch 156: loss=22.8712, RMSE_E_per_atom=875.5 meV, RMSE_F=469.9 meV / A, RMSE_Mu_per_atom=14.81 mDebye
2023-12-06 15:56:20.059 INFO: Epoch 158: loss=29.3253, RMSE_E_per_atom=874.8 meV, RMSE_F=534.2 meV / A, RMSE_Mu_per_atom=16.42 mDebye
2023-12-06 15:56:20.624 INFO: Epoch 160: loss=25.3538, RMSE_E_per_atom=856.2 meV, RMSE_F=496.0 meV / A, RMSE_Mu_per_atom=15.40 mDebye
2023-12-06 15:56:21.189 INFO: Epoch 162: loss=38.0558, RMSE_E_per_atom=881.7 meV, RMSE_F=610.4 meV / A, RMSE_Mu_per_atom=15.52 mDebye
2023-12-06 15:56:21.754 INFO: Epoch 164: loss=26.1572, RMSE_E_per_atom=858.2 meV, RMSE_F=504.0 meV / A, RMSE_Mu_per_atom=14.93 mDebye
2023-12-06 15:56:22.320 INFO: Epoch 166: loss=32.8479, RMSE_E_per_atom=860.9 meV, RMSE_F=566.4 meV / A, RMSE_Mu_per_atom=14.42 mDebye
2023-12-06 15:56:22.886 INFO: Epoch 168: loss=28.1374, RMSE_E_per_atom=851.5 meV, RMSE_F=523.4 meV / A, RMSE_Mu_per_atom=14.31 mDebye
2023-12-06 15:56:23.450 INFO: Epoch 170: loss=28.8643, RMSE_E_per_atom=834.9 meV, RMSE_F=530.5 meV / A, RMSE_Mu_per_atom=14.89 mDebye
2023-12-06 15:56:24.023 INFO: Epoch 172: loss=22.9222, RMSE_E_per_atom=831.2 meV, RMSE_F=471.3 meV / A, RMSE_Mu_per_atom=15.24 mDebye
2023-12-06 15:56:24.587 INFO: Epoch 174: loss=34.3845, RMSE_E_per_atom=827.3 meV, RMSE_F=580.3 meV / A, RMSE_Mu_per_atom=14.94 mDebye
2023-12-06 15:56:25.153 INFO: Epoch 176: loss=27.5901, RMSE_E_per_atom=820.6 meV, RMSE_F=518.5 meV / A, RMSE_Mu_per_atom=16.64 mDebye
2023-12-06 15:56:25.720 INFO: Epoch 178: loss=26.3918, RMSE_E_per_atom=796.5 meV, RMSE_F=507.3 meV / A, RMSE_Mu_per_atom=15.26 mDebye
2023-12-06 15:56:26.287 INFO: Epoch 180: loss=27.9084, RMSE_E_per_atom=774.9 meV, RMSE_F=522.3 meV / A, RMSE_Mu_per_atom=15.80 mDebye
2023-12-06 15:56:26.853 INFO: Epoch 182: loss=28.2829, RMSE_E_per_atom=781.9 meV, RMSE_F=525.8 meV / A, RMSE_Mu_per_atom=15.94 mDebye
2023-12-06 15:56:27.420 INFO: Epoch 184: loss=24.8491, RMSE_E_per_atom=773.8 meV, RMSE_F=492.2 meV / A, RMSE_Mu_per_atom=15.23 mDebye
2023-12-06 15:56:27.988 INFO: Epoch 186: loss=26.7837, RMSE_E_per_atom=755.5 meV, RMSE_F=511.7 meV / A, RMSE_Mu_per_atom=16.61 mDebye
2023-12-06 15:56:28.557 INFO: Epoch 188: loss=24.3053, RMSE_E_per_atom=749.3 meV, RMSE_F=487.1 meV / A, RMSE_Mu_per_atom=14.63 mDebye
2023-12-06 15:56:29.127 INFO: Epoch 190: loss=20.3987, RMSE_E_per_atom=741.7 meV, RMSE_F=445.3 meV / A, RMSE_Mu_per_atom=14.93 mDebye
2023-12-06 15:56:29.694 INFO: Epoch 192: loss=25.4334, RMSE_E_per_atom=735.5 meV, RMSE_F=498.7 meV / A, RMSE_Mu_per_atom=15.37 mDebye
2023-12-06 15:56:30.264 INFO: Epoch 194: loss=31.6016, RMSE_E_per_atom=705.1 meV, RMSE_F=557.5 meV / A, RMSE_Mu_per_atom=16.28 mDebye
2023-12-06 15:56:30.832 INFO: Epoch 196: loss=22.6103, RMSE_E_per_atom=674.9 meV, RMSE_F=470.4 meV / A, RMSE_Mu_per_atom=15.03 mDebye
2023-12-06 15:56:31.401 INFO: Epoch 198: loss=21.6159, RMSE_E_per_atom=686.4 meV, RMSE_F=459.6 meV / A, RMSE_Mu_per_atom=14.70 mDebye
2023-12-06 15:56:31.968 INFO: Epoch 200: loss=21.8989, RMSE_E_per_atom=685.5 meV, RMSE_F=462.7 meV / A, RMSE_Mu_per_atom=15.18 mDebye
2023-12-06 15:56:32.538 INFO: Epoch 202: loss=20.7982, RMSE_E_per_atom=657.6 meV, RMSE_F=451.0 meV / A, RMSE_Mu_per_atom=15.59 mDebye
2023-12-06 15:56:33.120 INFO: Epoch 204: loss=22.5989, RMSE_E_per_atom=644.9 meV, RMSE_F=470.8 meV / A, RMSE_Mu_per_atom=14.64 mDebye
2023-12-06 15:56:33.692 INFO: Epoch 206: loss=22.7581, RMSE_E_per_atom=651.4 meV, RMSE_F=472.3 meV / A, RMSE_Mu_per_atom=15.35 mDebye
2023-12-06 15:56:34.262 INFO: Epoch 208: loss=17.4286, RMSE_E_per_atom=653.0 meV, RMSE_F=412.0 meV / A, RMSE_Mu_per_atom=15.38 mDebye
2023-12-06 15:56:35.094 INFO: Epoch 210: loss=20.0557, RMSE_E_per_atom=645.6 meV, RMSE_F=442.9 meV / A, RMSE_Mu_per_atom=14.86 mDebye
2023-12-06 15:56:35.667 INFO: Epoch 212: loss=25.3170, RMSE_E_per_atom=648.5 meV, RMSE_F=498.7 meV / A, RMSE_Mu_per_atom=14.60 mDebye
2023-12-06 15:56:36.233 INFO: Epoch 214: loss=19.6056, RMSE_E_per_atom=645.6 meV, RMSE_F=437.8 meV / A, RMSE_Mu_per_atom=14.83 mDebye
2023-12-06 15:56:36.812 INFO: Epoch 216: loss=21.8904, RMSE_E_per_atom=631.3 meV, RMSE_F=463.3 meV / A, RMSE_Mu_per_atom=15.78 mDebye
2023-12-06 15:56:37.395 INFO: Epoch 218: loss=17.3159, RMSE_E_per_atom=633.5 meV, RMSE_F=411.0 meV / A, RMSE_Mu_per_atom=14.82 mDebye
2023-12-06 15:56:38.227 INFO: Epoch 220: loss=18.3368, RMSE_E_per_atom=612.1 meV, RMSE_F=423.5 meV / A, RMSE_Mu_per_atom=16.94 mDebye
2023-12-06 15:56:38.797 INFO: Epoch 222: loss=21.1676, RMSE_E_per_atom=581.5 meV, RMSE_F=456.2 meV / A, RMSE_Mu_per_atom=14.18 mDebye
2023-12-06 15:56:39.363 INFO: Epoch 224: loss=20.0099, RMSE_E_per_atom=566.6 meV, RMSE_F=443.5 meV / A, RMSE_Mu_per_atom=14.51 mDebye
2023-12-06 15:56:39.935 INFO: Epoch 226: loss=20.5594, RMSE_E_per_atom=552.4 meV, RMSE_F=449.8 meV / A, RMSE_Mu_per_atom=14.22 mDebye
2023-12-06 15:56:40.511 INFO: Epoch 228: loss=17.7884, RMSE_E_per_atom=516.8 meV, RMSE_F=418.3 meV / A, RMSE_Mu_per_atom=14.21 mDebye
2023-12-06 15:56:41.076 INFO: Epoch 230: loss=24.1051, RMSE_E_per_atom=484.0 meV, RMSE_F=488.4 meV / A, RMSE_Mu_per_atom=13.99 mDebye
2023-12-06 15:56:41.647 INFO: Epoch 232: loss=24.5308, RMSE_E_per_atom=500.4 meV, RMSE_F=492.5 meV / A, RMSE_Mu_per_atom=15.37 mDebye
2023-12-06 15:56:42.217 INFO: Epoch 234: loss=22.1586, RMSE_E_per_atom=506.0 meV, RMSE_F=467.8 meV / A, RMSE_Mu_per_atom=13.83 mDebye
2023-12-06 15:56:42.783 INFO: Epoch 236: loss=22.4597, RMSE_E_per_atom=498.9 meV, RMSE_F=471.0 meV / A, RMSE_Mu_per_atom=15.81 mDebye
2023-12-06 15:56:43.348 INFO: Epoch 238: loss=20.7064, RMSE_E_per_atom=498.0 meV, RMSE_F=452.1 meV / A, RMSE_Mu_per_atom=14.58 mDebye
2023-12-06 15:56:43.914 INFO: Epoch 240: loss=17.1906, RMSE_E_per_atom=483.4 meV, RMSE_F=411.5 meV / A, RMSE_Mu_per_atom=15.39 mDebye
2023-12-06 15:56:44.755 INFO: Epoch 242: loss=18.6441, RMSE_E_per_atom=479.4 meV, RMSE_F=428.8 meV / A, RMSE_Mu_per_atom=15.67 mDebye
2023-12-06 15:56:45.325 INFO: Epoch 244: loss=18.0621, RMSE_E_per_atom=456.3 meV, RMSE_F=422.3 meV / A, RMSE_Mu_per_atom=15.33 mDebye
2023-12-06 15:56:45.893 INFO: Epoch 246: loss=20.7942, RMSE_E_per_atom=460.2 meV, RMSE_F=453.4 meV / A, RMSE_Mu_per_atom=14.46 mDebye
2023-12-06 15:56:46.460 INFO: Epoch 248: loss=21.3264, RMSE_E_per_atom=448.3 meV, RMSE_F=459.4 meV / A, RMSE_Mu_per_atom=13.66 mDebye
2023-12-06 15:56:47.027 INFO: Epoch 250: loss=23.9458, RMSE_E_per_atom=437.9 meV, RMSE_F=487.1 meV / A, RMSE_Mu_per_atom=16.61 mDebye
2023-12-06 15:56:47.593 INFO: Epoch 252: loss=14.0397, RMSE_E_per_atom=433.0 meV, RMSE_F=371.9 meV / A, RMSE_Mu_per_atom=14.83 mDebye
2023-12-06 15:56:48.430 INFO: Epoch 254: loss=26.5598, RMSE_E_per_atom=440.7 meV, RMSE_F=513.3 meV / A, RMSE_Mu_per_atom=13.23 mDebye
2023-12-06 15:56:48.996 INFO: Epoch 256: loss=21.1617, RMSE_E_per_atom=447.5 meV, RMSE_F=457.6 meV / A, RMSE_Mu_per_atom=14.59 mDebye
2023-12-06 15:56:49.562 INFO: Epoch 258: loss=17.0819, RMSE_E_per_atom=426.5 meV, RMSE_F=410.9 meV / A, RMSE_Mu_per_atom=13.10 mDebye
2023-12-06 15:56:50.129 INFO: Epoch 260: loss=19.4037, RMSE_E_per_atom=427.7 meV, RMSE_F=438.2 meV / A, RMSE_Mu_per_atom=15.02 mDebye
2023-12-06 15:56:50.694 INFO: Epoch 262: loss=18.0635, RMSE_E_per_atom=398.6 meV, RMSE_F=422.9 meV / A, RMSE_Mu_per_atom=13.58 mDebye
2023-12-06 15:56:51.259 INFO: Epoch 264: loss=13.5889, RMSE_E_per_atom=390.4 meV, RMSE_F=366.2 meV / A, RMSE_Mu_per_atom=15.37 mDebye
2023-12-06 15:56:52.091 INFO: Epoch 266: loss=19.2708, RMSE_E_per_atom=371.4 meV, RMSE_F=437.2 meV / A, RMSE_Mu_per_atom=14.16 mDebye
2023-12-06 15:56:52.656 INFO: Epoch 268: loss=15.5432, RMSE_E_per_atom=382.7 meV, RMSE_F=392.1 meV / A, RMSE_Mu_per_atom=15.48 mDebye
2023-12-06 15:56:53.221 INFO: Epoch 270: loss=20.8418, RMSE_E_per_atom=359.6 meV, RMSE_F=454.9 meV / A, RMSE_Mu_per_atom=13.35 mDebye
2023-12-06 15:56:53.788 INFO: Epoch 272: loss=18.9265, RMSE_E_per_atom=362.0 meV, RMSE_F=433.3 meV / A, RMSE_Mu_per_atom=15.11 mDebye
2023-12-06 15:56:54.355 INFO: Epoch 274: loss=18.1598, RMSE_E_per_atom=358.6 meV, RMSE_F=424.4 meV / A, RMSE_Mu_per_atom=15.16 mDebye
2023-12-06 15:56:54.924 INFO: Epoch 276: loss=17.1069, RMSE_E_per_atom=365.1 meV, RMSE_F=411.7 meV / A, RMSE_Mu_per_atom=16.13 mDebye
2023-12-06 15:56:55.491 INFO: Epoch 278: loss=16.3421, RMSE_E_per_atom=348.4 meV, RMSE_F=402.5 meV / A, RMSE_Mu_per_atom=13.56 mDebye
2023-12-06 15:56:56.063 INFO: Epoch 280: loss=17.5575, RMSE_E_per_atom=348.3 meV, RMSE_F=417.3 meV / A, RMSE_Mu_per_atom=14.08 mDebye
2023-12-06 15:56:56.630 INFO: Epoch 282: loss=16.6408, RMSE_E_per_atom=332.9 meV, RMSE_F=406.3 meV / A, RMSE_Mu_per_atom=13.84 mDebye
2023-12-06 15:56:57.197 INFO: Epoch 284: loss=16.7841, RMSE_E_per_atom=308.3 meV, RMSE_F=408.3 meV / A, RMSE_Mu_per_atom=13.60 mDebye
2023-12-06 15:56:57.766 INFO: Epoch 286: loss=14.4856, RMSE_E_per_atom=307.2 meV, RMSE_F=379.1 meV / A, RMSE_Mu_per_atom=14.52 mDebye
2023-12-06 15:56:58.332 INFO: Epoch 288: loss=20.5924, RMSE_E_per_atom=303.3 meV, RMSE_F=452.5 meV / A, RMSE_Mu_per_atom=14.30 mDebye
2023-12-06 15:56:58.909 INFO: Epoch 290: loss=19.0756, RMSE_E_per_atom=310.8 meV, RMSE_F=435.5 meV / A, RMSE_Mu_per_atom=12.11 mDebye
2023-12-06 15:56:59.475 INFO: Epoch 292: loss=15.2583, RMSE_E_per_atom=298.3 meV, RMSE_F=389.2 meV / A, RMSE_Mu_per_atom=14.39 mDebye
2023-12-06 15:57:00.045 INFO: Epoch 294: loss=19.7950, RMSE_E_per_atom=288.7 meV, RMSE_F=443.7 meV / A, RMSE_Mu_per_atom=16.66 mDebye
2023-12-06 15:57:00.613 INFO: Epoch 296: loss=19.4109, RMSE_E_per_atom=291.5 meV, RMSE_F=439.4 meV / A, RMSE_Mu_per_atom=13.30 mDebye
2023-12-06 15:57:01.180 INFO: Epoch 298: loss=18.3346, RMSE_E_per_atom=292.2 meV, RMSE_F=427.0 meV / A, RMSE_Mu_per_atom=14.02 mDebye
2023-12-06 15:57:01.746 INFO: Epoch 300: loss=20.4413, RMSE_E_per_atom=291.8 meV, RMSE_F=450.9 meV / A, RMSE_Mu_per_atom=15.11 mDebye
2023-12-06 15:57:02.312 INFO: Epoch 302: loss=12.3391, RMSE_E_per_atom=288.5 meV, RMSE_F=349.8 meV / A, RMSE_Mu_per_atom=13.23 mDebye
2023-12-06 15:57:03.148 INFO: Epoch 304: loss=15.1025, RMSE_E_per_atom=280.7 meV, RMSE_F=387.4 meV / A, RMSE_Mu_per_atom=12.59 mDebye
2023-12-06 15:57:03.718 INFO: Epoch 306: loss=16.0318, RMSE_E_per_atom=294.3 meV, RMSE_F=399.1 meV / A, RMSE_Mu_per_atom=14.11 mDebye
2023-12-06 15:57:04.284 INFO: Epoch 308: loss=17.6272, RMSE_E_per_atom=290.2 meV, RMSE_F=418.6 meV / A, RMSE_Mu_per_atom=13.10 mDebye
2023-12-06 15:57:04.852 INFO: Epoch 310: loss=16.6407, RMSE_E_per_atom=305.7 meV, RMSE_F=406.6 meV / A, RMSE_Mu_per_atom=13.10 mDebye
2023-12-06 15:57:05.419 INFO: Epoch 312: loss=12.0752, RMSE_E_per_atom=302.5 meV, RMSE_F=345.9 meV / A, RMSE_Mu_per_atom=13.28 mDebye
2023-12-06 15:57:06.250 INFO: Epoch 314: loss=16.5902, RMSE_E_per_atom=290.3 meV, RMSE_F=406.0 meV / A, RMSE_Mu_per_atom=14.39 mDebye
2023-12-06 15:57:06.823 INFO: Epoch 316: loss=14.2175, RMSE_E_per_atom=295.5 meV, RMSE_F=375.7 meV / A, RMSE_Mu_per_atom=13.44 mDebye
2023-12-06 15:57:07.390 INFO: Epoch 318: loss=17.0696, RMSE_E_per_atom=295.3 meV, RMSE_F=411.8 meV / A, RMSE_Mu_per_atom=14.35 mDebye
2023-12-06 15:57:07.960 INFO: Epoch 320: loss=17.6400, RMSE_E_per_atom=281.0 meV, RMSE_F=418.8 meV / A, RMSE_Mu_per_atom=14.89 mDebye
2023-12-06 15:57:08.530 INFO: Epoch 322: loss=18.5078, RMSE_E_per_atom=272.0 meV, RMSE_F=429.1 meV / A, RMSE_Mu_per_atom=13.04 mDebye
2023-12-06 15:57:09.095 INFO: Epoch 324: loss=20.7246, RMSE_E_per_atom=287.3 meV, RMSE_F=454.1 meV / A, RMSE_Mu_per_atom=14.38 mDebye
2023-12-06 15:57:09.662 INFO: Epoch 326: loss=15.1869, RMSE_E_per_atom=282.6 meV, RMSE_F=388.5 meV / A, RMSE_Mu_per_atom=11.84 mDebye
2023-12-06 15:57:10.234 INFO: Epoch 328: loss=17.1053, RMSE_E_per_atom=284.4 meV, RMSE_F=412.2 meV / A, RMSE_Mu_per_atom=18.17 mDebye
2023-12-06 15:57:10.807 INFO: Epoch 330: loss=19.0053, RMSE_E_per_atom=276.0 meV, RMSE_F=434.9 meV / A, RMSE_Mu_per_atom=11.70 mDebye
2023-12-06 15:57:11.373 INFO: Epoch 332: loss=16.7152, RMSE_E_per_atom=275.4 meV, RMSE_F=407.7 meV / A, RMSE_Mu_per_atom=13.40 mDebye
2023-12-06 15:57:11.939 INFO: Epoch 334: loss=14.3899, RMSE_E_per_atom=270.4 meV, RMSE_F=378.1 meV / A, RMSE_Mu_per_atom=13.50 mDebye
2023-12-06 15:57:12.508 INFO: Epoch 336: loss=16.4318, RMSE_E_per_atom=261.8 meV, RMSE_F=404.3 meV / A, RMSE_Mu_per_atom=14.29 mDebye
2023-12-06 15:57:13.076 INFO: Epoch 338: loss=16.1896, RMSE_E_per_atom=277.3 meV, RMSE_F=401.1 meV / A, RMSE_Mu_per_atom=14.55 mDebye
2023-12-06 15:57:13.643 INFO: Epoch 340: loss=17.1375, RMSE_E_per_atom=249.1 meV, RMSE_F=413.0 meV / A, RMSE_Mu_per_atom=13.65 mDebye
2023-12-06 15:57:14.210 INFO: Epoch 342: loss=16.0467, RMSE_E_per_atom=251.2 meV, RMSE_F=399.6 meV / A, RMSE_Mu_per_atom=13.91 mDebye
2023-12-06 15:57:14.776 INFO: Epoch 344: loss=14.5585, RMSE_E_per_atom=264.1 meV, RMSE_F=380.5 meV / A, RMSE_Mu_per_atom=11.65 mDebye
2023-12-06 15:57:15.342 INFO: Epoch 346: loss=14.1109, RMSE_E_per_atom=267.3 meV, RMSE_F=374.3 meV / A, RMSE_Mu_per_atom=16.05 mDebye
2023-12-06 15:57:15.909 INFO: Epoch 348: loss=12.2052, RMSE_E_per_atom=255.3 meV, RMSE_F=348.2 meV / A, RMSE_Mu_per_atom=12.42 mDebye
2023-12-06 15:57:16.482 INFO: Epoch 350: loss=15.5770, RMSE_E_per_atom=251.1 meV, RMSE_F=393.7 meV / A, RMSE_Mu_per_atom=13.01 mDebye
2023-12-06 15:57:17.049 INFO: Epoch 352: loss=15.4885, RMSE_E_per_atom=243.0 meV, RMSE_F=392.5 meV / A, RMSE_Mu_per_atom=15.41 mDebye
2023-12-06 15:57:17.613 INFO: Epoch 354: loss=19.4445, RMSE_E_per_atom=239.5 meV, RMSE_F=440.1 meV / A, RMSE_Mu_per_atom=12.03 mDebye
2023-12-06 15:57:18.181 INFO: Epoch 356: loss=15.2597, RMSE_E_per_atom=236.7 meV, RMSE_F=389.7 meV / A, RMSE_Mu_per_atom=12.59 mDebye
2023-12-06 15:57:18.747 INFO: Epoch 358: loss=14.3472, RMSE_E_per_atom=230.3 meV, RMSE_F=377.8 meV / A, RMSE_Mu_per_atom=14.33 mDebye
2023-12-06 15:57:19.317 INFO: Epoch 360: loss=17.4843, RMSE_E_per_atom=222.0 meV, RMSE_F=417.3 meV / A, RMSE_Mu_per_atom=14.06 mDebye
2023-12-06 15:57:19.884 INFO: Epoch 362: loss=14.6974, RMSE_E_per_atom=222.0 meV, RMSE_F=382.4 meV / A, RMSE_Mu_per_atom=14.79 mDebye
2023-12-06 15:57:20.459 INFO: Epoch 364: loss=14.5710, RMSE_E_per_atom=230.0 meV, RMSE_F=380.8 meV / A, RMSE_Mu_per_atom=12.19 mDebye
2023-12-06 15:57:21.030 INFO: Epoch 366: loss=13.3795, RMSE_E_per_atom=230.0 meV, RMSE_F=364.8 meV / A, RMSE_Mu_per_atom=14.83 mDebye
2023-12-06 15:57:21.603 INFO: Epoch 368: loss=17.8426, RMSE_E_per_atom=237.7 meV, RMSE_F=421.5 meV / A, RMSE_Mu_per_atom=13.96 mDebye
2023-12-06 15:57:22.169 INFO: Epoch 370: loss=14.5137, RMSE_E_per_atom=227.0 meV, RMSE_F=380.1 meV / A, RMSE_Mu_per_atom=12.45 mDebye
2023-12-06 15:57:22.736 INFO: Epoch 372: loss=15.0052, RMSE_E_per_atom=222.1 meV, RMSE_F=386.5 meV / A, RMSE_Mu_per_atom=13.19 mDebye
2023-12-06 15:57:23.303 INFO: Epoch 374: loss=18.2630, RMSE_E_per_atom=225.1 meV, RMSE_F=426.5 meV / A, RMSE_Mu_per_atom=14.33 mDebye
2023-12-06 15:57:23.868 INFO: Epoch 376: loss=16.3277, RMSE_E_per_atom=209.6 meV, RMSE_F=403.3 meV / A, RMSE_Mu_per_atom=12.48 mDebye
2023-12-06 15:57:24.436 INFO: Epoch 378: loss=14.9732, RMSE_E_per_atom=207.0 meV, RMSE_F=386.2 meV / A, RMSE_Mu_per_atom=12.24 mDebye
2023-12-06 15:57:25.009 INFO: Epoch 380: loss=16.0933, RMSE_E_per_atom=196.1 meV, RMSE_F=400.5 meV / A, RMSE_Mu_per_atom=12.99 mDebye
2023-12-06 15:57:25.577 INFO: Epoch 382: loss=15.4632, RMSE_E_per_atom=184.5 meV, RMSE_F=392.5 meV / A, RMSE_Mu_per_atom=14.70 mDebye
2023-12-06 15:57:26.144 INFO: Epoch 384: loss=16.4516, RMSE_E_per_atom=176.4 meV, RMSE_F=405.0 meV / A, RMSE_Mu_per_atom=12.01 mDebye
2023-12-06 15:57:26.713 INFO: Epoch 386: loss=15.8852, RMSE_E_per_atom=184.8 meV, RMSE_F=397.9 meV / A, RMSE_Mu_per_atom=12.92 mDebye
2023-12-06 15:57:27.282 INFO: Epoch 388: loss=15.6616, RMSE_E_per_atom=167.3 meV, RMSE_F=395.2 meV / A, RMSE_Mu_per_atom=12.74 mDebye
2023-12-06 15:57:27.852 INFO: Epoch 390: loss=14.5354, RMSE_E_per_atom=161.0 meV, RMSE_F=380.7 meV / A, RMSE_Mu_per_atom=13.27 mDebye
2023-12-06 15:57:28.425 INFO: Epoch 392: loss=15.6302, RMSE_E_per_atom=168.3 meV, RMSE_F=394.8 meV / A, RMSE_Mu_per_atom=12.80 mDebye
2023-12-06 15:57:29.001 INFO: Epoch 394: loss=11.7049, RMSE_E_per_atom=165.3 meV, RMSE_F=341.4 meV / A, RMSE_Mu_per_atom=14.47 mDebye
2023-12-06 15:57:29.835 INFO: Epoch 396: loss=14.4852, RMSE_E_per_atom=162.1 meV, RMSE_F=380.0 meV / A, RMSE_Mu_per_atom=12.82 mDebye
2023-12-06 15:57:30.401 INFO: Epoch 398: loss=14.2045, RMSE_E_per_atom=147.6 meV, RMSE_F=376.3 meV / A, RMSE_Mu_per_atom=14.72 mDebye
2023-12-06 15:57:30.968 INFO: Epoch 400: loss=16.5881, RMSE_E_per_atom=146.8 meV, RMSE_F=406.8 meV / A, RMSE_Mu_per_atom=13.57 mDebye
2023-12-06 15:57:31.534 INFO: Epoch 402: loss=15.0254, RMSE_E_per_atom=146.3 meV, RMSE_F=387.1 meV / A, RMSE_Mu_per_atom=14.07 mDebye
2023-12-06 15:57:32.101 INFO: Epoch 404: loss=15.0477, RMSE_E_per_atom=152.5 meV, RMSE_F=387.4 meV / A, RMSE_Mu_per_atom=13.68 mDebye
2023-12-06 15:57:32.667 INFO: Epoch 406: loss=15.3291, RMSE_E_per_atom=157.1 meV, RMSE_F=391.0 meV / A, RMSE_Mu_per_atom=13.92 mDebye
2023-12-06 15:57:33.232 INFO: Epoch 408: loss=19.8989, RMSE_E_per_atom=162.2 meV, RMSE_F=445.6 meV / A, RMSE_Mu_per_atom=11.97 mDebye
2023-12-06 15:57:33.804 INFO: Epoch 410: loss=14.9406, RMSE_E_per_atom=161.5 meV, RMSE_F=385.9 meV / A, RMSE_Mu_per_atom=15.85 mDebye
2023-12-06 15:57:34.368 INFO: Epoch 412: loss=15.5292, RMSE_E_per_atom=137.5 meV, RMSE_F=393.6 meV / A, RMSE_Mu_per_atom=12.90 mDebye
2023-12-06 15:57:34.933 INFO: Epoch 414: loss=13.2896, RMSE_E_per_atom=124.5 meV, RMSE_F=364.1 meV / A, RMSE_Mu_per_atom=13.57 mDebye
2023-12-06 15:57:35.504 INFO: Epoch 416: loss=13.1859, RMSE_E_per_atom=152.7 meV, RMSE_F=362.6 meV / A, RMSE_Mu_per_atom=13.19 mDebye
2023-12-06 15:57:36.075 INFO: Epoch 418: loss=15.8153, RMSE_E_per_atom=148.7 meV, RMSE_F=397.2 meV / A, RMSE_Mu_per_atom=12.99 mDebye
2023-12-06 15:57:36.640 INFO: Epoch 420: loss=14.0892, RMSE_E_per_atom=154.8 meV, RMSE_F=374.8 meV / A, RMSE_Mu_per_atom=12.34 mDebye
2023-12-06 15:57:37.205 INFO: Epoch 422: loss=16.5395, RMSE_E_per_atom=158.3 meV, RMSE_F=406.1 meV / A, RMSE_Mu_per_atom=14.02 mDebye
2023-12-06 15:57:37.776 INFO: Epoch 424: loss=12.7714, RMSE_E_per_atom=154.3 meV, RMSE_F=356.8 meV / A, RMSE_Mu_per_atom=12.94 mDebye
2023-12-06 15:57:38.341 INFO: Epoch 426: loss=15.6139, RMSE_E_per_atom=143.8 meV, RMSE_F=394.6 meV / A, RMSE_Mu_per_atom=14.45 mDebye
2023-12-06 15:57:38.907 INFO: Epoch 428: loss=14.6798, RMSE_E_per_atom=137.2 meV, RMSE_F=382.7 meV / A, RMSE_Mu_per_atom=12.05 mDebye
2023-12-06 15:57:39.471 INFO: Epoch 430: loss=13.5229, RMSE_E_per_atom=133.3 meV, RMSE_F=367.3 meV / A, RMSE_Mu_per_atom=12.57 mDebye
2023-12-06 15:57:40.038 INFO: Epoch 432: loss=13.5923, RMSE_E_per_atom=138.2 meV, RMSE_F=368.2 meV / A, RMSE_Mu_per_atom=11.95 mDebye
2023-12-06 15:57:40.606 INFO: Epoch 434: loss=13.3010, RMSE_E_per_atom=131.0 meV, RMSE_F=364.2 meV / A, RMSE_Mu_per_atom=14.15 mDebye
2023-12-06 15:57:41.172 INFO: Epoch 436: loss=12.5971, RMSE_E_per_atom=124.8 meV, RMSE_F=354.5 meV / A, RMSE_Mu_per_atom=11.96 mDebye
2023-12-06 15:57:41.739 INFO: Epoch 438: loss=13.6530, RMSE_E_per_atom=134.6 meV, RMSE_F=369.0 meV / A, RMSE_Mu_per_atom=14.12 mDebye
2023-12-06 15:57:42.304 INFO: Epoch 440: loss=15.4639, RMSE_E_per_atom=128.9 meV, RMSE_F=392.7 meV / A, RMSE_Mu_per_atom=14.97 mDebye
2023-12-06 15:57:42.871 INFO: Epoch 442: loss=13.1032, RMSE_E_per_atom=125.1 meV, RMSE_F=361.6 meV / A, RMSE_Mu_per_atom=11.50 mDebye
2023-12-06 15:57:43.437 INFO: Epoch 444: loss=13.5289, RMSE_E_per_atom=123.2 meV, RMSE_F=367.3 meV / A, RMSE_Mu_per_atom=15.76 mDebye
2023-12-06 15:57:44.003 INFO: Epoch 446: loss=13.2106, RMSE_E_per_atom=108.7 meV, RMSE_F=363.1 meV / A, RMSE_Mu_per_atom=11.97 mDebye
2023-12-06 15:57:44.569 INFO: Epoch 448: loss=13.6189, RMSE_E_per_atom=103.2 meV, RMSE_F=368.5 meV / A, RMSE_Mu_per_atom=17.14 mDebye
2023-12-06 15:57:45.136 INFO: Epoch 450: loss=12.1491, RMSE_E_per_atom=102.0 meV, RMSE_F=348.2 meV / A, RMSE_Mu_per_atom=11.60 mDebye
2023-12-06 15:57:45.704 INFO: Epoch 452: loss=14.5241, RMSE_E_per_atom=102.2 meV, RMSE_F=380.7 meV / A, RMSE_Mu_per_atom=13.84 mDebye
2023-12-06 15:57:46.270 INFO: Epoch 454: loss=14.0370, RMSE_E_per_atom=95.3 meV, RMSE_F=374.3 meV / A, RMSE_Mu_per_atom=13.13 mDebye
2023-12-06 15:57:46.838 INFO: Epoch 456: loss=14.6401, RMSE_E_per_atom=83.9 meV, RMSE_F=382.3 meV / A, RMSE_Mu_per_atom=12.53 mDebye
2023-12-06 15:57:47.404 INFO: Epoch 458: loss=13.9382, RMSE_E_per_atom=80.7 meV, RMSE_F=373.0 meV / A, RMSE_Mu_per_atom=13.60 mDebye
2023-12-06 15:57:47.973 INFO: Epoch 460: loss=13.8178, RMSE_E_per_atom=77.4 meV, RMSE_F=371.5 meV / A, RMSE_Mu_per_atom=11.78 mDebye
2023-12-06 15:57:48.539 INFO: Epoch 462: loss=14.8194, RMSE_E_per_atom=82.5 meV, RMSE_F=384.6 meV / A, RMSE_Mu_per_atom=14.09 mDebye
2023-12-06 15:57:49.109 INFO: Epoch 464: loss=13.7999, RMSE_E_per_atom=71.1 meV, RMSE_F=371.2 meV / A, RMSE_Mu_per_atom=12.82 mDebye
2023-12-06 15:57:49.675 INFO: Epoch 466: loss=11.8260, RMSE_E_per_atom=79.4 meV, RMSE_F=343.5 meV / A, RMSE_Mu_per_atom=14.02 mDebye
2023-12-06 15:57:50.241 INFO: Epoch 468: loss=12.4962, RMSE_E_per_atom=68.1 meV, RMSE_F=353.2 meV / A, RMSE_Mu_per_atom=11.47 mDebye
2023-12-06 15:57:50.811 INFO: Epoch 470: loss=12.0269, RMSE_E_per_atom=69.5 meV, RMSE_F=346.5 meV / A, RMSE_Mu_per_atom=13.30 mDebye
2023-12-06 15:57:51.378 INFO: Epoch 472: loss=10.5320, RMSE_E_per_atom=71.2 meV, RMSE_F=324.2 meV / A, RMSE_Mu_per_atom=13.16 mDebye
2023-12-06 15:57:52.208 INFO: Epoch 474: loss=11.4253, RMSE_E_per_atom=69.7 meV, RMSE_F=337.7 meV / A, RMSE_Mu_per_atom=12.08 mDebye
2023-12-06 15:57:52.777 INFO: Epoch 476: loss=14.1861, RMSE_E_per_atom=66.7 meV, RMSE_F=376.4 meV / A, RMSE_Mu_per_atom=12.88 mDebye
2023-12-06 15:57:53.341 INFO: Epoch 478: loss=16.4890, RMSE_E_per_atom=60.5 meV, RMSE_F=405.7 meV / A, RMSE_Mu_per_atom=15.84 mDebye
2023-12-06 15:57:53.907 INFO: Epoch 480: loss=12.5444, RMSE_E_per_atom=77.3 meV, RMSE_F=353.9 meV / A, RMSE_Mu_per_atom=11.94 mDebye
2023-12-06 15:57:54.473 INFO: Epoch 482: loss=11.3662, RMSE_E_per_atom=87.4 meV, RMSE_F=336.8 meV / A, RMSE_Mu_per_atom=11.79 mDebye
2023-12-06 15:57:55.042 INFO: Epoch 484: loss=10.9491, RMSE_E_per_atom=88.6 meV, RMSE_F=330.5 meV / A, RMSE_Mu_per_atom=13.83 mDebye
2023-12-06 15:57:55.613 INFO: Epoch 486: loss=14.9428, RMSE_E_per_atom=91.9 meV, RMSE_F=386.2 meV / A, RMSE_Mu_per_atom=13.98 mDebye
2023-12-06 15:57:56.179 INFO: Epoch 488: loss=13.3539, RMSE_E_per_atom=88.8 meV, RMSE_F=365.1 meV / A, RMSE_Mu_per_atom=11.58 mDebye
2023-12-06 15:57:56.752 INFO: Epoch 490: loss=10.8247, RMSE_E_per_atom=77.6 meV, RMSE_F=328.6 meV / A, RMSE_Mu_per_atom=13.89 mDebye
2023-12-06 15:57:57.327 INFO: Epoch 492: loss=11.5418, RMSE_E_per_atom=74.8 meV, RMSE_F=339.4 meV / A, RMSE_Mu_per_atom=12.43 mDebye
2023-12-06 15:57:57.891 INFO: Epoch 494: loss=12.4313, RMSE_E_per_atom=71.0 meV, RMSE_F=352.3 meV / A, RMSE_Mu_per_atom=12.77 mDebye
2023-12-06 15:57:58.457 INFO: Epoch 496: loss=14.1364, RMSE_E_per_atom=62.2 meV, RMSE_F=375.7 meV / A, RMSE_Mu_per_atom=12.02 mDebye
2023-12-06 15:57:59.026 INFO: Epoch 498: loss=12.3150, RMSE_E_per_atom=75.8 meV, RMSE_F=350.6 meV / A, RMSE_Mu_per_atom=13.08 mDebye
2023-12-06 15:57:59.590 INFO: Epoch 500: loss=14.8571, RMSE_E_per_atom=71.5 meV, RMSE_F=385.2 meV / A, RMSE_Mu_per_atom=11.90 mDebye
2023-12-06 15:58:00.160 INFO: Epoch 502: loss=14.3200, RMSE_E_per_atom=65.3 meV, RMSE_F=378.2 meV / A, RMSE_Mu_per_atom=12.19 mDebye
2023-12-06 15:58:00.727 INFO: Epoch 504: loss=13.4682, RMSE_E_per_atom=57.3 meV, RMSE_F=366.8 meV / A, RMSE_Mu_per_atom=11.84 mDebye
2023-12-06 15:58:01.294 INFO: Epoch 506: loss=11.8911, RMSE_E_per_atom=64.3 meV, RMSE_F=344.5 meV / A, RMSE_Mu_per_atom=12.69 mDebye
2023-12-06 15:58:01.860 INFO: Epoch 508: loss=11.8310, RMSE_E_per_atom=64.8 meV, RMSE_F=343.6 meV / A, RMSE_Mu_per_atom=13.46 mDebye
2023-12-06 15:58:02.428 INFO: Epoch 510: loss=13.4577, RMSE_E_per_atom=62.4 meV, RMSE_F=366.6 meV / A, RMSE_Mu_per_atom=12.49 mDebye
2023-12-06 15:58:02.997 INFO: Epoch 512: loss=13.7862, RMSE_E_per_atom=65.9 meV, RMSE_F=371.0 meV / A, RMSE_Mu_per_atom=13.57 mDebye
2023-12-06 15:58:03.561 INFO: Epoch 514: loss=15.2025, RMSE_E_per_atom=54.0 meV, RMSE_F=389.7 meV / A, RMSE_Mu_per_atom=11.25 mDebye
2023-12-06 15:58:04.125 INFO: Epoch 516: loss=15.2220, RMSE_E_per_atom=54.4 meV, RMSE_F=389.8 meV / A, RMSE_Mu_per_atom=15.62 mDebye
2023-12-06 15:58:04.691 INFO: Epoch 518: loss=13.6172, RMSE_E_per_atom=66.5 meV, RMSE_F=368.7 meV / A, RMSE_Mu_per_atom=13.09 mDebye
2023-12-06 15:58:05.257 INFO: Epoch 520: loss=13.2249, RMSE_E_per_atom=62.5 meV, RMSE_F=363.4 meV / A, RMSE_Mu_per_atom=12.42 mDebye
2023-12-06 15:58:05.825 INFO: Epoch 522: loss=14.8966, RMSE_E_per_atom=65.5 meV, RMSE_F=385.7 meV / A, RMSE_Mu_per_atom=12.88 mDebye
2023-12-06 15:58:06.389 INFO: Epoch 524: loss=12.8238, RMSE_E_per_atom=70.6 meV, RMSE_F=357.8 meV / A, RMSE_Mu_per_atom=11.89 mDebye
2023-12-06 15:58:06.956 INFO: Epoch 526: loss=13.9442, RMSE_E_per_atom=65.4 meV, RMSE_F=373.1 meV / A, RMSE_Mu_per_atom=13.75 mDebye
2023-12-06 15:58:07.522 INFO: Epoch 528: loss=12.9953, RMSE_E_per_atom=70.7 meV, RMSE_F=360.2 meV / A, RMSE_Mu_per_atom=12.67 mDebye
2023-12-06 15:58:08.090 INFO: Epoch 530: loss=14.2245, RMSE_E_per_atom=54.1 meV, RMSE_F=376.9 meV / A, RMSE_Mu_per_atom=12.56 mDebye
2023-12-06 15:58:08.655 INFO: Epoch 532: loss=13.0689, RMSE_E_per_atom=63.5 meV, RMSE_F=361.2 meV / A, RMSE_Mu_per_atom=12.74 mDebye
2023-12-06 15:58:09.221 INFO: Epoch 534: loss=13.3137, RMSE_E_per_atom=52.4 meV, RMSE_F=364.6 meV / A, RMSE_Mu_per_atom=14.47 mDebye
2023-12-06 15:58:09.787 INFO: Epoch 536: loss=14.0063, RMSE_E_per_atom=50.0 meV, RMSE_F=374.0 meV / A, RMSE_Mu_per_atom=11.79 mDebye
2023-12-06 15:58:10.353 INFO: Epoch 538: loss=13.4593, RMSE_E_per_atom=48.3 meV, RMSE_F=366.6 meV / A, RMSE_Mu_per_atom=12.65 mDebye
2023-12-06 15:58:10.921 INFO: Epoch 540: loss=12.5853, RMSE_E_per_atom=49.6 meV, RMSE_F=354.5 meV / A, RMSE_Mu_per_atom=12.70 mDebye
2023-12-06 15:58:11.487 INFO: Epoch 542: loss=12.9399, RMSE_E_per_atom=46.4 meV, RMSE_F=359.5 meV / A, RMSE_Mu_per_atom=12.98 mDebye
2023-12-06 15:58:12.052 INFO: Epoch 544: loss=11.3066, RMSE_E_per_atom=47.7 meV, RMSE_F=336.0 meV / A, RMSE_Mu_per_atom=11.87 mDebye
2023-12-06 15:58:12.616 INFO: Epoch 546: loss=11.7539, RMSE_E_per_atom=41.0 meV, RMSE_F=342.6 meV / A, RMSE_Mu_per_atom=12.76 mDebye
2023-12-06 15:58:13.182 INFO: Epoch 548: loss=12.7686, RMSE_E_per_atom=39.0 meV, RMSE_F=357.1 meV / A, RMSE_Mu_per_atom=12.30 mDebye
2023-12-06 15:58:13.747 INFO: Epoch 550: loss=11.7252, RMSE_E_per_atom=40.4 meV, RMSE_F=342.2 meV / A, RMSE_Mu_per_atom=12.44 mDebye
2023-12-06 15:58:14.313 INFO: Epoch 552: loss=12.7529, RMSE_E_per_atom=38.9 meV, RMSE_F=356.9 meV / A, RMSE_Mu_per_atom=12.67 mDebye
2023-12-06 15:58:14.879 INFO: Epoch 554: loss=12.6901, RMSE_E_per_atom=37.6 meV, RMSE_F=356.0 meV / A, RMSE_Mu_per_atom=11.88 mDebye
2023-12-06 15:58:15.447 INFO: Epoch 556: loss=12.9209, RMSE_E_per_atom=32.7 meV, RMSE_F=359.2 meV / A, RMSE_Mu_per_atom=13.14 mDebye
2023-12-06 15:58:16.014 INFO: Epoch 558: loss=13.4502, RMSE_E_per_atom=30.9 meV, RMSE_F=366.5 meV / A, RMSE_Mu_per_atom=13.24 mDebye
2023-12-06 15:58:16.583 INFO: Epoch 560: loss=13.1106, RMSE_E_per_atom=33.3 meV, RMSE_F=361.9 meV / A, RMSE_Mu_per_atom=12.13 mDebye
2023-12-06 15:58:17.151 INFO: Epoch 562: loss=11.5865, RMSE_E_per_atom=36.1 meV, RMSE_F=340.1 meV / A, RMSE_Mu_per_atom=12.96 mDebye
2023-12-06 15:58:17.718 INFO: Epoch 564: loss=12.8426, RMSE_E_per_atom=37.8 meV, RMSE_F=358.2 meV / A, RMSE_Mu_per_atom=11.83 mDebye
2023-12-06 15:58:18.286 INFO: Epoch 566: loss=13.4907, RMSE_E_per_atom=32.3 meV, RMSE_F=367.1 meV / A, RMSE_Mu_per_atom=12.73 mDebye
2023-12-06 15:58:18.856 INFO: Epoch 568: loss=13.3782, RMSE_E_per_atom=29.8 meV, RMSE_F=365.6 meV / A, RMSE_Mu_per_atom=12.03 mDebye
2023-12-06 15:58:19.422 INFO: Epoch 570: loss=12.3029, RMSE_E_per_atom=28.3 meV, RMSE_F=350.5 meV / A, RMSE_Mu_per_atom=13.26 mDebye
2023-12-06 15:58:19.988 INFO: Epoch 572: loss=12.1633, RMSE_E_per_atom=26.4 meV, RMSE_F=348.5 meV / A, RMSE_Mu_per_atom=11.91 mDebye
2023-12-06 15:58:20.555 INFO: Epoch 574: loss=12.8159, RMSE_E_per_atom=32.2 meV, RMSE_F=357.8 meV / A, RMSE_Mu_per_atom=12.50 mDebye
2023-12-06 15:58:21.123 INFO: Epoch 576: loss=12.7934, RMSE_E_per_atom=27.2 meV, RMSE_F=357.5 meV / A, RMSE_Mu_per_atom=11.59 mDebye
2023-12-06 15:58:21.691 INFO: Epoch 578: loss=11.4435, RMSE_E_per_atom=25.5 meV, RMSE_F=338.0 meV / A, RMSE_Mu_per_atom=12.64 mDebye
2023-12-06 15:58:22.257 INFO: Epoch 580: loss=12.5970, RMSE_E_per_atom=26.1 meV, RMSE_F=354.7 meV / A, RMSE_Mu_per_atom=12.08 mDebye
2023-12-06 15:58:22.824 INFO: Epoch 582: loss=13.1953, RMSE_E_per_atom=21.5 meV, RMSE_F=363.0 meV / A, RMSE_Mu_per_atom=12.00 mDebye
2023-12-06 15:58:23.388 INFO: Epoch 584: loss=12.3140, RMSE_E_per_atom=17.1 meV, RMSE_F=350.7 meV / A, RMSE_Mu_per_atom=12.86 mDebye
2023-12-06 15:58:23.954 INFO: Epoch 586: loss=12.8536, RMSE_E_per_atom=20.2 meV, RMSE_F=358.3 meV / A, RMSE_Mu_per_atom=11.99 mDebye
2023-12-06 15:58:24.522 INFO: Epoch 588: loss=12.7595, RMSE_E_per_atom=21.4 meV, RMSE_F=357.0 meV / A, RMSE_Mu_per_atom=12.54 mDebye
2023-12-06 15:58:25.090 INFO: Epoch 590: loss=12.7487, RMSE_E_per_atom=29.9 meV, RMSE_F=356.8 meV / A, RMSE_Mu_per_atom=11.76 mDebye
2023-12-06 15:58:25.655 INFO: Epoch 592: loss=12.1532, RMSE_E_per_atom=26.3 meV, RMSE_F=348.4 meV / A, RMSE_Mu_per_atom=12.08 mDebye
2023-12-06 15:58:26.220 INFO: Epoch 594: loss=13.0475, RMSE_E_per_atom=20.8 meV, RMSE_F=361.0 meV / A, RMSE_Mu_per_atom=12.61 mDebye
2023-12-06 15:58:26.787 INFO: Epoch 596: loss=13.2302, RMSE_E_per_atom=26.4 meV, RMSE_F=363.5 meV / A, RMSE_Mu_per_atom=12.32 mDebye
2023-12-06 15:58:27.353 INFO: Epoch 598: loss=13.0774, RMSE_E_per_atom=22.4 meV, RMSE_F=361.4 meV / A, RMSE_Mu_per_atom=12.33 mDebye
2023-12-06 15:58:27.920 INFO: Epoch 600: loss=13.0609, RMSE_E_per_atom=20.3 meV, RMSE_F=361.2 meV / A, RMSE_Mu_per_atom=12.52 mDebye
2023-12-06 15:58:28.483 INFO: Epoch 602: loss=12.3978, RMSE_E_per_atom=20.1 meV, RMSE_F=351.9 meV / A, RMSE_Mu_per_atom=11.88 mDebye
2023-12-06 15:58:29.047 INFO: Epoch 604: loss=13.7579, RMSE_E_per_atom=22.2 meV, RMSE_F=370.7 meV / A, RMSE_Mu_per_atom=12.17 mDebye
2023-12-06 15:58:29.612 INFO: Epoch 606: loss=13.3034, RMSE_E_per_atom=18.8 meV, RMSE_F=364.5 meV / A, RMSE_Mu_per_atom=12.57 mDebye
2023-12-06 15:58:30.176 INFO: Epoch 608: loss=13.3661, RMSE_E_per_atom=21.2 meV, RMSE_F=365.4 meV / A, RMSE_Mu_per_atom=12.14 mDebye
2023-12-06 15:58:30.743 INFO: Epoch 610: loss=12.7446, RMSE_E_per_atom=20.2 meV, RMSE_F=356.8 meV / A, RMSE_Mu_per_atom=12.50 mDebye
2023-12-06 15:58:31.307 INFO: Epoch 612: loss=11.8964, RMSE_E_per_atom=24.5 meV, RMSE_F=344.7 meV / A, RMSE_Mu_per_atom=12.24 mDebye
2023-12-06 15:58:31.871 INFO: Epoch 614: loss=12.1705, RMSE_E_per_atom=19.2 meV, RMSE_F=348.6 meV / A, RMSE_Mu_per_atom=12.24 mDebye
2023-12-06 15:58:32.436 INFO: Epoch 616: loss=12.9406, RMSE_E_per_atom=20.9 meV, RMSE_F=359.5 meV / A, RMSE_Mu_per_atom=11.64 mDebye
2023-12-06 15:58:33.002 INFO: Epoch 618: loss=11.5467, RMSE_E_per_atom=21.3 meV, RMSE_F=339.6 meV / A, RMSE_Mu_per_atom=12.43 mDebye
2023-12-06 15:58:33.567 INFO: Epoch 620: loss=12.5300, RMSE_E_per_atom=22.5 meV, RMSE_F=353.8 meV / A, RMSE_Mu_per_atom=11.51 mDebye
2023-12-06 15:58:34.134 INFO: Epoch 622: loss=12.2486, RMSE_E_per_atom=21.3 meV, RMSE_F=349.8 meV / A, RMSE_Mu_per_atom=11.90 mDebye
2023-12-06 15:58:34.702 INFO: Epoch 624: loss=12.7948, RMSE_E_per_atom=16.0 meV, RMSE_F=357.5 meV / A, RMSE_Mu_per_atom=12.91 mDebye
2023-12-06 15:58:35.271 INFO: Epoch 626: loss=12.2431, RMSE_E_per_atom=20.1 meV, RMSE_F=349.7 meV / A, RMSE_Mu_per_atom=12.23 mDebye
2023-12-06 15:58:35.835 INFO: Epoch 628: loss=12.5037, RMSE_E_per_atom=17.4 meV, RMSE_F=353.4 meV / A, RMSE_Mu_per_atom=11.65 mDebye
2023-12-06 15:58:36.400 INFO: Epoch 630: loss=12.2440, RMSE_E_per_atom=18.1 meV, RMSE_F=349.7 meV / A, RMSE_Mu_per_atom=12.40 mDebye
2023-12-06 15:58:36.969 INFO: Epoch 632: loss=12.0173, RMSE_E_per_atom=15.9 meV, RMSE_F=346.4 meV / A, RMSE_Mu_per_atom=12.24 mDebye
2023-12-06 15:58:37.540 INFO: Epoch 634: loss=12.6137, RMSE_E_per_atom=17.1 meV, RMSE_F=355.0 meV / A, RMSE_Mu_per_atom=11.65 mDebye
2023-12-06 15:58:38.106 INFO: Epoch 636: loss=12.0150, RMSE_E_per_atom=17.3 meV, RMSE_F=346.4 meV / A, RMSE_Mu_per_atom=12.70 mDebye
2023-12-06 15:58:38.672 INFO: Epoch 638: loss=11.8593, RMSE_E_per_atom=17.0 meV, RMSE_F=344.2 meV / A, RMSE_Mu_per_atom=11.92 mDebye
2023-12-06 15:58:39.238 INFO: Epoch 640: loss=12.0763, RMSE_E_per_atom=16.6 meV, RMSE_F=347.3 meV / A, RMSE_Mu_per_atom=12.12 mDebye
2023-12-06 15:58:39.805 INFO: Epoch 642: loss=12.0253, RMSE_E_per_atom=14.4 meV, RMSE_F=346.5 meV / A, RMSE_Mu_per_atom=12.56 mDebye
2023-12-06 15:58:40.373 INFO: Epoch 644: loss=11.9481, RMSE_E_per_atom=12.7 meV, RMSE_F=345.5 meV / A, RMSE_Mu_per_atom=11.55 mDebye
2023-12-06 15:58:40.940 INFO: Epoch 646: loss=12.2453, RMSE_E_per_atom=15.2 meV, RMSE_F=349.7 meV / A, RMSE_Mu_per_atom=12.18 mDebye
2023-12-06 15:58:41.509 INFO: Epoch 648: loss=11.9098, RMSE_E_per_atom=13.9 meV, RMSE_F=344.9 meV / A, RMSE_Mu_per_atom=12.17 mDebye
2023-12-06 15:58:42.076 INFO: Epoch 650: loss=11.5197, RMSE_E_per_atom=10.0 meV, RMSE_F=339.2 meV / A, RMSE_Mu_per_atom=11.90 mDebye
2023-12-06 15:58:42.645 INFO: Epoch 652: loss=11.2464, RMSE_E_per_atom=9.5 meV, RMSE_F=335.1 meV / A, RMSE_Mu_per_atom=12.19 mDebye
2023-12-06 15:58:43.218 INFO: Epoch 654: loss=12.2447, RMSE_E_per_atom=10.6 meV, RMSE_F=349.7 meV / A, RMSE_Mu_per_atom=12.29 mDebye
2023-12-06 15:58:43.785 INFO: Epoch 656: loss=12.6169, RMSE_E_per_atom=8.7 meV, RMSE_F=355.0 meV / A, RMSE_Mu_per_atom=12.30 mDebye
2023-12-06 15:58:44.351 INFO: Epoch 658: loss=11.7501, RMSE_E_per_atom=6.4 meV, RMSE_F=342.6 meV / A, RMSE_Mu_per_atom=11.67 mDebye
2023-12-06 15:58:44.915 INFO: Epoch 660: loss=12.1025, RMSE_E_per_atom=9.7 meV, RMSE_F=347.7 meV / A, RMSE_Mu_per_atom=12.39 mDebye
2023-12-06 15:58:45.486 INFO: Epoch 662: loss=11.8212, RMSE_E_per_atom=9.0 meV, RMSE_F=343.6 meV / A, RMSE_Mu_per_atom=11.49 mDebye
2023-12-06 15:58:46.050 INFO: Epoch 664: loss=11.8350, RMSE_E_per_atom=8.4 meV, RMSE_F=343.8 meV / A, RMSE_Mu_per_atom=12.27 mDebye
2023-12-06 15:58:46.618 INFO: Epoch 666: loss=11.7701, RMSE_E_per_atom=10.8 meV, RMSE_F=342.9 meV / A, RMSE_Mu_per_atom=11.84 mDebye
2023-12-06 15:58:47.188 INFO: Epoch 668: loss=11.7182, RMSE_E_per_atom=8.7 meV, RMSE_F=342.1 meV / A, RMSE_Mu_per_atom=11.59 mDebye
2023-12-06 15:58:47.759 INFO: Epoch 670: loss=12.1108, RMSE_E_per_atom=7.1 meV, RMSE_F=347.8 meV / A, RMSE_Mu_per_atom=12.31 mDebye
2023-12-06 15:58:48.325 INFO: Epoch 672: loss=11.7869, RMSE_E_per_atom=8.6 meV, RMSE_F=343.1 meV / A, RMSE_Mu_per_atom=12.14 mDebye
2023-12-06 15:58:48.893 INFO: Epoch 674: loss=12.1347, RMSE_E_per_atom=6.6 meV, RMSE_F=348.2 meV / A, RMSE_Mu_per_atom=11.68 mDebye
2023-12-06 15:58:49.463 INFO: Epoch 676: loss=11.7237, RMSE_E_per_atom=8.4 meV, RMSE_F=342.2 meV / A, RMSE_Mu_per_atom=12.79 mDebye
2023-12-06 15:58:50.028 INFO: Epoch 678: loss=11.8009, RMSE_E_per_atom=7.7 meV, RMSE_F=343.3 meV / A, RMSE_Mu_per_atom=11.67 mDebye
2023-12-06 15:58:50.599 INFO: Epoch 680: loss=11.9302, RMSE_E_per_atom=6.0 meV, RMSE_F=345.2 meV / A, RMSE_Mu_per_atom=11.81 mDebye
2023-12-06 15:58:51.165 INFO: Epoch 682: loss=12.2509, RMSE_E_per_atom=4.6 meV, RMSE_F=349.8 meV / A, RMSE_Mu_per_atom=12.31 mDebye
2023-12-06 15:58:51.733 INFO: Epoch 684: loss=13.2141, RMSE_E_per_atom=5.1 meV, RMSE_F=363.3 meV / A, RMSE_Mu_per_atom=11.77 mDebye
2023-12-06 15:58:52.304 INFO: Epoch 686: loss=12.2946, RMSE_E_per_atom=3.3 meV, RMSE_F=350.4 meV / A, RMSE_Mu_per_atom=12.30 mDebye
2023-12-06 15:58:52.876 INFO: Epoch 688: loss=12.4411, RMSE_E_per_atom=2.1 meV, RMSE_F=352.5 meV / A, RMSE_Mu_per_atom=11.69 mDebye
2023-12-06 15:58:53.440 INFO: Epoch 690: loss=12.2036, RMSE_E_per_atom=3.4 meV, RMSE_F=349.1 meV / A, RMSE_Mu_per_atom=11.86 mDebye
2023-12-06 15:58:54.006 INFO: Epoch 692: loss=12.2698, RMSE_E_per_atom=5.2 meV, RMSE_F=350.1 meV / A, RMSE_Mu_per_atom=12.43 mDebye
2023-12-06 15:58:54.576 INFO: Epoch 694: loss=12.1361, RMSE_E_per_atom=4.2 meV, RMSE_F=348.2 meV / A, RMSE_Mu_per_atom=11.65 mDebye
2023-12-06 15:58:55.144 INFO: Epoch 696: loss=11.9850, RMSE_E_per_atom=3.9 meV, RMSE_F=346.0 meV / A, RMSE_Mu_per_atom=12.26 mDebye
2023-12-06 15:58:55.711 INFO: Epoch 698: loss=11.8074, RMSE_E_per_atom=2.8 meV, RMSE_F=343.4 meV / A, RMSE_Mu_per_atom=11.64 mDebye
2023-12-06 15:58:56.280 INFO: Epoch 700: loss=11.9733, RMSE_E_per_atom=4.2 meV, RMSE_F=345.8 meV / A, RMSE_Mu_per_atom=11.83 mDebye
2023-12-06 15:58:56.847 INFO: Epoch 702: loss=12.1355, RMSE_E_per_atom=3.5 meV, RMSE_F=348.1 meV / A, RMSE_Mu_per_atom=12.21 mDebye
2023-12-06 15:58:57.413 INFO: Epoch 704: loss=12.0957, RMSE_E_per_atom=2.0 meV, RMSE_F=347.6 meV / A, RMSE_Mu_per_atom=11.86 mDebye
2023-12-06 15:58:57.980 INFO: Epoch 706: loss=12.2504, RMSE_E_per_atom=2.2 meV, RMSE_F=349.8 meV / A, RMSE_Mu_per_atom=11.98 mDebye
2023-12-06 15:58:58.548 INFO: Epoch 708: loss=12.1312, RMSE_E_per_atom=2.0 meV, RMSE_F=348.1 meV / A, RMSE_Mu_per_atom=12.01 mDebye
2023-12-06 15:58:59.117 INFO: Epoch 710: loss=12.0732, RMSE_E_per_atom=2.0 meV, RMSE_F=347.3 meV / A, RMSE_Mu_per_atom=11.65 mDebye
2023-12-06 15:58:59.682 INFO: Epoch 712: loss=12.1248, RMSE_E_per_atom=2.1 meV, RMSE_F=348.0 meV / A, RMSE_Mu_per_atom=12.16 mDebye
2023-12-06 15:59:00.248 INFO: Epoch 714: loss=12.1349, RMSE_E_per_atom=2.0 meV, RMSE_F=348.1 meV / A, RMSE_Mu_per_atom=12.06 mDebye
2023-12-06 15:59:00.812 INFO: Epoch 716: loss=12.1307, RMSE_E_per_atom=2.7 meV, RMSE_F=348.1 meV / A, RMSE_Mu_per_atom=11.80 mDebye
2023-12-06 15:59:01.380 INFO: Epoch 718: loss=12.0637, RMSE_E_per_atom=2.3 meV, RMSE_F=347.1 meV / A, RMSE_Mu_per_atom=11.89 mDebye
2023-12-06 15:59:01.947 INFO: Epoch 720: loss=11.9892, RMSE_E_per_atom=2.6 meV, RMSE_F=346.0 meV / A, RMSE_Mu_per_atom=12.04 mDebye
2023-12-06 15:59:02.511 INFO: Epoch 722: loss=12.0084, RMSE_E_per_atom=2.8 meV, RMSE_F=346.3 meV / A, RMSE_Mu_per_atom=11.81 mDebye
2023-12-06 15:59:03.085 INFO: Epoch 724: loss=11.9136, RMSE_E_per_atom=3.1 meV, RMSE_F=345.0 meV / A, RMSE_Mu_per_atom=11.95 mDebye
2023-12-06 15:59:03.651 INFO: Epoch 726: loss=11.9957, RMSE_E_per_atom=3.0 meV, RMSE_F=346.1 meV / A, RMSE_Mu_per_atom=12.10 mDebye
2023-12-06 15:59:04.216 INFO: Epoch 728: loss=11.9723, RMSE_E_per_atom=3.2 meV, RMSE_F=345.8 meV / A, RMSE_Mu_per_atom=11.74 mDebye
2023-12-06 15:59:04.782 INFO: Epoch 730: loss=12.0690, RMSE_E_per_atom=3.8 meV, RMSE_F=347.2 meV / A, RMSE_Mu_per_atom=11.98 mDebye
2023-12-06 15:59:05.350 INFO: Epoch 732: loss=12.0020, RMSE_E_per_atom=3.8 meV, RMSE_F=346.2 meV / A, RMSE_Mu_per_atom=12.10 mDebye
2023-12-06 15:59:05.915 INFO: Epoch 734: loss=12.0227, RMSE_E_per_atom=3.8 meV, RMSE_F=346.5 meV / A, RMSE_Mu_per_atom=11.83 mDebye
2023-12-06 15:59:06.481 INFO: Epoch 736: loss=12.0106, RMSE_E_per_atom=3.8 meV, RMSE_F=346.4 meV / A, RMSE_Mu_per_atom=11.63 mDebye
2023-12-06 15:59:07.045 INFO: Epoch 738: loss=11.9824, RMSE_E_per_atom=3.9 meV, RMSE_F=345.9 meV / A, RMSE_Mu_per_atom=12.02 mDebye
2023-12-06 15:59:07.612 INFO: Epoch 740: loss=11.9535, RMSE_E_per_atom=4.2 meV, RMSE_F=345.5 meV / A, RMSE_Mu_per_atom=12.02 mDebye
2023-12-06 15:59:08.176 INFO: Epoch 742: loss=11.9979, RMSE_E_per_atom=4.5 meV, RMSE_F=346.2 meV / A, RMSE_Mu_per_atom=11.75 mDebye
2023-12-06 15:59:08.740 INFO: Epoch 744: loss=11.9942, RMSE_E_per_atom=4.9 meV, RMSE_F=346.1 meV / A, RMSE_Mu_per_atom=11.97 mDebye
2023-12-06 15:59:09.306 INFO: Epoch 746: loss=11.9822, RMSE_E_per_atom=4.6 meV, RMSE_F=345.9 meV / A, RMSE_Mu_per_atom=12.03 mDebye
2023-12-06 15:59:09.873 INFO: Epoch 748: loss=11.9945, RMSE_E_per_atom=4.6 meV, RMSE_F=346.1 meV / A, RMSE_Mu_per_atom=11.74 mDebye
2023-12-06 15:59:10.441 INFO: Epoch 750: loss=11.9948, RMSE_E_per_atom=5.0 meV, RMSE_F=346.1 meV / A, RMSE_Mu_per_atom=11.88 mDebye
2023-12-06 15:59:11.006 INFO: Epoch 752: loss=11.9805, RMSE_E_per_atom=5.2 meV, RMSE_F=345.9 meV / A, RMSE_Mu_per_atom=11.91 mDebye
2023-12-06 15:59:11.571 INFO: Epoch 754: loss=11.9756, RMSE_E_per_atom=5.3 meV, RMSE_F=345.9 meV / A, RMSE_Mu_per_atom=11.78 mDebye
2023-12-06 15:59:12.138 INFO: Epoch 756: loss=11.9557, RMSE_E_per_atom=5.3 meV, RMSE_F=345.6 meV / A, RMSE_Mu_per_atom=11.84 mDebye
2023-12-06 15:59:12.705 INFO: Epoch 758: loss=11.9307, RMSE_E_per_atom=5.4 meV, RMSE_F=345.2 meV / A, RMSE_Mu_per_atom=11.96 mDebye
2023-12-06 15:59:13.270 INFO: Epoch 760: loss=11.9606, RMSE_E_per_atom=5.4 meV, RMSE_F=345.6 meV / A, RMSE_Mu_per_atom=11.86 mDebye
2023-12-06 15:59:13.836 INFO: Epoch 762: loss=11.9404, RMSE_E_per_atom=5.3 meV, RMSE_F=345.4 meV / A, RMSE_Mu_per_atom=11.69 mDebye
2023-12-06 15:59:14.403 INFO: Epoch 764: loss=11.9460, RMSE_E_per_atom=5.6 meV, RMSE_F=345.4 meV / A, RMSE_Mu_per_atom=11.97 mDebye
2023-12-06 15:59:14.971 INFO: Epoch 766: loss=11.9524, RMSE_E_per_atom=5.5 meV, RMSE_F=345.5 meV / A, RMSE_Mu_per_atom=11.95 mDebye
2023-12-06 15:59:15.542 INFO: Epoch 768: loss=11.9414, RMSE_E_per_atom=5.5 meV, RMSE_F=345.4 meV / A, RMSE_Mu_per_atom=11.89 mDebye
2023-12-06 15:59:16.116 INFO: Epoch 770: loss=11.9345, RMSE_E_per_atom=5.5 meV, RMSE_F=345.3 meV / A, RMSE_Mu_per_atom=11.78 mDebye
2023-12-06 15:59:16.681 INFO: Epoch 772: loss=11.9561, RMSE_E_per_atom=6.1 meV, RMSE_F=345.6 meV / A, RMSE_Mu_per_atom=11.92 mDebye
2023-12-06 15:59:17.246 INFO: Epoch 774: loss=11.9476, RMSE_E_per_atom=5.7 meV, RMSE_F=345.4 meV / A, RMSE_Mu_per_atom=11.86 mDebye
2023-12-06 15:59:17.817 INFO: Epoch 776: loss=11.9627, RMSE_E_per_atom=5.8 meV, RMSE_F=345.7 meV / A, RMSE_Mu_per_atom=11.81 mDebye
2023-12-06 15:59:18.384 INFO: Epoch 778: loss=11.9359, RMSE_E_per_atom=5.9 meV, RMSE_F=345.3 meV / A, RMSE_Mu_per_atom=11.91 mDebye
2023-12-06 15:59:18.953 INFO: Epoch 780: loss=11.8803, RMSE_E_per_atom=5.9 meV, RMSE_F=344.5 meV / A, RMSE_Mu_per_atom=11.94 mDebye
2023-12-06 15:59:19.522 INFO: Epoch 782: loss=11.9425, RMSE_E_per_atom=6.1 meV, RMSE_F=345.4 meV / A, RMSE_Mu_per_atom=11.86 mDebye
2023-12-06 15:59:20.086 INFO: Epoch 784: loss=11.8962, RMSE_E_per_atom=5.9 meV, RMSE_F=344.7 meV / A, RMSE_Mu_per_atom=11.82 mDebye
2023-12-06 15:59:20.650 INFO: Epoch 786: loss=11.9140, RMSE_E_per_atom=6.2 meV, RMSE_F=345.0 meV / A, RMSE_Mu_per_atom=11.69 mDebye
2023-12-06 15:59:21.215 INFO: Epoch 788: loss=11.8917, RMSE_E_per_atom=5.9 meV, RMSE_F=344.6 meV / A, RMSE_Mu_per_atom=11.91 mDebye
2023-12-06 15:59:21.783 INFO: Epoch 790: loss=11.9182, RMSE_E_per_atom=6.2 meV, RMSE_F=345.0 meV / A, RMSE_Mu_per_atom=12.03 mDebye
2023-12-06 15:59:22.349 INFO: Epoch 792: loss=11.9169, RMSE_E_per_atom=6.1 meV, RMSE_F=345.0 meV / A, RMSE_Mu_per_atom=11.92 mDebye
2023-12-06 15:59:22.916 INFO: Epoch 794: loss=11.8733, RMSE_E_per_atom=6.0 meV, RMSE_F=344.4 meV / A, RMSE_Mu_per_atom=11.72 mDebye
2023-12-06 15:59:23.488 INFO: Epoch 796: loss=11.9137, RMSE_E_per_atom=6.4 meV, RMSE_F=345.0 meV / A, RMSE_Mu_per_atom=11.79 mDebye
2023-12-06 15:59:24.058 INFO: Epoch 798: loss=11.9069, RMSE_E_per_atom=6.2 meV, RMSE_F=344.9 meV / A, RMSE_Mu_per_atom=11.95 mDebye
2023-12-06 15:59:24.332 INFO: Changing loss based on SWA
2023-12-06 15:59:24.629 INFO: Epoch 800: loss=11.8788, RMSE_E_per_atom=3.6 meV, RMSE_F=344.3 meV / A, RMSE_Mu_per_atom=12.01 mDebye
2023-12-06 15:59:25.466 INFO: Epoch 802: loss=11.8824, RMSE_E_per_atom=5.3 meV, RMSE_F=344.1 meV / A, RMSE_Mu_per_atom=11.90 mDebye
2023-12-06 15:59:26.042 INFO: Epoch 804: loss=11.7983, RMSE_E_per_atom=3.9 meV, RMSE_F=343.1 meV / A, RMSE_Mu_per_atom=11.74 mDebye
2023-12-06 15:59:26.878 INFO: Epoch 806: loss=11.8806, RMSE_E_per_atom=6.2 meV, RMSE_F=343.9 meV / A, RMSE_Mu_per_atom=11.89 mDebye
2023-12-06 15:59:27.450 INFO: Epoch 808: loss=11.8635, RMSE_E_per_atom=8.0 meV, RMSE_F=343.3 meV / A, RMSE_Mu_per_atom=11.89 mDebye
2023-12-06 15:59:28.021 INFO: Epoch 810: loss=11.9332, RMSE_E_per_atom=9.8 meV, RMSE_F=343.8 meV / A, RMSE_Mu_per_atom=11.89 mDebye
2023-12-06 15:59:28.597 INFO: Epoch 812: loss=11.8956, RMSE_E_per_atom=8.5 meV, RMSE_F=343.7 meV / A, RMSE_Mu_per_atom=11.75 mDebye
2023-12-06 15:59:29.171 INFO: Epoch 814: loss=11.9044, RMSE_E_per_atom=7.8 meV, RMSE_F=343.9 meV / A, RMSE_Mu_per_atom=11.74 mDebye
2023-12-06 15:59:29.748 INFO: Epoch 816: loss=11.8750, RMSE_E_per_atom=9.8 meV, RMSE_F=343.0 meV / A, RMSE_Mu_per_atom=11.88 mDebye
2023-12-06 15:59:30.318 INFO: Epoch 818: loss=11.8550, RMSE_E_per_atom=6.7 meV, RMSE_F=343.4 meV / A, RMSE_Mu_per_atom=11.90 mDebye
2023-12-06 15:59:30.892 INFO: Epoch 820: loss=11.8788, RMSE_E_per_atom=7.7 meV, RMSE_F=343.6 meV / A, RMSE_Mu_per_atom=11.88 mDebye
2023-12-06 15:59:31.464 INFO: Epoch 822: loss=11.8052, RMSE_E_per_atom=6.0 meV, RMSE_F=342.9 meV / A, RMSE_Mu_per_atom=11.80 mDebye
2023-12-06 15:59:32.038 INFO: Epoch 824: loss=11.8279, RMSE_E_per_atom=2.4 meV, RMSE_F=343.6 meV / A, RMSE_Mu_per_atom=11.96 mDebye
2023-12-06 15:59:32.624 INFO: Epoch 826: loss=11.7634, RMSE_E_per_atom=3.5 meV, RMSE_F=342.6 meV / A, RMSE_Mu_per_atom=11.94 mDebye
2023-12-06 15:59:33.468 INFO: Epoch 828: loss=11.8680, RMSE_E_per_atom=4.2 meV, RMSE_F=344.0 meV / A, RMSE_Mu_per_atom=11.77 mDebye
2023-12-06 15:59:34.042 INFO: Epoch 830: loss=11.7900, RMSE_E_per_atom=2.4 meV, RMSE_F=343.1 meV / A, RMSE_Mu_per_atom=11.86 mDebye
2023-12-06 15:59:34.612 INFO: Epoch 832: loss=11.8502, RMSE_E_per_atom=3.1 meV, RMSE_F=343.9 meV / A, RMSE_Mu_per_atom=11.93 mDebye
2023-12-06 15:59:35.184 INFO: Epoch 834: loss=11.8341, RMSE_E_per_atom=4.9 meV, RMSE_F=343.4 meV / A, RMSE_Mu_per_atom=11.91 mDebye
2023-12-06 15:59:35.756 INFO: Epoch 836: loss=11.7595, RMSE_E_per_atom=3.6 meV, RMSE_F=342.5 meV / A, RMSE_Mu_per_atom=11.81 mDebye
2023-12-06 15:59:36.604 INFO: Epoch 838: loss=11.7794, RMSE_E_per_atom=3.5 meV, RMSE_F=342.8 meV / A, RMSE_Mu_per_atom=11.89 mDebye
2023-12-06 15:59:37.180 INFO: Epoch 840: loss=11.8195, RMSE_E_per_atom=6.0 meV, RMSE_F=343.1 meV / A, RMSE_Mu_per_atom=11.81 mDebye
2023-12-06 15:59:37.754 INFO: Epoch 842: loss=11.8341, RMSE_E_per_atom=7.1 meV, RMSE_F=343.1 meV / A, RMSE_Mu_per_atom=11.86 mDebye
2023-12-06 15:59:38.327 INFO: Epoch 844: loss=11.8044, RMSE_E_per_atom=6.3 meV, RMSE_F=342.8 meV / A, RMSE_Mu_per_atom=11.92 mDebye
2023-12-06 15:59:38.904 INFO: Epoch 846: loss=11.8604, RMSE_E_per_atom=8.6 meV, RMSE_F=343.1 meV / A, RMSE_Mu_per_atom=11.92 mDebye
2023-12-06 15:59:39.476 INFO: Epoch 848: loss=11.7927, RMSE_E_per_atom=3.9 meV, RMSE_F=343.0 meV / A, RMSE_Mu_per_atom=11.92 mDebye
2023-12-06 15:59:40.052 INFO: Epoch 850: loss=11.7895, RMSE_E_per_atom=4.7 meV, RMSE_F=342.8 meV / A, RMSE_Mu_per_atom=11.85 mDebye
2023-12-06 15:59:40.625 INFO: Epoch 852: loss=11.7981, RMSE_E_per_atom=4.4 meV, RMSE_F=343.0 meV / A, RMSE_Mu_per_atom=11.89 mDebye
2023-12-06 15:59:41.198 INFO: Epoch 854: loss=11.7885, RMSE_E_per_atom=2.6 meV, RMSE_F=343.0 meV / A, RMSE_Mu_per_atom=11.97 mDebye
2023-12-06 15:59:41.778 INFO: Epoch 856: loss=11.7704, RMSE_E_per_atom=2.7 meV, RMSE_F=342.8 meV / A, RMSE_Mu_per_atom=11.81 mDebye
2023-12-06 15:59:42.348 INFO: Epoch 858: loss=11.8125, RMSE_E_per_atom=6.6 meV, RMSE_F=342.9 meV / A, RMSE_Mu_per_atom=11.83 mDebye
2023-12-06 15:59:42.921 INFO: Epoch 860: loss=11.8297, RMSE_E_per_atom=10.2 meV, RMSE_F=342.2 meV / A, RMSE_Mu_per_atom=11.94 mDebye
2023-12-06 15:59:43.491 INFO: Epoch 862: loss=11.7940, RMSE_E_per_atom=8.7 meV, RMSE_F=342.1 meV / A, RMSE_Mu_per_atom=11.91 mDebye
2023-12-06 15:59:44.062 INFO: Epoch 864: loss=11.8793, RMSE_E_per_atom=11.0 meV, RMSE_F=342.7 meV / A, RMSE_Mu_per_atom=11.70 mDebye
2023-12-06 15:59:44.635 INFO: Epoch 866: loss=11.8361, RMSE_E_per_atom=8.2 meV, RMSE_F=342.8 meV / A, RMSE_Mu_per_atom=11.86 mDebye
2023-12-06 15:59:45.206 INFO: Epoch 868: loss=11.7895, RMSE_E_per_atom=6.5 meV, RMSE_F=342.5 meV / A, RMSE_Mu_per_atom=11.95 mDebye
2023-12-06 15:59:45.781 INFO: Epoch 870: loss=11.7669, RMSE_E_per_atom=4.5 meV, RMSE_F=342.5 meV / A, RMSE_Mu_per_atom=11.89 mDebye
2023-12-06 15:59:46.352 INFO: Epoch 872: loss=11.7784, RMSE_E_per_atom=5.8 meV, RMSE_F=342.5 meV / A, RMSE_Mu_per_atom=11.93 mDebye
2023-12-06 15:59:46.923 INFO: Epoch 874: loss=11.7356, RMSE_E_per_atom=4.6 meV, RMSE_F=342.1 meV / A, RMSE_Mu_per_atom=11.77 mDebye
2023-12-06 15:59:47.762 INFO: Epoch 876: loss=11.8406, RMSE_E_per_atom=8.3 meV, RMSE_F=342.9 meV / A, RMSE_Mu_per_atom=11.84 mDebye
2023-12-06 15:59:48.334 INFO: Epoch 878: loss=11.7466, RMSE_E_per_atom=8.1 meV, RMSE_F=341.6 meV / A, RMSE_Mu_per_atom=11.87 mDebye
2023-12-06 15:59:48.917 INFO: Epoch 880: loss=11.8387, RMSE_E_per_atom=9.5 meV, RMSE_F=342.6 meV / A, RMSE_Mu_per_atom=11.86 mDebye
2023-12-06 15:59:49.488 INFO: Epoch 882: loss=11.8094, RMSE_E_per_atom=8.8 meV, RMSE_F=342.3 meV / A, RMSE_Mu_per_atom=11.76 mDebye
2023-12-06 15:59:50.061 INFO: Epoch 884: loss=11.7478, RMSE_E_per_atom=6.1 meV, RMSE_F=342.0 meV / A, RMSE_Mu_per_atom=11.90 mDebye
2023-12-06 15:59:50.637 INFO: Epoch 886: loss=11.7672, RMSE_E_per_atom=5.2 meV, RMSE_F=342.4 meV / A, RMSE_Mu_per_atom=11.92 mDebye
2023-12-06 15:59:51.209 INFO: Epoch 888: loss=11.7331, RMSE_E_per_atom=4.5 meV, RMSE_F=342.0 meV / A, RMSE_Mu_per_atom=11.84 mDebye
2023-12-06 15:59:52.051 INFO: Epoch 890: loss=11.6681, RMSE_E_per_atom=3.0 meV, RMSE_F=341.2 meV / A, RMSE_Mu_per_atom=11.87 mDebye
2023-12-06 15:59:52.890 INFO: Epoch 892: loss=11.7665, RMSE_E_per_atom=2.5 meV, RMSE_F=342.7 meV / A, RMSE_Mu_per_atom=11.84 mDebye
2023-12-06 15:59:53.463 INFO: Epoch 894: loss=11.6666, RMSE_E_per_atom=3.1 meV, RMSE_F=341.2 meV / A, RMSE_Mu_per_atom=12.00 mDebye
2023-12-06 15:59:54.306 INFO: Epoch 896: loss=11.7735, RMSE_E_per_atom=5.4 meV, RMSE_F=342.5 meV / A, RMSE_Mu_per_atom=11.81 mDebye
2023-12-06 15:59:54.877 INFO: Epoch 898: loss=11.8219, RMSE_E_per_atom=10.8 meV, RMSE_F=341.9 meV / A, RMSE_Mu_per_atom=11.83 mDebye
2023-12-06 15:59:55.454 INFO: Epoch 900: loss=11.9577, RMSE_E_per_atom=15.3 meV, RMSE_F=342.2 meV / A, RMSE_Mu_per_atom=11.74 mDebye
2023-12-06 15:59:56.033 INFO: Epoch 902: loss=11.7566, RMSE_E_per_atom=6.7 meV, RMSE_F=342.0 meV / A, RMSE_Mu_per_atom=11.92 mDebye
2023-12-06 15:59:56.605 INFO: Epoch 904: loss=11.6933, RMSE_E_per_atom=3.3 meV, RMSE_F=341.6 meV / A, RMSE_Mu_per_atom=12.10 mDebye
2023-12-06 15:59:57.178 INFO: Epoch 906: loss=11.7247, RMSE_E_per_atom=3.0 meV, RMSE_F=342.1 meV / A, RMSE_Mu_per_atom=11.88 mDebye
2023-12-06 15:59:57.750 INFO: Epoch 908: loss=11.7449, RMSE_E_per_atom=6.1 meV, RMSE_F=342.0 meV / A, RMSE_Mu_per_atom=11.84 mDebye
2023-12-06 15:59:58.321 INFO: Epoch 910: loss=11.7488, RMSE_E_per_atom=8.2 meV, RMSE_F=341.6 meV / A, RMSE_Mu_per_atom=11.85 mDebye
2023-12-06 15:59:58.897 INFO: Epoch 912: loss=11.7517, RMSE_E_per_atom=7.1 meV, RMSE_F=341.9 meV / A, RMSE_Mu_per_atom=11.82 mDebye
2023-12-06 15:59:59.476 INFO: Epoch 914: loss=11.7214, RMSE_E_per_atom=4.9 meV, RMSE_F=341.8 meV / A, RMSE_Mu_per_atom=11.92 mDebye
2023-12-06 16:00:00.053 INFO: Epoch 916: loss=11.6858, RMSE_E_per_atom=3.8 meV, RMSE_F=341.4 meV / A, RMSE_Mu_per_atom=11.87 mDebye
2023-12-06 16:00:00.627 INFO: Epoch 918: loss=11.7078, RMSE_E_per_atom=4.3 meV, RMSE_F=341.7 meV / A, RMSE_Mu_per_atom=11.91 mDebye
2023-12-06 16:00:01.198 INFO: Epoch 920: loss=11.7537, RMSE_E_per_atom=7.7 meV, RMSE_F=341.8 meV / A, RMSE_Mu_per_atom=11.99 mDebye
2023-12-06 16:00:01.771 INFO: Epoch 922: loss=11.7117, RMSE_E_per_atom=8.5 meV, RMSE_F=341.0 meV / A, RMSE_Mu_per_atom=11.74 mDebye
2023-12-06 16:00:02.342 INFO: Epoch 924: loss=11.7718, RMSE_E_per_atom=8.7 meV, RMSE_F=341.8 meV / A, RMSE_Mu_per_atom=11.94 mDebye
2023-12-06 16:00:02.915 INFO: Epoch 926: loss=11.7251, RMSE_E_per_atom=6.7 meV, RMSE_F=341.6 meV / A, RMSE_Mu_per_atom=11.94 mDebye
2023-12-06 16:00:03.487 INFO: Epoch 928: loss=11.7325, RMSE_E_per_atom=7.7 meV, RMSE_F=341.5 meV / A, RMSE_Mu_per_atom=11.80 mDebye
2023-12-06 16:00:04.062 INFO: Epoch 930: loss=11.7240, RMSE_E_per_atom=5.9 meV, RMSE_F=341.7 meV / A, RMSE_Mu_per_atom=11.92 mDebye
2023-12-06 16:00:04.639 INFO: Epoch 932: loss=11.6704, RMSE_E_per_atom=2.7 meV, RMSE_F=341.3 meV / A, RMSE_Mu_per_atom=11.86 mDebye
2023-12-06 16:00:05.213 INFO: Epoch 934: loss=11.6434, RMSE_E_per_atom=2.5 meV, RMSE_F=340.9 meV / A, RMSE_Mu_per_atom=11.71 mDebye
2023-12-06 16:00:06.050 INFO: Epoch 936: loss=11.6741, RMSE_E_per_atom=2.6 meV, RMSE_F=341.4 meV / A, RMSE_Mu_per_atom=11.91 mDebye
2023-12-06 16:00:06.623 INFO: Epoch 938: loss=11.6811, RMSE_E_per_atom=2.6 meV, RMSE_F=341.5 meV / A, RMSE_Mu_per_atom=12.03 mDebye
2023-12-06 16:00:07.194 INFO: Epoch 940: loss=11.6743, RMSE_E_per_atom=2.7 meV, RMSE_F=341.4 meV / A, RMSE_Mu_per_atom=12.02 mDebye
2023-12-06 16:00:07.764 INFO: Epoch 942: loss=11.7641, RMSE_E_per_atom=10.8 meV, RMSE_F=341.1 meV / A, RMSE_Mu_per_atom=11.76 mDebye
2023-12-06 16:00:08.336 INFO: Epoch 944: loss=11.8552, RMSE_E_per_atom=12.7 meV, RMSE_F=341.8 meV / A, RMSE_Mu_per_atom=11.79 mDebye
2023-12-06 16:00:08.910 INFO: Epoch 946: loss=11.6616, RMSE_E_per_atom=6.8 meV, RMSE_F=340.6 meV / A, RMSE_Mu_per_atom=11.88 mDebye
2023-12-06 16:00:09.485 INFO: Epoch 948: loss=11.6775, RMSE_E_per_atom=3.1 meV, RMSE_F=341.4 meV / A, RMSE_Mu_per_atom=12.09 mDebye
2023-12-06 16:00:10.063 INFO: Epoch 950: loss=11.6778, RMSE_E_per_atom=3.1 meV, RMSE_F=341.4 meV / A, RMSE_Mu_per_atom=11.91 mDebye
2023-12-06 16:00:10.637 INFO: Epoch 952: loss=11.6972, RMSE_E_per_atom=4.4 meV, RMSE_F=341.5 meV / A, RMSE_Mu_per_atom=11.86 mDebye
2023-12-06 16:00:11.209 INFO: Epoch 954: loss=11.6424, RMSE_E_per_atom=6.0 meV, RMSE_F=340.5 meV / A, RMSE_Mu_per_atom=11.82 mDebye
2023-12-06 16:00:12.049 INFO: Epoch 956: loss=11.6760, RMSE_E_per_atom=3.6 meV, RMSE_F=341.3 meV / A, RMSE_Mu_per_atom=11.84 mDebye
2023-12-06 16:00:12.620 INFO: Epoch 958: loss=11.6242, RMSE_E_per_atom=4.2 meV, RMSE_F=340.5 meV / A, RMSE_Mu_per_atom=11.92 mDebye
2023-12-06 16:00:13.463 INFO: Epoch 960: loss=11.6516, RMSE_E_per_atom=5.1 meV, RMSE_F=340.8 meV / A, RMSE_Mu_per_atom=11.96 mDebye
2023-12-06 16:00:14.034 INFO: Epoch 962: loss=11.6772, RMSE_E_per_atom=5.7 meV, RMSE_F=341.0 meV / A, RMSE_Mu_per_atom=11.83 mDebye
2023-12-06 16:00:14.605 INFO: Epoch 964: loss=11.6997, RMSE_E_per_atom=7.3 meV, RMSE_F=341.1 meV / A, RMSE_Mu_per_atom=11.89 mDebye
2023-12-06 16:00:15.176 INFO: Epoch 966: loss=11.6434, RMSE_E_per_atom=6.9 meV, RMSE_F=340.3 meV / A, RMSE_Mu_per_atom=11.92 mDebye
2023-12-06 16:00:15.749 INFO: Epoch 968: loss=11.6658, RMSE_E_per_atom=7.6 meV, RMSE_F=340.5 meV / A, RMSE_Mu_per_atom=11.83 mDebye
2023-12-06 16:00:16.319 INFO: Epoch 970: loss=11.6526, RMSE_E_per_atom=5.0 meV, RMSE_F=340.8 meV / A, RMSE_Mu_per_atom=11.94 mDebye
2023-12-06 16:00:16.899 INFO: Epoch 972: loss=11.6737, RMSE_E_per_atom=6.0 meV, RMSE_F=340.9 meV / A, RMSE_Mu_per_atom=11.85 mDebye
2023-12-06 16:00:17.471 INFO: Epoch 974: loss=11.6278, RMSE_E_per_atom=6.7 meV, RMSE_F=340.1 meV / A, RMSE_Mu_per_atom=11.89 mDebye
2023-12-06 16:00:18.045 INFO: Epoch 976: loss=11.6681, RMSE_E_per_atom=7.1 meV, RMSE_F=340.6 meV / A, RMSE_Mu_per_atom=11.87 mDebye
2023-12-06 16:00:18.617 INFO: Epoch 978: loss=11.6343, RMSE_E_per_atom=6.0 meV, RMSE_F=340.4 meV / A, RMSE_Mu_per_atom=11.84 mDebye
2023-12-06 16:00:19.197 INFO: Epoch 980: loss=11.6491, RMSE_E_per_atom=6.1 meV, RMSE_F=340.6 meV / A, RMSE_Mu_per_atom=12.02 mDebye
2023-12-06 16:00:19.777 INFO: Epoch 982: loss=11.6288, RMSE_E_per_atom=4.2 meV, RMSE_F=340.5 meV / A, RMSE_Mu_per_atom=11.97 mDebye
2023-12-06 16:00:20.350 INFO: Epoch 984: loss=11.6103, RMSE_E_per_atom=3.9 meV, RMSE_F=340.3 meV / A, RMSE_Mu_per_atom=11.75 mDebye
2023-12-06 16:00:21.192 INFO: Epoch 986: loss=11.6485, RMSE_E_per_atom=7.5 meV, RMSE_F=340.3 meV / A, RMSE_Mu_per_atom=11.90 mDebye
2023-12-06 16:00:21.765 INFO: Epoch 988: loss=11.6058, RMSE_E_per_atom=6.7 meV, RMSE_F=339.8 meV / A, RMSE_Mu_per_atom=11.99 mDebye
2023-12-06 16:00:22.604 INFO: Epoch 990: loss=11.6466, RMSE_E_per_atom=6.2 meV, RMSE_F=340.5 meV / A, RMSE_Mu_per_atom=11.90 mDebye
2023-12-06 16:00:23.181 INFO: Epoch 992: loss=11.5792, RMSE_E_per_atom=4.6 meV, RMSE_F=339.8 meV / A, RMSE_Mu_per_atom=11.83 mDebye
2023-12-06 16:00:24.020 INFO: Epoch 994: loss=11.6356, RMSE_E_per_atom=3.6 meV, RMSE_F=340.7 meV / A, RMSE_Mu_per_atom=11.85 mDebye
2023-12-06 16:00:24.592 INFO: Epoch 996: loss=11.5961, RMSE_E_per_atom=5.0 meV, RMSE_F=340.0 meV / A, RMSE_Mu_per_atom=11.87 mDebye
2023-12-06 16:00:25.168 INFO: Epoch 998: loss=11.6208, RMSE_E_per_atom=6.2 meV, RMSE_F=340.1 meV / A, RMSE_Mu_per_atom=11.96 mDebye
2023-12-06 16:00:25.452 INFO: Training complete
2023-12-06 16:00:25.452 INFO: Computing metrics for training, validation, and test sets
2023-12-06 16:00:25.468 INFO: Loading checkpoint: checkpoints/ox_es1_rattled_50x1c_run-3456_epoch-472.pt
2023-12-06 16:00:25.497 INFO: Loaded model from epoch 472
2023-12-06 16:00:25.526 INFO: Evaluating train ...
2023-12-06 16:00:25.624 INFO: Evaluating valid ...
2023-12-06 16:00:25.671 INFO: Evaluating Default ...
2023-12-06 16:00:25.784 INFO: 
+-------------+---------------------+------------------+--------------+-------------------------+---------------+
| config_type | RMSE E / meV / atom | RMSE F / meV / A | rel F RMSE % | RMSE MU / mDebye / atom | rel MU RMSE % |
+-------------+---------------------+------------------+--------------+-------------------------+---------------+
|    train    |         73.1        |      123.9       |     4.7      |           17.0          |      54.1     |
|    valid    |         71.2        |      324.2       |     23.3     |           13.2          |      54.5     |
|   Default   |         73.0        |      137.6       |     5.3      |           16.9          |      54.1     |
+-------------+---------------------+------------------+--------------+-------------------------+---------------+
2023-12-06 16:00:25.784 INFO: Saving model to checkpoints/ox_es1_rattled_50x1c_run-3456.model
2023-12-06 16:00:26.285 INFO: Loading checkpoint: checkpoints/ox_es1_rattled_50x1c_run-3456_epoch-992_swa.pt
2023-12-06 16:00:26.314 INFO: Loaded model from epoch 992
2023-12-06 16:00:26.342 INFO: Evaluating train ...
2023-12-06 16:00:26.440 INFO: Evaluating valid ...
2023-12-06 16:00:26.488 INFO: Evaluating Default ...
2023-12-06 16:00:26.602 INFO: 
+-------------+---------------------+------------------+--------------+-------------------------+---------------+
| config_type | RMSE E / meV / atom | RMSE F / meV / A | rel F RMSE % | RMSE MU / mDebye / atom | rel MU RMSE % |
+-------------+---------------------+------------------+--------------+-------------------------+---------------+
|    train    |         9.6         |       20.0       |     0.8      |           15.5          |      49.1     |
|    valid    |         4.6         |      339.8       |     24.4     |           11.8          |      49.0     |
|   Default   |         9.5         |       70.7       |     2.7      |           15.3          |      49.1     |
+-------------+---------------------+------------------+--------------+-------------------------+---------------+
2023-12-06 16:00:26.603 INFO: Saving model to checkpoints/ox_es1_rattled_50x1c_run-3456_swa.model
2023-12-06 16:00:27.104 INFO: Done
