2023-12-06 15:35:10.631 INFO: MACE version: 0.2.0
2023-12-06 15:35:10.631 INFO: Configuration: Namespace(name='ox_es1_rattled_50x1a', seed=1234, log_dir='logs', model_dir='.', checkpoints_dir='checkpoints', results_dir='results', downloads_dir='downloads', device='cuda', default_dtype='float64', log_level='INFO', error_table='EnergyDipoleRMSE', model='EnergyDipolesMACE', r_max=5.0, num_radial_basis=8, num_cutoff_basis=5, interaction='RealAgnosticResidualInteractionBlock', interaction_first='RealAgnosticResidualInteractionBlock', max_ell=3, correlation=3, num_interactions=2, MLP_irreps='16x0e', radial_MLP='[64, 64, 64]', hidden_irreps='32x0e + 32x1o + 32x2e', num_channels=None, max_L=None, gate='silu', scaling='rms_forces_scaling', avg_num_neighbors=1.0, compute_avg_num_neighbors=True, compute_stress=True, compute_forces=True, train_file='ox_es1_rattled_50x1a_train.xyz', valid_file=None, valid_fraction=0.05, test_file='ox_es1_rattled_50x1a_train.xyz', E0s='{6: -1034.7672562939947, 1: -13.74018495096079, 8: -2057.26969300199}', energy_key='energy', forces_key='forces', virials_key='virials', stress_key='stress', dipole_key='dipole', charges_key='charges', loss='energy_forces_dipole', forces_weight=100.0, swa_forces_weight=100.0, energy_weight=1.0, swa_energy_weight=1000.0, virials_weight=1.0, swa_virials_weight=10.0, stress_weight=1.0, swa_stress_weight=10.0, dipole_weight=1.0, swa_dipole_weight=1.0, config_type_weights='{"Default":1.0}', huber_delta=0.01, optimizer='adam', batch_size=16, valid_batch_size=16, lr=0.01, swa_lr=0.001, weight_decay=5e-07, amsgrad=True, scheduler='ReduceLROnPlateau', lr_factor=0.8, scheduler_patience=50, lr_scheduler_gamma=0.9993, swa=True, start_swa=800, ema=False, ema_decay=0.99, max_num_epochs=1000, patience=2048, eval_interval=2, keep_checkpoints=False, restart_latest=True, save_cpu=False, clip_grad=10.0, wandb=False, wandb_project='', wandb_entity='', wandb_name='', wandb_log_hypers=['num_channels', 'max_L', 'correlation', 'lr', 'swa_lr', 'weight_decay', 'batch_size', 'max_num_epochs', 'start_swa', 'energy_weight', 'forces_weight'])
2023-12-06 15:35:10.665 INFO: CUDA version: 11.7, CUDA device: 0
2023-12-06 15:35:10.686 INFO: Loaded 50 training configurations from 'ox_es1_rattled_50x1a_train.xyz'
2023-12-06 15:35:10.686 INFO: Using random 5.0% of training set for validation
2023-12-06 15:35:10.701 INFO: Loaded 50 test configurations from 'ox_es1_rattled_50x1a_train.xyz'
2023-12-06 15:35:10.701 INFO: Total number of configurations: train=48, valid=2, tests=[Default: 50]
2023-12-06 15:35:10.701 INFO: AtomicNumberTable: (1, 6, 8)
2023-12-06 15:35:10.701 INFO: Atomic Energies not in training file, using command line argument E0s
2023-12-06 15:35:10.701 INFO: Atomic energies: [-13.74018495096079, -1034.7672562939947, -2057.26969300199]
2023-12-06 15:35:10.745 INFO: WeightedEnergyForcesDipoleLoss(energy_weight=1.000, forces_weight=100.000, dipole_weight=1.000)
2023-12-06 15:35:10.750 INFO: Average number of neighbors: 6.0
2023-12-06 15:35:10.750 INFO: Selected the following outputs: {'energy': True, 'forces': True, 'virials': False, 'stress': False, 'dipoles': True}
2023-12-06 15:35:10.750 INFO: Building model
2023-12-06 15:35:10.750 INFO: Hidden irreps: 32x0e + 32x1o + 32x2e
2023-12-06 15:35:12.213 INFO: Using stochastic weight averaging (after 800 epochs) with energy weight : 1000.0, forces weight : 100.0, dipole weight : 1.0 and learning rate : 0.001
2023-12-06 15:35:12.272 WARNING: Cannot find checkpoint with tag 'ox_es1_rattled_50x1a_run-1234' in 'checkpoints'
2023-12-06 15:35:12.272 INFO: EnergyDipolesMACE(
  (node_embedding): LinearNodeEmbeddingBlock(
    (linear): Linear(3x0e -> 32x0e | 96 weights)
  )
  (radial_embedding): RadialEmbeddingBlock(
    (bessel_fn): BesselBasis(r_max=5.0, num_basis=8, trainable=False)
    (cutoff_fn): PolynomialCutoff(p=5.0, r_max=5.0)
  )
  (spherical_harmonics): SphericalHarmonics()
  (atomic_energies_fn): AtomicEnergiesBlock(energies=[-13.7402, -1034.7673, -2057.2697])
  (interactions): ModuleList(
    (0): RealAgnosticInteractionBlock(
      (linear_up): Linear(32x0e -> 32x0e | 1024 weights)
      (conv_tp): TensorProduct(32x0e x 1x0e+1x1o+1x2e+1x3o -> 32x0e+32x1o+32x2e+32x3o | 128 paths | 128 weights)
      (conv_tp_weights): FullyConnectedNet[8, 64, 64, 64, 128]
      (linear): Linear(32x0e+32x1o+32x2e+32x3o -> 32x0e+32x1o+32x2e+32x3o | 4096 weights)
      (skip_tp): FullyConnectedTensorProduct(32x0e+32x1o+32x2e+32x3o x 3x0e -> 32x0e+32x1o+32x2e+32x3o | 12288 paths | 12288 weights)
      (reshape): reshape_irreps()
    )
    (1): RealAgnosticResidualInteractionBlock(
      (linear_up): Linear(32x0e+32x1o+32x2e -> 32x0e+32x1o+32x2e | 3072 weights)
      (conv_tp): TensorProduct(32x0e+32x1o+32x2e x 1x0e+1x1o+1x2e+1x3o -> 96x0e+160x1o+160x2e+128x3o | 544 paths | 544 weights)
      (conv_tp_weights): FullyConnectedNet[8, 64, 64, 64, 544]
      (linear): Linear(96x0e+160x1o+160x2e+128x3o -> 32x0e+32x1o+32x2e+32x3o | 17408 weights)
      (skip_tp): FullyConnectedTensorProduct(32x0e+32x1o+32x2e x 3x0e -> 32x0e+32x1o | 6144 paths | 6144 weights)
      (reshape): reshape_irreps()
    )
  )
  (products): ModuleList(
    (0): EquivariantProductBasisBlock(
      (symmetric_contractions): SymmetricContraction(
        (contractions): ModuleList(
          (0): Contraction(
            (contractions_weighting): ModuleList(
              (0-1): 2 x GraphModule()
            )
            (contractions_features): ModuleList(
              (0-1): 2 x GraphModule()
            )
            (weights): ParameterList(
                (0): Parameter containing: [torch.float64 of size 3x4x32 (GPU 0)]
                (1): Parameter containing: [torch.float64 of size 3x1x32 (GPU 0)]
            )
            (graph_opt_main): GraphModule()
          )
          (1): Contraction(
            (contractions_weighting): ModuleList(
              (0-1): 2 x GraphModule()
            )
            (contractions_features): ModuleList(
              (0-1): 2 x GraphModule()
            )
            (weights): ParameterList(
                (0): Parameter containing: [torch.float64 of size 3x6x32 (GPU 0)]
                (1): Parameter containing: [torch.float64 of size 3x1x32 (GPU 0)]
            )
            (graph_opt_main): GraphModule()
          )
          (2): Contraction(
            (contractions_weighting): ModuleList(
              (0-1): 2 x GraphModule()
            )
            (contractions_features): ModuleList(
              (0-1): 2 x GraphModule()
            )
            (weights): ParameterList(
                (0): Parameter containing: [torch.float64 of size 3x7x32 (GPU 0)]
                (1): Parameter containing: [torch.float64 of size 3x1x32 (GPU 0)]
            )
            (graph_opt_main): GraphModule()
          )
        )
      )
      (linear): Linear(32x0e+32x1o+32x2e -> 32x0e+32x1o+32x2e | 3072 weights)
    )
    (1): EquivariantProductBasisBlock(
      (symmetric_contractions): SymmetricContraction(
        (contractions): ModuleList(
          (0): Contraction(
            (contractions_weighting): ModuleList(
              (0-1): 2 x GraphModule()
            )
            (contractions_features): ModuleList(
              (0-1): 2 x GraphModule()
            )
            (weights): ParameterList(
                (0): Parameter containing: [torch.float64 of size 3x4x32 (GPU 0)]
                (1): Parameter containing: [torch.float64 of size 3x1x32 (GPU 0)]
            )
            (graph_opt_main): GraphModule()
          )
          (1): Contraction(
            (contractions_weighting): ModuleList(
              (0-1): 2 x GraphModule()
            )
            (contractions_features): ModuleList(
              (0-1): 2 x GraphModule()
            )
            (weights): ParameterList(
                (0): Parameter containing: [torch.float64 of size 3x6x32 (GPU 0)]
                (1): Parameter containing: [torch.float64 of size 3x1x32 (GPU 0)]
            )
            (graph_opt_main): GraphModule()
          )
        )
      )
      (linear): Linear(32x0e+32x1o -> 32x0e+32x1o | 2048 weights)
    )
  )
  (readouts): ModuleList(
    (0): LinearDipoleReadoutBlock(
      (linear): Linear(32x0e+32x1o+32x2e -> 1x0e+1x1o | 64 weights)
    )
    (1): NonLinearDipoleReadoutBlock(
      (equivariant_nonlin): Gate (16x0e -> 16x0e)
      (linear_1): Linear(32x0e+32x1o -> 16x0e | 512 weights)
      (linear_2): Linear(16x0e -> 1x0e+1x1o | 16 weights)
    )
  )
)
2023-12-06 15:35:12.273 INFO: Number of parameters: 133776
2023-12-06 15:35:12.273 INFO: Optimizer: Adam (
Parameter Group 0
    amsgrad: True
    betas: (0.9, 0.999)
    capturable: False
    differentiable: False
    eps: 1e-08
    foreach: None
    fused: None
    initial_lr: 0.01
    lr: 0.01
    maximize: False
    name: embedding
    swa_lr: 0.001
    weight_decay: 0.0

Parameter Group 1
    amsgrad: True
    betas: (0.9, 0.999)
    capturable: False
    differentiable: False
    eps: 1e-08
    foreach: None
    fused: None
    initial_lr: 0.01
    lr: 0.01
    maximize: False
    name: interactions_decay
    swa_lr: 0.001
    weight_decay: 5e-07

Parameter Group 2
    amsgrad: True
    betas: (0.9, 0.999)
    capturable: False
    differentiable: False
    eps: 1e-08
    foreach: None
    fused: None
    initial_lr: 0.01
    lr: 0.01
    maximize: False
    name: interactions_no_decay
    swa_lr: 0.001
    weight_decay: 0.0

Parameter Group 3
    amsgrad: True
    betas: (0.9, 0.999)
    capturable: False
    differentiable: False
    eps: 1e-08
    foreach: None
    fused: None
    initial_lr: 0.01
    lr: 0.01
    maximize: False
    name: products
    swa_lr: 0.001
    weight_decay: 5e-07

Parameter Group 4
    amsgrad: True
    betas: (0.9, 0.999)
    capturable: False
    differentiable: False
    eps: 1e-08
    foreach: None
    fused: None
    initial_lr: 0.01
    lr: 0.01
    maximize: False
    name: readouts
    swa_lr: 0.001
    weight_decay: 0.0
)
2023-12-06 15:35:12.273 INFO: Using gradient clipping with tolerance=10.000
2023-12-06 15:35:12.273 INFO: Started training
2023-12-06 15:35:17.768 INFO: Epoch 0: loss=261.5886, RMSE_E_per_atom=1278.2 meV, RMSE_F=1612.0 meV / A, RMSE_Mu_per_atom=29.11 mDebye
2023-12-06 15:35:22.112 INFO: Epoch 2: loss=282.5045, RMSE_E_per_atom=1678.6 meV, RMSE_F=1672.0 meV / A, RMSE_Mu_per_atom=34.86 mDebye
2023-12-06 15:35:22.674 INFO: Epoch 4: loss=180.4258, RMSE_E_per_atom=1709.8 meV, RMSE_F=1331.9 meV / A, RMSE_Mu_per_atom=33.14 mDebye
2023-12-06 15:35:23.508 INFO: Epoch 6: loss=139.4789, RMSE_E_per_atom=1774.2 meV, RMSE_F=1167.2 meV / A, RMSE_Mu_per_atom=30.26 mDebye
2023-12-06 15:35:24.334 INFO: Epoch 8: loss=141.8624, RMSE_E_per_atom=1654.7 meV, RMSE_F=1179.1 meV / A, RMSE_Mu_per_atom=30.65 mDebye
2023-12-06 15:35:24.896 INFO: Epoch 10: loss=95.1502, RMSE_E_per_atom=1690.5 meV, RMSE_F=960.2 meV / A, RMSE_Mu_per_atom=29.36 mDebye
2023-12-06 15:35:25.722 INFO: Epoch 12: loss=77.8014, RMSE_E_per_atom=1580.3 meV, RMSE_F=867.3 meV / A, RMSE_Mu_per_atom=29.45 mDebye
2023-12-06 15:35:26.550 INFO: Epoch 14: loss=70.4587, RMSE_E_per_atom=1736.5 meV, RMSE_F=820.7 meV / A, RMSE_Mu_per_atom=29.63 mDebye
2023-12-06 15:35:27.384 INFO: Epoch 16: loss=78.6200, RMSE_E_per_atom=1641.8 meV, RMSE_F=870.9 meV / A, RMSE_Mu_per_atom=28.94 mDebye
2023-12-06 15:35:27.946 INFO: Epoch 18: loss=61.2726, RMSE_E_per_atom=1751.6 meV, RMSE_F=762.4 meV / A, RMSE_Mu_per_atom=27.43 mDebye
2023-12-06 15:35:28.772 INFO: Epoch 20: loss=43.5279, RMSE_E_per_atom=1681.1 meV, RMSE_F=637.4 meV / A, RMSE_Mu_per_atom=27.40 mDebye
2023-12-06 15:35:29.690 INFO: Epoch 22: loss=41.8188, RMSE_E_per_atom=1726.7 meV, RMSE_F=622.7 meV / A, RMSE_Mu_per_atom=24.38 mDebye
2023-12-06 15:35:30.522 INFO: Epoch 24: loss=41.8616, RMSE_E_per_atom=1719.7 meV, RMSE_F=623.3 meV / A, RMSE_Mu_per_atom=23.22 mDebye
2023-12-06 15:35:31.085 INFO: Epoch 26: loss=22.5361, RMSE_E_per_atom=1657.7 meV, RMSE_F=444.3 meV / A, RMSE_Mu_per_atom=22.47 mDebye
2023-12-06 15:35:31.914 INFO: Epoch 28: loss=50.2286, RMSE_E_per_atom=1683.3 meV, RMSE_F=688.1 meV / A, RMSE_Mu_per_atom=22.47 mDebye
2023-12-06 15:35:32.486 INFO: Epoch 30: loss=43.9064, RMSE_E_per_atom=1638.2 meV, RMSE_F=641.7 meV / A, RMSE_Mu_per_atom=21.43 mDebye
2023-12-06 15:35:33.075 INFO: Epoch 32: loss=33.9948, RMSE_E_per_atom=1650.8 meV, RMSE_F=558.8 meV / A, RMSE_Mu_per_atom=21.45 mDebye
2023-12-06 15:35:33.657 INFO: Epoch 34: loss=33.7958, RMSE_E_per_atom=1640.9 meV, RMSE_F=557.3 meV / A, RMSE_Mu_per_atom=21.20 mDebye
2023-12-06 15:35:34.231 INFO: Epoch 36: loss=23.1663, RMSE_E_per_atom=1615.7 meV, RMSE_F=452.9 meV / A, RMSE_Mu_per_atom=20.41 mDebye
2023-12-06 15:35:34.794 INFO: Epoch 38: loss=50.1419, RMSE_E_per_atom=1557.7 meV, RMSE_F=690.5 meV / A, RMSE_Mu_per_atom=20.22 mDebye
2023-12-06 15:35:35.358 INFO: Epoch 40: loss=37.0927, RMSE_E_per_atom=1549.8 meV, RMSE_F=588.6 meV / A, RMSE_Mu_per_atom=20.37 mDebye
2023-12-06 15:35:35.922 INFO: Epoch 42: loss=23.9556, RMSE_E_per_atom=1599.7 meV, RMSE_F=462.2 meV / A, RMSE_Mu_per_atom=19.40 mDebye
2023-12-06 15:35:36.487 INFO: Epoch 44: loss=23.0134, RMSE_E_per_atom=1565.1 meV, RMSE_F=453.1 meV / A, RMSE_Mu_per_atom=18.73 mDebye
2023-12-06 15:35:37.052 INFO: Epoch 46: loss=25.0997, RMSE_E_per_atom=1535.3 meV, RMSE_F=476.5 meV / A, RMSE_Mu_per_atom=18.40 mDebye
2023-12-06 15:35:37.615 INFO: Epoch 48: loss=24.9213, RMSE_E_per_atom=1535.9 meV, RMSE_F=474.7 meV / A, RMSE_Mu_per_atom=17.16 mDebye
2023-12-06 15:35:38.178 INFO: Epoch 50: loss=37.1921, RMSE_E_per_atom=1500.8 meV, RMSE_F=590.9 meV / A, RMSE_Mu_per_atom=16.83 mDebye
2023-12-06 15:35:38.740 INFO: Epoch 52: loss=25.7368, RMSE_E_per_atom=1503.9 meV, RMSE_F=484.2 meV / A, RMSE_Mu_per_atom=16.70 mDebye
2023-12-06 15:35:39.308 INFO: Epoch 54: loss=28.0783, RMSE_E_per_atom=1474.2 meV, RMSE_F=508.7 meV / A, RMSE_Mu_per_atom=15.51 mDebye
2023-12-06 15:35:39.873 INFO: Epoch 56: loss=47.1930, RMSE_E_per_atom=1501.2 meV, RMSE_F=670.2 meV / A, RMSE_Mu_per_atom=16.56 mDebye
2023-12-06 15:35:40.443 INFO: Epoch 58: loss=38.9372, RMSE_E_per_atom=1424.3 meV, RMSE_F=607.3 meV / A, RMSE_Mu_per_atom=17.50 mDebye
2023-12-06 15:35:41.007 INFO: Epoch 60: loss=35.2959, RMSE_E_per_atom=1443.7 meV, RMSE_F=576.0 meV / A, RMSE_Mu_per_atom=17.11 mDebye
2023-12-06 15:35:41.572 INFO: Epoch 62: loss=38.9004, RMSE_E_per_atom=1429.8 meV, RMSE_F=606.9 meV / A, RMSE_Mu_per_atom=16.51 mDebye
2023-12-06 15:35:42.136 INFO: Epoch 64: loss=28.8982, RMSE_E_per_atom=1399.1 meV, RMSE_F=518.8 meV / A, RMSE_Mu_per_atom=16.61 mDebye
2023-12-06 15:35:42.700 INFO: Epoch 66: loss=48.9054, RMSE_E_per_atom=1402.4 meV, RMSE_F=685.0 meV / A, RMSE_Mu_per_atom=15.08 mDebye
2023-12-06 15:35:43.264 INFO: Epoch 68: loss=32.0015, RMSE_E_per_atom=1402.9 meV, RMSE_F=547.8 meV / A, RMSE_Mu_per_atom=15.81 mDebye
2023-12-06 15:35:43.827 INFO: Epoch 70: loss=20.4526, RMSE_E_per_atom=1393.9 meV, RMSE_F=429.9 meV / A, RMSE_Mu_per_atom=16.08 mDebye
2023-12-06 15:35:44.655 INFO: Epoch 72: loss=20.1296, RMSE_E_per_atom=1390.6 meV, RMSE_F=426.3 meV / A, RMSE_Mu_per_atom=15.07 mDebye
2023-12-06 15:35:45.487 INFO: Epoch 74: loss=18.4197, RMSE_E_per_atom=1362.6 meV, RMSE_F=406.7 meV / A, RMSE_Mu_per_atom=16.07 mDebye
2023-12-06 15:35:46.317 INFO: Epoch 76: loss=21.3092, RMSE_E_per_atom=1329.4 meV, RMSE_F=441.8 meV / A, RMSE_Mu_per_atom=15.80 mDebye
2023-12-06 15:35:46.882 INFO: Epoch 78: loss=28.1869, RMSE_E_per_atom=1338.9 meV, RMSE_F=513.6 meV / A, RMSE_Mu_per_atom=14.04 mDebye
2023-12-06 15:35:47.446 INFO: Epoch 80: loss=21.1077, RMSE_E_per_atom=1315.8 meV, RMSE_F=440.0 meV / A, RMSE_Mu_per_atom=12.54 mDebye
2023-12-06 15:35:48.012 INFO: Epoch 82: loss=33.9645, RMSE_E_per_atom=1315.8 meV, RMSE_F=567.6 meV / A, RMSE_Mu_per_atom=12.99 mDebye
2023-12-06 15:35:48.577 INFO: Epoch 84: loss=21.4405, RMSE_E_per_atom=1294.4 meV, RMSE_F=444.3 meV / A, RMSE_Mu_per_atom=14.72 mDebye
2023-12-06 15:35:49.149 INFO: Epoch 86: loss=40.1305, RMSE_E_per_atom=1292.9 meV, RMSE_F=620.0 meV / A, RMSE_Mu_per_atom=12.94 mDebye
2023-12-06 15:35:49.716 INFO: Epoch 88: loss=44.8362, RMSE_E_per_atom=1310.5 meV, RMSE_F=656.5 meV / A, RMSE_Mu_per_atom=12.18 mDebye
2023-12-06 15:35:50.285 INFO: Epoch 90: loss=38.7205, RMSE_E_per_atom=1329.9 meV, RMSE_F=607.7 meV / A, RMSE_Mu_per_atom=13.40 mDebye
2023-12-06 15:35:50.852 INFO: Epoch 92: loss=35.4346, RMSE_E_per_atom=1300.7 meV, RMSE_F=580.7 meV / A, RMSE_Mu_per_atom=12.84 mDebye
2023-12-06 15:35:51.417 INFO: Epoch 94: loss=47.5407, RMSE_E_per_atom=1292.1 meV, RMSE_F=677.2 meV / A, RMSE_Mu_per_atom=13.26 mDebye
2023-12-06 15:35:51.985 INFO: Epoch 96: loss=23.5814, RMSE_E_per_atom=1254.2 meV, RMSE_F=469.0 meV / A, RMSE_Mu_per_atom=12.17 mDebye
2023-12-06 15:35:52.549 INFO: Epoch 98: loss=30.8295, RMSE_E_per_atom=1264.7 meV, RMSE_F=540.5 meV / A, RMSE_Mu_per_atom=13.08 mDebye
2023-12-06 15:35:53.114 INFO: Epoch 100: loss=23.9815, RMSE_E_per_atom=1276.9 meV, RMSE_F=472.5 meV / A, RMSE_Mu_per_atom=16.43 mDebye
2023-12-06 15:35:53.680 INFO: Epoch 102: loss=23.3904, RMSE_E_per_atom=1293.3 meV, RMSE_F=465.8 meV / A, RMSE_Mu_per_atom=13.56 mDebye
2023-12-06 15:35:54.246 INFO: Epoch 104: loss=16.0787, RMSE_E_per_atom=1278.1 meV, RMSE_F=379.9 meV / A, RMSE_Mu_per_atom=11.53 mDebye
2023-12-06 15:35:55.076 INFO: Epoch 106: loss=19.6231, RMSE_E_per_atom=1248.5 meV, RMSE_F=424.8 meV / A, RMSE_Mu_per_atom=12.25 mDebye
2023-12-06 15:35:55.642 INFO: Epoch 108: loss=14.2803, RMSE_E_per_atom=1228.7 meV, RMSE_F=357.2 meV / A, RMSE_Mu_per_atom=11.41 mDebye
2023-12-06 15:35:56.481 INFO: Epoch 110: loss=23.8709, RMSE_E_per_atom=1202.8 meV, RMSE_F=473.4 meV / A, RMSE_Mu_per_atom=11.65 mDebye
2023-12-06 15:35:57.047 INFO: Epoch 112: loss=16.9256, RMSE_E_per_atom=1205.0 meV, RMSE_F=393.2 meV / A, RMSE_Mu_per_atom=12.67 mDebye
2023-12-06 15:35:57.611 INFO: Epoch 114: loss=17.7749, RMSE_E_per_atom=1218.3 meV, RMSE_F=403.5 meV / A, RMSE_Mu_per_atom=11.49 mDebye
2023-12-06 15:35:58.177 INFO: Epoch 116: loss=14.8389, RMSE_E_per_atom=1203.6 meV, RMSE_F=365.7 meV / A, RMSE_Mu_per_atom=12.24 mDebye
2023-12-06 15:35:58.743 INFO: Epoch 118: loss=18.3689, RMSE_E_per_atom=1192.2 meV, RMSE_F=411.4 meV / A, RMSE_Mu_per_atom=13.77 mDebye
2023-12-06 15:35:59.309 INFO: Epoch 120: loss=28.7081, RMSE_E_per_atom=1176.4 meV, RMSE_F=522.6 meV / A, RMSE_Mu_per_atom=12.01 mDebye
2023-12-06 15:35:59.875 INFO: Epoch 122: loss=13.4596, RMSE_E_per_atom=1195.6 meV, RMSE_F=346.6 meV / A, RMSE_Mu_per_atom=11.90 mDebye
2023-12-06 15:36:00.706 INFO: Epoch 124: loss=19.5101, RMSE_E_per_atom=1175.4 meV, RMSE_F=425.5 meV / A, RMSE_Mu_per_atom=14.83 mDebye
2023-12-06 15:36:01.271 INFO: Epoch 126: loss=25.1211, RMSE_E_per_atom=1144.5 meV, RMSE_F=487.8 meV / A, RMSE_Mu_per_atom=11.86 mDebye
2023-12-06 15:36:01.837 INFO: Epoch 128: loss=16.0019, RMSE_E_per_atom=1167.6 meV, RMSE_F=382.4 meV / A, RMSE_Mu_per_atom=10.99 mDebye
2023-12-06 15:36:02.402 INFO: Epoch 130: loss=26.6383, RMSE_E_per_atom=1129.1 meV, RMSE_F=503.4 meV / A, RMSE_Mu_per_atom=15.16 mDebye
2023-12-06 15:36:02.967 INFO: Epoch 132: loss=36.8799, RMSE_E_per_atom=1146.1 meV, RMSE_F=596.3 meV / A, RMSE_Mu_per_atom=11.31 mDebye
2023-12-06 15:36:03.534 INFO: Epoch 134: loss=25.7081, RMSE_E_per_atom=1132.5 meV, RMSE_F=494.1 meV / A, RMSE_Mu_per_atom=11.79 mDebye
2023-12-06 15:36:04.099 INFO: Epoch 136: loss=19.0233, RMSE_E_per_atom=1128.9 meV, RMSE_F=421.1 meV / A, RMSE_Mu_per_atom=11.24 mDebye
2023-12-06 15:36:04.664 INFO: Epoch 138: loss=19.1516, RMSE_E_per_atom=1103.3 meV, RMSE_F=423.3 meV / A, RMSE_Mu_per_atom=13.79 mDebye
2023-12-06 15:36:05.232 INFO: Epoch 140: loss=10.9895, RMSE_E_per_atom=1103.1 meV, RMSE_F=312.4 meV / A, RMSE_Mu_per_atom=11.28 mDebye
2023-12-06 15:36:06.061 INFO: Epoch 142: loss=26.3380, RMSE_E_per_atom=1104.4 meV, RMSE_F=501.1 meV / A, RMSE_Mu_per_atom=10.03 mDebye
2023-12-06 15:36:06.627 INFO: Epoch 144: loss=19.9131, RMSE_E_per_atom=1087.9 meV, RMSE_F=432.6 meV / A, RMSE_Mu_per_atom=10.61 mDebye
2023-12-06 15:36:07.192 INFO: Epoch 146: loss=10.8629, RMSE_E_per_atom=1063.4 meV, RMSE_F=311.6 meV / A, RMSE_Mu_per_atom=14.69 mDebye
2023-12-06 15:36:08.023 INFO: Epoch 148: loss=16.3938, RMSE_E_per_atom=1065.0 meV, RMSE_F=390.5 meV / A, RMSE_Mu_per_atom=9.97 mDebye
2023-12-06 15:36:08.588 INFO: Epoch 150: loss=12.7960, RMSE_E_per_atom=1051.8 meV, RMSE_F=341.7 meV / A, RMSE_Mu_per_atom=13.06 mDebye
2023-12-06 15:36:09.154 INFO: Epoch 152: loss=16.7644, RMSE_E_per_atom=1026.5 meV, RMSE_F=396.2 meV / A, RMSE_Mu_per_atom=12.91 mDebye
2023-12-06 15:36:09.720 INFO: Epoch 154: loss=12.6398, RMSE_E_per_atom=1035.9 meV, RMSE_F=340.0 meV / A, RMSE_Mu_per_atom=9.19 mDebye
2023-12-06 15:36:10.286 INFO: Epoch 156: loss=22.6871, RMSE_E_per_atom=1033.3 meV, RMSE_F=464.7 meV / A, RMSE_Mu_per_atom=14.26 mDebye
2023-12-06 15:36:10.850 INFO: Epoch 158: loss=32.0424, RMSE_E_per_atom=1024.0 meV, RMSE_F=556.6 meV / A, RMSE_Mu_per_atom=10.57 mDebye
2023-12-06 15:36:11.417 INFO: Epoch 160: loss=24.9884, RMSE_E_per_atom=966.2 meV, RMSE_F=490.4 meV / A, RMSE_Mu_per_atom=10.13 mDebye
2023-12-06 15:36:11.984 INFO: Epoch 162: loss=36.6402, RMSE_E_per_atom=1003.5 meV, RMSE_F=596.9 meV / A, RMSE_Mu_per_atom=10.06 mDebye
2023-12-06 15:36:12.548 INFO: Epoch 164: loss=22.8997, RMSE_E_per_atom=979.1 meV, RMSE_F=468.2 meV / A, RMSE_Mu_per_atom=13.07 mDebye
2023-12-06 15:36:13.115 INFO: Epoch 166: loss=11.5232, RMSE_E_per_atom=980.7 meV, RMSE_F=324.8 meV / A, RMSE_Mu_per_atom=11.94 mDebye
2023-12-06 15:36:13.682 INFO: Epoch 168: loss=17.5873, RMSE_E_per_atom=986.8 meV, RMSE_F=407.5 meV / A, RMSE_Mu_per_atom=10.81 mDebye
2023-12-06 15:36:14.249 INFO: Epoch 170: loss=10.3521, RMSE_E_per_atom=980.4 meV, RMSE_F=306.2 meV / A, RMSE_Mu_per_atom=11.59 mDebye
2023-12-06 15:36:15.081 INFO: Epoch 172: loss=14.2749, RMSE_E_per_atom=961.5 meV, RMSE_F=365.2 meV / A, RMSE_Mu_per_atom=12.15 mDebye
2023-12-06 15:36:15.648 INFO: Epoch 174: loss=24.4955, RMSE_E_per_atom=955.9 meV, RMSE_F=485.5 meV / A, RMSE_Mu_per_atom=12.05 mDebye
2023-12-06 15:36:16.214 INFO: Epoch 176: loss=21.5364, RMSE_E_per_atom=944.4 meV, RMSE_F=454.2 meV / A, RMSE_Mu_per_atom=10.91 mDebye
2023-12-06 15:36:16.781 INFO: Epoch 178: loss=36.4317, RMSE_E_per_atom=942.4 meV, RMSE_F=596.1 meV / A, RMSE_Mu_per_atom=11.99 mDebye
2023-12-06 15:36:17.347 INFO: Epoch 180: loss=22.9065, RMSE_E_per_atom=933.0 meV, RMSE_F=469.2 meV / A, RMSE_Mu_per_atom=13.17 mDebye
2023-12-06 15:36:17.915 INFO: Epoch 182: loss=19.7921, RMSE_E_per_atom=905.3 meV, RMSE_F=435.5 meV / A, RMSE_Mu_per_atom=10.02 mDebye
2023-12-06 15:36:18.482 INFO: Epoch 184: loss=12.2746, RMSE_E_per_atom=921.1 meV, RMSE_F=337.8 meV / A, RMSE_Mu_per_atom=13.24 mDebye
2023-12-06 15:36:19.049 INFO: Epoch 186: loss=16.1889, RMSE_E_per_atom=919.2 meV, RMSE_F=391.5 meV / A, RMSE_Mu_per_atom=12.95 mDebye
2023-12-06 15:36:19.617 INFO: Epoch 188: loss=11.3052, RMSE_E_per_atom=893.3 meV, RMSE_F=323.9 meV / A, RMSE_Mu_per_atom=12.48 mDebye
2023-12-06 15:36:20.185 INFO: Epoch 190: loss=14.5904, RMSE_E_per_atom=902.4 meV, RMSE_F=371.0 meV / A, RMSE_Mu_per_atom=11.05 mDebye
2023-12-06 15:36:20.753 INFO: Epoch 192: loss=17.3543, RMSE_E_per_atom=883.1 meV, RMSE_F=406.9 meV / A, RMSE_Mu_per_atom=13.22 mDebye
2023-12-06 15:36:21.322 INFO: Epoch 194: loss=19.0747, RMSE_E_per_atom=866.0 meV, RMSE_F=427.9 meV / A, RMSE_Mu_per_atom=12.56 mDebye
2023-12-06 15:36:21.890 INFO: Epoch 196: loss=13.0943, RMSE_E_per_atom=885.5 meV, RMSE_F=350.7 meV / A, RMSE_Mu_per_atom=10.27 mDebye
2023-12-06 15:36:22.458 INFO: Epoch 198: loss=13.5267, RMSE_E_per_atom=872.6 meV, RMSE_F=357.1 meV / A, RMSE_Mu_per_atom=11.69 mDebye
2023-12-06 15:36:23.025 INFO: Epoch 200: loss=11.1840, RMSE_E_per_atom=893.6 meV, RMSE_F=322.0 meV / A, RMSE_Mu_per_atom=13.49 mDebye
2023-12-06 15:36:23.593 INFO: Epoch 202: loss=16.8863, RMSE_E_per_atom=889.7 meV, RMSE_F=401.1 meV / A, RMSE_Mu_per_atom=10.23 mDebye
2023-12-06 15:36:24.161 INFO: Epoch 204: loss=19.2622, RMSE_E_per_atom=858.4 meV, RMSE_F=430.2 meV / A, RMSE_Mu_per_atom=13.58 mDebye
2023-12-06 15:36:24.729 INFO: Epoch 206: loss=23.7249, RMSE_E_per_atom=853.4 meV, RMSE_F=479.5 meV / A, RMSE_Mu_per_atom=9.21 mDebye
2023-12-06 15:36:25.299 INFO: Epoch 208: loss=18.6522, RMSE_E_per_atom=829.6 meV, RMSE_F=423.6 meV / A, RMSE_Mu_per_atom=15.50 mDebye
2023-12-06 15:36:25.869 INFO: Epoch 210: loss=26.7904, RMSE_E_per_atom=802.6 meV, RMSE_F=511.2 meV / A, RMSE_Mu_per_atom=9.92 mDebye
2023-12-06 15:36:26.442 INFO: Epoch 212: loss=11.2851, RMSE_E_per_atom=829.3 meV, RMSE_F=325.2 meV / A, RMSE_Mu_per_atom=15.59 mDebye
2023-12-06 15:36:27.008 INFO: Epoch 214: loss=14.5198, RMSE_E_per_atom=856.8 meV, RMSE_F=371.2 meV / A, RMSE_Mu_per_atom=10.12 mDebye
2023-12-06 15:36:27.578 INFO: Epoch 216: loss=12.7961, RMSE_E_per_atom=808.3 meV, RMSE_F=348.1 meV / A, RMSE_Mu_per_atom=14.98 mDebye
2023-12-06 15:36:28.145 INFO: Epoch 218: loss=13.5659, RMSE_E_per_atom=828.7 meV, RMSE_F=358.7 meV / A, RMSE_Mu_per_atom=11.71 mDebye
2023-12-06 15:36:28.710 INFO: Epoch 220: loss=15.4061, RMSE_E_per_atom=855.7 meV, RMSE_F=382.9 meV / A, RMSE_Mu_per_atom=10.62 mDebye
2023-12-06 15:36:29.278 INFO: Epoch 222: loss=24.1147, RMSE_E_per_atom=849.3 meV, RMSE_F=483.5 meV / A, RMSE_Mu_per_atom=12.43 mDebye
2023-12-06 15:36:29.843 INFO: Epoch 224: loss=15.1615, RMSE_E_per_atom=801.0 meV, RMSE_F=380.9 meV / A, RMSE_Mu_per_atom=11.56 mDebye
2023-12-06 15:36:30.413 INFO: Epoch 226: loss=15.1539, RMSE_E_per_atom=766.6 meV, RMSE_F=381.5 meV / A, RMSE_Mu_per_atom=11.44 mDebye
2023-12-06 15:36:30.979 INFO: Epoch 228: loss=6.3826, RMSE_E_per_atom=739.4 meV, RMSE_F=241.3 meV / A, RMSE_Mu_per_atom=12.08 mDebye
2023-12-06 15:36:31.810 INFO: Epoch 230: loss=12.3717, RMSE_E_per_atom=752.8 meV, RMSE_F=343.4 meV / A, RMSE_Mu_per_atom=11.17 mDebye
2023-12-06 15:36:32.377 INFO: Epoch 232: loss=13.9033, RMSE_E_per_atom=748.2 meV, RMSE_F=365.1 meV / A, RMSE_Mu_per_atom=12.47 mDebye
2023-12-06 15:36:32.944 INFO: Epoch 234: loss=20.4605, RMSE_E_per_atom=702.3 meV, RMSE_F=446.6 meV / A, RMSE_Mu_per_atom=14.17 mDebye
2023-12-06 15:36:33.511 INFO: Epoch 236: loss=11.7897, RMSE_E_per_atom=692.8 meV, RMSE_F=336.2 meV / A, RMSE_Mu_per_atom=8.88 mDebye
2023-12-06 15:36:34.077 INFO: Epoch 238: loss=22.2635, RMSE_E_per_atom=698.4 meV, RMSE_F=466.5 meV / A, RMSE_Mu_per_atom=12.53 mDebye
2023-12-06 15:36:34.642 INFO: Epoch 240: loss=12.4218, RMSE_E_per_atom=688.5 meV, RMSE_F=345.5 meV / A, RMSE_Mu_per_atom=10.94 mDebye
2023-12-06 15:36:35.211 INFO: Epoch 242: loss=13.5498, RMSE_E_per_atom=691.5 meV, RMSE_F=361.3 meV / A, RMSE_Mu_per_atom=12.73 mDebye
2023-12-06 15:36:35.779 INFO: Epoch 244: loss=9.6523, RMSE_E_per_atom=663.9 meV, RMSE_F=303.2 meV / A, RMSE_Mu_per_atom=13.15 mDebye
2023-12-06 15:36:36.346 INFO: Epoch 246: loss=18.6053, RMSE_E_per_atom=632.0 meV, RMSE_F=426.5 meV / A, RMSE_Mu_per_atom=10.83 mDebye
2023-12-06 15:36:36.920 INFO: Epoch 248: loss=25.1052, RMSE_E_per_atom=619.8 meV, RMSE_F=497.0 meV / A, RMSE_Mu_per_atom=13.13 mDebye
2023-12-06 15:36:37.485 INFO: Epoch 250: loss=12.7096, RMSE_E_per_atom=613.4 meV, RMSE_F=351.0 meV / A, RMSE_Mu_per_atom=12.12 mDebye
2023-12-06 15:36:38.052 INFO: Epoch 252: loss=18.5616, RMSE_E_per_atom=595.7 meV, RMSE_F=426.6 meV / A, RMSE_Mu_per_atom=9.18 mDebye
2023-12-06 15:36:38.618 INFO: Epoch 254: loss=12.7386, RMSE_E_per_atom=599.2 meV, RMSE_F=351.6 meV / A, RMSE_Mu_per_atom=12.57 mDebye
2023-12-06 15:36:39.182 INFO: Epoch 256: loss=12.0560, RMSE_E_per_atom=607.1 meV, RMSE_F=341.7 meV / A, RMSE_Mu_per_atom=11.74 mDebye
2023-12-06 15:36:39.748 INFO: Epoch 258: loss=10.5374, RMSE_E_per_atom=591.6 meV, RMSE_F=319.0 meV / A, RMSE_Mu_per_atom=9.68 mDebye
2023-12-06 15:36:40.324 INFO: Epoch 260: loss=9.9522, RMSE_E_per_atom=594.3 meV, RMSE_F=309.6 meV / A, RMSE_Mu_per_atom=12.99 mDebye
2023-12-06 15:36:40.890 INFO: Epoch 262: loss=11.1331, RMSE_E_per_atom=600.4 meV, RMSE_F=328.0 meV / A, RMSE_Mu_per_atom=10.69 mDebye
2023-12-06 15:36:41.457 INFO: Epoch 264: loss=9.3579, RMSE_E_per_atom=552.0 meV, RMSE_F=300.6 meV / A, RMSE_Mu_per_atom=12.82 mDebye
2023-12-06 15:36:42.023 INFO: Epoch 266: loss=12.8228, RMSE_E_per_atom=541.5 meV, RMSE_F=353.8 meV / A, RMSE_Mu_per_atom=11.23 mDebye
2023-12-06 15:36:42.591 INFO: Epoch 268: loss=13.1633, RMSE_E_per_atom=520.2 meV, RMSE_F=358.9 meV / A, RMSE_Mu_per_atom=10.60 mDebye
2023-12-06 15:36:43.157 INFO: Epoch 270: loss=9.7902, RMSE_E_per_atom=517.0 meV, RMSE_F=308.2 meV / A, RMSE_Mu_per_atom=14.57 mDebye
2023-12-06 15:36:43.724 INFO: Epoch 272: loss=12.8760, RMSE_E_per_atom=509.3 meV, RMSE_F=355.1 meV / A, RMSE_Mu_per_atom=9.92 mDebye
2023-12-06 15:36:44.290 INFO: Epoch 274: loss=9.4304, RMSE_E_per_atom=477.6 meV, RMSE_F=303.1 meV / A, RMSE_Mu_per_atom=11.48 mDebye
2023-12-06 15:36:44.857 INFO: Epoch 276: loss=5.9931, RMSE_E_per_atom=498.4 meV, RMSE_F=239.4 meV / A, RMSE_Mu_per_atom=12.49 mDebye
2023-12-06 15:36:45.692 INFO: Epoch 278: loss=8.5639, RMSE_E_per_atom=481.3 meV, RMSE_F=288.4 meV / A, RMSE_Mu_per_atom=12.23 mDebye
2023-12-06 15:36:46.258 INFO: Epoch 280: loss=12.4231, RMSE_E_per_atom=492.7 meV, RMSE_F=348.7 meV / A, RMSE_Mu_per_atom=13.64 mDebye
2023-12-06 15:36:46.830 INFO: Epoch 282: loss=9.9972, RMSE_E_per_atom=483.0 meV, RMSE_F=312.3 meV / A, RMSE_Mu_per_atom=9.88 mDebye
2023-12-06 15:36:47.396 INFO: Epoch 284: loss=13.5627, RMSE_E_per_atom=470.3 meV, RMSE_F=365.0 meV / A, RMSE_Mu_per_atom=12.44 mDebye
2023-12-06 15:36:47.962 INFO: Epoch 286: loss=8.5158, RMSE_E_per_atom=474.9 meV, RMSE_F=287.7 meV / A, RMSE_Mu_per_atom=10.76 mDebye
2023-12-06 15:36:48.530 INFO: Epoch 288: loss=13.8011, RMSE_E_per_atom=456.8 meV, RMSE_F=368.4 meV / A, RMSE_Mu_per_atom=13.42 mDebye
2023-12-06 15:36:49.097 INFO: Epoch 290: loss=11.4865, RMSE_E_per_atom=451.7 meV, RMSE_F=335.7 meV / A, RMSE_Mu_per_atom=10.68 mDebye
2023-12-06 15:36:49.663 INFO: Epoch 292: loss=12.1073, RMSE_E_per_atom=425.2 meV, RMSE_F=345.2 meV / A, RMSE_Mu_per_atom=9.87 mDebye
2023-12-06 15:36:50.234 INFO: Epoch 294: loss=6.0909, RMSE_E_per_atom=416.5 meV, RMSE_F=242.8 meV / A, RMSE_Mu_per_atom=14.81 mDebye
2023-12-06 15:36:50.802 INFO: Epoch 296: loss=7.7364, RMSE_E_per_atom=425.3 meV, RMSE_F=274.7 meV / A, RMSE_Mu_per_atom=9.87 mDebye
2023-12-06 15:36:51.368 INFO: Epoch 298: loss=7.0866, RMSE_E_per_atom=432.2 meV, RMSE_F=262.3 meV / A, RMSE_Mu_per_atom=14.53 mDebye
2023-12-06 15:36:51.934 INFO: Epoch 300: loss=10.9726, RMSE_E_per_atom=401.9 meV, RMSE_F=328.6 meV / A, RMSE_Mu_per_atom=10.85 mDebye
2023-12-06 15:36:52.503 INFO: Epoch 302: loss=9.7984, RMSE_E_per_atom=384.1 meV, RMSE_F=310.5 meV / A, RMSE_Mu_per_atom=11.01 mDebye
2023-12-06 15:36:53.070 INFO: Epoch 304: loss=7.9158, RMSE_E_per_atom=386.4 meV, RMSE_F=278.4 meV / A, RMSE_Mu_per_atom=12.18 mDebye
2023-12-06 15:36:53.642 INFO: Epoch 306: loss=11.6281, RMSE_E_per_atom=351.1 meV, RMSE_F=339.0 meV / A, RMSE_Mu_per_atom=10.09 mDebye
2023-12-06 15:36:54.209 INFO: Epoch 308: loss=9.9144, RMSE_E_per_atom=334.7 meV, RMSE_F=312.7 meV / A, RMSE_Mu_per_atom=14.93 mDebye
2023-12-06 15:36:54.778 INFO: Epoch 310: loss=9.4630, RMSE_E_per_atom=349.4 meV, RMSE_F=305.5 meV / A, RMSE_Mu_per_atom=9.61 mDebye
2023-12-06 15:36:55.347 INFO: Epoch 312: loss=9.2496, RMSE_E_per_atom=357.0 meV, RMSE_F=301.7 meV / A, RMSE_Mu_per_atom=13.25 mDebye
2023-12-06 15:36:55.916 INFO: Epoch 314: loss=5.7707, RMSE_E_per_atom=358.9 meV, RMSE_F=237.2 meV / A, RMSE_Mu_per_atom=13.02 mDebye
2023-12-06 15:36:56.744 INFO: Epoch 316: loss=6.8478, RMSE_E_per_atom=377.0 meV, RMSE_F=258.7 meV / A, RMSE_Mu_per_atom=11.02 mDebye
2023-12-06 15:36:57.311 INFO: Epoch 318: loss=7.0524, RMSE_E_per_atom=355.1 meV, RMSE_F=262.9 meV / A, RMSE_Mu_per_atom=11.56 mDebye
2023-12-06 15:36:57.877 INFO: Epoch 320: loss=11.6346, RMSE_E_per_atom=368.2 meV, RMSE_F=338.9 meV / A, RMSE_Mu_per_atom=12.65 mDebye
2023-12-06 15:36:58.442 INFO: Epoch 322: loss=11.1531, RMSE_E_per_atom=371.3 meV, RMSE_F=331.7 meV / A, RMSE_Mu_per_atom=12.47 mDebye
2023-12-06 15:36:59.009 INFO: Epoch 324: loss=12.6522, RMSE_E_per_atom=360.7 meV, RMSE_F=353.7 meV / A, RMSE_Mu_per_atom=10.57 mDebye
2023-12-06 15:36:59.575 INFO: Epoch 326: loss=15.6653, RMSE_E_per_atom=359.5 meV, RMSE_F=394.0 meV / A, RMSE_Mu_per_atom=12.73 mDebye
2023-12-06 15:37:00.143 INFO: Epoch 328: loss=8.8410, RMSE_E_per_atom=345.7 meV, RMSE_F=295.1 meV / A, RMSE_Mu_per_atom=11.51 mDebye
2023-12-06 15:37:00.712 INFO: Epoch 330: loss=13.3826, RMSE_E_per_atom=343.5 meV, RMSE_F=364.1 meV / A, RMSE_Mu_per_atom=10.24 mDebye
2023-12-06 15:37:01.278 INFO: Epoch 332: loss=9.0039, RMSE_E_per_atom=331.3 meV, RMSE_F=298.0 meV / A, RMSE_Mu_per_atom=12.22 mDebye
2023-12-06 15:37:01.845 INFO: Epoch 334: loss=15.8446, RMSE_E_per_atom=318.7 meV, RMSE_F=396.6 meV / A, RMSE_Mu_per_atom=10.12 mDebye
2023-12-06 15:37:02.411 INFO: Epoch 336: loss=14.2075, RMSE_E_per_atom=304.7 meV, RMSE_F=375.4 meV / A, RMSE_Mu_per_atom=14.05 mDebye
2023-12-06 15:37:02.978 INFO: Epoch 338: loss=17.9762, RMSE_E_per_atom=287.8 meV, RMSE_F=422.9 meV / A, RMSE_Mu_per_atom=9.89 mDebye
2023-12-06 15:37:03.543 INFO: Epoch 340: loss=13.7919, RMSE_E_per_atom=305.4 meV, RMSE_F=370.0 meV / A, RMSE_Mu_per_atom=9.99 mDebye
2023-12-06 15:37:04.109 INFO: Epoch 342: loss=12.6564, RMSE_E_per_atom=297.5 meV, RMSE_F=354.3 meV / A, RMSE_Mu_per_atom=11.72 mDebye
2023-12-06 15:37:04.676 INFO: Epoch 344: loss=18.0474, RMSE_E_per_atom=293.1 meV, RMSE_F=423.7 meV / A, RMSE_Mu_per_atom=10.08 mDebye
2023-12-06 15:37:05.245 INFO: Epoch 346: loss=15.8443, RMSE_E_per_atom=312.6 meV, RMSE_F=396.7 meV / A, RMSE_Mu_per_atom=10.49 mDebye
2023-12-06 15:37:05.811 INFO: Epoch 348: loss=19.5075, RMSE_E_per_atom=297.2 meV, RMSE_F=440.6 meV / A, RMSE_Mu_per_atom=9.98 mDebye
2023-12-06 15:37:06.377 INFO: Epoch 350: loss=17.8508, RMSE_E_per_atom=325.2 meV, RMSE_F=421.1 meV / A, RMSE_Mu_per_atom=12.91 mDebye
2023-12-06 15:37:06.942 INFO: Epoch 352: loss=12.4238, RMSE_E_per_atom=306.3 meV, RMSE_F=351.0 meV / A, RMSE_Mu_per_atom=9.98 mDebye
2023-12-06 15:37:07.508 INFO: Epoch 354: loss=11.4175, RMSE_E_per_atom=301.1 meV, RMSE_F=336.4 meV / A, RMSE_Mu_per_atom=10.85 mDebye
2023-12-06 15:37:08.074 INFO: Epoch 356: loss=8.2775, RMSE_E_per_atom=304.2 meV, RMSE_F=285.7 meV / A, RMSE_Mu_per_atom=15.09 mDebye
2023-12-06 15:37:08.639 INFO: Epoch 358: loss=13.1736, RMSE_E_per_atom=285.7 meV, RMSE_F=361.7 meV / A, RMSE_Mu_per_atom=10.46 mDebye
2023-12-06 15:37:09.212 INFO: Epoch 360: loss=15.8060, RMSE_E_per_atom=271.8 meV, RMSE_F=396.5 meV / A, RMSE_Mu_per_atom=10.97 mDebye
2023-12-06 15:37:09.781 INFO: Epoch 362: loss=18.7243, RMSE_E_per_atom=261.5 meV, RMSE_F=431.8 meV / A, RMSE_Mu_per_atom=11.12 mDebye
2023-12-06 15:37:10.349 INFO: Epoch 364: loss=17.5570, RMSE_E_per_atom=254.1 meV, RMSE_F=418.1 meV / A, RMSE_Mu_per_atom=12.00 mDebye
2023-12-06 15:37:10.916 INFO: Epoch 366: loss=11.5444, RMSE_E_per_atom=267.3 meV, RMSE_F=338.5 meV / A, RMSE_Mu_per_atom=13.00 mDebye
2023-12-06 15:37:11.483 INFO: Epoch 368: loss=11.0355, RMSE_E_per_atom=262.2 meV, RMSE_F=331.0 meV / A, RMSE_Mu_per_atom=11.26 mDebye
2023-12-06 15:37:12.051 INFO: Epoch 370: loss=13.9691, RMSE_E_per_atom=267.7 meV, RMSE_F=372.5 meV / A, RMSE_Mu_per_atom=13.48 mDebye
2023-12-06 15:37:12.623 INFO: Epoch 372: loss=12.4419, RMSE_E_per_atom=255.5 meV, RMSE_F=351.6 meV / A, RMSE_Mu_per_atom=11.17 mDebye
2023-12-06 15:37:13.188 INFO: Epoch 374: loss=11.8914, RMSE_E_per_atom=251.4 meV, RMSE_F=343.7 meV / A, RMSE_Mu_per_atom=13.33 mDebye
2023-12-06 15:37:13.752 INFO: Epoch 376: loss=11.8871, RMSE_E_per_atom=253.5 meV, RMSE_F=343.7 meV / A, RMSE_Mu_per_atom=10.13 mDebye
2023-12-06 15:37:14.317 INFO: Epoch 378: loss=9.9692, RMSE_E_per_atom=237.2 meV, RMSE_F=314.6 meV / A, RMSE_Mu_per_atom=13.42 mDebye
2023-12-06 15:37:14.883 INFO: Epoch 380: loss=9.6679, RMSE_E_per_atom=241.5 meV, RMSE_F=309.8 meV / A, RMSE_Mu_per_atom=10.99 mDebye
2023-12-06 15:37:15.451 INFO: Epoch 382: loss=9.4961, RMSE_E_per_atom=227.9 meV, RMSE_F=307.1 meV / A, RMSE_Mu_per_atom=11.47 mDebye
2023-12-06 15:37:16.018 INFO: Epoch 384: loss=10.5317, RMSE_E_per_atom=196.3 meV, RMSE_F=323.7 meV / A, RMSE_Mu_per_atom=12.65 mDebye
2023-12-06 15:37:16.585 INFO: Epoch 386: loss=11.1375, RMSE_E_per_atom=186.4 meV, RMSE_F=333.0 meV / A, RMSE_Mu_per_atom=13.00 mDebye
2023-12-06 15:37:17.151 INFO: Epoch 388: loss=9.8975, RMSE_E_per_atom=183.4 meV, RMSE_F=313.9 meV / A, RMSE_Mu_per_atom=10.96 mDebye
2023-12-06 15:37:17.716 INFO: Epoch 390: loss=6.8488, RMSE_E_per_atom=178.1 meV, RMSE_F=260.7 meV / A, RMSE_Mu_per_atom=14.38 mDebye
2023-12-06 15:37:18.283 INFO: Epoch 392: loss=7.6956, RMSE_E_per_atom=189.1 meV, RMSE_F=276.5 meV / A, RMSE_Mu_per_atom=11.05 mDebye
2023-12-06 15:37:18.849 INFO: Epoch 394: loss=9.0581, RMSE_E_per_atom=174.9 meV, RMSE_F=300.3 meV / A, RMSE_Mu_per_atom=11.01 mDebye
2023-12-06 15:37:19.415 INFO: Epoch 396: loss=10.7840, RMSE_E_per_atom=166.9 meV, RMSE_F=327.8 meV / A, RMSE_Mu_per_atom=10.61 mDebye
2023-12-06 15:37:19.980 INFO: Epoch 398: loss=9.5446, RMSE_E_per_atom=160.8 meV, RMSE_F=308.3 meV / A, RMSE_Mu_per_atom=11.40 mDebye
2023-12-06 15:37:20.547 INFO: Epoch 400: loss=6.2244, RMSE_E_per_atom=162.0 meV, RMSE_F=248.7 meV / A, RMSE_Mu_per_atom=11.60 mDebye
2023-12-06 15:37:21.116 INFO: Epoch 402: loss=11.7774, RMSE_E_per_atom=169.9 meV, RMSE_F=342.6 meV / A, RMSE_Mu_per_atom=10.51 mDebye
2023-12-06 15:37:21.684 INFO: Epoch 404: loss=12.3353, RMSE_E_per_atom=149.2 meV, RMSE_F=350.7 meV / A, RMSE_Mu_per_atom=11.97 mDebye
2023-12-06 15:37:22.252 INFO: Epoch 406: loss=8.4569, RMSE_E_per_atom=156.6 meV, RMSE_F=290.2 meV / A, RMSE_Mu_per_atom=10.57 mDebye
2023-12-06 15:37:22.819 INFO: Epoch 408: loss=7.3432, RMSE_E_per_atom=156.7 meV, RMSE_F=270.3 meV / A, RMSE_Mu_per_atom=11.27 mDebye
2023-12-06 15:37:23.385 INFO: Epoch 410: loss=9.6000, RMSE_E_per_atom=147.8 meV, RMSE_F=309.3 meV / A, RMSE_Mu_per_atom=12.01 mDebye
2023-12-06 15:37:23.951 INFO: Epoch 412: loss=11.7371, RMSE_E_per_atom=160.1 meV, RMSE_F=342.1 meV / A, RMSE_Mu_per_atom=10.50 mDebye
2023-12-06 15:37:24.519 INFO: Epoch 414: loss=9.7582, RMSE_E_per_atom=153.4 meV, RMSE_F=311.7 meV / A, RMSE_Mu_per_atom=14.59 mDebye
2023-12-06 15:37:25.085 INFO: Epoch 416: loss=9.4521, RMSE_E_per_atom=151.2 meV, RMSE_F=306.9 meV / A, RMSE_Mu_per_atom=10.60 mDebye
2023-12-06 15:37:25.651 INFO: Epoch 418: loss=7.9647, RMSE_E_per_atom=146.3 meV, RMSE_F=281.4 meV / A, RMSE_Mu_per_atom=15.07 mDebye
2023-12-06 15:37:26.219 INFO: Epoch 420: loss=8.0748, RMSE_E_per_atom=136.0 meV, RMSE_F=283.6 meV / A, RMSE_Mu_per_atom=11.41 mDebye
2023-12-06 15:37:26.786 INFO: Epoch 422: loss=7.2192, RMSE_E_per_atom=143.6 meV, RMSE_F=268.0 meV / A, RMSE_Mu_per_atom=11.68 mDebye
2023-12-06 15:37:27.351 INFO: Epoch 424: loss=7.2938, RMSE_E_per_atom=137.1 meV, RMSE_F=269.4 meV / A, RMSE_Mu_per_atom=14.05 mDebye
2023-12-06 15:37:27.921 INFO: Epoch 426: loss=7.5422, RMSE_E_per_atom=132.5 meV, RMSE_F=274.1 meV / A, RMSE_Mu_per_atom=11.53 mDebye
2023-12-06 15:37:28.488 INFO: Epoch 428: loss=9.1119, RMSE_E_per_atom=132.5 meV, RMSE_F=301.3 meV / A, RMSE_Mu_per_atom=11.72 mDebye
2023-12-06 15:37:29.054 INFO: Epoch 430: loss=8.4043, RMSE_E_per_atom=122.0 meV, RMSE_F=289.3 meV / A, RMSE_Mu_per_atom=13.53 mDebye
2023-12-06 15:37:29.620 INFO: Epoch 432: loss=8.1026, RMSE_E_per_atom=123.5 meV, RMSE_F=284.1 meV / A, RMSE_Mu_per_atom=11.60 mDebye
2023-12-06 15:37:30.187 INFO: Epoch 434: loss=9.6112, RMSE_E_per_atom=113.0 meV, RMSE_F=309.5 meV / A, RMSE_Mu_per_atom=12.91 mDebye
2023-12-06 15:37:30.755 INFO: Epoch 436: loss=11.4801, RMSE_E_per_atom=113.6 meV, RMSE_F=338.4 meV / A, RMSE_Mu_per_atom=12.58 mDebye
2023-12-06 15:37:31.322 INFO: Epoch 438: loss=9.4833, RMSE_E_per_atom=107.7 meV, RMSE_F=307.5 meV / A, RMSE_Mu_per_atom=11.91 mDebye
2023-12-06 15:37:31.890 INFO: Epoch 440: loss=10.8810, RMSE_E_per_atom=107.1 meV, RMSE_F=329.4 meV / A, RMSE_Mu_per_atom=13.07 mDebye
2023-12-06 15:37:32.458 INFO: Epoch 442: loss=13.2467, RMSE_E_per_atom=104.4 meV, RMSE_F=363.6 meV / A, RMSE_Mu_per_atom=11.78 mDebye
2023-12-06 15:37:33.031 INFO: Epoch 444: loss=8.0662, RMSE_E_per_atom=102.2 meV, RMSE_F=283.4 meV / A, RMSE_Mu_per_atom=15.02 mDebye
2023-12-06 15:37:33.597 INFO: Epoch 446: loss=7.1008, RMSE_E_per_atom=106.2 meV, RMSE_F=266.0 meV / A, RMSE_Mu_per_atom=12.01 mDebye
2023-12-06 15:37:34.163 INFO: Epoch 448: loss=13.3533, RMSE_E_per_atom=98.1 meV, RMSE_F=365.0 meV / A, RMSE_Mu_per_atom=13.44 mDebye
2023-12-06 15:37:34.728 INFO: Epoch 450: loss=10.4745, RMSE_E_per_atom=105.2 meV, RMSE_F=323.3 meV / A, RMSE_Mu_per_atom=11.61 mDebye
2023-12-06 15:37:35.294 INFO: Epoch 452: loss=9.9465, RMSE_E_per_atom=108.8 meV, RMSE_F=315.0 meV / A, RMSE_Mu_per_atom=11.54 mDebye
2023-12-06 15:37:35.861 INFO: Epoch 454: loss=8.1295, RMSE_E_per_atom=98.6 meV, RMSE_F=284.7 meV / A, RMSE_Mu_per_atom=13.04 mDebye
2023-12-06 15:37:36.428 INFO: Epoch 456: loss=10.7054, RMSE_E_per_atom=107.0 meV, RMSE_F=326.8 meV / A, RMSE_Mu_per_atom=11.45 mDebye
2023-12-06 15:37:36.995 INFO: Epoch 458: loss=10.2681, RMSE_E_per_atom=112.6 meV, RMSE_F=320.0 meV / A, RMSE_Mu_per_atom=12.55 mDebye
2023-12-06 15:37:37.562 INFO: Epoch 460: loss=11.9691, RMSE_E_per_atom=107.7 meV, RMSE_F=345.6 meV / A, RMSE_Mu_per_atom=10.78 mDebye
2023-12-06 15:37:38.129 INFO: Epoch 462: loss=13.1192, RMSE_E_per_atom=103.0 meV, RMSE_F=361.9 meV / A, RMSE_Mu_per_atom=11.08 mDebye
2023-12-06 15:37:38.696 INFO: Epoch 464: loss=9.6333, RMSE_E_per_atom=94.4 meV, RMSE_F=310.0 meV / A, RMSE_Mu_per_atom=12.15 mDebye
2023-12-06 15:37:39.265 INFO: Epoch 466: loss=9.0502, RMSE_E_per_atom=88.3 meV, RMSE_F=300.5 meV / A, RMSE_Mu_per_atom=12.06 mDebye
2023-12-06 15:37:39.831 INFO: Epoch 468: loss=9.4270, RMSE_E_per_atom=78.5 meV, RMSE_F=306.7 meV / A, RMSE_Mu_per_atom=13.09 mDebye
2023-12-06 15:37:40.399 INFO: Epoch 470: loss=9.5660, RMSE_E_per_atom=83.1 meV, RMSE_F=308.9 meV / A, RMSE_Mu_per_atom=12.91 mDebye
2023-12-06 15:37:40.966 INFO: Epoch 472: loss=8.2089, RMSE_E_per_atom=81.4 meV, RMSE_F=286.2 meV / A, RMSE_Mu_per_atom=11.83 mDebye
2023-12-06 15:37:41.534 INFO: Epoch 474: loss=7.7638, RMSE_E_per_atom=76.9 meV, RMSE_F=278.2 meV / A, RMSE_Mu_per_atom=13.96 mDebye
2023-12-06 15:37:42.100 INFO: Epoch 476: loss=7.3450, RMSE_E_per_atom=79.7 meV, RMSE_F=270.6 meV / A, RMSE_Mu_per_atom=13.09 mDebye
2023-12-06 15:37:42.670 INFO: Epoch 478: loss=10.0699, RMSE_E_per_atom=72.9 meV, RMSE_F=317.0 meV / A, RMSE_Mu_per_atom=11.78 mDebye
2023-12-06 15:37:43.239 INFO: Epoch 480: loss=10.0293, RMSE_E_per_atom=78.3 meV, RMSE_F=316.3 meV / A, RMSE_Mu_per_atom=13.07 mDebye
2023-12-06 15:37:43.806 INFO: Epoch 482: loss=9.4270, RMSE_E_per_atom=75.5 meV, RMSE_F=306.7 meV / A, RMSE_Mu_per_atom=12.11 mDebye
2023-12-06 15:37:44.373 INFO: Epoch 484: loss=9.7599, RMSE_E_per_atom=78.8 meV, RMSE_F=312.1 meV / A, RMSE_Mu_per_atom=12.30 mDebye
2023-12-06 15:37:44.940 INFO: Epoch 486: loss=8.5284, RMSE_E_per_atom=77.5 meV, RMSE_F=291.6 meV / A, RMSE_Mu_per_atom=13.70 mDebye
2023-12-06 15:37:45.507 INFO: Epoch 488: loss=7.1288, RMSE_E_per_atom=69.8 meV, RMSE_F=266.6 meV / A, RMSE_Mu_per_atom=11.94 mDebye
2023-12-06 15:37:46.073 INFO: Epoch 490: loss=8.3059, RMSE_E_per_atom=75.2 meV, RMSE_F=287.8 meV / A, RMSE_Mu_per_atom=12.43 mDebye
2023-12-06 15:37:46.639 INFO: Epoch 492: loss=8.1803, RMSE_E_per_atom=81.1 meV, RMSE_F=285.6 meV / A, RMSE_Mu_per_atom=12.54 mDebye
2023-12-06 15:37:47.207 INFO: Epoch 494: loss=8.3878, RMSE_E_per_atom=77.0 meV, RMSE_F=289.2 meV / A, RMSE_Mu_per_atom=12.57 mDebye
2023-12-06 15:37:47.777 INFO: Epoch 496: loss=10.1177, RMSE_E_per_atom=82.7 meV, RMSE_F=317.8 meV / A, RMSE_Mu_per_atom=11.86 mDebye
2023-12-06 15:37:48.344 INFO: Epoch 498: loss=8.6756, RMSE_E_per_atom=74.2 meV, RMSE_F=294.2 meV / A, RMSE_Mu_per_atom=12.94 mDebye
2023-12-06 15:37:48.912 INFO: Epoch 500: loss=8.6736, RMSE_E_per_atom=71.3 meV, RMSE_F=294.2 meV / A, RMSE_Mu_per_atom=11.92 mDebye
2023-12-06 15:37:49.479 INFO: Epoch 502: loss=10.3271, RMSE_E_per_atom=89.7 meV, RMSE_F=321.0 meV / A, RMSE_Mu_per_atom=11.82 mDebye
2023-12-06 15:37:50.047 INFO: Epoch 504: loss=7.5101, RMSE_E_per_atom=72.4 meV, RMSE_F=273.6 meV / A, RMSE_Mu_per_atom=13.77 mDebye
2023-12-06 15:37:50.616 INFO: Epoch 506: loss=7.8536, RMSE_E_per_atom=80.6 meV, RMSE_F=279.8 meV / A, RMSE_Mu_per_atom=12.80 mDebye
2023-12-06 15:37:51.183 INFO: Epoch 508: loss=9.1176, RMSE_E_per_atom=74.7 meV, RMSE_F=301.5 meV / A, RMSE_Mu_per_atom=14.20 mDebye
2023-12-06 15:37:51.750 INFO: Epoch 510: loss=7.6698, RMSE_E_per_atom=81.5 meV, RMSE_F=276.6 meV / A, RMSE_Mu_per_atom=12.15 mDebye
2023-12-06 15:37:52.317 INFO: Epoch 512: loss=7.6745, RMSE_E_per_atom=67.8 meV, RMSE_F=276.7 meV / A, RMSE_Mu_per_atom=12.71 mDebye
2023-12-06 15:37:52.888 INFO: Epoch 514: loss=9.5149, RMSE_E_per_atom=63.3 meV, RMSE_F=308.1 meV / A, RMSE_Mu_per_atom=13.38 mDebye
2023-12-06 15:37:53.461 INFO: Epoch 516: loss=10.5321, RMSE_E_per_atom=59.8 meV, RMSE_F=324.3 meV / A, RMSE_Mu_per_atom=11.85 mDebye
2023-12-06 15:37:54.027 INFO: Epoch 518: loss=8.8076, RMSE_E_per_atom=59.7 meV, RMSE_F=296.4 meV / A, RMSE_Mu_per_atom=12.98 mDebye
2023-12-06 15:37:54.593 INFO: Epoch 520: loss=12.5187, RMSE_E_per_atom=64.7 meV, RMSE_F=353.5 meV / A, RMSE_Mu_per_atom=12.66 mDebye
2023-12-06 15:37:55.160 INFO: Epoch 522: loss=11.7181, RMSE_E_per_atom=58.2 meV, RMSE_F=342.1 meV / A, RMSE_Mu_per_atom=12.00 mDebye
2023-12-06 15:37:55.727 INFO: Epoch 524: loss=11.9488, RMSE_E_per_atom=54.0 meV, RMSE_F=345.4 meV / A, RMSE_Mu_per_atom=12.40 mDebye
2023-12-06 15:37:56.294 INFO: Epoch 526: loss=11.7202, RMSE_E_per_atom=46.1 meV, RMSE_F=342.1 meV / A, RMSE_Mu_per_atom=12.98 mDebye
2023-12-06 15:37:56.860 INFO: Epoch 528: loss=12.7262, RMSE_E_per_atom=44.3 meV, RMSE_F=356.5 meV / A, RMSE_Mu_per_atom=12.46 mDebye
2023-12-06 15:37:57.426 INFO: Epoch 530: loss=13.1513, RMSE_E_per_atom=47.9 meV, RMSE_F=362.4 meV / A, RMSE_Mu_per_atom=12.54 mDebye
2023-12-06 15:37:57.994 INFO: Epoch 532: loss=10.3519, RMSE_E_per_atom=38.7 meV, RMSE_F=321.5 meV / A, RMSE_Mu_per_atom=13.14 mDebye
2023-12-06 15:37:58.561 INFO: Epoch 534: loss=11.1399, RMSE_E_per_atom=36.3 meV, RMSE_F=333.5 meV / A, RMSE_Mu_per_atom=12.52 mDebye
2023-12-06 15:37:59.128 INFO: Epoch 536: loss=11.9256, RMSE_E_per_atom=40.6 meV, RMSE_F=345.1 meV / A, RMSE_Mu_per_atom=12.42 mDebye
2023-12-06 15:37:59.694 INFO: Epoch 538: loss=10.9321, RMSE_E_per_atom=35.4 meV, RMSE_F=330.4 meV / A, RMSE_Mu_per_atom=12.38 mDebye
2023-12-06 15:38:00.264 INFO: Epoch 540: loss=11.3642, RMSE_E_per_atom=37.8 meV, RMSE_F=336.9 meV / A, RMSE_Mu_per_atom=12.53 mDebye
2023-12-06 15:38:00.831 INFO: Epoch 542: loss=10.9131, RMSE_E_per_atom=30.5 meV, RMSE_F=330.1 meV / A, RMSE_Mu_per_atom=13.02 mDebye
2023-12-06 15:38:01.398 INFO: Epoch 544: loss=10.0734, RMSE_E_per_atom=32.4 meV, RMSE_F=317.1 meV / A, RMSE_Mu_per_atom=12.61 mDebye
2023-12-06 15:38:01.970 INFO: Epoch 546: loss=11.7120, RMSE_E_per_atom=28.5 meV, RMSE_F=342.0 meV / A, RMSE_Mu_per_atom=12.61 mDebye
2023-12-06 15:38:02.537 INFO: Epoch 548: loss=12.2959, RMSE_E_per_atom=26.7 meV, RMSE_F=350.4 meV / A, RMSE_Mu_per_atom=12.83 mDebye
2023-12-06 15:38:03.106 INFO: Epoch 550: loss=12.4706, RMSE_E_per_atom=25.0 meV, RMSE_F=352.9 meV / A, RMSE_Mu_per_atom=12.57 mDebye
2023-12-06 15:38:03.674 INFO: Epoch 552: loss=11.5271, RMSE_E_per_atom=23.3 meV, RMSE_F=339.2 meV / A, RMSE_Mu_per_atom=13.47 mDebye
2023-12-06 15:38:04.239 INFO: Epoch 554: loss=10.8110, RMSE_E_per_atom=23.1 meV, RMSE_F=328.6 meV / A, RMSE_Mu_per_atom=12.63 mDebye
2023-12-06 15:38:04.804 INFO: Epoch 556: loss=11.0571, RMSE_E_per_atom=21.8 meV, RMSE_F=332.2 meV / A, RMSE_Mu_per_atom=13.41 mDebye
2023-12-06 15:38:05.372 INFO: Epoch 558: loss=12.2271, RMSE_E_per_atom=22.1 meV, RMSE_F=349.4 meV / A, RMSE_Mu_per_atom=12.65 mDebye
2023-12-06 15:38:05.938 INFO: Epoch 560: loss=11.7945, RMSE_E_per_atom=22.0 meV, RMSE_F=343.2 meV / A, RMSE_Mu_per_atom=12.72 mDebye
2023-12-06 15:38:06.503 INFO: Epoch 562: loss=10.3918, RMSE_E_per_atom=23.0 meV, RMSE_F=322.1 meV / A, RMSE_Mu_per_atom=13.10 mDebye
2023-12-06 15:38:07.069 INFO: Epoch 564: loss=10.3014, RMSE_E_per_atom=19.4 meV, RMSE_F=320.7 meV / A, RMSE_Mu_per_atom=12.99 mDebye
2023-12-06 15:38:07.635 INFO: Epoch 566: loss=10.0237, RMSE_E_per_atom=19.0 meV, RMSE_F=316.3 meV / A, RMSE_Mu_per_atom=13.17 mDebye
2023-12-06 15:38:08.201 INFO: Epoch 568: loss=11.2169, RMSE_E_per_atom=16.7 meV, RMSE_F=334.7 meV / A, RMSE_Mu_per_atom=12.96 mDebye
2023-12-06 15:38:08.768 INFO: Epoch 570: loss=10.6911, RMSE_E_per_atom=18.6 meV, RMSE_F=326.7 meV / A, RMSE_Mu_per_atom=12.97 mDebye
2023-12-06 15:38:09.333 INFO: Epoch 572: loss=10.4429, RMSE_E_per_atom=18.7 meV, RMSE_F=322.9 meV / A, RMSE_Mu_per_atom=12.94 mDebye
2023-12-06 15:38:09.898 INFO: Epoch 574: loss=10.3169, RMSE_E_per_atom=16.6 meV, RMSE_F=320.9 meV / A, RMSE_Mu_per_atom=13.13 mDebye
2023-12-06 15:38:10.462 INFO: Epoch 576: loss=11.1592, RMSE_E_per_atom=18.4 meV, RMSE_F=333.8 meV / A, RMSE_Mu_per_atom=13.12 mDebye
2023-12-06 15:38:11.029 INFO: Epoch 578: loss=9.8145, RMSE_E_per_atom=12.1 meV, RMSE_F=313.0 meV / A, RMSE_Mu_per_atom=13.25 mDebye
2023-12-06 15:38:11.595 INFO: Epoch 580: loss=10.4642, RMSE_E_per_atom=15.1 meV, RMSE_F=323.2 meV / A, RMSE_Mu_per_atom=13.23 mDebye
2023-12-06 15:38:12.162 INFO: Epoch 582: loss=8.8045, RMSE_E_per_atom=13.4 meV, RMSE_F=296.4 meV / A, RMSE_Mu_per_atom=13.44 mDebye
2023-12-06 15:38:12.726 INFO: Epoch 584: loss=11.0387, RMSE_E_per_atom=13.8 meV, RMSE_F=332.0 meV / A, RMSE_Mu_per_atom=13.06 mDebye
2023-12-06 15:38:13.293 INFO: Epoch 586: loss=11.0240, RMSE_E_per_atom=15.3 meV, RMSE_F=331.8 meV / A, RMSE_Mu_per_atom=12.79 mDebye
2023-12-06 15:38:13.860 INFO: Epoch 588: loss=10.2759, RMSE_E_per_atom=13.3 meV, RMSE_F=320.3 meV / A, RMSE_Mu_per_atom=13.51 mDebye
2023-12-06 15:38:14.426 INFO: Epoch 590: loss=10.5663, RMSE_E_per_atom=13.6 meV, RMSE_F=324.8 meV / A, RMSE_Mu_per_atom=12.98 mDebye
2023-12-06 15:38:14.991 INFO: Epoch 592: loss=11.5436, RMSE_E_per_atom=14.0 meV, RMSE_F=339.5 meV / A, RMSE_Mu_per_atom=12.81 mDebye
2023-12-06 15:38:15.557 INFO: Epoch 594: loss=10.6407, RMSE_E_per_atom=13.2 meV, RMSE_F=325.9 meV / A, RMSE_Mu_per_atom=13.33 mDebye
2023-12-06 15:38:16.122 INFO: Epoch 596: loss=10.7140, RMSE_E_per_atom=11.8 meV, RMSE_F=327.1 meV / A, RMSE_Mu_per_atom=13.28 mDebye
2023-12-06 15:38:16.688 INFO: Epoch 598: loss=12.1549, RMSE_E_per_atom=13.4 meV, RMSE_F=348.4 meV / A, RMSE_Mu_per_atom=12.88 mDebye
2023-12-06 15:38:17.255 INFO: Epoch 600: loss=11.0791, RMSE_E_per_atom=13.1 meV, RMSE_F=332.6 meV / A, RMSE_Mu_per_atom=13.11 mDebye
2023-12-06 15:38:17.821 INFO: Epoch 602: loss=12.0600, RMSE_E_per_atom=12.2 meV, RMSE_F=347.0 meV / A, RMSE_Mu_per_atom=13.05 mDebye
2023-12-06 15:38:18.388 INFO: Epoch 604: loss=11.7995, RMSE_E_per_atom=13.0 meV, RMSE_F=343.2 meV / A, RMSE_Mu_per_atom=13.14 mDebye
2023-12-06 15:38:18.960 INFO: Epoch 606: loss=12.5398, RMSE_E_per_atom=11.1 meV, RMSE_F=353.9 meV / A, RMSE_Mu_per_atom=13.39 mDebye
2023-12-06 15:38:19.527 INFO: Epoch 608: loss=11.6345, RMSE_E_per_atom=13.0 meV, RMSE_F=340.8 meV / A, RMSE_Mu_per_atom=13.06 mDebye
2023-12-06 15:38:20.094 INFO: Epoch 610: loss=12.4425, RMSE_E_per_atom=13.8 meV, RMSE_F=352.5 meV / A, RMSE_Mu_per_atom=12.83 mDebye
2023-12-06 15:38:20.662 INFO: Epoch 612: loss=12.4834, RMSE_E_per_atom=14.0 meV, RMSE_F=353.1 meV / A, RMSE_Mu_per_atom=13.12 mDebye
2023-12-06 15:38:21.229 INFO: Epoch 614: loss=11.9138, RMSE_E_per_atom=13.2 meV, RMSE_F=344.9 meV / A, RMSE_Mu_per_atom=13.14 mDebye
2023-12-06 15:38:21.796 INFO: Epoch 616: loss=10.9901, RMSE_E_per_atom=13.2 meV, RMSE_F=331.2 meV / A, RMSE_Mu_per_atom=13.36 mDebye
2023-12-06 15:38:22.363 INFO: Epoch 618: loss=11.5048, RMSE_E_per_atom=12.7 meV, RMSE_F=338.9 meV / A, RMSE_Mu_per_atom=13.20 mDebye
2023-12-06 15:38:22.929 INFO: Epoch 620: loss=10.9526, RMSE_E_per_atom=14.1 meV, RMSE_F=330.7 meV / A, RMSE_Mu_per_atom=13.36 mDebye
2023-12-06 15:38:23.496 INFO: Epoch 622: loss=11.2466, RMSE_E_per_atom=13.3 meV, RMSE_F=335.1 meV / A, RMSE_Mu_per_atom=13.35 mDebye
2023-12-06 15:38:24.063 INFO: Epoch 624: loss=10.7645, RMSE_E_per_atom=13.6 meV, RMSE_F=327.8 meV / A, RMSE_Mu_per_atom=13.40 mDebye
2023-12-06 15:38:24.628 INFO: Epoch 626: loss=11.0864, RMSE_E_per_atom=12.4 meV, RMSE_F=332.7 meV / A, RMSE_Mu_per_atom=13.61 mDebye
2023-12-06 15:38:25.194 INFO: Epoch 628: loss=11.2818, RMSE_E_per_atom=13.0 meV, RMSE_F=335.6 meV / A, RMSE_Mu_per_atom=13.31 mDebye
2023-12-06 15:38:25.761 INFO: Epoch 630: loss=11.1813, RMSE_E_per_atom=11.4 meV, RMSE_F=334.1 meV / A, RMSE_Mu_per_atom=13.41 mDebye
2023-12-06 15:38:26.327 INFO: Epoch 632: loss=11.3698, RMSE_E_per_atom=11.5 meV, RMSE_F=336.9 meV / A, RMSE_Mu_per_atom=13.50 mDebye
2023-12-06 15:38:26.894 INFO: Epoch 634: loss=11.3913, RMSE_E_per_atom=11.5 meV, RMSE_F=337.2 meV / A, RMSE_Mu_per_atom=13.26 mDebye
2023-12-06 15:38:27.459 INFO: Epoch 636: loss=11.6460, RMSE_E_per_atom=10.8 meV, RMSE_F=341.0 meV / A, RMSE_Mu_per_atom=13.33 mDebye
2023-12-06 15:38:28.023 INFO: Epoch 638: loss=11.5626, RMSE_E_per_atom=10.3 meV, RMSE_F=339.8 meV / A, RMSE_Mu_per_atom=13.41 mDebye
2023-12-06 15:38:28.587 INFO: Epoch 640: loss=11.6002, RMSE_E_per_atom=9.9 meV, RMSE_F=340.3 meV / A, RMSE_Mu_per_atom=13.39 mDebye
2023-12-06 15:38:29.154 INFO: Epoch 642: loss=11.5957, RMSE_E_per_atom=9.9 meV, RMSE_F=340.3 meV / A, RMSE_Mu_per_atom=13.36 mDebye
2023-12-06 15:38:29.721 INFO: Epoch 644: loss=11.6222, RMSE_E_per_atom=9.6 meV, RMSE_F=340.6 meV / A, RMSE_Mu_per_atom=13.43 mDebye
2023-12-06 15:38:30.287 INFO: Epoch 646: loss=11.6221, RMSE_E_per_atom=9.2 meV, RMSE_F=340.6 meV / A, RMSE_Mu_per_atom=13.46 mDebye
2023-12-06 15:38:30.854 INFO: Epoch 648: loss=11.4400, RMSE_E_per_atom=9.0 meV, RMSE_F=338.0 meV / A, RMSE_Mu_per_atom=13.48 mDebye
2023-12-06 15:38:31.422 INFO: Epoch 650: loss=11.6485, RMSE_E_per_atom=8.8 meV, RMSE_F=341.0 meV / A, RMSE_Mu_per_atom=13.42 mDebye
2023-12-06 15:38:31.990 INFO: Epoch 652: loss=11.6410, RMSE_E_per_atom=8.5 meV, RMSE_F=340.9 meV / A, RMSE_Mu_per_atom=13.55 mDebye
2023-12-06 15:38:32.558 INFO: Epoch 654: loss=11.7061, RMSE_E_per_atom=8.5 meV, RMSE_F=341.9 meV / A, RMSE_Mu_per_atom=13.49 mDebye
2023-12-06 15:38:33.124 INFO: Epoch 656: loss=11.4662, RMSE_E_per_atom=8.3 meV, RMSE_F=338.3 meV / A, RMSE_Mu_per_atom=13.51 mDebye
2023-12-06 15:38:33.691 INFO: Epoch 658: loss=11.4682, RMSE_E_per_atom=8.2 meV, RMSE_F=338.4 meV / A, RMSE_Mu_per_atom=13.57 mDebye
2023-12-06 15:38:34.257 INFO: Epoch 660: loss=11.6895, RMSE_E_per_atom=8.2 meV, RMSE_F=341.6 meV / A, RMSE_Mu_per_atom=13.50 mDebye
2023-12-06 15:38:34.822 INFO: Epoch 662: loss=11.4292, RMSE_E_per_atom=8.1 meV, RMSE_F=337.8 meV / A, RMSE_Mu_per_atom=13.68 mDebye
2023-12-06 15:38:35.389 INFO: Epoch 664: loss=11.4792, RMSE_E_per_atom=8.1 meV, RMSE_F=338.5 meV / A, RMSE_Mu_per_atom=13.65 mDebye
2023-12-06 15:38:35.955 INFO: Epoch 666: loss=11.7595, RMSE_E_per_atom=8.0 meV, RMSE_F=342.7 meV / A, RMSE_Mu_per_atom=13.55 mDebye
2023-12-06 15:38:36.522 INFO: Epoch 668: loss=11.6773, RMSE_E_per_atom=8.0 meV, RMSE_F=341.4 meV / A, RMSE_Mu_per_atom=13.64 mDebye
2023-12-06 15:38:37.090 INFO: Epoch 670: loss=11.7633, RMSE_E_per_atom=7.9 meV, RMSE_F=342.7 meV / A, RMSE_Mu_per_atom=13.69 mDebye
2023-12-06 15:38:37.657 INFO: Epoch 672: loss=11.7606, RMSE_E_per_atom=7.9 meV, RMSE_F=342.7 meV / A, RMSE_Mu_per_atom=13.58 mDebye
2023-12-06 15:38:38.223 INFO: Epoch 674: loss=11.8065, RMSE_E_per_atom=7.9 meV, RMSE_F=343.3 meV / A, RMSE_Mu_per_atom=13.65 mDebye
2023-12-06 15:38:38.789 INFO: Epoch 676: loss=11.8122, RMSE_E_per_atom=7.9 meV, RMSE_F=343.4 meV / A, RMSE_Mu_per_atom=13.63 mDebye
2023-12-06 15:38:39.372 INFO: Epoch 678: loss=11.7621, RMSE_E_per_atom=7.9 meV, RMSE_F=342.7 meV / A, RMSE_Mu_per_atom=13.66 mDebye
2023-12-06 15:38:39.938 INFO: Epoch 680: loss=11.8024, RMSE_E_per_atom=7.9 meV, RMSE_F=343.3 meV / A, RMSE_Mu_per_atom=13.71 mDebye
2023-12-06 15:38:40.511 INFO: Epoch 682: loss=11.8108, RMSE_E_per_atom=7.8 meV, RMSE_F=343.4 meV / A, RMSE_Mu_per_atom=13.68 mDebye
2023-12-06 15:38:41.079 INFO: Epoch 684: loss=11.8023, RMSE_E_per_atom=7.8 meV, RMSE_F=343.3 meV / A, RMSE_Mu_per_atom=13.67 mDebye
2023-12-06 15:38:41.646 INFO: Epoch 686: loss=11.8521, RMSE_E_per_atom=7.8 meV, RMSE_F=344.0 meV / A, RMSE_Mu_per_atom=13.67 mDebye
2023-12-06 15:38:42.212 INFO: Epoch 688: loss=11.8305, RMSE_E_per_atom=7.8 meV, RMSE_F=343.7 meV / A, RMSE_Mu_per_atom=13.74 mDebye
2023-12-06 15:38:42.777 INFO: Epoch 690: loss=11.8516, RMSE_E_per_atom=7.8 meV, RMSE_F=344.0 meV / A, RMSE_Mu_per_atom=13.74 mDebye
2023-12-06 15:38:43.342 INFO: Epoch 692: loss=11.8712, RMSE_E_per_atom=7.8 meV, RMSE_F=344.3 meV / A, RMSE_Mu_per_atom=13.69 mDebye
2023-12-06 15:38:43.909 INFO: Epoch 694: loss=11.9076, RMSE_E_per_atom=7.9 meV, RMSE_F=344.8 meV / A, RMSE_Mu_per_atom=13.84 mDebye
2023-12-06 15:38:44.476 INFO: Epoch 696: loss=11.8497, RMSE_E_per_atom=7.9 meV, RMSE_F=344.0 meV / A, RMSE_Mu_per_atom=13.71 mDebye
2023-12-06 15:38:45.043 INFO: Epoch 698: loss=11.9311, RMSE_E_per_atom=7.8 meV, RMSE_F=345.1 meV / A, RMSE_Mu_per_atom=13.75 mDebye
2023-12-06 15:38:45.611 INFO: Epoch 700: loss=11.8296, RMSE_E_per_atom=7.8 meV, RMSE_F=343.7 meV / A, RMSE_Mu_per_atom=13.79 mDebye
2023-12-06 15:38:46.177 INFO: Epoch 702: loss=11.9581, RMSE_E_per_atom=7.9 meV, RMSE_F=345.5 meV / A, RMSE_Mu_per_atom=13.82 mDebye
2023-12-06 15:38:46.745 INFO: Epoch 704: loss=11.8882, RMSE_E_per_atom=7.9 meV, RMSE_F=344.5 meV / A, RMSE_Mu_per_atom=13.84 mDebye
2023-12-06 15:38:47.312 INFO: Epoch 706: loss=11.9850, RMSE_E_per_atom=7.8 meV, RMSE_F=345.9 meV / A, RMSE_Mu_per_atom=13.80 mDebye
2023-12-06 15:38:47.877 INFO: Epoch 708: loss=11.9167, RMSE_E_per_atom=7.9 meV, RMSE_F=344.9 meV / A, RMSE_Mu_per_atom=13.84 mDebye
2023-12-06 15:38:48.442 INFO: Epoch 710: loss=11.9849, RMSE_E_per_atom=7.8 meV, RMSE_F=345.9 meV / A, RMSE_Mu_per_atom=13.89 mDebye
2023-12-06 15:38:49.007 INFO: Epoch 712: loss=11.9918, RMSE_E_per_atom=7.9 meV, RMSE_F=346.0 meV / A, RMSE_Mu_per_atom=13.85 mDebye
2023-12-06 15:38:49.574 INFO: Epoch 714: loss=11.9549, RMSE_E_per_atom=7.9 meV, RMSE_F=345.5 meV / A, RMSE_Mu_per_atom=13.83 mDebye
2023-12-06 15:38:50.138 INFO: Epoch 716: loss=12.0190, RMSE_E_per_atom=7.9 meV, RMSE_F=346.4 meV / A, RMSE_Mu_per_atom=13.86 mDebye
2023-12-06 15:38:50.704 INFO: Epoch 718: loss=12.0188, RMSE_E_per_atom=7.8 meV, RMSE_F=346.4 meV / A, RMSE_Mu_per_atom=13.92 mDebye
2023-12-06 15:38:51.270 INFO: Epoch 720: loss=11.9618, RMSE_E_per_atom=7.9 meV, RMSE_F=345.6 meV / A, RMSE_Mu_per_atom=13.87 mDebye
2023-12-06 15:38:51.836 INFO: Epoch 722: loss=11.9910, RMSE_E_per_atom=7.8 meV, RMSE_F=346.0 meV / A, RMSE_Mu_per_atom=13.87 mDebye
2023-12-06 15:38:52.400 INFO: Epoch 724: loss=12.0740, RMSE_E_per_atom=7.9 meV, RMSE_F=347.2 meV / A, RMSE_Mu_per_atom=13.89 mDebye
2023-12-06 15:38:52.968 INFO: Epoch 726: loss=12.0427, RMSE_E_per_atom=7.8 meV, RMSE_F=346.7 meV / A, RMSE_Mu_per_atom=13.91 mDebye
2023-12-06 15:38:53.535 INFO: Epoch 728: loss=11.9932, RMSE_E_per_atom=7.8 meV, RMSE_F=346.0 meV / A, RMSE_Mu_per_atom=13.95 mDebye
2023-12-06 15:38:54.102 INFO: Epoch 730: loss=12.0912, RMSE_E_per_atom=7.8 meV, RMSE_F=347.4 meV / A, RMSE_Mu_per_atom=13.94 mDebye
2023-12-06 15:38:54.669 INFO: Epoch 732: loss=12.0514, RMSE_E_per_atom=7.8 meV, RMSE_F=346.9 meV / A, RMSE_Mu_per_atom=13.90 mDebye
2023-12-06 15:38:55.238 INFO: Epoch 734: loss=12.0693, RMSE_E_per_atom=7.8 meV, RMSE_F=347.1 meV / A, RMSE_Mu_per_atom=13.93 mDebye
2023-12-06 15:38:55.805 INFO: Epoch 736: loss=12.0983, RMSE_E_per_atom=7.8 meV, RMSE_F=347.5 meV / A, RMSE_Mu_per_atom=13.92 mDebye
2023-12-06 15:38:56.371 INFO: Epoch 738: loss=12.0589, RMSE_E_per_atom=7.9 meV, RMSE_F=347.0 meV / A, RMSE_Mu_per_atom=13.95 mDebye
2023-12-06 15:38:56.937 INFO: Epoch 740: loss=12.0825, RMSE_E_per_atom=7.8 meV, RMSE_F=347.3 meV / A, RMSE_Mu_per_atom=13.95 mDebye
2023-12-06 15:38:57.503 INFO: Epoch 742: loss=12.1263, RMSE_E_per_atom=7.8 meV, RMSE_F=347.9 meV / A, RMSE_Mu_per_atom=14.00 mDebye
2023-12-06 15:38:58.067 INFO: Epoch 744: loss=12.1035, RMSE_E_per_atom=7.9 meV, RMSE_F=347.6 meV / A, RMSE_Mu_per_atom=13.98 mDebye
2023-12-06 15:38:58.634 INFO: Epoch 746: loss=12.1119, RMSE_E_per_atom=7.8 meV, RMSE_F=347.7 meV / A, RMSE_Mu_per_atom=13.99 mDebye
2023-12-06 15:38:59.201 INFO: Epoch 748: loss=12.1220, RMSE_E_per_atom=7.8 meV, RMSE_F=347.9 meV / A, RMSE_Mu_per_atom=14.04 mDebye
2023-12-06 15:38:59.769 INFO: Epoch 750: loss=12.1621, RMSE_E_per_atom=7.9 meV, RMSE_F=348.5 meV / A, RMSE_Mu_per_atom=14.02 mDebye
2023-12-06 15:39:00.344 INFO: Epoch 752: loss=12.1257, RMSE_E_per_atom=7.8 meV, RMSE_F=347.9 meV / A, RMSE_Mu_per_atom=13.96 mDebye
2023-12-06 15:39:00.911 INFO: Epoch 754: loss=12.1429, RMSE_E_per_atom=7.8 meV, RMSE_F=348.2 meV / A, RMSE_Mu_per_atom=14.05 mDebye
2023-12-06 15:39:01.478 INFO: Epoch 756: loss=12.2256, RMSE_E_per_atom=7.8 meV, RMSE_F=349.4 meV / A, RMSE_Mu_per_atom=14.05 mDebye
2023-12-06 15:39:02.044 INFO: Epoch 758: loss=12.1306, RMSE_E_per_atom=7.8 meV, RMSE_F=348.0 meV / A, RMSE_Mu_per_atom=13.99 mDebye
2023-12-06 15:39:02.610 INFO: Epoch 760: loss=12.1863, RMSE_E_per_atom=7.8 meV, RMSE_F=348.8 meV / A, RMSE_Mu_per_atom=13.97 mDebye
2023-12-06 15:39:03.179 INFO: Epoch 762: loss=12.2167, RMSE_E_per_atom=7.9 meV, RMSE_F=349.2 meV / A, RMSE_Mu_per_atom=14.02 mDebye
2023-12-06 15:39:03.743 INFO: Epoch 764: loss=12.1910, RMSE_E_per_atom=7.8 meV, RMSE_F=348.9 meV / A, RMSE_Mu_per_atom=14.06 mDebye
2023-12-06 15:39:04.308 INFO: Epoch 766: loss=12.2100, RMSE_E_per_atom=7.8 meV, RMSE_F=349.1 meV / A, RMSE_Mu_per_atom=14.07 mDebye
2023-12-06 15:39:04.877 INFO: Epoch 768: loss=12.1971, RMSE_E_per_atom=7.9 meV, RMSE_F=349.0 meV / A, RMSE_Mu_per_atom=14.08 mDebye
2023-12-06 15:39:05.444 INFO: Epoch 770: loss=12.2766, RMSE_E_per_atom=7.8 meV, RMSE_F=350.1 meV / A, RMSE_Mu_per_atom=14.07 mDebye
2023-12-06 15:39:06.011 INFO: Epoch 772: loss=12.1511, RMSE_E_per_atom=7.8 meV, RMSE_F=348.3 meV / A, RMSE_Mu_per_atom=14.21 mDebye
2023-12-06 15:39:06.577 INFO: Epoch 774: loss=12.3092, RMSE_E_per_atom=7.9 meV, RMSE_F=350.6 meV / A, RMSE_Mu_per_atom=14.06 mDebye
2023-12-06 15:39:07.141 INFO: Epoch 776: loss=12.2226, RMSE_E_per_atom=7.8 meV, RMSE_F=349.3 meV / A, RMSE_Mu_per_atom=14.06 mDebye
2023-12-06 15:39:07.708 INFO: Epoch 778: loss=12.2361, RMSE_E_per_atom=7.8 meV, RMSE_F=349.5 meV / A, RMSE_Mu_per_atom=14.11 mDebye
2023-12-06 15:39:08.274 INFO: Epoch 780: loss=12.2650, RMSE_E_per_atom=7.8 meV, RMSE_F=349.9 meV / A, RMSE_Mu_per_atom=14.13 mDebye
2023-12-06 15:39:08.841 INFO: Epoch 782: loss=12.2740, RMSE_E_per_atom=7.8 meV, RMSE_F=350.1 meV / A, RMSE_Mu_per_atom=14.12 mDebye
2023-12-06 15:39:09.406 INFO: Epoch 784: loss=12.2629, RMSE_E_per_atom=7.8 meV, RMSE_F=349.9 meV / A, RMSE_Mu_per_atom=14.16 mDebye
2023-12-06 15:39:09.974 INFO: Epoch 786: loss=12.2688, RMSE_E_per_atom=7.8 meV, RMSE_F=350.0 meV / A, RMSE_Mu_per_atom=14.11 mDebye
2023-12-06 15:39:10.542 INFO: Epoch 788: loss=12.2800, RMSE_E_per_atom=7.8 meV, RMSE_F=350.1 meV / A, RMSE_Mu_per_atom=14.11 mDebye
2023-12-06 15:39:11.109 INFO: Epoch 790: loss=12.2939, RMSE_E_per_atom=7.8 meV, RMSE_F=350.3 meV / A, RMSE_Mu_per_atom=14.13 mDebye
2023-12-06 15:39:11.677 INFO: Epoch 792: loss=12.2875, RMSE_E_per_atom=7.8 meV, RMSE_F=350.2 meV / A, RMSE_Mu_per_atom=14.16 mDebye
2023-12-06 15:39:12.242 INFO: Epoch 794: loss=12.3250, RMSE_E_per_atom=7.8 meV, RMSE_F=350.8 meV / A, RMSE_Mu_per_atom=14.17 mDebye
2023-12-06 15:39:12.809 INFO: Epoch 796: loss=12.3059, RMSE_E_per_atom=7.8 meV, RMSE_F=350.5 meV / A, RMSE_Mu_per_atom=14.13 mDebye
2023-12-06 15:39:13.375 INFO: Epoch 798: loss=12.3161, RMSE_E_per_atom=7.8 meV, RMSE_F=350.7 meV / A, RMSE_Mu_per_atom=14.20 mDebye
2023-12-06 15:39:13.649 INFO: Changing loss based on SWA
2023-12-06 15:39:13.943 INFO: Epoch 800: loss=12.4415, RMSE_E_per_atom=10.1 meV, RMSE_F=351.0 meV / A, RMSE_Mu_per_atom=14.14 mDebye
2023-12-06 15:39:14.791 INFO: Epoch 802: loss=12.3243, RMSE_E_per_atom=11.4 meV, RMSE_F=348.9 meV / A, RMSE_Mu_per_atom=14.17 mDebye
2023-12-06 15:39:15.642 INFO: Epoch 804: loss=12.4339, RMSE_E_per_atom=10.5 meV, RMSE_F=350.8 meV / A, RMSE_Mu_per_atom=14.18 mDebye
2023-12-06 15:39:16.217 INFO: Epoch 806: loss=12.2333, RMSE_E_per_atom=12.0 meV, RMSE_F=347.4 meV / A, RMSE_Mu_per_atom=14.16 mDebye
2023-12-06 15:39:17.054 INFO: Epoch 808: loss=12.2671, RMSE_E_per_atom=11.1 meV, RMSE_F=348.2 meV / A, RMSE_Mu_per_atom=14.16 mDebye
2023-12-06 15:39:17.627 INFO: Epoch 810: loss=12.2324, RMSE_E_per_atom=14.3 meV, RMSE_F=346.5 meV / A, RMSE_Mu_per_atom=14.10 mDebye
2023-12-06 15:39:18.465 INFO: Epoch 812: loss=12.1850, RMSE_E_per_atom=12.9 meV, RMSE_F=346.4 meV / A, RMSE_Mu_per_atom=14.17 mDebye
2023-12-06 15:39:19.313 INFO: Epoch 814: loss=12.2196, RMSE_E_per_atom=11.9 meV, RMSE_F=347.3 meV / A, RMSE_Mu_per_atom=14.14 mDebye
2023-12-06 15:39:19.888 INFO: Epoch 816: loss=12.0944, RMSE_E_per_atom=8.6 meV, RMSE_F=346.4 meV / A, RMSE_Mu_per_atom=14.22 mDebye
2023-12-06 15:39:20.732 INFO: Epoch 818: loss=12.1000, RMSE_E_per_atom=8.6 meV, RMSE_F=346.5 meV / A, RMSE_Mu_per_atom=14.19 mDebye
2023-12-06 15:39:21.306 INFO: Epoch 820: loss=12.1244, RMSE_E_per_atom=11.8 meV, RMSE_F=345.9 meV / A, RMSE_Mu_per_atom=14.16 mDebye
2023-12-06 15:39:21.881 INFO: Epoch 822: loss=11.9750, RMSE_E_per_atom=11.1 meV, RMSE_F=344.0 meV / A, RMSE_Mu_per_atom=14.15 mDebye
2023-12-06 15:39:22.718 INFO: Epoch 824: loss=12.0927, RMSE_E_per_atom=10.6 meV, RMSE_F=345.8 meV / A, RMSE_Mu_per_atom=14.17 mDebye
2023-12-06 15:39:23.292 INFO: Epoch 826: loss=11.9141, RMSE_E_per_atom=7.7 meV, RMSE_F=344.0 meV / A, RMSE_Mu_per_atom=14.20 mDebye
2023-12-06 15:39:24.131 INFO: Epoch 828: loss=12.2506, RMSE_E_per_atom=8.3 meV, RMSE_F=348.7 meV / A, RMSE_Mu_per_atom=14.33 mDebye
2023-12-06 15:39:24.705 INFO: Epoch 830: loss=11.9873, RMSE_E_per_atom=7.8 meV, RMSE_F=345.0 meV / A, RMSE_Mu_per_atom=14.30 mDebye
2023-12-06 15:39:25.278 INFO: Epoch 832: loss=11.9485, RMSE_E_per_atom=8.0 meV, RMSE_F=344.4 meV / A, RMSE_Mu_per_atom=14.24 mDebye
2023-12-06 15:39:25.851 INFO: Epoch 834: loss=12.1271, RMSE_E_per_atom=8.3 meV, RMSE_F=347.0 meV / A, RMSE_Mu_per_atom=14.17 mDebye
2023-12-06 15:39:26.425 INFO: Epoch 836: loss=11.8782, RMSE_E_per_atom=8.6 meV, RMSE_F=343.3 meV / A, RMSE_Mu_per_atom=14.20 mDebye
2023-12-06 15:39:27.264 INFO: Epoch 838: loss=11.9284, RMSE_E_per_atom=8.7 meV, RMSE_F=344.0 meV / A, RMSE_Mu_per_atom=14.21 mDebye
2023-12-06 15:39:27.837 INFO: Epoch 840: loss=12.0068, RMSE_E_per_atom=8.5 meV, RMSE_F=345.2 meV / A, RMSE_Mu_per_atom=14.19 mDebye
2023-12-06 15:39:28.409 INFO: Epoch 842: loss=11.8455, RMSE_E_per_atom=9.1 meV, RMSE_F=342.7 meV / A, RMSE_Mu_per_atom=14.18 mDebye
2023-12-06 15:39:29.285 INFO: Epoch 844: loss=11.9735, RMSE_E_per_atom=8.9 meV, RMSE_F=344.6 meV / A, RMSE_Mu_per_atom=14.13 mDebye
2023-12-06 15:39:29.858 INFO: Epoch 846: loss=11.9765, RMSE_E_per_atom=9.3 meV, RMSE_F=344.5 meV / A, RMSE_Mu_per_atom=14.14 mDebye
2023-12-06 15:39:30.435 INFO: Epoch 848: loss=11.8393, RMSE_E_per_atom=9.7 meV, RMSE_F=342.4 meV / A, RMSE_Mu_per_atom=14.18 mDebye
2023-12-06 15:39:31.292 INFO: Epoch 850: loss=11.9333, RMSE_E_per_atom=8.6 meV, RMSE_F=344.1 meV / A, RMSE_Mu_per_atom=14.18 mDebye
2023-12-06 15:39:31.867 INFO: Epoch 852: loss=11.9409, RMSE_E_per_atom=8.6 meV, RMSE_F=344.2 meV / A, RMSE_Mu_per_atom=14.18 mDebye
2023-12-06 15:39:32.441 INFO: Epoch 854: loss=11.9469, RMSE_E_per_atom=8.1 meV, RMSE_F=344.4 meV / A, RMSE_Mu_per_atom=14.20 mDebye
2023-12-06 15:39:33.014 INFO: Epoch 856: loss=11.8161, RMSE_E_per_atom=8.4 meV, RMSE_F=342.4 meV / A, RMSE_Mu_per_atom=14.23 mDebye
2023-12-06 15:39:33.852 INFO: Epoch 858: loss=11.7997, RMSE_E_per_atom=8.7 meV, RMSE_F=342.1 meV / A, RMSE_Mu_per_atom=14.25 mDebye
2023-12-06 15:39:34.690 INFO: Epoch 860: loss=11.8546, RMSE_E_per_atom=8.3 meV, RMSE_F=343.0 meV / A, RMSE_Mu_per_atom=14.26 mDebye
2023-12-06 15:39:35.263 INFO: Epoch 862: loss=11.9015, RMSE_E_per_atom=7.7 meV, RMSE_F=343.8 meV / A, RMSE_Mu_per_atom=14.34 mDebye
2023-12-06 15:39:35.836 INFO: Epoch 864: loss=11.8568, RMSE_E_per_atom=7.8 meV, RMSE_F=343.2 meV / A, RMSE_Mu_per_atom=14.33 mDebye
2023-12-06 15:39:36.409 INFO: Epoch 866: loss=11.8663, RMSE_E_per_atom=10.3 meV, RMSE_F=342.6 meV / A, RMSE_Mu_per_atom=14.34 mDebye
2023-12-06 15:39:36.985 INFO: Epoch 868: loss=11.9453, RMSE_E_per_atom=9.4 meV, RMSE_F=344.0 meV / A, RMSE_Mu_per_atom=14.32 mDebye
2023-12-06 15:39:37.559 INFO: Epoch 870: loss=11.8452, RMSE_E_per_atom=13.0 meV, RMSE_F=341.4 meV / A, RMSE_Mu_per_atom=14.17 mDebye
2023-12-06 15:39:38.132 INFO: Epoch 872: loss=11.9342, RMSE_E_per_atom=14.0 meV, RMSE_F=342.3 meV / A, RMSE_Mu_per_atom=14.20 mDebye
2023-12-06 15:39:38.704 INFO: Epoch 874: loss=11.6588, RMSE_E_per_atom=12.0 meV, RMSE_F=339.0 meV / A, RMSE_Mu_per_atom=14.21 mDebye
2023-12-06 15:39:39.543 INFO: Epoch 876: loss=11.9338, RMSE_E_per_atom=11.6 meV, RMSE_F=343.2 meV / A, RMSE_Mu_per_atom=14.18 mDebye
2023-12-06 15:39:40.120 INFO: Epoch 878: loss=11.8051, RMSE_E_per_atom=11.7 meV, RMSE_F=341.3 meV / A, RMSE_Mu_per_atom=14.22 mDebye
2023-12-06 15:39:40.695 INFO: Epoch 880: loss=11.6964, RMSE_E_per_atom=8.1 meV, RMSE_F=340.7 meV / A, RMSE_Mu_per_atom=14.28 mDebye
2023-12-06 15:39:41.269 INFO: Epoch 882: loss=11.8967, RMSE_E_per_atom=8.7 meV, RMSE_F=343.5 meV / A, RMSE_Mu_per_atom=14.33 mDebye
2023-12-06 15:39:41.840 INFO: Epoch 884: loss=11.7758, RMSE_E_per_atom=8.3 meV, RMSE_F=341.9 meV / A, RMSE_Mu_per_atom=14.32 mDebye
2023-12-06 15:39:42.413 INFO: Epoch 886: loss=11.8489, RMSE_E_per_atom=7.8 meV, RMSE_F=343.0 meV / A, RMSE_Mu_per_atom=14.28 mDebye
2023-12-06 15:39:42.985 INFO: Epoch 888: loss=11.7390, RMSE_E_per_atom=7.8 meV, RMSE_F=341.4 meV / A, RMSE_Mu_per_atom=14.30 mDebye
2023-12-06 15:39:43.559 INFO: Epoch 890: loss=11.7758, RMSE_E_per_atom=9.0 meV, RMSE_F=341.7 meV / A, RMSE_Mu_per_atom=14.26 mDebye
2023-12-06 15:39:44.130 INFO: Epoch 892: loss=11.7145, RMSE_E_per_atom=8.3 meV, RMSE_F=341.0 meV / A, RMSE_Mu_per_atom=14.25 mDebye
2023-12-06 15:39:44.701 INFO: Epoch 894: loss=11.6843, RMSE_E_per_atom=9.4 meV, RMSE_F=340.2 meV / A, RMSE_Mu_per_atom=14.22 mDebye
2023-12-06 15:39:45.274 INFO: Epoch 896: loss=11.9979, RMSE_E_per_atom=13.9 meV, RMSE_F=343.3 meV / A, RMSE_Mu_per_atom=14.21 mDebye
2023-12-06 15:39:45.846 INFO: Epoch 898: loss=11.7071, RMSE_E_per_atom=14.5 meV, RMSE_F=338.8 meV / A, RMSE_Mu_per_atom=14.15 mDebye
2023-12-06 15:39:46.426 INFO: Epoch 900: loss=11.7476, RMSE_E_per_atom=11.6 meV, RMSE_F=340.5 meV / A, RMSE_Mu_per_atom=14.19 mDebye
2023-12-06 15:39:46.997 INFO: Epoch 902: loss=11.6433, RMSE_E_per_atom=9.3 meV, RMSE_F=339.7 meV / A, RMSE_Mu_per_atom=14.20 mDebye
2023-12-06 15:39:47.834 INFO: Epoch 904: loss=11.6093, RMSE_E_per_atom=10.3 meV, RMSE_F=338.9 meV / A, RMSE_Mu_per_atom=14.22 mDebye
2023-12-06 15:39:48.686 INFO: Epoch 906: loss=11.6693, RMSE_E_per_atom=8.2 meV, RMSE_F=340.3 meV / A, RMSE_Mu_per_atom=14.30 mDebye
2023-12-06 15:39:49.258 INFO: Epoch 908: loss=11.7649, RMSE_E_per_atom=8.3 meV, RMSE_F=341.7 meV / A, RMSE_Mu_per_atom=14.29 mDebye
2023-12-06 15:39:49.829 INFO: Epoch 910: loss=11.6433, RMSE_E_per_atom=8.7 meV, RMSE_F=339.8 meV / A, RMSE_Mu_per_atom=14.32 mDebye
2023-12-06 15:39:50.403 INFO: Epoch 912: loss=11.6410, RMSE_E_per_atom=7.9 meV, RMSE_F=340.0 meV / A, RMSE_Mu_per_atom=14.32 mDebye
2023-12-06 15:39:50.975 INFO: Epoch 914: loss=11.5729, RMSE_E_per_atom=7.6 meV, RMSE_F=339.0 meV / A, RMSE_Mu_per_atom=14.37 mDebye
2023-12-06 15:39:51.833 INFO: Epoch 916: loss=11.6605, RMSE_E_per_atom=7.8 meV, RMSE_F=340.3 meV / A, RMSE_Mu_per_atom=14.35 mDebye
2023-12-06 15:39:52.406 INFO: Epoch 918: loss=11.7063, RMSE_E_per_atom=7.7 meV, RMSE_F=341.0 meV / A, RMSE_Mu_per_atom=14.39 mDebye
2023-12-06 15:39:52.978 INFO: Epoch 920: loss=11.5644, RMSE_E_per_atom=7.7 meV, RMSE_F=338.9 meV / A, RMSE_Mu_per_atom=14.35 mDebye
2023-12-06 15:39:53.817 INFO: Epoch 922: loss=11.6876, RMSE_E_per_atom=7.6 meV, RMSE_F=340.7 meV / A, RMSE_Mu_per_atom=14.37 mDebye
2023-12-06 15:39:54.390 INFO: Epoch 924: loss=11.6188, RMSE_E_per_atom=8.2 meV, RMSE_F=339.6 meV / A, RMSE_Mu_per_atom=14.34 mDebye
2023-12-06 15:39:54.967 INFO: Epoch 926: loss=11.5391, RMSE_E_per_atom=8.3 meV, RMSE_F=338.4 meV / A, RMSE_Mu_per_atom=14.34 mDebye
2023-12-06 15:39:55.805 INFO: Epoch 928: loss=11.6088, RMSE_E_per_atom=7.6 meV, RMSE_F=339.6 meV / A, RMSE_Mu_per_atom=14.40 mDebye
2023-12-06 15:39:56.380 INFO: Epoch 930: loss=11.6106, RMSE_E_per_atom=8.5 meV, RMSE_F=339.4 meV / A, RMSE_Mu_per_atom=14.32 mDebye
2023-12-06 15:39:56.955 INFO: Epoch 932: loss=11.6311, RMSE_E_per_atom=8.6 meV, RMSE_F=339.6 meV / A, RMSE_Mu_per_atom=14.34 mDebye
2023-12-06 15:39:57.527 INFO: Epoch 934: loss=11.5357, RMSE_E_per_atom=7.7 meV, RMSE_F=338.5 meV / A, RMSE_Mu_per_atom=14.44 mDebye
2023-12-06 15:39:58.377 INFO: Epoch 936: loss=11.6543, RMSE_E_per_atom=7.6 meV, RMSE_F=340.2 meV / A, RMSE_Mu_per_atom=14.38 mDebye
2023-12-06 15:39:58.949 INFO: Epoch 938: loss=11.5084, RMSE_E_per_atom=7.8 meV, RMSE_F=338.0 meV / A, RMSE_Mu_per_atom=14.43 mDebye
2023-12-06 15:39:59.788 INFO: Epoch 940: loss=11.6175, RMSE_E_per_atom=7.7 meV, RMSE_F=339.7 meV / A, RMSE_Mu_per_atom=14.42 mDebye
2023-12-06 15:40:00.364 INFO: Epoch 942: loss=11.5578, RMSE_E_per_atom=7.9 meV, RMSE_F=338.7 meV / A, RMSE_Mu_per_atom=14.45 mDebye
2023-12-06 15:40:00.937 INFO: Epoch 944: loss=11.6188, RMSE_E_per_atom=9.5 meV, RMSE_F=339.2 meV / A, RMSE_Mu_per_atom=14.49 mDebye
2023-12-06 15:40:01.510 INFO: Epoch 946: loss=11.5571, RMSE_E_per_atom=7.8 meV, RMSE_F=338.8 meV / A, RMSE_Mu_per_atom=14.50 mDebye
2023-12-06 15:40:02.083 INFO: Epoch 948: loss=11.6220, RMSE_E_per_atom=7.6 meV, RMSE_F=339.7 meV / A, RMSE_Mu_per_atom=14.44 mDebye
2023-12-06 15:40:02.656 INFO: Epoch 950: loss=11.4431, RMSE_E_per_atom=8.6 meV, RMSE_F=336.9 meV / A, RMSE_Mu_per_atom=14.39 mDebye
2023-12-06 15:40:03.515 INFO: Epoch 952: loss=11.5595, RMSE_E_per_atom=8.2 meV, RMSE_F=338.7 meV / A, RMSE_Mu_per_atom=14.40 mDebye
2023-12-06 15:40:04.089 INFO: Epoch 954: loss=11.5120, RMSE_E_per_atom=9.0 meV, RMSE_F=337.8 meV / A, RMSE_Mu_per_atom=14.41 mDebye
2023-12-06 15:40:04.662 INFO: Epoch 956: loss=11.3809, RMSE_E_per_atom=10.2 meV, RMSE_F=335.5 meV / A, RMSE_Mu_per_atom=14.38 mDebye
2023-12-06 15:40:05.518 INFO: Epoch 958: loss=11.5903, RMSE_E_per_atom=8.0 meV, RMSE_F=339.2 meV / A, RMSE_Mu_per_atom=14.43 mDebye
2023-12-06 15:40:06.091 INFO: Epoch 960: loss=11.4551, RMSE_E_per_atom=8.2 meV, RMSE_F=337.1 meV / A, RMSE_Mu_per_atom=14.43 mDebye
2023-12-06 15:40:06.669 INFO: Epoch 962: loss=11.3500, RMSE_E_per_atom=7.8 meV, RMSE_F=335.7 meV / A, RMSE_Mu_per_atom=14.53 mDebye
2023-12-06 15:40:07.508 INFO: Epoch 964: loss=11.6977, RMSE_E_per_atom=7.8 meV, RMSE_F=340.8 meV / A, RMSE_Mu_per_atom=14.45 mDebye
2023-12-06 15:40:08.082 INFO: Epoch 966: loss=11.3390, RMSE_E_per_atom=9.0 meV, RMSE_F=335.2 meV / A, RMSE_Mu_per_atom=14.52 mDebye
2023-12-06 15:40:08.922 INFO: Epoch 968: loss=11.7776, RMSE_E_per_atom=7.9 meV, RMSE_F=342.0 meV / A, RMSE_Mu_per_atom=14.51 mDebye
2023-12-06 15:40:09.495 INFO: Epoch 970: loss=11.4673, RMSE_E_per_atom=7.7 meV, RMSE_F=337.5 meV / A, RMSE_Mu_per_atom=14.48 mDebye
2023-12-06 15:40:10.068 INFO: Epoch 972: loss=11.4362, RMSE_E_per_atom=7.5 meV, RMSE_F=337.0 meV / A, RMSE_Mu_per_atom=14.52 mDebye
2023-12-06 15:40:10.641 INFO: Epoch 974: loss=11.4058, RMSE_E_per_atom=7.6 meV, RMSE_F=336.6 meV / A, RMSE_Mu_per_atom=14.53 mDebye
2023-12-06 15:40:11.215 INFO: Epoch 976: loss=11.4838, RMSE_E_per_atom=8.1 meV, RMSE_F=337.6 meV / A, RMSE_Mu_per_atom=14.53 mDebye
2023-12-06 15:40:11.790 INFO: Epoch 978: loss=11.5691, RMSE_E_per_atom=7.9 meV, RMSE_F=338.9 meV / A, RMSE_Mu_per_atom=14.50 mDebye
2023-12-06 15:40:12.365 INFO: Epoch 980: loss=11.4530, RMSE_E_per_atom=7.6 meV, RMSE_F=337.3 meV / A, RMSE_Mu_per_atom=14.48 mDebye
2023-12-06 15:40:12.938 INFO: Epoch 982: loss=11.3705, RMSE_E_per_atom=8.2 meV, RMSE_F=335.9 meV / A, RMSE_Mu_per_atom=14.53 mDebye
2023-12-06 15:40:13.509 INFO: Epoch 984: loss=11.5012, RMSE_E_per_atom=7.8 meV, RMSE_F=337.9 meV / A, RMSE_Mu_per_atom=14.49 mDebye
2023-12-06 15:40:14.083 INFO: Epoch 986: loss=11.3185, RMSE_E_per_atom=9.3 meV, RMSE_F=334.8 meV / A, RMSE_Mu_per_atom=14.44 mDebye
2023-12-06 15:40:14.919 INFO: Epoch 988: loss=11.3652, RMSE_E_per_atom=11.0 meV, RMSE_F=335.0 meV / A, RMSE_Mu_per_atom=14.45 mDebye
2023-12-06 15:40:15.496 INFO: Epoch 990: loss=11.4721, RMSE_E_per_atom=9.7 meV, RMSE_F=337.0 meV / A, RMSE_Mu_per_atom=14.47 mDebye
2023-12-06 15:40:16.071 INFO: Epoch 992: loss=11.3153, RMSE_E_per_atom=9.4 meV, RMSE_F=334.7 meV / A, RMSE_Mu_per_atom=14.45 mDebye
2023-12-06 15:40:16.909 INFO: Epoch 994: loss=11.4125, RMSE_E_per_atom=7.5 meV, RMSE_F=336.7 meV / A, RMSE_Mu_per_atom=14.61 mDebye
2023-12-06 15:40:17.483 INFO: Epoch 996: loss=11.5388, RMSE_E_per_atom=7.6 meV, RMSE_F=338.5 meV / A, RMSE_Mu_per_atom=14.58 mDebye
2023-12-06 15:40:18.057 INFO: Epoch 998: loss=11.2364, RMSE_E_per_atom=8.0 meV, RMSE_F=333.9 meV / A, RMSE_Mu_per_atom=14.50 mDebye
2023-12-06 15:40:18.608 INFO: Training complete
2023-12-06 15:40:18.609 INFO: Computing metrics for training, validation, and test sets
2023-12-06 15:40:18.610 INFO: Loading checkpoint: checkpoints/ox_es1_rattled_50x1a_run-1234_epoch-314.pt
2023-12-06 15:40:18.641 INFO: Loaded model from epoch 314
2023-12-06 15:40:18.669 INFO: Evaluating train ...
2023-12-06 15:40:18.767 INFO: Evaluating valid ...
2023-12-06 15:40:18.816 INFO: Evaluating Default ...
2023-12-06 15:40:18.930 INFO: 
+-------------+---------------------+------------------+--------------+-------------------------+---------------+
| config_type | RMSE E / meV / atom | RMSE F / meV / A | rel F RMSE % | RMSE MU / mDebye / atom | rel MU RMSE % |
+-------------+---------------------+------------------+--------------+-------------------------+---------------+
|    train    |        354.2        |      162.2       |     6.2      |           17.4          |      55.5     |
|    valid    |        358.9        |      237.2       |     12.7     |           13.0          |      46.3     |
|   Default   |        354.4        |      165.9       |     6.4      |           17.2          |      55.2     |
+-------------+---------------------+------------------+--------------+-------------------------+---------------+
2023-12-06 15:40:18.930 INFO: Saving model to checkpoints/ox_es1_rattled_50x1a_run-1234.model
2023-12-06 15:40:19.441 INFO: Loading checkpoint: checkpoints/ox_es1_rattled_50x1a_run-1234_epoch-998_swa.pt
2023-12-06 15:40:19.470 INFO: Loaded model from epoch 998
2023-12-06 15:40:19.498 INFO: Evaluating train ...
2023-12-06 15:40:19.596 INFO: Evaluating valid ...
2023-12-06 15:40:19.644 INFO: Evaluating Default ...
2023-12-06 15:40:19.759 INFO: 
+-------------+---------------------+------------------+--------------+-------------------------+---------------+
| config_type | RMSE E / meV / atom | RMSE F / meV / A | rel F RMSE % | RMSE MU / mDebye / atom | rel MU RMSE % |
+-------------+---------------------+------------------+--------------+-------------------------+---------------+
|    train    |         10.7        |       19.3       |     0.7      |           14.2          |      45.2     |
|    valid    |         8.0         |      333.9       |     17.9     |           14.5          |      51.6     |
|   Default   |         10.6        |       69.4       |     2.7      |           14.2          |      45.4     |
+-------------+---------------------+------------------+--------------+-------------------------+---------------+
2023-12-06 15:40:19.759 INFO: Saving model to checkpoints/ox_es1_rattled_50x1a_run-1234_swa.model
2023-12-06 15:40:20.258 INFO: Done
