2023-12-06 16:01:06.077 INFO: MACE version: 0.2.0
2023-12-06 16:01:06.077 INFO: Configuration: Namespace(name='ox_es1_rattled_50x1d', seed=4567, log_dir='logs', model_dir='.', checkpoints_dir='checkpoints', results_dir='results', downloads_dir='downloads', device='cuda', default_dtype='float64', log_level='INFO', error_table='EnergyDipoleRMSE', model='EnergyDipolesMACE', r_max=5.0, num_radial_basis=8, num_cutoff_basis=5, interaction='RealAgnosticResidualInteractionBlock', interaction_first='RealAgnosticResidualInteractionBlock', max_ell=3, correlation=3, num_interactions=2, MLP_irreps='16x0e', radial_MLP='[64, 64, 64]', hidden_irreps='32x0e + 32x1o + 32x2e', num_channels=None, max_L=None, gate='silu', scaling='rms_forces_scaling', avg_num_neighbors=1.0, compute_avg_num_neighbors=True, compute_stress=True, compute_forces=True, train_file='ox_es1_rattled_50x1d_train.xyz', valid_file=None, valid_fraction=0.05, test_file='ox_es1_rattled_50x1d_train.xyz', E0s='{6: -1034.7672562939947, 1: -13.74018495096079, 8: -2057.26969300199}', energy_key='energy', forces_key='forces', virials_key='virials', stress_key='stress', dipole_key='dipole', charges_key='charges', loss='energy_forces_dipole', forces_weight=100.0, swa_forces_weight=100.0, energy_weight=1.0, swa_energy_weight=1000.0, virials_weight=1.0, swa_virials_weight=10.0, stress_weight=1.0, swa_stress_weight=10.0, dipole_weight=1.0, swa_dipole_weight=1.0, config_type_weights='{"Default":1.0}', huber_delta=0.01, optimizer='adam', batch_size=16, valid_batch_size=16, lr=0.01, swa_lr=0.001, weight_decay=5e-07, amsgrad=True, scheduler='ReduceLROnPlateau', lr_factor=0.8, scheduler_patience=50, lr_scheduler_gamma=0.9993, swa=True, start_swa=800, ema=False, ema_decay=0.99, max_num_epochs=1000, patience=2048, eval_interval=2, keep_checkpoints=False, restart_latest=True, save_cpu=False, clip_grad=10.0, wandb=False, wandb_project='', wandb_entity='', wandb_name='', wandb_log_hypers=['num_channels', 'max_L', 'correlation', 'lr', 'swa_lr', 'weight_decay', 'batch_size', 'max_num_epochs', 'start_swa', 'energy_weight', 'forces_weight'])
2023-12-06 16:01:06.114 INFO: CUDA version: 11.7, CUDA device: 0
2023-12-06 16:01:06.135 INFO: Loaded 50 training configurations from 'ox_es1_rattled_50x1d_train.xyz'
2023-12-06 16:01:06.135 INFO: Using random 5.0% of training set for validation
2023-12-06 16:01:06.150 INFO: Loaded 50 test configurations from 'ox_es1_rattled_50x1d_train.xyz'
2023-12-06 16:01:06.150 INFO: Total number of configurations: train=48, valid=2, tests=[Default: 50]
2023-12-06 16:01:06.150 INFO: AtomicNumberTable: (1, 6, 8)
2023-12-06 16:01:06.150 INFO: Atomic Energies not in training file, using command line argument E0s
2023-12-06 16:01:06.151 INFO: Atomic energies: [-13.74018495096079, -1034.7672562939947, -2057.26969300199]
2023-12-06 16:01:06.194 INFO: WeightedEnergyForcesDipoleLoss(energy_weight=1.000, forces_weight=100.000, dipole_weight=1.000)
2023-12-06 16:01:06.200 INFO: Average number of neighbors: 6.0
2023-12-06 16:01:06.200 INFO: Selected the following outputs: {'energy': True, 'forces': True, 'virials': False, 'stress': False, 'dipoles': True}
2023-12-06 16:01:06.200 INFO: Building model
2023-12-06 16:01:06.200 INFO: Hidden irreps: 32x0e + 32x1o + 32x2e
2023-12-06 16:01:07.656 INFO: Using stochastic weight averaging (after 800 epochs) with energy weight : 1000.0, forces weight : 100.0, dipole weight : 1.0 and learning rate : 0.001
2023-12-06 16:01:07.716 WARNING: Cannot find checkpoint with tag 'ox_es1_rattled_50x1d_run-4567' in 'checkpoints'
2023-12-06 16:01:07.716 INFO: EnergyDipolesMACE(
  (node_embedding): LinearNodeEmbeddingBlock(
    (linear): Linear(3x0e -> 32x0e | 96 weights)
  )
  (radial_embedding): RadialEmbeddingBlock(
    (bessel_fn): BesselBasis(r_max=5.0, num_basis=8, trainable=False)
    (cutoff_fn): PolynomialCutoff(p=5.0, r_max=5.0)
  )
  (spherical_harmonics): SphericalHarmonics()
  (atomic_energies_fn): AtomicEnergiesBlock(energies=[-13.7402, -1034.7673, -2057.2697])
  (interactions): ModuleList(
    (0): RealAgnosticInteractionBlock(
      (linear_up): Linear(32x0e -> 32x0e | 1024 weights)
      (conv_tp): TensorProduct(32x0e x 1x0e+1x1o+1x2e+1x3o -> 32x0e+32x1o+32x2e+32x3o | 128 paths | 128 weights)
      (conv_tp_weights): FullyConnectedNet[8, 64, 64, 64, 128]
      (linear): Linear(32x0e+32x1o+32x2e+32x3o -> 32x0e+32x1o+32x2e+32x3o | 4096 weights)
      (skip_tp): FullyConnectedTensorProduct(32x0e+32x1o+32x2e+32x3o x 3x0e -> 32x0e+32x1o+32x2e+32x3o | 12288 paths | 12288 weights)
      (reshape): reshape_irreps()
    )
    (1): RealAgnosticResidualInteractionBlock(
      (linear_up): Linear(32x0e+32x1o+32x2e -> 32x0e+32x1o+32x2e | 3072 weights)
      (conv_tp): TensorProduct(32x0e+32x1o+32x2e x 1x0e+1x1o+1x2e+1x3o -> 96x0e+160x1o+160x2e+128x3o | 544 paths | 544 weights)
      (conv_tp_weights): FullyConnectedNet[8, 64, 64, 64, 544]
      (linear): Linear(96x0e+160x1o+160x2e+128x3o -> 32x0e+32x1o+32x2e+32x3o | 17408 weights)
      (skip_tp): FullyConnectedTensorProduct(32x0e+32x1o+32x2e x 3x0e -> 32x0e+32x1o | 6144 paths | 6144 weights)
      (reshape): reshape_irreps()
    )
  )
  (products): ModuleList(
    (0): EquivariantProductBasisBlock(
      (symmetric_contractions): SymmetricContraction(
        (contractions): ModuleList(
          (0): Contraction(
            (contractions_weighting): ModuleList(
              (0-1): 2 x GraphModule()
            )
            (contractions_features): ModuleList(
              (0-1): 2 x GraphModule()
            )
            (weights): ParameterList(
                (0): Parameter containing: [torch.float64 of size 3x4x32 (GPU 0)]
                (1): Parameter containing: [torch.float64 of size 3x1x32 (GPU 0)]
            )
            (graph_opt_main): GraphModule()
          )
          (1): Contraction(
            (contractions_weighting): ModuleList(
              (0-1): 2 x GraphModule()
            )
            (contractions_features): ModuleList(
              (0-1): 2 x GraphModule()
            )
            (weights): ParameterList(
                (0): Parameter containing: [torch.float64 of size 3x6x32 (GPU 0)]
                (1): Parameter containing: [torch.float64 of size 3x1x32 (GPU 0)]
            )
            (graph_opt_main): GraphModule()
          )
          (2): Contraction(
            (contractions_weighting): ModuleList(
              (0-1): 2 x GraphModule()
            )
            (contractions_features): ModuleList(
              (0-1): 2 x GraphModule()
            )
            (weights): ParameterList(
                (0): Parameter containing: [torch.float64 of size 3x7x32 (GPU 0)]
                (1): Parameter containing: [torch.float64 of size 3x1x32 (GPU 0)]
            )
            (graph_opt_main): GraphModule()
          )
        )
      )
      (linear): Linear(32x0e+32x1o+32x2e -> 32x0e+32x1o+32x2e | 3072 weights)
    )
    (1): EquivariantProductBasisBlock(
      (symmetric_contractions): SymmetricContraction(
        (contractions): ModuleList(
          (0): Contraction(
            (contractions_weighting): ModuleList(
              (0-1): 2 x GraphModule()
            )
            (contractions_features): ModuleList(
              (0-1): 2 x GraphModule()
            )
            (weights): ParameterList(
                (0): Parameter containing: [torch.float64 of size 3x4x32 (GPU 0)]
                (1): Parameter containing: [torch.float64 of size 3x1x32 (GPU 0)]
            )
            (graph_opt_main): GraphModule()
          )
          (1): Contraction(
            (contractions_weighting): ModuleList(
              (0-1): 2 x GraphModule()
            )
            (contractions_features): ModuleList(
              (0-1): 2 x GraphModule()
            )
            (weights): ParameterList(
                (0): Parameter containing: [torch.float64 of size 3x6x32 (GPU 0)]
                (1): Parameter containing: [torch.float64 of size 3x1x32 (GPU 0)]
            )
            (graph_opt_main): GraphModule()
          )
        )
      )
      (linear): Linear(32x0e+32x1o -> 32x0e+32x1o | 2048 weights)
    )
  )
  (readouts): ModuleList(
    (0): LinearDipoleReadoutBlock(
      (linear): Linear(32x0e+32x1o+32x2e -> 1x0e+1x1o | 64 weights)
    )
    (1): NonLinearDipoleReadoutBlock(
      (equivariant_nonlin): Gate (16x0e -> 16x0e)
      (linear_1): Linear(32x0e+32x1o -> 16x0e | 512 weights)
      (linear_2): Linear(16x0e -> 1x0e+1x1o | 16 weights)
    )
  )
)
2023-12-06 16:01:07.718 INFO: Number of parameters: 133776
2023-12-06 16:01:07.718 INFO: Optimizer: Adam (
Parameter Group 0
    amsgrad: True
    betas: (0.9, 0.999)
    capturable: False
    differentiable: False
    eps: 1e-08
    foreach: None
    fused: None
    initial_lr: 0.01
    lr: 0.01
    maximize: False
    name: embedding
    swa_lr: 0.001
    weight_decay: 0.0

Parameter Group 1
    amsgrad: True
    betas: (0.9, 0.999)
    capturable: False
    differentiable: False
    eps: 1e-08
    foreach: None
    fused: None
    initial_lr: 0.01
    lr: 0.01
    maximize: False
    name: interactions_decay
    swa_lr: 0.001
    weight_decay: 5e-07

Parameter Group 2
    amsgrad: True
    betas: (0.9, 0.999)
    capturable: False
    differentiable: False
    eps: 1e-08
    foreach: None
    fused: None
    initial_lr: 0.01
    lr: 0.01
    maximize: False
    name: interactions_no_decay
    swa_lr: 0.001
    weight_decay: 0.0

Parameter Group 3
    amsgrad: True
    betas: (0.9, 0.999)
    capturable: False
    differentiable: False
    eps: 1e-08
    foreach: None
    fused: None
    initial_lr: 0.01
    lr: 0.01
    maximize: False
    name: products
    swa_lr: 0.001
    weight_decay: 5e-07

Parameter Group 4
    amsgrad: True
    betas: (0.9, 0.999)
    capturable: False
    differentiable: False
    eps: 1e-08
    foreach: None
    fused: None
    initial_lr: 0.01
    lr: 0.01
    maximize: False
    name: readouts
    swa_lr: 0.001
    weight_decay: 0.0
)
2023-12-06 16:01:07.718 INFO: Using gradient clipping with tolerance=10.000
2023-12-06 16:01:07.718 INFO: Started training
2023-12-06 16:01:13.199 INFO: Epoch 0: loss=817.3041, RMSE_E_per_atom=1341.4 meV, RMSE_F=2855.6 meV / A, RMSE_Mu_per_atom=26.27 mDebye
2023-12-06 16:01:17.518 INFO: Epoch 2: loss=430.2945, RMSE_E_per_atom=1641.7 meV, RMSE_F=2067.4 meV / A, RMSE_Mu_per_atom=42.87 mDebye
2023-12-06 16:01:18.354 INFO: Epoch 4: loss=249.6292, RMSE_E_per_atom=1717.7 meV, RMSE_F=1569.9 meV / A, RMSE_Mu_per_atom=47.63 mDebye
2023-12-06 16:01:19.182 INFO: Epoch 6: loss=264.1441, RMSE_E_per_atom=1943.5 meV, RMSE_F=1613.1 meV / A, RMSE_Mu_per_atom=41.44 mDebye
2023-12-06 16:01:19.744 INFO: Epoch 8: loss=294.6386, RMSE_E_per_atom=1802.9 meV, RMSE_F=1706.7 meV / A, RMSE_Mu_per_atom=33.48 mDebye
2023-12-06 16:01:20.307 INFO: Epoch 10: loss=375.7832, RMSE_E_per_atom=1761.1 meV, RMSE_F=1930.3 meV / A, RMSE_Mu_per_atom=24.13 mDebye
2023-12-06 16:01:20.870 INFO: Epoch 12: loss=473.1553, RMSE_E_per_atom=1882.8 meV, RMSE_F=2166.9 meV / A, RMSE_Mu_per_atom=22.56 mDebye
2023-12-06 16:01:21.427 INFO: Epoch 14: loss=298.2183, RMSE_E_per_atom=1785.0 meV, RMSE_F=1717.4 meV / A, RMSE_Mu_per_atom=27.33 mDebye
2023-12-06 16:01:21.984 INFO: Epoch 16: loss=261.9827, RMSE_E_per_atom=1882.0 meV, RMSE_F=1607.5 meV / A, RMSE_Mu_per_atom=22.39 mDebye
2023-12-06 16:01:22.553 INFO: Epoch 18: loss=187.5946, RMSE_E_per_atom=1931.3 meV, RMSE_F=1355.7 meV / A, RMSE_Mu_per_atom=27.81 mDebye
2023-12-06 16:01:23.387 INFO: Epoch 20: loss=189.4271, RMSE_E_per_atom=1829.4 meV, RMSE_F=1363.8 meV / A, RMSE_Mu_per_atom=28.40 mDebye
2023-12-06 16:01:23.947 INFO: Epoch 22: loss=138.3841, RMSE_E_per_atom=1878.4 meV, RMSE_F=1161.0 meV / A, RMSE_Mu_per_atom=23.63 mDebye
2023-12-06 16:01:24.770 INFO: Epoch 24: loss=138.4036, RMSE_E_per_atom=1857.9 meV, RMSE_F=1161.5 meV / A, RMSE_Mu_per_atom=21.77 mDebye
2023-12-06 16:01:25.332 INFO: Epoch 26: loss=142.7008, RMSE_E_per_atom=1791.6 meV, RMSE_F=1180.9 meV / A, RMSE_Mu_per_atom=21.82 mDebye
2023-12-06 16:01:25.895 INFO: Epoch 28: loss=141.7964, RMSE_E_per_atom=1789.7 meV, RMSE_F=1177.1 meV / A, RMSE_Mu_per_atom=21.45 mDebye
2023-12-06 16:01:26.457 INFO: Epoch 30: loss=118.5947, RMSE_E_per_atom=1786.5 meV, RMSE_F=1074.0 meV / A, RMSE_Mu_per_atom=21.65 mDebye
2023-12-06 16:01:27.285 INFO: Epoch 32: loss=105.7433, RMSE_E_per_atom=1738.0 meV, RMSE_F=1013.3 meV / A, RMSE_Mu_per_atom=21.05 mDebye
2023-12-06 16:01:28.114 INFO: Epoch 34: loss=134.9715, RMSE_E_per_atom=1712.6 meV, RMSE_F=1148.9 meV / A, RMSE_Mu_per_atom=22.45 mDebye
2023-12-06 16:01:28.675 INFO: Epoch 36: loss=94.9999, RMSE_E_per_atom=1682.7 meV, RMSE_F=959.8 meV / A, RMSE_Mu_per_atom=23.04 mDebye
2023-12-06 16:01:29.502 INFO: Epoch 38: loss=81.7514, RMSE_E_per_atom=1692.8 meV, RMSE_F=887.9 meV / A, RMSE_Mu_per_atom=23.25 mDebye
2023-12-06 16:01:30.329 INFO: Epoch 40: loss=87.7922, RMSE_E_per_atom=1680.7 meV, RMSE_F=921.5 meV / A, RMSE_Mu_per_atom=23.68 mDebye
2023-12-06 16:01:30.893 INFO: Epoch 42: loss=113.1430, RMSE_E_per_atom=1679.8 meV, RMSE_F=1050.1 meV / A, RMSE_Mu_per_atom=22.60 mDebye
2023-12-06 16:01:31.453 INFO: Epoch 44: loss=78.2670, RMSE_E_per_atom=1680.3 meV, RMSE_F=868.3 meV / A, RMSE_Mu_per_atom=22.63 mDebye
2023-12-06 16:01:32.280 INFO: Epoch 46: loss=63.4822, RMSE_E_per_atom=1667.5 meV, RMSE_F=778.8 meV / A, RMSE_Mu_per_atom=22.86 mDebye
2023-12-06 16:01:33.121 INFO: Epoch 48: loss=89.3924, RMSE_E_per_atom=1645.7 meV, RMSE_F=930.7 meV / A, RMSE_Mu_per_atom=23.37 mDebye
2023-12-06 16:01:33.685 INFO: Epoch 50: loss=71.6303, RMSE_E_per_atom=1618.1 meV, RMSE_F=830.3 meV / A, RMSE_Mu_per_atom=25.60 mDebye
2023-12-06 16:01:34.248 INFO: Epoch 52: loss=88.1582, RMSE_E_per_atom=1624.2 meV, RMSE_F=924.4 meV / A, RMSE_Mu_per_atom=26.38 mDebye
2023-12-06 16:01:34.812 INFO: Epoch 54: loss=104.9605, RMSE_E_per_atom=1604.6 meV, RMSE_F=1011.5 meV / A, RMSE_Mu_per_atom=26.01 mDebye
2023-12-06 16:01:35.375 INFO: Epoch 56: loss=84.4829, RMSE_E_per_atom=1579.9 meV, RMSE_F=905.1 meV / A, RMSE_Mu_per_atom=26.70 mDebye
2023-12-06 16:01:35.936 INFO: Epoch 58: loss=91.6683, RMSE_E_per_atom=1565.3 meV, RMSE_F=944.1 meV / A, RMSE_Mu_per_atom=28.10 mDebye
2023-12-06 16:01:36.499 INFO: Epoch 60: loss=93.3009, RMSE_E_per_atom=1535.1 meV, RMSE_F=953.2 meV / A, RMSE_Mu_per_atom=28.93 mDebye
2023-12-06 16:01:37.065 INFO: Epoch 62: loss=97.3963, RMSE_E_per_atom=1524.8 meV, RMSE_F=974.6 meV / A, RMSE_Mu_per_atom=30.58 mDebye
2023-12-06 16:01:37.631 INFO: Epoch 64: loss=83.7729, RMSE_E_per_atom=1502.3 meV, RMSE_F=902.3 meV / A, RMSE_Mu_per_atom=32.21 mDebye
2023-12-06 16:01:38.195 INFO: Epoch 66: loss=81.9377, RMSE_E_per_atom=1473.5 meV, RMSE_F=892.6 meV / A, RMSE_Mu_per_atom=31.73 mDebye
2023-12-06 16:01:38.766 INFO: Epoch 68: loss=62.7339, RMSE_E_per_atom=1456.8 meV, RMSE_F=777.9 meV / A, RMSE_Mu_per_atom=32.10 mDebye
2023-12-06 16:01:39.595 INFO: Epoch 70: loss=72.6811, RMSE_E_per_atom=1449.2 meV, RMSE_F=839.5 meV / A, RMSE_Mu_per_atom=32.64 mDebye
2023-12-06 16:01:40.159 INFO: Epoch 72: loss=87.8900, RMSE_E_per_atom=1433.9 meV, RMSE_F=925.8 meV / A, RMSE_Mu_per_atom=33.87 mDebye
2023-12-06 16:01:40.726 INFO: Epoch 74: loss=74.5046, RMSE_E_per_atom=1431.9 meV, RMSE_F=850.5 meV / A, RMSE_Mu_per_atom=33.91 mDebye
2023-12-06 16:01:41.289 INFO: Epoch 76: loss=76.5596, RMSE_E_per_atom=1408.6 meV, RMSE_F=862.9 meV / A, RMSE_Mu_per_atom=33.44 mDebye
2023-12-06 16:01:41.852 INFO: Epoch 78: loss=72.0182, RMSE_E_per_atom=1395.5 meV, RMSE_F=836.4 meV / A, RMSE_Mu_per_atom=33.53 mDebye
2023-12-06 16:01:42.415 INFO: Epoch 80: loss=125.2609, RMSE_E_per_atom=1390.4 meV, RMSE_F=1109.9 meV / A, RMSE_Mu_per_atom=35.95 mDebye
2023-12-06 16:01:42.979 INFO: Epoch 82: loss=76.6882, RMSE_E_per_atom=1358.3 meV, RMSE_F=864.3 meV / A, RMSE_Mu_per_atom=37.01 mDebye
2023-12-06 16:01:43.542 INFO: Epoch 84: loss=78.7347, RMSE_E_per_atom=1379.2 meV, RMSE_F=875.9 meV / A, RMSE_Mu_per_atom=34.16 mDebye
2023-12-06 16:01:44.105 INFO: Epoch 86: loss=69.6727, RMSE_E_per_atom=1359.0 meV, RMSE_F=822.8 meV / A, RMSE_Mu_per_atom=34.76 mDebye
2023-12-06 16:01:44.668 INFO: Epoch 88: loss=63.6875, RMSE_E_per_atom=1323.7 meV, RMSE_F=786.2 meV / A, RMSE_Mu_per_atom=35.20 mDebye
2023-12-06 16:01:45.234 INFO: Epoch 90: loss=70.6222, RMSE_E_per_atom=1314.4 meV, RMSE_F=829.3 meV / A, RMSE_Mu_per_atom=35.27 mDebye
2023-12-06 16:01:45.798 INFO: Epoch 92: loss=74.1716, RMSE_E_per_atom=1314.2 meV, RMSE_F=850.4 meV / A, RMSE_Mu_per_atom=34.47 mDebye
2023-12-06 16:01:46.362 INFO: Epoch 94: loss=79.0294, RMSE_E_per_atom=1302.0 meV, RMSE_F=878.8 meV / A, RMSE_Mu_per_atom=31.82 mDebye
2023-12-06 16:01:46.925 INFO: Epoch 96: loss=70.6842, RMSE_E_per_atom=1303.9 meV, RMSE_F=829.9 meV / A, RMSE_Mu_per_atom=32.77 mDebye
2023-12-06 16:01:47.488 INFO: Epoch 98: loss=67.6005, RMSE_E_per_atom=1291.2 meV, RMSE_F=811.3 meV / A, RMSE_Mu_per_atom=33.33 mDebye
2023-12-06 16:01:48.053 INFO: Epoch 100: loss=101.6851, RMSE_E_per_atom=1271.9 meV, RMSE_F=999.7 meV / A, RMSE_Mu_per_atom=34.67 mDebye
2023-12-06 16:01:48.616 INFO: Epoch 102: loss=105.9885, RMSE_E_per_atom=1286.7 meV, RMSE_F=1020.9 meV / A, RMSE_Mu_per_atom=33.98 mDebye
2023-12-06 16:01:49.183 INFO: Epoch 104: loss=86.9944, RMSE_E_per_atom=1277.7 meV, RMSE_F=923.3 meV / A, RMSE_Mu_per_atom=33.34 mDebye
2023-12-06 16:01:49.745 INFO: Epoch 106: loss=87.6809, RMSE_E_per_atom=1264.3 meV, RMSE_F=927.2 meV / A, RMSE_Mu_per_atom=33.11 mDebye
2023-12-06 16:01:50.308 INFO: Epoch 108: loss=64.8500, RMSE_E_per_atom=1266.8 meV, RMSE_F=794.6 meV / A, RMSE_Mu_per_atom=32.13 mDebye
2023-12-06 16:01:50.877 INFO: Epoch 110: loss=66.6202, RMSE_E_per_atom=1264.7 meV, RMSE_F=805.8 meV / A, RMSE_Mu_per_atom=31.00 mDebye
2023-12-06 16:01:51.440 INFO: Epoch 112: loss=82.1776, RMSE_E_per_atom=1269.1 meV, RMSE_F=897.0 meV / A, RMSE_Mu_per_atom=31.40 mDebye
2023-12-06 16:01:52.003 INFO: Epoch 114: loss=98.4643, RMSE_E_per_atom=1231.7 meV, RMSE_F=984.1 meV / A, RMSE_Mu_per_atom=33.18 mDebye
2023-12-06 16:01:52.568 INFO: Epoch 116: loss=92.9235, RMSE_E_per_atom=1225.2 meV, RMSE_F=955.6 meV / A, RMSE_Mu_per_atom=33.16 mDebye
2023-12-06 16:01:53.137 INFO: Epoch 118: loss=119.4117, RMSE_E_per_atom=1201.9 meV, RMSE_F=1085.6 meV / A, RMSE_Mu_per_atom=34.47 mDebye
2023-12-06 16:01:53.702 INFO: Epoch 120: loss=73.5946, RMSE_E_per_atom=1204.6 meV, RMSE_F=848.7 meV / A, RMSE_Mu_per_atom=32.59 mDebye
2023-12-06 16:01:54.266 INFO: Epoch 122: loss=75.5930, RMSE_E_per_atom=1201.3 meV, RMSE_F=860.5 meV / A, RMSE_Mu_per_atom=32.54 mDebye
2023-12-06 16:01:54.833 INFO: Epoch 124: loss=78.5811, RMSE_E_per_atom=1194.6 meV, RMSE_F=877.8 meV / A, RMSE_Mu_per_atom=32.61 mDebye
2023-12-06 16:01:55.401 INFO: Epoch 126: loss=96.0235, RMSE_E_per_atom=1179.9 meV, RMSE_F=972.2 meV / A, RMSE_Mu_per_atom=33.53 mDebye
2023-12-06 16:01:55.966 INFO: Epoch 128: loss=81.2615, RMSE_E_per_atom=1168.3 meV, RMSE_F=893.2 meV / A, RMSE_Mu_per_atom=34.71 mDebye
2023-12-06 16:01:56.533 INFO: Epoch 130: loss=77.9174, RMSE_E_per_atom=1167.9 meV, RMSE_F=874.4 meV / A, RMSE_Mu_per_atom=31.78 mDebye
2023-12-06 16:01:57.102 INFO: Epoch 132: loss=81.5109, RMSE_E_per_atom=1160.2 meV, RMSE_F=894.7 meV / A, RMSE_Mu_per_atom=33.99 mDebye
2023-12-06 16:01:57.667 INFO: Epoch 134: loss=85.6148, RMSE_E_per_atom=1147.6 meV, RMSE_F=917.4 meV / A, RMSE_Mu_per_atom=35.74 mDebye
2023-12-06 16:01:58.236 INFO: Epoch 136: loss=95.6515, RMSE_E_per_atom=1152.5 meV, RMSE_F=970.6 meV / A, RMSE_Mu_per_atom=34.72 mDebye
2023-12-06 16:01:58.799 INFO: Epoch 138: loss=69.5287, RMSE_E_per_atom=1128.4 meV, RMSE_F=825.5 meV / A, RMSE_Mu_per_atom=32.51 mDebye
2023-12-06 16:01:59.365 INFO: Epoch 140: loss=83.3165, RMSE_E_per_atom=1114.1 meV, RMSE_F=905.4 meV / A, RMSE_Mu_per_atom=32.35 mDebye
2023-12-06 16:01:59.930 INFO: Epoch 142: loss=86.0562, RMSE_E_per_atom=1116.1 meV, RMSE_F=920.3 meV / A, RMSE_Mu_per_atom=33.40 mDebye
2023-12-06 16:02:00.493 INFO: Epoch 144: loss=78.4560, RMSE_E_per_atom=1109.1 meV, RMSE_F=878.2 meV / A, RMSE_Mu_per_atom=31.80 mDebye
2023-12-06 16:02:01.056 INFO: Epoch 146: loss=105.4206, RMSE_E_per_atom=1095.3 meV, RMSE_F=1020.4 meV / A, RMSE_Mu_per_atom=31.38 mDebye
2023-12-06 16:02:01.619 INFO: Epoch 148: loss=100.3276, RMSE_E_per_atom=1075.6 meV, RMSE_F=995.3 meV / A, RMSE_Mu_per_atom=31.73 mDebye
2023-12-06 16:02:02.184 INFO: Epoch 150: loss=104.3657, RMSE_E_per_atom=1077.4 meV, RMSE_F=1015.4 meV / A, RMSE_Mu_per_atom=31.82 mDebye
2023-12-06 16:02:02.749 INFO: Epoch 152: loss=109.1995, RMSE_E_per_atom=1075.9 meV, RMSE_F=1038.9 meV / A, RMSE_Mu_per_atom=31.80 mDebye
2023-12-06 16:02:03.313 INFO: Epoch 154: loss=87.5136, RMSE_E_per_atom=1071.1 meV, RMSE_F=928.8 meV / A, RMSE_Mu_per_atom=32.68 mDebye
2023-12-06 16:02:03.877 INFO: Epoch 156: loss=78.6649, RMSE_E_per_atom=1065.0 meV, RMSE_F=880.0 meV / A, RMSE_Mu_per_atom=31.01 mDebye
2023-12-06 16:02:04.440 INFO: Epoch 158: loss=89.9414, RMSE_E_per_atom=1050.1 meV, RMSE_F=942.0 meV / A, RMSE_Mu_per_atom=32.86 mDebye
2023-12-06 16:02:05.003 INFO: Epoch 160: loss=100.4733, RMSE_E_per_atom=1043.8 meV, RMSE_F=996.4 meV / A, RMSE_Mu_per_atom=33.09 mDebye
2023-12-06 16:02:05.567 INFO: Epoch 162: loss=94.4152, RMSE_E_per_atom=1030.7 meV, RMSE_F=965.7 meV / A, RMSE_Mu_per_atom=32.16 mDebye
2023-12-06 16:02:06.134 INFO: Epoch 164: loss=96.8968, RMSE_E_per_atom=1017.6 meV, RMSE_F=978.6 meV / A, RMSE_Mu_per_atom=32.10 mDebye
2023-12-06 16:02:06.700 INFO: Epoch 166: loss=107.4813, RMSE_E_per_atom=998.3 meV, RMSE_F=1031.5 meV / A, RMSE_Mu_per_atom=30.91 mDebye
2023-12-06 16:02:07.267 INFO: Epoch 168: loss=96.2290, RMSE_E_per_atom=976.9 meV, RMSE_F=975.6 meV / A, RMSE_Mu_per_atom=31.09 mDebye
2023-12-06 16:02:07.831 INFO: Epoch 170: loss=95.8237, RMSE_E_per_atom=971.8 meV, RMSE_F=973.5 meV / A, RMSE_Mu_per_atom=32.06 mDebye
2023-12-06 16:02:08.401 INFO: Epoch 172: loss=85.4566, RMSE_E_per_atom=959.7 meV, RMSE_F=918.9 meV / A, RMSE_Mu_per_atom=32.14 mDebye
2023-12-06 16:02:08.966 INFO: Epoch 174: loss=82.0343, RMSE_E_per_atom=961.9 meV, RMSE_F=900.1 meV / A, RMSE_Mu_per_atom=30.79 mDebye
2023-12-06 16:02:09.533 INFO: Epoch 176: loss=105.1808, RMSE_E_per_atom=951.3 meV, RMSE_F=1020.7 meV / A, RMSE_Mu_per_atom=30.28 mDebye
2023-12-06 16:02:10.099 INFO: Epoch 178: loss=94.0573, RMSE_E_per_atom=937.2 meV, RMSE_F=964.8 meV / A, RMSE_Mu_per_atom=31.27 mDebye
2023-12-06 16:02:10.661 INFO: Epoch 180: loss=91.1739, RMSE_E_per_atom=919.2 meV, RMSE_F=949.9 meV / A, RMSE_Mu_per_atom=31.79 mDebye
2023-12-06 16:02:11.229 INFO: Epoch 182: loss=115.5761, RMSE_E_per_atom=909.6 meV, RMSE_F=1070.8 meV / A, RMSE_Mu_per_atom=30.14 mDebye
2023-12-06 16:02:11.793 INFO: Epoch 184: loss=109.6899, RMSE_E_per_atom=895.9 meV, RMSE_F=1043.0 meV / A, RMSE_Mu_per_atom=31.06 mDebye
2023-12-06 16:02:12.359 INFO: Epoch 186: loss=99.5062, RMSE_E_per_atom=891.1 meV, RMSE_F=993.1 meV / A, RMSE_Mu_per_atom=30.52 mDebye
2023-12-06 16:02:12.925 INFO: Epoch 188: loss=109.7158, RMSE_E_per_atom=888.9 meV, RMSE_F=1043.2 meV / A, RMSE_Mu_per_atom=31.06 mDebye
2023-12-06 16:02:13.491 INFO: Epoch 190: loss=107.8666, RMSE_E_per_atom=878.2 meV, RMSE_F=1034.4 meV / A, RMSE_Mu_per_atom=31.16 mDebye
2023-12-06 16:02:14.057 INFO: Epoch 192: loss=110.8663, RMSE_E_per_atom=857.8 meV, RMSE_F=1049.0 meV / A, RMSE_Mu_per_atom=30.31 mDebye
2023-12-06 16:02:14.625 INFO: Epoch 194: loss=90.3640, RMSE_E_per_atom=854.5 meV, RMSE_F=946.3 meV / A, RMSE_Mu_per_atom=29.75 mDebye
2023-12-06 16:02:15.191 INFO: Epoch 196: loss=110.2561, RMSE_E_per_atom=840.0 meV, RMSE_F=1046.2 meV / A, RMSE_Mu_per_atom=31.26 mDebye
2023-12-06 16:02:15.758 INFO: Epoch 198: loss=93.0106, RMSE_E_per_atom=822.3 meV, RMSE_F=960.4 meV / A, RMSE_Mu_per_atom=30.14 mDebye
2023-12-06 16:02:16.324 INFO: Epoch 200: loss=97.6997, RMSE_E_per_atom=809.5 meV, RMSE_F=984.7 meV / A, RMSE_Mu_per_atom=29.72 mDebye
2023-12-06 16:02:16.892 INFO: Epoch 202: loss=117.3620, RMSE_E_per_atom=787.1 meV, RMSE_F=1080.1 meV / A, RMSE_Mu_per_atom=30.15 mDebye
2023-12-06 16:02:17.455 INFO: Epoch 204: loss=104.6698, RMSE_E_per_atom=768.4 meV, RMSE_F=1019.8 meV / A, RMSE_Mu_per_atom=29.56 mDebye
2023-12-06 16:02:18.029 INFO: Epoch 206: loss=109.8623, RMSE_E_per_atom=764.5 meV, RMSE_F=1044.9 meV / A, RMSE_Mu_per_atom=29.96 mDebye
2023-12-06 16:02:18.595 INFO: Epoch 208: loss=103.5228, RMSE_E_per_atom=749.4 meV, RMSE_F=1014.2 meV / A, RMSE_Mu_per_atom=30.48 mDebye
2023-12-06 16:02:19.166 INFO: Epoch 210: loss=104.4438, RMSE_E_per_atom=729.8 meV, RMSE_F=1018.9 meV / A, RMSE_Mu_per_atom=30.61 mDebye
2023-12-06 16:02:19.734 INFO: Epoch 212: loss=95.4143, RMSE_E_per_atom=743.1 meV, RMSE_F=973.5 meV / A, RMSE_Mu_per_atom=30.54 mDebye
2023-12-06 16:02:20.302 INFO: Epoch 214: loss=103.1479, RMSE_E_per_atom=716.5 meV, RMSE_F=1012.6 meV / A, RMSE_Mu_per_atom=30.40 mDebye
2023-12-06 16:02:20.870 INFO: Epoch 216: loss=83.8648, RMSE_E_per_atom=705.7 meV, RMSE_F=912.5 meV / A, RMSE_Mu_per_atom=31.07 mDebye
2023-12-06 16:02:21.437 INFO: Epoch 218: loss=132.0935, RMSE_E_per_atom=672.9 meV, RMSE_F=1147.0 meV / A, RMSE_Mu_per_atom=30.08 mDebye
2023-12-06 16:02:22.005 INFO: Epoch 220: loss=99.1195, RMSE_E_per_atom=668.6 meV, RMSE_F=992.9 meV / A, RMSE_Mu_per_atom=28.52 mDebye
2023-12-06 16:02:22.576 INFO: Epoch 222: loss=96.5477, RMSE_E_per_atom=672.7 meV, RMSE_F=979.9 meV / A, RMSE_Mu_per_atom=28.58 mDebye
2023-12-06 16:02:23.143 INFO: Epoch 224: loss=95.4172, RMSE_E_per_atom=649.8 meV, RMSE_F=974.2 meV / A, RMSE_Mu_per_atom=30.11 mDebye
2023-12-06 16:02:23.710 INFO: Epoch 226: loss=106.9695, RMSE_E_per_atom=625.2 meV, RMSE_F=1031.9 meV / A, RMSE_Mu_per_atom=30.39 mDebye
2023-12-06 16:02:24.279 INFO: Epoch 228: loss=89.4225, RMSE_E_per_atom=608.6 meV, RMSE_F=943.2 meV / A, RMSE_Mu_per_atom=28.51 mDebye
2023-12-06 16:02:24.852 INFO: Epoch 230: loss=120.2024, RMSE_E_per_atom=588.1 meV, RMSE_F=1094.4 meV / A, RMSE_Mu_per_atom=29.02 mDebye
2023-12-06 16:02:25.422 INFO: Epoch 232: loss=92.3726, RMSE_E_per_atom=588.6 meV, RMSE_F=958.9 meV / A, RMSE_Mu_per_atom=28.17 mDebye
2023-12-06 16:02:25.990 INFO: Epoch 234: loss=100.4406, RMSE_E_per_atom=557.9 meV, RMSE_F=1000.2 meV / A, RMSE_Mu_per_atom=29.86 mDebye
2023-12-06 16:02:26.559 INFO: Epoch 236: loss=108.4242, RMSE_E_per_atom=548.9 meV, RMSE_F=1039.4 meV / A, RMSE_Mu_per_atom=28.57 mDebye
2023-12-06 16:02:27.126 INFO: Epoch 238: loss=107.7627, RMSE_E_per_atom=523.4 meV, RMSE_F=1036.4 meV / A, RMSE_Mu_per_atom=29.39 mDebye
2023-12-06 16:02:27.692 INFO: Epoch 240: loss=101.5034, RMSE_E_per_atom=502.0 meV, RMSE_F=1005.8 meV / A, RMSE_Mu_per_atom=28.86 mDebye
2023-12-06 16:02:28.272 INFO: Epoch 242: loss=98.3509, RMSE_E_per_atom=486.4 meV, RMSE_F=990.1 meV / A, RMSE_Mu_per_atom=27.75 mDebye
2023-12-06 16:02:28.848 INFO: Epoch 244: loss=117.2918, RMSE_E_per_atom=464.5 meV, RMSE_F=1081.6 meV / A, RMSE_Mu_per_atom=28.61 mDebye
2023-12-06 16:02:29.418 INFO: Epoch 246: loss=94.6791, RMSE_E_per_atom=462.1 meV, RMSE_F=971.5 meV / A, RMSE_Mu_per_atom=29.25 mDebye
2023-12-06 16:02:29.983 INFO: Epoch 248: loss=112.9545, RMSE_E_per_atom=459.4 meV, RMSE_F=1061.4 meV / A, RMSE_Mu_per_atom=28.01 mDebye
2023-12-06 16:02:30.549 INFO: Epoch 250: loss=98.7719, RMSE_E_per_atom=448.8 meV, RMSE_F=992.4 meV / A, RMSE_Mu_per_atom=27.88 mDebye
2023-12-06 16:02:31.114 INFO: Epoch 252: loss=111.1840, RMSE_E_per_atom=465.0 meV, RMSE_F=1053.0 meV / A, RMSE_Mu_per_atom=28.10 mDebye
2023-12-06 16:02:31.679 INFO: Epoch 254: loss=85.4276, RMSE_E_per_atom=453.8 meV, RMSE_F=922.7 meV / A, RMSE_Mu_per_atom=27.65 mDebye
2023-12-06 16:02:32.247 INFO: Epoch 256: loss=96.6624, RMSE_E_per_atom=425.8 meV, RMSE_F=981.9 meV / A, RMSE_Mu_per_atom=27.27 mDebye
2023-12-06 16:02:32.815 INFO: Epoch 258: loss=98.2760, RMSE_E_per_atom=399.9 meV, RMSE_F=990.2 meV / A, RMSE_Mu_per_atom=26.41 mDebye
2023-12-06 16:02:33.384 INFO: Epoch 260: loss=90.6522, RMSE_E_per_atom=388.3 meV, RMSE_F=950.9 meV / A, RMSE_Mu_per_atom=27.57 mDebye
2023-12-06 16:02:33.950 INFO: Epoch 262: loss=90.5770, RMSE_E_per_atom=364.5 meV, RMSE_F=950.6 meV / A, RMSE_Mu_per_atom=26.63 mDebye
2023-12-06 16:02:34.516 INFO: Epoch 264: loss=100.2378, RMSE_E_per_atom=332.1 meV, RMSE_F=1000.3 meV / A, RMSE_Mu_per_atom=27.66 mDebye
2023-12-06 16:02:35.082 INFO: Epoch 266: loss=94.0842, RMSE_E_per_atom=321.3 meV, RMSE_F=969.1 meV / A, RMSE_Mu_per_atom=25.85 mDebye
2023-12-06 16:02:35.651 INFO: Epoch 268: loss=103.3311, RMSE_E_per_atom=309.5 meV, RMSE_F=1015.7 meV / A, RMSE_Mu_per_atom=25.92 mDebye
2023-12-06 16:02:36.218 INFO: Epoch 270: loss=115.6972, RMSE_E_per_atom=276.3 meV, RMSE_F=1074.9 meV / A, RMSE_Mu_per_atom=28.04 mDebye
2023-12-06 16:02:36.783 INFO: Epoch 272: loss=97.0999, RMSE_E_per_atom=277.3 meV, RMSE_F=984.7 meV / A, RMSE_Mu_per_atom=25.99 mDebye
2023-12-06 16:02:37.349 INFO: Epoch 274: loss=126.4017, RMSE_E_per_atom=263.3 meV, RMSE_F=1123.7 meV / A, RMSE_Mu_per_atom=26.81 mDebye
2023-12-06 16:02:37.915 INFO: Epoch 276: loss=91.6374, RMSE_E_per_atom=270.4 meV, RMSE_F=956.5 meV / A, RMSE_Mu_per_atom=26.33 mDebye
2023-12-06 16:02:38.488 INFO: Epoch 278: loss=96.2725, RMSE_E_per_atom=250.8 meV, RMSE_F=980.5 meV / A, RMSE_Mu_per_atom=27.07 mDebye
2023-12-06 16:02:39.055 INFO: Epoch 280: loss=106.9553, RMSE_E_per_atom=238.8 meV, RMSE_F=1033.6 meV / A, RMSE_Mu_per_atom=26.88 mDebye
2023-12-06 16:02:39.621 INFO: Epoch 282: loss=109.5434, RMSE_E_per_atom=244.1 meV, RMSE_F=1046.0 meV / A, RMSE_Mu_per_atom=25.89 mDebye
2023-12-06 16:02:40.190 INFO: Epoch 284: loss=98.2418, RMSE_E_per_atom=227.1 meV, RMSE_F=990.6 meV / A, RMSE_Mu_per_atom=26.31 mDebye
2023-12-06 16:02:40.761 INFO: Epoch 286: loss=106.1183, RMSE_E_per_atom=206.6 meV, RMSE_F=1029.6 meV / A, RMSE_Mu_per_atom=26.29 mDebye
2023-12-06 16:02:41.329 INFO: Epoch 288: loss=100.8173, RMSE_E_per_atom=215.9 meV, RMSE_F=1003.5 meV / A, RMSE_Mu_per_atom=26.02 mDebye
2023-12-06 16:02:41.896 INFO: Epoch 290: loss=108.8837, RMSE_E_per_atom=208.4 meV, RMSE_F=1043.0 meV / A, RMSE_Mu_per_atom=25.52 mDebye
2023-12-06 16:02:42.463 INFO: Epoch 292: loss=100.9521, RMSE_E_per_atom=200.1 meV, RMSE_F=1004.2 meV / A, RMSE_Mu_per_atom=25.65 mDebye
2023-12-06 16:02:43.036 INFO: Epoch 294: loss=93.9019, RMSE_E_per_atom=211.5 meV, RMSE_F=968.5 meV / A, RMSE_Mu_per_atom=25.29 mDebye
2023-12-06 16:02:43.604 INFO: Epoch 296: loss=101.8820, RMSE_E_per_atom=204.4 meV, RMSE_F=1008.8 meV / A, RMSE_Mu_per_atom=25.16 mDebye
2023-12-06 16:02:44.170 INFO: Epoch 298: loss=91.6482, RMSE_E_per_atom=210.5 meV, RMSE_F=956.8 meV / A, RMSE_Mu_per_atom=25.37 mDebye
2023-12-06 16:02:44.737 INFO: Epoch 300: loss=105.2399, RMSE_E_per_atom=194.4 meV, RMSE_F=1025.4 meV / A, RMSE_Mu_per_atom=25.58 mDebye
2023-12-06 16:02:45.303 INFO: Epoch 302: loss=104.9802, RMSE_E_per_atom=198.4 meV, RMSE_F=1024.1 meV / A, RMSE_Mu_per_atom=25.98 mDebye
2023-12-06 16:02:45.867 INFO: Epoch 304: loss=101.9679, RMSE_E_per_atom=187.5 meV, RMSE_F=1009.3 meV / A, RMSE_Mu_per_atom=25.64 mDebye
2023-12-06 16:02:46.434 INFO: Epoch 306: loss=108.0568, RMSE_E_per_atom=173.0 meV, RMSE_F=1039.1 meV / A, RMSE_Mu_per_atom=25.23 mDebye
2023-12-06 16:02:47.000 INFO: Epoch 308: loss=108.8538, RMSE_E_per_atom=174.7 meV, RMSE_F=1042.9 meV / A, RMSE_Mu_per_atom=24.72 mDebye
2023-12-06 16:02:47.569 INFO: Epoch 310: loss=105.6784, RMSE_E_per_atom=170.2 meV, RMSE_F=1027.5 meV / A, RMSE_Mu_per_atom=26.72 mDebye
2023-12-06 16:02:48.147 INFO: Epoch 312: loss=102.2920, RMSE_E_per_atom=150.1 meV, RMSE_F=1011.0 meV / A, RMSE_Mu_per_atom=25.24 mDebye
2023-12-06 16:02:48.715 INFO: Epoch 314: loss=95.2765, RMSE_E_per_atom=162.8 meV, RMSE_F=975.6 meV / A, RMSE_Mu_per_atom=25.49 mDebye
2023-12-06 16:02:49.281 INFO: Epoch 316: loss=114.0905, RMSE_E_per_atom=143.1 meV, RMSE_F=1067.7 meV / A, RMSE_Mu_per_atom=25.01 mDebye
2023-12-06 16:02:49.851 INFO: Epoch 318: loss=102.7644, RMSE_E_per_atom=147.3 meV, RMSE_F=1013.3 meV / A, RMSE_Mu_per_atom=24.61 mDebye
2023-12-06 16:02:50.421 INFO: Epoch 320: loss=107.7035, RMSE_E_per_atom=144.8 meV, RMSE_F=1037.4 meV / A, RMSE_Mu_per_atom=25.78 mDebye
2023-12-06 16:02:50.986 INFO: Epoch 322: loss=105.8889, RMSE_E_per_atom=146.4 meV, RMSE_F=1028.6 meV / A, RMSE_Mu_per_atom=25.41 mDebye
2023-12-06 16:02:51.553 INFO: Epoch 324: loss=99.5841, RMSE_E_per_atom=137.3 meV, RMSE_F=997.5 meV / A, RMSE_Mu_per_atom=24.64 mDebye
2023-12-06 16:02:52.121 INFO: Epoch 326: loss=113.6187, RMSE_E_per_atom=127.1 meV, RMSE_F=1065.6 meV / A, RMSE_Mu_per_atom=25.04 mDebye
2023-12-06 16:02:52.687 INFO: Epoch 328: loss=110.7504, RMSE_E_per_atom=123.4 meV, RMSE_F=1052.0 meV / A, RMSE_Mu_per_atom=25.28 mDebye
2023-12-06 16:02:53.256 INFO: Epoch 330: loss=106.0221, RMSE_E_per_atom=125.7 meV, RMSE_F=1029.3 meV / A, RMSE_Mu_per_atom=25.48 mDebye
2023-12-06 16:02:53.824 INFO: Epoch 332: loss=110.5044, RMSE_E_per_atom=120.8 meV, RMSE_F=1050.8 meV / A, RMSE_Mu_per_atom=25.53 mDebye
2023-12-06 16:02:54.389 INFO: Epoch 334: loss=104.9130, RMSE_E_per_atom=109.5 meV, RMSE_F=1023.9 meV / A, RMSE_Mu_per_atom=24.28 mDebye
2023-12-06 16:02:54.955 INFO: Epoch 336: loss=108.5059, RMSE_E_per_atom=104.3 meV, RMSE_F=1041.3 meV / A, RMSE_Mu_per_atom=25.05 mDebye
2023-12-06 16:02:55.523 INFO: Epoch 338: loss=103.3472, RMSE_E_per_atom=97.3 meV, RMSE_F=1016.2 meV / A, RMSE_Mu_per_atom=26.00 mDebye
2023-12-06 16:02:56.091 INFO: Epoch 340: loss=104.9742, RMSE_E_per_atom=101.7 meV, RMSE_F=1024.2 meV / A, RMSE_Mu_per_atom=25.38 mDebye
2023-12-06 16:02:56.660 INFO: Epoch 342: loss=106.5497, RMSE_E_per_atom=89.1 meV, RMSE_F=1031.9 meV / A, RMSE_Mu_per_atom=25.21 mDebye
2023-12-06 16:02:57.228 INFO: Epoch 344: loss=105.5703, RMSE_E_per_atom=88.5 meV, RMSE_F=1027.1 meV / A, RMSE_Mu_per_atom=25.28 mDebye
2023-12-06 16:02:57.794 INFO: Epoch 346: loss=109.6665, RMSE_E_per_atom=80.4 meV, RMSE_F=1046.9 meV / A, RMSE_Mu_per_atom=24.39 mDebye
2023-12-06 16:02:58.364 INFO: Epoch 348: loss=105.3434, RMSE_E_per_atom=84.1 meV, RMSE_F=1026.0 meV / A, RMSE_Mu_per_atom=24.19 mDebye
2023-12-06 16:02:58.936 INFO: Epoch 350: loss=105.5836, RMSE_E_per_atom=75.6 meV, RMSE_F=1027.2 meV / A, RMSE_Mu_per_atom=25.08 mDebye
2023-12-06 16:02:59.503 INFO: Epoch 352: loss=108.3688, RMSE_E_per_atom=74.5 meV, RMSE_F=1040.7 meV / A, RMSE_Mu_per_atom=25.32 mDebye
2023-12-06 16:03:00.074 INFO: Epoch 354: loss=105.6297, RMSE_E_per_atom=76.6 meV, RMSE_F=1027.5 meV / A, RMSE_Mu_per_atom=23.69 mDebye
2023-12-06 16:03:00.642 INFO: Epoch 356: loss=107.5791, RMSE_E_per_atom=74.8 meV, RMSE_F=1036.9 meV / A, RMSE_Mu_per_atom=25.28 mDebye
2023-12-06 16:03:01.209 INFO: Epoch 358: loss=119.8215, RMSE_E_per_atom=69.4 meV, RMSE_F=1094.3 meV / A, RMSE_Mu_per_atom=24.80 mDebye
2023-12-06 16:03:01.774 INFO: Epoch 360: loss=106.7952, RMSE_E_per_atom=64.3 meV, RMSE_F=1033.1 meV / A, RMSE_Mu_per_atom=25.07 mDebye
2023-12-06 16:03:02.342 INFO: Epoch 362: loss=109.7397, RMSE_E_per_atom=66.5 meV, RMSE_F=1047.2 meV / A, RMSE_Mu_per_atom=25.27 mDebye
2023-12-06 16:03:02.910 INFO: Epoch 364: loss=117.0596, RMSE_E_per_atom=56.8 meV, RMSE_F=1081.6 meV / A, RMSE_Mu_per_atom=24.54 mDebye
2023-12-06 16:03:03.476 INFO: Epoch 366: loss=122.3007, RMSE_E_per_atom=60.8 meV, RMSE_F=1105.6 meV / A, RMSE_Mu_per_atom=24.64 mDebye
2023-12-06 16:03:04.043 INFO: Epoch 368: loss=106.2217, RMSE_E_per_atom=60.2 meV, RMSE_F=1030.3 meV / A, RMSE_Mu_per_atom=24.64 mDebye
2023-12-06 16:03:04.610 INFO: Epoch 370: loss=116.6723, RMSE_E_per_atom=59.9 meV, RMSE_F=1079.9 meV / A, RMSE_Mu_per_atom=24.58 mDebye
2023-12-06 16:03:05.178 INFO: Epoch 372: loss=113.7492, RMSE_E_per_atom=72.7 meV, RMSE_F=1066.2 meV / A, RMSE_Mu_per_atom=24.53 mDebye
2023-12-06 16:03:05.744 INFO: Epoch 374: loss=107.4807, RMSE_E_per_atom=64.1 meV, RMSE_F=1036.4 meV / A, RMSE_Mu_per_atom=24.53 mDebye
2023-12-06 16:03:06.312 INFO: Epoch 376: loss=107.7088, RMSE_E_per_atom=53.4 meV, RMSE_F=1037.5 meV / A, RMSE_Mu_per_atom=24.10 mDebye
2023-12-06 16:03:06.876 INFO: Epoch 378: loss=114.2363, RMSE_E_per_atom=61.3 meV, RMSE_F=1068.5 meV / A, RMSE_Mu_per_atom=24.70 mDebye
2023-12-06 16:03:07.443 INFO: Epoch 380: loss=119.4414, RMSE_E_per_atom=60.5 meV, RMSE_F=1092.6 meV / A, RMSE_Mu_per_atom=24.82 mDebye
2023-12-06 16:03:08.007 INFO: Epoch 382: loss=112.2647, RMSE_E_per_atom=57.2 meV, RMSE_F=1059.2 meV / A, RMSE_Mu_per_atom=24.72 mDebye
2023-12-06 16:03:08.575 INFO: Epoch 384: loss=96.8709, RMSE_E_per_atom=58.8 meV, RMSE_F=983.9 meV / A, RMSE_Mu_per_atom=24.76 mDebye
2023-12-06 16:03:09.141 INFO: Epoch 386: loss=119.1739, RMSE_E_per_atom=51.7 meV, RMSE_F=1091.4 meV / A, RMSE_Mu_per_atom=23.88 mDebye
2023-12-06 16:03:09.708 INFO: Epoch 388: loss=118.9479, RMSE_E_per_atom=53.9 meV, RMSE_F=1090.3 meV / A, RMSE_Mu_per_atom=24.44 mDebye
2023-12-06 16:03:10.278 INFO: Epoch 390: loss=106.2363, RMSE_E_per_atom=51.0 meV, RMSE_F=1030.4 meV / A, RMSE_Mu_per_atom=24.74 mDebye
2023-12-06 16:03:10.846 INFO: Epoch 392: loss=114.7242, RMSE_E_per_atom=43.1 meV, RMSE_F=1070.8 meV / A, RMSE_Mu_per_atom=24.63 mDebye
2023-12-06 16:03:11.413 INFO: Epoch 394: loss=112.5270, RMSE_E_per_atom=38.8 meV, RMSE_F=1060.5 meV / A, RMSE_Mu_per_atom=24.59 mDebye
2023-12-06 16:03:11.979 INFO: Epoch 396: loss=115.9944, RMSE_E_per_atom=42.6 meV, RMSE_F=1076.7 meV / A, RMSE_Mu_per_atom=24.10 mDebye
2023-12-06 16:03:12.547 INFO: Epoch 398: loss=107.1681, RMSE_E_per_atom=36.1 meV, RMSE_F=1034.9 meV / A, RMSE_Mu_per_atom=24.10 mDebye
2023-12-06 16:03:13.114 INFO: Epoch 400: loss=110.5157, RMSE_E_per_atom=43.4 meV, RMSE_F=1051.0 meV / A, RMSE_Mu_per_atom=24.87 mDebye
2023-12-06 16:03:13.682 INFO: Epoch 402: loss=111.6142, RMSE_E_per_atom=40.6 meV, RMSE_F=1056.2 meV / A, RMSE_Mu_per_atom=24.50 mDebye
2023-12-06 16:03:14.248 INFO: Epoch 404: loss=111.1297, RMSE_E_per_atom=45.0 meV, RMSE_F=1053.9 meV / A, RMSE_Mu_per_atom=24.09 mDebye
2023-12-06 16:03:14.815 INFO: Epoch 406: loss=110.2996, RMSE_E_per_atom=47.8 meV, RMSE_F=1050.0 meV / A, RMSE_Mu_per_atom=23.51 mDebye
2023-12-06 16:03:15.381 INFO: Epoch 408: loss=109.0687, RMSE_E_per_atom=52.9 meV, RMSE_F=1044.1 meV / A, RMSE_Mu_per_atom=24.41 mDebye
2023-12-06 16:03:15.947 INFO: Epoch 410: loss=106.9691, RMSE_E_per_atom=52.7 meV, RMSE_F=1033.9 meV / A, RMSE_Mu_per_atom=24.78 mDebye
2023-12-06 16:03:16.516 INFO: Epoch 412: loss=110.4586, RMSE_E_per_atom=54.2 meV, RMSE_F=1050.7 meV / A, RMSE_Mu_per_atom=24.80 mDebye
2023-12-06 16:03:17.085 INFO: Epoch 414: loss=114.3253, RMSE_E_per_atom=55.7 meV, RMSE_F=1068.9 meV / A, RMSE_Mu_per_atom=25.11 mDebye
2023-12-06 16:03:17.650 INFO: Epoch 416: loss=111.7117, RMSE_E_per_atom=57.6 meV, RMSE_F=1056.6 meV / A, RMSE_Mu_per_atom=24.56 mDebye
2023-12-06 16:03:18.219 INFO: Epoch 418: loss=119.2277, RMSE_E_per_atom=58.9 meV, RMSE_F=1091.6 meV / A, RMSE_Mu_per_atom=24.57 mDebye
2023-12-06 16:03:18.785 INFO: Epoch 420: loss=114.8677, RMSE_E_per_atom=56.9 meV, RMSE_F=1071.5 meV / A, RMSE_Mu_per_atom=24.55 mDebye
2023-12-06 16:03:19.357 INFO: Epoch 422: loss=118.6142, RMSE_E_per_atom=54.2 meV, RMSE_F=1088.8 meV / A, RMSE_Mu_per_atom=25.02 mDebye
2023-12-06 16:03:19.923 INFO: Epoch 424: loss=121.0621, RMSE_E_per_atom=53.7 meV, RMSE_F=1100.0 meV / A, RMSE_Mu_per_atom=24.74 mDebye
2023-12-06 16:03:20.495 INFO: Epoch 426: loss=125.9571, RMSE_E_per_atom=50.6 meV, RMSE_F=1122.0 meV / A, RMSE_Mu_per_atom=24.55 mDebye
2023-12-06 16:03:21.059 INFO: Epoch 428: loss=116.7463, RMSE_E_per_atom=43.2 meV, RMSE_F=1080.2 meV / A, RMSE_Mu_per_atom=24.34 mDebye
2023-12-06 16:03:21.629 INFO: Epoch 430: loss=117.4129, RMSE_E_per_atom=41.7 meV, RMSE_F=1083.3 meV / A, RMSE_Mu_per_atom=24.66 mDebye
2023-12-06 16:03:22.195 INFO: Epoch 432: loss=123.9690, RMSE_E_per_atom=40.6 meV, RMSE_F=1113.1 meV / A, RMSE_Mu_per_atom=24.54 mDebye
2023-12-06 16:03:22.759 INFO: Epoch 434: loss=118.1376, RMSE_E_per_atom=32.0 meV, RMSE_F=1086.6 meV / A, RMSE_Mu_per_atom=24.45 mDebye
2023-12-06 16:03:23.326 INFO: Epoch 436: loss=121.9157, RMSE_E_per_atom=34.4 meV, RMSE_F=1103.9 meV / A, RMSE_Mu_per_atom=24.49 mDebye
2023-12-06 16:03:23.895 INFO: Epoch 438: loss=118.7643, RMSE_E_per_atom=37.4 meV, RMSE_F=1089.5 meV / A, RMSE_Mu_per_atom=24.29 mDebye
2023-12-06 16:03:24.468 INFO: Epoch 440: loss=116.6994, RMSE_E_per_atom=35.7 meV, RMSE_F=1080.0 meV / A, RMSE_Mu_per_atom=24.19 mDebye
2023-12-06 16:03:25.040 INFO: Epoch 442: loss=125.7104, RMSE_E_per_atom=40.1 meV, RMSE_F=1120.9 meV / A, RMSE_Mu_per_atom=24.98 mDebye
2023-12-06 16:03:25.606 INFO: Epoch 444: loss=117.6770, RMSE_E_per_atom=34.1 meV, RMSE_F=1084.5 meV / A, RMSE_Mu_per_atom=24.52 mDebye
2023-12-06 16:03:26.174 INFO: Epoch 446: loss=121.3117, RMSE_E_per_atom=30.4 meV, RMSE_F=1101.1 meV / A, RMSE_Mu_per_atom=24.52 mDebye
2023-12-06 16:03:26.741 INFO: Epoch 448: loss=122.1062, RMSE_E_per_atom=34.7 meV, RMSE_F=1104.7 meV / A, RMSE_Mu_per_atom=24.35 mDebye
2023-12-06 16:03:27.308 INFO: Epoch 450: loss=131.7536, RMSE_E_per_atom=29.6 meV, RMSE_F=1147.6 meV / A, RMSE_Mu_per_atom=24.41 mDebye
2023-12-06 16:03:27.874 INFO: Epoch 452: loss=114.9186, RMSE_E_per_atom=30.7 meV, RMSE_F=1071.7 meV / A, RMSE_Mu_per_atom=24.28 mDebye
2023-12-06 16:03:28.441 INFO: Epoch 454: loss=117.8398, RMSE_E_per_atom=32.1 meV, RMSE_F=1085.3 meV / A, RMSE_Mu_per_atom=24.55 mDebye
2023-12-06 16:03:29.011 INFO: Epoch 456: loss=119.3637, RMSE_E_per_atom=31.5 meV, RMSE_F=1092.3 meV / A, RMSE_Mu_per_atom=24.72 mDebye
2023-12-06 16:03:29.578 INFO: Epoch 458: loss=116.1658, RMSE_E_per_atom=31.8 meV, RMSE_F=1077.5 meV / A, RMSE_Mu_per_atom=24.81 mDebye
2023-12-06 16:03:30.143 INFO: Epoch 460: loss=118.4303, RMSE_E_per_atom=25.2 meV, RMSE_F=1088.0 meV / A, RMSE_Mu_per_atom=24.55 mDebye
2023-12-06 16:03:30.710 INFO: Epoch 462: loss=118.0095, RMSE_E_per_atom=26.0 meV, RMSE_F=1086.1 meV / A, RMSE_Mu_per_atom=23.99 mDebye
2023-12-06 16:03:31.276 INFO: Epoch 464: loss=127.0965, RMSE_E_per_atom=19.4 meV, RMSE_F=1127.1 meV / A, RMSE_Mu_per_atom=24.51 mDebye
2023-12-06 16:03:31.840 INFO: Epoch 466: loss=116.0960, RMSE_E_per_atom=15.9 meV, RMSE_F=1077.2 meV / A, RMSE_Mu_per_atom=24.27 mDebye
2023-12-06 16:03:32.405 INFO: Epoch 468: loss=113.2992, RMSE_E_per_atom=24.8 meV, RMSE_F=1064.1 meV / A, RMSE_Mu_per_atom=24.76 mDebye
2023-12-06 16:03:32.971 INFO: Epoch 470: loss=129.7463, RMSE_E_per_atom=21.9 meV, RMSE_F=1138.8 meV / A, RMSE_Mu_per_atom=25.17 mDebye
2023-12-06 16:03:33.537 INFO: Epoch 472: loss=111.5671, RMSE_E_per_atom=23.4 meV, RMSE_F=1056.0 meV / A, RMSE_Mu_per_atom=24.47 mDebye
2023-12-06 16:03:34.104 INFO: Epoch 474: loss=120.5978, RMSE_E_per_atom=20.8 meV, RMSE_F=1097.9 meV / A, RMSE_Mu_per_atom=24.29 mDebye
2023-12-06 16:03:34.671 INFO: Epoch 476: loss=111.1145, RMSE_E_per_atom=24.4 meV, RMSE_F=1053.8 meV / A, RMSE_Mu_per_atom=24.36 mDebye
2023-12-06 16:03:35.238 INFO: Epoch 478: loss=118.9112, RMSE_E_per_atom=21.6 meV, RMSE_F=1090.2 meV / A, RMSE_Mu_per_atom=24.53 mDebye
2023-12-06 16:03:35.806 INFO: Epoch 480: loss=128.1858, RMSE_E_per_atom=22.2 meV, RMSE_F=1131.9 meV / A, RMSE_Mu_per_atom=24.71 mDebye
2023-12-06 16:03:36.374 INFO: Epoch 482: loss=118.4544, RMSE_E_per_atom=23.7 meV, RMSE_F=1088.1 meV / A, RMSE_Mu_per_atom=24.74 mDebye
2023-12-06 16:03:36.942 INFO: Epoch 484: loss=130.0607, RMSE_E_per_atom=26.3 meV, RMSE_F=1140.2 meV / A, RMSE_Mu_per_atom=24.92 mDebye
2023-12-06 16:03:37.508 INFO: Epoch 486: loss=116.6027, RMSE_E_per_atom=20.0 meV, RMSE_F=1079.6 meV / A, RMSE_Mu_per_atom=24.37 mDebye
2023-12-06 16:03:38.076 INFO: Epoch 488: loss=128.7740, RMSE_E_per_atom=21.6 meV, RMSE_F=1134.5 meV / A, RMSE_Mu_per_atom=24.62 mDebye
2023-12-06 16:03:38.643 INFO: Epoch 490: loss=123.3476, RMSE_E_per_atom=16.8 meV, RMSE_F=1110.3 meV / A, RMSE_Mu_per_atom=24.56 mDebye
2023-12-06 16:03:39.210 INFO: Epoch 492: loss=123.0244, RMSE_E_per_atom=16.3 meV, RMSE_F=1108.9 meV / A, RMSE_Mu_per_atom=24.64 mDebye
2023-12-06 16:03:39.778 INFO: Epoch 494: loss=122.2902, RMSE_E_per_atom=16.9 meV, RMSE_F=1105.6 meV / A, RMSE_Mu_per_atom=24.35 mDebye
2023-12-06 16:03:40.346 INFO: Epoch 496: loss=120.8620, RMSE_E_per_atom=12.8 meV, RMSE_F=1099.1 meV / A, RMSE_Mu_per_atom=24.70 mDebye
2023-12-06 16:03:40.914 INFO: Epoch 498: loss=120.1175, RMSE_E_per_atom=10.8 meV, RMSE_F=1095.7 meV / A, RMSE_Mu_per_atom=24.67 mDebye
2023-12-06 16:03:41.480 INFO: Epoch 500: loss=121.0943, RMSE_E_per_atom=10.5 meV, RMSE_F=1100.2 meV / A, RMSE_Mu_per_atom=24.40 mDebye
2023-12-06 16:03:42.045 INFO: Epoch 502: loss=123.7702, RMSE_E_per_atom=11.2 meV, RMSE_F=1112.3 meV / A, RMSE_Mu_per_atom=24.12 mDebye
2023-12-06 16:03:42.611 INFO: Epoch 504: loss=120.4664, RMSE_E_per_atom=8.1 meV, RMSE_F=1097.3 meV / A, RMSE_Mu_per_atom=24.83 mDebye
2023-12-06 16:03:43.179 INFO: Epoch 506: loss=120.8222, RMSE_E_per_atom=9.4 meV, RMSE_F=1098.9 meV / A, RMSE_Mu_per_atom=24.34 mDebye
2023-12-06 16:03:43.746 INFO: Epoch 508: loss=124.4621, RMSE_E_per_atom=9.7 meV, RMSE_F=1115.4 meV / A, RMSE_Mu_per_atom=24.33 mDebye
2023-12-06 16:03:44.315 INFO: Epoch 510: loss=125.9360, RMSE_E_per_atom=6.5 meV, RMSE_F=1121.9 meV / A, RMSE_Mu_per_atom=24.64 mDebye
2023-12-06 16:03:44.888 INFO: Epoch 512: loss=123.9313, RMSE_E_per_atom=5.7 meV, RMSE_F=1113.0 meV / A, RMSE_Mu_per_atom=24.39 mDebye
2023-12-06 16:03:45.455 INFO: Epoch 514: loss=124.3817, RMSE_E_per_atom=3.1 meV, RMSE_F=1115.0 meV / A, RMSE_Mu_per_atom=24.36 mDebye
2023-12-06 16:03:46.021 INFO: Epoch 516: loss=126.8444, RMSE_E_per_atom=4.0 meV, RMSE_F=1126.0 meV / A, RMSE_Mu_per_atom=24.47 mDebye
2023-12-06 16:03:46.589 INFO: Epoch 518: loss=121.7078, RMSE_E_per_atom=3.5 meV, RMSE_F=1102.9 meV / A, RMSE_Mu_per_atom=24.36 mDebye
2023-12-06 16:03:47.155 INFO: Epoch 520: loss=124.1451, RMSE_E_per_atom=2.9 meV, RMSE_F=1113.9 meV / A, RMSE_Mu_per_atom=24.19 mDebye
2023-12-06 16:03:47.722 INFO: Epoch 522: loss=122.8987, RMSE_E_per_atom=0.4 meV, RMSE_F=1108.3 meV / A, RMSE_Mu_per_atom=24.64 mDebye
2023-12-06 16:03:48.290 INFO: Epoch 524: loss=129.8459, RMSE_E_per_atom=1.1 meV, RMSE_F=1139.2 meV / A, RMSE_Mu_per_atom=24.39 mDebye
2023-12-06 16:03:48.859 INFO: Epoch 526: loss=128.1044, RMSE_E_per_atom=0.3 meV, RMSE_F=1131.6 meV / A, RMSE_Mu_per_atom=24.37 mDebye
2023-12-06 16:03:49.426 INFO: Epoch 528: loss=134.5976, RMSE_E_per_atom=1.9 meV, RMSE_F=1159.9 meV / A, RMSE_Mu_per_atom=24.86 mDebye
2023-12-06 16:03:49.992 INFO: Epoch 530: loss=123.5935, RMSE_E_per_atom=2.1 meV, RMSE_F=1111.5 meV / A, RMSE_Mu_per_atom=24.18 mDebye
2023-12-06 16:03:50.559 INFO: Epoch 532: loss=127.8726, RMSE_E_per_atom=1.5 meV, RMSE_F=1130.5 meV / A, RMSE_Mu_per_atom=24.51 mDebye
2023-12-06 16:03:51.130 INFO: Epoch 534: loss=127.8372, RMSE_E_per_atom=4.8 meV, RMSE_F=1130.4 meV / A, RMSE_Mu_per_atom=24.76 mDebye
2023-12-06 16:03:51.705 INFO: Epoch 536: loss=125.3603, RMSE_E_per_atom=0.8 meV, RMSE_F=1119.4 meV / A, RMSE_Mu_per_atom=24.35 mDebye
2023-12-06 16:03:52.273 INFO: Epoch 538: loss=122.5861, RMSE_E_per_atom=2.0 meV, RMSE_F=1106.9 meV / A, RMSE_Mu_per_atom=24.36 mDebye
2023-12-06 16:03:52.841 INFO: Epoch 540: loss=126.0829, RMSE_E_per_atom=2.6 meV, RMSE_F=1122.6 meV / A, RMSE_Mu_per_atom=24.48 mDebye
2023-12-06 16:03:53.406 INFO: Epoch 542: loss=122.9995, RMSE_E_per_atom=1.6 meV, RMSE_F=1108.8 meV / A, RMSE_Mu_per_atom=24.42 mDebye
2023-12-06 16:03:53.972 INFO: Epoch 544: loss=131.4317, RMSE_E_per_atom=2.6 meV, RMSE_F=1146.2 meV / A, RMSE_Mu_per_atom=24.65 mDebye
2023-12-06 16:03:54.543 INFO: Epoch 546: loss=123.9143, RMSE_E_per_atom=1.3 meV, RMSE_F=1112.9 meV / A, RMSE_Mu_per_atom=24.28 mDebye
2023-12-06 16:03:55.116 INFO: Epoch 548: loss=122.3795, RMSE_E_per_atom=1.8 meV, RMSE_F=1106.0 meV / A, RMSE_Mu_per_atom=24.47 mDebye
2023-12-06 16:03:55.695 INFO: Epoch 550: loss=125.3942, RMSE_E_per_atom=2.1 meV, RMSE_F=1119.5 meV / A, RMSE_Mu_per_atom=24.70 mDebye
2023-12-06 16:03:56.272 INFO: Epoch 552: loss=123.8301, RMSE_E_per_atom=3.6 meV, RMSE_F=1112.5 meV / A, RMSE_Mu_per_atom=24.19 mDebye
2023-12-06 16:03:56.837 INFO: Epoch 554: loss=124.4210, RMSE_E_per_atom=0.6 meV, RMSE_F=1115.2 meV / A, RMSE_Mu_per_atom=24.49 mDebye
2023-12-06 16:03:57.402 INFO: Epoch 556: loss=127.1822, RMSE_E_per_atom=3.7 meV, RMSE_F=1127.5 meV / A, RMSE_Mu_per_atom=24.49 mDebye
2023-12-06 16:03:57.969 INFO: Epoch 558: loss=126.6204, RMSE_E_per_atom=2.6 meV, RMSE_F=1125.0 meV / A, RMSE_Mu_per_atom=24.46 mDebye
2023-12-06 16:03:58.537 INFO: Epoch 560: loss=126.8203, RMSE_E_per_atom=2.8 meV, RMSE_F=1125.9 meV / A, RMSE_Mu_per_atom=24.40 mDebye
2023-12-06 16:03:59.106 INFO: Epoch 562: loss=128.1964, RMSE_E_per_atom=5.2 meV, RMSE_F=1132.0 meV / A, RMSE_Mu_per_atom=24.31 mDebye
2023-12-06 16:03:59.674 INFO: Epoch 564: loss=124.4503, RMSE_E_per_atom=3.3 meV, RMSE_F=1115.3 meV / A, RMSE_Mu_per_atom=24.48 mDebye
2023-12-06 16:04:00.243 INFO: Epoch 566: loss=126.2197, RMSE_E_per_atom=3.3 meV, RMSE_F=1123.2 meV / A, RMSE_Mu_per_atom=24.65 mDebye
2023-12-06 16:04:00.810 INFO: Epoch 568: loss=123.1620, RMSE_E_per_atom=2.4 meV, RMSE_F=1109.5 meV / A, RMSE_Mu_per_atom=24.60 mDebye
2023-12-06 16:04:01.377 INFO: Epoch 570: loss=122.4914, RMSE_E_per_atom=3.3 meV, RMSE_F=1106.5 meV / A, RMSE_Mu_per_atom=24.26 mDebye
2023-12-06 16:04:01.945 INFO: Epoch 572: loss=129.1728, RMSE_E_per_atom=1.0 meV, RMSE_F=1136.3 meV / A, RMSE_Mu_per_atom=24.70 mDebye
2023-12-06 16:04:02.512 INFO: Epoch 574: loss=125.2608, RMSE_E_per_atom=4.4 meV, RMSE_F=1118.9 meV / A, RMSE_Mu_per_atom=24.54 mDebye
2023-12-06 16:04:03.079 INFO: Epoch 576: loss=124.8626, RMSE_E_per_atom=6.2 meV, RMSE_F=1117.2 meV / A, RMSE_Mu_per_atom=24.31 mDebye
2023-12-06 16:04:03.646 INFO: Epoch 578: loss=128.3503, RMSE_E_per_atom=3.2 meV, RMSE_F=1132.7 meV / A, RMSE_Mu_per_atom=24.54 mDebye
2023-12-06 16:04:04.218 INFO: Epoch 580: loss=126.9878, RMSE_E_per_atom=5.8 meV, RMSE_F=1126.6 meV / A, RMSE_Mu_per_atom=24.62 mDebye
2023-12-06 16:04:04.784 INFO: Epoch 582: loss=127.7209, RMSE_E_per_atom=3.6 meV, RMSE_F=1129.9 meV / A, RMSE_Mu_per_atom=24.44 mDebye
2023-12-06 16:04:05.350 INFO: Epoch 584: loss=130.4383, RMSE_E_per_atom=6.1 meV, RMSE_F=1141.8 meV / A, RMSE_Mu_per_atom=24.50 mDebye
2023-12-06 16:04:05.915 INFO: Epoch 586: loss=127.5840, RMSE_E_per_atom=6.6 meV, RMSE_F=1129.3 meV / A, RMSE_Mu_per_atom=24.49 mDebye
2023-12-06 16:04:06.484 INFO: Epoch 588: loss=128.9085, RMSE_E_per_atom=5.5 meV, RMSE_F=1135.1 meV / A, RMSE_Mu_per_atom=24.55 mDebye
2023-12-06 16:04:07.053 INFO: Epoch 590: loss=128.3215, RMSE_E_per_atom=6.9 meV, RMSE_F=1132.5 meV / A, RMSE_Mu_per_atom=24.49 mDebye
2023-12-06 16:04:07.618 INFO: Epoch 592: loss=129.1497, RMSE_E_per_atom=6.2 meV, RMSE_F=1136.2 meV / A, RMSE_Mu_per_atom=24.47 mDebye
2023-12-06 16:04:08.187 INFO: Epoch 594: loss=127.9523, RMSE_E_per_atom=6.9 meV, RMSE_F=1130.9 meV / A, RMSE_Mu_per_atom=24.53 mDebye
2023-12-06 16:04:08.755 INFO: Epoch 596: loss=129.9772, RMSE_E_per_atom=7.7 meV, RMSE_F=1139.8 meV / A, RMSE_Mu_per_atom=24.56 mDebye
2023-12-06 16:04:09.322 INFO: Epoch 598: loss=128.9667, RMSE_E_per_atom=7.8 meV, RMSE_F=1135.4 meV / A, RMSE_Mu_per_atom=24.65 mDebye
2023-12-06 16:04:09.889 INFO: Epoch 600: loss=128.8893, RMSE_E_per_atom=7.6 meV, RMSE_F=1135.0 meV / A, RMSE_Mu_per_atom=24.48 mDebye
2023-12-06 16:04:10.460 INFO: Epoch 602: loss=129.6257, RMSE_E_per_atom=8.1 meV, RMSE_F=1138.3 meV / A, RMSE_Mu_per_atom=24.53 mDebye
2023-12-06 16:04:11.028 INFO: Epoch 604: loss=129.1183, RMSE_E_per_atom=8.3 meV, RMSE_F=1136.0 meV / A, RMSE_Mu_per_atom=24.51 mDebye
2023-12-06 16:04:11.593 INFO: Epoch 606: loss=129.5646, RMSE_E_per_atom=9.1 meV, RMSE_F=1138.0 meV / A, RMSE_Mu_per_atom=24.60 mDebye
2023-12-06 16:04:12.159 INFO: Epoch 608: loss=129.5379, RMSE_E_per_atom=8.5 meV, RMSE_F=1137.9 meV / A, RMSE_Mu_per_atom=24.66 mDebye
2023-12-06 16:04:12.727 INFO: Epoch 610: loss=128.9755, RMSE_E_per_atom=8.6 meV, RMSE_F=1135.4 meV / A, RMSE_Mu_per_atom=24.58 mDebye
2023-12-06 16:04:13.294 INFO: Epoch 612: loss=129.5039, RMSE_E_per_atom=8.9 meV, RMSE_F=1137.7 meV / A, RMSE_Mu_per_atom=24.45 mDebye
2023-12-06 16:04:13.865 INFO: Epoch 614: loss=130.2834, RMSE_E_per_atom=9.2 meV, RMSE_F=1141.2 meV / A, RMSE_Mu_per_atom=24.52 mDebye
2023-12-06 16:04:14.431 INFO: Epoch 616: loss=129.7877, RMSE_E_per_atom=9.0 meV, RMSE_F=1139.0 meV / A, RMSE_Mu_per_atom=24.46 mDebye
2023-12-06 16:04:14.999 INFO: Epoch 618: loss=130.3263, RMSE_E_per_atom=9.5 meV, RMSE_F=1141.3 meV / A, RMSE_Mu_per_atom=24.42 mDebye
2023-12-06 16:04:15.566 INFO: Epoch 620: loss=130.4010, RMSE_E_per_atom=9.7 meV, RMSE_F=1141.7 meV / A, RMSE_Mu_per_atom=24.64 mDebye
2023-12-06 16:04:16.135 INFO: Epoch 622: loss=129.7065, RMSE_E_per_atom=9.4 meV, RMSE_F=1138.6 meV / A, RMSE_Mu_per_atom=24.47 mDebye
2023-12-06 16:04:16.703 INFO: Epoch 624: loss=130.3550, RMSE_E_per_atom=10.3 meV, RMSE_F=1141.5 meV / A, RMSE_Mu_per_atom=24.53 mDebye
2023-12-06 16:04:17.275 INFO: Epoch 626: loss=130.2067, RMSE_E_per_atom=10.0 meV, RMSE_F=1140.8 meV / A, RMSE_Mu_per_atom=24.54 mDebye
2023-12-06 16:04:17.849 INFO: Epoch 628: loss=130.3664, RMSE_E_per_atom=10.4 meV, RMSE_F=1141.5 meV / A, RMSE_Mu_per_atom=24.41 mDebye
2023-12-06 16:04:18.422 INFO: Epoch 630: loss=130.4490, RMSE_E_per_atom=10.7 meV, RMSE_F=1141.9 meV / A, RMSE_Mu_per_atom=24.43 mDebye
2023-12-06 16:04:18.990 INFO: Epoch 632: loss=131.4476, RMSE_E_per_atom=10.6 meV, RMSE_F=1146.2 meV / A, RMSE_Mu_per_atom=24.46 mDebye
2023-12-06 16:04:19.562 INFO: Epoch 634: loss=131.7378, RMSE_E_per_atom=10.5 meV, RMSE_F=1147.5 meV / A, RMSE_Mu_per_atom=24.49 mDebye
2023-12-06 16:04:20.130 INFO: Epoch 636: loss=130.5397, RMSE_E_per_atom=10.7 meV, RMSE_F=1142.3 meV / A, RMSE_Mu_per_atom=24.56 mDebye
2023-12-06 16:04:20.698 INFO: Epoch 638: loss=131.1411, RMSE_E_per_atom=10.5 meV, RMSE_F=1144.9 meV / A, RMSE_Mu_per_atom=24.56 mDebye
2023-12-06 16:04:21.263 INFO: Epoch 640: loss=130.9257, RMSE_E_per_atom=11.0 meV, RMSE_F=1144.0 meV / A, RMSE_Mu_per_atom=24.64 mDebye
2023-12-06 16:04:21.835 INFO: Epoch 642: loss=131.5231, RMSE_E_per_atom=11.2 meV, RMSE_F=1146.6 meV / A, RMSE_Mu_per_atom=24.57 mDebye
2023-12-06 16:04:22.402 INFO: Epoch 644: loss=131.5598, RMSE_E_per_atom=11.1 meV, RMSE_F=1146.7 meV / A, RMSE_Mu_per_atom=24.53 mDebye
2023-12-06 16:04:22.968 INFO: Epoch 646: loss=131.5230, RMSE_E_per_atom=10.6 meV, RMSE_F=1146.6 meV / A, RMSE_Mu_per_atom=24.52 mDebye
2023-12-06 16:04:23.535 INFO: Epoch 648: loss=131.5612, RMSE_E_per_atom=10.7 meV, RMSE_F=1146.7 meV / A, RMSE_Mu_per_atom=24.45 mDebye
2023-12-06 16:04:24.115 INFO: Epoch 650: loss=131.3045, RMSE_E_per_atom=10.6 meV, RMSE_F=1145.6 meV / A, RMSE_Mu_per_atom=24.50 mDebye
2023-12-06 16:04:24.682 INFO: Epoch 652: loss=130.9289, RMSE_E_per_atom=10.8 meV, RMSE_F=1144.0 meV / A, RMSE_Mu_per_atom=24.54 mDebye
2023-12-06 16:04:25.251 INFO: Epoch 654: loss=131.7074, RMSE_E_per_atom=11.1 meV, RMSE_F=1147.4 meV / A, RMSE_Mu_per_atom=24.58 mDebye
2023-12-06 16:04:25.825 INFO: Epoch 656: loss=132.3167, RMSE_E_per_atom=11.1 meV, RMSE_F=1150.0 meV / A, RMSE_Mu_per_atom=24.61 mDebye
2023-12-06 16:04:26.408 INFO: Epoch 658: loss=132.4303, RMSE_E_per_atom=11.6 meV, RMSE_F=1150.5 meV / A, RMSE_Mu_per_atom=24.51 mDebye
2023-12-06 16:04:26.989 INFO: Epoch 660: loss=132.1783, RMSE_E_per_atom=11.9 meV, RMSE_F=1149.4 meV / A, RMSE_Mu_per_atom=24.45 mDebye
2023-12-06 16:04:27.561 INFO: Epoch 662: loss=132.5402, RMSE_E_per_atom=11.7 meV, RMSE_F=1151.0 meV / A, RMSE_Mu_per_atom=24.47 mDebye
2023-12-06 16:04:28.138 INFO: Epoch 664: loss=131.9682, RMSE_E_per_atom=11.4 meV, RMSE_F=1148.5 meV / A, RMSE_Mu_per_atom=24.55 mDebye
2023-12-06 16:04:28.708 INFO: Epoch 666: loss=131.9622, RMSE_E_per_atom=11.2 meV, RMSE_F=1148.5 meV / A, RMSE_Mu_per_atom=24.61 mDebye
2023-12-06 16:04:29.276 INFO: Epoch 668: loss=132.2236, RMSE_E_per_atom=10.9 meV, RMSE_F=1149.6 meV / A, RMSE_Mu_per_atom=24.52 mDebye
2023-12-06 16:04:29.843 INFO: Epoch 670: loss=131.6323, RMSE_E_per_atom=11.3 meV, RMSE_F=1147.0 meV / A, RMSE_Mu_per_atom=24.49 mDebye
2023-12-06 16:04:30.415 INFO: Epoch 672: loss=132.3560, RMSE_E_per_atom=11.4 meV, RMSE_F=1150.2 meV / A, RMSE_Mu_per_atom=24.60 mDebye
2023-12-06 16:04:30.983 INFO: Epoch 674: loss=132.5051, RMSE_E_per_atom=11.3 meV, RMSE_F=1150.8 meV / A, RMSE_Mu_per_atom=24.48 mDebye
2023-12-06 16:04:31.552 INFO: Epoch 676: loss=132.2719, RMSE_E_per_atom=11.6 meV, RMSE_F=1149.8 meV / A, RMSE_Mu_per_atom=24.55 mDebye
2023-12-06 16:04:32.121 INFO: Epoch 678: loss=133.1233, RMSE_E_per_atom=11.4 meV, RMSE_F=1153.5 meV / A, RMSE_Mu_per_atom=24.49 mDebye
2023-12-06 16:04:32.687 INFO: Epoch 680: loss=131.6954, RMSE_E_per_atom=11.6 meV, RMSE_F=1147.3 meV / A, RMSE_Mu_per_atom=24.51 mDebye
2023-12-06 16:04:33.255 INFO: Epoch 682: loss=132.8276, RMSE_E_per_atom=11.2 meV, RMSE_F=1152.2 meV / A, RMSE_Mu_per_atom=24.51 mDebye
2023-12-06 16:04:33.824 INFO: Epoch 684: loss=132.7504, RMSE_E_per_atom=11.4 meV, RMSE_F=1151.9 meV / A, RMSE_Mu_per_atom=24.59 mDebye
2023-12-06 16:04:34.395 INFO: Epoch 686: loss=132.5347, RMSE_E_per_atom=11.5 meV, RMSE_F=1151.0 meV / A, RMSE_Mu_per_atom=24.60 mDebye
2023-12-06 16:04:34.960 INFO: Epoch 688: loss=133.0961, RMSE_E_per_atom=11.6 meV, RMSE_F=1153.4 meV / A, RMSE_Mu_per_atom=24.51 mDebye
2023-12-06 16:04:35.533 INFO: Epoch 690: loss=133.0987, RMSE_E_per_atom=11.7 meV, RMSE_F=1153.4 meV / A, RMSE_Mu_per_atom=24.48 mDebye
2023-12-06 16:04:36.100 INFO: Epoch 692: loss=133.1080, RMSE_E_per_atom=11.5 meV, RMSE_F=1153.5 meV / A, RMSE_Mu_per_atom=24.45 mDebye
2023-12-06 16:04:36.667 INFO: Epoch 694: loss=132.9983, RMSE_E_per_atom=11.3 meV, RMSE_F=1153.0 meV / A, RMSE_Mu_per_atom=24.51 mDebye
2023-12-06 16:04:37.234 INFO: Epoch 696: loss=132.8584, RMSE_E_per_atom=11.6 meV, RMSE_F=1152.4 meV / A, RMSE_Mu_per_atom=24.49 mDebye
2023-12-06 16:04:37.804 INFO: Epoch 698: loss=133.3818, RMSE_E_per_atom=11.4 meV, RMSE_F=1154.6 meV / A, RMSE_Mu_per_atom=24.62 mDebye
2023-12-06 16:04:38.371 INFO: Epoch 700: loss=133.4303, RMSE_E_per_atom=11.5 meV, RMSE_F=1154.9 meV / A, RMSE_Mu_per_atom=24.63 mDebye
2023-12-06 16:04:38.940 INFO: Epoch 702: loss=133.0684, RMSE_E_per_atom=11.5 meV, RMSE_F=1153.3 meV / A, RMSE_Mu_per_atom=24.51 mDebye
2023-12-06 16:04:39.509 INFO: Epoch 704: loss=133.0765, RMSE_E_per_atom=11.5 meV, RMSE_F=1153.3 meV / A, RMSE_Mu_per_atom=24.54 mDebye
2023-12-06 16:04:40.080 INFO: Epoch 706: loss=133.4444, RMSE_E_per_atom=11.2 meV, RMSE_F=1154.9 meV / A, RMSE_Mu_per_atom=24.52 mDebye
2023-12-06 16:04:40.650 INFO: Epoch 708: loss=133.2549, RMSE_E_per_atom=11.6 meV, RMSE_F=1154.1 meV / A, RMSE_Mu_per_atom=24.54 mDebye
2023-12-06 16:04:41.217 INFO: Epoch 710: loss=133.2531, RMSE_E_per_atom=11.6 meV, RMSE_F=1154.1 meV / A, RMSE_Mu_per_atom=24.55 mDebye
2023-12-06 16:04:41.785 INFO: Epoch 712: loss=133.7932, RMSE_E_per_atom=11.3 meV, RMSE_F=1156.4 meV / A, RMSE_Mu_per_atom=24.52 mDebye
2023-12-06 16:04:42.355 INFO: Epoch 714: loss=133.4122, RMSE_E_per_atom=11.4 meV, RMSE_F=1154.8 meV / A, RMSE_Mu_per_atom=24.57 mDebye
2023-12-06 16:04:42.926 INFO: Epoch 716: loss=133.5095, RMSE_E_per_atom=11.5 meV, RMSE_F=1155.2 meV / A, RMSE_Mu_per_atom=24.61 mDebye
2023-12-06 16:04:43.493 INFO: Epoch 718: loss=133.8381, RMSE_E_per_atom=11.4 meV, RMSE_F=1156.6 meV / A, RMSE_Mu_per_atom=24.56 mDebye
2023-12-06 16:04:44.060 INFO: Epoch 720: loss=133.6893, RMSE_E_per_atom=11.5 meV, RMSE_F=1156.0 meV / A, RMSE_Mu_per_atom=24.54 mDebye
2023-12-06 16:04:44.629 INFO: Epoch 722: loss=133.6761, RMSE_E_per_atom=11.4 meV, RMSE_F=1155.9 meV / A, RMSE_Mu_per_atom=24.49 mDebye
2023-12-06 16:04:45.194 INFO: Epoch 724: loss=133.8590, RMSE_E_per_atom=11.2 meV, RMSE_F=1156.7 meV / A, RMSE_Mu_per_atom=24.47 mDebye
2023-12-06 16:04:45.760 INFO: Epoch 726: loss=133.6904, RMSE_E_per_atom=11.7 meV, RMSE_F=1156.0 meV / A, RMSE_Mu_per_atom=24.46 mDebye
2023-12-06 16:04:46.332 INFO: Epoch 728: loss=133.9425, RMSE_E_per_atom=11.4 meV, RMSE_F=1157.1 meV / A, RMSE_Mu_per_atom=24.56 mDebye
2023-12-06 16:04:46.902 INFO: Epoch 730: loss=133.7920, RMSE_E_per_atom=11.5 meV, RMSE_F=1156.4 meV / A, RMSE_Mu_per_atom=24.55 mDebye
2023-12-06 16:04:47.469 INFO: Epoch 732: loss=134.1453, RMSE_E_per_atom=11.5 meV, RMSE_F=1158.0 meV / A, RMSE_Mu_per_atom=24.53 mDebye
2023-12-06 16:04:48.035 INFO: Epoch 734: loss=134.1063, RMSE_E_per_atom=11.6 meV, RMSE_F=1157.8 meV / A, RMSE_Mu_per_atom=24.59 mDebye
2023-12-06 16:04:48.602 INFO: Epoch 736: loss=133.9463, RMSE_E_per_atom=11.3 meV, RMSE_F=1157.1 meV / A, RMSE_Mu_per_atom=24.55 mDebye
2023-12-06 16:04:49.169 INFO: Epoch 738: loss=134.1626, RMSE_E_per_atom=11.3 meV, RMSE_F=1158.0 meV / A, RMSE_Mu_per_atom=24.54 mDebye
2023-12-06 16:04:49.740 INFO: Epoch 740: loss=134.0768, RMSE_E_per_atom=11.5 meV, RMSE_F=1157.7 meV / A, RMSE_Mu_per_atom=24.48 mDebye
2023-12-06 16:04:50.305 INFO: Epoch 742: loss=134.2270, RMSE_E_per_atom=11.3 meV, RMSE_F=1158.3 meV / A, RMSE_Mu_per_atom=24.51 mDebye
2023-12-06 16:04:50.875 INFO: Epoch 744: loss=134.3100, RMSE_E_per_atom=11.5 meV, RMSE_F=1158.7 meV / A, RMSE_Mu_per_atom=24.54 mDebye
2023-12-06 16:04:51.442 INFO: Epoch 746: loss=134.2130, RMSE_E_per_atom=11.3 meV, RMSE_F=1158.2 meV / A, RMSE_Mu_per_atom=24.56 mDebye
2023-12-06 16:04:52.009 INFO: Epoch 748: loss=134.1261, RMSE_E_per_atom=11.5 meV, RMSE_F=1157.9 meV / A, RMSE_Mu_per_atom=24.55 mDebye
2023-12-06 16:04:52.576 INFO: Epoch 750: loss=134.4594, RMSE_E_per_atom=11.3 meV, RMSE_F=1159.3 meV / A, RMSE_Mu_per_atom=24.56 mDebye
2023-12-06 16:04:53.145 INFO: Epoch 752: loss=134.6781, RMSE_E_per_atom=11.4 meV, RMSE_F=1160.2 meV / A, RMSE_Mu_per_atom=24.58 mDebye
2023-12-06 16:04:53.713 INFO: Epoch 754: loss=134.3487, RMSE_E_per_atom=11.5 meV, RMSE_F=1158.8 meV / A, RMSE_Mu_per_atom=24.60 mDebye
2023-12-06 16:04:54.280 INFO: Epoch 756: loss=134.5294, RMSE_E_per_atom=11.2 meV, RMSE_F=1159.6 meV / A, RMSE_Mu_per_atom=24.50 mDebye
2023-12-06 16:04:54.846 INFO: Epoch 758: loss=134.3243, RMSE_E_per_atom=11.4 meV, RMSE_F=1158.7 meV / A, RMSE_Mu_per_atom=24.50 mDebye
2023-12-06 16:04:55.412 INFO: Epoch 760: loss=134.6863, RMSE_E_per_atom=11.5 meV, RMSE_F=1160.3 meV / A, RMSE_Mu_per_atom=24.48 mDebye
2023-12-06 16:04:55.980 INFO: Epoch 762: loss=134.6604, RMSE_E_per_atom=11.4 meV, RMSE_F=1160.2 meV / A, RMSE_Mu_per_atom=24.54 mDebye
2023-12-06 16:04:56.545 INFO: Epoch 764: loss=134.5226, RMSE_E_per_atom=11.2 meV, RMSE_F=1159.6 meV / A, RMSE_Mu_per_atom=24.56 mDebye
2023-12-06 16:04:57.115 INFO: Epoch 766: loss=135.0181, RMSE_E_per_atom=11.4 meV, RMSE_F=1161.7 meV / A, RMSE_Mu_per_atom=24.56 mDebye
2023-12-06 16:04:57.683 INFO: Epoch 768: loss=134.8303, RMSE_E_per_atom=11.5 meV, RMSE_F=1160.9 meV / A, RMSE_Mu_per_atom=24.53 mDebye
2023-12-06 16:04:58.250 INFO: Epoch 770: loss=134.5773, RMSE_E_per_atom=11.3 meV, RMSE_F=1159.8 meV / A, RMSE_Mu_per_atom=24.48 mDebye
2023-12-06 16:04:58.821 INFO: Epoch 772: loss=135.0060, RMSE_E_per_atom=11.4 meV, RMSE_F=1161.7 meV / A, RMSE_Mu_per_atom=24.59 mDebye
2023-12-06 16:04:59.387 INFO: Epoch 774: loss=134.9151, RMSE_E_per_atom=11.4 meV, RMSE_F=1161.3 meV / A, RMSE_Mu_per_atom=24.56 mDebye
2023-12-06 16:04:59.952 INFO: Epoch 776: loss=134.8464, RMSE_E_per_atom=11.2 meV, RMSE_F=1161.0 meV / A, RMSE_Mu_per_atom=24.53 mDebye
2023-12-06 16:05:00.520 INFO: Epoch 778: loss=134.6921, RMSE_E_per_atom=11.1 meV, RMSE_F=1160.3 meV / A, RMSE_Mu_per_atom=24.54 mDebye
2023-12-06 16:05:01.086 INFO: Epoch 780: loss=134.8151, RMSE_E_per_atom=11.4 meV, RMSE_F=1160.8 meV / A, RMSE_Mu_per_atom=24.57 mDebye
2023-12-06 16:05:01.657 INFO: Epoch 782: loss=135.0882, RMSE_E_per_atom=11.1 meV, RMSE_F=1162.0 meV / A, RMSE_Mu_per_atom=24.58 mDebye
2023-12-06 16:05:02.224 INFO: Epoch 784: loss=134.9001, RMSE_E_per_atom=11.3 meV, RMSE_F=1161.2 meV / A, RMSE_Mu_per_atom=24.51 mDebye
2023-12-06 16:05:02.790 INFO: Epoch 786: loss=134.9293, RMSE_E_per_atom=11.4 meV, RMSE_F=1161.3 meV / A, RMSE_Mu_per_atom=24.50 mDebye
2023-12-06 16:05:03.363 INFO: Epoch 788: loss=135.2158, RMSE_E_per_atom=11.2 meV, RMSE_F=1162.6 meV / A, RMSE_Mu_per_atom=24.54 mDebye
2023-12-06 16:05:03.938 INFO: Epoch 790: loss=135.1758, RMSE_E_per_atom=11.3 meV, RMSE_F=1162.4 meV / A, RMSE_Mu_per_atom=24.56 mDebye
2023-12-06 16:05:04.504 INFO: Epoch 792: loss=135.1457, RMSE_E_per_atom=11.2 meV, RMSE_F=1162.3 meV / A, RMSE_Mu_per_atom=24.57 mDebye
2023-12-06 16:05:05.069 INFO: Epoch 794: loss=135.1494, RMSE_E_per_atom=11.1 meV, RMSE_F=1162.3 meV / A, RMSE_Mu_per_atom=24.54 mDebye
2023-12-06 16:05:05.635 INFO: Epoch 796: loss=135.2161, RMSE_E_per_atom=11.5 meV, RMSE_F=1162.6 meV / A, RMSE_Mu_per_atom=24.55 mDebye
2023-12-06 16:05:06.203 INFO: Epoch 798: loss=135.2165, RMSE_E_per_atom=11.2 meV, RMSE_F=1162.6 meV / A, RMSE_Mu_per_atom=24.51 mDebye
2023-12-06 16:05:06.476 INFO: Changing loss based on SWA
2023-12-06 16:05:06.772 INFO: Epoch 800: loss=134.4186, RMSE_E_per_atom=6.1 meV, RMSE_F=1159.0 meV / A, RMSE_Mu_per_atom=24.61 mDebye
2023-12-06 16:05:07.627 INFO: Epoch 802: loss=134.0499, RMSE_E_per_atom=3.9 meV, RMSE_F=1157.5 meV / A, RMSE_Mu_per_atom=24.50 mDebye
2023-12-06 16:05:08.476 INFO: Epoch 804: loss=133.6779, RMSE_E_per_atom=9.0 meV, RMSE_F=1155.6 meV / A, RMSE_Mu_per_atom=24.55 mDebye
2023-12-06 16:05:09.346 INFO: Epoch 806: loss=132.2509, RMSE_E_per_atom=9.2 meV, RMSE_F=1149.4 meV / A, RMSE_Mu_per_atom=24.45 mDebye
2023-12-06 16:05:10.185 INFO: Epoch 808: loss=133.1216, RMSE_E_per_atom=10.8 meV, RMSE_F=1153.0 meV / A, RMSE_Mu_per_atom=24.41 mDebye
2023-12-06 16:05:10.757 INFO: Epoch 810: loss=135.0025, RMSE_E_per_atom=15.1 meV, RMSE_F=1160.7 meV / A, RMSE_Mu_per_atom=24.49 mDebye
2023-12-06 16:05:11.332 INFO: Epoch 812: loss=137.1498, RMSE_E_per_atom=13.9 meV, RMSE_F=1170.0 meV / A, RMSE_Mu_per_atom=24.59 mDebye
2023-12-06 16:05:11.907 INFO: Epoch 814: loss=131.7645, RMSE_E_per_atom=1.7 meV, RMSE_F=1147.6 meV / A, RMSE_Mu_per_atom=24.60 mDebye
2023-12-06 16:05:12.757 INFO: Epoch 816: loss=132.4857, RMSE_E_per_atom=2.5 meV, RMSE_F=1150.7 meV / A, RMSE_Mu_per_atom=24.59 mDebye
2023-12-06 16:05:13.338 INFO: Epoch 818: loss=129.9809, RMSE_E_per_atom=8.2 meV, RMSE_F=1139.5 meV / A, RMSE_Mu_per_atom=24.46 mDebye
2023-12-06 16:05:14.187 INFO: Epoch 820: loss=131.8386, RMSE_E_per_atom=12.0 meV, RMSE_F=1147.3 meV / A, RMSE_Mu_per_atom=24.48 mDebye
2023-12-06 16:05:14.763 INFO: Epoch 822: loss=133.2562, RMSE_E_per_atom=9.0 meV, RMSE_F=1153.8 meV / A, RMSE_Mu_per_atom=24.73 mDebye
2023-12-06 16:05:15.340 INFO: Epoch 824: loss=133.8274, RMSE_E_per_atom=9.7 meV, RMSE_F=1156.2 meV / A, RMSE_Mu_per_atom=24.50 mDebye
2023-12-06 16:05:15.914 INFO: Epoch 826: loss=134.4690, RMSE_E_per_atom=14.1 meV, RMSE_F=1158.5 meV / A, RMSE_Mu_per_atom=24.47 mDebye
2023-12-06 16:05:16.487 INFO: Epoch 828: loss=131.1554, RMSE_E_per_atom=7.6 meV, RMSE_F=1144.7 meV / A, RMSE_Mu_per_atom=24.45 mDebye
2023-12-06 16:05:17.059 INFO: Epoch 830: loss=132.3794, RMSE_E_per_atom=8.2 meV, RMSE_F=1150.0 meV / A, RMSE_Mu_per_atom=24.39 mDebye
2023-12-06 16:05:17.632 INFO: Epoch 832: loss=132.5952, RMSE_E_per_atom=9.3 meV, RMSE_F=1150.9 meV / A, RMSE_Mu_per_atom=24.38 mDebye
2023-12-06 16:05:18.205 INFO: Epoch 834: loss=132.8763, RMSE_E_per_atom=12.3 meV, RMSE_F=1151.8 meV / A, RMSE_Mu_per_atom=24.54 mDebye
2023-12-06 16:05:18.778 INFO: Epoch 836: loss=130.4675, RMSE_E_per_atom=12.0 meV, RMSE_F=1141.3 meV / A, RMSE_Mu_per_atom=24.45 mDebye
2023-12-06 16:05:19.358 INFO: Epoch 838: loss=133.8269, RMSE_E_per_atom=10.8 meV, RMSE_F=1156.1 meV / A, RMSE_Mu_per_atom=24.43 mDebye
2023-12-06 16:05:19.930 INFO: Epoch 840: loss=131.9054, RMSE_E_per_atom=10.7 meV, RMSE_F=1147.7 meV / A, RMSE_Mu_per_atom=24.33 mDebye
2023-12-06 16:05:20.503 INFO: Epoch 842: loss=131.1567, RMSE_E_per_atom=7.0 meV, RMSE_F=1144.8 meV / A, RMSE_Mu_per_atom=24.43 mDebye
2023-12-06 16:05:21.076 INFO: Epoch 844: loss=129.9634, RMSE_E_per_atom=2.1 meV, RMSE_F=1139.7 meV / A, RMSE_Mu_per_atom=24.39 mDebye
2023-12-06 16:05:21.924 INFO: Epoch 846: loss=131.9977, RMSE_E_per_atom=5.9 meV, RMSE_F=1148.5 meV / A, RMSE_Mu_per_atom=24.44 mDebye
2023-12-06 16:05:22.497 INFO: Epoch 848: loss=130.9324, RMSE_E_per_atom=8.9 meV, RMSE_F=1143.6 meV / A, RMSE_Mu_per_atom=24.47 mDebye
2023-12-06 16:05:23.074 INFO: Epoch 850: loss=134.4479, RMSE_E_per_atom=12.6 meV, RMSE_F=1158.6 meV / A, RMSE_Mu_per_atom=24.31 mDebye
2023-12-06 16:05:23.648 INFO: Epoch 852: loss=131.7313, RMSE_E_per_atom=8.1 meV, RMSE_F=1147.2 meV / A, RMSE_Mu_per_atom=24.43 mDebye
2023-12-06 16:05:24.221 INFO: Epoch 854: loss=130.0882, RMSE_E_per_atom=11.6 meV, RMSE_F=1139.7 meV / A, RMSE_Mu_per_atom=24.50 mDebye
2023-12-06 16:05:24.792 INFO: Epoch 856: loss=129.7332, RMSE_E_per_atom=11.3 meV, RMSE_F=1138.2 meV / A, RMSE_Mu_per_atom=24.53 mDebye
2023-12-06 16:05:25.646 INFO: Epoch 858: loss=128.7021, RMSE_E_per_atom=6.6 meV, RMSE_F=1134.0 meV / A, RMSE_Mu_per_atom=24.50 mDebye
2023-12-06 16:05:26.482 INFO: Epoch 860: loss=128.2419, RMSE_E_per_atom=4.2 meV, RMSE_F=1132.1 meV / A, RMSE_Mu_per_atom=24.46 mDebye
2023-12-06 16:05:27.318 INFO: Epoch 862: loss=129.5011, RMSE_E_per_atom=3.7 meV, RMSE_F=1137.7 meV / A, RMSE_Mu_per_atom=24.39 mDebye
2023-12-06 16:05:27.890 INFO: Epoch 864: loss=128.4230, RMSE_E_per_atom=2.5 meV, RMSE_F=1132.9 meV / A, RMSE_Mu_per_atom=24.35 mDebye
2023-12-06 16:05:28.464 INFO: Epoch 866: loss=129.7652, RMSE_E_per_atom=4.7 meV, RMSE_F=1138.8 meV / A, RMSE_Mu_per_atom=24.45 mDebye
2023-12-06 16:05:29.036 INFO: Epoch 868: loss=128.9011, RMSE_E_per_atom=10.0 meV, RMSE_F=1134.6 meV / A, RMSE_Mu_per_atom=24.42 mDebye
2023-12-06 16:05:29.611 INFO: Epoch 870: loss=134.0358, RMSE_E_per_atom=8.5 meV, RMSE_F=1157.2 meV / A, RMSE_Mu_per_atom=24.44 mDebye
2023-12-06 16:05:30.184 INFO: Epoch 872: loss=135.0648, RMSE_E_per_atom=11.1 meV, RMSE_F=1161.4 meV / A, RMSE_Mu_per_atom=24.49 mDebye
2023-12-06 16:05:30.757 INFO: Epoch 874: loss=131.5259, RMSE_E_per_atom=11.3 meV, RMSE_F=1146.0 meV / A, RMSE_Mu_per_atom=24.40 mDebye
2023-12-06 16:05:31.328 INFO: Epoch 876: loss=132.8592, RMSE_E_per_atom=13.2 meV, RMSE_F=1151.6 meV / A, RMSE_Mu_per_atom=24.46 mDebye
2023-12-06 16:05:31.900 INFO: Epoch 878: loss=129.6848, RMSE_E_per_atom=10.7 meV, RMSE_F=1138.0 meV / A, RMSE_Mu_per_atom=24.34 mDebye
2023-12-06 16:05:32.471 INFO: Epoch 880: loss=129.9312, RMSE_E_per_atom=8.7 meV, RMSE_F=1139.3 meV / A, RMSE_Mu_per_atom=24.51 mDebye
2023-12-06 16:05:33.045 INFO: Epoch 882: loss=131.5784, RMSE_E_per_atom=14.6 meV, RMSE_F=1145.9 meV / A, RMSE_Mu_per_atom=24.43 mDebye
2023-12-06 16:05:33.620 INFO: Epoch 884: loss=133.5228, RMSE_E_per_atom=14.0 meV, RMSE_F=1154.4 meV / A, RMSE_Mu_per_atom=24.51 mDebye
2023-12-06 16:05:34.194 INFO: Epoch 886: loss=132.4307, RMSE_E_per_atom=13.8 meV, RMSE_F=1149.7 meV / A, RMSE_Mu_per_atom=24.46 mDebye
2023-12-06 16:05:34.768 INFO: Epoch 888: loss=134.0179, RMSE_E_per_atom=8.7 meV, RMSE_F=1157.1 meV / A, RMSE_Mu_per_atom=24.55 mDebye
2023-12-06 16:05:35.342 INFO: Epoch 890: loss=132.0524, RMSE_E_per_atom=11.3 meV, RMSE_F=1148.3 meV / A, RMSE_Mu_per_atom=24.50 mDebye
2023-12-06 16:05:35.914 INFO: Epoch 892: loss=132.6028, RMSE_E_per_atom=10.1 meV, RMSE_F=1150.8 meV / A, RMSE_Mu_per_atom=24.44 mDebye
2023-12-06 16:05:36.486 INFO: Epoch 894: loss=133.3985, RMSE_E_per_atom=11.4 meV, RMSE_F=1154.2 meV / A, RMSE_Mu_per_atom=24.51 mDebye
2023-12-06 16:05:37.062 INFO: Epoch 896: loss=128.1694, RMSE_E_per_atom=7.0 meV, RMSE_F=1131.6 meV / A, RMSE_Mu_per_atom=24.43 mDebye
2023-12-06 16:05:37.900 INFO: Epoch 898: loss=128.0298, RMSE_E_per_atom=5.1 meV, RMSE_F=1131.1 meV / A, RMSE_Mu_per_atom=24.31 mDebye
2023-12-06 16:05:38.739 INFO: Epoch 900: loss=131.5961, RMSE_E_per_atom=7.5 meV, RMSE_F=1146.6 meV / A, RMSE_Mu_per_atom=24.31 mDebye
2023-12-06 16:05:39.309 INFO: Epoch 902: loss=126.3971, RMSE_E_per_atom=6.2 meV, RMSE_F=1123.8 meV / A, RMSE_Mu_per_atom=24.36 mDebye
2023-12-06 16:05:40.147 INFO: Epoch 904: loss=130.6837, RMSE_E_per_atom=8.0 meV, RMSE_F=1142.6 meV / A, RMSE_Mu_per_atom=24.53 mDebye
2023-12-06 16:05:40.720 INFO: Epoch 906: loss=130.4367, RMSE_E_per_atom=12.7 meV, RMSE_F=1141.1 meV / A, RMSE_Mu_per_atom=24.59 mDebye
2023-12-06 16:05:41.294 INFO: Epoch 908: loss=128.3772, RMSE_E_per_atom=6.5 meV, RMSE_F=1132.6 meV / A, RMSE_Mu_per_atom=24.67 mDebye
2023-12-06 16:05:41.888 INFO: Epoch 910: loss=128.3554, RMSE_E_per_atom=7.5 meV, RMSE_F=1132.4 meV / A, RMSE_Mu_per_atom=24.38 mDebye
2023-12-06 16:05:42.489 INFO: Epoch 912: loss=127.2625, RMSE_E_per_atom=3.9 meV, RMSE_F=1127.8 meV / A, RMSE_Mu_per_atom=24.30 mDebye
2023-12-06 16:05:43.084 INFO: Epoch 914: loss=125.9172, RMSE_E_per_atom=5.4 meV, RMSE_F=1121.7 meV / A, RMSE_Mu_per_atom=24.53 mDebye
2023-12-06 16:05:43.944 INFO: Epoch 916: loss=129.2320, RMSE_E_per_atom=7.0 meV, RMSE_F=1136.3 meV / A, RMSE_Mu_per_atom=24.45 mDebye
2023-12-06 16:05:44.522 INFO: Epoch 918: loss=127.4688, RMSE_E_per_atom=4.5 meV, RMSE_F=1128.7 meV / A, RMSE_Mu_per_atom=24.40 mDebye
2023-12-06 16:05:45.099 INFO: Epoch 920: loss=130.1689, RMSE_E_per_atom=6.6 meV, RMSE_F=1140.5 meV / A, RMSE_Mu_per_atom=24.43 mDebye
2023-12-06 16:05:45.679 INFO: Epoch 922: loss=129.4237, RMSE_E_per_atom=6.7 meV, RMSE_F=1137.2 meV / A, RMSE_Mu_per_atom=24.53 mDebye
2023-12-06 16:05:46.256 INFO: Epoch 924: loss=129.4263, RMSE_E_per_atom=7.3 meV, RMSE_F=1137.2 meV / A, RMSE_Mu_per_atom=24.31 mDebye
2023-12-06 16:05:46.829 INFO: Epoch 926: loss=128.2280, RMSE_E_per_atom=6.6 meV, RMSE_F=1131.9 meV / A, RMSE_Mu_per_atom=24.44 mDebye
2023-12-06 16:05:47.403 INFO: Epoch 928: loss=127.9102, RMSE_E_per_atom=6.8 meV, RMSE_F=1130.5 meV / A, RMSE_Mu_per_atom=24.55 mDebye
2023-12-06 16:05:47.976 INFO: Epoch 930: loss=129.3737, RMSE_E_per_atom=9.9 meV, RMSE_F=1136.7 meV / A, RMSE_Mu_per_atom=24.39 mDebye
2023-12-06 16:05:48.553 INFO: Epoch 932: loss=128.6296, RMSE_E_per_atom=9.6 meV, RMSE_F=1133.5 meV / A, RMSE_Mu_per_atom=24.53 mDebye
2023-12-06 16:05:49.127 INFO: Epoch 934: loss=130.4531, RMSE_E_per_atom=11.6 meV, RMSE_F=1141.3 meV / A, RMSE_Mu_per_atom=24.29 mDebye
2023-12-06 16:05:49.699 INFO: Epoch 936: loss=128.7697, RMSE_E_per_atom=9.1 meV, RMSE_F=1134.1 meV / A, RMSE_Mu_per_atom=24.35 mDebye
2023-12-06 16:05:50.275 INFO: Epoch 938: loss=131.1303, RMSE_E_per_atom=10.7 meV, RMSE_F=1144.4 meV / A, RMSE_Mu_per_atom=24.41 mDebye
2023-12-06 16:05:50.848 INFO: Epoch 940: loss=131.1766, RMSE_E_per_atom=6.2 meV, RMSE_F=1144.9 meV / A, RMSE_Mu_per_atom=24.35 mDebye
2023-12-06 16:05:51.420 INFO: Epoch 942: loss=127.7355, RMSE_E_per_atom=3.4 meV, RMSE_F=1129.9 meV / A, RMSE_Mu_per_atom=24.35 mDebye
2023-12-06 16:05:51.992 INFO: Epoch 944: loss=129.3966, RMSE_E_per_atom=6.8 meV, RMSE_F=1137.1 meV / A, RMSE_Mu_per_atom=24.46 mDebye
2023-12-06 16:05:52.564 INFO: Epoch 946: loss=127.6518, RMSE_E_per_atom=9.1 meV, RMSE_F=1129.2 meV / A, RMSE_Mu_per_atom=24.53 mDebye
2023-12-06 16:05:53.136 INFO: Epoch 948: loss=128.6990, RMSE_E_per_atom=6.2 meV, RMSE_F=1134.0 meV / A, RMSE_Mu_per_atom=24.50 mDebye
2023-12-06 16:05:53.710 INFO: Epoch 950: loss=127.1316, RMSE_E_per_atom=6.1 meV, RMSE_F=1127.1 meV / A, RMSE_Mu_per_atom=24.46 mDebye
2023-12-06 16:05:54.287 INFO: Epoch 952: loss=123.3159, RMSE_E_per_atom=3.6 meV, RMSE_F=1110.2 meV / A, RMSE_Mu_per_atom=24.32 mDebye
2023-12-06 16:05:55.125 INFO: Epoch 954: loss=129.2081, RMSE_E_per_atom=3.2 meV, RMSE_F=1136.4 meV / A, RMSE_Mu_per_atom=24.35 mDebye
2023-12-06 16:05:55.700 INFO: Epoch 956: loss=130.2271, RMSE_E_per_atom=5.4 meV, RMSE_F=1140.8 meV / A, RMSE_Mu_per_atom=24.35 mDebye
2023-12-06 16:05:56.272 INFO: Epoch 958: loss=131.2251, RMSE_E_per_atom=10.6 meV, RMSE_F=1144.8 meV / A, RMSE_Mu_per_atom=24.58 mDebye
2023-12-06 16:05:56.845 INFO: Epoch 960: loss=132.3710, RMSE_E_per_atom=10.0 meV, RMSE_F=1149.8 meV / A, RMSE_Mu_per_atom=24.40 mDebye
2023-12-06 16:05:57.416 INFO: Epoch 962: loss=130.8385, RMSE_E_per_atom=7.7 meV, RMSE_F=1143.3 meV / A, RMSE_Mu_per_atom=24.37 mDebye
2023-12-06 16:05:57.990 INFO: Epoch 964: loss=129.2566, RMSE_E_per_atom=9.2 meV, RMSE_F=1136.3 meV / A, RMSE_Mu_per_atom=24.39 mDebye
2023-12-06 16:05:58.565 INFO: Epoch 966: loss=130.8097, RMSE_E_per_atom=9.5 meV, RMSE_F=1143.1 meV / A, RMSE_Mu_per_atom=24.35 mDebye
2023-12-06 16:05:59.138 INFO: Epoch 968: loss=129.1223, RMSE_E_per_atom=14.4 meV, RMSE_F=1135.1 meV / A, RMSE_Mu_per_atom=24.34 mDebye
2023-12-06 16:05:59.709 INFO: Epoch 970: loss=129.6888, RMSE_E_per_atom=11.4 meV, RMSE_F=1138.0 meV / A, RMSE_Mu_per_atom=24.43 mDebye
2023-12-06 16:06:00.285 INFO: Epoch 972: loss=132.5809, RMSE_E_per_atom=12.2 meV, RMSE_F=1150.5 meV / A, RMSE_Mu_per_atom=24.38 mDebye
2023-12-06 16:06:00.856 INFO: Epoch 974: loss=131.6204, RMSE_E_per_atom=10.6 meV, RMSE_F=1146.5 meV / A, RMSE_Mu_per_atom=24.38 mDebye
2023-12-06 16:06:01.426 INFO: Epoch 976: loss=131.1313, RMSE_E_per_atom=11.0 meV, RMSE_F=1144.3 meV / A, RMSE_Mu_per_atom=24.37 mDebye
2023-12-06 16:06:02.011 INFO: Epoch 978: loss=129.2441, RMSE_E_per_atom=8.2 meV, RMSE_F=1136.3 meV / A, RMSE_Mu_per_atom=24.39 mDebye
2023-12-06 16:06:02.589 INFO: Epoch 980: loss=128.0900, RMSE_E_per_atom=6.6 meV, RMSE_F=1131.3 meV / A, RMSE_Mu_per_atom=24.45 mDebye
2023-12-06 16:06:03.221 INFO: Epoch 982: loss=128.3543, RMSE_E_per_atom=6.6 meV, RMSE_F=1132.5 meV / A, RMSE_Mu_per_atom=24.48 mDebye
2023-12-06 16:06:03.796 INFO: Epoch 984: loss=128.7504, RMSE_E_per_atom=6.8 meV, RMSE_F=1134.2 meV / A, RMSE_Mu_per_atom=24.49 mDebye
2023-12-06 16:06:04.371 INFO: Epoch 986: loss=127.6314, RMSE_E_per_atom=9.3 meV, RMSE_F=1129.1 meV / A, RMSE_Mu_per_atom=24.42 mDebye
2023-12-06 16:06:04.950 INFO: Epoch 988: loss=127.0262, RMSE_E_per_atom=5.0 meV, RMSE_F=1126.7 meV / A, RMSE_Mu_per_atom=24.38 mDebye
2023-12-06 16:06:05.525 INFO: Epoch 990: loss=127.9881, RMSE_E_per_atom=6.9 meV, RMSE_F=1130.8 meV / A, RMSE_Mu_per_atom=24.55 mDebye
2023-12-06 16:06:06.125 INFO: Epoch 992: loss=126.1530, RMSE_E_per_atom=6.0 meV, RMSE_F=1122.8 meV / A, RMSE_Mu_per_atom=24.48 mDebye
2023-12-06 16:06:06.700 INFO: Epoch 994: loss=125.9868, RMSE_E_per_atom=4.3 meV, RMSE_F=1122.1 meV / A, RMSE_Mu_per_atom=24.49 mDebye
2023-12-06 16:06:07.285 INFO: Epoch 996: loss=128.4056, RMSE_E_per_atom=3.6 meV, RMSE_F=1132.8 meV / A, RMSE_Mu_per_atom=24.51 mDebye
2023-12-06 16:06:07.865 INFO: Epoch 998: loss=124.9200, RMSE_E_per_atom=5.2 meV, RMSE_F=1117.3 meV / A, RMSE_Mu_per_atom=24.33 mDebye
2023-12-06 16:06:08.142 INFO: Training complete
2023-12-06 16:06:08.143 INFO: Computing metrics for training, validation, and test sets
2023-12-06 16:06:08.144 INFO: Loading checkpoint: checkpoints/ox_es1_rattled_50x1d_run-4567_epoch-68.pt
2023-12-06 16:06:08.174 INFO: Loaded model from epoch 68
2023-12-06 16:06:08.203 INFO: Evaluating train ...
2023-12-06 16:06:08.301 INFO: Evaluating valid ...
2023-12-06 16:06:08.350 INFO: Evaluating Default ...
2023-12-06 16:06:08.464 INFO: 
+-------------+---------------------+------------------+--------------+-------------------------+---------------+
| config_type | RMSE E / meV / atom | RMSE F / meV / A | rel F RMSE % | RMSE MU / mDebye / atom | rel MU RMSE % |
+-------------+---------------------+------------------+--------------+-------------------------+---------------+
|    train    |        1447.9       |      565.8       |     22.0     |           25.5          |      80.8     |
|    valid    |        1456.8       |      777.9       |     25.4     |           32.1          |     153.7     |
|   Default   |        1448.3       |      575.8       |     22.2     |           25.8          |      82.6     |
+-------------+---------------------+------------------+--------------+-------------------------+---------------+
2023-12-06 16:06:08.464 INFO: Saving model to checkpoints/ox_es1_rattled_50x1d_run-4567.model
2023-12-06 16:06:08.966 INFO: Loading checkpoint: checkpoints/ox_es1_rattled_50x1d_run-4567_epoch-952_swa.pt
2023-12-06 16:06:08.996 INFO: Loaded model from epoch 952
2023-12-06 16:06:09.025 INFO: Evaluating train ...
2023-12-06 16:06:09.123 INFO: Evaluating valid ...
2023-12-06 16:06:09.171 INFO: Evaluating Default ...
2023-12-06 16:06:09.285 INFO: 
+-------------+---------------------+------------------+--------------+-------------------------+---------------+
| config_type | RMSE E / meV / atom | RMSE F / meV / A | rel F RMSE % | RMSE MU / mDebye / atom | rel MU RMSE % |
+-------------+---------------------+------------------+--------------+-------------------------+---------------+
|    train    |         11.5        |       37.3       |     1.5      |           15.8          |      49.9     |
|    valid    |         3.6         |      1110.2      |     36.2     |           24.3          |     116.5     |
|   Default   |         11.3        |      225.0       |     8.7      |           16.2          |      51.8     |
+-------------+---------------------+------------------+--------------+-------------------------+---------------+
2023-12-06 16:06:09.286 INFO: Saving model to checkpoints/ox_es1_rattled_50x1d_run-4567_swa.model
2023-12-06 16:06:09.789 INFO: Done
