2023-12-06 18:01:36.120 INFO: MACE version: 0.2.0
2023-12-06 18:01:36.120 INFO: Configuration: Namespace(name='ox_es1_rattled_50x1e', seed=5678, log_dir='logs', model_dir='.', checkpoints_dir='checkpoints', results_dir='results', downloads_dir='downloads', device='cuda', default_dtype='float64', log_level='INFO', error_table='EnergyDipoleRMSE', model='EnergyDipolesMACE', r_max=5.0, num_radial_basis=8, num_cutoff_basis=5, interaction='RealAgnosticResidualInteractionBlock', interaction_first='RealAgnosticResidualInteractionBlock', max_ell=3, correlation=3, num_interactions=2, MLP_irreps='16x0e', radial_MLP='[64, 64, 64]', hidden_irreps='32x0e + 32x1o + 32x2e', num_channels=None, max_L=None, gate='silu', scaling='rms_forces_scaling', avg_num_neighbors=1.0, compute_avg_num_neighbors=True, compute_stress=True, compute_forces=True, train_file='ox_es1_rattled_50x1e_train.xyz', valid_file=None, valid_fraction=0.05, test_file='ox_es1_rattled_50x1e_train.xyz', E0s='{6: -1034.7672562939947, 1: -13.74018495096079, 8: -2057.26969300199}', energy_key='energy', forces_key='forces', virials_key='virials', stress_key='stress', dipole_key='dipole', charges_key='charges', loss='energy_forces_dipole', forces_weight=100.0, swa_forces_weight=100.0, energy_weight=1.0, swa_energy_weight=1000.0, virials_weight=1.0, swa_virials_weight=10.0, stress_weight=1.0, swa_stress_weight=10.0, dipole_weight=1.0, swa_dipole_weight=1.0, config_type_weights='{"Default":1.0}', huber_delta=0.01, optimizer='adam', batch_size=16, valid_batch_size=16, lr=0.01, swa_lr=0.001, weight_decay=5e-07, amsgrad=True, scheduler='ReduceLROnPlateau', lr_factor=0.8, scheduler_patience=50, lr_scheduler_gamma=0.9993, swa=True, start_swa=800, ema=False, ema_decay=0.99, max_num_epochs=1000, patience=2048, eval_interval=2, keep_checkpoints=False, restart_latest=True, save_cpu=False, clip_grad=10.0, wandb=False, wandb_project='', wandb_entity='', wandb_name='', wandb_log_hypers=['num_channels', 'max_L', 'correlation', 'lr', 'swa_lr', 'weight_decay', 'batch_size', 'max_num_epochs', 'start_swa', 'energy_weight', 'forces_weight'])
2023-12-06 18:01:36.152 INFO: CUDA version: 11.7, CUDA device: 0
2023-12-06 18:01:36.173 INFO: Loaded 50 training configurations from 'ox_es1_rattled_50x1e_train.xyz'
2023-12-06 18:01:36.173 INFO: Using random 5.0% of training set for validation
2023-12-06 18:01:36.189 INFO: Loaded 50 test configurations from 'ox_es1_rattled_50x1e_train.xyz'
2023-12-06 18:01:36.190 INFO: Total number of configurations: train=48, valid=2, tests=[Default: 50]
2023-12-06 18:01:36.190 INFO: AtomicNumberTable: (1, 6, 8)
2023-12-06 18:01:36.190 INFO: Atomic Energies not in training file, using command line argument E0s
2023-12-06 18:01:36.190 INFO: Atomic energies: [-13.74018495096079, -1034.7672562939947, -2057.26969300199]
2023-12-06 18:01:36.236 INFO: WeightedEnergyForcesDipoleLoss(energy_weight=1.000, forces_weight=100.000, dipole_weight=1.000)
2023-12-06 18:01:36.242 INFO: Average number of neighbors: 6.0
2023-12-06 18:01:36.242 INFO: Selected the following outputs: {'energy': True, 'forces': True, 'virials': False, 'stress': False, 'dipoles': True}
2023-12-06 18:01:36.242 INFO: Building model
2023-12-06 18:01:36.242 INFO: Hidden irreps: 32x0e + 32x1o + 32x2e
2023-12-06 18:01:37.779 INFO: Using stochastic weight averaging (after 800 epochs) with energy weight : 1000.0, forces weight : 100.0, dipole weight : 1.0 and learning rate : 0.001
2023-12-06 18:01:37.845 WARNING: Cannot find checkpoint with tag 'ox_es1_rattled_50x1e_run-5678' in 'checkpoints'
2023-12-06 18:01:37.845 INFO: EnergyDipolesMACE(
  (node_embedding): LinearNodeEmbeddingBlock(
    (linear): Linear(3x0e -> 32x0e | 96 weights)
  )
  (radial_embedding): RadialEmbeddingBlock(
    (bessel_fn): BesselBasis(r_max=5.0, num_basis=8, trainable=False)
    (cutoff_fn): PolynomialCutoff(p=5.0, r_max=5.0)
  )
  (spherical_harmonics): SphericalHarmonics()
  (atomic_energies_fn): AtomicEnergiesBlock(energies=[-13.7402, -1034.7673, -2057.2697])
  (interactions): ModuleList(
    (0): RealAgnosticInteractionBlock(
      (linear_up): Linear(32x0e -> 32x0e | 1024 weights)
      (conv_tp): TensorProduct(32x0e x 1x0e+1x1o+1x2e+1x3o -> 32x0e+32x1o+32x2e+32x3o | 128 paths | 128 weights)
      (conv_tp_weights): FullyConnectedNet[8, 64, 64, 64, 128]
      (linear): Linear(32x0e+32x1o+32x2e+32x3o -> 32x0e+32x1o+32x2e+32x3o | 4096 weights)
      (skip_tp): FullyConnectedTensorProduct(32x0e+32x1o+32x2e+32x3o x 3x0e -> 32x0e+32x1o+32x2e+32x3o | 12288 paths | 12288 weights)
      (reshape): reshape_irreps()
    )
    (1): RealAgnosticResidualInteractionBlock(
      (linear_up): Linear(32x0e+32x1o+32x2e -> 32x0e+32x1o+32x2e | 3072 weights)
      (conv_tp): TensorProduct(32x0e+32x1o+32x2e x 1x0e+1x1o+1x2e+1x3o -> 96x0e+160x1o+160x2e+128x3o | 544 paths | 544 weights)
      (conv_tp_weights): FullyConnectedNet[8, 64, 64, 64, 544]
      (linear): Linear(96x0e+160x1o+160x2e+128x3o -> 32x0e+32x1o+32x2e+32x3o | 17408 weights)
      (skip_tp): FullyConnectedTensorProduct(32x0e+32x1o+32x2e x 3x0e -> 32x0e+32x1o | 6144 paths | 6144 weights)
      (reshape): reshape_irreps()
    )
  )
  (products): ModuleList(
    (0): EquivariantProductBasisBlock(
      (symmetric_contractions): SymmetricContraction(
        (contractions): ModuleList(
          (0): Contraction(
            (contractions_weighting): ModuleList(
              (0-1): 2 x GraphModule()
            )
            (contractions_features): ModuleList(
              (0-1): 2 x GraphModule()
            )
            (weights): ParameterList(
                (0): Parameter containing: [torch.float64 of size 3x4x32 (GPU 0)]
                (1): Parameter containing: [torch.float64 of size 3x1x32 (GPU 0)]
            )
            (graph_opt_main): GraphModule()
          )
          (1): Contraction(
            (contractions_weighting): ModuleList(
              (0-1): 2 x GraphModule()
            )
            (contractions_features): ModuleList(
              (0-1): 2 x GraphModule()
            )
            (weights): ParameterList(
                (0): Parameter containing: [torch.float64 of size 3x6x32 (GPU 0)]
                (1): Parameter containing: [torch.float64 of size 3x1x32 (GPU 0)]
            )
            (graph_opt_main): GraphModule()
          )
          (2): Contraction(
            (contractions_weighting): ModuleList(
              (0-1): 2 x GraphModule()
            )
            (contractions_features): ModuleList(
              (0-1): 2 x GraphModule()
            )
            (weights): ParameterList(
                (0): Parameter containing: [torch.float64 of size 3x7x32 (GPU 0)]
                (1): Parameter containing: [torch.float64 of size 3x1x32 (GPU 0)]
            )
            (graph_opt_main): GraphModule()
          )
        )
      )
      (linear): Linear(32x0e+32x1o+32x2e -> 32x0e+32x1o+32x2e | 3072 weights)
    )
    (1): EquivariantProductBasisBlock(
      (symmetric_contractions): SymmetricContraction(
        (contractions): ModuleList(
          (0): Contraction(
            (contractions_weighting): ModuleList(
              (0-1): 2 x GraphModule()
            )
            (contractions_features): ModuleList(
              (0-1): 2 x GraphModule()
            )
            (weights): ParameterList(
                (0): Parameter containing: [torch.float64 of size 3x4x32 (GPU 0)]
                (1): Parameter containing: [torch.float64 of size 3x1x32 (GPU 0)]
            )
            (graph_opt_main): GraphModule()
          )
          (1): Contraction(
            (contractions_weighting): ModuleList(
              (0-1): 2 x GraphModule()
            )
            (contractions_features): ModuleList(
              (0-1): 2 x GraphModule()
            )
            (weights): ParameterList(
                (0): Parameter containing: [torch.float64 of size 3x6x32 (GPU 0)]
                (1): Parameter containing: [torch.float64 of size 3x1x32 (GPU 0)]
            )
            (graph_opt_main): GraphModule()
          )
        )
      )
      (linear): Linear(32x0e+32x1o -> 32x0e+32x1o | 2048 weights)
    )
  )
  (readouts): ModuleList(
    (0): LinearDipoleReadoutBlock(
      (linear): Linear(32x0e+32x1o+32x2e -> 1x0e+1x1o | 64 weights)
    )
    (1): NonLinearDipoleReadoutBlock(
      (equivariant_nonlin): Gate (16x0e -> 16x0e)
      (linear_1): Linear(32x0e+32x1o -> 16x0e | 512 weights)
      (linear_2): Linear(16x0e -> 1x0e+1x1o | 16 weights)
    )
  )
)
2023-12-06 18:01:37.846 INFO: Number of parameters: 133776
2023-12-06 18:01:37.846 INFO: Optimizer: Adam (
Parameter Group 0
    amsgrad: True
    betas: (0.9, 0.999)
    capturable: False
    differentiable: False
    eps: 1e-08
    foreach: None
    fused: None
    initial_lr: 0.01
    lr: 0.01
    maximize: False
    name: embedding
    swa_lr: 0.001
    weight_decay: 0.0

Parameter Group 1
    amsgrad: True
    betas: (0.9, 0.999)
    capturable: False
    differentiable: False
    eps: 1e-08
    foreach: None
    fused: None
    initial_lr: 0.01
    lr: 0.01
    maximize: False
    name: interactions_decay
    swa_lr: 0.001
    weight_decay: 5e-07

Parameter Group 2
    amsgrad: True
    betas: (0.9, 0.999)
    capturable: False
    differentiable: False
    eps: 1e-08
    foreach: None
    fused: None
    initial_lr: 0.01
    lr: 0.01
    maximize: False
    name: interactions_no_decay
    swa_lr: 0.001
    weight_decay: 0.0

Parameter Group 3
    amsgrad: True
    betas: (0.9, 0.999)
    capturable: False
    differentiable: False
    eps: 1e-08
    foreach: None
    fused: None
    initial_lr: 0.01
    lr: 0.01
    maximize: False
    name: products
    swa_lr: 0.001
    weight_decay: 5e-07

Parameter Group 4
    amsgrad: True
    betas: (0.9, 0.999)
    capturable: False
    differentiable: False
    eps: 1e-08
    foreach: None
    fused: None
    initial_lr: 0.01
    lr: 0.01
    maximize: False
    name: readouts
    swa_lr: 0.001
    weight_decay: 0.0
)
2023-12-06 18:01:37.846 INFO: Using gradient clipping with tolerance=10.000
2023-12-06 18:01:37.846 INFO: Started training
2023-12-06 18:01:43.553 INFO: Epoch 0: loss=472.8080, RMSE_E_per_atom=1284.3 meV, RMSE_F=2170.4 meV / A, RMSE_Mu_per_atom=33.59 mDebye
2023-12-06 18:01:47.911 INFO: Epoch 2: loss=287.2052, RMSE_E_per_atom=1564.6 meV, RMSE_F=1687.1 meV / A, RMSE_Mu_per_atom=33.37 mDebye
2023-12-06 18:01:48.733 INFO: Epoch 4: loss=215.2042, RMSE_E_per_atom=1666.6 meV, RMSE_F=1457.1 meV / A, RMSE_Mu_per_atom=33.19 mDebye
2023-12-06 18:01:49.553 INFO: Epoch 6: loss=211.9249, RMSE_E_per_atom=1786.6 meV, RMSE_F=1444.4 meV / A, RMSE_Mu_per_atom=32.86 mDebye
2023-12-06 18:01:50.376 INFO: Epoch 8: loss=115.8349, RMSE_E_per_atom=1599.7 meV, RMSE_F=1063.8 meV / A, RMSE_Mu_per_atom=32.82 mDebye
2023-12-06 18:01:51.195 INFO: Epoch 10: loss=158.3450, RMSE_E_per_atom=1642.3 meV, RMSE_F=1247.2 meV / A, RMSE_Mu_per_atom=32.97 mDebye
2023-12-06 18:01:51.750 INFO: Epoch 12: loss=141.1654, RMSE_E_per_atom=1780.6 meV, RMSE_F=1174.3 meV / A, RMSE_Mu_per_atom=32.15 mDebye
2023-12-06 18:01:52.304 INFO: Epoch 14: loss=170.7545, RMSE_E_per_atom=1670.9 meV, RMSE_F=1295.6 meV / A, RMSE_Mu_per_atom=32.11 mDebye
2023-12-06 18:01:52.865 INFO: Epoch 16: loss=158.4068, RMSE_E_per_atom=1787.9 meV, RMSE_F=1245.4 meV / A, RMSE_Mu_per_atom=31.47 mDebye
2023-12-06 18:01:53.422 INFO: Epoch 18: loss=123.4592, RMSE_E_per_atom=1737.6 meV, RMSE_F=1097.0 meV / A, RMSE_Mu_per_atom=31.83 mDebye
2023-12-06 18:01:53.984 INFO: Epoch 20: loss=89.4139, RMSE_E_per_atom=1684.1 meV, RMSE_F=929.9 meV / A, RMSE_Mu_per_atom=31.61 mDebye
2023-12-06 18:01:54.810 INFO: Epoch 22: loss=82.0983, RMSE_E_per_atom=1704.4 meV, RMSE_F=889.4 meV / A, RMSE_Mu_per_atom=31.45 mDebye
2023-12-06 18:01:55.630 INFO: Epoch 24: loss=93.5886, RMSE_E_per_atom=1631.1 meV, RMSE_F=953.0 meV / A, RMSE_Mu_per_atom=31.34 mDebye
2023-12-06 18:01:56.186 INFO: Epoch 26: loss=138.8207, RMSE_E_per_atom=1663.5 meV, RMSE_F=1166.0 meV / A, RMSE_Mu_per_atom=31.05 mDebye
2023-12-06 18:01:56.743 INFO: Epoch 28: loss=77.1967, RMSE_E_per_atom=1588.9 meV, RMSE_F=863.6 meV / A, RMSE_Mu_per_atom=31.11 mDebye
2023-12-06 18:01:57.560 INFO: Epoch 30: loss=65.9800, RMSE_E_per_atom=1563.2 meV, RMSE_F=796.5 meV / A, RMSE_Mu_per_atom=30.83 mDebye
2023-12-06 18:01:58.381 INFO: Epoch 32: loss=58.9574, RMSE_E_per_atom=1539.5 meV, RMSE_F=751.6 meV / A, RMSE_Mu_per_atom=30.57 mDebye
2023-12-06 18:01:59.202 INFO: Epoch 34: loss=65.5775, RMSE_E_per_atom=1512.2 meV, RMSE_F=795.0 meV / A, RMSE_Mu_per_atom=30.24 mDebye
2023-12-06 18:01:59.759 INFO: Epoch 36: loss=86.5985, RMSE_E_per_atom=1478.3 meV, RMSE_F=918.3 meV / A, RMSE_Mu_per_atom=30.10 mDebye
2023-12-06 18:02:00.316 INFO: Epoch 38: loss=89.3529, RMSE_E_per_atom=1486.0 meV, RMSE_F=933.0 meV / A, RMSE_Mu_per_atom=30.10 mDebye
2023-12-06 18:02:00.873 INFO: Epoch 40: loss=102.4857, RMSE_E_per_atom=1467.9 meV, RMSE_F=1001.2 meV / A, RMSE_Mu_per_atom=29.65 mDebye
2023-12-06 18:02:01.430 INFO: Epoch 42: loss=82.8385, RMSE_E_per_atom=1432.3 meV, RMSE_F=898.3 meV / A, RMSE_Mu_per_atom=29.22 mDebye
2023-12-06 18:02:01.986 INFO: Epoch 44: loss=62.7391, RMSE_E_per_atom=1447.0 meV, RMSE_F=778.2 meV / A, RMSE_Mu_per_atom=29.02 mDebye
2023-12-06 18:02:02.541 INFO: Epoch 46: loss=69.4727, RMSE_E_per_atom=1380.6 meV, RMSE_F=821.5 meV / A, RMSE_Mu_per_atom=28.60 mDebye
2023-12-06 18:02:03.102 INFO: Epoch 48: loss=58.8913, RMSE_E_per_atom=1413.0 meV, RMSE_F=753.7 meV / A, RMSE_Mu_per_atom=28.59 mDebye
2023-12-06 18:02:03.926 INFO: Epoch 50: loss=77.6738, RMSE_E_per_atom=1328.6 meV, RMSE_F=870.8 meV / A, RMSE_Mu_per_atom=28.97 mDebye
2023-12-06 18:02:04.481 INFO: Epoch 52: loss=48.4797, RMSE_E_per_atom=1362.2 meV, RMSE_F=682.2 meV / A, RMSE_Mu_per_atom=28.47 mDebye
2023-12-06 18:02:05.301 INFO: Epoch 54: loss=67.0186, RMSE_E_per_atom=1321.9 meV, RMSE_F=807.4 meV / A, RMSE_Mu_per_atom=28.17 mDebye
2023-12-06 18:02:05.854 INFO: Epoch 56: loss=90.9595, RMSE_E_per_atom=1302.8 meV, RMSE_F=944.3 meV / A, RMSE_Mu_per_atom=28.85 mDebye
2023-12-06 18:02:06.407 INFO: Epoch 58: loss=67.8830, RMSE_E_per_atom=1281.9 meV, RMSE_F=813.4 meV / A, RMSE_Mu_per_atom=28.37 mDebye
2023-12-06 18:02:06.960 INFO: Epoch 60: loss=93.4022, RMSE_E_per_atom=1246.6 meV, RMSE_F=958.0 meV / A, RMSE_Mu_per_atom=28.10 mDebye
2023-12-06 18:02:07.512 INFO: Epoch 62: loss=120.7205, RMSE_E_per_atom=1226.3 meV, RMSE_F=1091.5 meV / A, RMSE_Mu_per_atom=29.02 mDebye
2023-12-06 18:02:08.065 INFO: Epoch 64: loss=87.1342, RMSE_E_per_atom=1209.4 meV, RMSE_F=925.2 meV / A, RMSE_Mu_per_atom=27.48 mDebye
2023-12-06 18:02:08.617 INFO: Epoch 66: loss=76.8619, RMSE_E_per_atom=1210.2 meV, RMSE_F=867.9 meV / A, RMSE_Mu_per_atom=28.35 mDebye
2023-12-06 18:02:09.168 INFO: Epoch 68: loss=70.4352, RMSE_E_per_atom=1163.9 meV, RMSE_F=830.7 meV / A, RMSE_Mu_per_atom=28.21 mDebye
2023-12-06 18:02:09.722 INFO: Epoch 70: loss=59.1539, RMSE_E_per_atom=1123.7 meV, RMSE_F=760.4 meV / A, RMSE_Mu_per_atom=27.54 mDebye
2023-12-06 18:02:10.275 INFO: Epoch 72: loss=69.5846, RMSE_E_per_atom=1131.2 meV, RMSE_F=826.0 meV / A, RMSE_Mu_per_atom=28.60 mDebye
2023-12-06 18:02:10.828 INFO: Epoch 74: loss=43.2204, RMSE_E_per_atom=1136.5 meV, RMSE_F=646.9 meV / A, RMSE_Mu_per_atom=28.25 mDebye
2023-12-06 18:02:11.645 INFO: Epoch 76: loss=44.6259, RMSE_E_per_atom=1102.2 meV, RMSE_F=658.2 meV / A, RMSE_Mu_per_atom=29.00 mDebye
2023-12-06 18:02:12.198 INFO: Epoch 78: loss=102.6959, RMSE_E_per_atom=1079.1 meV, RMSE_F=1007.3 meV / A, RMSE_Mu_per_atom=27.53 mDebye
2023-12-06 18:02:12.750 INFO: Epoch 80: loss=89.1788, RMSE_E_per_atom=1046.2 meV, RMSE_F=938.1 meV / A, RMSE_Mu_per_atom=27.58 mDebye
2023-12-06 18:02:13.303 INFO: Epoch 82: loss=74.3978, RMSE_E_per_atom=1049.7 meV, RMSE_F=855.6 meV / A, RMSE_Mu_per_atom=29.54 mDebye
2023-12-06 18:02:13.858 INFO: Epoch 84: loss=73.6507, RMSE_E_per_atom=1034.9 meV, RMSE_F=851.4 meV / A, RMSE_Mu_per_atom=29.54 mDebye
2023-12-06 18:02:14.413 INFO: Epoch 86: loss=58.2793, RMSE_E_per_atom=1015.0 meV, RMSE_F=756.1 meV / A, RMSE_Mu_per_atom=27.15 mDebye
2023-12-06 18:02:14.969 INFO: Epoch 88: loss=132.7115, RMSE_E_per_atom=991.0 meV, RMSE_F=1147.4 meV / A, RMSE_Mu_per_atom=27.60 mDebye
2023-12-06 18:02:15.524 INFO: Epoch 90: loss=63.0371, RMSE_E_per_atom=1030.9 meV, RMSE_F=786.7 meV / A, RMSE_Mu_per_atom=27.80 mDebye
2023-12-06 18:02:16.080 INFO: Epoch 92: loss=79.1725, RMSE_E_per_atom=1016.9 meV, RMSE_F=883.5 meV / A, RMSE_Mu_per_atom=29.45 mDebye
2023-12-06 18:02:16.634 INFO: Epoch 94: loss=66.3042, RMSE_E_per_atom=963.3 meV, RMSE_F=808.1 meV / A, RMSE_Mu_per_atom=26.92 mDebye
2023-12-06 18:02:17.202 INFO: Epoch 96: loss=55.6687, RMSE_E_per_atom=971.6 meV, RMSE_F=739.3 meV / A, RMSE_Mu_per_atom=27.40 mDebye
2023-12-06 18:02:17.757 INFO: Epoch 98: loss=63.1831, RMSE_E_per_atom=921.5 meV, RMSE_F=789.0 meV / A, RMSE_Mu_per_atom=28.32 mDebye
2023-12-06 18:02:18.309 INFO: Epoch 100: loss=65.3924, RMSE_E_per_atom=906.6 meV, RMSE_F=803.1 meV / A, RMSE_Mu_per_atom=27.49 mDebye
2023-12-06 18:02:18.864 INFO: Epoch 102: loss=61.9993, RMSE_E_per_atom=856.9 meV, RMSE_F=782.2 meV / A, RMSE_Mu_per_atom=28.74 mDebye
2023-12-06 18:02:19.420 INFO: Epoch 104: loss=59.0324, RMSE_E_per_atom=874.5 meV, RMSE_F=762.9 meV / A, RMSE_Mu_per_atom=26.75 mDebye
2023-12-06 18:02:19.974 INFO: Epoch 106: loss=78.9857, RMSE_E_per_atom=899.6 meV, RMSE_F=883.8 meV / A, RMSE_Mu_per_atom=27.18 mDebye
2023-12-06 18:02:20.530 INFO: Epoch 108: loss=36.5017, RMSE_E_per_atom=860.0 meV, RMSE_F=597.4 meV / A, RMSE_Mu_per_atom=27.37 mDebye
2023-12-06 18:02:21.350 INFO: Epoch 110: loss=82.0878, RMSE_E_per_atom=882.1 meV, RMSE_F=901.3 meV / A, RMSE_Mu_per_atom=27.29 mDebye
2023-12-06 18:02:21.904 INFO: Epoch 112: loss=73.8828, RMSE_E_per_atom=838.3 meV, RMSE_F=855.0 meV / A, RMSE_Mu_per_atom=27.39 mDebye
2023-12-06 18:02:22.459 INFO: Epoch 114: loss=65.4926, RMSE_E_per_atom=840.5 meV, RMSE_F=804.4 meV / A, RMSE_Mu_per_atom=27.65 mDebye
2023-12-06 18:02:23.015 INFO: Epoch 116: loss=89.0206, RMSE_E_per_atom=831.4 meV, RMSE_F=939.4 meV / A, RMSE_Mu_per_atom=27.16 mDebye
2023-12-06 18:02:23.575 INFO: Epoch 118: loss=64.2491, RMSE_E_per_atom=837.5 meV, RMSE_F=796.7 meV / A, RMSE_Mu_per_atom=28.09 mDebye
2023-12-06 18:02:24.131 INFO: Epoch 120: loss=64.4602, RMSE_E_per_atom=809.6 meV, RMSE_F=798.3 meV / A, RMSE_Mu_per_atom=26.93 mDebye
2023-12-06 18:02:24.687 INFO: Epoch 122: loss=84.2680, RMSE_E_per_atom=806.2 meV, RMSE_F=914.0 meV / A, RMSE_Mu_per_atom=26.96 mDebye
2023-12-06 18:02:25.244 INFO: Epoch 124: loss=54.9715, RMSE_E_per_atom=778.2 meV, RMSE_F=736.8 meV / A, RMSE_Mu_per_atom=27.98 mDebye
2023-12-06 18:02:25.799 INFO: Epoch 126: loss=62.6148, RMSE_E_per_atom=749.4 meV, RMSE_F=787.3 meV / A, RMSE_Mu_per_atom=27.18 mDebye
2023-12-06 18:02:26.353 INFO: Epoch 128: loss=53.2500, RMSE_E_per_atom=738.2 meV, RMSE_F=725.5 meV / A, RMSE_Mu_per_atom=27.28 mDebye
2023-12-06 18:02:26.910 INFO: Epoch 130: loss=60.9106, RMSE_E_per_atom=740.5 meV, RMSE_F=776.4 meV / A, RMSE_Mu_per_atom=27.59 mDebye
2023-12-06 18:02:27.466 INFO: Epoch 132: loss=76.5851, RMSE_E_per_atom=739.2 meV, RMSE_F=871.5 meV / A, RMSE_Mu_per_atom=28.19 mDebye
2023-12-06 18:02:28.023 INFO: Epoch 134: loss=69.0615, RMSE_E_per_atom=764.5 meV, RMSE_F=827.0 meV / A, RMSE_Mu_per_atom=28.11 mDebye
2023-12-06 18:02:28.583 INFO: Epoch 136: loss=55.6043, RMSE_E_per_atom=754.5 meV, RMSE_F=741.3 meV / A, RMSE_Mu_per_atom=27.83 mDebye
2023-12-06 18:02:29.138 INFO: Epoch 138: loss=61.5792, RMSE_E_per_atom=736.7 meV, RMSE_F=780.8 meV / A, RMSE_Mu_per_atom=27.00 mDebye
2023-12-06 18:02:29.694 INFO: Epoch 140: loss=78.3499, RMSE_E_per_atom=722.7 meV, RMSE_F=881.8 meV / A, RMSE_Mu_per_atom=28.13 mDebye
2023-12-06 18:02:30.250 INFO: Epoch 142: loss=51.1770, RMSE_E_per_atom=725.7 meV, RMSE_F=711.1 meV / A, RMSE_Mu_per_atom=28.26 mDebye
2023-12-06 18:02:30.807 INFO: Epoch 144: loss=51.7554, RMSE_E_per_atom=689.2 meV, RMSE_F=715.6 meV / A, RMSE_Mu_per_atom=27.00 mDebye
2023-12-06 18:02:31.362 INFO: Epoch 146: loss=49.2440, RMSE_E_per_atom=685.0 meV, RMSE_F=697.8 meV / A, RMSE_Mu_per_atom=28.63 mDebye
2023-12-06 18:02:31.918 INFO: Epoch 148: loss=49.5018, RMSE_E_per_atom=686.1 meV, RMSE_F=699.6 meV / A, RMSE_Mu_per_atom=28.60 mDebye
2023-12-06 18:02:32.474 INFO: Epoch 150: loss=48.9251, RMSE_E_per_atom=680.7 meV, RMSE_F=695.6 meV / A, RMSE_Mu_per_atom=28.68 mDebye
2023-12-06 18:02:33.029 INFO: Epoch 152: loss=45.6619, RMSE_E_per_atom=657.4 meV, RMSE_F=671.9 meV / A, RMSE_Mu_per_atom=28.84 mDebye
2023-12-06 18:02:33.586 INFO: Epoch 154: loss=54.1540, RMSE_E_per_atom=652.4 meV, RMSE_F=732.5 meV / A, RMSE_Mu_per_atom=28.18 mDebye
2023-12-06 18:02:34.141 INFO: Epoch 156: loss=52.8490, RMSE_E_per_atom=634.6 meV, RMSE_F=723.6 meV / A, RMSE_Mu_per_atom=28.68 mDebye
2023-12-06 18:02:34.697 INFO: Epoch 158: loss=71.4360, RMSE_E_per_atom=664.0 meV, RMSE_F=842.0 meV / A, RMSE_Mu_per_atom=31.62 mDebye
2023-12-06 18:02:35.253 INFO: Epoch 160: loss=72.0392, RMSE_E_per_atom=651.5 meV, RMSE_F=845.8 meV / A, RMSE_Mu_per_atom=28.31 mDebye
2023-12-06 18:02:35.808 INFO: Epoch 162: loss=51.0777, RMSE_E_per_atom=662.2 meV, RMSE_F=711.0 meV / A, RMSE_Mu_per_atom=28.34 mDebye
2023-12-06 18:02:36.363 INFO: Epoch 164: loss=61.4579, RMSE_E_per_atom=666.7 meV, RMSE_F=780.6 meV / A, RMSE_Mu_per_atom=28.41 mDebye
2023-12-06 18:02:36.919 INFO: Epoch 166: loss=57.3551, RMSE_E_per_atom=659.1 meV, RMSE_F=753.8 meV / A, RMSE_Mu_per_atom=30.84 mDebye
2023-12-06 18:02:37.475 INFO: Epoch 168: loss=73.2607, RMSE_E_per_atom=650.0 meV, RMSE_F=852.9 meV / A, RMSE_Mu_per_atom=29.44 mDebye
2023-12-06 18:02:38.029 INFO: Epoch 170: loss=61.2157, RMSE_E_per_atom=652.1 meV, RMSE_F=779.1 meV / A, RMSE_Mu_per_atom=30.19 mDebye
2023-12-06 18:02:38.589 INFO: Epoch 172: loss=73.0726, RMSE_E_per_atom=628.4 meV, RMSE_F=852.0 meV / A, RMSE_Mu_per_atom=29.91 mDebye
2023-12-06 18:02:39.146 INFO: Epoch 174: loss=70.3848, RMSE_E_per_atom=602.5 meV, RMSE_F=836.3 meV / A, RMSE_Mu_per_atom=29.24 mDebye
2023-12-06 18:02:39.705 INFO: Epoch 176: loss=60.1335, RMSE_E_per_atom=581.7 meV, RMSE_F=772.7 meV / A, RMSE_Mu_per_atom=29.75 mDebye
2023-12-06 18:02:40.263 INFO: Epoch 178: loss=54.1557, RMSE_E_per_atom=563.7 meV, RMSE_F=733.1 meV / A, RMSE_Mu_per_atom=29.97 mDebye
2023-12-06 18:02:40.820 INFO: Epoch 180: loss=57.2134, RMSE_E_per_atom=562.4 meV, RMSE_F=753.7 meV / A, RMSE_Mu_per_atom=30.47 mDebye
2023-12-06 18:02:41.378 INFO: Epoch 182: loss=64.6357, RMSE_E_per_atom=549.8 meV, RMSE_F=801.5 meV / A, RMSE_Mu_per_atom=30.13 mDebye
2023-12-06 18:02:41.936 INFO: Epoch 184: loss=54.7845, RMSE_E_per_atom=559.8 meV, RMSE_F=737.5 meV / A, RMSE_Mu_per_atom=29.63 mDebye
2023-12-06 18:02:42.493 INFO: Epoch 186: loss=59.9631, RMSE_E_per_atom=561.3 meV, RMSE_F=771.7 meV / A, RMSE_Mu_per_atom=29.85 mDebye
2023-12-06 18:02:43.049 INFO: Epoch 188: loss=61.4230, RMSE_E_per_atom=547.6 meV, RMSE_F=781.2 meV / A, RMSE_Mu_per_atom=30.62 mDebye
2023-12-06 18:02:43.606 INFO: Epoch 190: loss=44.7746, RMSE_E_per_atom=531.9 meV, RMSE_F=666.3 meV / A, RMSE_Mu_per_atom=30.93 mDebye
2023-12-06 18:02:44.163 INFO: Epoch 192: loss=42.5714, RMSE_E_per_atom=515.9 meV, RMSE_F=649.7 meV / A, RMSE_Mu_per_atom=30.43 mDebye
2023-12-06 18:02:44.721 INFO: Epoch 194: loss=56.9515, RMSE_E_per_atom=495.0 meV, RMSE_F=752.4 meV / A, RMSE_Mu_per_atom=30.47 mDebye
2023-12-06 18:02:45.277 INFO: Epoch 196: loss=53.6380, RMSE_E_per_atom=493.9 meV, RMSE_F=730.1 meV / A, RMSE_Mu_per_atom=30.76 mDebye
2023-12-06 18:02:45.835 INFO: Epoch 198: loss=62.0073, RMSE_E_per_atom=484.1 meV, RMSE_F=785.3 meV / A, RMSE_Mu_per_atom=31.23 mDebye
2023-12-06 18:02:46.392 INFO: Epoch 200: loss=59.2669, RMSE_E_per_atom=476.1 meV, RMSE_F=767.8 meV / A, RMSE_Mu_per_atom=30.19 mDebye
2023-12-06 18:02:46.950 INFO: Epoch 202: loss=55.9383, RMSE_E_per_atom=457.6 meV, RMSE_F=745.9 meV / A, RMSE_Mu_per_atom=29.90 mDebye
2023-12-06 18:02:47.509 INFO: Epoch 204: loss=74.6153, RMSE_E_per_atom=445.9 meV, RMSE_F=862.1 meV / A, RMSE_Mu_per_atom=30.99 mDebye
2023-12-06 18:02:48.069 INFO: Epoch 206: loss=57.4866, RMSE_E_per_atom=448.2 meV, RMSE_F=756.2 meV / A, RMSE_Mu_per_atom=31.03 mDebye
2023-12-06 18:02:48.628 INFO: Epoch 208: loss=59.7741, RMSE_E_per_atom=466.9 meV, RMSE_F=771.1 meV / A, RMSE_Mu_per_atom=31.79 mDebye
2023-12-06 18:02:49.194 INFO: Epoch 210: loss=64.5483, RMSE_E_per_atom=442.5 meV, RMSE_F=801.6 meV / A, RMSE_Mu_per_atom=31.74 mDebye
2023-12-06 18:02:49.753 INFO: Epoch 212: loss=58.4955, RMSE_E_per_atom=453.4 meV, RMSE_F=762.9 meV / A, RMSE_Mu_per_atom=30.20 mDebye
2023-12-06 18:02:50.309 INFO: Epoch 214: loss=53.4016, RMSE_E_per_atom=438.9 meV, RMSE_F=728.8 meV / A, RMSE_Mu_per_atom=30.50 mDebye
2023-12-06 18:02:50.867 INFO: Epoch 216: loss=50.2118, RMSE_E_per_atom=411.8 meV, RMSE_F=706.7 meV / A, RMSE_Mu_per_atom=31.15 mDebye
2023-12-06 18:02:51.424 INFO: Epoch 218: loss=42.1443, RMSE_E_per_atom=409.3 meV, RMSE_F=647.1 meV / A, RMSE_Mu_per_atom=31.42 mDebye
2023-12-06 18:02:51.980 INFO: Epoch 220: loss=60.7545, RMSE_E_per_atom=400.4 meV, RMSE_F=777.8 meV / A, RMSE_Mu_per_atom=31.37 mDebye
2023-12-06 18:02:52.536 INFO: Epoch 222: loss=62.5788, RMSE_E_per_atom=378.0 meV, RMSE_F=789.5 meV / A, RMSE_Mu_per_atom=31.32 mDebye
2023-12-06 18:02:53.094 INFO: Epoch 224: loss=58.5775, RMSE_E_per_atom=382.5 meV, RMSE_F=763.8 meV / A, RMSE_Mu_per_atom=30.95 mDebye
2023-12-06 18:02:53.653 INFO: Epoch 226: loss=67.2368, RMSE_E_per_atom=371.8 meV, RMSE_F=818.5 meV / A, RMSE_Mu_per_atom=31.11 mDebye
2023-12-06 18:02:54.221 INFO: Epoch 228: loss=51.6253, RMSE_E_per_atom=366.9 meV, RMSE_F=716.9 meV / A, RMSE_Mu_per_atom=31.12 mDebye
2023-12-06 18:02:54.783 INFO: Epoch 230: loss=58.7504, RMSE_E_per_atom=345.2 meV, RMSE_F=765.1 meV / A, RMSE_Mu_per_atom=31.49 mDebye
2023-12-06 18:02:55.345 INFO: Epoch 232: loss=48.9728, RMSE_E_per_atom=335.6 meV, RMSE_F=698.3 meV / A, RMSE_Mu_per_atom=30.29 mDebye
2023-12-06 18:02:55.905 INFO: Epoch 234: loss=69.6119, RMSE_E_per_atom=327.7 meV, RMSE_F=833.1 meV / A, RMSE_Mu_per_atom=31.23 mDebye
2023-12-06 18:02:56.466 INFO: Epoch 236: loss=65.7543, RMSE_E_per_atom=318.7 meV, RMSE_F=809.7 meV / A, RMSE_Mu_per_atom=30.57 mDebye
2023-12-06 18:02:57.028 INFO: Epoch 238: loss=62.3892, RMSE_E_per_atom=306.1 meV, RMSE_F=788.7 meV / A, RMSE_Mu_per_atom=30.81 mDebye
2023-12-06 18:02:57.591 INFO: Epoch 240: loss=62.4549, RMSE_E_per_atom=297.4 meV, RMSE_F=789.2 meV / A, RMSE_Mu_per_atom=29.98 mDebye
2023-12-06 18:02:58.153 INFO: Epoch 242: loss=63.9256, RMSE_E_per_atom=272.6 meV, RMSE_F=798.5 meV / A, RMSE_Mu_per_atom=30.72 mDebye
2023-12-06 18:02:58.714 INFO: Epoch 244: loss=71.6073, RMSE_E_per_atom=286.1 meV, RMSE_F=845.1 meV / A, RMSE_Mu_per_atom=31.67 mDebye
2023-12-06 18:02:59.276 INFO: Epoch 246: loss=55.8111, RMSE_E_per_atom=263.0 meV, RMSE_F=745.9 meV / A, RMSE_Mu_per_atom=31.41 mDebye
2023-12-06 18:02:59.837 INFO: Epoch 248: loss=70.1765, RMSE_E_per_atom=273.7 meV, RMSE_F=836.7 meV / A, RMSE_Mu_per_atom=30.89 mDebye
2023-12-06 18:03:00.398 INFO: Epoch 250: loss=48.0890, RMSE_E_per_atom=269.3 meV, RMSE_F=692.3 meV / A, RMSE_Mu_per_atom=30.52 mDebye
2023-12-06 18:03:00.958 INFO: Epoch 252: loss=46.7131, RMSE_E_per_atom=268.0 meV, RMSE_F=682.2 meV / A, RMSE_Mu_per_atom=30.94 mDebye
2023-12-06 18:03:01.518 INFO: Epoch 254: loss=55.3954, RMSE_E_per_atom=257.4 meV, RMSE_F=743.2 meV / A, RMSE_Mu_per_atom=31.84 mDebye
2023-12-06 18:03:02.077 INFO: Epoch 256: loss=63.1314, RMSE_E_per_atom=242.7 meV, RMSE_F=793.6 meV / A, RMSE_Mu_per_atom=30.15 mDebye
2023-12-06 18:03:02.638 INFO: Epoch 258: loss=64.9577, RMSE_E_per_atom=239.9 meV, RMSE_F=805.0 meV / A, RMSE_Mu_per_atom=31.45 mDebye
2023-12-06 18:03:03.199 INFO: Epoch 260: loss=65.9456, RMSE_E_per_atom=245.7 meV, RMSE_F=811.1 meV / A, RMSE_Mu_per_atom=31.77 mDebye
2023-12-06 18:03:03.760 INFO: Epoch 262: loss=56.7160, RMSE_E_per_atom=231.4 meV, RMSE_F=752.1 meV / A, RMSE_Mu_per_atom=31.18 mDebye
2023-12-06 18:03:04.320 INFO: Epoch 264: loss=63.2874, RMSE_E_per_atom=221.6 meV, RMSE_F=794.6 meV / A, RMSE_Mu_per_atom=30.76 mDebye
2023-12-06 18:03:04.884 INFO: Epoch 266: loss=54.3613, RMSE_E_per_atom=217.1 meV, RMSE_F=736.3 meV / A, RMSE_Mu_per_atom=31.14 mDebye
2023-12-06 18:03:05.446 INFO: Epoch 268: loss=60.7989, RMSE_E_per_atom=204.1 meV, RMSE_F=778.9 meV / A, RMSE_Mu_per_atom=30.20 mDebye
2023-12-06 18:03:06.007 INFO: Epoch 270: loss=58.6452, RMSE_E_per_atom=194.6 meV, RMSE_F=764.9 meV / A, RMSE_Mu_per_atom=30.83 mDebye
2023-12-06 18:03:06.568 INFO: Epoch 272: loss=62.4737, RMSE_E_per_atom=184.1 meV, RMSE_F=789.6 meV / A, RMSE_Mu_per_atom=31.32 mDebye
2023-12-06 18:03:07.129 INFO: Epoch 274: loss=54.0538, RMSE_E_per_atom=174.7 meV, RMSE_F=734.4 meV / A, RMSE_Mu_per_atom=30.68 mDebye
2023-12-06 18:03:07.690 INFO: Epoch 276: loss=62.3603, RMSE_E_per_atom=175.6 meV, RMSE_F=788.9 meV / A, RMSE_Mu_per_atom=31.19 mDebye
2023-12-06 18:03:08.249 INFO: Epoch 278: loss=66.4292, RMSE_E_per_atom=176.0 meV, RMSE_F=814.3 meV / A, RMSE_Mu_per_atom=30.90 mDebye
2023-12-06 18:03:08.809 INFO: Epoch 280: loss=52.8196, RMSE_E_per_atom=156.3 meV, RMSE_F=725.9 meV / A, RMSE_Mu_per_atom=30.86 mDebye
2023-12-06 18:03:09.369 INFO: Epoch 282: loss=57.0369, RMSE_E_per_atom=177.6 meV, RMSE_F=754.4 meV / A, RMSE_Mu_per_atom=30.81 mDebye
2023-12-06 18:03:09.929 INFO: Epoch 284: loss=56.5749, RMSE_E_per_atom=160.3 meV, RMSE_F=751.4 meV / A, RMSE_Mu_per_atom=31.02 mDebye
2023-12-06 18:03:10.488 INFO: Epoch 286: loss=58.5483, RMSE_E_per_atom=152.0 meV, RMSE_F=764.4 meV / A, RMSE_Mu_per_atom=30.42 mDebye
2023-12-06 18:03:11.050 INFO: Epoch 288: loss=59.7518, RMSE_E_per_atom=140.4 meV, RMSE_F=772.2 meV / A, RMSE_Mu_per_atom=30.94 mDebye
2023-12-06 18:03:11.610 INFO: Epoch 290: loss=50.9912, RMSE_E_per_atom=132.5 meV, RMSE_F=713.3 meV / A, RMSE_Mu_per_atom=31.35 mDebye
2023-12-06 18:03:12.170 INFO: Epoch 292: loss=61.6889, RMSE_E_per_atom=134.6 meV, RMSE_F=784.7 meV / A, RMSE_Mu_per_atom=30.95 mDebye
2023-12-06 18:03:12.730 INFO: Epoch 294: loss=65.6983, RMSE_E_per_atom=128.3 meV, RMSE_F=809.9 meV / A, RMSE_Mu_per_atom=30.02 mDebye
2023-12-06 18:03:13.291 INFO: Epoch 296: loss=53.0586, RMSE_E_per_atom=120.1 meV, RMSE_F=727.7 meV / A, RMSE_Mu_per_atom=30.49 mDebye
2023-12-06 18:03:13.851 INFO: Epoch 298: loss=54.4617, RMSE_E_per_atom=107.1 meV, RMSE_F=737.2 meV / A, RMSE_Mu_per_atom=31.09 mDebye
2023-12-06 18:03:14.417 INFO: Epoch 300: loss=57.2730, RMSE_E_per_atom=108.0 meV, RMSE_F=756.1 meV / A, RMSE_Mu_per_atom=30.89 mDebye
2023-12-06 18:03:14.979 INFO: Epoch 302: loss=53.8741, RMSE_E_per_atom=112.8 meV, RMSE_F=733.3 meV / A, RMSE_Mu_per_atom=30.82 mDebye
2023-12-06 18:03:15.541 INFO: Epoch 304: loss=64.6537, RMSE_E_per_atom=111.2 meV, RMSE_F=803.4 meV / A, RMSE_Mu_per_atom=30.78 mDebye
2023-12-06 18:03:16.103 INFO: Epoch 306: loss=80.8726, RMSE_E_per_atom=127.5 meV, RMSE_F=898.7 meV / A, RMSE_Mu_per_atom=30.78 mDebye
2023-12-06 18:03:16.662 INFO: Epoch 308: loss=51.5829, RMSE_E_per_atom=115.9 meV, RMSE_F=717.5 meV / A, RMSE_Mu_per_atom=30.75 mDebye
2023-12-06 18:03:17.223 INFO: Epoch 310: loss=58.0645, RMSE_E_per_atom=121.2 meV, RMSE_F=761.3 meV / A, RMSE_Mu_per_atom=30.80 mDebye
2023-12-06 18:03:17.783 INFO: Epoch 312: loss=51.0883, RMSE_E_per_atom=125.7 meV, RMSE_F=713.9 meV / A, RMSE_Mu_per_atom=31.68 mDebye
2023-12-06 18:03:18.347 INFO: Epoch 314: loss=66.2219, RMSE_E_per_atom=137.8 meV, RMSE_F=813.1 meV / A, RMSE_Mu_per_atom=30.52 mDebye
2023-12-06 18:03:18.909 INFO: Epoch 316: loss=62.6568, RMSE_E_per_atom=136.1 meV, RMSE_F=790.9 meV / A, RMSE_Mu_per_atom=30.52 mDebye
2023-12-06 18:03:19.472 INFO: Epoch 318: loss=60.2654, RMSE_E_per_atom=128.9 meV, RMSE_F=775.6 meV / A, RMSE_Mu_per_atom=30.28 mDebye
2023-12-06 18:03:20.035 INFO: Epoch 320: loss=57.3562, RMSE_E_per_atom=132.0 meV, RMSE_F=756.6 meV / A, RMSE_Mu_per_atom=30.65 mDebye
2023-12-06 18:03:20.599 INFO: Epoch 322: loss=63.3708, RMSE_E_per_atom=121.1 meV, RMSE_F=795.4 meV / A, RMSE_Mu_per_atom=30.05 mDebye
2023-12-06 18:03:21.164 INFO: Epoch 324: loss=59.8439, RMSE_E_per_atom=121.3 meV, RMSE_F=772.9 meV / A, RMSE_Mu_per_atom=30.49 mDebye
2023-12-06 18:03:21.728 INFO: Epoch 326: loss=58.7564, RMSE_E_per_atom=108.7 meV, RMSE_F=765.8 meV / A, RMSE_Mu_per_atom=30.61 mDebye
2023-12-06 18:03:22.290 INFO: Epoch 328: loss=64.7168, RMSE_E_per_atom=112.5 meV, RMSE_F=803.8 meV / A, RMSE_Mu_per_atom=30.60 mDebye
2023-12-06 18:03:22.852 INFO: Epoch 330: loss=61.0107, RMSE_E_per_atom=102.2 meV, RMSE_F=780.4 meV / A, RMSE_Mu_per_atom=30.34 mDebye
2023-12-06 18:03:23.414 INFO: Epoch 332: loss=59.5587, RMSE_E_per_atom=82.8 meV, RMSE_F=771.1 meV / A, RMSE_Mu_per_atom=29.98 mDebye
2023-12-06 18:03:23.976 INFO: Epoch 334: loss=60.5228, RMSE_E_per_atom=87.1 meV, RMSE_F=777.3 meV / A, RMSE_Mu_per_atom=30.69 mDebye
2023-12-06 18:03:24.538 INFO: Epoch 336: loss=69.0880, RMSE_E_per_atom=77.3 meV, RMSE_F=830.6 meV / A, RMSE_Mu_per_atom=30.70 mDebye
2023-12-06 18:03:25.101 INFO: Epoch 338: loss=70.1214, RMSE_E_per_atom=86.9 meV, RMSE_F=836.8 meV / A, RMSE_Mu_per_atom=29.87 mDebye
2023-12-06 18:03:25.664 INFO: Epoch 340: loss=61.6361, RMSE_E_per_atom=70.9 meV, RMSE_F=784.5 meV / A, RMSE_Mu_per_atom=30.02 mDebye
2023-12-06 18:03:26.226 INFO: Epoch 342: loss=62.5581, RMSE_E_per_atom=71.0 meV, RMSE_F=790.3 meV / A, RMSE_Mu_per_atom=30.20 mDebye
2023-12-06 18:03:26.789 INFO: Epoch 344: loss=64.9259, RMSE_E_per_atom=79.0 meV, RMSE_F=805.2 meV / A, RMSE_Mu_per_atom=30.25 mDebye
2023-12-06 18:03:27.349 INFO: Epoch 346: loss=64.3305, RMSE_E_per_atom=76.5 meV, RMSE_F=801.4 meV / A, RMSE_Mu_per_atom=30.60 mDebye
2023-12-06 18:03:27.909 INFO: Epoch 348: loss=63.2317, RMSE_E_per_atom=77.5 meV, RMSE_F=794.6 meV / A, RMSE_Mu_per_atom=29.84 mDebye
2023-12-06 18:03:28.470 INFO: Epoch 350: loss=67.7617, RMSE_E_per_atom=71.5 meV, RMSE_F=822.6 meV / A, RMSE_Mu_per_atom=29.54 mDebye
2023-12-06 18:03:29.035 INFO: Epoch 352: loss=73.9207, RMSE_E_per_atom=74.9 meV, RMSE_F=859.2 meV / A, RMSE_Mu_per_atom=30.99 mDebye
2023-12-06 18:03:29.599 INFO: Epoch 354: loss=67.6530, RMSE_E_per_atom=74.5 meV, RMSE_F=821.9 meV / A, RMSE_Mu_per_atom=29.90 mDebye
2023-12-06 18:03:30.160 INFO: Epoch 356: loss=61.8710, RMSE_E_per_atom=71.0 meV, RMSE_F=786.0 meV / A, RMSE_Mu_per_atom=30.21 mDebye
2023-12-06 18:03:30.724 INFO: Epoch 358: loss=60.0751, RMSE_E_per_atom=70.9 meV, RMSE_F=774.4 meV / A, RMSE_Mu_per_atom=30.48 mDebye
2023-12-06 18:03:31.287 INFO: Epoch 360: loss=62.0907, RMSE_E_per_atom=67.2 meV, RMSE_F=787.4 meV / A, RMSE_Mu_per_atom=30.17 mDebye
2023-12-06 18:03:31.850 INFO: Epoch 362: loss=59.7297, RMSE_E_per_atom=63.3 meV, RMSE_F=772.2 meV / A, RMSE_Mu_per_atom=30.08 mDebye
2023-12-06 18:03:32.418 INFO: Epoch 364: loss=58.9233, RMSE_E_per_atom=73.3 meV, RMSE_F=767.0 meV / A, RMSE_Mu_per_atom=30.12 mDebye
2023-12-06 18:03:32.998 INFO: Epoch 366: loss=63.9254, RMSE_E_per_atom=72.6 meV, RMSE_F=798.9 meV / A, RMSE_Mu_per_atom=30.41 mDebye
2023-12-06 18:03:33.570 INFO: Epoch 368: loss=62.7515, RMSE_E_per_atom=65.5 meV, RMSE_F=791.6 meV / A, RMSE_Mu_per_atom=29.59 mDebye
2023-12-06 18:03:34.130 INFO: Epoch 370: loss=56.7836, RMSE_E_per_atom=69.9 meV, RMSE_F=752.9 meV / A, RMSE_Mu_per_atom=29.70 mDebye
2023-12-06 18:03:34.692 INFO: Epoch 372: loss=60.9122, RMSE_E_per_atom=60.1 meV, RMSE_F=779.9 meV / A, RMSE_Mu_per_atom=30.04 mDebye
2023-12-06 18:03:35.255 INFO: Epoch 374: loss=59.1568, RMSE_E_per_atom=60.5 meV, RMSE_F=768.5 meV / A, RMSE_Mu_per_atom=29.83 mDebye
2023-12-06 18:03:35.818 INFO: Epoch 376: loss=64.0166, RMSE_E_per_atom=52.8 meV, RMSE_F=799.5 meV / A, RMSE_Mu_per_atom=29.89 mDebye
2023-12-06 18:03:36.379 INFO: Epoch 378: loss=64.9598, RMSE_E_per_atom=51.7 meV, RMSE_F=805.4 meV / A, RMSE_Mu_per_atom=29.79 mDebye
2023-12-06 18:03:36.939 INFO: Epoch 380: loss=67.3743, RMSE_E_per_atom=51.3 meV, RMSE_F=820.2 meV / A, RMSE_Mu_per_atom=30.14 mDebye
2023-12-06 18:03:37.499 INFO: Epoch 382: loss=65.8502, RMSE_E_per_atom=41.7 meV, RMSE_F=810.9 meV / A, RMSE_Mu_per_atom=29.89 mDebye
2023-12-06 18:03:38.062 INFO: Epoch 384: loss=61.4058, RMSE_E_per_atom=40.8 meV, RMSE_F=783.1 meV / A, RMSE_Mu_per_atom=29.29 mDebye
2023-12-06 18:03:38.622 INFO: Epoch 386: loss=56.8456, RMSE_E_per_atom=39.4 meV, RMSE_F=753.4 meV / A, RMSE_Mu_per_atom=29.88 mDebye
2023-12-06 18:03:39.185 INFO: Epoch 388: loss=59.9939, RMSE_E_per_atom=43.1 meV, RMSE_F=774.0 meV / A, RMSE_Mu_per_atom=30.23 mDebye
2023-12-06 18:03:39.748 INFO: Epoch 390: loss=62.3798, RMSE_E_per_atom=36.0 meV, RMSE_F=789.2 meV / A, RMSE_Mu_per_atom=29.94 mDebye
2023-12-06 18:03:40.311 INFO: Epoch 392: loss=53.9549, RMSE_E_per_atom=33.5 meV, RMSE_F=733.9 meV / A, RMSE_Mu_per_atom=29.90 mDebye
2023-12-06 18:03:40.876 INFO: Epoch 394: loss=57.7510, RMSE_E_per_atom=38.1 meV, RMSE_F=759.4 meV / A, RMSE_Mu_per_atom=29.56 mDebye
2023-12-06 18:03:41.438 INFO: Epoch 396: loss=65.0613, RMSE_E_per_atom=42.6 meV, RMSE_F=806.1 meV / A, RMSE_Mu_per_atom=29.42 mDebye
2023-12-06 18:03:41.999 INFO: Epoch 398: loss=59.0525, RMSE_E_per_atom=31.5 meV, RMSE_F=767.9 meV / A, RMSE_Mu_per_atom=29.63 mDebye
2023-12-06 18:03:42.568 INFO: Epoch 400: loss=56.1494, RMSE_E_per_atom=38.0 meV, RMSE_F=748.7 meV / A, RMSE_Mu_per_atom=29.52 mDebye
2023-12-06 18:03:43.183 INFO: Epoch 402: loss=59.0680, RMSE_E_per_atom=38.2 meV, RMSE_F=768.0 meV / A, RMSE_Mu_per_atom=29.84 mDebye
2023-12-06 18:03:43.746 INFO: Epoch 404: loss=54.1773, RMSE_E_per_atom=35.4 meV, RMSE_F=735.5 meV / A, RMSE_Mu_per_atom=29.45 mDebye
2023-12-06 18:03:44.308 INFO: Epoch 406: loss=60.5939, RMSE_E_per_atom=37.4 meV, RMSE_F=777.8 meV / A, RMSE_Mu_per_atom=29.79 mDebye
2023-12-06 18:03:44.874 INFO: Epoch 408: loss=58.9680, RMSE_E_per_atom=36.5 meV, RMSE_F=767.3 meV / A, RMSE_Mu_per_atom=29.97 mDebye
2023-12-06 18:03:45.437 INFO: Epoch 410: loss=58.5299, RMSE_E_per_atom=38.9 meV, RMSE_F=764.5 meV / A, RMSE_Mu_per_atom=29.43 mDebye
2023-12-06 18:03:45.998 INFO: Epoch 412: loss=60.2852, RMSE_E_per_atom=39.4 meV, RMSE_F=775.9 meV / A, RMSE_Mu_per_atom=29.46 mDebye
2023-12-06 18:03:46.559 INFO: Epoch 414: loss=61.9395, RMSE_E_per_atom=38.3 meV, RMSE_F=786.4 meV / A, RMSE_Mu_per_atom=29.68 mDebye
2023-12-06 18:03:47.122 INFO: Epoch 416: loss=61.1493, RMSE_E_per_atom=34.7 meV, RMSE_F=781.4 meV / A, RMSE_Mu_per_atom=29.54 mDebye
2023-12-06 18:03:47.684 INFO: Epoch 418: loss=61.6142, RMSE_E_per_atom=29.6 meV, RMSE_F=784.4 meV / A, RMSE_Mu_per_atom=29.51 mDebye
2023-12-06 18:03:48.246 INFO: Epoch 420: loss=64.2874, RMSE_E_per_atom=33.5 meV, RMSE_F=801.2 meV / A, RMSE_Mu_per_atom=29.52 mDebye
2023-12-06 18:03:48.807 INFO: Epoch 422: loss=59.9746, RMSE_E_per_atom=29.9 meV, RMSE_F=773.9 meV / A, RMSE_Mu_per_atom=29.32 mDebye
2023-12-06 18:03:49.370 INFO: Epoch 424: loss=60.2387, RMSE_E_per_atom=30.2 meV, RMSE_F=775.6 meV / A, RMSE_Mu_per_atom=29.53 mDebye
2023-12-06 18:03:49.937 INFO: Epoch 426: loss=61.5218, RMSE_E_per_atom=29.3 meV, RMSE_F=783.8 meV / A, RMSE_Mu_per_atom=29.62 mDebye
2023-12-06 18:03:50.502 INFO: Epoch 428: loss=62.7702, RMSE_E_per_atom=27.4 meV, RMSE_F=791.7 meV / A, RMSE_Mu_per_atom=29.36 mDebye
2023-12-06 18:03:51.064 INFO: Epoch 430: loss=60.2209, RMSE_E_per_atom=22.1 meV, RMSE_F=775.5 meV / A, RMSE_Mu_per_atom=29.48 mDebye
2023-12-06 18:03:51.626 INFO: Epoch 432: loss=59.2878, RMSE_E_per_atom=18.4 meV, RMSE_F=769.4 meV / A, RMSE_Mu_per_atom=29.48 mDebye
2023-12-06 18:03:52.189 INFO: Epoch 434: loss=58.7934, RMSE_E_per_atom=19.7 meV, RMSE_F=766.2 meV / A, RMSE_Mu_per_atom=29.16 mDebye
2023-12-06 18:03:52.751 INFO: Epoch 436: loss=62.7092, RMSE_E_per_atom=22.0 meV, RMSE_F=791.3 meV / A, RMSE_Mu_per_atom=29.37 mDebye
2023-12-06 18:03:53.312 INFO: Epoch 438: loss=62.9066, RMSE_E_per_atom=19.2 meV, RMSE_F=792.6 meV / A, RMSE_Mu_per_atom=29.50 mDebye
2023-12-06 18:03:53.885 INFO: Epoch 440: loss=63.9052, RMSE_E_per_atom=20.3 meV, RMSE_F=798.9 meV / A, RMSE_Mu_per_atom=29.24 mDebye
2023-12-06 18:03:54.450 INFO: Epoch 442: loss=61.7647, RMSE_E_per_atom=16.6 meV, RMSE_F=785.4 meV / A, RMSE_Mu_per_atom=29.33 mDebye
2023-12-06 18:03:55.015 INFO: Epoch 444: loss=63.1901, RMSE_E_per_atom=17.5 meV, RMSE_F=794.4 meV / A, RMSE_Mu_per_atom=29.19 mDebye
2023-12-06 18:03:55.578 INFO: Epoch 446: loss=68.4913, RMSE_E_per_atom=21.8 meV, RMSE_F=827.1 meV / A, RMSE_Mu_per_atom=29.41 mDebye
2023-12-06 18:03:56.139 INFO: Epoch 448: loss=63.3414, RMSE_E_per_atom=16.1 meV, RMSE_F=795.3 meV / A, RMSE_Mu_per_atom=29.68 mDebye
2023-12-06 18:03:56.700 INFO: Epoch 450: loss=64.0447, RMSE_E_per_atom=22.6 meV, RMSE_F=799.7 meV / A, RMSE_Mu_per_atom=29.09 mDebye
2023-12-06 18:03:57.260 INFO: Epoch 452: loss=67.1120, RMSE_E_per_atom=17.4 meV, RMSE_F=818.7 meV / A, RMSE_Mu_per_atom=29.08 mDebye
2023-12-06 18:03:57.822 INFO: Epoch 454: loss=61.8757, RMSE_E_per_atom=17.4 meV, RMSE_F=786.1 meV / A, RMSE_Mu_per_atom=29.07 mDebye
2023-12-06 18:03:58.382 INFO: Epoch 456: loss=64.5075, RMSE_E_per_atom=22.1 meV, RMSE_F=802.6 meV / A, RMSE_Mu_per_atom=29.11 mDebye
2023-12-06 18:03:58.943 INFO: Epoch 458: loss=63.5329, RMSE_E_per_atom=17.1 meV, RMSE_F=796.5 meV / A, RMSE_Mu_per_atom=29.41 mDebye
2023-12-06 18:03:59.505 INFO: Epoch 460: loss=62.5102, RMSE_E_per_atom=18.2 meV, RMSE_F=790.1 meV / A, RMSE_Mu_per_atom=29.13 mDebye
2023-12-06 18:04:00.068 INFO: Epoch 462: loss=65.3009, RMSE_E_per_atom=18.6 meV, RMSE_F=807.6 meV / A, RMSE_Mu_per_atom=29.03 mDebye
2023-12-06 18:04:00.631 INFO: Epoch 464: loss=64.9639, RMSE_E_per_atom=16.8 meV, RMSE_F=805.5 meV / A, RMSE_Mu_per_atom=29.41 mDebye
2023-12-06 18:04:01.194 INFO: Epoch 466: loss=63.7183, RMSE_E_per_atom=14.5 meV, RMSE_F=797.7 meV / A, RMSE_Mu_per_atom=29.22 mDebye
2023-12-06 18:04:01.754 INFO: Epoch 468: loss=63.9380, RMSE_E_per_atom=14.8 meV, RMSE_F=799.1 meV / A, RMSE_Mu_per_atom=28.95 mDebye
2023-12-06 18:04:02.315 INFO: Epoch 470: loss=65.5214, RMSE_E_per_atom=17.3 meV, RMSE_F=808.9 meV / A, RMSE_Mu_per_atom=29.14 mDebye
2023-12-06 18:04:02.877 INFO: Epoch 472: loss=61.9469, RMSE_E_per_atom=12.4 meV, RMSE_F=786.5 meV / A, RMSE_Mu_per_atom=29.39 mDebye
2023-12-06 18:04:03.440 INFO: Epoch 474: loss=57.5394, RMSE_E_per_atom=6.6 meV, RMSE_F=758.0 meV / A, RMSE_Mu_per_atom=29.37 mDebye
2023-12-06 18:04:04.004 INFO: Epoch 476: loss=57.8647, RMSE_E_per_atom=10.8 meV, RMSE_F=760.1 meV / A, RMSE_Mu_per_atom=29.40 mDebye
2023-12-06 18:04:04.571 INFO: Epoch 478: loss=57.8476, RMSE_E_per_atom=9.9 meV, RMSE_F=760.0 meV / A, RMSE_Mu_per_atom=29.19 mDebye
2023-12-06 18:04:05.138 INFO: Epoch 480: loss=57.7161, RMSE_E_per_atom=9.1 meV, RMSE_F=759.2 meV / A, RMSE_Mu_per_atom=29.07 mDebye
2023-12-06 18:04:05.703 INFO: Epoch 482: loss=57.7481, RMSE_E_per_atom=5.9 meV, RMSE_F=759.4 meV / A, RMSE_Mu_per_atom=29.34 mDebye
2023-12-06 18:04:06.264 INFO: Epoch 484: loss=58.9804, RMSE_E_per_atom=7.2 meV, RMSE_F=767.4 meV / A, RMSE_Mu_per_atom=29.11 mDebye
2023-12-06 18:04:06.827 INFO: Epoch 486: loss=58.0697, RMSE_E_per_atom=5.2 meV, RMSE_F=761.5 meV / A, RMSE_Mu_per_atom=29.04 mDebye
2023-12-06 18:04:07.391 INFO: Epoch 488: loss=59.4123, RMSE_E_per_atom=7.2 meV, RMSE_F=770.2 meV / A, RMSE_Mu_per_atom=29.19 mDebye
2023-12-06 18:04:07.955 INFO: Epoch 490: loss=59.3515, RMSE_E_per_atom=5.0 meV, RMSE_F=769.8 meV / A, RMSE_Mu_per_atom=29.32 mDebye
2023-12-06 18:04:08.519 INFO: Epoch 492: loss=57.6686, RMSE_E_per_atom=4.1 meV, RMSE_F=758.8 meV / A, RMSE_Mu_per_atom=29.21 mDebye
2023-12-06 18:04:09.082 INFO: Epoch 494: loss=60.0844, RMSE_E_per_atom=3.6 meV, RMSE_F=774.6 meV / A, RMSE_Mu_per_atom=29.05 mDebye
2023-12-06 18:04:09.647 INFO: Epoch 496: loss=60.4518, RMSE_E_per_atom=4.6 meV, RMSE_F=777.0 meV / A, RMSE_Mu_per_atom=29.08 mDebye
2023-12-06 18:04:10.213 INFO: Epoch 498: loss=59.0440, RMSE_E_per_atom=4.2 meV, RMSE_F=767.8 meV / A, RMSE_Mu_per_atom=29.23 mDebye
2023-12-06 18:04:10.778 INFO: Epoch 500: loss=62.8584, RMSE_E_per_atom=11.6 meV, RMSE_F=792.3 meV / A, RMSE_Mu_per_atom=29.07 mDebye
2023-12-06 18:04:11.341 INFO: Epoch 502: loss=63.1547, RMSE_E_per_atom=6.4 meV, RMSE_F=794.2 meV / A, RMSE_Mu_per_atom=29.09 mDebye
2023-12-06 18:04:11.905 INFO: Epoch 504: loss=64.4109, RMSE_E_per_atom=9.2 meV, RMSE_F=802.0 meV / A, RMSE_Mu_per_atom=28.82 mDebye
2023-12-06 18:04:12.469 INFO: Epoch 506: loss=64.2359, RMSE_E_per_atom=6.3 meV, RMSE_F=800.9 meV / A, RMSE_Mu_per_atom=29.24 mDebye
2023-12-06 18:04:13.033 INFO: Epoch 508: loss=62.1686, RMSE_E_per_atom=8.5 meV, RMSE_F=787.9 meV / A, RMSE_Mu_per_atom=29.08 mDebye
2023-12-06 18:04:13.598 INFO: Epoch 510: loss=64.8819, RMSE_E_per_atom=6.9 meV, RMSE_F=805.0 meV / A, RMSE_Mu_per_atom=29.09 mDebye
2023-12-06 18:04:14.163 INFO: Epoch 512: loss=62.6869, RMSE_E_per_atom=7.0 meV, RMSE_F=791.2 meV / A, RMSE_Mu_per_atom=28.92 mDebye
2023-12-06 18:04:14.729 INFO: Epoch 514: loss=63.4602, RMSE_E_per_atom=8.5 meV, RMSE_F=796.1 meV / A, RMSE_Mu_per_atom=29.00 mDebye
2023-12-06 18:04:15.293 INFO: Epoch 516: loss=60.8457, RMSE_E_per_atom=6.1 meV, RMSE_F=779.5 meV / A, RMSE_Mu_per_atom=29.09 mDebye
2023-12-06 18:04:15.858 INFO: Epoch 518: loss=60.9137, RMSE_E_per_atom=5.8 meV, RMSE_F=779.9 meV / A, RMSE_Mu_per_atom=29.07 mDebye
2023-12-06 18:04:16.420 INFO: Epoch 520: loss=61.2117, RMSE_E_per_atom=5.2 meV, RMSE_F=781.8 meV / A, RMSE_Mu_per_atom=28.96 mDebye
2023-12-06 18:04:16.982 INFO: Epoch 522: loss=59.5052, RMSE_E_per_atom=3.4 meV, RMSE_F=770.8 meV / A, RMSE_Mu_per_atom=29.09 mDebye
2023-12-06 18:04:17.544 INFO: Epoch 524: loss=59.1043, RMSE_E_per_atom=4.5 meV, RMSE_F=768.2 meV / A, RMSE_Mu_per_atom=29.14 mDebye
2023-12-06 18:04:18.108 INFO: Epoch 526: loss=60.2549, RMSE_E_per_atom=4.0 meV, RMSE_F=775.7 meV / A, RMSE_Mu_per_atom=29.01 mDebye
2023-12-06 18:04:18.672 INFO: Epoch 528: loss=60.6812, RMSE_E_per_atom=3.2 meV, RMSE_F=778.4 meV / A, RMSE_Mu_per_atom=28.95 mDebye
2023-12-06 18:04:19.236 INFO: Epoch 530: loss=62.0614, RMSE_E_per_atom=4.1 meV, RMSE_F=787.3 meV / A, RMSE_Mu_per_atom=28.98 mDebye
2023-12-06 18:04:19.802 INFO: Epoch 532: loss=62.1787, RMSE_E_per_atom=3.3 meV, RMSE_F=788.0 meV / A, RMSE_Mu_per_atom=28.90 mDebye
2023-12-06 18:04:20.367 INFO: Epoch 534: loss=60.9439, RMSE_E_per_atom=2.6 meV, RMSE_F=780.1 meV / A, RMSE_Mu_per_atom=29.07 mDebye
2023-12-06 18:04:20.932 INFO: Epoch 536: loss=62.3957, RMSE_E_per_atom=2.8 meV, RMSE_F=789.4 meV / A, RMSE_Mu_per_atom=29.02 mDebye
2023-12-06 18:04:21.496 INFO: Epoch 538: loss=60.2445, RMSE_E_per_atom=2.4 meV, RMSE_F=775.6 meV / A, RMSE_Mu_per_atom=29.00 mDebye
2023-12-06 18:04:22.061 INFO: Epoch 540: loss=60.5778, RMSE_E_per_atom=2.7 meV, RMSE_F=777.8 meV / A, RMSE_Mu_per_atom=29.05 mDebye
2023-12-06 18:04:22.625 INFO: Epoch 542: loss=60.4632, RMSE_E_per_atom=2.9 meV, RMSE_F=777.0 meV / A, RMSE_Mu_per_atom=28.89 mDebye
2023-12-06 18:04:23.190 INFO: Epoch 544: loss=60.2348, RMSE_E_per_atom=3.3 meV, RMSE_F=775.6 meV / A, RMSE_Mu_per_atom=29.01 mDebye
2023-12-06 18:04:23.758 INFO: Epoch 546: loss=61.1660, RMSE_E_per_atom=3.8 meV, RMSE_F=781.6 meV / A, RMSE_Mu_per_atom=28.96 mDebye
2023-12-06 18:04:24.321 INFO: Epoch 548: loss=58.9293, RMSE_E_per_atom=3.6 meV, RMSE_F=767.1 meV / A, RMSE_Mu_per_atom=29.09 mDebye
2023-12-06 18:04:24.887 INFO: Epoch 550: loss=61.1146, RMSE_E_per_atom=3.7 meV, RMSE_F=781.2 meV / A, RMSE_Mu_per_atom=28.99 mDebye
2023-12-06 18:04:25.451 INFO: Epoch 552: loss=59.5763, RMSE_E_per_atom=5.1 meV, RMSE_F=771.3 meV / A, RMSE_Mu_per_atom=28.95 mDebye
2023-12-06 18:04:26.016 INFO: Epoch 554: loss=59.6254, RMSE_E_per_atom=4.4 meV, RMSE_F=771.6 meV / A, RMSE_Mu_per_atom=28.98 mDebye
2023-12-06 18:04:26.590 INFO: Epoch 556: loss=61.5554, RMSE_E_per_atom=3.6 meV, RMSE_F=784.0 meV / A, RMSE_Mu_per_atom=29.04 mDebye
2023-12-06 18:04:27.156 INFO: Epoch 558: loss=60.8804, RMSE_E_per_atom=4.9 meV, RMSE_F=779.7 meV / A, RMSE_Mu_per_atom=28.93 mDebye
2023-12-06 18:04:27.720 INFO: Epoch 560: loss=60.0093, RMSE_E_per_atom=4.6 meV, RMSE_F=774.1 meV / A, RMSE_Mu_per_atom=28.94 mDebye
2023-12-06 18:04:28.284 INFO: Epoch 562: loss=61.6456, RMSE_E_per_atom=3.8 meV, RMSE_F=784.6 meV / A, RMSE_Mu_per_atom=28.95 mDebye
2023-12-06 18:04:28.849 INFO: Epoch 564: loss=60.7998, RMSE_E_per_atom=4.7 meV, RMSE_F=779.2 meV / A, RMSE_Mu_per_atom=28.96 mDebye
2023-12-06 18:04:29.413 INFO: Epoch 566: loss=61.1371, RMSE_E_per_atom=4.8 meV, RMSE_F=781.4 meV / A, RMSE_Mu_per_atom=28.94 mDebye
2023-12-06 18:04:29.979 INFO: Epoch 568: loss=61.5337, RMSE_E_per_atom=4.5 meV, RMSE_F=783.9 meV / A, RMSE_Mu_per_atom=28.87 mDebye
2023-12-06 18:04:30.545 INFO: Epoch 570: loss=60.5887, RMSE_E_per_atom=5.7 meV, RMSE_F=777.9 meV / A, RMSE_Mu_per_atom=28.90 mDebye
2023-12-06 18:04:31.111 INFO: Epoch 572: loss=60.2960, RMSE_E_per_atom=5.9 meV, RMSE_F=776.0 meV / A, RMSE_Mu_per_atom=28.94 mDebye
2023-12-06 18:04:31.675 INFO: Epoch 574: loss=60.8747, RMSE_E_per_atom=5.7 meV, RMSE_F=779.7 meV / A, RMSE_Mu_per_atom=28.92 mDebye
2023-12-06 18:04:32.239 INFO: Epoch 576: loss=60.0283, RMSE_E_per_atom=6.3 meV, RMSE_F=774.2 meV / A, RMSE_Mu_per_atom=28.88 mDebye
2023-12-06 18:04:32.803 INFO: Epoch 578: loss=60.8449, RMSE_E_per_atom=6.1 meV, RMSE_F=779.5 meV / A, RMSE_Mu_per_atom=28.89 mDebye
2023-12-06 18:04:33.366 INFO: Epoch 580: loss=61.2815, RMSE_E_per_atom=6.0 meV, RMSE_F=782.3 meV / A, RMSE_Mu_per_atom=28.90 mDebye
2023-12-06 18:04:33.929 INFO: Epoch 582: loss=61.1738, RMSE_E_per_atom=6.2 meV, RMSE_F=781.6 meV / A, RMSE_Mu_per_atom=28.86 mDebye
2023-12-06 18:04:34.491 INFO: Epoch 584: loss=60.3882, RMSE_E_per_atom=6.5 meV, RMSE_F=776.6 meV / A, RMSE_Mu_per_atom=28.90 mDebye
2023-12-06 18:04:35.060 INFO: Epoch 586: loss=60.7230, RMSE_E_per_atom=6.3 meV, RMSE_F=778.7 meV / A, RMSE_Mu_per_atom=28.91 mDebye
2023-12-06 18:04:35.626 INFO: Epoch 588: loss=61.0064, RMSE_E_per_atom=6.8 meV, RMSE_F=780.5 meV / A, RMSE_Mu_per_atom=28.93 mDebye
2023-12-06 18:04:36.190 INFO: Epoch 590: loss=60.9182, RMSE_E_per_atom=6.4 meV, RMSE_F=780.0 meV / A, RMSE_Mu_per_atom=28.86 mDebye
2023-12-06 18:04:36.756 INFO: Epoch 592: loss=61.4222, RMSE_E_per_atom=6.3 meV, RMSE_F=783.2 meV / A, RMSE_Mu_per_atom=28.82 mDebye
2023-12-06 18:04:37.320 INFO: Epoch 594: loss=60.8554, RMSE_E_per_atom=6.7 meV, RMSE_F=779.6 meV / A, RMSE_Mu_per_atom=28.83 mDebye
2023-12-06 18:04:37.886 INFO: Epoch 596: loss=60.7362, RMSE_E_per_atom=7.0 meV, RMSE_F=778.8 meV / A, RMSE_Mu_per_atom=28.89 mDebye
2023-12-06 18:04:38.448 INFO: Epoch 598: loss=60.2663, RMSE_E_per_atom=7.4 meV, RMSE_F=775.8 meV / A, RMSE_Mu_per_atom=28.88 mDebye
2023-12-06 18:04:39.012 INFO: Epoch 600: loss=61.0543, RMSE_E_per_atom=7.8 meV, RMSE_F=780.8 meV / A, RMSE_Mu_per_atom=28.89 mDebye
2023-12-06 18:04:39.580 INFO: Epoch 602: loss=61.1443, RMSE_E_per_atom=6.5 meV, RMSE_F=781.4 meV / A, RMSE_Mu_per_atom=28.83 mDebye
2023-12-06 18:04:40.146 INFO: Epoch 604: loss=60.7717, RMSE_E_per_atom=7.3 meV, RMSE_F=779.0 meV / A, RMSE_Mu_per_atom=28.82 mDebye
2023-12-06 18:04:40.710 INFO: Epoch 606: loss=61.0649, RMSE_E_per_atom=6.8 meV, RMSE_F=780.9 meV / A, RMSE_Mu_per_atom=28.83 mDebye
2023-12-06 18:04:41.274 INFO: Epoch 608: loss=60.6168, RMSE_E_per_atom=7.7 meV, RMSE_F=778.0 meV / A, RMSE_Mu_per_atom=28.86 mDebye
2023-12-06 18:04:41.840 INFO: Epoch 610: loss=61.1872, RMSE_E_per_atom=7.0 meV, RMSE_F=781.7 meV / A, RMSE_Mu_per_atom=28.85 mDebye
2023-12-06 18:04:42.404 INFO: Epoch 612: loss=61.0933, RMSE_E_per_atom=7.5 meV, RMSE_F=781.1 meV / A, RMSE_Mu_per_atom=28.84 mDebye
2023-12-06 18:04:42.968 INFO: Epoch 614: loss=60.7894, RMSE_E_per_atom=7.6 meV, RMSE_F=779.1 meV / A, RMSE_Mu_per_atom=28.89 mDebye
2023-12-06 18:04:43.533 INFO: Epoch 616: loss=60.9894, RMSE_E_per_atom=7.8 meV, RMSE_F=780.4 meV / A, RMSE_Mu_per_atom=28.81 mDebye
2023-12-06 18:04:44.098 INFO: Epoch 618: loss=60.7141, RMSE_E_per_atom=7.5 meV, RMSE_F=778.7 meV / A, RMSE_Mu_per_atom=28.81 mDebye
2023-12-06 18:04:44.664 INFO: Epoch 620: loss=60.8986, RMSE_E_per_atom=8.0 meV, RMSE_F=779.8 meV / A, RMSE_Mu_per_atom=28.81 mDebye
2023-12-06 18:04:45.230 INFO: Epoch 622: loss=61.1705, RMSE_E_per_atom=7.7 meV, RMSE_F=781.6 meV / A, RMSE_Mu_per_atom=28.80 mDebye
2023-12-06 18:04:45.797 INFO: Epoch 624: loss=61.0361, RMSE_E_per_atom=7.5 meV, RMSE_F=780.7 meV / A, RMSE_Mu_per_atom=28.82 mDebye
2023-12-06 18:04:46.361 INFO: Epoch 626: loss=61.0262, RMSE_E_per_atom=8.1 meV, RMSE_F=780.7 meV / A, RMSE_Mu_per_atom=28.81 mDebye
2023-12-06 18:04:46.926 INFO: Epoch 628: loss=60.5442, RMSE_E_per_atom=8.4 meV, RMSE_F=777.6 meV / A, RMSE_Mu_per_atom=28.82 mDebye
2023-12-06 18:04:47.490 INFO: Epoch 630: loss=61.2850, RMSE_E_per_atom=7.6 meV, RMSE_F=782.3 meV / A, RMSE_Mu_per_atom=28.81 mDebye
2023-12-06 18:04:48.055 INFO: Epoch 632: loss=60.9873, RMSE_E_per_atom=8.3 meV, RMSE_F=780.4 meV / A, RMSE_Mu_per_atom=28.81 mDebye
2023-12-06 18:04:48.621 INFO: Epoch 634: loss=60.8680, RMSE_E_per_atom=8.1 meV, RMSE_F=779.6 meV / A, RMSE_Mu_per_atom=28.79 mDebye
2023-12-06 18:04:49.187 INFO: Epoch 636: loss=61.2513, RMSE_E_per_atom=8.0 meV, RMSE_F=782.1 meV / A, RMSE_Mu_per_atom=28.77 mDebye
2023-12-06 18:04:49.755 INFO: Epoch 638: loss=60.6706, RMSE_E_per_atom=8.5 meV, RMSE_F=778.4 meV / A, RMSE_Mu_per_atom=28.77 mDebye
2023-12-06 18:04:50.319 INFO: Epoch 640: loss=61.3003, RMSE_E_per_atom=7.8 meV, RMSE_F=782.4 meV / A, RMSE_Mu_per_atom=28.78 mDebye
2023-12-06 18:04:50.886 INFO: Epoch 642: loss=60.9335, RMSE_E_per_atom=8.1 meV, RMSE_F=780.1 meV / A, RMSE_Mu_per_atom=28.79 mDebye
2023-12-06 18:04:51.453 INFO: Epoch 644: loss=60.9244, RMSE_E_per_atom=7.6 meV, RMSE_F=780.0 meV / A, RMSE_Mu_per_atom=28.78 mDebye
2023-12-06 18:04:52.017 INFO: Epoch 646: loss=60.9885, RMSE_E_per_atom=8.5 meV, RMSE_F=780.4 meV / A, RMSE_Mu_per_atom=28.75 mDebye
2023-12-06 18:04:52.581 INFO: Epoch 648: loss=61.1406, RMSE_E_per_atom=8.0 meV, RMSE_F=781.4 meV / A, RMSE_Mu_per_atom=28.75 mDebye
2023-12-06 18:04:53.145 INFO: Epoch 650: loss=60.9861, RMSE_E_per_atom=7.8 meV, RMSE_F=780.4 meV / A, RMSE_Mu_per_atom=28.77 mDebye
2023-12-06 18:04:53.707 INFO: Epoch 652: loss=60.9487, RMSE_E_per_atom=8.4 meV, RMSE_F=780.2 meV / A, RMSE_Mu_per_atom=28.75 mDebye
2023-12-06 18:04:54.271 INFO: Epoch 654: loss=60.9242, RMSE_E_per_atom=8.1 meV, RMSE_F=780.0 meV / A, RMSE_Mu_per_atom=28.77 mDebye
2023-12-06 18:04:54.837 INFO: Epoch 656: loss=60.9758, RMSE_E_per_atom=8.1 meV, RMSE_F=780.3 meV / A, RMSE_Mu_per_atom=28.74 mDebye
2023-12-06 18:04:55.402 INFO: Epoch 658: loss=61.1670, RMSE_E_per_atom=7.9 meV, RMSE_F=781.6 meV / A, RMSE_Mu_per_atom=28.73 mDebye
2023-12-06 18:04:55.966 INFO: Epoch 660: loss=61.0475, RMSE_E_per_atom=8.2 meV, RMSE_F=780.8 meV / A, RMSE_Mu_per_atom=28.76 mDebye
2023-12-06 18:04:56.529 INFO: Epoch 662: loss=60.7785, RMSE_E_per_atom=8.3 meV, RMSE_F=779.1 meV / A, RMSE_Mu_per_atom=28.73 mDebye
2023-12-06 18:04:57.105 INFO: Epoch 664: loss=61.0757, RMSE_E_per_atom=8.2 meV, RMSE_F=781.0 meV / A, RMSE_Mu_per_atom=28.73 mDebye
2023-12-06 18:04:57.675 INFO: Epoch 666: loss=60.8791, RMSE_E_per_atom=8.1 meV, RMSE_F=779.7 meV / A, RMSE_Mu_per_atom=28.69 mDebye
2023-12-06 18:04:58.242 INFO: Epoch 668: loss=61.0021, RMSE_E_per_atom=8.1 meV, RMSE_F=780.5 meV / A, RMSE_Mu_per_atom=28.72 mDebye
2023-12-06 18:04:58.814 INFO: Epoch 670: loss=61.1041, RMSE_E_per_atom=8.2 meV, RMSE_F=781.2 meV / A, RMSE_Mu_per_atom=28.72 mDebye
2023-12-06 18:04:59.388 INFO: Epoch 672: loss=61.0452, RMSE_E_per_atom=8.2 meV, RMSE_F=780.8 meV / A, RMSE_Mu_per_atom=28.70 mDebye
2023-12-06 18:04:59.963 INFO: Epoch 674: loss=60.9189, RMSE_E_per_atom=8.0 meV, RMSE_F=780.0 meV / A, RMSE_Mu_per_atom=28.71 mDebye
2023-12-06 18:05:00.536 INFO: Epoch 676: loss=61.0022, RMSE_E_per_atom=8.2 meV, RMSE_F=780.5 meV / A, RMSE_Mu_per_atom=28.72 mDebye
2023-12-06 18:05:01.114 INFO: Epoch 678: loss=61.1300, RMSE_E_per_atom=8.1 meV, RMSE_F=781.3 meV / A, RMSE_Mu_per_atom=28.68 mDebye
2023-12-06 18:05:01.681 INFO: Epoch 680: loss=61.0172, RMSE_E_per_atom=8.2 meV, RMSE_F=780.6 meV / A, RMSE_Mu_per_atom=28.69 mDebye
2023-12-06 18:05:02.245 INFO: Epoch 682: loss=60.9632, RMSE_E_per_atom=8.4 meV, RMSE_F=780.3 meV / A, RMSE_Mu_per_atom=28.68 mDebye
2023-12-06 18:05:02.811 INFO: Epoch 684: loss=61.1733, RMSE_E_per_atom=8.2 meV, RMSE_F=781.6 meV / A, RMSE_Mu_per_atom=28.68 mDebye
2023-12-06 18:05:03.387 INFO: Epoch 686: loss=60.9471, RMSE_E_per_atom=8.2 meV, RMSE_F=780.2 meV / A, RMSE_Mu_per_atom=28.67 mDebye
2023-12-06 18:05:03.959 INFO: Epoch 688: loss=60.8627, RMSE_E_per_atom=8.5 meV, RMSE_F=779.6 meV / A, RMSE_Mu_per_atom=28.70 mDebye
2023-12-06 18:05:04.537 INFO: Epoch 690: loss=61.0003, RMSE_E_per_atom=8.3 meV, RMSE_F=780.5 meV / A, RMSE_Mu_per_atom=28.69 mDebye
2023-12-06 18:05:05.113 INFO: Epoch 692: loss=61.1428, RMSE_E_per_atom=8.1 meV, RMSE_F=781.4 meV / A, RMSE_Mu_per_atom=28.71 mDebye
2023-12-06 18:05:05.680 INFO: Epoch 694: loss=60.8872, RMSE_E_per_atom=8.4 meV, RMSE_F=779.8 meV / A, RMSE_Mu_per_atom=28.69 mDebye
2023-12-06 18:05:06.254 INFO: Epoch 696: loss=61.1574, RMSE_E_per_atom=8.4 meV, RMSE_F=781.5 meV / A, RMSE_Mu_per_atom=28.69 mDebye
2023-12-06 18:05:06.826 INFO: Epoch 698: loss=61.1335, RMSE_E_per_atom=8.2 meV, RMSE_F=781.4 meV / A, RMSE_Mu_per_atom=28.65 mDebye
2023-12-06 18:05:07.397 INFO: Epoch 700: loss=60.9430, RMSE_E_per_atom=8.3 meV, RMSE_F=780.1 meV / A, RMSE_Mu_per_atom=28.65 mDebye
2023-12-06 18:05:07.967 INFO: Epoch 702: loss=61.1096, RMSE_E_per_atom=8.3 meV, RMSE_F=781.2 meV / A, RMSE_Mu_per_atom=28.67 mDebye
2023-12-06 18:05:08.537 INFO: Epoch 704: loss=60.9871, RMSE_E_per_atom=8.2 meV, RMSE_F=780.4 meV / A, RMSE_Mu_per_atom=28.64 mDebye
2023-12-06 18:05:09.102 INFO: Epoch 706: loss=60.9544, RMSE_E_per_atom=8.4 meV, RMSE_F=780.2 meV / A, RMSE_Mu_per_atom=28.67 mDebye
2023-12-06 18:05:09.667 INFO: Epoch 708: loss=61.0965, RMSE_E_per_atom=8.2 meV, RMSE_F=781.1 meV / A, RMSE_Mu_per_atom=28.65 mDebye
2023-12-06 18:05:10.235 INFO: Epoch 710: loss=61.0272, RMSE_E_per_atom=8.4 meV, RMSE_F=780.7 meV / A, RMSE_Mu_per_atom=28.64 mDebye
2023-12-06 18:05:10.807 INFO: Epoch 712: loss=61.0215, RMSE_E_per_atom=8.3 meV, RMSE_F=780.6 meV / A, RMSE_Mu_per_atom=28.65 mDebye
2023-12-06 18:05:11.373 INFO: Epoch 714: loss=61.0508, RMSE_E_per_atom=8.4 meV, RMSE_F=780.8 meV / A, RMSE_Mu_per_atom=28.67 mDebye
2023-12-06 18:05:11.943 INFO: Epoch 716: loss=61.1434, RMSE_E_per_atom=8.2 meV, RMSE_F=781.4 meV / A, RMSE_Mu_per_atom=28.68 mDebye
2023-12-06 18:05:12.513 INFO: Epoch 718: loss=60.8609, RMSE_E_per_atom=8.4 meV, RMSE_F=779.6 meV / A, RMSE_Mu_per_atom=28.67 mDebye
2023-12-06 18:05:13.079 INFO: Epoch 720: loss=61.0790, RMSE_E_per_atom=8.2 meV, RMSE_F=781.0 meV / A, RMSE_Mu_per_atom=28.64 mDebye
2023-12-06 18:05:13.648 INFO: Epoch 722: loss=61.0745, RMSE_E_per_atom=8.4 meV, RMSE_F=781.0 meV / A, RMSE_Mu_per_atom=28.62 mDebye
2023-12-06 18:05:14.211 INFO: Epoch 724: loss=61.0555, RMSE_E_per_atom=8.3 meV, RMSE_F=780.9 meV / A, RMSE_Mu_per_atom=28.61 mDebye
2023-12-06 18:05:14.780 INFO: Epoch 726: loss=61.1110, RMSE_E_per_atom=8.2 meV, RMSE_F=781.2 meV / A, RMSE_Mu_per_atom=28.63 mDebye
2023-12-06 18:05:15.351 INFO: Epoch 728: loss=61.0029, RMSE_E_per_atom=8.5 meV, RMSE_F=780.5 meV / A, RMSE_Mu_per_atom=28.63 mDebye
2023-12-06 18:05:15.920 INFO: Epoch 730: loss=61.0806, RMSE_E_per_atom=8.2 meV, RMSE_F=781.0 meV / A, RMSE_Mu_per_atom=28.62 mDebye
2023-12-06 18:05:16.488 INFO: Epoch 732: loss=61.0576, RMSE_E_per_atom=8.3 meV, RMSE_F=780.9 meV / A, RMSE_Mu_per_atom=28.61 mDebye
2023-12-06 18:05:17.058 INFO: Epoch 734: loss=61.1249, RMSE_E_per_atom=8.4 meV, RMSE_F=781.3 meV / A, RMSE_Mu_per_atom=28.64 mDebye
2023-12-06 18:05:17.624 INFO: Epoch 736: loss=61.0376, RMSE_E_per_atom=8.2 meV, RMSE_F=780.7 meV / A, RMSE_Mu_per_atom=28.60 mDebye
2023-12-06 18:05:18.190 INFO: Epoch 738: loss=61.0064, RMSE_E_per_atom=8.4 meV, RMSE_F=780.5 meV / A, RMSE_Mu_per_atom=28.61 mDebye
2023-12-06 18:05:18.754 INFO: Epoch 740: loss=61.1386, RMSE_E_per_atom=8.2 meV, RMSE_F=781.4 meV / A, RMSE_Mu_per_atom=28.59 mDebye
2023-12-06 18:05:19.319 INFO: Epoch 742: loss=61.0064, RMSE_E_per_atom=8.4 meV, RMSE_F=780.5 meV / A, RMSE_Mu_per_atom=28.61 mDebye
2023-12-06 18:05:19.883 INFO: Epoch 744: loss=61.1191, RMSE_E_per_atom=8.1 meV, RMSE_F=781.3 meV / A, RMSE_Mu_per_atom=28.59 mDebye
2023-12-06 18:05:20.447 INFO: Epoch 746: loss=61.0309, RMSE_E_per_atom=8.5 meV, RMSE_F=780.7 meV / A, RMSE_Mu_per_atom=28.60 mDebye
2023-12-06 18:05:21.013 INFO: Epoch 748: loss=61.0687, RMSE_E_per_atom=8.2 meV, RMSE_F=780.9 meV / A, RMSE_Mu_per_atom=28.60 mDebye
2023-12-06 18:05:21.578 INFO: Epoch 750: loss=61.0240, RMSE_E_per_atom=8.2 meV, RMSE_F=780.7 meV / A, RMSE_Mu_per_atom=28.61 mDebye
2023-12-06 18:05:22.145 INFO: Epoch 752: loss=61.1062, RMSE_E_per_atom=8.3 meV, RMSE_F=781.2 meV / A, RMSE_Mu_per_atom=28.61 mDebye
2023-12-06 18:05:22.709 INFO: Epoch 754: loss=61.0082, RMSE_E_per_atom=8.3 meV, RMSE_F=780.6 meV / A, RMSE_Mu_per_atom=28.60 mDebye
2023-12-06 18:05:23.274 INFO: Epoch 756: loss=61.0935, RMSE_E_per_atom=8.2 meV, RMSE_F=781.1 meV / A, RMSE_Mu_per_atom=28.57 mDebye
2023-12-06 18:05:23.838 INFO: Epoch 758: loss=61.1732, RMSE_E_per_atom=8.3 meV, RMSE_F=781.6 meV / A, RMSE_Mu_per_atom=28.54 mDebye
2023-12-06 18:05:24.401 INFO: Epoch 760: loss=61.0229, RMSE_E_per_atom=8.2 meV, RMSE_F=780.7 meV / A, RMSE_Mu_per_atom=28.52 mDebye
2023-12-06 18:05:24.967 INFO: Epoch 762: loss=61.0987, RMSE_E_per_atom=8.3 meV, RMSE_F=781.1 meV / A, RMSE_Mu_per_atom=28.56 mDebye
2023-12-06 18:05:25.531 INFO: Epoch 764: loss=61.1508, RMSE_E_per_atom=8.2 meV, RMSE_F=781.5 meV / A, RMSE_Mu_per_atom=28.55 mDebye
2023-12-06 18:05:26.095 INFO: Epoch 766: loss=61.0284, RMSE_E_per_atom=8.2 meV, RMSE_F=780.7 meV / A, RMSE_Mu_per_atom=28.58 mDebye
2023-12-06 18:05:26.660 INFO: Epoch 768: loss=61.1306, RMSE_E_per_atom=8.3 meV, RMSE_F=781.3 meV / A, RMSE_Mu_per_atom=28.62 mDebye
2023-12-06 18:05:27.224 INFO: Epoch 770: loss=61.1145, RMSE_E_per_atom=8.3 meV, RMSE_F=781.2 meV / A, RMSE_Mu_per_atom=28.61 mDebye
2023-12-06 18:05:27.791 INFO: Epoch 772: loss=61.1074, RMSE_E_per_atom=8.2 meV, RMSE_F=781.2 meV / A, RMSE_Mu_per_atom=28.61 mDebye
2023-12-06 18:05:28.357 INFO: Epoch 774: loss=61.0823, RMSE_E_per_atom=8.3 meV, RMSE_F=781.0 meV / A, RMSE_Mu_per_atom=28.60 mDebye
2023-12-06 18:05:28.922 INFO: Epoch 776: loss=61.1108, RMSE_E_per_atom=8.1 meV, RMSE_F=781.2 meV / A, RMSE_Mu_per_atom=28.54 mDebye
2023-12-06 18:05:29.486 INFO: Epoch 778: loss=61.1628, RMSE_E_per_atom=8.2 meV, RMSE_F=781.5 meV / A, RMSE_Mu_per_atom=28.54 mDebye
2023-12-06 18:05:30.053 INFO: Epoch 780: loss=61.0774, RMSE_E_per_atom=8.2 meV, RMSE_F=781.0 meV / A, RMSE_Mu_per_atom=28.53 mDebye
2023-12-06 18:05:30.620 INFO: Epoch 782: loss=61.1505, RMSE_E_per_atom=8.3 meV, RMSE_F=781.5 meV / A, RMSE_Mu_per_atom=28.55 mDebye
2023-12-06 18:05:31.194 INFO: Epoch 784: loss=61.0990, RMSE_E_per_atom=8.1 meV, RMSE_F=781.1 meV / A, RMSE_Mu_per_atom=28.54 mDebye
2023-12-06 18:05:31.767 INFO: Epoch 786: loss=61.1243, RMSE_E_per_atom=8.3 meV, RMSE_F=781.3 meV / A, RMSE_Mu_per_atom=28.55 mDebye
2023-12-06 18:05:32.338 INFO: Epoch 788: loss=61.0669, RMSE_E_per_atom=8.2 meV, RMSE_F=780.9 meV / A, RMSE_Mu_per_atom=28.56 mDebye
2023-12-06 18:05:32.906 INFO: Epoch 790: loss=61.1492, RMSE_E_per_atom=8.2 meV, RMSE_F=781.5 meV / A, RMSE_Mu_per_atom=28.53 mDebye
2023-12-06 18:05:33.476 INFO: Epoch 792: loss=61.1706, RMSE_E_per_atom=8.1 meV, RMSE_F=781.6 meV / A, RMSE_Mu_per_atom=28.55 mDebye
2023-12-06 18:05:34.047 INFO: Epoch 794: loss=61.0985, RMSE_E_per_atom=8.1 meV, RMSE_F=781.1 meV / A, RMSE_Mu_per_atom=28.54 mDebye
2023-12-06 18:05:34.623 INFO: Epoch 796: loss=61.0640, RMSE_E_per_atom=8.3 meV, RMSE_F=780.9 meV / A, RMSE_Mu_per_atom=28.53 mDebye
2023-12-06 18:05:35.202 INFO: Epoch 798: loss=61.1495, RMSE_E_per_atom=8.0 meV, RMSE_F=781.5 meV / A, RMSE_Mu_per_atom=28.54 mDebye
2023-12-06 18:05:35.483 INFO: Changing loss based on SWA
2023-12-06 18:05:35.784 INFO: Epoch 800: loss=60.9219, RMSE_E_per_atom=2.9 meV, RMSE_F=779.9 meV / A, RMSE_Mu_per_atom=28.52 mDebye
2023-12-06 18:05:36.628 INFO: Epoch 802: loss=60.9357, RMSE_E_per_atom=5.5 meV, RMSE_F=779.9 meV / A, RMSE_Mu_per_atom=28.55 mDebye
2023-12-06 18:05:37.210 INFO: Epoch 804: loss=60.3084, RMSE_E_per_atom=11.3 meV, RMSE_F=775.2 meV / A, RMSE_Mu_per_atom=28.59 mDebye
2023-12-06 18:05:38.077 INFO: Epoch 806: loss=60.3461, RMSE_E_per_atom=10.0 meV, RMSE_F=775.7 meV / A, RMSE_Mu_per_atom=28.57 mDebye
2023-12-06 18:05:38.665 INFO: Epoch 808: loss=60.5114, RMSE_E_per_atom=6.2 meV, RMSE_F=777.1 meV / A, RMSE_Mu_per_atom=28.55 mDebye
2023-12-06 18:05:39.292 INFO: Epoch 810: loss=60.4814, RMSE_E_per_atom=9.4 meV, RMSE_F=776.6 meV / A, RMSE_Mu_per_atom=28.48 mDebye
2023-12-06 18:05:39.935 INFO: Epoch 812: loss=60.3062, RMSE_E_per_atom=5.8 meV, RMSE_F=775.8 meV / A, RMSE_Mu_per_atom=28.48 mDebye
2023-12-06 18:05:40.897 INFO: Epoch 814: loss=60.3335, RMSE_E_per_atom=12.1 meV, RMSE_F=775.3 meV / A, RMSE_Mu_per_atom=28.56 mDebye
2023-12-06 18:05:41.495 INFO: Epoch 816: loss=60.2018, RMSE_E_per_atom=9.1 meV, RMSE_F=774.8 meV / A, RMSE_Mu_per_atom=28.61 mDebye
2023-12-06 18:05:42.341 INFO: Epoch 818: loss=60.0532, RMSE_E_per_atom=9.2 meV, RMSE_F=773.9 meV / A, RMSE_Mu_per_atom=28.57 mDebye
2023-12-06 18:05:43.189 INFO: Epoch 820: loss=60.5734, RMSE_E_per_atom=6.8 meV, RMSE_F=777.5 meV / A, RMSE_Mu_per_atom=28.55 mDebye
2023-12-06 18:05:43.770 INFO: Epoch 822: loss=60.5149, RMSE_E_per_atom=6.0 meV, RMSE_F=777.2 meV / A, RMSE_Mu_per_atom=28.52 mDebye
2023-12-06 18:05:44.413 INFO: Epoch 824: loss=60.1725, RMSE_E_per_atom=6.4 meV, RMSE_F=774.9 meV / A, RMSE_Mu_per_atom=28.56 mDebye
2023-12-06 18:05:44.987 INFO: Epoch 826: loss=60.2298, RMSE_E_per_atom=5.2 meV, RMSE_F=775.4 meV / A, RMSE_Mu_per_atom=28.54 mDebye
2023-12-06 18:05:45.576 INFO: Epoch 828: loss=60.5016, RMSE_E_per_atom=7.0 meV, RMSE_F=777.0 meV / A, RMSE_Mu_per_atom=28.56 mDebye
2023-12-06 18:05:46.207 INFO: Epoch 830: loss=59.8992, RMSE_E_per_atom=9.4 meV, RMSE_F=772.8 meV / A, RMSE_Mu_per_atom=28.56 mDebye
2023-12-06 18:05:47.162 INFO: Epoch 832: loss=60.0052, RMSE_E_per_atom=7.8 meV, RMSE_F=773.7 meV / A, RMSE_Mu_per_atom=28.54 mDebye
2023-12-06 18:05:47.829 INFO: Epoch 834: loss=60.5339, RMSE_E_per_atom=7.8 meV, RMSE_F=777.1 meV / A, RMSE_Mu_per_atom=28.54 mDebye
2023-12-06 18:05:48.484 INFO: Epoch 836: loss=60.1730, RMSE_E_per_atom=14.1 meV, RMSE_F=773.9 meV / A, RMSE_Mu_per_atom=28.59 mDebye
2023-12-06 18:05:49.078 INFO: Epoch 838: loss=59.6516, RMSE_E_per_atom=6.6 meV, RMSE_F=771.5 meV / A, RMSE_Mu_per_atom=28.56 mDebye
2023-12-06 18:05:49.935 INFO: Epoch 840: loss=59.7615, RMSE_E_per_atom=7.5 meV, RMSE_F=772.2 meV / A, RMSE_Mu_per_atom=28.56 mDebye
2023-12-06 18:05:50.544 INFO: Epoch 842: loss=60.4064, RMSE_E_per_atom=8.5 meV, RMSE_F=776.2 meV / A, RMSE_Mu_per_atom=28.52 mDebye
2023-12-06 18:05:51.118 INFO: Epoch 844: loss=60.4283, RMSE_E_per_atom=3.3 meV, RMSE_F=776.8 meV / A, RMSE_Mu_per_atom=28.50 mDebye
2023-12-06 18:05:51.689 INFO: Epoch 846: loss=60.5690, RMSE_E_per_atom=13.0 meV, RMSE_F=776.7 meV / A, RMSE_Mu_per_atom=28.51 mDebye
2023-12-06 18:05:52.262 INFO: Epoch 848: loss=59.7433, RMSE_E_per_atom=11.4 meV, RMSE_F=771.6 meV / A, RMSE_Mu_per_atom=28.54 mDebye
2023-12-06 18:05:52.842 INFO: Epoch 850: loss=58.9892, RMSE_E_per_atom=12.1 meV, RMSE_F=766.6 meV / A, RMSE_Mu_per_atom=28.48 mDebye
2023-12-06 18:05:53.695 INFO: Epoch 852: loss=60.0465, RMSE_E_per_atom=9.6 meV, RMSE_F=773.8 meV / A, RMSE_Mu_per_atom=28.49 mDebye
2023-12-06 18:05:54.266 INFO: Epoch 854: loss=60.0078, RMSE_E_per_atom=8.3 meV, RMSE_F=773.7 meV / A, RMSE_Mu_per_atom=28.54 mDebye
2023-12-06 18:05:54.839 INFO: Epoch 856: loss=59.7642, RMSE_E_per_atom=6.0 meV, RMSE_F=772.3 meV / A, RMSE_Mu_per_atom=28.52 mDebye
2023-12-06 18:05:55.411 INFO: Epoch 858: loss=60.6301, RMSE_E_per_atom=3.6 meV, RMSE_F=778.0 meV / A, RMSE_Mu_per_atom=28.51 mDebye
2023-12-06 18:05:55.983 INFO: Epoch 860: loss=59.9614, RMSE_E_per_atom=8.1 meV, RMSE_F=773.4 meV / A, RMSE_Mu_per_atom=28.50 mDebye
2023-12-06 18:05:56.556 INFO: Epoch 862: loss=60.0639, RMSE_E_per_atom=6.8 meV, RMSE_F=774.2 meV / A, RMSE_Mu_per_atom=28.48 mDebye
2023-12-06 18:05:57.128 INFO: Epoch 864: loss=60.1437, RMSE_E_per_atom=4.3 meV, RMSE_F=774.9 meV / A, RMSE_Mu_per_atom=28.50 mDebye
2023-12-06 18:05:57.700 INFO: Epoch 866: loss=60.6673, RMSE_E_per_atom=3.6 meV, RMSE_F=778.3 meV / A, RMSE_Mu_per_atom=28.46 mDebye
2023-12-06 18:05:58.272 INFO: Epoch 868: loss=60.2948, RMSE_E_per_atom=3.3 meV, RMSE_F=775.9 meV / A, RMSE_Mu_per_atom=28.44 mDebye
2023-12-06 18:05:58.845 INFO: Epoch 870: loss=60.2266, RMSE_E_per_atom=5.4 meV, RMSE_F=775.3 meV / A, RMSE_Mu_per_atom=28.52 mDebye
2023-12-06 18:05:59.418 INFO: Epoch 872: loss=60.2391, RMSE_E_per_atom=3.0 meV, RMSE_F=775.6 meV / A, RMSE_Mu_per_atom=28.49 mDebye
2023-12-06 18:05:59.991 INFO: Epoch 874: loss=60.6835, RMSE_E_per_atom=4.1 meV, RMSE_F=778.4 meV / A, RMSE_Mu_per_atom=28.50 mDebye
2023-12-06 18:06:00.563 INFO: Epoch 876: loss=60.0206, RMSE_E_per_atom=5.2 meV, RMSE_F=774.0 meV / A, RMSE_Mu_per_atom=28.45 mDebye
2023-12-06 18:06:01.135 INFO: Epoch 878: loss=60.6351, RMSE_E_per_atom=5.9 meV, RMSE_F=777.9 meV / A, RMSE_Mu_per_atom=28.40 mDebye
2023-12-06 18:06:01.705 INFO: Epoch 880: loss=61.1295, RMSE_E_per_atom=3.0 meV, RMSE_F=781.3 meV / A, RMSE_Mu_per_atom=28.40 mDebye
2023-12-06 18:06:02.277 INFO: Epoch 882: loss=60.1021, RMSE_E_per_atom=3.2 meV, RMSE_F=774.7 meV / A, RMSE_Mu_per_atom=28.35 mDebye
2023-12-06 18:06:02.848 INFO: Epoch 884: loss=60.0251, RMSE_E_per_atom=3.0 meV, RMSE_F=774.2 meV / A, RMSE_Mu_per_atom=28.39 mDebye
2023-12-06 18:06:03.419 INFO: Epoch 886: loss=60.3153, RMSE_E_per_atom=3.4 meV, RMSE_F=776.0 meV / A, RMSE_Mu_per_atom=28.37 mDebye
2023-12-06 18:06:03.990 INFO: Epoch 888: loss=60.5440, RMSE_E_per_atom=3.0 meV, RMSE_F=777.5 meV / A, RMSE_Mu_per_atom=28.43 mDebye
2023-12-06 18:06:04.559 INFO: Epoch 890: loss=61.5826, RMSE_E_per_atom=3.3 meV, RMSE_F=784.2 meV / A, RMSE_Mu_per_atom=28.47 mDebye
2023-12-06 18:06:05.131 INFO: Epoch 892: loss=60.6375, RMSE_E_per_atom=3.1 meV, RMSE_F=778.1 meV / A, RMSE_Mu_per_atom=28.38 mDebye
2023-12-06 18:06:05.703 INFO: Epoch 894: loss=60.3923, RMSE_E_per_atom=3.3 meV, RMSE_F=776.5 meV / A, RMSE_Mu_per_atom=28.37 mDebye
2023-12-06 18:06:06.274 INFO: Epoch 896: loss=60.6045, RMSE_E_per_atom=3.8 meV, RMSE_F=777.9 meV / A, RMSE_Mu_per_atom=28.39 mDebye
2023-12-06 18:06:06.845 INFO: Epoch 898: loss=60.1290, RMSE_E_per_atom=7.0 meV, RMSE_F=774.6 meV / A, RMSE_Mu_per_atom=28.46 mDebye
2023-12-06 18:06:07.414 INFO: Epoch 900: loss=59.7864, RMSE_E_per_atom=4.8 meV, RMSE_F=772.5 meV / A, RMSE_Mu_per_atom=28.45 mDebye
2023-12-06 18:06:07.984 INFO: Epoch 902: loss=60.4129, RMSE_E_per_atom=4.9 meV, RMSE_F=776.6 meV / A, RMSE_Mu_per_atom=28.45 mDebye
2023-12-06 18:06:08.555 INFO: Epoch 904: loss=60.0937, RMSE_E_per_atom=6.1 meV, RMSE_F=774.4 meV / A, RMSE_Mu_per_atom=28.43 mDebye
2023-12-06 18:06:09.127 INFO: Epoch 906: loss=60.1902, RMSE_E_per_atom=4.1 meV, RMSE_F=775.2 meV / A, RMSE_Mu_per_atom=28.41 mDebye
2023-12-06 18:06:09.698 INFO: Epoch 908: loss=60.2158, RMSE_E_per_atom=4.6 meV, RMSE_F=775.3 meV / A, RMSE_Mu_per_atom=28.41 mDebye
2023-12-06 18:06:10.269 INFO: Epoch 910: loss=60.4942, RMSE_E_per_atom=4.1 meV, RMSE_F=777.2 meV / A, RMSE_Mu_per_atom=28.36 mDebye
2023-12-06 18:06:10.839 INFO: Epoch 912: loss=60.6049, RMSE_E_per_atom=4.5 meV, RMSE_F=777.8 meV / A, RMSE_Mu_per_atom=28.39 mDebye
2023-12-06 18:06:11.409 INFO: Epoch 914: loss=60.2239, RMSE_E_per_atom=4.9 meV, RMSE_F=775.4 meV / A, RMSE_Mu_per_atom=28.43 mDebye
2023-12-06 18:06:11.979 INFO: Epoch 916: loss=59.9155, RMSE_E_per_atom=4.7 meV, RMSE_F=773.4 meV / A, RMSE_Mu_per_atom=28.44 mDebye
2023-12-06 18:06:12.550 INFO: Epoch 918: loss=59.6374, RMSE_E_per_atom=4.9 meV, RMSE_F=771.6 meV / A, RMSE_Mu_per_atom=28.40 mDebye
2023-12-06 18:06:13.122 INFO: Epoch 920: loss=60.1963, RMSE_E_per_atom=3.8 meV, RMSE_F=775.3 meV / A, RMSE_Mu_per_atom=28.40 mDebye
2023-12-06 18:06:13.693 INFO: Epoch 922: loss=60.6776, RMSE_E_per_atom=4.7 meV, RMSE_F=778.3 meV / A, RMSE_Mu_per_atom=28.36 mDebye
2023-12-06 18:06:14.269 INFO: Epoch 924: loss=59.8637, RMSE_E_per_atom=5.1 meV, RMSE_F=773.0 meV / A, RMSE_Mu_per_atom=28.36 mDebye
2023-12-06 18:06:14.841 INFO: Epoch 926: loss=59.9775, RMSE_E_per_atom=4.4 meV, RMSE_F=773.8 meV / A, RMSE_Mu_per_atom=28.32 mDebye
2023-12-06 18:06:15.412 INFO: Epoch 928: loss=60.0755, RMSE_E_per_atom=3.1 meV, RMSE_F=774.5 meV / A, RMSE_Mu_per_atom=28.36 mDebye
2023-12-06 18:06:15.982 INFO: Epoch 930: loss=60.4272, RMSE_E_per_atom=4.2 meV, RMSE_F=776.7 meV / A, RMSE_Mu_per_atom=28.40 mDebye
2023-12-06 18:06:16.553 INFO: Epoch 932: loss=60.5494, RMSE_E_per_atom=4.3 meV, RMSE_F=777.5 meV / A, RMSE_Mu_per_atom=28.40 mDebye
2023-12-06 18:06:17.123 INFO: Epoch 934: loss=59.9422, RMSE_E_per_atom=4.8 meV, RMSE_F=773.6 meV / A, RMSE_Mu_per_atom=28.39 mDebye
2023-12-06 18:06:17.694 INFO: Epoch 936: loss=59.5928, RMSE_E_per_atom=5.7 meV, RMSE_F=771.2 meV / A, RMSE_Mu_per_atom=28.38 mDebye
2023-12-06 18:06:18.267 INFO: Epoch 938: loss=60.2431, RMSE_E_per_atom=4.7 meV, RMSE_F=775.5 meV / A, RMSE_Mu_per_atom=28.36 mDebye
2023-12-06 18:06:18.839 INFO: Epoch 940: loss=60.6667, RMSE_E_per_atom=3.4 meV, RMSE_F=778.3 meV / A, RMSE_Mu_per_atom=28.33 mDebye
2023-12-06 18:06:19.411 INFO: Epoch 942: loss=61.5431, RMSE_E_per_atom=3.2 meV, RMSE_F=783.9 meV / A, RMSE_Mu_per_atom=28.35 mDebye
2023-12-06 18:06:19.984 INFO: Epoch 944: loss=60.4511, RMSE_E_per_atom=3.3 meV, RMSE_F=776.9 meV / A, RMSE_Mu_per_atom=28.28 mDebye
2023-12-06 18:06:20.555 INFO: Epoch 946: loss=60.5128, RMSE_E_per_atom=3.3 meV, RMSE_F=777.3 meV / A, RMSE_Mu_per_atom=28.33 mDebye
2023-12-06 18:06:21.126 INFO: Epoch 948: loss=59.7423, RMSE_E_per_atom=3.1 meV, RMSE_F=772.3 meV / A, RMSE_Mu_per_atom=28.32 mDebye
2023-12-06 18:06:21.695 INFO: Epoch 950: loss=61.1354, RMSE_E_per_atom=3.7 meV, RMSE_F=781.3 meV / A, RMSE_Mu_per_atom=28.30 mDebye
2023-12-06 18:06:22.267 INFO: Epoch 952: loss=60.7115, RMSE_E_per_atom=5.6 meV, RMSE_F=778.5 meV / A, RMSE_Mu_per_atom=28.28 mDebye
2023-12-06 18:06:22.847 INFO: Epoch 954: loss=59.9393, RMSE_E_per_atom=4.6 meV, RMSE_F=773.6 meV / A, RMSE_Mu_per_atom=28.27 mDebye
2023-12-06 18:06:23.422 INFO: Epoch 956: loss=59.5698, RMSE_E_per_atom=10.6 meV, RMSE_F=770.6 meV / A, RMSE_Mu_per_atom=28.34 mDebye
2023-12-06 18:06:24.002 INFO: Epoch 958: loss=59.8862, RMSE_E_per_atom=14.1 meV, RMSE_F=772.1 meV / A, RMSE_Mu_per_atom=28.35 mDebye
2023-12-06 18:06:24.575 INFO: Epoch 960: loss=59.5736, RMSE_E_per_atom=7.2 meV, RMSE_F=771.0 meV / A, RMSE_Mu_per_atom=28.33 mDebye
2023-12-06 18:06:25.146 INFO: Epoch 962: loss=60.1947, RMSE_E_per_atom=3.2 meV, RMSE_F=775.3 meV / A, RMSE_Mu_per_atom=28.29 mDebye
2023-12-06 18:06:25.717 INFO: Epoch 964: loss=61.4447, RMSE_E_per_atom=3.1 meV, RMSE_F=783.3 meV / A, RMSE_Mu_per_atom=28.34 mDebye
2023-12-06 18:06:26.285 INFO: Epoch 966: loss=60.5308, RMSE_E_per_atom=3.9 meV, RMSE_F=777.4 meV / A, RMSE_Mu_per_atom=28.28 mDebye
2023-12-06 18:06:26.854 INFO: Epoch 968: loss=60.0791, RMSE_E_per_atom=5.0 meV, RMSE_F=774.4 meV / A, RMSE_Mu_per_atom=28.34 mDebye
2023-12-06 18:06:27.423 INFO: Epoch 970: loss=59.6022, RMSE_E_per_atom=7.8 meV, RMSE_F=771.1 meV / A, RMSE_Mu_per_atom=28.38 mDebye
2023-12-06 18:06:27.993 INFO: Epoch 972: loss=59.9231, RMSE_E_per_atom=5.9 meV, RMSE_F=773.4 meV / A, RMSE_Mu_per_atom=28.36 mDebye
2023-12-06 18:06:28.562 INFO: Epoch 974: loss=60.6872, RMSE_E_per_atom=4.5 meV, RMSE_F=778.4 meV / A, RMSE_Mu_per_atom=28.33 mDebye
2023-12-06 18:06:29.134 INFO: Epoch 976: loss=60.4434, RMSE_E_per_atom=4.3 meV, RMSE_F=776.8 meV / A, RMSE_Mu_per_atom=28.27 mDebye
2023-12-06 18:06:29.705 INFO: Epoch 978: loss=60.4074, RMSE_E_per_atom=3.2 meV, RMSE_F=776.6 meV / A, RMSE_Mu_per_atom=28.24 mDebye
2023-12-06 18:06:30.278 INFO: Epoch 980: loss=59.9037, RMSE_E_per_atom=4.7 meV, RMSE_F=773.3 meV / A, RMSE_Mu_per_atom=28.25 mDebye
2023-12-06 18:06:30.851 INFO: Epoch 982: loss=60.1313, RMSE_E_per_atom=4.3 meV, RMSE_F=774.8 meV / A, RMSE_Mu_per_atom=28.26 mDebye
2023-12-06 18:06:31.422 INFO: Epoch 984: loss=60.0120, RMSE_E_per_atom=4.8 meV, RMSE_F=774.0 meV / A, RMSE_Mu_per_atom=28.30 mDebye
2023-12-06 18:06:31.992 INFO: Epoch 986: loss=60.0940, RMSE_E_per_atom=4.8 meV, RMSE_F=774.5 meV / A, RMSE_Mu_per_atom=28.26 mDebye
2023-12-06 18:06:32.562 INFO: Epoch 988: loss=60.3576, RMSE_E_per_atom=3.4 meV, RMSE_F=776.3 meV / A, RMSE_Mu_per_atom=28.25 mDebye
2023-12-06 18:06:33.133 INFO: Epoch 990: loss=60.6085, RMSE_E_per_atom=3.3 meV, RMSE_F=777.9 meV / A, RMSE_Mu_per_atom=28.25 mDebye
2023-12-06 18:06:33.702 INFO: Epoch 992: loss=60.4041, RMSE_E_per_atom=3.6 meV, RMSE_F=776.6 meV / A, RMSE_Mu_per_atom=28.25 mDebye
2023-12-06 18:06:34.272 INFO: Epoch 994: loss=60.3135, RMSE_E_per_atom=3.7 meV, RMSE_F=776.0 meV / A, RMSE_Mu_per_atom=28.19 mDebye
2023-12-06 18:06:34.846 INFO: Epoch 996: loss=60.3843, RMSE_E_per_atom=3.2 meV, RMSE_F=776.5 meV / A, RMSE_Mu_per_atom=28.22 mDebye
2023-12-06 18:06:35.418 INFO: Epoch 998: loss=60.3808, RMSE_E_per_atom=3.3 meV, RMSE_F=776.5 meV / A, RMSE_Mu_per_atom=28.28 mDebye
2023-12-06 18:06:35.693 INFO: Training complete
2023-12-06 18:06:35.694 INFO: Computing metrics for training, validation, and test sets
2023-12-06 18:06:35.696 INFO: Loading checkpoint: checkpoints/ox_es1_rattled_50x1e_run-5678_epoch-108.pt
2023-12-06 18:06:35.725 INFO: Loaded model from epoch 108
2023-12-06 18:06:35.753 INFO: Evaluating train ...
2023-12-06 18:06:35.850 INFO: Evaluating valid ...
2023-12-06 18:06:35.899 INFO: Evaluating Default ...
2023-12-06 18:06:36.013 INFO: 
+-------------+---------------------+------------------+--------------+-------------------------+---------------+
| config_type | RMSE E / meV / atom | RMSE F / meV / A | rel F RMSE % | RMSE MU / mDebye / atom | rel MU RMSE % |
+-------------+---------------------+------------------+--------------+-------------------------+---------------+
|    train    |        870.2        |      429.1       |     16.6     |           20.2          |      65.0     |
|    valid    |        860.0        |      597.4       |     22.6     |           27.4          |      81.5     |
|   Default   |        869.8        |      437.1       |     16.9     |           20.6          |      65.8     |
+-------------+---------------------+------------------+--------------+-------------------------+---------------+
2023-12-06 18:06:36.013 INFO: Saving model to checkpoints/ox_es1_rattled_50x1e_run-5678.model
2023-12-06 18:06:36.514 INFO: Loading checkpoint: checkpoints/ox_es1_rattled_50x1e_run-5678_epoch-850_swa.pt
2023-12-06 18:06:36.544 INFO: Loaded model from epoch 850
2023-12-06 18:06:36.572 INFO: Evaluating train ...
2023-12-06 18:06:36.670 INFO: Evaluating valid ...
2023-12-06 18:06:36.718 INFO: Evaluating Default ...
2023-12-06 18:06:36.832 INFO: 
+-------------+---------------------+------------------+--------------+-------------------------+---------------+
| config_type | RMSE E / meV / atom | RMSE F / meV / A | rel F RMSE % | RMSE MU / mDebye / atom | rel MU RMSE % |
+-------------+---------------------+------------------+--------------+-------------------------+---------------+
|    train    |         13.4        |       33.1       |     1.3      |           15.8          |      50.8     |
|    valid    |         12.1        |      766.6       |     28.9     |           28.5          |      84.8     |
|   Default   |         13.4        |      156.7       |     6.1      |           16.5          |      52.9     |
+-------------+---------------------+------------------+--------------+-------------------------+---------------+
2023-12-06 18:06:36.832 INFO: Saving model to checkpoints/ox_es1_rattled_50x1e_run-5678_swa.model
2023-12-06 18:06:37.333 INFO: Done
