2023-12-29 00:18:32.796 INFO: MACE version: 0.2.0
2023-12-29 00:18:32.796 INFO: Configuration: Namespace(name='ox_es1_rattled_50x5b', seed=2345, log_dir='logs', model_dir='.', checkpoints_dir='checkpoints', results_dir='results', downloads_dir='downloads', device='cuda', default_dtype='float64', log_level='INFO', error_table='EnergyDipoleRMSE', model='EnergyDipolesMACE', r_max=5.0, num_radial_basis=8, num_cutoff_basis=5, interaction='RealAgnosticResidualInteractionBlock', interaction_first='RealAgnosticResidualInteractionBlock', max_ell=3, correlation=3, num_interactions=2, MLP_irreps='16x0e', radial_MLP='[64, 64, 64]', hidden_irreps='32x0e + 32x1o + 32x2e', num_channels=None, max_L=None, gate='silu', scaling='rms_forces_scaling', avg_num_neighbors=1.0, compute_avg_num_neighbors=True, compute_stress=True, compute_forces=True, train_file='ox_es1_rattled_50x5b_train.xyz', valid_file=None, valid_fraction=0.05, test_file='ox_es1_rattled_50x5b_train.xyz', E0s='{6: -1034.7672562939947, 1: -13.74018495096079, 8: -2057.26969300199}', energy_key='energy', forces_key='forces', virials_key='virials', stress_key='stress', dipole_key='dipole', charges_key='charges', loss='energy_forces_dipole', forces_weight=100.0, swa_forces_weight=100.0, energy_weight=1.0, swa_energy_weight=1000.0, virials_weight=1.0, swa_virials_weight=10.0, stress_weight=1.0, swa_stress_weight=10.0, dipole_weight=1.0, swa_dipole_weight=1.0, config_type_weights='{"Default":1.0}', huber_delta=0.01, optimizer='adam', batch_size=16, valid_batch_size=16, lr=0.01, swa_lr=0.001, weight_decay=5e-07, amsgrad=True, scheduler='ReduceLROnPlateau', lr_factor=0.8, scheduler_patience=50, lr_scheduler_gamma=0.9993, swa=True, start_swa=800, ema=False, ema_decay=0.99, max_num_epochs=1000, patience=2048, eval_interval=2, keep_checkpoints=False, restart_latest=True, save_cpu=False, clip_grad=10.0, wandb=False, wandb_project='', wandb_entity='', wandb_name='', wandb_log_hypers=['num_channels', 'max_L', 'correlation', 'lr', 'swa_lr', 'weight_decay', 'batch_size', 'max_num_epochs', 'start_swa', 'energy_weight', 'forces_weight'])
2023-12-29 00:18:32.846 INFO: CUDA version: 11.7, CUDA device: 0
2023-12-29 00:18:32.875 INFO: Loaded 90 training configurations from 'ox_es1_rattled_50x5b_train.xyz'
2023-12-29 00:18:32.875 INFO: Using random 5.0% of training set for validation
2023-12-29 00:18:32.901 INFO: Loaded 90 test configurations from 'ox_es1_rattled_50x5b_train.xyz'
2023-12-29 00:18:32.901 INFO: Total number of configurations: train=86, valid=4, tests=[Default: 90]
2023-12-29 00:18:32.901 INFO: AtomicNumberTable: (1, 6, 8)
2023-12-29 00:18:32.902 INFO: Atomic Energies not in training file, using command line argument E0s
2023-12-29 00:18:32.902 INFO: Atomic energies: [-13.74018495096079, -1034.7672562939947, -2057.26969300199]
2023-12-29 00:18:33.249 INFO: WeightedEnergyForcesDipoleLoss(energy_weight=1.000, forces_weight=100.000, dipole_weight=1.000)
2023-12-29 00:18:33.315 INFO: Average number of neighbors: 6.0
2023-12-29 00:18:33.316 INFO: Selected the following outputs: {'energy': True, 'forces': True, 'virials': False, 'stress': False, 'dipoles': True}
2023-12-29 00:18:33.316 INFO: Building model
2023-12-29 00:18:33.316 INFO: Hidden irreps: 32x0e + 32x1o + 32x2e
2023-12-29 00:18:43.301 INFO: Using stochastic weight averaging (after 800 epochs) with energy weight : 1000.0, forces weight : 100.0, dipole weight : 1.0 and learning rate : 0.001
2023-12-29 00:18:43.394 WARNING: Cannot find checkpoint with tag 'ox_es1_rattled_50x5b_run-2345' in 'checkpoints'
2023-12-29 00:18:43.394 INFO: EnergyDipolesMACE(
  (node_embedding): LinearNodeEmbeddingBlock(
    (linear): Linear(3x0e -> 32x0e | 96 weights)
  )
  (radial_embedding): RadialEmbeddingBlock(
    (bessel_fn): BesselBasis(r_max=5.0, num_basis=8, trainable=False)
    (cutoff_fn): PolynomialCutoff(p=5.0, r_max=5.0)
  )
  (spherical_harmonics): SphericalHarmonics()
  (atomic_energies_fn): AtomicEnergiesBlock(energies=[-13.7402, -1034.7673, -2057.2697])
  (interactions): ModuleList(
    (0): RealAgnosticInteractionBlock(
      (linear_up): Linear(32x0e -> 32x0e | 1024 weights)
      (conv_tp): TensorProduct(32x0e x 1x0e+1x1o+1x2e+1x3o -> 32x0e+32x1o+32x2e+32x3o | 128 paths | 128 weights)
      (conv_tp_weights): FullyConnectedNet[8, 64, 64, 64, 128]
      (linear): Linear(32x0e+32x1o+32x2e+32x3o -> 32x0e+32x1o+32x2e+32x3o | 4096 weights)
      (skip_tp): FullyConnectedTensorProduct(32x0e+32x1o+32x2e+32x3o x 3x0e -> 32x0e+32x1o+32x2e+32x3o | 12288 paths | 12288 weights)
      (reshape): reshape_irreps()
    )
    (1): RealAgnosticResidualInteractionBlock(
      (linear_up): Linear(32x0e+32x1o+32x2e -> 32x0e+32x1o+32x2e | 3072 weights)
      (conv_tp): TensorProduct(32x0e+32x1o+32x2e x 1x0e+1x1o+1x2e+1x3o -> 96x0e+160x1o+160x2e+128x3o | 544 paths | 544 weights)
      (conv_tp_weights): FullyConnectedNet[8, 64, 64, 64, 544]
      (linear): Linear(96x0e+160x1o+160x2e+128x3o -> 32x0e+32x1o+32x2e+32x3o | 17408 weights)
      (skip_tp): FullyConnectedTensorProduct(32x0e+32x1o+32x2e x 3x0e -> 32x0e+32x1o | 6144 paths | 6144 weights)
      (reshape): reshape_irreps()
    )
  )
  (products): ModuleList(
    (0): EquivariantProductBasisBlock(
      (symmetric_contractions): SymmetricContraction(
        (contractions): ModuleList(
          (0): Contraction(
            (contractions_weighting): ModuleList(
              (0-1): 2 x GraphModule()
            )
            (contractions_features): ModuleList(
              (0-1): 2 x GraphModule()
            )
            (weights): ParameterList(
                (0): Parameter containing: [torch.float64 of size 3x4x32 (GPU 0)]
                (1): Parameter containing: [torch.float64 of size 3x1x32 (GPU 0)]
            )
            (graph_opt_main): GraphModule()
          )
          (1): Contraction(
            (contractions_weighting): ModuleList(
              (0-1): 2 x GraphModule()
            )
            (contractions_features): ModuleList(
              (0-1): 2 x GraphModule()
            )
            (weights): ParameterList(
                (0): Parameter containing: [torch.float64 of size 3x6x32 (GPU 0)]
                (1): Parameter containing: [torch.float64 of size 3x1x32 (GPU 0)]
            )
            (graph_opt_main): GraphModule()
          )
          (2): Contraction(
            (contractions_weighting): ModuleList(
              (0-1): 2 x GraphModule()
            )
            (contractions_features): ModuleList(
              (0-1): 2 x GraphModule()
            )
            (weights): ParameterList(
                (0): Parameter containing: [torch.float64 of size 3x7x32 (GPU 0)]
                (1): Parameter containing: [torch.float64 of size 3x1x32 (GPU 0)]
            )
            (graph_opt_main): GraphModule()
          )
        )
      )
      (linear): Linear(32x0e+32x1o+32x2e -> 32x0e+32x1o+32x2e | 3072 weights)
    )
    (1): EquivariantProductBasisBlock(
      (symmetric_contractions): SymmetricContraction(
        (contractions): ModuleList(
          (0): Contraction(
            (contractions_weighting): ModuleList(
              (0-1): 2 x GraphModule()
            )
            (contractions_features): ModuleList(
              (0-1): 2 x GraphModule()
            )
            (weights): ParameterList(
                (0): Parameter containing: [torch.float64 of size 3x4x32 (GPU 0)]
                (1): Parameter containing: [torch.float64 of size 3x1x32 (GPU 0)]
            )
            (graph_opt_main): GraphModule()
          )
          (1): Contraction(
            (contractions_weighting): ModuleList(
              (0-1): 2 x GraphModule()
            )
            (contractions_features): ModuleList(
              (0-1): 2 x GraphModule()
            )
            (weights): ParameterList(
                (0): Parameter containing: [torch.float64 of size 3x6x32 (GPU 0)]
                (1): Parameter containing: [torch.float64 of size 3x1x32 (GPU 0)]
            )
            (graph_opt_main): GraphModule()
          )
        )
      )
      (linear): Linear(32x0e+32x1o -> 32x0e+32x1o | 2048 weights)
    )
  )
  (readouts): ModuleList(
    (0): LinearDipoleReadoutBlock(
      (linear): Linear(32x0e+32x1o+32x2e -> 1x0e+1x1o | 64 weights)
    )
    (1): NonLinearDipoleReadoutBlock(
      (equivariant_nonlin): Gate (16x0e -> 16x0e)
      (linear_1): Linear(32x0e+32x1o -> 16x0e | 512 weights)
      (linear_2): Linear(16x0e -> 1x0e+1x1o | 16 weights)
    )
  )
)
2023-12-29 00:18:43.399 INFO: Number of parameters: 133776
2023-12-29 00:18:43.399 INFO: Optimizer: Adam (
Parameter Group 0
    amsgrad: True
    betas: (0.9, 0.999)
    capturable: False
    differentiable: False
    eps: 1e-08
    foreach: None
    fused: None
    initial_lr: 0.01
    lr: 0.01
    maximize: False
    name: embedding
    swa_lr: 0.001
    weight_decay: 0.0

Parameter Group 1
    amsgrad: True
    betas: (0.9, 0.999)
    capturable: False
    differentiable: False
    eps: 1e-08
    foreach: None
    fused: None
    initial_lr: 0.01
    lr: 0.01
    maximize: False
    name: interactions_decay
    swa_lr: 0.001
    weight_decay: 5e-07

Parameter Group 2
    amsgrad: True
    betas: (0.9, 0.999)
    capturable: False
    differentiable: False
    eps: 1e-08
    foreach: None
    fused: None
    initial_lr: 0.01
    lr: 0.01
    maximize: False
    name: interactions_no_decay
    swa_lr: 0.001
    weight_decay: 0.0

Parameter Group 3
    amsgrad: True
    betas: (0.9, 0.999)
    capturable: False
    differentiable: False
    eps: 1e-08
    foreach: None
    fused: None
    initial_lr: 0.01
    lr: 0.01
    maximize: False
    name: products
    swa_lr: 0.001
    weight_decay: 5e-07

Parameter Group 4
    amsgrad: True
    betas: (0.9, 0.999)
    capturable: False
    differentiable: False
    eps: 1e-08
    foreach: None
    fused: None
    initial_lr: 0.01
    lr: 0.01
    maximize: False
    name: readouts
    swa_lr: 0.001
    weight_decay: 0.0
)
2023-12-29 00:18:43.399 INFO: Using gradient clipping with tolerance=10.000
2023-12-29 00:18:43.399 INFO: Started training
2023-12-29 00:18:55.892 INFO: Epoch 0: loss=565.4829, RMSE_E_per_atom=1125.2 meV, RMSE_F=2375.1 meV / A, RMSE_Mu_per_atom=31.74 mDebye
2023-12-29 00:18:58.199 INFO: Epoch 2: loss=355.5930, RMSE_E_per_atom=1682.2 meV, RMSE_F=1877.9 meV / A, RMSE_Mu_per_atom=33.49 mDebye
2023-12-29 00:18:59.372 INFO: Epoch 4: loss=195.4810, RMSE_E_per_atom=1347.5 meV, RMSE_F=1391.2 meV / A, RMSE_Mu_per_atom=34.05 mDebye
2023-12-29 00:19:00.542 INFO: Epoch 6: loss=159.6240, RMSE_E_per_atom=1696.5 meV, RMSE_F=1250.2 meV / A, RMSE_Mu_per_atom=66.55 mDebye
2023-12-29 00:19:01.713 INFO: Epoch 8: loss=111.5024, RMSE_E_per_atom=1732.8 meV, RMSE_F=1040.8 meV / A, RMSE_Mu_per_atom=41.09 mDebye
2023-12-29 00:19:02.882 INFO: Epoch 10: loss=61.4932, RMSE_E_per_atom=1710.5 meV, RMSE_F=764.2 meV / A, RMSE_Mu_per_atom=41.75 mDebye
2023-12-29 00:19:04.057 INFO: Epoch 12: loss=45.1824, RMSE_E_per_atom=1707.2 meV, RMSE_F=648.4 meV / A, RMSE_Mu_per_atom=47.32 mDebye
2023-12-29 00:19:05.229 INFO: Epoch 14: loss=69.8622, RMSE_E_per_atom=1714.3 meV, RMSE_F=817.0 meV / A, RMSE_Mu_per_atom=42.34 mDebye
2023-12-29 00:19:06.136 INFO: Epoch 16: loss=55.3735, RMSE_E_per_atom=1594.9 meV, RMSE_F=725.7 meV / A, RMSE_Mu_per_atom=41.07 mDebye
2023-12-29 00:19:07.045 INFO: Epoch 18: loss=26.7582, RMSE_E_per_atom=1512.9 meV, RMSE_F=493.0 meV / A, RMSE_Mu_per_atom=40.06 mDebye
2023-12-29 00:19:08.218 INFO: Epoch 20: loss=37.7196, RMSE_E_per_atom=1379.0 meV, RMSE_F=597.3 meV / A, RMSE_Mu_per_atom=37.81 mDebye
2023-12-29 00:19:09.127 INFO: Epoch 22: loss=28.2887, RMSE_E_per_atom=1307.4 meV, RMSE_F=514.0 meV / A, RMSE_Mu_per_atom=39.64 mDebye
2023-12-29 00:19:10.033 INFO: Epoch 24: loss=36.7835, RMSE_E_per_atom=1255.1 meV, RMSE_F=592.2 meV / A, RMSE_Mu_per_atom=37.02 mDebye
2023-12-29 00:19:10.940 INFO: Epoch 26: loss=46.8343, RMSE_E_per_atom=1137.8 meV, RMSE_F=673.9 meV / A, RMSE_Mu_per_atom=34.88 mDebye
2023-12-29 00:19:11.852 INFO: Epoch 28: loss=28.1130, RMSE_E_per_atom=1089.2 meV, RMSE_F=517.8 meV / A, RMSE_Mu_per_atom=33.71 mDebye
2023-12-29 00:19:12.765 INFO: Epoch 30: loss=33.8347, RMSE_E_per_atom=1077.0 meV, RMSE_F=570.7 meV / A, RMSE_Mu_per_atom=32.72 mDebye
2023-12-29 00:19:13.678 INFO: Epoch 32: loss=35.2535, RMSE_E_per_atom=1121.5 meV, RMSE_F=582.2 meV / A, RMSE_Mu_per_atom=31.94 mDebye
2023-12-29 00:19:14.591 INFO: Epoch 34: loss=27.2984, RMSE_E_per_atom=1054.5 meV, RMSE_F=510.8 meV / A, RMSE_Mu_per_atom=31.55 mDebye
2023-12-29 00:19:15.503 INFO: Epoch 36: loss=25.3098, RMSE_E_per_atom=1051.5 meV, RMSE_F=490.9 meV / A, RMSE_Mu_per_atom=32.00 mDebye
2023-12-29 00:19:16.682 INFO: Epoch 38: loss=21.5921, RMSE_E_per_atom=1010.2 meV, RMSE_F=452.5 meV / A, RMSE_Mu_per_atom=31.14 mDebye
2023-12-29 00:19:17.859 INFO: Epoch 40: loss=43.5301, RMSE_E_per_atom=999.1 meV, RMSE_F=651.5 meV / A, RMSE_Mu_per_atom=30.11 mDebye
2023-12-29 00:19:18.779 INFO: Epoch 42: loss=48.9899, RMSE_E_per_atom=965.9 meV, RMSE_F=692.6 meV / A, RMSE_Mu_per_atom=28.80 mDebye
2023-12-29 00:19:19.692 INFO: Epoch 44: loss=28.0143, RMSE_E_per_atom=964.4 meV, RMSE_F=519.6 meV / A, RMSE_Mu_per_atom=29.31 mDebye
2023-12-29 00:19:20.603 INFO: Epoch 46: loss=18.1973, RMSE_E_per_atom=983.6 meV, RMSE_F=414.2 meV / A, RMSE_Mu_per_atom=27.67 mDebye
2023-12-29 00:19:21.784 INFO: Epoch 48: loss=18.8352, RMSE_E_per_atom=937.4 meV, RMSE_F=422.8 meV / A, RMSE_Mu_per_atom=28.08 mDebye
2023-12-29 00:19:22.702 INFO: Epoch 50: loss=18.6549, RMSE_E_per_atom=881.0 meV, RMSE_F=422.0 meV / A, RMSE_Mu_per_atom=26.90 mDebye
2023-12-29 00:19:23.618 INFO: Epoch 52: loss=21.6716, RMSE_E_per_atom=808.6 meV, RMSE_F=457.6 meV / A, RMSE_Mu_per_atom=27.65 mDebye
2023-12-29 00:19:24.542 INFO: Epoch 54: loss=20.4756, RMSE_E_per_atom=847.2 meV, RMSE_F=443.7 meV / A, RMSE_Mu_per_atom=26.01 mDebye
2023-12-29 00:19:25.472 INFO: Epoch 56: loss=25.0188, RMSE_E_per_atom=856.5 meV, RMSE_F=492.2 meV / A, RMSE_Mu_per_atom=25.11 mDebye
2023-12-29 00:19:26.388 INFO: Epoch 58: loss=17.2447, RMSE_E_per_atom=901.0 meV, RMSE_F=404.5 meV / A, RMSE_Mu_per_atom=26.28 mDebye
2023-12-29 00:19:27.581 INFO: Epoch 60: loss=20.2450, RMSE_E_per_atom=831.4 meV, RMSE_F=441.5 meV / A, RMSE_Mu_per_atom=25.48 mDebye
2023-12-29 00:19:28.499 INFO: Epoch 62: loss=16.5971, RMSE_E_per_atom=754.0 meV, RMSE_F=399.5 meV / A, RMSE_Mu_per_atom=26.45 mDebye
2023-12-29 00:19:29.680 INFO: Epoch 64: loss=16.9026, RMSE_E_per_atom=798.6 meV, RMSE_F=402.5 meV / A, RMSE_Mu_per_atom=24.86 mDebye
2023-12-29 00:19:30.597 INFO: Epoch 66: loss=25.0195, RMSE_E_per_atom=763.6 meV, RMSE_F=493.7 meV / A, RMSE_Mu_per_atom=25.02 mDebye
2023-12-29 00:19:31.511 INFO: Epoch 68: loss=16.1622, RMSE_E_per_atom=718.3 meV, RMSE_F=394.8 meV / A, RMSE_Mu_per_atom=25.11 mDebye
2023-12-29 00:19:32.692 INFO: Epoch 70: loss=20.1776, RMSE_E_per_atom=739.8 meV, RMSE_F=442.4 meV / A, RMSE_Mu_per_atom=25.01 mDebye
2023-12-29 00:19:33.604 INFO: Epoch 72: loss=21.5616, RMSE_E_per_atom=728.6 meV, RMSE_F=457.9 meV / A, RMSE_Mu_per_atom=25.03 mDebye
2023-12-29 00:19:34.515 INFO: Epoch 74: loss=22.4504, RMSE_E_per_atom=716.6 meV, RMSE_F=467.5 meV / A, RMSE_Mu_per_atom=28.03 mDebye
2023-12-29 00:19:35.426 INFO: Epoch 76: loss=21.7298, RMSE_E_per_atom=747.9 meV, RMSE_F=459.4 meV / A, RMSE_Mu_per_atom=25.26 mDebye
2023-12-29 00:19:36.341 INFO: Epoch 78: loss=19.2937, RMSE_E_per_atom=798.8 meV, RMSE_F=431.2 meV / A, RMSE_Mu_per_atom=24.87 mDebye
2023-12-29 00:19:37.252 INFO: Epoch 80: loss=12.6443, RMSE_E_per_atom=726.8 meV, RMSE_F=347.2 meV / A, RMSE_Mu_per_atom=24.49 mDebye
2023-12-29 00:19:38.423 INFO: Epoch 82: loss=13.2714, RMSE_E_per_atom=735.1 meV, RMSE_F=356.0 meV / A, RMSE_Mu_per_atom=24.66 mDebye
2023-12-29 00:19:39.333 INFO: Epoch 84: loss=15.8580, RMSE_E_per_atom=697.3 meV, RMSE_F=391.2 meV / A, RMSE_Mu_per_atom=25.50 mDebye
2023-12-29 00:19:40.245 INFO: Epoch 86: loss=9.2384, RMSE_E_per_atom=663.9 meV, RMSE_F=295.6 meV / A, RMSE_Mu_per_atom=23.89 mDebye
2023-12-29 00:19:41.419 INFO: Epoch 88: loss=10.0181, RMSE_E_per_atom=641.3 meV, RMSE_F=309.0 meV / A, RMSE_Mu_per_atom=23.83 mDebye
2023-12-29 00:19:42.329 INFO: Epoch 90: loss=19.9307, RMSE_E_per_atom=671.9 meV, RMSE_F=440.7 meV / A, RMSE_Mu_per_atom=23.57 mDebye
2023-12-29 00:19:43.239 INFO: Epoch 92: loss=10.7833, RMSE_E_per_atom=677.6 meV, RMSE_F=320.4 meV / A, RMSE_Mu_per_atom=23.73 mDebye
2023-12-29 00:19:44.148 INFO: Epoch 94: loss=19.0697, RMSE_E_per_atom=651.1 meV, RMSE_F=431.2 meV / A, RMSE_Mu_per_atom=23.27 mDebye
2023-12-29 00:19:45.059 INFO: Epoch 96: loss=21.8375, RMSE_E_per_atom=700.9 meV, RMSE_F=461.4 meV / A, RMSE_Mu_per_atom=23.25 mDebye
2023-12-29 00:19:46.005 INFO: Epoch 98: loss=15.5726, RMSE_E_per_atom=737.8 meV, RMSE_F=387.0 meV / A, RMSE_Mu_per_atom=23.17 mDebye
2023-12-29 00:19:46.968 INFO: Epoch 100: loss=12.2909, RMSE_E_per_atom=689.7 meV, RMSE_F=343.0 meV / A, RMSE_Mu_per_atom=23.01 mDebye
2023-12-29 00:19:47.940 INFO: Epoch 102: loss=14.1479, RMSE_E_per_atom=646.7 meV, RMSE_F=369.7 meV / A, RMSE_Mu_per_atom=24.29 mDebye
2023-12-29 00:19:48.866 INFO: Epoch 104: loss=11.4304, RMSE_E_per_atom=636.8 meV, RMSE_F=331.3 meV / A, RMSE_Mu_per_atom=22.73 mDebye
2023-12-29 00:19:49.778 INFO: Epoch 106: loss=11.8600, RMSE_E_per_atom=622.0 meV, RMSE_F=337.9 meV / A, RMSE_Mu_per_atom=24.18 mDebye
2023-12-29 00:19:50.689 INFO: Epoch 108: loss=10.0731, RMSE_E_per_atom=606.0 meV, RMSE_F=310.7 meV / A, RMSE_Mu_per_atom=22.36 mDebye
2023-12-29 00:19:51.599 INFO: Epoch 110: loss=14.7797, RMSE_E_per_atom=617.1 meV, RMSE_F=378.8 meV / A, RMSE_Mu_per_atom=22.63 mDebye
2023-12-29 00:19:52.512 INFO: Epoch 112: loss=9.9049, RMSE_E_per_atom=635.6 meV, RMSE_F=307.4 meV / A, RMSE_Mu_per_atom=22.15 mDebye
2023-12-29 00:19:53.426 INFO: Epoch 114: loss=9.8732, RMSE_E_per_atom=633.2 meV, RMSE_F=307.0 meV / A, RMSE_Mu_per_atom=22.36 mDebye
2023-12-29 00:19:54.337 INFO: Epoch 116: loss=14.1706, RMSE_E_per_atom=597.4 meV, RMSE_F=371.0 meV / A, RMSE_Mu_per_atom=22.24 mDebye
2023-12-29 00:19:55.249 INFO: Epoch 118: loss=11.1814, RMSE_E_per_atom=578.6 meV, RMSE_F=328.7 meV / A, RMSE_Mu_per_atom=20.60 mDebye
2023-12-29 00:19:56.160 INFO: Epoch 120: loss=12.7814, RMSE_E_per_atom=497.0 meV, RMSE_F=353.3 meV / A, RMSE_Mu_per_atom=22.60 mDebye
2023-12-29 00:19:57.074 INFO: Epoch 122: loss=10.0628, RMSE_E_per_atom=493.8 meV, RMSE_F=312.6 meV / A, RMSE_Mu_per_atom=21.71 mDebye
2023-12-29 00:19:57.988 INFO: Epoch 124: loss=12.3243, RMSE_E_per_atom=460.9 meV, RMSE_F=347.5 meV / A, RMSE_Mu_per_atom=19.41 mDebye
2023-12-29 00:19:58.902 INFO: Epoch 126: loss=14.9443, RMSE_E_per_atom=463.0 meV, RMSE_F=383.2 meV / A, RMSE_Mu_per_atom=21.46 mDebye
2023-12-29 00:19:59.816 INFO: Epoch 128: loss=12.3406, RMSE_E_per_atom=463.5 meV, RMSE_F=347.7 meV / A, RMSE_Mu_per_atom=18.20 mDebye
2023-12-29 00:20:00.732 INFO: Epoch 130: loss=11.0422, RMSE_E_per_atom=461.5 meV, RMSE_F=328.4 meV / A, RMSE_Mu_per_atom=21.64 mDebye
2023-12-29 00:20:01.647 INFO: Epoch 132: loss=11.9862, RMSE_E_per_atom=456.8 meV, RMSE_F=342.8 meV / A, RMSE_Mu_per_atom=16.99 mDebye
2023-12-29 00:20:02.665 INFO: Epoch 134: loss=13.4371, RMSE_E_per_atom=442.5 meV, RMSE_F=363.5 meV / A, RMSE_Mu_per_atom=17.65 mDebye
2023-12-29 00:20:03.582 INFO: Epoch 136: loss=9.3205, RMSE_E_per_atom=471.0 meV, RMSE_F=301.2 meV / A, RMSE_Mu_per_atom=16.50 mDebye
2023-12-29 00:20:04.498 INFO: Epoch 138: loss=17.4031, RMSE_E_per_atom=458.2 meV, RMSE_F=414.2 meV / A, RMSE_Mu_per_atom=19.41 mDebye
2023-12-29 00:20:05.416 INFO: Epoch 140: loss=10.8732, RMSE_E_per_atom=422.6 meV, RMSE_F=326.6 meV / A, RMSE_Mu_per_atom=16.26 mDebye
2023-12-29 00:20:06.334 INFO: Epoch 142: loss=8.9206, RMSE_E_per_atom=435.8 meV, RMSE_F=295.0 meV / A, RMSE_Mu_per_atom=17.41 mDebye
2023-12-29 00:20:07.515 INFO: Epoch 144: loss=13.6217, RMSE_E_per_atom=399.9 meV, RMSE_F=366.6 meV / A, RMSE_Mu_per_atom=15.54 mDebye
2023-12-29 00:20:08.434 INFO: Epoch 146: loss=9.4061, RMSE_E_per_atom=403.8 meV, RMSE_F=303.6 meV / A, RMSE_Mu_per_atom=15.74 mDebye
2023-12-29 00:20:09.348 INFO: Epoch 148: loss=13.9478, RMSE_E_per_atom=396.9 meV, RMSE_F=371.0 meV / A, RMSE_Mu_per_atom=15.72 mDebye
2023-12-29 00:20:10.261 INFO: Epoch 150: loss=11.7692, RMSE_E_per_atom=439.3 meV, RMSE_F=339.9 meV / A, RMSE_Mu_per_atom=15.84 mDebye
2023-12-29 00:20:11.179 INFO: Epoch 152: loss=14.3334, RMSE_E_per_atom=443.3 meV, RMSE_F=375.6 meV / A, RMSE_Mu_per_atom=17.76 mDebye
2023-12-29 00:20:12.099 INFO: Epoch 154: loss=12.6306, RMSE_E_per_atom=431.0 meV, RMSE_F=352.5 meV / A, RMSE_Mu_per_atom=14.66 mDebye
2023-12-29 00:20:13.013 INFO: Epoch 156: loss=11.2247, RMSE_E_per_atom=388.5 meV, RMSE_F=332.4 meV / A, RMSE_Mu_per_atom=16.33 mDebye
2023-12-29 00:20:13.932 INFO: Epoch 158: loss=15.3851, RMSE_E_per_atom=344.9 meV, RMSE_F=390.5 meV / A, RMSE_Mu_per_atom=14.11 mDebye
2023-12-29 00:20:14.852 INFO: Epoch 160: loss=12.3911, RMSE_E_per_atom=384.5 meV, RMSE_F=349.6 meV / A, RMSE_Mu_per_atom=15.45 mDebye
2023-12-29 00:20:15.769 INFO: Epoch 162: loss=9.8438, RMSE_E_per_atom=362.0 meV, RMSE_F=311.3 meV / A, RMSE_Mu_per_atom=14.31 mDebye
2023-12-29 00:20:16.687 INFO: Epoch 164: loss=12.0041, RMSE_E_per_atom=353.8 meV, RMSE_F=344.3 meV / A, RMSE_Mu_per_atom=15.73 mDebye
2023-12-29 00:20:17.607 INFO: Epoch 166: loss=11.6580, RMSE_E_per_atom=325.1 meV, RMSE_F=339.6 meV / A, RMSE_Mu_per_atom=14.96 mDebye
2023-12-29 00:20:18.527 INFO: Epoch 168: loss=13.6656, RMSE_E_per_atom=322.3 meV, RMSE_F=368.0 meV / A, RMSE_Mu_per_atom=13.63 mDebye
2023-12-29 00:20:19.448 INFO: Epoch 170: loss=10.2858, RMSE_E_per_atom=357.4 meV, RMSE_F=318.4 meV / A, RMSE_Mu_per_atom=14.47 mDebye
2023-12-29 00:20:20.368 INFO: Epoch 172: loss=7.2925, RMSE_E_per_atom=329.9 meV, RMSE_F=267.5 meV / A, RMSE_Mu_per_atom=17.16 mDebye
2023-12-29 00:20:21.554 INFO: Epoch 174: loss=12.6076, RMSE_E_per_atom=309.2 meV, RMSE_F=353.5 meV / A, RMSE_Mu_per_atom=13.27 mDebye
2023-12-29 00:20:22.470 INFO: Epoch 176: loss=9.4183, RMSE_E_per_atom=331.8 meV, RMSE_F=304.7 meV / A, RMSE_Mu_per_atom=15.76 mDebye
2023-12-29 00:20:23.389 INFO: Epoch 178: loss=17.4606, RMSE_E_per_atom=292.2 meV, RMSE_F=416.6 meV / A, RMSE_Mu_per_atom=14.48 mDebye
2023-12-29 00:20:24.306 INFO: Epoch 180: loss=8.8137, RMSE_E_per_atom=311.0 meV, RMSE_F=294.9 meV / A, RMSE_Mu_per_atom=15.03 mDebye
2023-12-29 00:20:25.223 INFO: Epoch 182: loss=8.7182, RMSE_E_per_atom=311.1 meV, RMSE_F=293.2 meV / A, RMSE_Mu_per_atom=14.85 mDebye
2023-12-29 00:20:26.142 INFO: Epoch 184: loss=13.3715, RMSE_E_per_atom=314.9 meV, RMSE_F=364.0 meV / A, RMSE_Mu_per_atom=16.20 mDebye
2023-12-29 00:20:27.059 INFO: Epoch 186: loss=8.9311, RMSE_E_per_atom=304.3 meV, RMSE_F=296.8 meV / A, RMSE_Mu_per_atom=16.92 mDebye
2023-12-29 00:20:27.984 INFO: Epoch 188: loss=11.8166, RMSE_E_per_atom=269.8 meV, RMSE_F=342.3 meV / A, RMSE_Mu_per_atom=16.52 mDebye
2023-12-29 00:20:28.905 INFO: Epoch 190: loss=9.5288, RMSE_E_per_atom=280.8 meV, RMSE_F=307.0 meV / A, RMSE_Mu_per_atom=14.97 mDebye
2023-12-29 00:20:29.823 INFO: Epoch 192: loss=8.3476, RMSE_E_per_atom=293.1 meV, RMSE_F=286.9 meV / A, RMSE_Mu_per_atom=17.48 mDebye
2023-12-29 00:20:30.740 INFO: Epoch 194: loss=9.7793, RMSE_E_per_atom=266.3 meV, RMSE_F=311.1 meV / A, RMSE_Mu_per_atom=17.08 mDebye
2023-12-29 00:20:31.658 INFO: Epoch 196: loss=16.0404, RMSE_E_per_atom=266.6 meV, RMSE_F=399.3 meV / A, RMSE_Mu_per_atom=16.07 mDebye
2023-12-29 00:20:32.579 INFO: Epoch 198: loss=9.8755, RMSE_E_per_atom=251.0 meV, RMSE_F=312.8 meV / A, RMSE_Mu_per_atom=16.90 mDebye
2023-12-29 00:20:33.498 INFO: Epoch 200: loss=12.5360, RMSE_E_per_atom=265.0 meV, RMSE_F=352.7 meV / A, RMSE_Mu_per_atom=15.71 mDebye
2023-12-29 00:20:34.415 INFO: Epoch 202: loss=11.8098, RMSE_E_per_atom=247.0 meV, RMSE_F=342.4 meV / A, RMSE_Mu_per_atom=15.49 mDebye
2023-12-29 00:20:35.331 INFO: Epoch 204: loss=10.6376, RMSE_E_per_atom=234.2 meV, RMSE_F=324.9 meV / A, RMSE_Mu_per_atom=16.13 mDebye
2023-12-29 00:20:36.250 INFO: Epoch 206: loss=7.5563, RMSE_E_per_atom=236.2 meV, RMSE_F=273.2 meV / A, RMSE_Mu_per_atom=18.54 mDebye
2023-12-29 00:20:37.171 INFO: Epoch 208: loss=11.5719, RMSE_E_per_atom=248.1 meV, RMSE_F=338.9 meV / A, RMSE_Mu_per_atom=16.10 mDebye
2023-12-29 00:20:38.091 INFO: Epoch 210: loss=6.9899, RMSE_E_per_atom=264.2 meV, RMSE_F=262.2 meV / A, RMSE_Mu_per_atom=21.71 mDebye
2023-12-29 00:20:39.278 INFO: Epoch 212: loss=10.9776, RMSE_E_per_atom=227.4 meV, RMSE_F=330.2 meV / A, RMSE_Mu_per_atom=15.50 mDebye
2023-12-29 00:20:40.199 INFO: Epoch 214: loss=8.5169, RMSE_E_per_atom=236.5 meV, RMSE_F=290.5 meV / A, RMSE_Mu_per_atom=14.62 mDebye
2023-12-29 00:20:41.119 INFO: Epoch 216: loss=8.7630, RMSE_E_per_atom=227.6 meV, RMSE_F=294.7 meV / A, RMSE_Mu_per_atom=16.10 mDebye
2023-12-29 00:20:42.044 INFO: Epoch 218: loss=9.0889, RMSE_E_per_atom=184.2 meV, RMSE_F=300.4 meV / A, RMSE_Mu_per_atom=17.50 mDebye
2023-12-29 00:20:42.967 INFO: Epoch 220: loss=7.7215, RMSE_E_per_atom=191.7 meV, RMSE_F=276.7 meV / A, RMSE_Mu_per_atom=17.62 mDebye
2023-12-29 00:20:43.893 INFO: Epoch 222: loss=12.1808, RMSE_E_per_atom=185.2 meV, RMSE_F=348.1 meV / A, RMSE_Mu_per_atom=17.07 mDebye
2023-12-29 00:20:44.815 INFO: Epoch 224: loss=8.6300, RMSE_E_per_atom=215.4 meV, RMSE_F=292.4 meV / A, RMSE_Mu_per_atom=18.09 mDebye
2023-12-29 00:20:45.735 INFO: Epoch 226: loss=12.6673, RMSE_E_per_atom=190.3 meV, RMSE_F=355.0 meV / A, RMSE_Mu_per_atom=16.69 mDebye
2023-12-29 00:20:46.656 INFO: Epoch 228: loss=10.8055, RMSE_E_per_atom=217.1 meV, RMSE_F=327.5 meV / A, RMSE_Mu_per_atom=17.31 mDebye
2023-12-29 00:20:47.576 INFO: Epoch 230: loss=9.1887, RMSE_E_per_atom=210.4 meV, RMSE_F=301.9 meV / A, RMSE_Mu_per_atom=17.25 mDebye
2023-12-29 00:20:48.498 INFO: Epoch 232: loss=7.2750, RMSE_E_per_atom=186.1 meV, RMSE_F=268.5 meV / A, RMSE_Mu_per_atom=17.15 mDebye
2023-12-29 00:20:49.420 INFO: Epoch 234: loss=10.0449, RMSE_E_per_atom=181.5 meV, RMSE_F=316.0 meV / A, RMSE_Mu_per_atom=16.07 mDebye
2023-12-29 00:20:50.343 INFO: Epoch 236: loss=9.4310, RMSE_E_per_atom=197.9 meV, RMSE_F=305.9 meV / A, RMSE_Mu_per_atom=18.16 mDebye
2023-12-29 00:20:51.263 INFO: Epoch 238: loss=8.9764, RMSE_E_per_atom=193.6 meV, RMSE_F=298.5 meV / A, RMSE_Mu_per_atom=16.33 mDebye
2023-12-29 00:20:52.186 INFO: Epoch 240: loss=9.1950, RMSE_E_per_atom=202.7 meV, RMSE_F=302.1 meV / A, RMSE_Mu_per_atom=16.63 mDebye
2023-12-29 00:20:53.109 INFO: Epoch 242: loss=8.3852, RMSE_E_per_atom=201.0 meV, RMSE_F=288.3 meV / A, RMSE_Mu_per_atom=18.41 mDebye
2023-12-29 00:20:54.032 INFO: Epoch 244: loss=8.9358, RMSE_E_per_atom=201.3 meV, RMSE_F=297.8 meV / A, RMSE_Mu_per_atom=16.91 mDebye
2023-12-29 00:20:54.954 INFO: Epoch 246: loss=8.7353, RMSE_E_per_atom=164.7 meV, RMSE_F=294.5 meV / A, RMSE_Mu_per_atom=19.31 mDebye
2023-12-29 00:20:55.875 INFO: Epoch 248: loss=7.6035, RMSE_E_per_atom=179.1 meV, RMSE_F=274.5 meV / A, RMSE_Mu_per_atom=18.85 mDebye
2023-12-29 00:20:56.795 INFO: Epoch 250: loss=8.3989, RMSE_E_per_atom=184.7 meV, RMSE_F=288.7 meV / A, RMSE_Mu_per_atom=17.94 mDebye
2023-12-29 00:20:57.717 INFO: Epoch 252: loss=8.3623, RMSE_E_per_atom=206.7 meV, RMSE_F=287.8 meV / A, RMSE_Mu_per_atom=18.73 mDebye
2023-12-29 00:20:58.639 INFO: Epoch 254: loss=7.8572, RMSE_E_per_atom=177.6 meV, RMSE_F=279.2 meV / A, RMSE_Mu_per_atom=17.19 mDebye
2023-12-29 00:20:59.559 INFO: Epoch 256: loss=7.1026, RMSE_E_per_atom=212.5 meV, RMSE_F=265.0 meV / A, RMSE_Mu_per_atom=19.20 mDebye
2023-12-29 00:21:00.478 INFO: Epoch 258: loss=9.3839, RMSE_E_per_atom=201.5 meV, RMSE_F=305.2 meV / A, RMSE_Mu_per_atom=16.38 mDebye
2023-12-29 00:21:01.399 INFO: Epoch 260: loss=6.8801, RMSE_E_per_atom=201.1 meV, RMSE_F=260.9 meV / A, RMSE_Mu_per_atom=17.47 mDebye
2023-12-29 00:21:02.585 INFO: Epoch 262: loss=7.3419, RMSE_E_per_atom=194.4 meV, RMSE_F=269.7 meV / A, RMSE_Mu_per_atom=18.00 mDebye
2023-12-29 00:21:03.506 INFO: Epoch 264: loss=9.0949, RMSE_E_per_atom=194.0 meV, RMSE_F=300.5 meV / A, RMSE_Mu_per_atom=17.20 mDebye
2023-12-29 00:21:04.430 INFO: Epoch 266: loss=8.2586, RMSE_E_per_atom=200.3 meV, RMSE_F=285.9 meV / A, RMSE_Mu_per_atom=20.46 mDebye
2023-12-29 00:21:05.349 INFO: Epoch 268: loss=10.1093, RMSE_E_per_atom=206.1 meV, RMSE_F=316.8 meV / A, RMSE_Mu_per_atom=17.20 mDebye
2023-12-29 00:21:06.269 INFO: Epoch 270: loss=9.4286, RMSE_E_per_atom=176.3 meV, RMSE_F=305.9 meV / A, RMSE_Mu_per_atom=20.36 mDebye
2023-12-29 00:21:07.190 INFO: Epoch 272: loss=10.1685, RMSE_E_per_atom=175.9 meV, RMSE_F=318.0 meV / A, RMSE_Mu_per_atom=16.07 mDebye
2023-12-29 00:21:08.111 INFO: Epoch 274: loss=9.2332, RMSE_E_per_atom=199.6 meV, RMSE_F=302.7 meV / A, RMSE_Mu_per_atom=16.96 mDebye
2023-12-29 00:21:09.031 INFO: Epoch 276: loss=7.9844, RMSE_E_per_atom=182.5 meV, RMSE_F=281.5 meV / A, RMSE_Mu_per_atom=16.84 mDebye
2023-12-29 00:21:09.950 INFO: Epoch 278: loss=7.9902, RMSE_E_per_atom=175.3 meV, RMSE_F=281.5 meV / A, RMSE_Mu_per_atom=19.45 mDebye
2023-12-29 00:21:10.870 INFO: Epoch 280: loss=6.5968, RMSE_E_per_atom=175.1 meV, RMSE_F=255.7 meV / A, RMSE_Mu_per_atom=16.41 mDebye
2023-12-29 00:21:12.056 INFO: Epoch 282: loss=7.3464, RMSE_E_per_atom=147.2 meV, RMSE_F=270.1 meV / A, RMSE_Mu_per_atom=17.79 mDebye
2023-12-29 00:21:12.979 INFO: Epoch 284: loss=10.4950, RMSE_E_per_atom=142.9 meV, RMSE_F=323.2 meV / A, RMSE_Mu_per_atom=16.01 mDebye
2023-12-29 00:21:13.899 INFO: Epoch 286: loss=6.6610, RMSE_E_per_atom=162.1 meV, RMSE_F=257.0 meV / A, RMSE_Mu_per_atom=17.73 mDebye
2023-12-29 00:21:14.818 INFO: Epoch 288: loss=7.3741, RMSE_E_per_atom=130.3 meV, RMSE_F=270.7 meV / A, RMSE_Mu_per_atom=17.41 mDebye
2023-12-29 00:21:15.740 INFO: Epoch 290: loss=5.9360, RMSE_E_per_atom=171.6 meV, RMSE_F=242.4 meV / A, RMSE_Mu_per_atom=17.18 mDebye
2023-12-29 00:21:16.928 INFO: Epoch 292: loss=8.8448, RMSE_E_per_atom=173.8 meV, RMSE_F=296.4 meV / A, RMSE_Mu_per_atom=17.16 mDebye
2023-12-29 00:21:17.851 INFO: Epoch 294: loss=7.9305, RMSE_E_per_atom=172.7 meV, RMSE_F=280.7 meV / A, RMSE_Mu_per_atom=15.49 mDebye
2023-12-29 00:21:18.774 INFO: Epoch 296: loss=6.6122, RMSE_E_per_atom=181.2 meV, RMSE_F=256.0 meV / A, RMSE_Mu_per_atom=16.64 mDebye
2023-12-29 00:21:19.696 INFO: Epoch 298: loss=6.2265, RMSE_E_per_atom=162.3 meV, RMSE_F=248.4 meV / A, RMSE_Mu_per_atom=17.24 mDebye
2023-12-29 00:21:20.615 INFO: Epoch 300: loss=7.6967, RMSE_E_per_atom=155.7 meV, RMSE_F=276.3 meV / A, RMSE_Mu_per_atom=19.23 mDebye
2023-12-29 00:21:21.539 INFO: Epoch 302: loss=7.1470, RMSE_E_per_atom=136.1 meV, RMSE_F=266.5 meV / A, RMSE_Mu_per_atom=16.42 mDebye
2023-12-29 00:21:22.463 INFO: Epoch 304: loss=9.4333, RMSE_E_per_atom=148.4 meV, RMSE_F=306.3 meV / A, RMSE_Mu_per_atom=17.45 mDebye
2023-12-29 00:21:23.406 INFO: Epoch 306: loss=6.3401, RMSE_E_per_atom=127.4 meV, RMSE_F=250.7 meV / A, RMSE_Mu_per_atom=19.67 mDebye
2023-12-29 00:21:24.330 INFO: Epoch 308: loss=5.2072, RMSE_E_per_atom=137.9 meV, RMSE_F=227.2 meV / A, RMSE_Mu_per_atom=16.59 mDebye
2023-12-29 00:21:25.519 INFO: Epoch 310: loss=7.4225, RMSE_E_per_atom=127.5 meV, RMSE_F=271.6 meV / A, RMSE_Mu_per_atom=17.80 mDebye
2023-12-29 00:21:26.442 INFO: Epoch 312: loss=6.4954, RMSE_E_per_atom=115.0 meV, RMSE_F=253.8 meV / A, RMSE_Mu_per_atom=19.97 mDebye
2023-12-29 00:21:27.365 INFO: Epoch 314: loss=6.3882, RMSE_E_per_atom=136.6 meV, RMSE_F=251.8 meV / A, RMSE_Mu_per_atom=17.61 mDebye
2023-12-29 00:21:28.289 INFO: Epoch 316: loss=8.2517, RMSE_E_per_atom=130.5 meV, RMSE_F=286.1 meV / A, RMSE_Mu_per_atom=22.31 mDebye
2023-12-29 00:21:29.213 INFO: Epoch 318: loss=6.8959, RMSE_E_per_atom=136.9 meV, RMSE_F=261.8 meV / A, RMSE_Mu_per_atom=14.59 mDebye
2023-12-29 00:21:30.137 INFO: Epoch 320: loss=4.8595, RMSE_E_per_atom=153.9 meV, RMSE_F=219.2 meV / A, RMSE_Mu_per_atom=18.17 mDebye
2023-12-29 00:21:31.325 INFO: Epoch 322: loss=6.8267, RMSE_E_per_atom=146.5 meV, RMSE_F=260.4 meV / A, RMSE_Mu_per_atom=16.02 mDebye
2023-12-29 00:21:32.252 INFO: Epoch 324: loss=6.5805, RMSE_E_per_atom=149.2 meV, RMSE_F=255.4 meV / A, RMSE_Mu_per_atom=19.14 mDebye
2023-12-29 00:21:33.177 INFO: Epoch 326: loss=7.0902, RMSE_E_per_atom=136.1 meV, RMSE_F=265.4 meV / A, RMSE_Mu_per_atom=16.52 mDebye
2023-12-29 00:21:34.102 INFO: Epoch 328: loss=7.5380, RMSE_E_per_atom=139.7 meV, RMSE_F=273.3 meV / A, RMSE_Mu_per_atom=22.72 mDebye
2023-12-29 00:21:35.030 INFO: Epoch 330: loss=7.0382, RMSE_E_per_atom=155.7 meV, RMSE_F=264.1 meV / A, RMSE_Mu_per_atom=19.26 mDebye
2023-12-29 00:21:35.954 INFO: Epoch 332: loss=7.8288, RMSE_E_per_atom=138.7 meV, RMSE_F=278.8 meV / A, RMSE_Mu_per_atom=18.72 mDebye
2023-12-29 00:21:36.877 INFO: Epoch 334: loss=8.8042, RMSE_E_per_atom=124.1 meV, RMSE_F=295.9 meV / A, RMSE_Mu_per_atom=17.56 mDebye
2023-12-29 00:21:37.802 INFO: Epoch 336: loss=8.6929, RMSE_E_per_atom=156.0 meV, RMSE_F=293.7 meV / A, RMSE_Mu_per_atom=20.57 mDebye
2023-12-29 00:21:38.726 INFO: Epoch 338: loss=7.3792, RMSE_E_per_atom=164.0 meV, RMSE_F=270.7 meV / A, RMSE_Mu_per_atom=15.74 mDebye
2023-12-29 00:21:39.647 INFO: Epoch 340: loss=7.1928, RMSE_E_per_atom=130.7 meV, RMSE_F=267.3 meV / A, RMSE_Mu_per_atom=17.23 mDebye
2023-12-29 00:21:40.571 INFO: Epoch 342: loss=6.2481, RMSE_E_per_atom=144.1 meV, RMSE_F=249.1 meV / A, RMSE_Mu_per_atom=14.15 mDebye
2023-12-29 00:21:41.494 INFO: Epoch 344: loss=7.7343, RMSE_E_per_atom=144.5 meV, RMSE_F=277.3 meV / A, RMSE_Mu_per_atom=14.68 mDebye
2023-12-29 00:21:42.417 INFO: Epoch 346: loss=7.4855, RMSE_E_per_atom=131.0 meV, RMSE_F=272.8 meV / A, RMSE_Mu_per_atom=15.92 mDebye
2023-12-29 00:21:43.343 INFO: Epoch 348: loss=5.6288, RMSE_E_per_atom=130.6 meV, RMSE_F=236.3 meV / A, RMSE_Mu_per_atom=16.43 mDebye
2023-12-29 00:21:44.266 INFO: Epoch 350: loss=7.9686, RMSE_E_per_atom=127.0 meV, RMSE_F=281.6 meV / A, RMSE_Mu_per_atom=15.11 mDebye
2023-12-29 00:21:45.192 INFO: Epoch 352: loss=9.0361, RMSE_E_per_atom=119.2 meV, RMSE_F=299.9 meV / A, RMSE_Mu_per_atom=17.13 mDebye
2023-12-29 00:21:46.114 INFO: Epoch 354: loss=5.9168, RMSE_E_per_atom=114.1 meV, RMSE_F=242.5 meV / A, RMSE_Mu_per_atom=15.04 mDebye
2023-12-29 00:21:47.038 INFO: Epoch 356: loss=5.9609, RMSE_E_per_atom=103.0 meV, RMSE_F=243.4 meV / A, RMSE_Mu_per_atom=15.96 mDebye
2023-12-29 00:21:47.960 INFO: Epoch 358: loss=6.1278, RMSE_E_per_atom=102.9 meV, RMSE_F=246.8 meV / A, RMSE_Mu_per_atom=16.74 mDebye
2023-12-29 00:21:48.885 INFO: Epoch 360: loss=6.4829, RMSE_E_per_atom=113.6 meV, RMSE_F=253.8 meV / A, RMSE_Mu_per_atom=16.56 mDebye
2023-12-29 00:21:49.810 INFO: Epoch 362: loss=7.5797, RMSE_E_per_atom=75.5 meV, RMSE_F=274.8 meV / A, RMSE_Mu_per_atom=15.26 mDebye
2023-12-29 00:21:50.735 INFO: Epoch 364: loss=6.3420, RMSE_E_per_atom=116.3 meV, RMSE_F=251.0 meV / A, RMSE_Mu_per_atom=16.69 mDebye
2023-12-29 00:21:51.659 INFO: Epoch 366: loss=6.6939, RMSE_E_per_atom=82.0 meV, RMSE_F=258.1 meV / A, RMSE_Mu_per_atom=15.68 mDebye
2023-12-29 00:21:52.585 INFO: Epoch 368: loss=6.3940, RMSE_E_per_atom=85.6 meV, RMSE_F=252.1 meV / A, RMSE_Mu_per_atom=17.74 mDebye
2023-12-29 00:21:53.507 INFO: Epoch 370: loss=6.0369, RMSE_E_per_atom=75.2 meV, RMSE_F=245.0 meV / A, RMSE_Mu_per_atom=17.24 mDebye
2023-12-29 00:21:54.429 INFO: Epoch 372: loss=6.3775, RMSE_E_per_atom=70.2 meV, RMSE_F=251.9 meV / A, RMSE_Mu_per_atom=15.84 mDebye
2023-12-29 00:21:55.350 INFO: Epoch 374: loss=5.3623, RMSE_E_per_atom=105.3 meV, RMSE_F=230.7 meV / A, RMSE_Mu_per_atom=16.44 mDebye
2023-12-29 00:21:56.275 INFO: Epoch 376: loss=5.8000, RMSE_E_per_atom=83.9 meV, RMSE_F=240.2 meV / A, RMSE_Mu_per_atom=14.63 mDebye
2023-12-29 00:21:57.200 INFO: Epoch 378: loss=4.7969, RMSE_E_per_atom=93.5 meV, RMSE_F=218.2 meV / A, RMSE_Mu_per_atom=16.68 mDebye
2023-12-29 00:21:58.390 INFO: Epoch 380: loss=7.9240, RMSE_E_per_atom=91.4 meV, RMSE_F=280.9 meV / A, RMSE_Mu_per_atom=15.07 mDebye
2023-12-29 00:21:59.313 INFO: Epoch 382: loss=7.0857, RMSE_E_per_atom=85.4 meV, RMSE_F=265.6 meV / A, RMSE_Mu_per_atom=15.84 mDebye
2023-12-29 00:22:00.235 INFO: Epoch 384: loss=8.0472, RMSE_E_per_atom=83.6 meV, RMSE_F=283.1 meV / A, RMSE_Mu_per_atom=16.85 mDebye
2023-12-29 00:22:01.157 INFO: Epoch 386: loss=6.2704, RMSE_E_per_atom=64.6 meV, RMSE_F=249.9 meV / A, RMSE_Mu_per_atom=14.74 mDebye
2023-12-29 00:22:02.082 INFO: Epoch 388: loss=5.5425, RMSE_E_per_atom=82.0 meV, RMSE_F=234.7 meV / A, RMSE_Mu_per_atom=16.51 mDebye
2023-12-29 00:22:03.006 INFO: Epoch 390: loss=6.7929, RMSE_E_per_atom=71.8 meV, RMSE_F=260.1 meV / A, RMSE_Mu_per_atom=15.33 mDebye
2023-12-29 00:22:03.930 INFO: Epoch 392: loss=4.9963, RMSE_E_per_atom=84.0 meV, RMSE_F=222.9 meV / A, RMSE_Mu_per_atom=14.67 mDebye
2023-12-29 00:22:04.853 INFO: Epoch 394: loss=7.0428, RMSE_E_per_atom=71.6 meV, RMSE_F=264.8 meV / A, RMSE_Mu_per_atom=16.10 mDebye
2023-12-29 00:22:05.776 INFO: Epoch 396: loss=5.0566, RMSE_E_per_atom=68.6 meV, RMSE_F=224.2 meV / A, RMSE_Mu_per_atom=15.93 mDebye
2023-12-29 00:22:06.698 INFO: Epoch 398: loss=6.3692, RMSE_E_per_atom=63.4 meV, RMSE_F=251.7 meV / A, RMSE_Mu_per_atom=16.59 mDebye
2023-12-29 00:22:07.623 INFO: Epoch 400: loss=5.3267, RMSE_E_per_atom=67.0 meV, RMSE_F=230.1 meV / A, RMSE_Mu_per_atom=16.17 mDebye
2023-12-29 00:22:08.547 INFO: Epoch 402: loss=7.2209, RMSE_E_per_atom=79.4 meV, RMSE_F=268.2 meV / A, RMSE_Mu_per_atom=15.31 mDebye
2023-12-29 00:22:09.470 INFO: Epoch 404: loss=6.3205, RMSE_E_per_atom=63.1 meV, RMSE_F=250.7 meV / A, RMSE_Mu_per_atom=17.31 mDebye
2023-12-29 00:22:10.395 INFO: Epoch 406: loss=6.4634, RMSE_E_per_atom=75.7 meV, RMSE_F=253.6 meV / A, RMSE_Mu_per_atom=15.99 mDebye
2023-12-29 00:22:11.320 INFO: Epoch 408: loss=5.3210, RMSE_E_per_atom=66.2 meV, RMSE_F=230.0 meV / A, RMSE_Mu_per_atom=16.31 mDebye
2023-12-29 00:22:12.242 INFO: Epoch 410: loss=7.1040, RMSE_E_per_atom=69.4 meV, RMSE_F=266.0 meV / A, RMSE_Mu_per_atom=14.87 mDebye
2023-12-29 00:22:13.171 INFO: Epoch 412: loss=5.4536, RMSE_E_per_atom=66.7 meV, RMSE_F=232.8 meV / A, RMSE_Mu_per_atom=17.31 mDebye
2023-12-29 00:22:14.096 INFO: Epoch 414: loss=5.3510, RMSE_E_per_atom=73.7 meV, RMSE_F=230.7 meV / A, RMSE_Mu_per_atom=14.58 mDebye
2023-12-29 00:22:15.018 INFO: Epoch 416: loss=6.3442, RMSE_E_per_atom=65.5 meV, RMSE_F=251.3 meV / A, RMSE_Mu_per_atom=15.37 mDebye
2023-12-29 00:22:15.940 INFO: Epoch 418: loss=5.8722, RMSE_E_per_atom=60.1 meV, RMSE_F=241.7 meV / A, RMSE_Mu_per_atom=16.90 mDebye
2023-12-29 00:22:16.861 INFO: Epoch 420: loss=5.7821, RMSE_E_per_atom=64.9 meV, RMSE_F=239.8 meV / A, RMSE_Mu_per_atom=16.07 mDebye
2023-12-29 00:22:17.784 INFO: Epoch 422: loss=7.0238, RMSE_E_per_atom=72.5 meV, RMSE_F=264.4 meV / A, RMSE_Mu_per_atom=16.46 mDebye
2023-12-29 00:22:18.708 INFO: Epoch 424: loss=7.1782, RMSE_E_per_atom=73.0 meV, RMSE_F=267.4 meV / A, RMSE_Mu_per_atom=15.72 mDebye
2023-12-29 00:22:19.639 INFO: Epoch 426: loss=5.8399, RMSE_E_per_atom=47.8 meV, RMSE_F=241.1 meV / A, RMSE_Mu_per_atom=15.66 mDebye
2023-12-29 00:22:20.564 INFO: Epoch 428: loss=6.7093, RMSE_E_per_atom=64.2 meV, RMSE_F=258.3 meV / A, RMSE_Mu_per_atom=17.69 mDebye
2023-12-29 00:22:21.487 INFO: Epoch 430: loss=7.5304, RMSE_E_per_atom=77.8 meV, RMSE_F=273.9 meV / A, RMSE_Mu_per_atom=14.54 mDebye
2023-12-29 00:22:22.424 INFO: Epoch 432: loss=7.0618, RMSE_E_per_atom=62.4 meV, RMSE_F=265.1 meV / A, RMSE_Mu_per_atom=17.28 mDebye
2023-12-29 00:22:23.347 INFO: Epoch 434: loss=7.6021, RMSE_E_per_atom=75.9 meV, RMSE_F=275.1 meV / A, RMSE_Mu_per_atom=17.11 mDebye
2023-12-29 00:22:24.270 INFO: Epoch 436: loss=7.8414, RMSE_E_per_atom=79.8 meV, RMSE_F=279.5 meV / A, RMSE_Mu_per_atom=15.39 mDebye
2023-12-29 00:22:25.195 INFO: Epoch 438: loss=6.5806, RMSE_E_per_atom=67.0 meV, RMSE_F=255.9 meV / A, RMSE_Mu_per_atom=16.02 mDebye
2023-12-29 00:22:26.117 INFO: Epoch 440: loss=6.1952, RMSE_E_per_atom=62.3 meV, RMSE_F=248.3 meV / A, RMSE_Mu_per_atom=16.27 mDebye
2023-12-29 00:22:27.041 INFO: Epoch 442: loss=6.5973, RMSE_E_per_atom=55.2 meV, RMSE_F=256.4 meV / A, RMSE_Mu_per_atom=14.52 mDebye
2023-12-29 00:22:27.964 INFO: Epoch 444: loss=6.9354, RMSE_E_per_atom=53.0 meV, RMSE_F=262.8 meV / A, RMSE_Mu_per_atom=15.58 mDebye
2023-12-29 00:22:28.888 INFO: Epoch 446: loss=6.9147, RMSE_E_per_atom=37.1 meV, RMSE_F=262.4 meV / A, RMSE_Mu_per_atom=16.06 mDebye
2023-12-29 00:22:29.812 INFO: Epoch 448: loss=6.1757, RMSE_E_per_atom=43.7 meV, RMSE_F=247.9 meV / A, RMSE_Mu_per_atom=16.62 mDebye
2023-12-29 00:22:30.736 INFO: Epoch 450: loss=7.1078, RMSE_E_per_atom=38.1 meV, RMSE_F=266.1 meV / A, RMSE_Mu_per_atom=15.88 mDebye
2023-12-29 00:22:31.660 INFO: Epoch 452: loss=6.5869, RMSE_E_per_atom=46.8 meV, RMSE_F=256.0 meV / A, RMSE_Mu_per_atom=17.61 mDebye
2023-12-29 00:22:32.582 INFO: Epoch 454: loss=6.9787, RMSE_E_per_atom=41.8 meV, RMSE_F=263.7 meV / A, RMSE_Mu_per_atom=14.66 mDebye
2023-12-29 00:22:33.505 INFO: Epoch 456: loss=6.3313, RMSE_E_per_atom=56.9 meV, RMSE_F=250.9 meV / A, RMSE_Mu_per_atom=17.52 mDebye
2023-12-29 00:22:34.428 INFO: Epoch 458: loss=6.6986, RMSE_E_per_atom=49.4 meV, RMSE_F=258.3 meV / A, RMSE_Mu_per_atom=15.11 mDebye
2023-12-29 00:22:35.353 INFO: Epoch 460: loss=6.7759, RMSE_E_per_atom=45.0 meV, RMSE_F=259.7 meV / A, RMSE_Mu_per_atom=16.69 mDebye
2023-12-29 00:22:36.279 INFO: Epoch 462: loss=6.1054, RMSE_E_per_atom=45.3 meV, RMSE_F=246.5 meV / A, RMSE_Mu_per_atom=17.17 mDebye
2023-12-29 00:22:37.203 INFO: Epoch 464: loss=6.6002, RMSE_E_per_atom=44.5 meV, RMSE_F=256.4 meV / A, RMSE_Mu_per_atom=16.19 mDebye
2023-12-29 00:22:38.129 INFO: Epoch 466: loss=7.4716, RMSE_E_per_atom=58.3 meV, RMSE_F=272.8 meV / A, RMSE_Mu_per_atom=15.80 mDebye
2023-12-29 00:22:39.051 INFO: Epoch 468: loss=7.2620, RMSE_E_per_atom=41.7 meV, RMSE_F=269.0 meV / A, RMSE_Mu_per_atom=15.29 mDebye
2023-12-29 00:22:39.975 INFO: Epoch 470: loss=6.4387, RMSE_E_per_atom=48.9 meV, RMSE_F=253.1 meV / A, RMSE_Mu_per_atom=16.97 mDebye
2023-12-29 00:22:40.899 INFO: Epoch 472: loss=5.5457, RMSE_E_per_atom=49.9 meV, RMSE_F=234.9 meV / A, RMSE_Mu_per_atom=15.28 mDebye
2023-12-29 00:22:41.825 INFO: Epoch 474: loss=7.5490, RMSE_E_per_atom=40.8 meV, RMSE_F=274.3 meV / A, RMSE_Mu_per_atom=15.32 mDebye
2023-12-29 00:22:42.750 INFO: Epoch 476: loss=6.6181, RMSE_E_per_atom=49.2 meV, RMSE_F=256.7 meV / A, RMSE_Mu_per_atom=16.23 mDebye
2023-12-29 00:22:43.674 INFO: Epoch 478: loss=5.5937, RMSE_E_per_atom=38.1 meV, RMSE_F=235.9 meV / A, RMSE_Mu_per_atom=16.15 mDebye
2023-12-29 00:22:44.596 INFO: Epoch 480: loss=7.1021, RMSE_E_per_atom=46.4 meV, RMSE_F=266.0 meV / A, RMSE_Mu_per_atom=16.24 mDebye
2023-12-29 00:22:45.520 INFO: Epoch 482: loss=6.3333, RMSE_E_per_atom=37.7 meV, RMSE_F=251.1 meV / A, RMSE_Mu_per_atom=15.78 mDebye
2023-12-29 00:22:46.444 INFO: Epoch 484: loss=7.6258, RMSE_E_per_atom=36.1 meV, RMSE_F=275.6 meV / A, RMSE_Mu_per_atom=16.45 mDebye
2023-12-29 00:22:47.367 INFO: Epoch 486: loss=5.5521, RMSE_E_per_atom=31.3 meV, RMSE_F=235.0 meV / A, RMSE_Mu_per_atom=16.58 mDebye
2023-12-29 00:22:48.290 INFO: Epoch 488: loss=7.1950, RMSE_E_per_atom=34.1 meV, RMSE_F=267.8 meV / A, RMSE_Mu_per_atom=15.09 mDebye
2023-12-29 00:22:49.213 INFO: Epoch 490: loss=6.1994, RMSE_E_per_atom=25.6 meV, RMSE_F=248.4 meV / A, RMSE_Mu_per_atom=17.07 mDebye
2023-12-29 00:22:50.138 INFO: Epoch 492: loss=6.9682, RMSE_E_per_atom=29.2 meV, RMSE_F=263.5 meV / A, RMSE_Mu_per_atom=15.59 mDebye
2023-12-29 00:22:51.071 INFO: Epoch 494: loss=6.3914, RMSE_E_per_atom=26.0 meV, RMSE_F=252.3 meV / A, RMSE_Mu_per_atom=16.55 mDebye
2023-12-29 00:22:51.999 INFO: Epoch 496: loss=6.2951, RMSE_E_per_atom=26.8 meV, RMSE_F=250.3 meV / A, RMSE_Mu_per_atom=16.72 mDebye
2023-12-29 00:22:52.926 INFO: Epoch 498: loss=7.1871, RMSE_E_per_atom=20.9 meV, RMSE_F=267.6 meV / A, RMSE_Mu_per_atom=16.01 mDebye
2023-12-29 00:22:53.850 INFO: Epoch 500: loss=7.3373, RMSE_E_per_atom=28.8 meV, RMSE_F=270.4 meV / A, RMSE_Mu_per_atom=15.82 mDebye
2023-12-29 00:22:54.776 INFO: Epoch 502: loss=6.3858, RMSE_E_per_atom=30.6 meV, RMSE_F=252.0 meV / A, RMSE_Mu_per_atom=18.00 mDebye
2023-12-29 00:22:55.701 INFO: Epoch 504: loss=7.2386, RMSE_E_per_atom=35.1 meV, RMSE_F=268.6 meV / A, RMSE_Mu_per_atom=14.98 mDebye
2023-12-29 00:22:56.626 INFO: Epoch 506: loss=6.1324, RMSE_E_per_atom=36.7 meV, RMSE_F=247.1 meV / A, RMSE_Mu_per_atom=16.25 mDebye
2023-12-29 00:22:57.555 INFO: Epoch 508: loss=5.9196, RMSE_E_per_atom=35.7 meV, RMSE_F=242.7 meV / A, RMSE_Mu_per_atom=16.23 mDebye
2023-12-29 00:22:58.479 INFO: Epoch 510: loss=7.8905, RMSE_E_per_atom=36.9 meV, RMSE_F=280.4 meV / A, RMSE_Mu_per_atom=17.08 mDebye
2023-12-29 00:22:59.405 INFO: Epoch 512: loss=6.4419, RMSE_E_per_atom=35.6 meV, RMSE_F=253.2 meV / A, RMSE_Mu_per_atom=17.01 mDebye
2023-12-29 00:23:00.330 INFO: Epoch 514: loss=6.6384, RMSE_E_per_atom=32.4 meV, RMSE_F=257.1 meV / A, RMSE_Mu_per_atom=15.97 mDebye
2023-12-29 00:23:01.269 INFO: Epoch 516: loss=6.8911, RMSE_E_per_atom=22.3 meV, RMSE_F=261.9 meV / A, RMSE_Mu_per_atom=17.37 mDebye
2023-12-29 00:23:02.194 INFO: Epoch 518: loss=6.5965, RMSE_E_per_atom=26.5 meV, RMSE_F=256.3 meV / A, RMSE_Mu_per_atom=16.48 mDebye
2023-12-29 00:23:03.118 INFO: Epoch 520: loss=6.4272, RMSE_E_per_atom=23.0 meV, RMSE_F=253.0 meV / A, RMSE_Mu_per_atom=15.58 mDebye
2023-12-29 00:23:04.042 INFO: Epoch 522: loss=6.9265, RMSE_E_per_atom=19.8 meV, RMSE_F=262.6 meV / A, RMSE_Mu_per_atom=16.83 mDebye
2023-12-29 00:23:04.965 INFO: Epoch 524: loss=6.1143, RMSE_E_per_atom=18.6 meV, RMSE_F=246.7 meV / A, RMSE_Mu_per_atom=16.69 mDebye
2023-12-29 00:23:05.888 INFO: Epoch 526: loss=6.5859, RMSE_E_per_atom=17.5 meV, RMSE_F=256.1 meV / A, RMSE_Mu_per_atom=16.82 mDebye
2023-12-29 00:23:06.812 INFO: Epoch 528: loss=6.3958, RMSE_E_per_atom=16.6 meV, RMSE_F=252.4 meV / A, RMSE_Mu_per_atom=16.43 mDebye
2023-12-29 00:23:07.736 INFO: Epoch 530: loss=6.5297, RMSE_E_per_atom=15.3 meV, RMSE_F=255.0 meV / A, RMSE_Mu_per_atom=16.02 mDebye
2023-12-29 00:23:08.658 INFO: Epoch 532: loss=7.7447, RMSE_E_per_atom=18.7 meV, RMSE_F=277.8 meV / A, RMSE_Mu_per_atom=17.05 mDebye
2023-12-29 00:23:09.581 INFO: Epoch 534: loss=6.8464, RMSE_E_per_atom=19.6 meV, RMSE_F=261.1 meV / A, RMSE_Mu_per_atom=16.90 mDebye
2023-12-29 00:23:10.505 INFO: Epoch 536: loss=7.0714, RMSE_E_per_atom=14.7 meV, RMSE_F=265.4 meV / A, RMSE_Mu_per_atom=16.25 mDebye
2023-12-29 00:23:11.428 INFO: Epoch 538: loss=7.0773, RMSE_E_per_atom=17.2 meV, RMSE_F=265.5 meV / A, RMSE_Mu_per_atom=16.79 mDebye
2023-12-29 00:23:12.353 INFO: Epoch 540: loss=7.0163, RMSE_E_per_atom=13.6 meV, RMSE_F=264.4 meV / A, RMSE_Mu_per_atom=16.49 mDebye
2023-12-29 00:23:13.278 INFO: Epoch 542: loss=6.7223, RMSE_E_per_atom=16.1 meV, RMSE_F=258.7 meV / A, RMSE_Mu_per_atom=17.15 mDebye
2023-12-29 00:23:14.202 INFO: Epoch 544: loss=7.2696, RMSE_E_per_atom=14.1 meV, RMSE_F=269.1 meV / A, RMSE_Mu_per_atom=16.29 mDebye
2023-12-29 00:23:15.125 INFO: Epoch 546: loss=7.2021, RMSE_E_per_atom=14.5 meV, RMSE_F=267.8 meV / A, RMSE_Mu_per_atom=17.51 mDebye
2023-12-29 00:23:16.051 INFO: Epoch 548: loss=6.9999, RMSE_E_per_atom=14.4 meV, RMSE_F=264.0 meV / A, RMSE_Mu_per_atom=16.73 mDebye
2023-12-29 00:23:16.976 INFO: Epoch 550: loss=7.3111, RMSE_E_per_atom=13.7 meV, RMSE_F=269.8 meV / A, RMSE_Mu_per_atom=17.23 mDebye
2023-12-29 00:23:17.898 INFO: Epoch 552: loss=7.2218, RMSE_E_per_atom=13.8 meV, RMSE_F=268.2 meV / A, RMSE_Mu_per_atom=16.07 mDebye
2023-12-29 00:23:18.820 INFO: Epoch 554: loss=7.0036, RMSE_E_per_atom=13.6 meV, RMSE_F=264.0 meV / A, RMSE_Mu_per_atom=17.67 mDebye
2023-12-29 00:23:19.743 INFO: Epoch 556: loss=7.1733, RMSE_E_per_atom=13.0 meV, RMSE_F=267.3 meV / A, RMSE_Mu_per_atom=16.98 mDebye
2023-12-29 00:23:20.668 INFO: Epoch 558: loss=7.7079, RMSE_E_per_atom=14.1 meV, RMSE_F=277.1 meV / A, RMSE_Mu_per_atom=16.65 mDebye
2023-12-29 00:23:21.592 INFO: Epoch 560: loss=7.3318, RMSE_E_per_atom=15.2 meV, RMSE_F=270.2 meV / A, RMSE_Mu_per_atom=16.94 mDebye
2023-12-29 00:23:22.516 INFO: Epoch 562: loss=7.2503, RMSE_E_per_atom=13.3 meV, RMSE_F=268.7 meV / A, RMSE_Mu_per_atom=16.74 mDebye
2023-12-29 00:23:23.438 INFO: Epoch 564: loss=7.4667, RMSE_E_per_atom=14.2 meV, RMSE_F=272.7 meV / A, RMSE_Mu_per_atom=16.90 mDebye
2023-12-29 00:23:24.361 INFO: Epoch 566: loss=7.3383, RMSE_E_per_atom=12.9 meV, RMSE_F=270.4 meV / A, RMSE_Mu_per_atom=16.86 mDebye
2023-12-29 00:23:25.285 INFO: Epoch 568: loss=7.2187, RMSE_E_per_atom=12.9 meV, RMSE_F=268.1 meV / A, RMSE_Mu_per_atom=16.88 mDebye
2023-12-29 00:23:26.210 INFO: Epoch 570: loss=7.3730, RMSE_E_per_atom=13.2 meV, RMSE_F=271.0 meV / A, RMSE_Mu_per_atom=16.89 mDebye
2023-12-29 00:23:27.135 INFO: Epoch 572: loss=7.5903, RMSE_E_per_atom=12.4 meV, RMSE_F=275.0 meV / A, RMSE_Mu_per_atom=16.31 mDebye
2023-12-29 00:23:28.059 INFO: Epoch 574: loss=6.8745, RMSE_E_per_atom=12.3 meV, RMSE_F=261.6 meV / A, RMSE_Mu_per_atom=18.09 mDebye
2023-12-29 00:23:28.984 INFO: Epoch 576: loss=7.5347, RMSE_E_per_atom=15.6 meV, RMSE_F=274.0 meV / A, RMSE_Mu_per_atom=16.12 mDebye
2023-12-29 00:23:29.921 INFO: Epoch 578: loss=7.5842, RMSE_E_per_atom=13.2 meV, RMSE_F=274.8 meV / A, RMSE_Mu_per_atom=17.96 mDebye
2023-12-29 00:23:30.846 INFO: Epoch 580: loss=7.4601, RMSE_E_per_atom=15.2 meV, RMSE_F=272.7 meV / A, RMSE_Mu_per_atom=15.75 mDebye
2023-12-29 00:23:31.771 INFO: Epoch 582: loss=7.3013, RMSE_E_per_atom=15.2 meV, RMSE_F=269.6 meV / A, RMSE_Mu_per_atom=18.25 mDebye
2023-12-29 00:23:32.698 INFO: Epoch 584: loss=7.1692, RMSE_E_per_atom=13.0 meV, RMSE_F=267.3 meV / A, RMSE_Mu_per_atom=16.31 mDebye
2023-12-29 00:23:33.627 INFO: Epoch 586: loss=7.3637, RMSE_E_per_atom=14.1 meV, RMSE_F=270.8 meV / A, RMSE_Mu_per_atom=17.95 mDebye
2023-12-29 00:23:34.556 INFO: Epoch 588: loss=7.4414, RMSE_E_per_atom=13.6 meV, RMSE_F=272.3 meV / A, RMSE_Mu_per_atom=16.76 mDebye
2023-12-29 00:23:35.485 INFO: Epoch 590: loss=7.4289, RMSE_E_per_atom=13.4 meV, RMSE_F=272.0 meV / A, RMSE_Mu_per_atom=17.47 mDebye
2023-12-29 00:23:36.413 INFO: Epoch 592: loss=7.7633, RMSE_E_per_atom=13.9 meV, RMSE_F=278.1 meV / A, RMSE_Mu_per_atom=16.95 mDebye
2023-12-29 00:23:37.344 INFO: Epoch 594: loss=7.3125, RMSE_E_per_atom=13.7 meV, RMSE_F=269.9 meV / A, RMSE_Mu_per_atom=17.31 mDebye
2023-12-29 00:23:38.275 INFO: Epoch 596: loss=7.4648, RMSE_E_per_atom=13.1 meV, RMSE_F=272.7 meV / A, RMSE_Mu_per_atom=16.86 mDebye
2023-12-29 00:23:39.202 INFO: Epoch 598: loss=7.3374, RMSE_E_per_atom=13.2 meV, RMSE_F=270.3 meV / A, RMSE_Mu_per_atom=17.25 mDebye
2023-12-29 00:23:40.130 INFO: Epoch 600: loss=7.2996, RMSE_E_per_atom=13.0 meV, RMSE_F=269.6 meV / A, RMSE_Mu_per_atom=17.31 mDebye
2023-12-29 00:23:41.059 INFO: Epoch 602: loss=7.5595, RMSE_E_per_atom=13.1 meV, RMSE_F=274.4 meV / A, RMSE_Mu_per_atom=16.99 mDebye
2023-12-29 00:23:41.989 INFO: Epoch 604: loss=7.5011, RMSE_E_per_atom=13.0 meV, RMSE_F=273.4 meV / A, RMSE_Mu_per_atom=16.93 mDebye
2023-12-29 00:23:42.917 INFO: Epoch 606: loss=7.4814, RMSE_E_per_atom=12.9 meV, RMSE_F=273.0 meV / A, RMSE_Mu_per_atom=17.29 mDebye
2023-12-29 00:23:43.845 INFO: Epoch 608: loss=7.5559, RMSE_E_per_atom=13.0 meV, RMSE_F=274.4 meV / A, RMSE_Mu_per_atom=16.75 mDebye
2023-12-29 00:23:44.776 INFO: Epoch 610: loss=7.6405, RMSE_E_per_atom=13.0 meV, RMSE_F=275.9 meV / A, RMSE_Mu_per_atom=17.50 mDebye
2023-12-29 00:23:45.704 INFO: Epoch 612: loss=7.5582, RMSE_E_per_atom=12.9 meV, RMSE_F=274.4 meV / A, RMSE_Mu_per_atom=17.23 mDebye
2023-12-29 00:23:46.630 INFO: Epoch 614: loss=7.5845, RMSE_E_per_atom=12.9 meV, RMSE_F=274.9 meV / A, RMSE_Mu_per_atom=17.05 mDebye
2023-12-29 00:23:47.559 INFO: Epoch 616: loss=7.3896, RMSE_E_per_atom=12.8 meV, RMSE_F=271.3 meV / A, RMSE_Mu_per_atom=17.31 mDebye
2023-12-29 00:23:48.488 INFO: Epoch 618: loss=7.6896, RMSE_E_per_atom=13.1 meV, RMSE_F=276.8 meV / A, RMSE_Mu_per_atom=17.19 mDebye
2023-12-29 00:23:49.417 INFO: Epoch 620: loss=7.7084, RMSE_E_per_atom=13.2 meV, RMSE_F=277.1 meV / A, RMSE_Mu_per_atom=17.11 mDebye
2023-12-29 00:23:50.346 INFO: Epoch 622: loss=7.5573, RMSE_E_per_atom=13.0 meV, RMSE_F=274.4 meV / A, RMSE_Mu_per_atom=16.96 mDebye
2023-12-29 00:23:51.274 INFO: Epoch 624: loss=7.7190, RMSE_E_per_atom=12.9 meV, RMSE_F=277.3 meV / A, RMSE_Mu_per_atom=17.18 mDebye
2023-12-29 00:23:52.205 INFO: Epoch 626: loss=7.5959, RMSE_E_per_atom=13.0 meV, RMSE_F=275.1 meV / A, RMSE_Mu_per_atom=16.71 mDebye
2023-12-29 00:23:53.134 INFO: Epoch 628: loss=7.4019, RMSE_E_per_atom=12.9 meV, RMSE_F=271.5 meV / A, RMSE_Mu_per_atom=17.24 mDebye
2023-12-29 00:23:54.061 INFO: Epoch 630: loss=7.6891, RMSE_E_per_atom=13.0 meV, RMSE_F=276.8 meV / A, RMSE_Mu_per_atom=16.89 mDebye
2023-12-29 00:23:54.987 INFO: Epoch 632: loss=7.6336, RMSE_E_per_atom=13.0 meV, RMSE_F=275.7 meV / A, RMSE_Mu_per_atom=17.90 mDebye
2023-12-29 00:23:55.913 INFO: Epoch 634: loss=7.6002, RMSE_E_per_atom=13.0 meV, RMSE_F=275.2 meV / A, RMSE_Mu_per_atom=17.05 mDebye
2023-12-29 00:23:56.841 INFO: Epoch 636: loss=7.4318, RMSE_E_per_atom=13.1 meV, RMSE_F=272.1 meV / A, RMSE_Mu_per_atom=17.11 mDebye
2023-12-29 00:23:57.768 INFO: Epoch 638: loss=7.7039, RMSE_E_per_atom=13.1 meV, RMSE_F=277.0 meV / A, RMSE_Mu_per_atom=17.09 mDebye
2023-12-29 00:23:58.693 INFO: Epoch 640: loss=7.7198, RMSE_E_per_atom=12.8 meV, RMSE_F=277.3 meV / A, RMSE_Mu_per_atom=17.21 mDebye
2023-12-29 00:23:59.624 INFO: Epoch 642: loss=7.6432, RMSE_E_per_atom=12.9 meV, RMSE_F=275.9 meV / A, RMSE_Mu_per_atom=17.44 mDebye
2023-12-29 00:24:00.549 INFO: Epoch 644: loss=7.6993, RMSE_E_per_atom=12.9 meV, RMSE_F=276.9 meV / A, RMSE_Mu_per_atom=17.19 mDebye
2023-12-29 00:24:01.475 INFO: Epoch 646: loss=7.5335, RMSE_E_per_atom=13.1 meV, RMSE_F=273.9 meV / A, RMSE_Mu_per_atom=17.47 mDebye
2023-12-29 00:24:02.404 INFO: Epoch 648: loss=7.5467, RMSE_E_per_atom=13.0 meV, RMSE_F=274.1 meV / A, RMSE_Mu_per_atom=17.59 mDebye
2023-12-29 00:24:03.333 INFO: Epoch 650: loss=7.5515, RMSE_E_per_atom=13.0 meV, RMSE_F=274.2 meV / A, RMSE_Mu_per_atom=17.38 mDebye
2023-12-29 00:24:04.262 INFO: Epoch 652: loss=7.6456, RMSE_E_per_atom=12.9 meV, RMSE_F=276.0 meV / A, RMSE_Mu_per_atom=17.35 mDebye
2023-12-29 00:24:05.189 INFO: Epoch 654: loss=7.6378, RMSE_E_per_atom=13.1 meV, RMSE_F=275.8 meV / A, RMSE_Mu_per_atom=17.22 mDebye
2023-12-29 00:24:06.116 INFO: Epoch 656: loss=7.6100, RMSE_E_per_atom=13.0 meV, RMSE_F=275.3 meV / A, RMSE_Mu_per_atom=17.90 mDebye
2023-12-29 00:24:07.042 INFO: Epoch 658: loss=7.6983, RMSE_E_per_atom=13.1 meV, RMSE_F=276.9 meV / A, RMSE_Mu_per_atom=17.54 mDebye
2023-12-29 00:24:07.970 INFO: Epoch 660: loss=7.6309, RMSE_E_per_atom=13.0 meV, RMSE_F=275.7 meV / A, RMSE_Mu_per_atom=17.33 mDebye
2023-12-29 00:24:08.898 INFO: Epoch 662: loss=7.5882, RMSE_E_per_atom=13.1 meV, RMSE_F=274.9 meV / A, RMSE_Mu_per_atom=17.34 mDebye
2023-12-29 00:24:09.825 INFO: Epoch 664: loss=7.6671, RMSE_E_per_atom=13.1 meV, RMSE_F=276.3 meV / A, RMSE_Mu_per_atom=17.51 mDebye
2023-12-29 00:24:10.751 INFO: Epoch 666: loss=7.6612, RMSE_E_per_atom=13.0 meV, RMSE_F=276.2 meV / A, RMSE_Mu_per_atom=17.74 mDebye
2023-12-29 00:24:11.681 INFO: Epoch 668: loss=7.6535, RMSE_E_per_atom=13.1 meV, RMSE_F=276.1 meV / A, RMSE_Mu_per_atom=17.76 mDebye
2023-12-29 00:24:12.611 INFO: Epoch 670: loss=7.6562, RMSE_E_per_atom=13.1 meV, RMSE_F=276.1 meV / A, RMSE_Mu_per_atom=17.89 mDebye
2023-12-29 00:24:13.539 INFO: Epoch 672: loss=7.6316, RMSE_E_per_atom=13.1 meV, RMSE_F=275.7 meV / A, RMSE_Mu_per_atom=17.36 mDebye
2023-12-29 00:24:14.466 INFO: Epoch 674: loss=7.7050, RMSE_E_per_atom=13.0 meV, RMSE_F=277.0 meV / A, RMSE_Mu_per_atom=17.34 mDebye
2023-12-29 00:24:15.392 INFO: Epoch 676: loss=7.6296, RMSE_E_per_atom=13.2 meV, RMSE_F=275.7 meV / A, RMSE_Mu_per_atom=17.48 mDebye
2023-12-29 00:24:16.321 INFO: Epoch 678: loss=7.6945, RMSE_E_per_atom=13.0 meV, RMSE_F=276.8 meV / A, RMSE_Mu_per_atom=17.44 mDebye
2023-12-29 00:24:17.252 INFO: Epoch 680: loss=7.6979, RMSE_E_per_atom=13.1 meV, RMSE_F=276.9 meV / A, RMSE_Mu_per_atom=17.46 mDebye
2023-12-29 00:24:18.179 INFO: Epoch 682: loss=7.6730, RMSE_E_per_atom=13.1 meV, RMSE_F=276.5 meV / A, RMSE_Mu_per_atom=17.19 mDebye
2023-12-29 00:24:19.108 INFO: Epoch 684: loss=7.6619, RMSE_E_per_atom=13.2 meV, RMSE_F=276.2 meV / A, RMSE_Mu_per_atom=17.58 mDebye
2023-12-29 00:24:20.039 INFO: Epoch 686: loss=7.6920, RMSE_E_per_atom=13.1 meV, RMSE_F=276.8 meV / A, RMSE_Mu_per_atom=17.64 mDebye
2023-12-29 00:24:20.969 INFO: Epoch 688: loss=7.6627, RMSE_E_per_atom=13.1 meV, RMSE_F=276.2 meV / A, RMSE_Mu_per_atom=17.67 mDebye
2023-12-29 00:24:21.901 INFO: Epoch 690: loss=7.6799, RMSE_E_per_atom=13.1 meV, RMSE_F=276.6 meV / A, RMSE_Mu_per_atom=17.71 mDebye
2023-12-29 00:24:22.832 INFO: Epoch 692: loss=7.7050, RMSE_E_per_atom=13.1 meV, RMSE_F=277.0 meV / A, RMSE_Mu_per_atom=17.24 mDebye
2023-12-29 00:24:23.760 INFO: Epoch 694: loss=7.6726, RMSE_E_per_atom=13.1 meV, RMSE_F=276.4 meV / A, RMSE_Mu_per_atom=17.33 mDebye
2023-12-29 00:24:24.688 INFO: Epoch 696: loss=7.6567, RMSE_E_per_atom=13.1 meV, RMSE_F=276.1 meV / A, RMSE_Mu_per_atom=18.14 mDebye
2023-12-29 00:24:25.617 INFO: Epoch 698: loss=7.6994, RMSE_E_per_atom=13.1 meV, RMSE_F=276.9 meV / A, RMSE_Mu_per_atom=17.49 mDebye
2023-12-29 00:24:26.547 INFO: Epoch 700: loss=7.7141, RMSE_E_per_atom=13.1 meV, RMSE_F=277.2 meV / A, RMSE_Mu_per_atom=17.78 mDebye
2023-12-29 00:24:27.481 INFO: Epoch 702: loss=7.7205, RMSE_E_per_atom=13.1 meV, RMSE_F=277.3 meV / A, RMSE_Mu_per_atom=17.54 mDebye
2023-12-29 00:24:28.408 INFO: Epoch 704: loss=7.6671, RMSE_E_per_atom=13.2 meV, RMSE_F=276.3 meV / A, RMSE_Mu_per_atom=17.70 mDebye
2023-12-29 00:24:29.338 INFO: Epoch 706: loss=7.7011, RMSE_E_per_atom=13.2 meV, RMSE_F=276.9 meV / A, RMSE_Mu_per_atom=17.70 mDebye
2023-12-29 00:24:30.264 INFO: Epoch 708: loss=7.6760, RMSE_E_per_atom=13.1 meV, RMSE_F=276.5 meV / A, RMSE_Mu_per_atom=17.68 mDebye
2023-12-29 00:24:31.192 INFO: Epoch 710: loss=7.6747, RMSE_E_per_atom=13.1 meV, RMSE_F=276.5 meV / A, RMSE_Mu_per_atom=17.48 mDebye
2023-12-29 00:24:32.123 INFO: Epoch 712: loss=7.6950, RMSE_E_per_atom=13.1 meV, RMSE_F=276.8 meV / A, RMSE_Mu_per_atom=17.53 mDebye
2023-12-29 00:24:33.051 INFO: Epoch 714: loss=7.6883, RMSE_E_per_atom=13.2 meV, RMSE_F=276.7 meV / A, RMSE_Mu_per_atom=17.79 mDebye
2023-12-29 00:24:33.980 INFO: Epoch 716: loss=7.6859, RMSE_E_per_atom=13.1 meV, RMSE_F=276.7 meV / A, RMSE_Mu_per_atom=17.49 mDebye
2023-12-29 00:24:34.909 INFO: Epoch 718: loss=7.6835, RMSE_E_per_atom=13.2 meV, RMSE_F=276.6 meV / A, RMSE_Mu_per_atom=17.44 mDebye
2023-12-29 00:24:35.836 INFO: Epoch 720: loss=7.7016, RMSE_E_per_atom=13.1 meV, RMSE_F=277.0 meV / A, RMSE_Mu_per_atom=17.56 mDebye
2023-12-29 00:24:36.762 INFO: Epoch 722: loss=7.6510, RMSE_E_per_atom=13.2 meV, RMSE_F=276.0 meV / A, RMSE_Mu_per_atom=17.61 mDebye
2023-12-29 00:24:37.688 INFO: Epoch 724: loss=7.6876, RMSE_E_per_atom=13.2 meV, RMSE_F=276.7 meV / A, RMSE_Mu_per_atom=17.56 mDebye
2023-12-29 00:24:38.614 INFO: Epoch 726: loss=7.6574, RMSE_E_per_atom=13.1 meV, RMSE_F=276.1 meV / A, RMSE_Mu_per_atom=17.70 mDebye
2023-12-29 00:24:39.540 INFO: Epoch 728: loss=7.6870, RMSE_E_per_atom=13.1 meV, RMSE_F=276.7 meV / A, RMSE_Mu_per_atom=17.77 mDebye
2023-12-29 00:24:40.466 INFO: Epoch 730: loss=7.6791, RMSE_E_per_atom=13.3 meV, RMSE_F=276.5 meV / A, RMSE_Mu_per_atom=17.98 mDebye
2023-12-29 00:24:41.392 INFO: Epoch 732: loss=7.6848, RMSE_E_per_atom=13.2 meV, RMSE_F=276.7 meV / A, RMSE_Mu_per_atom=17.58 mDebye
2023-12-29 00:24:42.320 INFO: Epoch 734: loss=7.6596, RMSE_E_per_atom=13.2 meV, RMSE_F=276.2 meV / A, RMSE_Mu_per_atom=17.62 mDebye
2023-12-29 00:24:43.246 INFO: Epoch 736: loss=7.7220, RMSE_E_per_atom=13.2 meV, RMSE_F=277.3 meV / A, RMSE_Mu_per_atom=17.64 mDebye
2023-12-29 00:24:44.173 INFO: Epoch 738: loss=7.6933, RMSE_E_per_atom=13.1 meV, RMSE_F=276.8 meV / A, RMSE_Mu_per_atom=17.49 mDebye
2023-12-29 00:24:45.101 INFO: Epoch 740: loss=7.7318, RMSE_E_per_atom=13.2 meV, RMSE_F=277.5 meV / A, RMSE_Mu_per_atom=17.50 mDebye
2023-12-29 00:24:46.027 INFO: Epoch 742: loss=7.7359, RMSE_E_per_atom=13.2 meV, RMSE_F=277.6 meV / A, RMSE_Mu_per_atom=17.69 mDebye
2023-12-29 00:24:46.958 INFO: Epoch 744: loss=7.7206, RMSE_E_per_atom=13.2 meV, RMSE_F=277.3 meV / A, RMSE_Mu_per_atom=17.77 mDebye
2023-12-29 00:24:47.885 INFO: Epoch 746: loss=7.7396, RMSE_E_per_atom=13.1 meV, RMSE_F=277.7 meV / A, RMSE_Mu_per_atom=17.26 mDebye
2023-12-29 00:24:48.813 INFO: Epoch 748: loss=7.6759, RMSE_E_per_atom=13.2 meV, RMSE_F=276.5 meV / A, RMSE_Mu_per_atom=17.63 mDebye
2023-12-29 00:24:49.740 INFO: Epoch 750: loss=7.7204, RMSE_E_per_atom=13.2 meV, RMSE_F=277.3 meV / A, RMSE_Mu_per_atom=17.86 mDebye
2023-12-29 00:24:50.666 INFO: Epoch 752: loss=7.6849, RMSE_E_per_atom=13.2 meV, RMSE_F=276.6 meV / A, RMSE_Mu_per_atom=17.75 mDebye
2023-12-29 00:24:51.595 INFO: Epoch 754: loss=7.7350, RMSE_E_per_atom=13.1 meV, RMSE_F=277.6 meV / A, RMSE_Mu_per_atom=17.65 mDebye
2023-12-29 00:24:52.524 INFO: Epoch 756: loss=7.7034, RMSE_E_per_atom=13.1 meV, RMSE_F=277.0 meV / A, RMSE_Mu_per_atom=17.88 mDebye
2023-12-29 00:24:53.453 INFO: Epoch 758: loss=7.7013, RMSE_E_per_atom=13.1 meV, RMSE_F=277.0 meV / A, RMSE_Mu_per_atom=17.42 mDebye
2023-12-29 00:24:54.383 INFO: Epoch 760: loss=7.7454, RMSE_E_per_atom=13.2 meV, RMSE_F=277.7 meV / A, RMSE_Mu_per_atom=17.62 mDebye
2023-12-29 00:24:55.310 INFO: Epoch 762: loss=7.7311, RMSE_E_per_atom=13.2 meV, RMSE_F=277.5 meV / A, RMSE_Mu_per_atom=17.80 mDebye
2023-12-29 00:24:56.238 INFO: Epoch 764: loss=7.7302, RMSE_E_per_atom=13.2 meV, RMSE_F=277.5 meV / A, RMSE_Mu_per_atom=17.44 mDebye
2023-12-29 00:24:57.167 INFO: Epoch 766: loss=7.7187, RMSE_E_per_atom=13.2 meV, RMSE_F=277.3 meV / A, RMSE_Mu_per_atom=17.81 mDebye
2023-12-29 00:24:58.096 INFO: Epoch 768: loss=7.7224, RMSE_E_per_atom=13.2 meV, RMSE_F=277.3 meV / A, RMSE_Mu_per_atom=17.84 mDebye
2023-12-29 00:24:59.023 INFO: Epoch 770: loss=7.7072, RMSE_E_per_atom=13.1 meV, RMSE_F=277.1 meV / A, RMSE_Mu_per_atom=17.47 mDebye
2023-12-29 00:24:59.948 INFO: Epoch 772: loss=7.7374, RMSE_E_per_atom=13.2 meV, RMSE_F=277.6 meV / A, RMSE_Mu_per_atom=17.97 mDebye
2023-12-29 00:25:00.877 INFO: Epoch 774: loss=7.7224, RMSE_E_per_atom=13.2 meV, RMSE_F=277.3 meV / A, RMSE_Mu_per_atom=17.54 mDebye
2023-12-29 00:25:01.807 INFO: Epoch 776: loss=7.7326, RMSE_E_per_atom=13.2 meV, RMSE_F=277.5 meV / A, RMSE_Mu_per_atom=17.65 mDebye
2023-12-29 00:25:02.735 INFO: Epoch 778: loss=7.7213, RMSE_E_per_atom=13.2 meV, RMSE_F=277.3 meV / A, RMSE_Mu_per_atom=17.46 mDebye
2023-12-29 00:25:03.664 INFO: Epoch 780: loss=7.6965, RMSE_E_per_atom=13.3 meV, RMSE_F=276.9 meV / A, RMSE_Mu_per_atom=17.54 mDebye
2023-12-29 00:25:04.592 INFO: Epoch 782: loss=7.7102, RMSE_E_per_atom=13.2 meV, RMSE_F=277.1 meV / A, RMSE_Mu_per_atom=17.71 mDebye
2023-12-29 00:25:05.518 INFO: Epoch 784: loss=7.7204, RMSE_E_per_atom=13.2 meV, RMSE_F=277.3 meV / A, RMSE_Mu_per_atom=17.88 mDebye
2023-12-29 00:25:06.450 INFO: Epoch 786: loss=7.7212, RMSE_E_per_atom=13.3 meV, RMSE_F=277.3 meV / A, RMSE_Mu_per_atom=17.79 mDebye
2023-12-29 00:25:07.382 INFO: Epoch 788: loss=7.7414, RMSE_E_per_atom=13.2 meV, RMSE_F=277.7 meV / A, RMSE_Mu_per_atom=17.53 mDebye
2023-12-29 00:25:08.310 INFO: Epoch 790: loss=7.7344, RMSE_E_per_atom=13.2 meV, RMSE_F=277.6 meV / A, RMSE_Mu_per_atom=17.51 mDebye
2023-12-29 00:25:09.241 INFO: Epoch 792: loss=7.7101, RMSE_E_per_atom=13.2 meV, RMSE_F=277.1 meV / A, RMSE_Mu_per_atom=17.80 mDebye
2023-12-29 00:25:10.169 INFO: Epoch 794: loss=7.7145, RMSE_E_per_atom=13.2 meV, RMSE_F=277.2 meV / A, RMSE_Mu_per_atom=17.69 mDebye
2023-12-29 00:25:11.096 INFO: Epoch 796: loss=7.7218, RMSE_E_per_atom=13.2 meV, RMSE_F=277.3 meV / A, RMSE_Mu_per_atom=17.68 mDebye
2023-12-29 00:25:12.027 INFO: Epoch 798: loss=7.7271, RMSE_E_per_atom=13.2 meV, RMSE_F=277.4 meV / A, RMSE_Mu_per_atom=17.84 mDebye
2023-12-29 00:25:12.481 INFO: Changing loss based on SWA
2023-12-29 00:25:12.958 INFO: Epoch 800: loss=7.8748, RMSE_E_per_atom=12.7 meV, RMSE_F=277.2 meV / A, RMSE_Mu_per_atom=17.73 mDebye
2023-12-29 00:25:14.153 INFO: Epoch 802: loss=7.8075, RMSE_E_per_atom=12.6 meV, RMSE_F=276.0 meV / A, RMSE_Mu_per_atom=17.71 mDebye
2023-12-29 00:25:15.354 INFO: Epoch 804: loss=7.8327, RMSE_E_per_atom=12.5 meV, RMSE_F=276.5 meV / A, RMSE_Mu_per_atom=17.46 mDebye
2023-12-29 00:25:16.290 INFO: Epoch 806: loss=7.8782, RMSE_E_per_atom=13.8 meV, RMSE_F=276.7 meV / A, RMSE_Mu_per_atom=17.61 mDebye
2023-12-29 00:25:17.226 INFO: Epoch 808: loss=7.9550, RMSE_E_per_atom=14.6 meV, RMSE_F=277.7 meV / A, RMSE_Mu_per_atom=17.79 mDebye
2023-12-29 00:25:18.162 INFO: Epoch 810: loss=7.9179, RMSE_E_per_atom=15.9 meV, RMSE_F=276.3 meV / A, RMSE_Mu_per_atom=17.96 mDebye
2023-12-29 00:25:19.101 INFO: Epoch 812: loss=7.9587, RMSE_E_per_atom=13.7 meV, RMSE_F=278.2 meV / A, RMSE_Mu_per_atom=17.77 mDebye
2023-12-29 00:25:20.037 INFO: Epoch 814: loss=7.9995, RMSE_E_per_atom=13.0 meV, RMSE_F=279.2 meV / A, RMSE_Mu_per_atom=17.91 mDebye
2023-12-29 00:25:20.974 INFO: Epoch 816: loss=7.9751, RMSE_E_per_atom=16.7 meV, RMSE_F=276.8 meV / A, RMSE_Mu_per_atom=17.84 mDebye
2023-12-29 00:25:21.912 INFO: Epoch 818: loss=7.9012, RMSE_E_per_atom=12.8 meV, RMSE_F=277.6 meV / A, RMSE_Mu_per_atom=17.84 mDebye
2023-12-29 00:25:22.846 INFO: Epoch 820: loss=7.8989, RMSE_E_per_atom=13.1 meV, RMSE_F=277.4 meV / A, RMSE_Mu_per_atom=17.63 mDebye
2023-12-29 00:25:23.782 INFO: Epoch 822: loss=7.8551, RMSE_E_per_atom=12.8 meV, RMSE_F=276.8 meV / A, RMSE_Mu_per_atom=17.57 mDebye
2023-12-29 00:25:24.715 INFO: Epoch 824: loss=7.9178, RMSE_E_per_atom=12.4 meV, RMSE_F=278.1 meV / A, RMSE_Mu_per_atom=17.81 mDebye
2023-12-29 00:25:25.649 INFO: Epoch 826: loss=7.8902, RMSE_E_per_atom=12.3 meV, RMSE_F=277.6 meV / A, RMSE_Mu_per_atom=17.55 mDebye
2023-12-29 00:25:26.582 INFO: Epoch 828: loss=7.8760, RMSE_E_per_atom=13.7 meV, RMSE_F=276.7 meV / A, RMSE_Mu_per_atom=17.50 mDebye
2023-12-29 00:25:27.524 INFO: Epoch 830: loss=7.8609, RMSE_E_per_atom=13.6 meV, RMSE_F=276.5 meV / A, RMSE_Mu_per_atom=18.21 mDebye
2023-12-29 00:25:28.462 INFO: Epoch 832: loss=7.8624, RMSE_E_per_atom=12.4 meV, RMSE_F=277.1 meV / A, RMSE_Mu_per_atom=17.91 mDebye
2023-12-29 00:25:29.397 INFO: Epoch 834: loss=7.8731, RMSE_E_per_atom=12.7 meV, RMSE_F=277.1 meV / A, RMSE_Mu_per_atom=17.89 mDebye
2023-12-29 00:25:30.331 INFO: Epoch 836: loss=7.9633, RMSE_E_per_atom=13.7 meV, RMSE_F=278.3 meV / A, RMSE_Mu_per_atom=17.83 mDebye
2023-12-29 00:25:31.275 INFO: Epoch 838: loss=7.8490, RMSE_E_per_atom=14.7 meV, RMSE_F=275.7 meV / A, RMSE_Mu_per_atom=17.81 mDebye
2023-12-29 00:25:32.212 INFO: Epoch 840: loss=7.9081, RMSE_E_per_atom=12.4 meV, RMSE_F=277.9 meV / A, RMSE_Mu_per_atom=17.65 mDebye
2023-12-29 00:25:33.150 INFO: Epoch 842: loss=7.8706, RMSE_E_per_atom=12.7 meV, RMSE_F=277.1 meV / A, RMSE_Mu_per_atom=17.79 mDebye
2023-12-29 00:25:34.085 INFO: Epoch 844: loss=7.8907, RMSE_E_per_atom=12.6 meV, RMSE_F=277.5 meV / A, RMSE_Mu_per_atom=17.72 mDebye
2023-12-29 00:25:35.019 INFO: Epoch 846: loss=7.8714, RMSE_E_per_atom=13.2 meV, RMSE_F=276.9 meV / A, RMSE_Mu_per_atom=17.68 mDebye
2023-12-29 00:25:35.953 INFO: Epoch 848: loss=7.9289, RMSE_E_per_atom=12.3 meV, RMSE_F=278.3 meV / A, RMSE_Mu_per_atom=17.69 mDebye
2023-12-29 00:25:36.886 INFO: Epoch 850: loss=7.9190, RMSE_E_per_atom=12.4 meV, RMSE_F=278.1 meV / A, RMSE_Mu_per_atom=17.76 mDebye
2023-12-29 00:25:37.823 INFO: Epoch 852: loss=7.8611, RMSE_E_per_atom=12.7 meV, RMSE_F=276.9 meV / A, RMSE_Mu_per_atom=17.89 mDebye
2023-12-29 00:25:38.757 INFO: Epoch 854: loss=7.9407, RMSE_E_per_atom=15.1 meV, RMSE_F=277.1 meV / A, RMSE_Mu_per_atom=17.66 mDebye
2023-12-29 00:25:39.691 INFO: Epoch 856: loss=7.9686, RMSE_E_per_atom=12.9 meV, RMSE_F=278.8 meV / A, RMSE_Mu_per_atom=17.71 mDebye
2023-12-29 00:25:40.626 INFO: Epoch 858: loss=7.8864, RMSE_E_per_atom=12.4 meV, RMSE_F=277.5 meV / A, RMSE_Mu_per_atom=17.78 mDebye
2023-12-29 00:25:41.561 INFO: Epoch 860: loss=8.0545, RMSE_E_per_atom=16.8 meV, RMSE_F=278.2 meV / A, RMSE_Mu_per_atom=17.73 mDebye
2023-12-29 00:25:42.497 INFO: Epoch 862: loss=7.9090, RMSE_E_per_atom=13.7 meV, RMSE_F=277.3 meV / A, RMSE_Mu_per_atom=17.82 mDebye
2023-12-29 00:25:43.432 INFO: Epoch 864: loss=7.8449, RMSE_E_per_atom=12.6 meV, RMSE_F=276.6 meV / A, RMSE_Mu_per_atom=17.96 mDebye
2023-12-29 00:25:44.367 INFO: Epoch 866: loss=7.8995, RMSE_E_per_atom=12.9 meV, RMSE_F=277.5 meV / A, RMSE_Mu_per_atom=17.67 mDebye
2023-12-29 00:25:45.299 INFO: Epoch 868: loss=7.9744, RMSE_E_per_atom=14.3 meV, RMSE_F=278.2 meV / A, RMSE_Mu_per_atom=17.58 mDebye
2023-12-29 00:25:46.232 INFO: Epoch 870: loss=7.9642, RMSE_E_per_atom=13.9 meV, RMSE_F=278.2 meV / A, RMSE_Mu_per_atom=17.71 mDebye
2023-12-29 00:25:47.171 INFO: Epoch 872: loss=7.9000, RMSE_E_per_atom=12.8 meV, RMSE_F=277.6 meV / A, RMSE_Mu_per_atom=17.75 mDebye
2023-12-29 00:25:48.106 INFO: Epoch 874: loss=7.9774, RMSE_E_per_atom=12.7 meV, RMSE_F=279.0 meV / A, RMSE_Mu_per_atom=17.72 mDebye
2023-12-29 00:25:49.043 INFO: Epoch 876: loss=7.9236, RMSE_E_per_atom=12.3 meV, RMSE_F=278.2 meV / A, RMSE_Mu_per_atom=17.63 mDebye
2023-12-29 00:25:49.981 INFO: Epoch 878: loss=8.0215, RMSE_E_per_atom=12.3 meV, RMSE_F=280.0 meV / A, RMSE_Mu_per_atom=17.74 mDebye
2023-12-29 00:25:50.918 INFO: Epoch 880: loss=7.8838, RMSE_E_per_atom=12.2 meV, RMSE_F=277.5 meV / A, RMSE_Mu_per_atom=17.82 mDebye
2023-12-29 00:25:51.852 INFO: Epoch 882: loss=7.9333, RMSE_E_per_atom=12.2 meV, RMSE_F=278.4 meV / A, RMSE_Mu_per_atom=17.76 mDebye
2023-12-29 00:25:52.784 INFO: Epoch 884: loss=7.9292, RMSE_E_per_atom=12.7 meV, RMSE_F=278.1 meV / A, RMSE_Mu_per_atom=17.84 mDebye
2023-12-29 00:25:53.718 INFO: Epoch 886: loss=8.0166, RMSE_E_per_atom=13.5 meV, RMSE_F=279.3 meV / A, RMSE_Mu_per_atom=17.69 mDebye
2023-12-29 00:25:54.652 INFO: Epoch 888: loss=7.9510, RMSE_E_per_atom=13.4 meV, RMSE_F=278.2 meV / A, RMSE_Mu_per_atom=17.70 mDebye
2023-12-29 00:25:55.588 INFO: Epoch 890: loss=7.9668, RMSE_E_per_atom=12.3 meV, RMSE_F=279.0 meV / A, RMSE_Mu_per_atom=17.79 mDebye
2023-12-29 00:25:56.521 INFO: Epoch 892: loss=7.9623, RMSE_E_per_atom=13.2 meV, RMSE_F=278.5 meV / A, RMSE_Mu_per_atom=17.59 mDebye
2023-12-29 00:25:57.455 INFO: Epoch 894: loss=7.9318, RMSE_E_per_atom=13.9 meV, RMSE_F=277.6 meV / A, RMSE_Mu_per_atom=17.77 mDebye
2023-12-29 00:25:58.388 INFO: Epoch 896: loss=7.9974, RMSE_E_per_atom=14.6 meV, RMSE_F=278.4 meV / A, RMSE_Mu_per_atom=17.84 mDebye
2023-12-29 00:25:59.323 INFO: Epoch 898: loss=7.9743, RMSE_E_per_atom=13.0 meV, RMSE_F=278.8 meV / A, RMSE_Mu_per_atom=17.88 mDebye
2023-12-29 00:26:00.260 INFO: Epoch 900: loss=7.9304, RMSE_E_per_atom=13.4 meV, RMSE_F=277.9 meV / A, RMSE_Mu_per_atom=17.60 mDebye
2023-12-29 00:26:01.192 INFO: Epoch 902: loss=7.9739, RMSE_E_per_atom=12.3 meV, RMSE_F=279.1 meV / A, RMSE_Mu_per_atom=17.66 mDebye
2023-12-29 00:26:02.129 INFO: Epoch 904: loss=8.0576, RMSE_E_per_atom=12.4 meV, RMSE_F=280.6 meV / A, RMSE_Mu_per_atom=17.92 mDebye
2023-12-29 00:26:03.064 INFO: Epoch 906: loss=7.9676, RMSE_E_per_atom=13.4 meV, RMSE_F=278.5 meV / A, RMSE_Mu_per_atom=17.76 mDebye
2023-12-29 00:26:04.001 INFO: Epoch 908: loss=7.9681, RMSE_E_per_atom=12.7 meV, RMSE_F=278.8 meV / A, RMSE_Mu_per_atom=17.78 mDebye
2023-12-29 00:26:04.935 INFO: Epoch 910: loss=7.9918, RMSE_E_per_atom=12.7 meV, RMSE_F=279.3 meV / A, RMSE_Mu_per_atom=17.77 mDebye
2023-12-29 00:26:05.870 INFO: Epoch 912: loss=7.9464, RMSE_E_per_atom=13.7 meV, RMSE_F=278.0 meV / A, RMSE_Mu_per_atom=17.81 mDebye
2023-12-29 00:26:06.803 INFO: Epoch 914: loss=8.0598, RMSE_E_per_atom=13.9 meV, RMSE_F=279.9 meV / A, RMSE_Mu_per_atom=17.84 mDebye
2023-12-29 00:26:07.738 INFO: Epoch 916: loss=7.9651, RMSE_E_per_atom=12.3 meV, RMSE_F=279.0 meV / A, RMSE_Mu_per_atom=17.44 mDebye
2023-12-29 00:26:08.672 INFO: Epoch 918: loss=8.0338, RMSE_E_per_atom=16.0 meV, RMSE_F=278.3 meV / A, RMSE_Mu_per_atom=18.07 mDebye
2023-12-29 00:26:09.607 INFO: Epoch 920: loss=7.9788, RMSE_E_per_atom=12.6 meV, RMSE_F=279.0 meV / A, RMSE_Mu_per_atom=17.98 mDebye
2023-12-29 00:26:10.540 INFO: Epoch 922: loss=7.9705, RMSE_E_per_atom=12.7 meV, RMSE_F=278.9 meV / A, RMSE_Mu_per_atom=17.57 mDebye
2023-12-29 00:26:11.475 INFO: Epoch 924: loss=7.9299, RMSE_E_per_atom=13.3 meV, RMSE_F=277.9 meV / A, RMSE_Mu_per_atom=17.97 mDebye
2023-12-29 00:26:12.415 INFO: Epoch 926: loss=7.9779, RMSE_E_per_atom=12.3 meV, RMSE_F=279.2 meV / A, RMSE_Mu_per_atom=17.93 mDebye
2023-12-29 00:26:13.350 INFO: Epoch 928: loss=7.9621, RMSE_E_per_atom=13.2 meV, RMSE_F=278.5 meV / A, RMSE_Mu_per_atom=18.02 mDebye
2023-12-29 00:26:14.295 INFO: Epoch 930: loss=8.0104, RMSE_E_per_atom=13.4 meV, RMSE_F=279.3 meV / A, RMSE_Mu_per_atom=17.89 mDebye
2023-12-29 00:26:15.228 INFO: Epoch 932: loss=7.9479, RMSE_E_per_atom=12.9 meV, RMSE_F=278.4 meV / A, RMSE_Mu_per_atom=17.96 mDebye
2023-12-29 00:26:16.163 INFO: Epoch 934: loss=7.9210, RMSE_E_per_atom=12.9 meV, RMSE_F=277.9 meV / A, RMSE_Mu_per_atom=18.02 mDebye
2023-12-29 00:26:17.098 INFO: Epoch 936: loss=8.0014, RMSE_E_per_atom=12.6 meV, RMSE_F=279.5 meV / A, RMSE_Mu_per_atom=17.76 mDebye
2023-12-29 00:26:18.031 INFO: Epoch 938: loss=7.9867, RMSE_E_per_atom=12.3 meV, RMSE_F=279.3 meV / A, RMSE_Mu_per_atom=17.85 mDebye
2023-12-29 00:26:18.966 INFO: Epoch 940: loss=8.0714, RMSE_E_per_atom=15.9 meV, RMSE_F=279.0 meV / A, RMSE_Mu_per_atom=18.10 mDebye
2023-12-29 00:26:19.900 INFO: Epoch 942: loss=8.0231, RMSE_E_per_atom=13.3 meV, RMSE_F=279.6 meV / A, RMSE_Mu_per_atom=17.87 mDebye
2023-12-29 00:26:20.834 INFO: Epoch 944: loss=7.9543, RMSE_E_per_atom=12.6 meV, RMSE_F=278.6 meV / A, RMSE_Mu_per_atom=17.58 mDebye
2023-12-29 00:26:21.772 INFO: Epoch 946: loss=7.9889, RMSE_E_per_atom=12.3 meV, RMSE_F=279.4 meV / A, RMSE_Mu_per_atom=17.97 mDebye
2023-12-29 00:26:22.713 INFO: Epoch 948: loss=7.9893, RMSE_E_per_atom=13.6 meV, RMSE_F=278.8 meV / A, RMSE_Mu_per_atom=17.82 mDebye
2023-12-29 00:26:23.652 INFO: Epoch 950: loss=8.0186, RMSE_E_per_atom=14.1 meV, RMSE_F=279.1 meV / A, RMSE_Mu_per_atom=17.76 mDebye
2023-12-29 00:26:24.587 INFO: Epoch 952: loss=7.9368, RMSE_E_per_atom=12.3 meV, RMSE_F=278.5 meV / A, RMSE_Mu_per_atom=17.83 mDebye
2023-12-29 00:26:25.522 INFO: Epoch 954: loss=8.0229, RMSE_E_per_atom=12.8 meV, RMSE_F=279.8 meV / A, RMSE_Mu_per_atom=17.69 mDebye
2023-12-29 00:26:26.458 INFO: Epoch 956: loss=7.9645, RMSE_E_per_atom=13.6 meV, RMSE_F=278.3 meV / A, RMSE_Mu_per_atom=17.89 mDebye
2023-12-29 00:26:27.400 INFO: Epoch 958: loss=7.9862, RMSE_E_per_atom=12.6 meV, RMSE_F=279.2 meV / A, RMSE_Mu_per_atom=17.68 mDebye
2023-12-29 00:26:28.336 INFO: Epoch 960: loss=7.9181, RMSE_E_per_atom=12.4 meV, RMSE_F=278.1 meV / A, RMSE_Mu_per_atom=17.53 mDebye
2023-12-29 00:26:29.272 INFO: Epoch 962: loss=7.9479, RMSE_E_per_atom=13.3 meV, RMSE_F=278.2 meV / A, RMSE_Mu_per_atom=18.03 mDebye
2023-12-29 00:26:30.209 INFO: Epoch 964: loss=7.9829, RMSE_E_per_atom=12.2 meV, RMSE_F=279.3 meV / A, RMSE_Mu_per_atom=17.94 mDebye
2023-12-29 00:26:31.145 INFO: Epoch 966: loss=8.0373, RMSE_E_per_atom=12.5 meV, RMSE_F=280.1 meV / A, RMSE_Mu_per_atom=18.05 mDebye
2023-12-29 00:26:32.080 INFO: Epoch 968: loss=7.9750, RMSE_E_per_atom=12.9 meV, RMSE_F=278.8 meV / A, RMSE_Mu_per_atom=17.87 mDebye
2023-12-29 00:26:33.016 INFO: Epoch 970: loss=7.9999, RMSE_E_per_atom=12.3 meV, RMSE_F=279.6 meV / A, RMSE_Mu_per_atom=18.00 mDebye
2023-12-29 00:26:33.953 INFO: Epoch 972: loss=8.0425, RMSE_E_per_atom=15.5 meV, RMSE_F=278.7 meV / A, RMSE_Mu_per_atom=17.87 mDebye
2023-12-29 00:26:34.891 INFO: Epoch 974: loss=7.9791, RMSE_E_per_atom=12.3 meV, RMSE_F=279.2 meV / A, RMSE_Mu_per_atom=17.76 mDebye
2023-12-29 00:26:35.827 INFO: Epoch 976: loss=7.9545, RMSE_E_per_atom=13.2 meV, RMSE_F=278.4 meV / A, RMSE_Mu_per_atom=17.75 mDebye
2023-12-29 00:26:36.765 INFO: Epoch 978: loss=8.0195, RMSE_E_per_atom=12.3 meV, RMSE_F=279.9 meV / A, RMSE_Mu_per_atom=18.01 mDebye
2023-12-29 00:26:37.701 INFO: Epoch 980: loss=8.0938, RMSE_E_per_atom=14.8 meV, RMSE_F=280.1 meV / A, RMSE_Mu_per_atom=17.72 mDebye
2023-12-29 00:26:38.637 INFO: Epoch 982: loss=8.0109, RMSE_E_per_atom=13.1 meV, RMSE_F=279.4 meV / A, RMSE_Mu_per_atom=17.78 mDebye
2023-12-29 00:26:39.573 INFO: Epoch 984: loss=7.9190, RMSE_E_per_atom=13.1 meV, RMSE_F=277.8 meV / A, RMSE_Mu_per_atom=18.00 mDebye
2023-12-29 00:26:40.508 INFO: Epoch 986: loss=7.9694, RMSE_E_per_atom=12.5 meV, RMSE_F=279.0 meV / A, RMSE_Mu_per_atom=17.60 mDebye
2023-12-29 00:26:41.440 INFO: Epoch 988: loss=7.9965, RMSE_E_per_atom=13.1 meV, RMSE_F=279.2 meV / A, RMSE_Mu_per_atom=17.95 mDebye
2023-12-29 00:26:42.374 INFO: Epoch 990: loss=7.9917, RMSE_E_per_atom=13.6 meV, RMSE_F=278.8 meV / A, RMSE_Mu_per_atom=17.99 mDebye
2023-12-29 00:26:43.309 INFO: Epoch 992: loss=8.0117, RMSE_E_per_atom=13.4 meV, RMSE_F=279.3 meV / A, RMSE_Mu_per_atom=17.92 mDebye
2023-12-29 00:26:44.245 INFO: Epoch 994: loss=7.9862, RMSE_E_per_atom=12.3 meV, RMSE_F=279.3 meV / A, RMSE_Mu_per_atom=17.84 mDebye
2023-12-29 00:26:45.180 INFO: Epoch 996: loss=8.0351, RMSE_E_per_atom=13.3 meV, RMSE_F=279.7 meV / A, RMSE_Mu_per_atom=17.67 mDebye
2023-12-29 00:26:46.111 INFO: Epoch 998: loss=7.9791, RMSE_E_per_atom=12.3 meV, RMSE_F=279.2 meV / A, RMSE_Mu_per_atom=17.74 mDebye
2023-12-29 00:26:46.568 INFO: Training complete
2023-12-29 00:26:46.568 INFO: Computing metrics for training, validation, and test sets
2023-12-29 00:26:46.570 INFO: Loading checkpoint: checkpoints/ox_es1_rattled_50x5b_run-2345_epoch-378.pt
2023-12-29 00:26:46.600 INFO: Loaded model from epoch 378
2023-12-29 00:26:46.650 INFO: Evaluating train ...
2023-12-29 00:26:46.836 INFO: Evaluating valid ...
2023-12-29 00:26:46.908 INFO: Evaluating Default ...
2023-12-29 00:26:47.094 INFO: 
+-------------+---------------------+------------------+--------------+-------------------------+---------------+
| config_type | RMSE E / meV / atom | RMSE F / meV / A | rel F RMSE % | RMSE MU / mDebye / atom | rel MU RMSE % |
+-------------+---------------------+------------------+--------------+-------------------------+---------------+
|    train    |         96.7        |      117.4       |     4.6      |           15.8          |      46.7     |
|    valid    |         93.5        |      218.2       |     8.1      |           16.7          |      42.6     |
|   Default   |         96.5        |      123.6       |     4.8      |           15.8          |      46.4     |
+-------------+---------------------+------------------+--------------+-------------------------+---------------+
2023-12-29 00:26:47.095 INFO: Saving model to checkpoints/ox_es1_rattled_50x5b_run-2345.model
2023-12-29 00:26:47.595 INFO: Loading checkpoint: checkpoints/ox_es1_rattled_50x5b_run-2345_epoch-802_swa.pt
2023-12-29 00:26:47.623 INFO: Loaded model from epoch 802
2023-12-29 00:26:47.674 INFO: Evaluating train ...
2023-12-29 00:26:47.857 INFO: Evaluating valid ...
2023-12-29 00:26:47.930 INFO: Evaluating Default ...
2023-12-29 00:26:48.115 INFO: 
+-------------+---------------------+------------------+--------------+-------------------------+---------------+
| config_type | RMSE E / meV / atom | RMSE F / meV / A | rel F RMSE % | RMSE MU / mDebye / atom | rel MU RMSE % |
+-------------+---------------------+------------------+--------------+-------------------------+---------------+
|    train    |         9.8         |       24.2       |     0.9      |           14.0          |      41.5     |
|    valid    |         12.6        |      276.0       |     10.3     |           17.7          |      45.3     |
|   Default   |         9.9         |       62.8       |     2.4      |           14.2          |      41.7     |
+-------------+---------------------+------------------+--------------+-------------------------+---------------+
2023-12-29 00:26:48.115 INFO: Saving model to checkpoints/ox_es1_rattled_50x5b_run-2345_swa.model
2023-12-29 00:26:48.615 INFO: Done
